      0: global: Decode: Decoded or instruction: 0x7c290b78
      0: system.cpu: A0 T0 : 0x100006e8 @_start    : mr         r9, r1          : IntAlu :  D=0x00007fffffffee30  flags=(IsInteger)
    250: global: Decode: Decoded rldicr instruction: 0x782106e4
    250: system.cpu: A0 T0 : 0x100006ec @_start+4    : rldicr     r1, r1, 0, 59   : IntAlu :  D=0x00007fffffffee30  flags=(IsInteger)
    500: global: Decode: Decoded addi instruction: 0x38000000
    500: system.cpu: A0 T0 : 0x100006f0 @_start+8    : li         r0, 0           : IntAlu :  D=0x0000000000000000  flags=(IsInteger)
    750: global: Decode: Decoded stdu instruction: 0xf821ff81
    750: system.cpu: A0 T0 : 0x100006f4 @_start+12    : stdu       r1, -128(r1)    : MemWrite :  D=0x00007fffffffedb0 A=0x7fffffffedb0  flags=(IsInteger|IsStore)
   1000: global: Decode: Decoded mtlr instruction: 0x7c0803a6
   1000: system.cpu: A0 T0 : 0x100006f8 @_start+16    : mtlr       r0              : IntAlu :  D=0x0000000000000000  flags=(IsInteger)
   1250: global: Decode: Decoded std instruction: 0xf8010000
   1250: system.cpu: A0 T0 : 0x100006fc @_start+20    : std        r0, 0(r1)       : MemWrite :  D=0x0000000000000000 A=0x7fffffffedb0  flags=(IsInteger|IsStore)
   1500: global: Decode: Decoded ld instruction: 0xe9028020
   1500: system.cpu: A0 T0 : 0x10000700 @_start+24    : ld         r8, -32736(r2)  : MemRead :  D=0x000000001006da80 A=0x100afd20  flags=(IsInteger|IsLoad)
   1750: global: Decode: Decoded b instruction: 0x480006ec
   1750: system.cpu: A0 T0 : 0x10000704 @_start+28    : b          __libc_start_main : IntAlu :   flags=(IsControl|IsDirectControl|IsUncondControl)
   2000: global: Decode: Decoded mflr instruction: 0x7c0802a6
   2000: system.cpu: A0 T0 : 0x10000df0 @__libc_start_main    : mflr       r0              : IntAlu :  D=0x0000000000000000  flags=(IsInteger)
   2250: global: Decode: Decoded std instruction: 0xfba1ffe8
   2250: system.cpu: A0 T0 : 0x10000df4 @__libc_start_main+4    : std        r29, -24(r1)    : MemWrite :  D=0x0000000000000000 A=0x7fffffffed98  flags=(IsInteger|IsStore)
   2500: global: Decode: Decoded or instruction: 0x7d3d4b78
   2500: system.cpu: A0 T0 : 0x10000df8 @__libc_start_main+8    : mr         r29, r9         : IntAlu :  D=0x00007fffffffee30  flags=(IsInteger)
   2750: global: Decode: Decoded std instruction: 0xfbc1fff0
   2750: system.cpu: A0 T0 : 0x10000dfc @__libc_start_main+12    : std        r30, -16(r1)    : MemWrite :  D=0x0000000000000000 A=0x7fffffffeda0  flags=(IsInteger|IsStore)
   3000: global: Decode: Decoded std instruction: 0xfae1ffb8
   3000: system.cpu: A0 T0 : 0x10000e00 @__libc_start_main+16    : std        r23, -72(r1)    : MemWrite :  D=0x0000000000000000 A=0x7fffffffed68  flags=(IsInteger|IsStore)
   3250: global: Decode: Decoded std instruction: 0xfb01ffc0
   3250: system.cpu: A0 T0 : 0x10000e04 @__libc_start_main+20    : std        r24, -64(r1)    : MemWrite :  D=0x0000000000000000 A=0x7fffffffed70  flags=(IsInteger|IsStore)
   3500: global: Decode: Decoded or instruction: 0x7d1e4378
   3500: system.cpu: A0 T0 : 0x10000e08 @__libc_start_main+24    : mr         r30, r8         : IntAlu :  D=0x000000001006da80  flags=(IsInteger)
   3750: global: Decode: Decoded std instruction: 0xfb21ffc8
   3750: system.cpu: A0 T0 : 0x10000e0c @__libc_start_main+28    : std        r25, -56(r1)    : MemWrite :  D=0x0000000000000000 A=0x7fffffffed78  flags=(IsInteger|IsStore)
   4000: global: Decode: Decoded std instruction: 0xfb41ffd0
   4000: system.cpu: A0 T0 : 0x10000e10 @__libc_start_main+32    : std        r26, -48(r1)    : MemWrite :  D=0x0000000000000000 A=0x7fffffffed80  flags=(IsInteger|IsStore)
   4250: global: Decode: Decoded std instruction: 0xfb61ffd8
   4250: system.cpu: A0 T0 : 0x10000e14 @__libc_start_main+36    : std        r27, -40(r1)    : MemWrite :  D=0x0000000000000000 A=0x7fffffffed88  flags=(IsInteger|IsStore)
   4500: global: Decode: Decoded std instruction: 0xfb81ffe0
   4500: system.cpu: A0 T0 : 0x10000e18 @__libc_start_main+40    : std        r28, -32(r1)    : MemWrite :  D=0x0000000000000000 A=0x7fffffffed90  flags=(IsInteger|IsStore)
   4750: global: Decode: Decoded std instruction: 0xfbe1fff8
   4750: system.cpu: A0 T0 : 0x10000e1c @__libc_start_main+44    : std        r31, -8(r1)     : MemWrite :  D=0x0000000000000000 A=0x7fffffffeda8  flags=(IsInteger|IsStore)
   5000: global: Decode: Decoded std instruction: 0xf8010010
   5000: system.cpu: A0 T0 : 0x10000e20 @__libc_start_main+48    : std        r0, 16(r1)      : MemWrite :  D=0x0000000000000000 A=0x7fffffffedc0  flags=(IsInteger|IsStore)
   5250: global: Decode: Decoded stdu instruction: 0xf821ff41
   5250: system.cpu: A0 T0 : 0x10000e24 @__libc_start_main+52    : stdu       r1, -192(r1)    : MemWrite :  D=0x00007fffffffecf0 A=0x7fffffffecf0  flags=(IsInteger|IsStore)
   5500: global: Decode: Decoded ld instruction: 0xe9290000
   5500: system.cpu: A0 T0 : 0x10000e28 @__libc_start_main+56    : ld         r9, 0(r9)       : MemRead :  D=0x0000000000000001 A=0x7fffffffee30  flags=(IsInteger|IsLoad)
   5750: global: Decode: Decoded cmpi instruction: 0x2fa90000
   5750: system.cpu: A0 T0 : 0x10000e2c @__libc_start_main+60    : cmpdi      cr7, r9, 0      : IntAlu :  D=0x0000000000000004  flags=(IsInteger)
   6000: global: Decode: Decoded bc instruction: 0x419e017c
   6000: system.cpu: A0 T0 : 0x10000e30 @__libc_start_main+64    : bc         30, 12, 0x10000fac : IntAlu :  D=0x0000000000000000  flags=(IsInteger|IsControl|IsDirectControl|IsCondControl)
   6250: global: Decode: Decoded extsw instruction: 0x7d3c07b4
   6250: system.cpu: A0 T0 : 0x10000e34 @__libc_start_main+68    : extsw      r28, r9         : IntAlu :  D=0x0000000000000001  flags=(IsInteger)
   6500: global: Decode: Decoded addi instruction: 0x3bfd0008
   6500: system.cpu: A0 T0 : 0x10000e38 @__libc_start_main+72    : addi       r31, r29, 8     : IntAlu :  D=0x00007fffffffee38  flags=(IsInteger)
   6750: global: Decode: Decoded addi instruction: 0x393c0001
   6750: system.cpu: A0 T0 : 0x10000e3c @__libc_start_main+76    : addi       r9, r28, 1      : IntAlu :  D=0x0000000000000002  flags=(IsInteger)
   7000: global: Decode: Decoded rldicr instruction: 0x79291f24
   7000: system.cpu: A0 T0 : 0x10000e40 @__libc_start_main+80    : rldicr     r9, r9, 3, 60   : IntAlu :  D=0x0000000000000010  flags=(IsInteger)
   7250: global: Decode: Decoded add instruction: 0x7cdf4a14
   7250: system.cpu: A0 T0 : 0x10000e44 @__libc_start_main+84    : add        r6, r31, r9     : IntAlu :  D=0x00007fffffffee48  flags=(IsInteger)
   7500: global: Decode: Decoded ldx instruction: 0x7d3f482a
   7500: system.cpu: A0 T0 : 0x10000e48 @__libc_start_main+88    : ldx        r9, r31, r9     : MemRead :  D=0x0000000000000000 A=0x7fffffffee48  flags=(IsInteger|IsLoad)
   7750: global: Decode: Decoded cmpi instruction: 0x2fa90000
   7750: system.cpu: A0 T0 : 0x10000e4c @__libc_start_main+92    : cmpdi      cr7, r9, 0      : IntAlu :  D=0x0000000000000002  flags=(IsInteger)
   8000: global: Decode: Decoded bc instruction: 0x419e001c
   8000: system.cpu: A0 T0 : 0x10000e50 @__libc_start_main+96    : bc         30, 12, 0x10000e6c : IntAlu :  D=0x0000000000000000  flags=(IsInteger|IsControl|IsDirectControl|IsCondControl)
   8250: global: Decode: Decoded addi instruction: 0x38c60008
   8250: system.cpu: A0 T0 : 0x10000e6c @__libc_start_main+124    : addi       r6, r6, 8       : IntAlu :  D=0x00007fffffffee50  flags=(IsInteger)
   8500: global: Decode: Decoded addi instruction: 0x3b400000
   8500: system.cpu: A0 T0 : 0x10000e70 @__libc_start_main+128    : li         r26, 0          : IntAlu :  D=0x0000000000000000  flags=(IsInteger)
   8750: global: Decode: Decoded ld instruction: 0xe9060000
   8750: system.cpu: A0 T0 : 0x10000e74 @__libc_start_main+132    : ld         r8, 0(r6)       : MemRead :  D=0x0000000000000010 A=0x7fffffffee50  flags=(IsInteger|IsLoad)
   9000: global: Decode: Decoded cmpi instruction: 0x2fa80000
   9000: system.cpu: A0 T0 : 0x10000e78 @__libc_start_main+136    : cmpdi      cr7, r8, 0      : IntAlu :  D=0x0000000000000004  flags=(IsInteger)
   9250: global: Decode: Decoded bc instruction: 0x419e00d0
   9250: system.cpu: A0 T0 : 0x10000e7c @__libc_start_main+140    : bc         30, 12, 0x10000f4c : IntAlu :  D=0x0000000000000000  flags=(IsInteger|IsControl|IsDirectControl|IsCondControl)
   9500: global: Decode: Decoded ori instruction: 0x60000000
   9500: system.cpu: A0 T0 : 0x10000e80 @__libc_start_main+144    : nop                        : IntAlu :  D=0x0000000000000000  flags=(IsInteger)
   9750: global: Decode: Decoded addi instruction: 0x3b02ae60
   9750: system.cpu: A0 T0 : 0x10000e84 @__libc_start_main+148    : subi       r24, r2, 20896  : IntAlu :  D=0x00000000100b2b60  flags=(IsInteger)
  10000: global: Decode: Decoded ori instruction: 0x60000000
  10000: system.cpu: A0 T0 : 0x10000e88 @__libc_start_main+152    : nop                        : IntAlu :  D=0x0000000000000000  flags=(IsInteger)
  10250: global: Decode: Decoded addi instruction: 0x38e2b3b8
  10250: system.cpu: A0 T0 : 0x10000e8c @__libc_start_main+156    : subi       r7, r2, 19528   : IntAlu :  D=0x00000000100b30b8  flags=(IsInteger)
  10500: global: Decode: Decoded ori instruction: 0x60000000
  10500: system.cpu: A0 T0 : 0x10000e90 @__libc_start_main+160    : nop                        : IntAlu :  D=0x0000000000000000  flags=(IsInteger)
  10750: global: Decode: Decoded addi instruction: 0x3b22ae70
  10750: system.cpu: A0 T0 : 0x10000e94 @__libc_start_main+164    : subi       r25, r2, 20880  : IntAlu :  D=0x00000000100b2b70  flags=(IsInteger)
  11000: global: Decode: Decoded ori instruction: 0x60000000
  11000: system.cpu: A0 T0 : 0x10000e98 @__libc_start_main+168    : nop                        : IntAlu :  D=0x0000000000000000  flags=(IsInteger)
  11250: global: Decode: Decoded addi instruction: 0x3ae2b890
  11250: system.cpu: A0 T0 : 0x10000e9c @__libc_start_main+172    : subi       r23, r2, 18288  : IntAlu :  D=0x00000000100b3590  flags=(IsInteger)
  11500: global: Decode: Decoded or instruction: 0x7cc33378
  11500: system.cpu: A0 T0 : 0x10000ea0 @__libc_start_main+176    : mr         r3, r6          : IntAlu :  D=0x00007fffffffee50  flags=(IsInteger)
  11750: global: Decode: Decoded addi instruction: 0x38a00000
  11750: system.cpu: A0 T0 : 0x10000ea4 @__libc_start_main+180    : li         r5, 0           : IntAlu :  D=0x0000000000000000  flags=(IsInteger)
  12000: global: Decode: Decoded addi instruction: 0x39400000
  12000: system.cpu: A0 T0 : 0x10000ea8 @__libc_start_main+184    : li         r10, 0          : IntAlu :  D=0x0000000000000000  flags=(IsInteger)
  12250: global: Decode: Decoded addi instruction: 0x38000000
  12250: system.cpu: A0 T0 : 0x10000eac @__libc_start_main+188    : li         r0, 0           : IntAlu :  D=0x0000000000000000  flags=(IsInteger)
  12500: global: Decode: Decoded addi instruction: 0x39600000
  12500: system.cpu: A0 T0 : 0x10000eb0 @__libc_start_main+192    : li         r11, 0          : IntAlu :  D=0x0000000000000000  flags=(IsInteger)
  12750: global: Decode: Decoded lwa instruction: 0xe8870002
  12750: system.cpu: A0 T0 : 0x10000eb4 @__libc_start_main+196    : lwa        r4, 0(r7)       : MemRead :  D=0x0000000000000000 A=0x100b30b8  flags=(IsInteger|IsLoad)
  13000: global: Decode: Decoded ld instruction: 0xeb780000
  13000: system.cpu: A0 T0 : 0x10000eb8 @__libc_start_main+200    : ld         r27, 0(r24)     : MemRead :  D=0x0000000000000000 A=0x100b2b60  flags=(IsInteger|IsLoad)
  13250: global: Decode: Decoded ld instruction: 0xe9990000
  13250: system.cpu: A0 T0 : 0x10000ebc @__libc_start_main+204    : ld         r12, 0(r25)     : MemRead :  D=0x0000000000000000 A=0x100b2b70  flags=(IsInteger|IsLoad)
  13500: global: Decode: Decoded ld instruction: 0xe9370000
  13500: system.cpu: A0 T0 : 0x10000ec0 @__libc_start_main+208    : ld         r9, 0(r23)      : MemRead :  D=0x0000000000000000 A=0x100b3590  flags=(IsInteger|IsLoad)
  13750: global: Decode: Decoded b instruction: 0x4800002c
  13750: system.cpu: A0 T0 : 0x10000ec4 @__libc_start_main+212    : b          0x10000ef0      : IntAlu :   flags=(IsControl|IsDirectControl|IsUncondControl)
  14000: global: Decode: Decoded cmpli instruction: 0x2ba80010
  14000: system.cpu: A0 T0 : 0x10000ef0 @__libc_start_main+256    : cmpldi     cr7, r8, 16     : IntAlu :  D=0x0000000000000002  flags=(IsInteger)
  14250: global: Decode: Decoded bc instruction: 0x419e00ac
  14250: system.cpu: A0 T0 : 0x10000ef4 @__libc_start_main+260    : bc         30, 12, 0x10000fa0 : IntAlu :  D=0x0000000000000000  flags=(IsInteger|IsControl|IsDirectControl|IsCondControl)
  14500: global: Decode: Decoded ld instruction: 0xe9830008
  14500: system.cpu: A0 T0 : 0x10000fa0 @__libc_start_main+432    : ld         r12, 8(r3)      : MemRead :  D=0x00000000c0000000 A=0x7fffffffee58  flags=(IsInteger|IsLoad)
  14750: global: Decode: Decoded addi instruction: 0x38000001
  14750: system.cpu: A0 T0 : 0x10000fa4 @__libc_start_main+436    : li         r0, 1           : IntAlu :  D=0x0000000000000001  flags=(IsInteger)
  15000: global: Decode: Decoded b instruction: 0x4bffff38
  15000: system.cpu: A0 T0 : 0x10000fa8 @__libc_start_main+440    : b          0x10000ee0      : IntAlu :   flags=(IsControl|IsDirectControl|IsUncondControl)
  15250: global: Decode: Decoded addi instruction: 0x38630010
  15250: system.cpu: A0 T0 : 0x10000ee0 @__libc_start_main+240    : addi       r3, r3, 16      : IntAlu :  D=0x00007fffffffee60  flags=(IsInteger)
  15500: global: Decode: Decoded ld instruction: 0xe9030000
  15500: system.cpu: A0 T0 : 0x10000ee4 @__libc_start_main+244    : ld         r8, 0(r3)       : MemRead :  D=0x0000000000000006 A=0x7fffffffee60  flags=(IsInteger|IsLoad)
  15750: global: Decode: Decoded cmpi instruction: 0x2fa80000
  15750: system.cpu: A0 T0 : 0x10000ee8 @__libc_start_main+248    : cmpdi      cr7, r8, 0      : IntAlu :  D=0x0000000000000004  flags=(IsInteger)
  16000: global: Decode: Decoded bc instruction: 0x419e0030
  16000: system.cpu: A0 T0 : 0x10000eec @__libc_start_main+252    : bc         30, 12, 0x10000f1c : IntAlu :  D=0x0000000000000000  flags=(IsInteger|IsControl|IsDirectControl|IsCondControl)
  16250: global: Decode: Decoded cmpli instruction: 0x2ba80010
  16250: system.cpu: A0 T0 : 0x10000ef0 @__libc_start_main+256    : cmpldi     cr7, r8, 16     : IntAlu :  D=0x0000000000000008  flags=(IsInteger)
  16500: global: Decode: Decoded bc instruction: 0x419e00ac
  16500: system.cpu: A0 T0 : 0x10000ef4 @__libc_start_main+260    : bc         30, 12, 0x10000fa0 : IntAlu :  D=0x0000000000000000  flags=(IsInteger|IsControl|IsDirectControl|IsCondControl)
  16750: global: Decode: Decoded bc instruction: 0x409d0088
  16750: system.cpu: A0 T0 : 0x10000ef8 @__libc_start_main+264    : bc         29, 4, 0x10000f80 : IntAlu :  D=0x0000000000000000  flags=(IsInteger|IsControl|IsDirectControl|IsCondControl)
  17000: global: Decode: Decoded cmpli instruction: 0x2ba8000f
  17000: system.cpu: A0 T0 : 0x10000f80 @__libc_start_main+400    : cmpldi     cr7, r8, 15     : IntAlu :  D=0x0000000000000008  flags=(IsInteger)
  17250: global: Decode: Decoded bc instruction: 0x409eff5c
  17250: system.cpu: A0 T0 : 0x10000f84 @__libc_start_main+404    : bc         30, 4, 0x10000ee0 : IntAlu :  D=0x0000000000000000  flags=(IsInteger|IsControl|IsDirectControl|IsCondControl)
  17500: global: Decode: Decoded addi instruction: 0x38630010
  17500: system.cpu: A0 T0 : 0x10000ee0 @__libc_start_main+240    : addi       r3, r3, 16      : IntAlu :  D=0x00007fffffffee70  flags=(IsInteger)
  17750: global: Decode: Decoded ld instruction: 0xe9030000
  17750: system.cpu: A0 T0 : 0x10000ee4 @__libc_start_main+244    : ld         r8, 0(r3)       : MemRead :  D=0x0000000000000011 A=0x7fffffffee70  flags=(IsInteger|IsLoad)
  18000: global: Decode: Decoded cmpi instruction: 0x2fa80000
  18000: system.cpu: A0 T0 : 0x10000ee8 @__libc_start_main+248    : cmpdi      cr7, r8, 0      : IntAlu :  D=0x0000000000000004  flags=(IsInteger)
  18250: global: Decode: Decoded bc instruction: 0x419e0030
  18250: system.cpu: A0 T0 : 0x10000eec @__libc_start_main+252    : bc         30, 12, 0x10000f1c : IntAlu :  D=0x0000000000000000  flags=(IsInteger|IsControl|IsDirectControl|IsCondControl)
  18500: global: Decode: Decoded cmpli instruction: 0x2ba80010
  18500: system.cpu: A0 T0 : 0x10000ef0 @__libc_start_main+256    : cmpldi     cr7, r8, 16     : IntAlu :  D=0x0000000000000004  flags=(IsInteger)
  18750: global: Decode: Decoded bc instruction: 0x419e00ac
  18750: system.cpu: A0 T0 : 0x10000ef4 @__libc_start_main+260    : bc         30, 12, 0x10000fa0 : IntAlu :  D=0x0000000000000000  flags=(IsInteger|IsControl|IsDirectControl|IsCondControl)
  19000: global: Decode: Decoded bc instruction: 0x409d0088
  19000: system.cpu: A0 T0 : 0x10000ef8 @__libc_start_main+264    : bc         29, 4, 0x10000f80 : IntAlu :  D=0x0000000000000000  flags=(IsInteger|IsControl|IsDirectControl|IsCondControl)
  19250: global: Decode: Decoded cmpli instruction: 0x2ba80013
  19250: system.cpu: A0 T0 : 0x10000efc @__libc_start_main+268    : cmpldi     cr7, r8, 19     : IntAlu :  D=0x0000000000000008  flags=(IsInteger)
  19500: global: Decode: Decoded bc instruction: 0x409effd0
  19500: system.cpu: A0 T0 : 0x10000f00 @__libc_start_main+272    : bc         30, 4, 0x10000ed0 : IntAlu :  D=0x0000000000000000  flags=(IsInteger|IsControl|IsDirectControl|IsCondControl)
  19750: global: Decode: Decoded cmpli instruction: 0x2ba8001a
  19750: system.cpu: A0 T0 : 0x10000ed0 @__libc_start_main+224    : cmpldi     cr7, r8, 26     : IntAlu :  D=0x0000000000000008  flags=(IsInteger)
  20000: global: Decode: Decoded bc instruction: 0x409e000c
  20000: system.cpu: A0 T0 : 0x10000ed4 @__libc_start_main+228    : bc         30, 4, 0x10000ee0 : IntAlu :  D=0x0000000000000000  flags=(IsInteger|IsControl|IsDirectControl|IsCondControl)
  20250: global: Decode: Decoded addi instruction: 0x38630010
  20250: system.cpu: A0 T0 : 0x10000ee0 @__libc_start_main+240    : addi       r3, r3, 16      : IntAlu :  D=0x00007fffffffee80  flags=(IsInteger)
  20500: global: Decode: Decoded ld instruction: 0xe9030000
  20500: system.cpu: A0 T0 : 0x10000ee4 @__libc_start_main+244    : ld         r8, 0(r3)       : MemRead :  D=0x0000000000000003 A=0x7fffffffee80  flags=(IsInteger|IsLoad)
  20750: global: Decode: Decoded cmpi instruction: 0x2fa80000
  20750: system.cpu: A0 T0 : 0x10000ee8 @__libc_start_main+248    : cmpdi      cr7, r8, 0      : IntAlu :  D=0x0000000000000004  flags=(IsInteger)
  21000: global: Decode: Decoded bc instruction: 0x419e0030
  21000: system.cpu: A0 T0 : 0x10000eec @__libc_start_main+252    : bc         30, 12, 0x10000f1c : IntAlu :  D=0x0000000000000000  flags=(IsInteger|IsControl|IsDirectControl|IsCondControl)
  21250: global: Decode: Decoded cmpli instruction: 0x2ba80010
  21250: system.cpu: A0 T0 : 0x10000ef0 @__libc_start_main+256    : cmpldi     cr7, r8, 16     : IntAlu :  D=0x0000000000000008  flags=(IsInteger)
  21500: global: Decode: Decoded bc instruction: 0x419e00ac
  21500: system.cpu: A0 T0 : 0x10000ef4 @__libc_start_main+260    : bc         30, 12, 0x10000fa0 : IntAlu :  D=0x0000000000000000  flags=(IsInteger|IsControl|IsDirectControl|IsCondControl)
  21750: global: Decode: Decoded bc instruction: 0x409d0088
  21750: system.cpu: A0 T0 : 0x10000ef8 @__libc_start_main+264    : bc         29, 4, 0x10000f80 : IntAlu :  D=0x0000000000000000  flags=(IsInteger|IsControl|IsDirectControl|IsCondControl)
  22000: global: Decode: Decoded cmpli instruction: 0x2ba8000f
  22000: system.cpu: A0 T0 : 0x10000f80 @__libc_start_main+400    : cmpldi     cr7, r8, 15     : IntAlu :  D=0x0000000000000008  flags=(IsInteger)
  22250: global: Decode: Decoded bc instruction: 0x409eff5c
  22250: system.cpu: A0 T0 : 0x10000f84 @__libc_start_main+404    : bc         30, 4, 0x10000ee0 : IntAlu :  D=0x0000000000000000  flags=(IsInteger|IsControl|IsDirectControl|IsCondControl)
  22500: global: Decode: Decoded addi instruction: 0x38630010
  22500: system.cpu: A0 T0 : 0x10000ee0 @__libc_start_main+240    : addi       r3, r3, 16      : IntAlu :  D=0x00007fffffffee90  flags=(IsInteger)
  22750: global: Decode: Decoded ld instruction: 0xe9030000
  22750: system.cpu: A0 T0 : 0x10000ee4 @__libc_start_main+244    : ld         r8, 0(r3)       : MemRead :  D=0x0000000000000004 A=0x7fffffffee90  flags=(IsInteger|IsLoad)
  23000: global: Decode: Decoded cmpi instruction: 0x2fa80000
  23000: system.cpu: A0 T0 : 0x10000ee8 @__libc_start_main+248    : cmpdi      cr7, r8, 0      : IntAlu :  D=0x0000000000000004  flags=(IsInteger)
  23250: global: Decode: Decoded bc instruction: 0x419e0030
  23250: system.cpu: A0 T0 : 0x10000eec @__libc_start_main+252    : bc         30, 12, 0x10000f1c : IntAlu :  D=0x0000000000000000  flags=(IsInteger|IsControl|IsDirectControl|IsCondControl)
  23500: global: Decode: Decoded cmpli instruction: 0x2ba80010
  23500: system.cpu: A0 T0 : 0x10000ef0 @__libc_start_main+256    : cmpldi     cr7, r8, 16     : IntAlu :  D=0x0000000000000008  flags=(IsInteger)
  23750: global: Decode: Decoded bc instruction: 0x419e00ac
  23750: system.cpu: A0 T0 : 0x10000ef4 @__libc_start_main+260    : bc         30, 12, 0x10000fa0 : IntAlu :  D=0x0000000000000000  flags=(IsInteger|IsControl|IsDirectControl|IsCondControl)
  24000: global: Decode: Decoded bc instruction: 0x409d0088
  24000: system.cpu: A0 T0 : 0x10000ef8 @__libc_start_main+264    : bc         29, 4, 0x10000f80 : IntAlu :  D=0x0000000000000000  flags=(IsInteger|IsControl|IsDirectControl|IsCondControl)
  24250: global: Decode: Decoded cmpli instruction: 0x2ba8000f
  24250: system.cpu: A0 T0 : 0x10000f80 @__libc_start_main+400    : cmpldi     cr7, r8, 15     : IntAlu :  D=0x0000000000000008  flags=(IsInteger)
  24500: global: Decode: Decoded bc instruction: 0x409eff5c
  24500: system.cpu: A0 T0 : 0x10000f84 @__libc_start_main+404    : bc         30, 4, 0x10000ee0 : IntAlu :  D=0x0000000000000000  flags=(IsInteger|IsControl|IsDirectControl|IsCondControl)
  24750: global: Decode: Decoded addi instruction: 0x38630010
  24750: system.cpu: A0 T0 : 0x10000ee0 @__libc_start_main+240    : addi       r3, r3, 16      : IntAlu :  D=0x00007fffffffeea0  flags=(IsInteger)
  25000: global: Decode: Decoded ld instruction: 0xe9030000
  25000: system.cpu: A0 T0 : 0x10000ee4 @__libc_start_main+244    : ld         r8, 0(r3)       : MemRead :  D=0x0000000000000005 A=0x7fffffffeea0  flags=(IsInteger|IsLoad)
  25250: global: Decode: Decoded cmpi instruction: 0x2fa80000
  25250: system.cpu: A0 T0 : 0x10000ee8 @__libc_start_main+248    : cmpdi      cr7, r8, 0      : IntAlu :  D=0x0000000000000004  flags=(IsInteger)
  25500: global: Decode: Decoded bc instruction: 0x419e0030
  25500: system.cpu: A0 T0 : 0x10000eec @__libc_start_main+252    : bc         30, 12, 0x10000f1c : IntAlu :  D=0x0000000000000000  flags=(IsInteger|IsControl|IsDirectControl|IsCondControl)
  25750: global: Decode: Decoded cmpli instruction: 0x2ba80010
  25750: system.cpu: A0 T0 : 0x10000ef0 @__libc_start_main+256    : cmpldi     cr7, r8, 16     : IntAlu :  D=0x0000000000000008  flags=(IsInteger)
  26000: global: Decode: Decoded bc instruction: 0x419e00ac
  26000: system.cpu: A0 T0 : 0x10000ef4 @__libc_start_main+260    : bc         30, 12, 0x10000fa0 : IntAlu :  D=0x0000000000000000  flags=(IsInteger|IsControl|IsDirectControl|IsCondControl)
  26250: global: Decode: Decoded bc instruction: 0x409d0088
  26250: system.cpu: A0 T0 : 0x10000ef8 @__libc_start_main+264    : bc         29, 4, 0x10000f80 : IntAlu :  D=0x0000000000000000  flags=(IsInteger|IsControl|IsDirectControl|IsCondControl)
  26500: global: Decode: Decoded cmpli instruction: 0x2ba8000f
  26500: system.cpu: A0 T0 : 0x10000f80 @__libc_start_main+400    : cmpldi     cr7, r8, 15     : IntAlu :  D=0x0000000000000008  flags=(IsInteger)
  26750: global: Decode: Decoded bc instruction: 0x409eff5c
  26750: system.cpu: A0 T0 : 0x10000f84 @__libc_start_main+404    : bc         30, 4, 0x10000ee0 : IntAlu :  D=0x0000000000000000  flags=(IsInteger|IsControl|IsDirectControl|IsCondControl)
  27000: global: Decode: Decoded addi instruction: 0x38630010
  27000: system.cpu: A0 T0 : 0x10000ee0 @__libc_start_main+240    : addi       r3, r3, 16      : IntAlu :  D=0x00007fffffffeeb0  flags=(IsInteger)
  27250: global: Decode: Decoded ld instruction: 0xe9030000
  27250: system.cpu: A0 T0 : 0x10000ee4 @__libc_start_main+244    : ld         r8, 0(r3)       : MemRead :  D=0x0000000000000007 A=0x7fffffffeeb0  flags=(IsInteger|IsLoad)
  27500: global: Decode: Decoded cmpi instruction: 0x2fa80000
  27500: system.cpu: A0 T0 : 0x10000ee8 @__libc_start_main+248    : cmpdi      cr7, r8, 0      : IntAlu :  D=0x0000000000000004  flags=(IsInteger)
  27750: global: Decode: Decoded bc instruction: 0x419e0030
  27750: system.cpu: A0 T0 : 0x10000eec @__libc_start_main+252    : bc         30, 12, 0x10000f1c : IntAlu :  D=0x0000000000000000  flags=(IsInteger|IsControl|IsDirectControl|IsCondControl)
  28000: global: Decode: Decoded cmpli instruction: 0x2ba80010
  28000: system.cpu: A0 T0 : 0x10000ef0 @__libc_start_main+256    : cmpldi     cr7, r8, 16     : IntAlu :  D=0x0000000000000008  flags=(IsInteger)
  28250: global: Decode: Decoded bc instruction: 0x419e00ac
  28250: system.cpu: A0 T0 : 0x10000ef4 @__libc_start_main+260    : bc         30, 12, 0x10000fa0 : IntAlu :  D=0x0000000000000000  flags=(IsInteger|IsControl|IsDirectControl|IsCondControl)
  28500: global: Decode: Decoded bc instruction: 0x409d0088
  28500: system.cpu: A0 T0 : 0x10000ef8 @__libc_start_main+264    : bc         29, 4, 0x10000f80 : IntAlu :  D=0x0000000000000000  flags=(IsInteger|IsControl|IsDirectControl|IsCondControl)
  28750: global: Decode: Decoded cmpli instruction: 0x2ba8000f
  28750: system.cpu: A0 T0 : 0x10000f80 @__libc_start_main+400    : cmpldi     cr7, r8, 15     : IntAlu :  D=0x0000000000000008  flags=(IsInteger)
  29000: global: Decode: Decoded bc instruction: 0x409eff5c
  29000: system.cpu: A0 T0 : 0x10000f84 @__libc_start_main+404    : bc         30, 4, 0x10000ee0 : IntAlu :  D=0x0000000000000000  flags=(IsInteger|IsControl|IsDirectControl|IsCondControl)
  29250: global: Decode: Decoded addi instruction: 0x38630010
  29250: system.cpu: A0 T0 : 0x10000ee0 @__libc_start_main+240    : addi       r3, r3, 16      : IntAlu :  D=0x00007fffffffeec0  flags=(IsInteger)
  29500: global: Decode: Decoded ld instruction: 0xe9030000
  29500: system.cpu: A0 T0 : 0x10000ee4 @__libc_start_main+244    : ld         r8, 0(r3)       : MemRead :  D=0x0000000000000008 A=0x7fffffffeec0  flags=(IsInteger|IsLoad)
  29750: global: Decode: Decoded cmpi instruction: 0x2fa80000
  29750: system.cpu: A0 T0 : 0x10000ee8 @__libc_start_main+248    : cmpdi      cr7, r8, 0      : IntAlu :  D=0x0000000000000004  flags=(IsInteger)
  30000: global: Decode: Decoded bc instruction: 0x419e0030
  30000: system.cpu: A0 T0 : 0x10000eec @__libc_start_main+252    : bc         30, 12, 0x10000f1c : IntAlu :  D=0x0000000000000000  flags=(IsInteger|IsControl|IsDirectControl|IsCondControl)
  30250: global: Decode: Decoded cmpli instruction: 0x2ba80010
  30250: system.cpu: A0 T0 : 0x10000ef0 @__libc_start_main+256    : cmpldi     cr7, r8, 16     : IntAlu :  D=0x0000000000000008  flags=(IsInteger)
  30500: global: Decode: Decoded bc instruction: 0x419e00ac
  30500: system.cpu: A0 T0 : 0x10000ef4 @__libc_start_main+260    : bc         30, 12, 0x10000fa0 : IntAlu :  D=0x0000000000000000  flags=(IsInteger|IsControl|IsDirectControl|IsCondControl)
  30750: global: Decode: Decoded bc instruction: 0x409d0088
  30750: system.cpu: A0 T0 : 0x10000ef8 @__libc_start_main+264    : bc         29, 4, 0x10000f80 : IntAlu :  D=0x0000000000000000  flags=(IsInteger|IsControl|IsDirectControl|IsCondControl)
  31000: global: Decode: Decoded cmpli instruction: 0x2ba8000f
  31000: system.cpu: A0 T0 : 0x10000f80 @__libc_start_main+400    : cmpldi     cr7, r8, 15     : IntAlu :  D=0x0000000000000008  flags=(IsInteger)
  31250: global: Decode: Decoded bc instruction: 0x409eff5c
  31250: system.cpu: A0 T0 : 0x10000f84 @__libc_start_main+404    : bc         30, 4, 0x10000ee0 : IntAlu :  D=0x0000000000000000  flags=(IsInteger|IsControl|IsDirectControl|IsCondControl)
  31500: global: Decode: Decoded addi instruction: 0x38630010
  31500: system.cpu: A0 T0 : 0x10000ee0 @__libc_start_main+240    : addi       r3, r3, 16      : IntAlu :  D=0x00007fffffffeed0  flags=(IsInteger)
  31750: global: Decode: Decoded ld instruction: 0xe9030000
  31750: system.cpu: A0 T0 : 0x10000ee4 @__libc_start_main+244    : ld         r8, 0(r3)       : MemRead :  D=0x0000000000000009 A=0x7fffffffeed0  flags=(IsInteger|IsLoad)
  32000: global: Decode: Decoded cmpi instruction: 0x2fa80000
  32000: system.cpu: A0 T0 : 0x10000ee8 @__libc_start_main+248    : cmpdi      cr7, r8, 0      : IntAlu :  D=0x0000000000000004  flags=(IsInteger)
  32250: global: Decode: Decoded bc instruction: 0x419e0030
  32250: system.cpu: A0 T0 : 0x10000eec @__libc_start_main+252    : bc         30, 12, 0x10000f1c : IntAlu :  D=0x0000000000000000  flags=(IsInteger|IsControl|IsDirectControl|IsCondControl)
  32500: global: Decode: Decoded cmpli instruction: 0x2ba80010
  32500: system.cpu: A0 T0 : 0x10000ef0 @__libc_start_main+256    : cmpldi     cr7, r8, 16     : IntAlu :  D=0x0000000000000008  flags=(IsInteger)
  32750: global: Decode: Decoded bc instruction: 0x419e00ac
  32750: system.cpu: A0 T0 : 0x10000ef4 @__libc_start_main+260    : bc         30, 12, 0x10000fa0 : IntAlu :  D=0x0000000000000000  flags=(IsInteger|IsControl|IsDirectControl|IsCondControl)
  33000: global: Decode: Decoded bc instruction: 0x409d0088
  33000: system.cpu: A0 T0 : 0x10000ef8 @__libc_start_main+264    : bc         29, 4, 0x10000f80 : IntAlu :  D=0x0000000000000000  flags=(IsInteger|IsControl|IsDirectControl|IsCondControl)
  33250: global: Decode: Decoded cmpli instruction: 0x2ba8000f
  33250: system.cpu: A0 T0 : 0x10000f80 @__libc_start_main+400    : cmpldi     cr7, r8, 15     : IntAlu :  D=0x0000000000000008  flags=(IsInteger)
  33500: global: Decode: Decoded bc instruction: 0x409eff5c
  33500: system.cpu: A0 T0 : 0x10000f84 @__libc_start_main+404    : bc         30, 4, 0x10000ee0 : IntAlu :  D=0x0000000000000000  flags=(IsInteger|IsControl|IsDirectControl|IsCondControl)
  33750: global: Decode: Decoded addi instruction: 0x38630010
  33750: system.cpu: A0 T0 : 0x10000ee0 @__libc_start_main+240    : addi       r3, r3, 16      : IntAlu :  D=0x00007fffffffeee0  flags=(IsInteger)
  34000: global: Decode: Decoded ld instruction: 0xe9030000
  34000: system.cpu: A0 T0 : 0x10000ee4 @__libc_start_main+244    : ld         r8, 0(r3)       : MemRead :  D=0x000000000000000b A=0x7fffffffeee0  flags=(IsInteger|IsLoad)
  34250: global: Decode: Decoded cmpi instruction: 0x2fa80000
  34250: system.cpu: A0 T0 : 0x10000ee8 @__libc_start_main+248    : cmpdi      cr7, r8, 0      : IntAlu :  D=0x0000000000000004  flags=(IsInteger)
  34500: global: Decode: Decoded bc instruction: 0x419e0030
  34500: system.cpu: A0 T0 : 0x10000eec @__libc_start_main+252    : bc         30, 12, 0x10000f1c : IntAlu :  D=0x0000000000000000  flags=(IsInteger|IsControl|IsDirectControl|IsCondControl)
  34750: global: Decode: Decoded cmpli instruction: 0x2ba80010
  34750: system.cpu: A0 T0 : 0x10000ef0 @__libc_start_main+256    : cmpldi     cr7, r8, 16     : IntAlu :  D=0x0000000000000008  flags=(IsInteger)
  35000: global: Decode: Decoded bc instruction: 0x419e00ac
  35000: system.cpu: A0 T0 : 0x10000ef4 @__libc_start_main+260    : bc         30, 12, 0x10000fa0 : IntAlu :  D=0x0000000000000000  flags=(IsInteger|IsControl|IsDirectControl|IsCondControl)
  35250: global: Decode: Decoded bc instruction: 0x409d0088
  35250: system.cpu: A0 T0 : 0x10000ef8 @__libc_start_main+264    : bc         29, 4, 0x10000f80 : IntAlu :  D=0x0000000000000000  flags=(IsInteger|IsControl|IsDirectControl|IsCondControl)
  35500: global: Decode: Decoded cmpli instruction: 0x2ba8000f
  35500: system.cpu: A0 T0 : 0x10000f80 @__libc_start_main+400    : cmpldi     cr7, r8, 15     : IntAlu :  D=0x0000000000000008  flags=(IsInteger)
  35750: global: Decode: Decoded bc instruction: 0x409eff5c
  35750: system.cpu: A0 T0 : 0x10000f84 @__libc_start_main+404    : bc         30, 4, 0x10000ee0 : IntAlu :  D=0x0000000000000000  flags=(IsInteger|IsControl|IsDirectControl|IsCondControl)
  36000: global: Decode: Decoded addi instruction: 0x38630010
  36000: system.cpu: A0 T0 : 0x10000ee0 @__libc_start_main+240    : addi       r3, r3, 16      : IntAlu :  D=0x00007fffffffeef0  flags=(IsInteger)
  36250: global: Decode: Decoded ld instruction: 0xe9030000
  36250: system.cpu: A0 T0 : 0x10000ee4 @__libc_start_main+244    : ld         r8, 0(r3)       : MemRead :  D=0x000000000000000c A=0x7fffffffeef0  flags=(IsInteger|IsLoad)
  36500: global: Decode: Decoded cmpi instruction: 0x2fa80000
  36500: system.cpu: A0 T0 : 0x10000ee8 @__libc_start_main+248    : cmpdi      cr7, r8, 0      : IntAlu :  D=0x0000000000000004  flags=(IsInteger)
  36750: global: Decode: Decoded bc instruction: 0x419e0030
  36750: system.cpu: A0 T0 : 0x10000eec @__libc_start_main+252    : bc         30, 12, 0x10000f1c : IntAlu :  D=0x0000000000000000  flags=(IsInteger|IsControl|IsDirectControl|IsCondControl)
  37000: global: Decode: Decoded cmpli instruction: 0x2ba80010
  37000: system.cpu: A0 T0 : 0x10000ef0 @__libc_start_main+256    : cmpldi     cr7, r8, 16     : IntAlu :  D=0x0000000000000008  flags=(IsInteger)
  37250: global: Decode: Decoded bc instruction: 0x419e00ac
  37250: system.cpu: A0 T0 : 0x10000ef4 @__libc_start_main+260    : bc         30, 12, 0x10000fa0 : IntAlu :  D=0x0000000000000000  flags=(IsInteger|IsControl|IsDirectControl|IsCondControl)
  37500: global: Decode: Decoded bc instruction: 0x409d0088
  37500: system.cpu: A0 T0 : 0x10000ef8 @__libc_start_main+264    : bc         29, 4, 0x10000f80 : IntAlu :  D=0x0000000000000000  flags=(IsInteger|IsControl|IsDirectControl|IsCondControl)
  37750: global: Decode: Decoded cmpli instruction: 0x2ba8000f
  37750: system.cpu: A0 T0 : 0x10000f80 @__libc_start_main+400    : cmpldi     cr7, r8, 15     : IntAlu :  D=0x0000000000000008  flags=(IsInteger)
  38000: global: Decode: Decoded bc instruction: 0x409eff5c
  38000: system.cpu: A0 T0 : 0x10000f84 @__libc_start_main+404    : bc         30, 4, 0x10000ee0 : IntAlu :  D=0x0000000000000000  flags=(IsInteger|IsControl|IsDirectControl|IsCondControl)
  38250: global: Decode: Decoded addi instruction: 0x38630010
  38250: system.cpu: A0 T0 : 0x10000ee0 @__libc_start_main+240    : addi       r3, r3, 16      : IntAlu :  D=0x00007fffffffef00  flags=(IsInteger)
  38500: global: Decode: Decoded ld instruction: 0xe9030000
  38500: system.cpu: A0 T0 : 0x10000ee4 @__libc_start_main+244    : ld         r8, 0(r3)       : MemRead :  D=0x000000000000000d A=0x7fffffffef00  flags=(IsInteger|IsLoad)
  38750: global: Decode: Decoded cmpi instruction: 0x2fa80000
  38750: system.cpu: A0 T0 : 0x10000ee8 @__libc_start_main+248    : cmpdi      cr7, r8, 0      : IntAlu :  D=0x0000000000000004  flags=(IsInteger)
  39000: global: Decode: Decoded bc instruction: 0x419e0030
  39000: system.cpu: A0 T0 : 0x10000eec @__libc_start_main+252    : bc         30, 12, 0x10000f1c : IntAlu :  D=0x0000000000000000  flags=(IsInteger|IsControl|IsDirectControl|IsCondControl)
  39250: global: Decode: Decoded cmpli instruction: 0x2ba80010
  39250: system.cpu: A0 T0 : 0x10000ef0 @__libc_start_main+256    : cmpldi     cr7, r8, 16     : IntAlu :  D=0x0000000000000008  flags=(IsInteger)
  39500: global: Decode: Decoded bc instruction: 0x419e00ac
  39500: system.cpu: A0 T0 : 0x10000ef4 @__libc_start_main+260    : bc         30, 12, 0x10000fa0 : IntAlu :  D=0x0000000000000000  flags=(IsInteger|IsControl|IsDirectControl|IsCondControl)
  39750: global: Decode: Decoded bc instruction: 0x409d0088
  39750: system.cpu: A0 T0 : 0x10000ef8 @__libc_start_main+264    : bc         29, 4, 0x10000f80 : IntAlu :  D=0x0000000000000000  flags=(IsInteger|IsControl|IsDirectControl|IsCondControl)
  40000: global: Decode: Decoded cmpli instruction: 0x2ba8000f
  40000: system.cpu: A0 T0 : 0x10000f80 @__libc_start_main+400    : cmpldi     cr7, r8, 15     : IntAlu :  D=0x0000000000000008  flags=(IsInteger)
  40250: global: Decode: Decoded bc instruction: 0x409eff5c
  40250: system.cpu: A0 T0 : 0x10000f84 @__libc_start_main+404    : bc         30, 4, 0x10000ee0 : IntAlu :  D=0x0000000000000000  flags=(IsInteger|IsControl|IsDirectControl|IsCondControl)
  40500: global: Decode: Decoded addi instruction: 0x38630010
  40500: system.cpu: A0 T0 : 0x10000ee0 @__libc_start_main+240    : addi       r3, r3, 16      : IntAlu :  D=0x00007fffffffef10  flags=(IsInteger)
  40750: global: Decode: Decoded ld instruction: 0xe9030000
  40750: system.cpu: A0 T0 : 0x10000ee4 @__libc_start_main+244    : ld         r8, 0(r3)       : MemRead :  D=0x000000000000000e A=0x7fffffffef10  flags=(IsInteger|IsLoad)
  41000: global: Decode: Decoded cmpi instruction: 0x2fa80000
  41000: system.cpu: A0 T0 : 0x10000ee8 @__libc_start_main+248    : cmpdi      cr7, r8, 0      : IntAlu :  D=0x0000000000000004  flags=(IsInteger)
  41250: global: Decode: Decoded bc instruction: 0x419e0030
  41250: system.cpu: A0 T0 : 0x10000eec @__libc_start_main+252    : bc         30, 12, 0x10000f1c : IntAlu :  D=0x0000000000000000  flags=(IsInteger|IsControl|IsDirectControl|IsCondControl)
  41500: global: Decode: Decoded cmpli instruction: 0x2ba80010
  41500: system.cpu: A0 T0 : 0x10000ef0 @__libc_start_main+256    : cmpldi     cr7, r8, 16     : IntAlu :  D=0x0000000000000008  flags=(IsInteger)
  41750: global: Decode: Decoded bc instruction: 0x419e00ac
  41750: system.cpu: A0 T0 : 0x10000ef4 @__libc_start_main+260    : bc         30, 12, 0x10000fa0 : IntAlu :  D=0x0000000000000000  flags=(IsInteger|IsControl|IsDirectControl|IsCondControl)
  42000: global: Decode: Decoded bc instruction: 0x409d0088
  42000: system.cpu: A0 T0 : 0x10000ef8 @__libc_start_main+264    : bc         29, 4, 0x10000f80 : IntAlu :  D=0x0000000000000000  flags=(IsInteger|IsControl|IsDirectControl|IsCondControl)
  42250: global: Decode: Decoded cmpli instruction: 0x2ba8000f
  42250: system.cpu: A0 T0 : 0x10000f80 @__libc_start_main+400    : cmpldi     cr7, r8, 15     : IntAlu :  D=0x0000000000000008  flags=(IsInteger)
  42500: global: Decode: Decoded bc instruction: 0x409eff5c
  42500: system.cpu: A0 T0 : 0x10000f84 @__libc_start_main+404    : bc         30, 4, 0x10000ee0 : IntAlu :  D=0x0000000000000000  flags=(IsInteger|IsControl|IsDirectControl|IsCondControl)
  42750: global: Decode: Decoded addi instruction: 0x38630010
  42750: system.cpu: A0 T0 : 0x10000ee0 @__libc_start_main+240    : addi       r3, r3, 16      : IntAlu :  D=0x00007fffffffef20  flags=(IsInteger)
  43000: global: Decode: Decoded ld instruction: 0xe9030000
  43000: system.cpu: A0 T0 : 0x10000ee4 @__libc_start_main+244    : ld         r8, 0(r3)       : MemRead :  D=0x0000000000000017 A=0x7fffffffef20  flags=(IsInteger|IsLoad)
  43250: global: Decode: Decoded cmpi instruction: 0x2fa80000
  43250: system.cpu: A0 T0 : 0x10000ee8 @__libc_start_main+248    : cmpdi      cr7, r8, 0      : IntAlu :  D=0x0000000000000004  flags=(IsInteger)
  43500: global: Decode: Decoded bc instruction: 0x419e0030
  43500: system.cpu: A0 T0 : 0x10000eec @__libc_start_main+252    : bc         30, 12, 0x10000f1c : IntAlu :  D=0x0000000000000000  flags=(IsInteger|IsControl|IsDirectControl|IsCondControl)
  43750: global: Decode: Decoded cmpli instruction: 0x2ba80010
  43750: system.cpu: A0 T0 : 0x10000ef0 @__libc_start_main+256    : cmpldi     cr7, r8, 16     : IntAlu :  D=0x0000000000000004  flags=(IsInteger)
  44000: global: Decode: Decoded bc instruction: 0x419e00ac
  44000: system.cpu: A0 T0 : 0x10000ef4 @__libc_start_main+260    : bc         30, 12, 0x10000fa0 : IntAlu :  D=0x0000000000000000  flags=(IsInteger|IsControl|IsDirectControl|IsCondControl)
  44250: global: Decode: Decoded bc instruction: 0x409d0088
  44250: system.cpu: A0 T0 : 0x10000ef8 @__libc_start_main+264    : bc         29, 4, 0x10000f80 : IntAlu :  D=0x0000000000000000  flags=(IsInteger|IsControl|IsDirectControl|IsCondControl)
  44500: global: Decode: Decoded cmpli instruction: 0x2ba80013
  44500: system.cpu: A0 T0 : 0x10000efc @__libc_start_main+268    : cmpldi     cr7, r8, 19     : IntAlu :  D=0x0000000000000004  flags=(IsInteger)
  44750: global: Decode: Decoded bc instruction: 0x409effd0
  44750: system.cpu: A0 T0 : 0x10000f00 @__libc_start_main+272    : bc         30, 4, 0x10000ed0 : IntAlu :  D=0x0000000000000000  flags=(IsInteger|IsControl|IsDirectControl|IsCondControl)
  45000: global: Decode: Decoded cmpli instruction: 0x2ba8001a
  45000: system.cpu: A0 T0 : 0x10000ed0 @__libc_start_main+224    : cmpldi     cr7, r8, 26     : IntAlu :  D=0x0000000000000008  flags=(IsInteger)
  45250: global: Decode: Decoded bc instruction: 0x409e000c
  45250: system.cpu: A0 T0 : 0x10000ed4 @__libc_start_main+228    : bc         30, 4, 0x10000ee0 : IntAlu :  D=0x0000000000000000  flags=(IsInteger|IsControl|IsDirectControl|IsCondControl)
  45500: global: Decode: Decoded addi instruction: 0x38630010
  45500: system.cpu: A0 T0 : 0x10000ee0 @__libc_start_main+240    : addi       r3, r3, 16      : IntAlu :  D=0x00007fffffffef30  flags=(IsInteger)
  45750: global: Decode: Decoded ld instruction: 0xe9030000
  45750: system.cpu: A0 T0 : 0x10000ee4 @__libc_start_main+244    : ld         r8, 0(r3)       : MemRead :  D=0x0000000000000019 A=0x7fffffffef30  flags=(IsInteger|IsLoad)
  46000: global: Decode: Decoded cmpi instruction: 0x2fa80000
  46000: system.cpu: A0 T0 : 0x10000ee8 @__libc_start_main+248    : cmpdi      cr7, r8, 0      : IntAlu :  D=0x0000000000000004  flags=(IsInteger)
  46250: global: Decode: Decoded bc instruction: 0x419e0030
  46250: system.cpu: A0 T0 : 0x10000eec @__libc_start_main+252    : bc         30, 12, 0x10000f1c : IntAlu :  D=0x0000000000000000  flags=(IsInteger|IsControl|IsDirectControl|IsCondControl)
  46500: global: Decode: Decoded cmpli instruction: 0x2ba80010
  46500: system.cpu: A0 T0 : 0x10000ef0 @__libc_start_main+256    : cmpldi     cr7, r8, 16     : IntAlu :  D=0x0000000000000004  flags=(IsInteger)
  46750: global: Decode: Decoded bc instruction: 0x419e00ac
  46750: system.cpu: A0 T0 : 0x10000ef4 @__libc_start_main+260    : bc         30, 12, 0x10000fa0 : IntAlu :  D=0x0000000000000000  flags=(IsInteger|IsControl|IsDirectControl|IsCondControl)
  47000: global: Decode: Decoded bc instruction: 0x409d0088
  47000: system.cpu: A0 T0 : 0x10000ef8 @__libc_start_main+264    : bc         29, 4, 0x10000f80 : IntAlu :  D=0x0000000000000000  flags=(IsInteger|IsControl|IsDirectControl|IsCondControl)
  47250: global: Decode: Decoded cmpli instruction: 0x2ba80013
  47250: system.cpu: A0 T0 : 0x10000efc @__libc_start_main+268    : cmpldi     cr7, r8, 19     : IntAlu :  D=0x0000000000000004  flags=(IsInteger)
  47500: global: Decode: Decoded bc instruction: 0x409effd0
  47500: system.cpu: A0 T0 : 0x10000f00 @__libc_start_main+272    : bc         30, 4, 0x10000ed0 : IntAlu :  D=0x0000000000000000  flags=(IsInteger|IsControl|IsDirectControl|IsCondControl)
  47750: global: Decode: Decoded cmpli instruction: 0x2ba8001a
  47750: system.cpu: A0 T0 : 0x10000ed0 @__libc_start_main+224    : cmpldi     cr7, r8, 26     : IntAlu :  D=0x0000000000000008  flags=(IsInteger)
  48000: global: Decode: Decoded bc instruction: 0x409e000c
  48000: system.cpu: A0 T0 : 0x10000ed4 @__libc_start_main+228    : bc         30, 4, 0x10000ee0 : IntAlu :  D=0x0000000000000000  flags=(IsInteger|IsControl|IsDirectControl|IsCondControl)
  48250: global: Decode: Decoded addi instruction: 0x38630010
  48250: system.cpu: A0 T0 : 0x10000ee0 @__libc_start_main+240    : addi       r3, r3, 16      : IntAlu :  D=0x00007fffffffef40  flags=(IsInteger)
  48500: global: Decode: Decoded ld instruction: 0xe9030000
  48500: system.cpu: A0 T0 : 0x10000ee4 @__libc_start_main+244    : ld         r8, 0(r3)       : MemRead :  D=0x000000000000001f A=0x7fffffffef40  flags=(IsInteger|IsLoad)
  48750: global: Decode: Decoded cmpi instruction: 0x2fa80000
  48750: system.cpu: A0 T0 : 0x10000ee8 @__libc_start_main+248    : cmpdi      cr7, r8, 0      : IntAlu :  D=0x0000000000000004  flags=(IsInteger)
  49000: global: Decode: Decoded bc instruction: 0x419e0030
  49000: system.cpu: A0 T0 : 0x10000eec @__libc_start_main+252    : bc         30, 12, 0x10000f1c : IntAlu :  D=0x0000000000000000  flags=(IsInteger|IsControl|IsDirectControl|IsCondControl)
  49250: global: Decode: Decoded cmpli instruction: 0x2ba80010
  49250: system.cpu: A0 T0 : 0x10000ef0 @__libc_start_main+256    : cmpldi     cr7, r8, 16     : IntAlu :  D=0x0000000000000004  flags=(IsInteger)
  49500: global: Decode: Decoded bc instruction: 0x419e00ac
  49500: system.cpu: A0 T0 : 0x10000ef4 @__libc_start_main+260    : bc         30, 12, 0x10000fa0 : IntAlu :  D=0x0000000000000000  flags=(IsInteger|IsControl|IsDirectControl|IsCondControl)
  49750: global: Decode: Decoded bc instruction: 0x409d0088
  49750: system.cpu: A0 T0 : 0x10000ef8 @__libc_start_main+264    : bc         29, 4, 0x10000f80 : IntAlu :  D=0x0000000000000000  flags=(IsInteger|IsControl|IsDirectControl|IsCondControl)
  50000: global: Decode: Decoded cmpli instruction: 0x2ba80013
  50000: system.cpu: A0 T0 : 0x10000efc @__libc_start_main+268    : cmpldi     cr7, r8, 19     : IntAlu :  D=0x0000000000000004  flags=(IsInteger)
  50250: global: Decode: Decoded bc instruction: 0x409effd0
  50250: system.cpu: A0 T0 : 0x10000f00 @__libc_start_main+272    : bc         30, 4, 0x10000ed0 : IntAlu :  D=0x0000000000000000  flags=(IsInteger|IsControl|IsDirectControl|IsCondControl)
  50500: global: Decode: Decoded cmpli instruction: 0x2ba8001a
  50500: system.cpu: A0 T0 : 0x10000ed0 @__libc_start_main+224    : cmpldi     cr7, r8, 26     : IntAlu :  D=0x0000000000000004  flags=(IsInteger)
  50750: global: Decode: Decoded bc instruction: 0x409e000c
  50750: system.cpu: A0 T0 : 0x10000ed4 @__libc_start_main+228    : bc         30, 4, 0x10000ee0 : IntAlu :  D=0x0000000000000000  flags=(IsInteger|IsControl|IsDirectControl|IsCondControl)
  51000: global: Decode: Decoded addi instruction: 0x38630010
  51000: system.cpu: A0 T0 : 0x10000ee0 @__libc_start_main+240    : addi       r3, r3, 16      : IntAlu :  D=0x00007fffffffef50  flags=(IsInteger)
  51250: global: Decode: Decoded ld instruction: 0xe9030000
  51250: system.cpu: A0 T0 : 0x10000ee4 @__libc_start_main+244    : ld         r8, 0(r3)       : MemRead :  D=0x000000000000000f A=0x7fffffffef50  flags=(IsInteger|IsLoad)
  51500: global: Decode: Decoded cmpi instruction: 0x2fa80000
  51500: system.cpu: A0 T0 : 0x10000ee8 @__libc_start_main+248    : cmpdi      cr7, r8, 0      : IntAlu :  D=0x0000000000000004  flags=(IsInteger)
  51750: global: Decode: Decoded bc instruction: 0x419e0030
  51750: system.cpu: A0 T0 : 0x10000eec @__libc_start_main+252    : bc         30, 12, 0x10000f1c : IntAlu :  D=0x0000000000000000  flags=(IsInteger|IsControl|IsDirectControl|IsCondControl)
  52000: global: Decode: Decoded cmpli instruction: 0x2ba80010
  52000: system.cpu: A0 T0 : 0x10000ef0 @__libc_start_main+256    : cmpldi     cr7, r8, 16     : IntAlu :  D=0x0000000000000008  flags=(IsInteger)
  52250: global: Decode: Decoded bc instruction: 0x419e00ac
  52250: system.cpu: A0 T0 : 0x10000ef4 @__libc_start_main+260    : bc         30, 12, 0x10000fa0 : IntAlu :  D=0x0000000000000000  flags=(IsInteger|IsControl|IsDirectControl|IsCondControl)
  52500: global: Decode: Decoded bc instruction: 0x409d0088
  52500: system.cpu: A0 T0 : 0x10000ef8 @__libc_start_main+264    : bc         29, 4, 0x10000f80 : IntAlu :  D=0x0000000000000000  flags=(IsInteger|IsControl|IsDirectControl|IsCondControl)
  52750: global: Decode: Decoded cmpli instruction: 0x2ba8000f
  52750: system.cpu: A0 T0 : 0x10000f80 @__libc_start_main+400    : cmpldi     cr7, r8, 15     : IntAlu :  D=0x0000000000000002  flags=(IsInteger)
  53000: global: Decode: Decoded bc instruction: 0x409eff5c
  53000: system.cpu: A0 T0 : 0x10000f84 @__libc_start_main+404    : bc         30, 4, 0x10000ee0 : IntAlu :  D=0x0000000000000000  flags=(IsInteger|IsControl|IsDirectControl|IsCondControl)
  53250: global: Decode: Decoded ld instruction: 0xe9230008
  53250: system.cpu: A0 T0 : 0x10000f88 @__libc_start_main+408    : ld         r9, 8(r3)       : MemRead :  D=0x00007fffffffef7f A=0x7fffffffef58  flags=(IsInteger|IsLoad)
  53500: global: Decode: Decoded addi instruction: 0x38a00001
  53500: system.cpu: A0 T0 : 0x10000f8c @__libc_start_main+412    : li         r5, 1           : IntAlu :  D=0x0000000000000001  flags=(IsInteger)
  53750: global: Decode: Decoded b instruction: 0x4bffff50
  53750: system.cpu: A0 T0 : 0x10000f90 @__libc_start_main+416    : b          0x10000ee0      : IntAlu :   flags=(IsControl|IsDirectControl|IsUncondControl)
  54000: global: Decode: Decoded addi instruction: 0x38630010
  54000: system.cpu: A0 T0 : 0x10000ee0 @__libc_start_main+240    : addi       r3, r3, 16      : IntAlu :  D=0x00007fffffffef60  flags=(IsInteger)
  54250: global: Decode: Decoded ld instruction: 0xe9030000
  54250: system.cpu: A0 T0 : 0x10000ee4 @__libc_start_main+244    : ld         r8, 0(r3)       : MemRead :  D=0x0000000000000000 A=0x7fffffffef60  flags=(IsInteger|IsLoad)
  54500: global: Decode: Decoded cmpi instruction: 0x2fa80000
  54500: system.cpu: A0 T0 : 0x10000ee8 @__libc_start_main+248    : cmpdi      cr7, r8, 0      : IntAlu :  D=0x0000000000000002  flags=(IsInteger)
  54750: global: Decode: Decoded bc instruction: 0x419e0030
  54750: system.cpu: A0 T0 : 0x10000eec @__libc_start_main+252    : bc         30, 12, 0x10000f1c : IntAlu :  D=0x0000000000000000  flags=(IsInteger|IsControl|IsDirectControl|IsCondControl)
  55000: global: Decode: Decoded cmpi instruction: 0x2fab0000
  55000: system.cpu: A0 T0 : 0x10000f1c @__libc_start_main+300    : cmpdi      cr7, r11, 0     : IntAlu :  D=0x0000000000000002  flags=(IsInteger)
  55250: global: Decode: Decoded bc instruction: 0x419e0008
  55250: system.cpu: A0 T0 : 0x10000f20 @__libc_start_main+304    : bc         30, 12, 0x10000f28 : IntAlu :  D=0x0000000000000000  flags=(IsInteger|IsControl|IsDirectControl|IsCondControl)
  55500: global: Decode: Decoded cmpi instruction: 0x2fa00000
  55500: system.cpu: A0 T0 : 0x10000f28 @__libc_start_main+312    : cmpdi      cr7, r0, 0      : IntAlu :  D=0x0000000000000004  flags=(IsInteger)
  55750: global: Decode: Decoded bc instruction: 0x419e0008
  55750: system.cpu: A0 T0 : 0x10000f2c @__libc_start_main+316    : bc         30, 12, 0x10000f34 : IntAlu :  D=0x0000000000000000  flags=(IsInteger|IsControl|IsDirectControl|IsCondControl)
  56000: global: Decode: Decoded std instruction: 0xf9990000
  56000: system.cpu: A0 T0 : 0x10000f30 @__libc_start_main+320    : std        r12, 0(r25)     : MemWrite :  D=0x00000000c0000000 A=0x100b2b70  flags=(IsInteger|IsStore)
  56250: global: Decode: Decoded cmpi instruction: 0x2faa0000
  56250: system.cpu: A0 T0 : 0x10000f34 @__libc_start_main+324    : cmpdi      cr7, r10, 0     : IntAlu :  D=0x0000000000000002  flags=(IsInteger)
  56500: global: Decode: Decoded bc instruction: 0x419e0008
  56500: system.cpu: A0 T0 : 0x10000f38 @__libc_start_main+328    : bc         30, 12, 0x10000f40 : IntAlu :  D=0x0000000000000000  flags=(IsInteger|IsControl|IsDirectControl|IsCondControl)
  56750: global: Decode: Decoded cmpi instruction: 0x2fa50000
  56750: system.cpu: A0 T0 : 0x10000f40 @__libc_start_main+336    : cmpdi      cr7, r5, 0      : IntAlu :  D=0x0000000000000004  flags=(IsInteger)
  57000: global: Decode: Decoded bc instruction: 0x419e0008
  57000: system.cpu: A0 T0 : 0x10000f44 @__libc_start_main+340    : bc         30, 12, 0x10000f4c : IntAlu :  D=0x0000000000000000  flags=(IsInteger|IsControl|IsDirectControl|IsCondControl)
  57250: global: Decode: Decoded std instruction: 0xf9370000
  57250: system.cpu: A0 T0 : 0x10000f48 @__libc_start_main+344    : std        r9, 0(r23)      : MemWrite :  D=0x00007fffffffef7f A=0x100b3590  flags=(IsInteger|IsStore)
  57500: global: Decode: Decoded std instruction: 0xf8c10108
  57500: system.cpu: A0 T0 : 0x10000f4c @__libc_start_main+348    : std        r6, 264(r1)     : MemWrite :  D=0x00007fffffffee50 A=0x7fffffffedf8  flags=(IsInteger|IsStore)
  57750: global: Decode: Decoded b instruction: 0x48023991
  57750: system.cpu: A0 T0 : 0x10000f50 @__libc_start_main+352    : bl         __tcb_parse_hwcap_and_convert_at_platform : IntAlu :  D=0x0000000010000f54  flags=(IsInteger|IsControl|IsDirectControl|IsUncondControl)
  58000: global: Decode: Decoded ori instruction: 0x60000000
  58000: system.cpu: A0 T0 : 0x100248e0 @__parse_hwcap_and_convert_at_platform    : nop                        : IntAlu :  D=0x0000000000000001  flags=(IsInteger)
  58250: global: Decode: Decoded addi instruction: 0x3922b890
  58250: system.cpu: A0 T0 : 0x100248e4 @__parse_hwcap_and_convert_at_platform+4    : subi       r9, r2, 18288   : IntAlu :  D=0x00000000100b3590  flags=(IsInteger)
  58500: global: Decode: Decoded std instruction: 0xfbe1fff8
  58500: system.cpu: A0 T0 : 0x100248e8 @__parse_hwcap_and_convert_at_platform+8    : std        r31, -8(r1)     : MemWrite :  D=0x00007fffffffee38 A=0x7fffffffece8  flags=(IsInteger|IsStore)
  58750: global: Decode: Decoded stdu instruction: 0xf821ff81
  58750: system.cpu: A0 T0 : 0x100248ec @__parse_hwcap_and_convert_at_platform+12    : stdu       r1, -128(r1)    : MemWrite :  D=0x00007fffffffec70 A=0x7fffffffec70  flags=(IsInteger|IsStore)
  59000: global: Decode: Decoded ld instruction: 0xebe90000
  59000: system.cpu: A0 T0 : 0x100248f0 @__parse_hwcap_and_convert_at_platform+16    : ld         r31, 0(r9)      : MemRead :  D=0x00007fffffffef7f A=0x100b3590  flags=(IsInteger|IsLoad)
  59250: global: Decode: Decoded cmpi instruction: 0x2fbf0000
  59250: system.cpu: A0 T0 : 0x100248f4 @__parse_hwcap_and_convert_at_platform+20    : cmpdi      cr7, r31, 0     : IntAlu :  D=0x0000000000000004  flags=(IsInteger)
  59500: global: Decode: Decoded bc instruction: 0x419e0344
  59500: system.cpu: A0 T0 : 0x100248f8 @__parse_hwcap_and_convert_at_platform+24    : bc         30, 12, 0x10024c3c : IntAlu :  D=0x0000000000000000  flags=(IsInteger|IsControl|IsDirectControl|IsCondControl)
  59750: global: Decode: Decoded mflr instruction: 0x7c0802a6
  59750: system.cpu: A0 T0 : 0x100248fc @__parse_hwcap_and_convert_at_platform+28    : mflr       r0              : IntAlu :  D=0x0000000010000f54  flags=(IsInteger)
  60000: global: Decode: Decoded addis instruction: 0x3c82fffb
  60000: system.cpu: A0 T0 : 0x10024900 @__parse_hwcap_and_convert_at_platform+32    : subis      r4, r2, 5       : IntAlu :  D=0x0000000010067d00  flags=(IsInteger)
  60250: global: Decode: Decoded addi instruction: 0x38a00005
  60250: system.cpu: A0 T0 : 0x10024904 @__parse_hwcap_and_convert_at_platform+36    : li         r5, 5           : IntAlu :  D=0x0000000000000005  flags=(IsInteger)
  60500: global: Decode: Decoded addi instruction: 0x38847d90
  60500: system.cpu: A0 T0 : 0x10024908 @__parse_hwcap_and_convert_at_platform+40    : addi       r4, r4, 32144   : IntAlu :  D=0x000000001006fa90  flags=(IsInteger)
  60750: global: Decode: Decoded or instruction: 0x7fe3fb78
  60750: system.cpu: A0 T0 : 0x1002490c @__parse_hwcap_and_convert_at_platform+44    : mr         r3, r31         : IntAlu :  D=0x00007fffffffef7f  flags=(IsInteger)
  61000: global: Decode: Decoded std instruction: 0xf8010090
  61000: system.cpu: A0 T0 : 0x10024910 @__parse_hwcap_and_convert_at_platform+48    : std        r0, 144(r1)     : MemWrite :  D=0x0000000010000f54 A=0x7fffffffed00  flags=(IsInteger|IsStore)
  61250: global: Decode: Decoded b instruction: 0x4bff912d
  61250: system.cpu: A0 T0 : 0x10024914 @__parse_hwcap_and_convert_at_platform+52    : bl         strncmp         : IntAlu :  D=0x0000000010024918  flags=(IsInteger|IsControl|IsDirectControl|IsUncondControl)
  61500: global: Decode: Decoded dcbt instruction: 0x7c001a2c
  61500: system.cpu: A0 T0 : 0x1001da40 @strncmp    : dcbt                       : IntAlu :   flags=()
  61750: global: Decode: Decoded or instruction: 0x7c8c1b78
  61750: system.cpu: A0 T0 : 0x1001da44 @strncmp+4    : or         r12, r4, r3     : IntAlu :  D=0x00007fffffffffff  flags=(IsInteger)
  62000: global: Decode: Decoded addis instruction: 0x3d207f7f
  62000: system.cpu: A0 T0 : 0x1001da48 @strncmp+8    : lis        r9, 32639       : IntAlu :  D=0x000000007f7f0000  flags=(IsInteger)
  62250: global: Decode: Decoded dcbt instruction: 0x7c00222c
  62250: system.cpu: A0 T0 : 0x1001da4c @strncmp+12    : dcbt                       : IntAlu :   flags=()
  62500: global: Decode: Decoded rldicl instruction: 0x798c0761
  62500: system.cpu: A0 T0 : 0x1001da50 @strncmp+16    : clrldi.    r12, r12, 61    : IntAlu :  D=0x0000000040000004  flags=(IsInteger)
  62750: global: Decode: Decoded cmpli instruction: 0x28a50000
  62750: system.cpu: A0 T0 : 0x1001da54 @strncmp+20    : cmpldi     cr1, r5, 0      : IntAlu :  D=0x0000000044000004  flags=(IsInteger)
  63000: global: Decode: Decoded addis instruction: 0x3d00feff
  63000: system.cpu: A0 T0 : 0x1001da58 @strncmp+24    : lis        r8, -257        : IntAlu :  D=0xfffffffffeff0000  flags=(IsInteger)
  63250: global: Decode: Decoded bc instruction: 0x408200f0
  63250: system.cpu: A0 T0 : 0x1001da5c @strncmp+28    : bc         2, 4, 0x1001db4c : IntAlu :  D=0x0000000000000000  flags=(IsInteger|IsControl|IsDirectControl|IsCondControl)
  63500: global: Decode: Decoded mtctr instruction: 0x7ca903a6
  63500: system.cpu: A0 T0 : 0x1001db4c @strncmp+268    : mtctr      r5              : IntAlu :  D=0x0000000000000005  flags=(IsInteger)
  63750: global: Decode: Decoded bc instruction: 0x41850010
  63750: system.cpu: A0 T0 : 0x1001db50 @strncmp+272    : bc         5, 12, 0x1001db60 : IntAlu :  D=0x0000000000000005  flags=(IsInteger|IsControl|IsDirectControl|IsCondControl)
  64000: global: Decode: Decoded lbz instruction: 0x88c30000
  64000: system.cpu: A0 T0 : 0x1001db60 @strncmp+288    : lbz        r6, 0(r3)       : MemRead :  D=0x0000000000000070 A=0x7fffffffef7f  flags=(IsInteger|IsLoad)
  64250: global: Decode: Decoded lbz instruction: 0x88e40000
  64250: system.cpu: A0 T0 : 0x1001db64 @strncmp+292    : lbz        r7, 0(r4)       : MemRead :  D=0x0000000000000070 A=0x1006fa90  flags=(IsInteger|IsLoad)
  64500: global: Decode: Decoded ori instruction: 0x60000000
  64500: system.cpu: A0 T0 : 0x1001db68 @strncmp+296    : nop                        : IntAlu :  D=0x0000000010000f54  flags=(IsInteger)
  64750: global: Decode: Decoded b instruction: 0x48000008
  64750: system.cpu: A0 T0 : 0x1001db6c @strncmp+300    : b          0x1001db74      : IntAlu :   flags=(IsControl|IsDirectControl|IsUncondControl)
  65000: global: Decode: Decoded bc instruction: 0x42400038
  65000: system.cpu: A0 T0 : 0x1001db74 @strncmp+308    : bc         0, 18, 0x1001dbac : IntAlu :  D=0x0000000000000004  flags=(IsInteger|IsControl|IsDirectControl|IsCondControl)
  65250: global: Decode: Decoded cmpi instruction: 0x2ca60000
  65250: system.cpu: A0 T0 : 0x1001db78 @strncmp+312    : cmpdi      cr1, r6, 0      : IntAlu :  D=0x0000000044000004  flags=(IsInteger)
  65500: global: Decode: Decoded cmp instruction: 0x7c263800
  65500: system.cpu: A0 T0 : 0x1001db7c @strncmp+316    : cmpd       r6, r7          : IntAlu :  D=0x0000000024000004  flags=(IsInteger)
  65750: global: Decode: Decoded bc instruction: 0x4186002c
  65750: system.cpu: A0 T0 : 0x1001db80 @strncmp+320    : bc         6, 12, 0x1001dbac : IntAlu :  D=0x0000000000000004  flags=(IsInteger|IsControl|IsDirectControl|IsCondControl)
  66000: global: Decode: Decoded lbzu instruction: 0x8cc30001
  66000: system.cpu: A0 T0 : 0x1001db84 @strncmp+324    : lbzu       r6, 1(r3)       : MemRead :  D=0x000000000000006f A=0x7fffffffef80  flags=(IsInteger|IsLoad)
  66250: global: Decode: Decoded bc instruction: 0x40820020
  66250: system.cpu: A0 T0 : 0x1001db88 @strncmp+328    : bc         2, 4, 0x1001dba8 : IntAlu :  D=0x0000000000000004  flags=(IsInteger|IsControl|IsDirectControl|IsCondControl)
  66500: global: Decode: Decoded lbzu instruction: 0x8ce40001
  66500: system.cpu: A0 T0 : 0x1001db8c @strncmp+332    : lbzu       r7, 1(r4)       : MemRead :  D=0x000000000000006f A=0x1006fa91  flags=(IsInteger|IsLoad)
  66750: global: Decode: Decoded bc instruction: 0x4240001c
  66750: system.cpu: A0 T0 : 0x1001db90 @strncmp+336    : bc         0, 18, 0x1001dbac : IntAlu :  D=0x0000000000000003  flags=(IsInteger|IsControl|IsDirectControl|IsCondControl)
  67000: global: Decode: Decoded cmpi instruction: 0x2ca60000
  67000: system.cpu: A0 T0 : 0x1001db94 @strncmp+340    : cmpdi      cr1, r6, 0      : IntAlu :  D=0x0000000024000004  flags=(IsInteger)
  67250: global: Decode: Decoded cmp instruction: 0x7c263800
  67250: system.cpu: A0 T0 : 0x1001db98 @strncmp+344    : cmpd       r6, r7          : IntAlu :  D=0x0000000024000004  flags=(IsInteger)
  67500: global: Decode: Decoded bc instruction: 0x40820010
  67500: system.cpu: A0 T0 : 0x1001db9c @strncmp+348    : bc         2, 4, 0x1001dbac : IntAlu :  D=0x0000000000000003  flags=(IsInteger|IsControl|IsDirectControl|IsCondControl)
  67750: global: Decode: Decoded lbzu instruction: 0x8cc30001
  67750: system.cpu: A0 T0 : 0x1001dba0 @strncmp+352    : lbzu       r6, 1(r3)       : MemRead :  D=0x0000000000000077 A=0x7fffffffef81  flags=(IsInteger|IsLoad)
  68000: global: Decode: Decoded bc instruction: 0x4086ffcc
  68000: system.cpu: A0 T0 : 0x1001dba4 @strncmp+356    : bc         6, 4, 0x1001db70 : IntAlu :  D=0x0000000000000003  flags=(IsInteger|IsControl|IsDirectControl|IsCondControl)
  68250: global: Decode: Decoded lbzu instruction: 0x8ce40001
  68250: system.cpu: A0 T0 : 0x1001db70 @strncmp+304    : lbzu       r7, 1(r4)       : MemRead :  D=0x0000000000000077 A=0x1006fa92  flags=(IsInteger|IsLoad)
  68500: global: Decode: Decoded bc instruction: 0x42400038
  68500: system.cpu: A0 T0 : 0x1001db74 @strncmp+308    : bc         0, 18, 0x1001dbac : IntAlu :  D=0x0000000000000002  flags=(IsInteger|IsControl|IsDirectControl|IsCondControl)
  68750: global: Decode: Decoded cmpi instruction: 0x2ca60000
  68750: system.cpu: A0 T0 : 0x1001db78 @strncmp+312    : cmpdi      cr1, r6, 0      : IntAlu :  D=0x0000000024000004  flags=(IsInteger)
  69000: global: Decode: Decoded cmp instruction: 0x7c263800
  69000: system.cpu: A0 T0 : 0x1001db7c @strncmp+316    : cmpd       r6, r7          : IntAlu :  D=0x0000000024000004  flags=(IsInteger)
  69250: global: Decode: Decoded bc instruction: 0x4186002c
  69250: system.cpu: A0 T0 : 0x1001db80 @strncmp+320    : bc         6, 12, 0x1001dbac : IntAlu :  D=0x0000000000000002  flags=(IsInteger|IsControl|IsDirectControl|IsCondControl)
  69500: global: Decode: Decoded lbzu instruction: 0x8cc30001
  69500: system.cpu: A0 T0 : 0x1001db84 @strncmp+324    : lbzu       r6, 1(r3)       : MemRead :  D=0x0000000000000065 A=0x7fffffffef82  flags=(IsInteger|IsLoad)
  69750: global: Decode: Decoded bc instruction: 0x40820020
  69750: system.cpu: A0 T0 : 0x1001db88 @strncmp+328    : bc         2, 4, 0x1001dba8 : IntAlu :  D=0x0000000000000002  flags=(IsInteger|IsControl|IsDirectControl|IsCondControl)
  70000: global: Decode: Decoded lbzu instruction: 0x8ce40001
  70000: system.cpu: A0 T0 : 0x1001db8c @strncmp+332    : lbzu       r7, 1(r4)       : MemRead :  D=0x0000000000000065 A=0x1006fa93  flags=(IsInteger|IsLoad)
  70250: global: Decode: Decoded bc instruction: 0x4240001c
  70250: system.cpu: A0 T0 : 0x1001db90 @strncmp+336    : bc         0, 18, 0x1001dbac : IntAlu :  D=0x0000000000000001  flags=(IsInteger|IsControl|IsDirectControl|IsCondControl)
  70500: global: Decode: Decoded cmpi instruction: 0x2ca60000
  70500: system.cpu: A0 T0 : 0x1001db94 @strncmp+340    : cmpdi      cr1, r6, 0      : IntAlu :  D=0x0000000024000004  flags=(IsInteger)
  70750: global: Decode: Decoded cmp instruction: 0x7c263800
  70750: system.cpu: A0 T0 : 0x1001db98 @strncmp+344    : cmpd       r6, r7          : IntAlu :  D=0x0000000024000004  flags=(IsInteger)
  71000: global: Decode: Decoded bc instruction: 0x40820010
  71000: system.cpu: A0 T0 : 0x1001db9c @strncmp+348    : bc         2, 4, 0x1001dbac : IntAlu :  D=0x0000000000000001  flags=(IsInteger|IsControl|IsDirectControl|IsCondControl)
  71250: global: Decode: Decoded lbzu instruction: 0x8cc30001
  71250: system.cpu: A0 T0 : 0x1001dba0 @strncmp+352    : lbzu       r6, 1(r3)       : MemRead :  D=0x0000000000000072 A=0x7fffffffef83  flags=(IsInteger|IsLoad)
  71500: global: Decode: Decoded bc instruction: 0x4086ffcc
  71500: system.cpu: A0 T0 : 0x1001dba4 @strncmp+356    : bc         6, 4, 0x1001db70 : IntAlu :  D=0x0000000000000001  flags=(IsInteger|IsControl|IsDirectControl|IsCondControl)
  71750: global: Decode: Decoded lbzu instruction: 0x8ce40001
  71750: system.cpu: A0 T0 : 0x1001db70 @strncmp+304    : lbzu       r7, 1(r4)       : MemRead :  D=0x0000000000000072 A=0x1006fa94  flags=(IsInteger|IsLoad)
  72000: global: Decode: Decoded bc instruction: 0x42400038
  72000: system.cpu: A0 T0 : 0x1001db74 @strncmp+308    : bc         0, 18, 0x1001dbac : IntAlu :  D=0x0000000000000000  flags=(IsInteger|IsControl|IsDirectControl|IsCondControl)
  72250: global: Decode: Decoded subf instruction: 0x7c673050
  72250: system.cpu: A0 T0 : 0x1001dbac @strncmp+364    : subf       r3, r7, r6      : IntAlu :  D=0x0000000000000000  flags=(IsInteger)
  72500: global: Decode: Decoded bclr instruction: 0x4e800020
  72500: system.cpu: A0 T0 : 0x1001dbb0 @strncmp+368    : bclr       0, 20           : IntAlu :  D=0x0000000000000000  flags=(IsInteger|IsControl|IsIndirectControl|IsCondControl|IsReturn)
  72750: global: Decode: Decoded ori instruction: 0x60000000
  72750: system.cpu: A0 T0 : 0x10024918 @__parse_hwcap_and_convert_at_platform+56    : nop                        : IntAlu :  D=0x0000000010000f54  flags=(IsInteger)
  73000: global: Decode: Decoded cmpi instruction: 0x2fa30000
  73000: system.cpu: A0 T0 : 0x1002491c @__parse_hwcap_and_convert_at_platform+60    : cmpdi      cr7, r3, 0      : IntAlu :  D=0x0000000024000002  flags=(IsInteger)
  73250: global: Decode: Decoded bc instruction: 0x419e0170
  73250: system.cpu: A0 T0 : 0x10024920 @__parse_hwcap_and_convert_at_platform+64    : bc         30, 12, 0x10024a90 : IntAlu :  D=0x0000000000000000  flags=(IsInteger|IsControl|IsDirectControl|IsCondControl)
  73500: global: Decode: Decoded lbz instruction: 0x893f0005
  73500: system.cpu: A0 T0 : 0x10024a90 @__parse_hwcap_and_convert_at_platform+432    : lbz        r9, 5(r31)      : MemRead :  D=0x0000000000000038 A=0x7fffffffef84  flags=(IsInteger|IsLoad)
  73750: global: Decode: Decoded addi instruction: 0x3929ffcc
  73750: system.cpu: A0 T0 : 0x10024a94 @__parse_hwcap_and_convert_at_platform+436    : subi       r9, r9, 52      : IntAlu :  D=0x0000000000000004  flags=(IsInteger)
  74000: global: Decode: Decoded rlwinm instruction: 0x552a063e
  74000: system.cpu: A0 T0 : 0x10024a98 @__parse_hwcap_and_convert_at_platform+440    : clrlwi     r10, r9, 24     : IntAlu :  D=0x0000000000000004  flags=(IsInteger)
  74250: global: Decode: Decoded cmpli instruction: 0x2b8a0005
  74250: system.cpu: A0 T0 : 0x10024a9c @__parse_hwcap_and_convert_at_platform+444    : cmplwi     cr7, r10, 5     : IntAlu :  D=0x0000000024000008  flags=(IsInteger)
  74500: global: Decode: Decoded bc instruction: 0x419d0190
  74500: system.cpu: A0 T0 : 0x10024aa0 @__parse_hwcap_and_convert_at_platform+448    : bc         29, 12, 0x10024c30 : IntAlu :  D=0x0000000000000000  flags=(IsInteger|IsControl|IsDirectControl|IsCondControl)
  74750: global: Decode: Decoded addis instruction: 0x3d42fff7
  74750: system.cpu: A0 T0 : 0x10024aa4 @__parse_hwcap_and_convert_at_platform+452    : subis      r10, r2, 9      : IntAlu :  D=0x0000000010027d00  flags=(IsInteger)
  75000: global: Decode: Decoded addi instruction: 0x394acdc4
  75000: system.cpu: A0 T0 : 0x10024aa8 @__parse_hwcap_and_convert_at_platform+456    : subi       r10, r10, 12860 : IntAlu :  D=0x0000000010024ac4  flags=(IsInteger)
  75250: global: Decode: Decoded rldic instruction: 0x792915a8
  75250: system.cpu: A0 T0 : 0x10024aac @__parse_hwcap_and_convert_at_platform+460    : rldic      r9, r9, 2, 54   : IntAlu :  D=0x0000000000000010  flags=(IsInteger)
  75500: global: Decode: Decoded lwax instruction: 0x7d2a4aaa
  75500: system.cpu: A0 T0 : 0x10024ab0 @__parse_hwcap_and_convert_at_platform+464    : lwax       r9, r10, r9     : MemRead :  D=0x00000000000000bc A=0x10024ad4  flags=(IsInteger|IsLoad)
  75750: global: Decode: Decoded add instruction: 0x7d295214
  75750: system.cpu: A0 T0 : 0x10024ab4 @__parse_hwcap_and_convert_at_platform+468    : add        r9, r9, r10     : IntAlu :  D=0x0000000010024b80  flags=(IsInteger)
  76000: global: Decode: Decoded lbz instruction: 0x895f0006
  76000: system.cpu: A0 T0 : 0x10024ab8 @__parse_hwcap_and_convert_at_platform+472    : lbz        r10, 6(r31)     : MemRead :  D=0x0000000000000000 A=0x7fffffffef85  flags=(IsInteger|IsLoad)
  76250: global: Decode: Decoded mtctr instruction: 0x7d2903a6
  76250: system.cpu: A0 T0 : 0x10024abc @__parse_hwcap_and_convert_at_platform+476    : mtctr      r9              : IntAlu :  D=0x0000000010024b80  flags=(IsInteger)
  76500: global: Decode: Decoded bcctr instruction: 0x4e800420
  76500: system.cpu: A0 T0 : 0x10024ac0 @__parse_hwcap_and_convert_at_platform+480    : bcctr      0, 20           : IntAlu :   flags=(IsInteger|IsControl|IsIndirectControl|IsCondControl)
  76750: global: Decode: Decoded addi instruction: 0x3920002d
  76750: system.cpu: A0 T0 : 0x10024b80 @__parse_hwcap_and_convert_at_platform+672    : li         r9, 45          : IntAlu :  D=0x000000000000002d  flags=(IsInteger)
  77000: global: Decode: Decoded ori instruction: 0x60000000
  77000: system.cpu: A0 T0 : 0x10024b84 @__parse_hwcap_and_convert_at_platform+676    : nop                        : IntAlu :  D=0x0000000010000f54  flags=(IsInteger)
  77250: global: Decode: Decoded ori instruction: 0x60000000
  77250: system.cpu: A0 T0 : 0x10024b88 @__parse_hwcap_and_convert_at_platform+680    : nop                        : IntAlu :  D=0x0000000010000f54  flags=(IsInteger)
  77500: global: Decode: Decoded ori instruction: 0x60000000
  77500: system.cpu: A0 T0 : 0x10024b8c @__parse_hwcap_and_convert_at_platform+684    : nop                        : IntAlu :  D=0x0000000010000f54  flags=(IsInteger)
  77750: global: Decode: Decoded cmpi instruction: 0x2faa0000
  77750: system.cpu: A0 T0 : 0x10024b90 @__parse_hwcap_and_convert_at_platform+688    : cmpdi      cr7, r10, 0     : IntAlu :  D=0x0000000024000002  flags=(IsInteger)
  78000: global: Decode: Decoded bc instruction: 0x409e009c
  78000: system.cpu: A0 T0 : 0x10024b94 @__parse_hwcap_and_convert_at_platform+692    : bc         30, 4, 0x10024c30 : IntAlu :  D=0x0000000010024b80  flags=(IsInteger|IsControl|IsDirectControl|IsCondControl)
  78250: global: Decode: Decoded ld instruction: 0xe8010090
  78250: system.cpu: A0 T0 : 0x10024b98 @__parse_hwcap_and_convert_at_platform+696    : ld         r0, 144(r1)     : MemRead :  D=0x0000000010000f54 A=0x7fffffffed00  flags=(IsInteger|IsLoad)
  78500: global: Decode: Decoded rldicl instruction: 0x79290020
  78500: system.cpu: A0 T0 : 0x10024b9c @__parse_hwcap_and_convert_at_platform+700    : clrldi     r9, r9, 32      : IntAlu :  D=0x000000000000002d  flags=(IsInteger)
  78750: global: Decode: Decoded mtlr instruction: 0x7c0803a6
  78750: system.cpu: A0 T0 : 0x10024ba0 @__parse_hwcap_and_convert_at_platform+704    : mtlr       r0              : IntAlu :  D=0x0000000010000f54  flags=(IsInteger)
  79000: global: Decode: Decoded b instruction: 0x4bffff44
  79000: system.cpu: A0 T0 : 0x10024ba4 @__parse_hwcap_and_convert_at_platform+708    : b          0x10024ae8      : IntAlu :   flags=(IsControl|IsDirectControl|IsUncondControl)
  79250: global: Decode: Decoded ori instruction: 0x60000000
  79250: system.cpu: A0 T0 : 0x10024ae8 @__parse_hwcap_and_convert_at_platform+520    : nop                        : IntAlu :  D=0x0000000010000f54  flags=(IsInteger)
  79500: global: Decode: Decoded addi instruction: 0x3942ae60
  79500: system.cpu: A0 T0 : 0x10024aec @__parse_hwcap_and_convert_at_platform+524    : subi       r10, r2, 20896  : IntAlu :  D=0x00000000100b2b60  flags=(IsInteger)
  79750: global: Decode: Decoded ori instruction: 0x60000000
  79750: system.cpu: A0 T0 : 0x10024af0 @__parse_hwcap_and_convert_at_platform+528    : nop                        : IntAlu :  D=0x0000000010000f54  flags=(IsInteger)
  80000: global: Decode: Decoded addi instruction: 0x3902ae70
  80000: system.cpu: A0 T0 : 0x10024af4 @__parse_hwcap_and_convert_at_platform+532    : subi       r8, r2, 20880   : IntAlu :  D=0x00000000100b2b70  flags=(IsInteger)
  80250: global: Decode: Decoded ori instruction: 0x60000000
  80250: system.cpu: A0 T0 : 0x10024af8 @__parse_hwcap_and_convert_at_platform+536    : nop                        : IntAlu :  D=0x0000000010000f54  flags=(IsInteger)
  80500: global: Decode: Decoded stw instruction: 0x9122b848
  80500: system.cpu: A0 T0 : 0x10024afc @__parse_hwcap_and_convert_at_platform+540    : stw        r9, -18360(r2)  : MemWrite :  D=0x000000000000002d A=0x100b3548  flags=(IsInteger|IsStore)
  80750: global: Decode: Decoded ld instruction: 0xe94a0000
  80750: system.cpu: A0 T0 : 0x10024b00 @__parse_hwcap_and_convert_at_platform+544    : ld         r10, 0(r10)     : MemRead :  D=0x0000000000000000 A=0x100b2b60  flags=(IsInteger|IsLoad)
  81000: global: Decode: Decoded ld instruction: 0xe9280000
  81000: system.cpu: A0 T0 : 0x10024b04 @__parse_hwcap_and_convert_at_platform+548    : ld         r9, 0(r8)       : MemRead :  D=0x00000000c0000000 A=0x100b2b70  flags=(IsInteger|IsLoad)
  81250: global: Decode: Decoded andis_ instruction: 0x75488000
  81250: system.cpu: A0 T0 : 0x10024b08 @__parse_hwcap_and_convert_at_platform+552    : andis.     r8, r10, 32768  : IntAlu :  D=0x0000000024000002  flags=(IsInteger)
  81500: global: Decode: Decoded bc instruction: 0x4182ff54
  81500: system.cpu: A0 T0 : 0x10024b0c @__parse_hwcap_and_convert_at_platform+556    : bc         2, 12, 0x10024a60 : IntAlu :  D=0x0000000010024b80  flags=(IsInteger|IsControl|IsDirectControl|IsCondControl)
  81750: global: Decode: Decoded andi_ instruction: 0x71280100
  81750: system.cpu: A0 T0 : 0x10024a60 @__parse_hwcap_and_convert_at_platform+384    : andi.      r8, r9, 256     : IntAlu :  D=0x0000000024000002  flags=(IsInteger)
  82000: global: Decode: Decoded bc instruction: 0x418200dc
  82000: system.cpu: A0 T0 : 0x10024a64 @__parse_hwcap_and_convert_at_platform+388    : bc         2, 12, 0x10024b40 : IntAlu :  D=0x0000000010024b80  flags=(IsInteger|IsControl|IsDirectControl|IsCondControl)
  82250: global: Decode: Decoded andi_ instruction: 0x71281000
  82250: system.cpu: A0 T0 : 0x10024b40 @__parse_hwcap_and_convert_at_platform+608    : andi.      r8, r9, 4096    : IntAlu :  D=0x0000000024000002  flags=(IsInteger)
  82500: global: Decode: Decoded bc instruction: 0x4082001c
  82500: system.cpu: A0 T0 : 0x10024b44 @__parse_hwcap_and_convert_at_platform+612    : bc         2, 4, 0x10024b60 : IntAlu :  D=0x0000000010024b80  flags=(IsInteger|IsControl|IsDirectControl|IsCondControl)
  82750: global: Decode: Decoded andis_ instruction: 0x75280002
  82750: system.cpu: A0 T0 : 0x10024b48 @__parse_hwcap_and_convert_at_platform+616    : andis.     r8, r9, 2       : IntAlu :  D=0x0000000024000002  flags=(IsInteger)
  83000: global: Decode: Decoded bc instruction: 0x418200d4
  83000: system.cpu: A0 T0 : 0x10024b4c @__parse_hwcap_and_convert_at_platform+620    : bc         2, 12, 0x10024c20 : IntAlu :  D=0x0000000010024b80  flags=(IsInteger|IsControl|IsDirectControl|IsCondControl)
  83250: global: Decode: Decoded andis_ instruction: 0x75280004
  83250: system.cpu: A0 T0 : 0x10024c20 @__parse_hwcap_and_convert_at_platform+832    : andis.     r8, r9, 4       : IntAlu :  D=0x0000000024000002  flags=(IsInteger)
  83500: global: Decode: Decoded bc instruction: 0x4182fef4
  83500: system.cpu: A0 T0 : 0x10024c24 @__parse_hwcap_and_convert_at_platform+836    : bc         2, 12, 0x10024b18 : IntAlu :  D=0x0000000010024b80  flags=(IsInteger|IsControl|IsDirectControl|IsCondControl)
  83750: global: Decode: Decoded addi instruction: 0x38210080
  83750: system.cpu: A0 T0 : 0x10024b18 @__parse_hwcap_and_convert_at_platform+568    : addi       r1, r1, 128     : IntAlu :  D=0x00007fffffffecf0  flags=(IsInteger)
  84000: global: Decode: Decoded rldicr instruction: 0x792907c6
  84000: system.cpu: A0 T0 : 0x10024b1c @__parse_hwcap_and_convert_at_platform+572    : rldicr     r9, r9, 32, 31  : IntAlu :  D=0xc000000000000000  flags=(IsInteger)
  84250: global: Decode: Decoded or instruction: 0x7d295378
  84250: system.cpu: A0 T0 : 0x10024b20 @__parse_hwcap_and_convert_at_platform+576    : or         r9, r9, r10     : IntAlu :  D=0xc000000000000000  flags=(IsInteger)
  84500: global: Decode: Decoded ori instruction: 0x60000000
  84500: system.cpu: A0 T0 : 0x10024b24 @__parse_hwcap_and_convert_at_platform+580    : nop                        : IntAlu :  D=0x0000000010000f54  flags=(IsInteger)
  84750: global: Decode: Decoded ld instruction: 0xebe1fff8
  84750: system.cpu: A0 T0 : 0x10024b28 @__parse_hwcap_and_convert_at_platform+584    : ld         r31, -8(r1)     : MemRead :  D=0x00007fffffffee38 A=0x7fffffffece8  flags=(IsInteger|IsLoad)
  85000: global: Decode: Decoded std instruction: 0xf922b840
  85000: system.cpu: A0 T0 : 0x10024b2c @__parse_hwcap_and_convert_at_platform+588    : std        r9, -18368(r2)  : MemWrite :  D=0xc000000000000000 A=0x100b3540  flags=(IsInteger|IsStore)
  85250: global: Decode: Decoded bclr instruction: 0x4e800020
  85250: system.cpu: A0 T0 : 0x10024b30 @__parse_hwcap_and_convert_at_platform+592    : bclr       0, 20           : IntAlu :  D=0x0000000010024b80  flags=(IsInteger|IsControl|IsIndirectControl|IsCondControl|IsReturn)
  85500: global: Decode: Decoded ori instruction: 0x60000000
  85500: system.cpu: A0 T0 : 0x10000f54 @__libc_start_main+356    : nop                        : IntAlu :  D=0x0000000010000f54  flags=(IsInteger)
  85750: global: Decode: Decoded ld instruction: 0xe91e0018
  85750: system.cpu: A0 T0 : 0x10000f58 @__libc_start_main+360    : ld         r8, 24(r30)     : MemRead :  D=0x00000000100ab260 A=0x1006da98  flags=(IsInteger|IsLoad)
  86000: global: Decode: Decoded ld instruction: 0xe8fe0010
  86000: system.cpu: A0 T0 : 0x10000f5c @__libc_start_main+364    : ld         r7, 16(r30)     : MemRead :  D=0x00000000100ab248 A=0x1006da90  flags=(IsInteger|IsLoad)
  86250: global: Decode: Decoded ld instruction: 0xe87e0008
  86250: system.cpu: A0 T0 : 0x10000f60 @__libc_start_main+368    : ld         r3, 8(r30)      : MemRead :  D=0x00000000100ab1a0 A=0x1006da88  flags=(IsInteger|IsLoad)
  86500: global: Decode: Decoded ld instruction: 0xe8c10108
  86500: system.cpu: A0 T0 : 0x10000f64 @__libc_start_main+372    : ld         r6, 264(r1)     : MemRead :  D=0x00007fffffffee50 A=0x7fffffffedf8  flags=(IsInteger|IsLoad)
  86750: global: Decode: Decoded or instruction: 0x7faaeb78
  86750: system.cpu: A0 T0 : 0x10000f68 @__libc_start_main+376    : mr         r10, r29        : IntAlu :  D=0x00007fffffffee30  flags=(IsInteger)
  87000: global: Decode: Decoded or instruction: 0x7f49d378
  87000: system.cpu: A0 T0 : 0x10000f6c @__libc_start_main+380    : mr         r9, r26         : IntAlu :  D=0x0000000000000000  flags=(IsInteger)
  87250: global: Decode: Decoded or instruction: 0x7fe5fb78
  87250: system.cpu: A0 T0 : 0x10000f70 @__libc_start_main+384    : mr         r5, r31         : IntAlu :  D=0x00007fffffffee38  flags=(IsInteger)
  87500: global: Decode: Decoded or instruction: 0x7f84e378
  87500: system.cpu: A0 T0 : 0x10000f74 @__libc_start_main+388    : mr         r4, r28         : IntAlu :  D=0x0000000000000001  flags=(IsInteger)
  87750: global: Decode: Decoded b instruction: 0x4bfffa29
  87750: system.cpu: A0 T0 : 0x10000f78 @__libc_start_main+392    : bl         generic_start_main : IntAlu :  D=0x0000000010000f7c  flags=(IsInteger|IsControl|IsDirectControl|IsUncondControl)
  88000: global: Decode: Decoded mflr instruction: 0x7c0802a6
  88000: system.cpu: A0 T0 : 0x100009a0 @generic_start_main    : mflr       r0              : IntAlu :  D=0x0000000010000f7c  flags=(IsInteger)
  88250: global: Decode: Decoded ori instruction: 0x60000000
  88250: system.cpu: A0 T0 : 0x100009a4 @generic_start_main+4    : nop                        : IntAlu :  D=0x0000000010000f7c  flags=(IsInteger)
  88500: global: Decode: Decoded ld instruction: 0xe96280d8
  88500: system.cpu: A0 T0 : 0x100009a8 @generic_start_main+8    : ld         r11, -32552(r2) : MemRead :  D=0x0000000000000000 A=0x100afdd8  flags=(IsInteger|IsLoad)
  88750: global: Decode: Decoded std instruction: 0xfba1ffe8
  88750: system.cpu: A0 T0 : 0x100009ac @generic_start_main+12    : std        r29, -24(r1)    : MemWrite :  D=0x00007fffffffee30 A=0x7fffffffecd8  flags=(IsInteger|IsStore)
  89000: global: Decode: Decoded or instruction: 0x7d3d4b78
  89000: system.cpu: A0 T0 : 0x100009b0 @generic_start_main+16    : mr         r29, r9         : IntAlu :  D=0x0000000000000000  flags=(IsInteger)
  89250: global: Decode: Decoded std instruction: 0xfbc1fff0
  89250: system.cpu: A0 T0 : 0x100009b4 @generic_start_main+20    : std        r30, -16(r1)    : MemWrite :  D=0x000000001006da80 A=0x7fffffffece0  flags=(IsInteger|IsStore)
  89500: global: Decode: Decoded std instruction: 0xfbe1fff8
  89500: system.cpu: A0 T0 : 0x100009b8 @generic_start_main+24    : std        r31, -8(r1)     : MemWrite :  D=0x00007fffffffee38 A=0x7fffffffece8  flags=(IsInteger|IsStore)
  89750: global: Decode: Decoded or instruction: 0x7d1e4378
  89750: system.cpu: A0 T0 : 0x100009bc @generic_start_main+28    : mr         r30, r8         : IntAlu :  D=0x00000000100ab260  flags=(IsInteger)
  90000: global: Decode: Decoded or instruction: 0x7cff3b78
  90000: system.cpu: A0 T0 : 0x100009c0 @generic_start_main+32    : mr         r31, r7         : IntAlu :  D=0x00000000100ab248  flags=(IsInteger)
  90250: global: Decode: Decoded std instruction: 0xfb61ffd8
  90250: system.cpu: A0 T0 : 0x100009c4 @generic_start_main+36    : std        r27, -40(r1)    : MemWrite :  D=0x0000000000000000 A=0x7fffffffecc8  flags=(IsInteger|IsStore)
  90500: global: Decode: Decoded std instruction: 0xfb81ffe0
  90500: system.cpu: A0 T0 : 0x100009c8 @generic_start_main+40    : std        r28, -32(r1)    : MemWrite :  D=0x0000000000000001 A=0x7fffffffecd0  flags=(IsInteger|IsStore)
  90750: global: Decode: Decoded addi instruction: 0x39000000
  90750: system.cpu: A0 T0 : 0x100009cc @generic_start_main+44    : li         r8, 0           : IntAlu :  D=0x0000000000000000  flags=(IsInteger)
  91000: global: Decode: Decoded cmpi instruction: 0x2fab0000
  91000: system.cpu: A0 T0 : 0x100009d0 @generic_start_main+48    : cmpdi      cr7, r11, 0     : IntAlu :  D=0x0000000024000002  flags=(IsInteger)
  91250: global: Decode: Decoded std instruction: 0xf8010010
  91250: system.cpu: A0 T0 : 0x100009d4 @generic_start_main+52    : std        r0, 16(r1)      : MemWrite :  D=0x0000000010000f7c A=0x7fffffffed00  flags=(IsInteger|IsStore)
  91500: global: Decode: Decoded stdu instruction: 0xf821fd31
  91500: system.cpu: A0 T0 : 0x100009d8 @generic_start_main+56    : stdu       r1, -720(r1)    : MemWrite :  D=0x00007fffffffea20 A=0x7fffffffea20  flags=(IsInteger|IsStore)
  91750: global: Decode: Decoded std instruction: 0xf8410028
  91750: system.cpu: A0 T0 : 0x100009dc @generic_start_main+60    : std        r2, 40(r1)      : MemWrite :  D=0x00000000100b7d00 A=0x7fffffffea48  flags=(IsInteger|IsStore)
  92000: global: Decode: Decoded std instruction: 0xf8610300
  92000: system.cpu: A0 T0 : 0x100009e0 @generic_start_main+64    : std        r3, 768(r1)     : MemWrite :  D=0x00000000100ab1a0 A=0x7fffffffed20  flags=(IsInteger|IsStore)
  92250: global: Decode: Decoded std instruction: 0xf8810308
  92250: system.cpu: A0 T0 : 0x100009e4 @generic_start_main+68    : std        r4, 776(r1)     : MemWrite :  D=0x0000000000000001 A=0x7fffffffed28  flags=(IsInteger|IsStore)
  92500: global: Decode: Decoded std instruction: 0xf8a10310
  92500: system.cpu: A0 T0 : 0x100009e8 @generic_start_main+72    : std        r5, 784(r1)     : MemWrite :  D=0x00007fffffffee38 A=0x7fffffffed30  flags=(IsInteger|IsStore)
  92750: global: Decode: Decoded std instruction: 0xf8c10318
  92750: system.cpu: A0 T0 : 0x100009ec @generic_start_main+76    : std        r6, 792(r1)     : MemWrite :  D=0x00007fffffffee50 A=0x7fffffffed38  flags=(IsInteger|IsStore)
  93000: global: Decode: Decoded bc instruction: 0x419e0010
  93000: system.cpu: A0 T0 : 0x100009f0 @generic_start_main+80    : bc         30, 12, 0x10000a00 : IntAlu :  D=0x0000000010024b80  flags=(IsInteger|IsControl|IsDirectControl|IsCondControl)
  93250: global: Decode: Decoded ld instruction: 0xe9210308
  93250: system.cpu: A0 T0 : 0x10000a00 @generic_start_main+96    : ld         r9, 776(r1)     : MemRead :  D=0x0000000000000001 A=0x7fffffffed28  flags=(IsInteger|IsLoad)
  93500: global: Decode: Decoded ld instruction: 0xe8810310
  93500: system.cpu: A0 T0 : 0x10000a04 @generic_start_main+100    : ld         r4, 784(r1)     : MemRead :  D=0x00007fffffffee38 A=0x7fffffffed30  flags=(IsInteger|IsLoad)
  93750: global: Decode: Decoded ori instruction: 0x60000000
  93750: system.cpu: A0 T0 : 0x10000a08 @generic_start_main+104    : nop                        : IntAlu :  D=0x0000000010000f7c  flags=(IsInteger)
  94000: global: Decode: Decoded addi instruction: 0x38e2ae50
  94000: system.cpu: A0 T0 : 0x10000a0c @generic_start_main+108    : subi       r7, r2, 20912   : IntAlu :  D=0x00000000100b2b50  flags=(IsInteger)
  94250: global: Decode: Decoded ori instruction: 0x60000000
  94250: system.cpu: A0 T0 : 0x10000a10 @generic_start_main+112    : nop                        : IntAlu :  D=0x0000000010000f7c  flags=(IsInteger)
  94500: global: Decode: Decoded addi instruction: 0x38a299b8
  94500: system.cpu: A0 T0 : 0x10000a14 @generic_start_main+116    : subi       r5, r2, 26184   : IntAlu :  D=0x00000000100b16b8  flags=(IsInteger)
  94750: global: Decode: Decoded addis instruction: 0x3cc2ffff
  94750: system.cpu: A0 T0 : 0x10000a18 @generic_start_main+120    : subis      r6, r2, 1       : IntAlu :  D=0x00000000100a7d00  flags=(IsInteger)
  95000: global: Decode: Decoded addi instruction: 0x38c62190
  95000: system.cpu: A0 T0 : 0x10000a1c @generic_start_main+124    : addi       r6, r6, 8592    : IntAlu :  D=0x00000000100a9e90  flags=(IsInteger)
  95250: global: Decode: Decoded ld instruction: 0xe8610318
  95250: system.cpu: A0 T0 : 0x10000a20 @generic_start_main+128    : ld         r3, 792(r1)     : MemRead :  D=0x00007fffffffee50 A=0x7fffffffed38  flags=(IsInteger|IsLoad)
  95500: global: Decode: Decoded addi instruction: 0x39290001
  95500: system.cpu: A0 T0 : 0x10000a24 @generic_start_main+132    : addi       r9, r9, 1       : IntAlu :  D=0x0000000000000002  flags=(IsInteger)
  95750: global: Decode: Decoded stw instruction: 0x91050000
  95750: system.cpu: A0 T0 : 0x10000a28 @generic_start_main+136    : stw        r8, 0(r5)       : MemWrite :  D=0x0000000000000000 A=0x100b16b8  flags=(IsInteger|IsStore)
  96000: global: Decode: Decoded rldicr instruction: 0x79291f24
  96000: system.cpu: A0 T0 : 0x10000a2c @generic_start_main+140    : rldicr     r9, r9, 3, 60   : IntAlu :  D=0x0000000000000010  flags=(IsInteger)
  96250: global: Decode: Decoded std instruction: 0xf9460000
  96250: system.cpu: A0 T0 : 0x10000a30 @generic_start_main+144    : std        r10, 0(r6)      : MemWrite :  D=0x00007fffffffee30 A=0x100a9e90  flags=(IsInteger|IsStore)
  96500: global: Decode: Decoded add instruction: 0x7d244a14
  96500: system.cpu: A0 T0 : 0x10000a34 @generic_start_main+148    : add        r9, r4, r9      : IntAlu :  D=0x00007fffffffee48  flags=(IsInteger)
  96750: global: Decode: Decoded std instruction: 0xf9270000
  96750: system.cpu: A0 T0 : 0x10000a38 @generic_start_main+152    : std        r9, 0(r7)       : MemWrite :  D=0x00007fffffffee48 A=0x100b2b50  flags=(IsInteger|IsStore)
  97000: global: Decode: Decoded b instruction: 0x48024225
  97000: system.cpu: A0 T0 : 0x10000a3c @generic_start_main+156    : bl         _dl_aux_init    : IntAlu :  D=0x0000000010000a40  flags=(IsInteger|IsControl|IsDirectControl|IsUncondControl)
  97250: global: Decode: Decoded ld instruction: 0xe9230000
  97250: system.cpu: A0 T0 : 0x10024c60 @_dl_aux_init    : ld         r9, 0(r3)       : MemRead :  D=0x0000000000000010 A=0x7fffffffee50  flags=(IsInteger|IsLoad)
  97500: global: Decode: Decoded ori instruction: 0x60000000
  97500: system.cpu: A0 T0 : 0x10024c64 @_dl_aux_init+4    : nop                        : IntAlu :  D=0x0000000010000f7c  flags=(IsInteger)
  97750: global: Decode: Decoded addi instruction: 0x3942b888
  97750: system.cpu: A0 T0 : 0x10024c68 @_dl_aux_init+8    : subi       r10, r2, 18296  : IntAlu :  D=0x00000000100b3588  flags=(IsInteger)
  98000: global: Decode: Decoded cmpi instruction: 0x2fa90000
  98000: system.cpu: A0 T0 : 0x10024c6c @_dl_aux_init+12    : cmpdi      cr7, r9, 0      : IntAlu :  D=0x0000000024000004  flags=(IsInteger)
  98250: global: Decode: Decoded std instruction: 0xf86a0000
  98250: system.cpu: A0 T0 : 0x10024c70 @_dl_aux_init+16    : std        r3, 0(r10)      : MemWrite :  D=0x00007fffffffee50 A=0x100b3588  flags=(IsInteger|IsStore)
  98500: global: Decode: Decoded bclr instruction: 0x4d9e0020
  98500: system.cpu: A0 T0 : 0x10024c74 @_dl_aux_init+20    : bclr       30, 12          : IntAlu :  D=0x0000000010024b80  flags=(IsInteger|IsControl|IsIndirectControl|IsCondControl|IsReturn)
  98750: global: Decode: Decoded addi instruction: 0x39400000
  98750: system.cpu: A0 T0 : 0x10024c78 @_dl_aux_init+24    : li         r10, 0          : IntAlu :  D=0x0000000000000000  flags=(IsInteger)
  99000: global: Decode: Decoded std instruction: 0xf9e1ff78
  99000: system.cpu: A0 T0 : 0x10024c7c @_dl_aux_init+28    : std        r15, -136(r1)   : MemWrite :  D=0x0000000000000000 A=0x7fffffffe998  flags=(IsInteger|IsStore)
  99250: global: Decode: Decoded std instruction: 0xfa01ff80
  99250: system.cpu: A0 T0 : 0x10024c80 @_dl_aux_init+32    : std        r16, -128(r1)   : MemWrite :  D=0x0000000000000000 A=0x7fffffffe9a0  flags=(IsInteger|IsStore)
  99500: global: Decode: Decoded addi instruction: 0x38000000
  99500: system.cpu: A0 T0 : 0x10024c84 @_dl_aux_init+36    : li         r0, 0           : IntAlu :  D=0x0000000000000000  flags=(IsInteger)
  99750: global: Decode: Decoded std instruction: 0xfa21ff88
  99750: system.cpu: A0 T0 : 0x10024c88 @_dl_aux_init+40    : std        r17, -120(r1)   : MemWrite :  D=0x0000000000000000 A=0x7fffffffe9a8  flags=(IsInteger|IsStore)
 100000: global: Decode: Decoded std instruction: 0xfa41ff90
 100000: system.cpu: A0 T0 : 0x10024c8c @_dl_aux_init+44    : std        r18, -112(r1)   : MemWrite :  D=0x0000000000000000 A=0x7fffffffe9b0  flags=(IsInteger|IsStore)
 100250: global: Decode: Decoded addi instruction: 0x38800000
 100250: system.cpu: A0 T0 : 0x10024c90 @_dl_aux_init+48    : li         r4, 0           : IntAlu :  D=0x0000000000000000  flags=(IsInteger)
 100500: global: Decode: Decoded addi instruction: 0x3a400000
 100500: system.cpu: A0 T0 : 0x10024c94 @_dl_aux_init+52    : li         r18, 0          : IntAlu :  D=0x0000000000000000  flags=(IsInteger)
 100750: global: Decode: Decoded std instruction: 0xf941ff60
 100750: system.cpu: A0 T0 : 0x10024c98 @_dl_aux_init+56    : std        r10, -160(r1)   : MemWrite :  D=0x0000000000000000 A=0x7fffffffe980  flags=(IsInteger|IsStore)
 101000: global: Decode: Decoded std instruction: 0xf941ff50
 101000: system.cpu: A0 T0 : 0x10024c9c @_dl_aux_init+60    : std        r10, -176(r1)   : MemWrite :  D=0x0000000000000000 A=0x7fffffffe970  flags=(IsInteger|IsStore)
 101250: global: Decode: Decoded addi instruction: 0x39400000
 101250: system.cpu: A0 T0 : 0x10024ca0 @_dl_aux_init+64    : li         r10, 0          : IntAlu :  D=0x0000000000000000  flags=(IsInteger)
 101500: global: Decode: Decoded addi instruction: 0x38a00000
 101500: system.cpu: A0 T0 : 0x10024ca4 @_dl_aux_init+68    : li         r5, 0           : IntAlu :  D=0x0000000000000000  flags=(IsInteger)
 101750: global: Decode: Decoded std instruction: 0xfa61ff98
 101750: system.cpu: A0 T0 : 0x10024ca8 @_dl_aux_init+72    : std        r19, -104(r1)   : MemWrite :  D=0x0000000000000000 A=0x7fffffffe9b8  flags=(IsInteger|IsStore)
 102000: global: Decode: Decoded std instruction: 0xfa81ffa0
 102000: system.cpu: A0 T0 : 0x10024cac @_dl_aux_init+76    : std        r20, -96(r1)    : MemWrite :  D=0x0000000000000000 A=0x7fffffffe9c0  flags=(IsInteger|IsStore)
 102250: global: Decode: Decoded addi instruction: 0x3a600000
 102250: system.cpu: A0 T0 : 0x10024cb0 @_dl_aux_init+80    : li         r19, 0          : IntAlu :  D=0x0000000000000000  flags=(IsInteger)
 102500: global: Decode: Decoded addi instruction: 0x3a800000
 102500: system.cpu: A0 T0 : 0x10024cb4 @_dl_aux_init+84    : li         r20, 0          : IntAlu :  D=0x0000000000000000  flags=(IsInteger)
 102750: global: Decode: Decoded std instruction: 0xf941ff40
 102750: system.cpu: A0 T0 : 0x10024cb8 @_dl_aux_init+88    : std        r10, -192(r1)   : MemWrite :  D=0x0000000000000000 A=0x7fffffffe960  flags=(IsInteger|IsStore)
 103000: global: Decode: Decoded addis instruction: 0x3d42ffff
 103000: system.cpu: A0 T0 : 0x10024cbc @_dl_aux_init+92    : subis      r10, r2, 1      : IntAlu :  D=0x00000000100a7d00  flags=(IsInteger)
 103250: global: Decode: Decoded ld instruction: 0xe94a2100
 103250: system.cpu: A0 T0 : 0x10024cc0 @_dl_aux_init+96    : ld         r10, 8448(r10)  : MemRead :  D=0x0000000000000000 A=0x100a9e00  flags=(IsInteger|IsLoad)
 103500: global: Decode: Decoded addis instruction: 0x3d62ffff
 103500: system.cpu: A0 T0 : 0x10024cc4 @_dl_aux_init+100    : subis      r11, r2, 1      : IntAlu :  D=0x00000000100a7d00  flags=(IsInteger)
 103750: global: Decode: Decoded addi instruction: 0x396b2198
 103750: system.cpu: A0 T0 : 0x10024cc8 @_dl_aux_init+104    : addi       r11, r11, 8600  : IntAlu :  D=0x00000000100a9e98  flags=(IsInteger)
 104000: global: Decode: Decoded addi instruction: 0x38c00000
 104000: system.cpu: A0 T0 : 0x10024ccc @_dl_aux_init+108    : li         r6, 0           : IntAlu :  D=0x0000000000000000  flags=(IsInteger)
 104250: global: Decode: Decoded addi instruction: 0x38e00000
 104250: system.cpu: A0 T0 : 0x10024cd0 @_dl_aux_init+112    : li         r7, 0           : IntAlu :  D=0x0000000000000000  flags=(IsInteger)
 104500: global: Decode: Decoded std instruction: 0xfaa1ffa8
 104500: system.cpu: A0 T0 : 0x10024cd4 @_dl_aux_init+116    : std        r21, -88(r1)    : MemWrite :  D=0x0000000000000000 A=0x7fffffffe9c8  flags=(IsInteger|IsStore)
 104750: global: Decode: Decoded std instruction: 0xfac1ffb0
 104750: system.cpu: A0 T0 : 0x10024cd8 @_dl_aux_init+120    : std        r22, -80(r1)    : MemWrite :  D=0x0000000000000000 A=0x7fffffffe9d0  flags=(IsInteger|IsStore)
 105000: global: Decode: Decoded addi instruction: 0x39000000
 105000: system.cpu: A0 T0 : 0x10024cdc @_dl_aux_init+124    : li         r8, 0           : IntAlu :  D=0x0000000000000000  flags=(IsInteger)
 105250: global: Decode: Decoded addi instruction: 0x3ac00000
 105250: system.cpu: A0 T0 : 0x10024ce0 @_dl_aux_init+128    : li         r22, 0          : IntAlu :  D=0x0000000000000000  flags=(IsInteger)
 105500: global: Decode: Decoded std instruction: 0xfae1ffb8
 105500: system.cpu: A0 T0 : 0x10024ce4 @_dl_aux_init+132    : std        r23, -72(r1)    : MemWrite :  D=0x00000000100b3590 A=0x7fffffffe9d8  flags=(IsInteger|IsStore)
 105750: global: Decode: Decoded std instruction: 0xfb01ffc0
 105750: system.cpu: A0 T0 : 0x10024ce8 @_dl_aux_init+136    : std        r24, -64(r1)    : MemWrite :  D=0x00000000100b2b60 A=0x7fffffffe9e0  flags=(IsInteger|IsStore)
 106000: global: Decode: Decoded std instruction: 0xfb21ffc8
 106000: system.cpu: A0 T0 : 0x10024cec @_dl_aux_init+140    : std        r25, -56(r1)    : MemWrite :  D=0x00000000100b2b70 A=0x7fffffffe9e8  flags=(IsInteger|IsStore)
 106250: global: Decode: Decoded std instruction: 0xfb41ffd0
 106250: system.cpu: A0 T0 : 0x10024cf0 @_dl_aux_init+144    : std        r26, -48(r1)    : MemWrite :  D=0x0000000000000000 A=0x7fffffffe9f0  flags=(IsInteger|IsStore)
 106500: global: Decode: Decoded addi instruction: 0x3b200000
 106500: system.cpu: A0 T0 : 0x10024cf4 @_dl_aux_init+148    : li         r25, 0          : IntAlu :  D=0x0000000000000000  flags=(IsInteger)
 106750: global: Decode: Decoded addi instruction: 0x3b400000
 106750: system.cpu: A0 T0 : 0x10024cf8 @_dl_aux_init+152    : li         r26, 0          : IntAlu :  D=0x0000000000000000  flags=(IsInteger)
 107000: global: Decode: Decoded std instruction: 0xfb61ffd8
 107000: system.cpu: A0 T0 : 0x10024cfc @_dl_aux_init+156    : std        r27, -40(r1)    : MemWrite :  D=0x0000000000000000 A=0x7fffffffe9f8  flags=(IsInteger|IsStore)
 107250: global: Decode: Decoded std instruction: 0xfb81ffe0
 107250: system.cpu: A0 T0 : 0x10024d00 @_dl_aux_init+160    : std        r28, -32(r1)    : MemWrite :  D=0x0000000000000001 A=0x7fffffffea00  flags=(IsInteger|IsStore)
 107500: global: Decode: Decoded std instruction: 0xfba1ffe8
 107500: system.cpu: A0 T0 : 0x10024d04 @_dl_aux_init+164    : std        r29, -24(r1)    : MemWrite :  D=0x0000000000000000 A=0x7fffffffea08  flags=(IsInteger|IsStore)
 107750: global: Decode: Decoded std instruction: 0xfbc1fff0
 107750: system.cpu: A0 T0 : 0x10024d08 @_dl_aux_init+168    : std        r30, -16(r1)    : MemWrite :  D=0x00000000100ab260 A=0x7fffffffea10  flags=(IsInteger|IsStore)
 108000: global: Decode: Decoded std instruction: 0xfbe1fff8
 108000: system.cpu: A0 T0 : 0x10024d0c @_dl_aux_init+172    : std        r31, -8(r1)     : MemWrite :  D=0x00000000100ab248 A=0x7fffffffea18  flags=(IsInteger|IsStore)
 108250: global: Decode: Decoded ori instruction: 0x60000000
 108250: system.cpu: A0 T0 : 0x10024d10 @_dl_aux_init+176    : nop                        : IntAlu :  D=0x0000000000000000  flags=(IsInteger)
 108500: global: Decode: Decoded addi instruction: 0x3b62b8d0
 108500: system.cpu: A0 T0 : 0x10024d14 @_dl_aux_init+180    : subi       r27, r2, 18224  : IntAlu :  D=0x00000000100b35d0  flags=(IsInteger)
 108750: global: Decode: Decoded ori instruction: 0x60000000
 108750: system.cpu: A0 T0 : 0x10024d18 @_dl_aux_init+184    : nop                        : IntAlu :  D=0x0000000000000000  flags=(IsInteger)
 109000: global: Decode: Decoded addi instruction: 0x3982b918
 109000: system.cpu: A0 T0 : 0x10024d1c @_dl_aux_init+188    : subi       r12, r2, 18152  : IntAlu :  D=0x00000000100b3618  flags=(IsInteger)
 109250: global: Decode: Decoded ori instruction: 0x60000000
 109250: system.cpu: A0 T0 : 0x10024d20 @_dl_aux_init+192    : nop                        : IntAlu :  D=0x0000000000000000  flags=(IsInteger)
 109500: global: Decode: Decoded addi instruction: 0x3be2b8c8
 109500: system.cpu: A0 T0 : 0x10024d24 @_dl_aux_init+196    : subi       r31, r2, 18232  : IntAlu :  D=0x00000000100b35c8  flags=(IsInteger)
 109750: global: Decode: Decoded ori instruction: 0x60000000
 109750: system.cpu: A0 T0 : 0x10024d28 @_dl_aux_init+200    : nop                        : IntAlu :  D=0x0000000000000000  flags=(IsInteger)
 110000: global: Decode: Decoded addi instruction: 0x3b82b890
 110000: system.cpu: A0 T0 : 0x10024d2c @_dl_aux_init+204    : subi       r28, r2, 18288  : IntAlu :  D=0x00000000100b3590  flags=(IsInteger)
 110250: global: Decode: Decoded ori instruction: 0x60000000
 110250: system.cpu: A0 T0 : 0x10024d30 @_dl_aux_init+208    : nop                        : IntAlu :  D=0x0000000000000000  flags=(IsInteger)
 110500: global: Decode: Decoded addi instruction: 0x3ba2b8e8
 110500: system.cpu: A0 T0 : 0x10024d34 @_dl_aux_init+212    : subi       r29, r2, 18200  : IntAlu :  D=0x00000000100b35e8  flags=(IsInteger)
 110750: global: Decode: Decoded ori instruction: 0x60000000
 110750: system.cpu: A0 T0 : 0x10024d38 @_dl_aux_init+216    : nop                        : IntAlu :  D=0x0000000000000000  flags=(IsInteger)
 111000: global: Decode: Decoded addi instruction: 0x3bc2b8b0
 111000: system.cpu: A0 T0 : 0x10024d3c @_dl_aux_init+220    : subi       r30, r2, 18256  : IntAlu :  D=0x00000000100b35b0  flags=(IsInteger)
 111250: global: Decode: Decoded std instruction: 0xf941ff58
 111250: system.cpu: A0 T0 : 0x10024d40 @_dl_aux_init+224    : std        r10, -168(r1)   : MemWrite :  D=0x0000000000000000 A=0x7fffffffe978  flags=(IsInteger|IsStore)
 111500: global: Decode: Decoded std instruction: 0xf9c1ff70
 111500: system.cpu: A0 T0 : 0x10024d44 @_dl_aux_init+228    : std        r14, -144(r1)   : MemWrite :  D=0x0000000000000000 A=0x7fffffffe990  flags=(IsInteger|IsStore)
 111750: global: Decode: Decoded ori instruction: 0x60000000
 111750: system.cpu: A0 T0 : 0x10024d48 @_dl_aux_init+232    : nop                        : IntAlu :  D=0x0000000000000000  flags=(IsInteger)
 112000: global: Decode: Decoded ld instruction: 0xe9e2ae60
 112000: system.cpu: A0 T0 : 0x10024d4c @_dl_aux_init+236    : ld         r15, -20896(r2) : MemRead :  D=0x0000000000000000 A=0x100b2b60  flags=(IsInteger|IsLoad)
 112250: global: Decode: Decoded ori instruction: 0x60000000
 112250: system.cpu: A0 T0 : 0x10024d50 @_dl_aux_init+240    : nop                        : IntAlu :  D=0x0000000000000000  flags=(IsInteger)
 112500: global: Decode: Decoded lwz instruction: 0x8202ae68
 112500: system.cpu: A0 T0 : 0x10024d54 @_dl_aux_init+244    : lwz        r16, -20888(r2) : MemRead :  D=0x0000000000000000 A=0x100b2b68  flags=(IsInteger|IsLoad)
 112750: global: Decode: Decoded ori instruction: 0x60000000
 112750: system.cpu: A0 T0 : 0x10024d58 @_dl_aux_init+248    : nop                        : IntAlu :  D=0x0000000000000000  flags=(IsInteger)
 113000: global: Decode: Decoded ld instruction: 0xe9c2ae70
 113000: system.cpu: A0 T0 : 0x10024d5c @_dl_aux_init+252    : ld         r14, -20880(r2) : MemRead :  D=0x00000000c0000000 A=0x100b2b70  flags=(IsInteger|IsLoad)
 113250: global: Decode: Decoded ori instruction: 0x60000000
 113250: system.cpu: A0 T0 : 0x10024d60 @_dl_aux_init+256    : nop                        : IntAlu :  D=0x0000000000000000  flags=(IsInteger)
 113500: global: Decode: Decoded ld instruction: 0xe94293e0
 113500: system.cpu: A0 T0 : 0x10024d64 @_dl_aux_init+260    : ld         r10, -27680(r2) : MemRead :  D=0x0000000000001000 A=0x100b10e0  flags=(IsInteger|IsLoad)
 113750: global: Decode: Decoded lwa instruction: 0xeb1f0002
 113750: system.cpu: A0 T0 : 0x10024d68 @_dl_aux_init+264    : lwa        r24, 0(r31)     : MemRead :  D=0x0000000000000000 A=0x100b35c8  flags=(IsInteger|IsLoad)
 114000: global: Decode: Decoded ld instruction: 0xea3c0000
 114000: system.cpu: A0 T0 : 0x10024d6c @_dl_aux_init+268    : ld         r17, 0(r28)     : MemRead :  D=0x00007fffffffef7f A=0x100b3590  flags=(IsInteger|IsLoad)
 114250: global: Decode: Decoded ld instruction: 0xeabd0000
 114250: system.cpu: A0 T0 : 0x10024d70 @_dl_aux_init+272    : ld         r21, 0(r29)     : MemRead :  D=0x0000000000000000 A=0x100b35e8  flags=(IsInteger|IsLoad)
 114500: global: Decode: Decoded ld instruction: 0xeafe0000
 114500: system.cpu: A0 T0 : 0x10024d74 @_dl_aux_init+276    : ld         r23, 0(r30)     : MemRead :  D=0x0000000000000000 A=0x100b35b0  flags=(IsInteger|IsLoad)
 114750: global: Decode: Decoded std instruction: 0xf941ff68
 114750: system.cpu: A0 T0 : 0x10024d78 @_dl_aux_init+280    : std        r10, -152(r1)   : MemWrite :  D=0x0000000000001000 A=0x7fffffffe988  flags=(IsInteger|IsStore)
 115000: global: Decode: Decoded ld instruction: 0xe95b0000
 115000: system.cpu: A0 T0 : 0x10024d7c @_dl_aux_init+284    : ld         r10, 0(r27)     : MemRead :  D=0x0000000000000000 A=0x100b35d0  flags=(IsInteger|IsLoad)
 115250: global: Decode: Decoded std instruction: 0xf941ff30
 115250: system.cpu: A0 T0 : 0x10024d80 @_dl_aux_init+288    : std        r10, -208(r1)   : MemWrite :  D=0x0000000000000000 A=0x7fffffffe950  flags=(IsInteger|IsStore)
 115500: global: Decode: Decoded lwa instruction: 0xe94b0002
 115500: system.cpu: A0 T0 : 0x10024d84 @_dl_aux_init+292    : lwa        r10, 0(r11)     : MemRead :  D=0x0000000000000001 A=0x100a9e98  flags=(IsInteger|IsLoad)
 115750: global: Decode: Decoded std instruction: 0xf941ff38
 115750: system.cpu: A0 T0 : 0x10024d88 @_dl_aux_init+296    : std        r10, -200(r1)   : MemWrite :  D=0x0000000000000001 A=0x7fffffffe958  flags=(IsInteger|IsStore)
 116000: global: Decode: Decoded lwa instruction: 0xe94c0002
 116000: system.cpu: A0 T0 : 0x10024d8c @_dl_aux_init+300    : lwa        r10, 0(r12)     : MemRead :  D=0x0000000000000000 A=0x100b3618  flags=(IsInteger|IsLoad)
 116250: global: Decode: Decoded std instruction: 0xf941ff48
 116250: system.cpu: A0 T0 : 0x10024d90 @_dl_aux_init+304    : std        r10, -184(r1)   : MemWrite :  D=0x0000000000000000 A=0x7fffffffe968  flags=(IsInteger|IsStore)
 116500: global: Decode: Decoded ori instruction: 0x60000000
 116500: system.cpu: A0 T0 : 0x10024d94 @_dl_aux_init+308    : nop                        : IntAlu :  D=0x0000000000000000  flags=(IsInteger)
 116750: global: Decode: Decoded ori instruction: 0x60000000
 116750: system.cpu: A0 T0 : 0x10024d98 @_dl_aux_init+312    : nop                        : IntAlu :  D=0x0000000000000000  flags=(IsInteger)
 117000: global: Decode: Decoded ori instruction: 0x60000000
 117000: system.cpu: A0 T0 : 0x10024d9c @_dl_aux_init+316    : nop                        : IntAlu :  D=0x0000000000000000  flags=(IsInteger)
 117250: global: Decode: Decoded addi instruction: 0x3929fffd
 117250: system.cpu: A0 T0 : 0x10024da0 @_dl_aux_init+320    : subi       r9, r9, 3       : IntAlu :  D=0x000000000000000d  flags=(IsInteger)
 117500: global: Decode: Decoded cmpli instruction: 0x2ba9001e
 117500: system.cpu: A0 T0 : 0x10024da4 @_dl_aux_init+324    : cmpldi     cr7, r9, 30     : IntAlu :  D=0x0000000024000008  flags=(IsInteger)
 117750: global: Decode: Decoded bc instruction: 0x419d00b8
 117750: system.cpu: A0 T0 : 0x10024da8 @_dl_aux_init+328    : bc         29, 12, 0x10024e60 : IntAlu :  D=0x0000000010024b80  flags=(IsInteger|IsControl|IsDirectControl|IsCondControl)
 118000: global: Decode: Decoded addis instruction: 0x3d42fff7
 118000: system.cpu: A0 T0 : 0x10024dac @_dl_aux_init+332    : subis      r10, r2, 9      : IntAlu :  D=0x0000000010027d00  flags=(IsInteger)
 118250: global: Decode: Decoded addi instruction: 0x394ad0c8
 118250: system.cpu: A0 T0 : 0x10024db0 @_dl_aux_init+336    : subi       r10, r10, 12088 : IntAlu :  D=0x0000000010024dc8  flags=(IsInteger)
 118500: global: Decode: Decoded rldicr instruction: 0x79291764
 118500: system.cpu: A0 T0 : 0x10024db4 @_dl_aux_init+340    : rldicr     r9, r9, 2, 61   : IntAlu :  D=0x0000000000000034  flags=(IsInteger)
 118750: global: Decode: Decoded lwax instruction: 0x7d2a4aaa
 118750: system.cpu: A0 T0 : 0x10024db8 @_dl_aux_init+344    : lwax       r9, r10, r9     : MemRead :  D=0x0000000000000248 A=0x10024dfc  flags=(IsInteger|IsLoad)
 119000: global: Decode: Decoded add instruction: 0x7d495214
 119000: system.cpu: A0 T0 : 0x10024dbc @_dl_aux_init+348    : add        r10, r9, r10    : IntAlu :  D=0x0000000010025010  flags=(IsInteger)
 119250: global: Decode: Decoded mtctr instruction: 0x7d4903a6
 119250: system.cpu: A0 T0 : 0x10024dc0 @_dl_aux_init+352    : mtctr      r10             : IntAlu :  D=0x0000000010025010  flags=(IsInteger)
 119500: global: Decode: Decoded bcctr instruction: 0x4e800420
 119500: system.cpu: A0 T0 : 0x10024dc4 @_dl_aux_init+356    : bcctr      0, 20           : IntAlu :   flags=(IsInteger|IsControl|IsIndirectControl|IsCondControl)
 119750: global: Decode: Decoded ld instruction: 0xe9c30008
 119750: system.cpu: A0 T0 : 0x10025010 @_dl_aux_init+944    : ld         r14, 8(r3)      : MemRead :  D=0x00000000c0000000 A=0x7fffffffee58  flags=(IsInteger|IsLoad)
 120000: global: Decode: Decoded addi instruction: 0x3ac00001
 120000: system.cpu: A0 T0 : 0x10025014 @_dl_aux_init+948    : li         r22, 1          : IntAlu :  D=0x0000000000000001  flags=(IsInteger)
 120250: global: Decode: Decoded b instruction: 0x4bfffe48
 120250: system.cpu: A0 T0 : 0x10025018 @_dl_aux_init+952    : b          0x10024e60      : IntAlu :   flags=(IsControl|IsDirectControl|IsUncondControl)
 120500: global: Decode: Decoded addi instruction: 0x38630010
 120500: system.cpu: A0 T0 : 0x10024e60 @_dl_aux_init+512    : addi       r3, r3, 16      : IntAlu :  D=0x00007fffffffee60  flags=(IsInteger)
 120750: global: Decode: Decoded ld instruction: 0xe9230000
 120750: system.cpu: A0 T0 : 0x10024e64 @_dl_aux_init+516    : ld         r9, 0(r3)       : MemRead :  D=0x0000000000000006 A=0x7fffffffee60  flags=(IsInteger|IsLoad)
 121000: global: Decode: Decoded cmpi instruction: 0x2fa90000
 121000: system.cpu: A0 T0 : 0x10024e68 @_dl_aux_init+520    : cmpdi      cr7, r9, 0      : IntAlu :  D=0x0000000024000004  flags=(IsInteger)
 121250: global: Decode: Decoded bc instruction: 0x409eff34
 121250: system.cpu: A0 T0 : 0x10024e6c @_dl_aux_init+524    : bc         30, 4, 0x10024da0 : IntAlu :  D=0x0000000010025010  flags=(IsInteger|IsControl|IsDirectControl|IsCondControl)
 121500: global: Decode: Decoded addi instruction: 0x3929fffd
 121500: system.cpu: A0 T0 : 0x10024da0 @_dl_aux_init+320    : subi       r9, r9, 3       : IntAlu :  D=0x0000000000000003  flags=(IsInteger)
 121750: global: Decode: Decoded cmpli instruction: 0x2ba9001e
 121750: system.cpu: A0 T0 : 0x10024da4 @_dl_aux_init+324    : cmpldi     cr7, r9, 30     : IntAlu :  D=0x0000000024000008  flags=(IsInteger)
 122000: global: Decode: Decoded bc instruction: 0x419d00b8
 122000: system.cpu: A0 T0 : 0x10024da8 @_dl_aux_init+328    : bc         29, 12, 0x10024e60 : IntAlu :  D=0x0000000010025010  flags=(IsInteger|IsControl|IsDirectControl|IsCondControl)
 122250: global: Decode: Decoded addis instruction: 0x3d42fff7
 122250: system.cpu: A0 T0 : 0x10024dac @_dl_aux_init+332    : subis      r10, r2, 9      : IntAlu :  D=0x0000000010027d00  flags=(IsInteger)
 122500: global: Decode: Decoded addi instruction: 0x394ad0c8
 122500: system.cpu: A0 T0 : 0x10024db0 @_dl_aux_init+336    : subi       r10, r10, 12088 : IntAlu :  D=0x0000000010024dc8  flags=(IsInteger)
 122750: global: Decode: Decoded rldicr instruction: 0x79291764
 122750: system.cpu: A0 T0 : 0x10024db4 @_dl_aux_init+340    : rldicr     r9, r9, 2, 61   : IntAlu :  D=0x000000000000000c  flags=(IsInteger)
 123000: global: Decode: Decoded lwax instruction: 0x7d2a4aaa
 123000: system.cpu: A0 T0 : 0x10024db8 @_dl_aux_init+344    : lwax       r9, r10, r9     : MemRead :  D=0x00000000000002e8 A=0x10024dd4  flags=(IsInteger|IsLoad)
 123250: global: Decode: Decoded add instruction: 0x7d495214
 123250: system.cpu: A0 T0 : 0x10024dbc @_dl_aux_init+348    : add        r10, r9, r10    : IntAlu :  D=0x00000000100250b0  flags=(IsInteger)
 123500: global: Decode: Decoded mtctr instruction: 0x7d4903a6
 123500: system.cpu: A0 T0 : 0x10024dc0 @_dl_aux_init+352    : mtctr      r10             : IntAlu :  D=0x00000000100250b0  flags=(IsInteger)
 123750: global: Decode: Decoded bcctr instruction: 0x4e800420
 123750: system.cpu: A0 T0 : 0x10024dc4 @_dl_aux_init+356    : bcctr      0, 20           : IntAlu :   flags=(IsInteger|IsControl|IsIndirectControl|IsCondControl)
 124000: global: Decode: Decoded ld instruction: 0xe9230008
 124000: system.cpu: A0 T0 : 0x100250b0 @_dl_aux_init+1104    : ld         r9, 8(r3)       : MemRead :  D=0x0000000000001000 A=0x7fffffffee68  flags=(IsInteger|IsLoad)
 124250: global: Decode: Decoded cmpi instruction: 0x2fa90000
 124250: system.cpu: A0 T0 : 0x100250b4 @_dl_aux_init+1108    : cmpdi      cr7, r9, 0      : IntAlu :  D=0x0000000024000004  flags=(IsInteger)
 124500: global: Decode: Decoded bc instruction: 0x419efda8
 124500: system.cpu: A0 T0 : 0x100250b8 @_dl_aux_init+1112    : bc         30, 12, 0x10024e60 : IntAlu :  D=0x00000000100250b0  flags=(IsInteger|IsControl|IsDirectControl|IsCondControl)
 124750: global: Decode: Decoded std instruction: 0xf921ff68
 124750: system.cpu: A0 T0 : 0x100250bc @_dl_aux_init+1116    : std        r9, -152(r1)    : MemWrite :  D=0x0000000000001000 A=0x7fffffffe988  flags=(IsInteger|IsStore)
 125000: global: Decode: Decoded addi instruction: 0x38a00001
 125000: system.cpu: A0 T0 : 0x100250c0 @_dl_aux_init+1120    : li         r5, 1           : IntAlu :  D=0x0000000000000001  flags=(IsInteger)
 125250: global: Decode: Decoded b instruction: 0x4bfffd9c
 125250: system.cpu: A0 T0 : 0x100250c4 @_dl_aux_init+1124    : b          0x10024e60      : IntAlu :   flags=(IsControl|IsDirectControl|IsUncondControl)
 125500: global: Decode: Decoded addi instruction: 0x38630010
 125500: system.cpu: A0 T0 : 0x10024e60 @_dl_aux_init+512    : addi       r3, r3, 16      : IntAlu :  D=0x00007fffffffee70  flags=(IsInteger)
 125750: global: Decode: Decoded ld instruction: 0xe9230000
 125750: system.cpu: A0 T0 : 0x10024e64 @_dl_aux_init+516    : ld         r9, 0(r3)       : MemRead :  D=0x0000000000000011 A=0x7fffffffee70  flags=(IsInteger|IsLoad)
 126000: global: Decode: Decoded cmpi instruction: 0x2fa90000
 126000: system.cpu: A0 T0 : 0x10024e68 @_dl_aux_init+520    : cmpdi      cr7, r9, 0      : IntAlu :  D=0x0000000024000004  flags=(IsInteger)
 126250: global: Decode: Decoded bc instruction: 0x409eff34
 126250: system.cpu: A0 T0 : 0x10024e6c @_dl_aux_init+524    : bc         30, 4, 0x10024da0 : IntAlu :  D=0x00000000100250b0  flags=(IsInteger|IsControl|IsDirectControl|IsCondControl)
 126500: global: Decode: Decoded addi instruction: 0x3929fffd
 126500: system.cpu: A0 T0 : 0x10024da0 @_dl_aux_init+320    : subi       r9, r9, 3       : IntAlu :  D=0x000000000000000e  flags=(IsInteger)
 126750: global: Decode: Decoded cmpli instruction: 0x2ba9001e
 126750: system.cpu: A0 T0 : 0x10024da4 @_dl_aux_init+324    : cmpldi     cr7, r9, 30     : IntAlu :  D=0x0000000024000008  flags=(IsInteger)
 127000: global: Decode: Decoded bc instruction: 0x419d00b8
 127000: system.cpu: A0 T0 : 0x10024da8 @_dl_aux_init+328    : bc         29, 12, 0x10024e60 : IntAlu :  D=0x00000000100250b0  flags=(IsInteger|IsControl|IsDirectControl|IsCondControl)
 127250: global: Decode: Decoded addis instruction: 0x3d42fff7
 127250: system.cpu: A0 T0 : 0x10024dac @_dl_aux_init+332    : subis      r10, r2, 9      : IntAlu :  D=0x0000000010027d00  flags=(IsInteger)
 127500: global: Decode: Decoded addi instruction: 0x394ad0c8
 127500: system.cpu: A0 T0 : 0x10024db0 @_dl_aux_init+336    : subi       r10, r10, 12088 : IntAlu :  D=0x0000000010024dc8  flags=(IsInteger)
 127750: global: Decode: Decoded rldicr instruction: 0x79291764
 127750: system.cpu: A0 T0 : 0x10024db4 @_dl_aux_init+340    : rldicr     r9, r9, 2, 61   : IntAlu :  D=0x0000000000000038  flags=(IsInteger)
 128000: global: Decode: Decoded lwax instruction: 0x7d2a4aaa
 128000: system.cpu: A0 T0 : 0x10024db8 @_dl_aux_init+344    : lwax       r9, r10, r9     : MemRead :  D=0x0000000000000238 A=0x10024e00  flags=(IsInteger|IsLoad)
 128250: global: Decode: Decoded add instruction: 0x7d495214
 128250: system.cpu: A0 T0 : 0x10024dbc @_dl_aux_init+348    : add        r10, r9, r10    : IntAlu :  D=0x0000000010025000  flags=(IsInteger)
 128500: global: Decode: Decoded mtctr instruction: 0x7d4903a6
 128500: system.cpu: A0 T0 : 0x10024dc0 @_dl_aux_init+352    : mtctr      r10             : IntAlu :  D=0x0000000010025000  flags=(IsInteger)
 128750: global: Decode: Decoded bcctr instruction: 0x4e800420
 128750: system.cpu: A0 T0 : 0x10024dc4 @_dl_aux_init+356    : bcctr      0, 20           : IntAlu :   flags=(IsInteger|IsControl|IsIndirectControl|IsCondControl)
 129000: global: Decode: Decoded lwa instruction: 0xeb03000e
 129000: system.cpu: A0 T0 : 0x10025000 @_dl_aux_init+928    : lwa        r24, 12(r3)     : MemRead :  D=0x0000000000000064 A=0x7fffffffee7c  flags=(IsInteger|IsLoad)
 129250: global: Decode: Decoded addi instruction: 0x38800001
 129250: system.cpu: A0 T0 : 0x10025004 @_dl_aux_init+932    : li         r4, 1           : IntAlu :  D=0x0000000000000001  flags=(IsInteger)
 129500: global: Decode: Decoded b instruction: 0x4bfffe58
 129500: system.cpu: A0 T0 : 0x10025008 @_dl_aux_init+936    : b          0x10024e60      : IntAlu :   flags=(IsControl|IsDirectControl|IsUncondControl)
 129750: global: Decode: Decoded addi instruction: 0x38630010
 129750: system.cpu: A0 T0 : 0x10024e60 @_dl_aux_init+512    : addi       r3, r3, 16      : IntAlu :  D=0x00007fffffffee80  flags=(IsInteger)
 130000: global: Decode: Decoded ld instruction: 0xe9230000
 130000: system.cpu: A0 T0 : 0x10024e64 @_dl_aux_init+516    : ld         r9, 0(r3)       : MemRead :  D=0x0000000000000003 A=0x7fffffffee80  flags=(IsInteger|IsLoad)
 130250: global: Decode: Decoded cmpi instruction: 0x2fa90000
 130250: system.cpu: A0 T0 : 0x10024e68 @_dl_aux_init+520    : cmpdi      cr7, r9, 0      : IntAlu :  D=0x0000000024000004  flags=(IsInteger)
 130500: global: Decode: Decoded bc instruction: 0x409eff34
 130500: system.cpu: A0 T0 : 0x10024e6c @_dl_aux_init+524    : bc         30, 4, 0x10024da0 : IntAlu :  D=0x0000000010025000  flags=(IsInteger|IsControl|IsDirectControl|IsCondControl)
 130750: global: Decode: Decoded addi instruction: 0x3929fffd
 130750: system.cpu: A0 T0 : 0x10024da0 @_dl_aux_init+320    : subi       r9, r9, 3       : IntAlu :  D=0x0000000000000000  flags=(IsInteger)
 131000: global: Decode: Decoded cmpli instruction: 0x2ba9001e
 131000: system.cpu: A0 T0 : 0x10024da4 @_dl_aux_init+324    : cmpldi     cr7, r9, 30     : IntAlu :  D=0x0000000024000008  flags=(IsInteger)
 131250: global: Decode: Decoded bc instruction: 0x419d00b8
 131250: system.cpu: A0 T0 : 0x10024da8 @_dl_aux_init+328    : bc         29, 12, 0x10024e60 : IntAlu :  D=0x0000000010025000  flags=(IsInteger|IsControl|IsDirectControl|IsCondControl)
 131500: global: Decode: Decoded addis instruction: 0x3d42fff7
 131500: system.cpu: A0 T0 : 0x10024dac @_dl_aux_init+332    : subis      r10, r2, 9      : IntAlu :  D=0x0000000010027d00  flags=(IsInteger)
 131750: global: Decode: Decoded addi instruction: 0x394ad0c8
 131750: system.cpu: A0 T0 : 0x10024db0 @_dl_aux_init+336    : subi       r10, r10, 12088 : IntAlu :  D=0x0000000010024dc8  flags=(IsInteger)
 132000: global: Decode: Decoded rldicr instruction: 0x79291764
 132000: system.cpu: A0 T0 : 0x10024db4 @_dl_aux_init+340    : rldicr     r9, r9, 2, 61   : IntAlu :  D=0x0000000000000000  flags=(IsInteger)
 132250: global: Decode: Decoded lwax instruction: 0x7d2a4aaa
 132250: system.cpu: A0 T0 : 0x10024db8 @_dl_aux_init+344    : lwax       r9, r10, r9     : MemRead :  D=0x0000000000000308 A=0x10024dc8  flags=(IsInteger|IsLoad)
 132500: global: Decode: Decoded add instruction: 0x7d495214
 132500: system.cpu: A0 T0 : 0x10024dbc @_dl_aux_init+348    : add        r10, r9, r10    : IntAlu :  D=0x00000000100250d0  flags=(IsInteger)
 132750: global: Decode: Decoded mtctr instruction: 0x7d4903a6
 132750: system.cpu: A0 T0 : 0x10024dc0 @_dl_aux_init+352    : mtctr      r10             : IntAlu :  D=0x00000000100250d0  flags=(IsInteger)
 133000: global: Decode: Decoded bcctr instruction: 0x4e800420
 133000: system.cpu: A0 T0 : 0x10024dc4 @_dl_aux_init+356    : bcctr      0, 20           : IntAlu :   flags=(IsInteger|IsControl|IsIndirectControl|IsCondControl)
 133250: global: Decode: Decoded ld instruction: 0xeae30008
 133250: system.cpu: A0 T0 : 0x100250d0 @_dl_aux_init+1136    : ld         r23, 8(r3)      : MemRead :  D=0x0000000010000040 A=0x7fffffffee88  flags=(IsInteger|IsLoad)
 133500: global: Decode: Decoded addi instruction: 0x38000001
 133500: system.cpu: A0 T0 : 0x100250d4 @_dl_aux_init+1140    : li         r0, 1           : IntAlu :  D=0x0000000000000001  flags=(IsInteger)
 133750: global: Decode: Decoded b instruction: 0x4bfffd88
 133750: system.cpu: A0 T0 : 0x100250d8 @_dl_aux_init+1144    : b          0x10024e60      : IntAlu :   flags=(IsControl|IsDirectControl|IsUncondControl)
 134000: global: Decode: Decoded addi instruction: 0x38630010
 134000: system.cpu: A0 T0 : 0x10024e60 @_dl_aux_init+512    : addi       r3, r3, 16      : IntAlu :  D=0x00007fffffffee90  flags=(IsInteger)
 134250: global: Decode: Decoded ld instruction: 0xe9230000
 134250: system.cpu: A0 T0 : 0x10024e64 @_dl_aux_init+516    : ld         r9, 0(r3)       : MemRead :  D=0x0000000000000004 A=0x7fffffffee90  flags=(IsInteger|IsLoad)
 134500: global: Decode: Decoded cmpi instruction: 0x2fa90000
 134500: system.cpu: A0 T0 : 0x10024e68 @_dl_aux_init+520    : cmpdi      cr7, r9, 0      : IntAlu :  D=0x0000000024000004  flags=(IsInteger)
 134750: global: Decode: Decoded bc instruction: 0x409eff34
 134750: system.cpu: A0 T0 : 0x10024e6c @_dl_aux_init+524    : bc         30, 4, 0x10024da0 : IntAlu :  D=0x00000000100250d0  flags=(IsInteger|IsControl|IsDirectControl|IsCondControl)
 135000: global: Decode: Decoded addi instruction: 0x3929fffd
 135000: system.cpu: A0 T0 : 0x10024da0 @_dl_aux_init+320    : subi       r9, r9, 3       : IntAlu :  D=0x0000000000000001  flags=(IsInteger)
 135250: global: Decode: Decoded cmpli instruction: 0x2ba9001e
 135250: system.cpu: A0 T0 : 0x10024da4 @_dl_aux_init+324    : cmpldi     cr7, r9, 30     : IntAlu :  D=0x0000000024000008  flags=(IsInteger)
 135500: global: Decode: Decoded bc instruction: 0x419d00b8
 135500: system.cpu: A0 T0 : 0x10024da8 @_dl_aux_init+328    : bc         29, 12, 0x10024e60 : IntAlu :  D=0x00000000100250d0  flags=(IsInteger|IsControl|IsDirectControl|IsCondControl)
 135750: global: Decode: Decoded addis instruction: 0x3d42fff7
 135750: system.cpu: A0 T0 : 0x10024dac @_dl_aux_init+332    : subis      r10, r2, 9      : IntAlu :  D=0x0000000010027d00  flags=(IsInteger)
 136000: global: Decode: Decoded addi instruction: 0x394ad0c8
 136000: system.cpu: A0 T0 : 0x10024db0 @_dl_aux_init+336    : subi       r10, r10, 12088 : IntAlu :  D=0x0000000010024dc8  flags=(IsInteger)
 136250: global: Decode: Decoded rldicr instruction: 0x79291764
 136250: system.cpu: A0 T0 : 0x10024db4 @_dl_aux_init+340    : rldicr     r9, r9, 2, 61   : IntAlu :  D=0x0000000000000004  flags=(IsInteger)
 136500: global: Decode: Decoded lwax instruction: 0x7d2a4aaa
 136500: system.cpu: A0 T0 : 0x10024db8 @_dl_aux_init+344    : lwax       r9, r10, r9     : MemRead :  D=0x0000000000000098 A=0x10024dcc  flags=(IsInteger|IsLoad)
 136750: global: Decode: Decoded add instruction: 0x7d495214
 136750: system.cpu: A0 T0 : 0x10024dbc @_dl_aux_init+348    : add        r10, r9, r10    : IntAlu :  D=0x0000000010024e60  flags=(IsInteger)
 137000: global: Decode: Decoded mtctr instruction: 0x7d4903a6
 137000: system.cpu: A0 T0 : 0x10024dc0 @_dl_aux_init+352    : mtctr      r10             : IntAlu :  D=0x0000000010024e60  flags=(IsInteger)
 137250: global: Decode: Decoded bcctr instruction: 0x4e800420
 137250: system.cpu: A0 T0 : 0x10024dc4 @_dl_aux_init+356    : bcctr      0, 20           : IntAlu :   flags=(IsInteger|IsControl|IsIndirectControl|IsCondControl)
 137500: global: Decode: Decoded addi instruction: 0x38630010
 137500: system.cpu: A0 T0 : 0x10024e60 @_dl_aux_init+512    : addi       r3, r3, 16      : IntAlu :  D=0x00007fffffffeea0  flags=(IsInteger)
 137750: global: Decode: Decoded ld instruction: 0xe9230000
 137750: system.cpu: A0 T0 : 0x10024e64 @_dl_aux_init+516    : ld         r9, 0(r3)       : MemRead :  D=0x0000000000000005 A=0x7fffffffeea0  flags=(IsInteger|IsLoad)
 138000: global: Decode: Decoded cmpi instruction: 0x2fa90000
 138000: system.cpu: A0 T0 : 0x10024e68 @_dl_aux_init+520    : cmpdi      cr7, r9, 0      : IntAlu :  D=0x0000000024000004  flags=(IsInteger)
 138250: global: Decode: Decoded bc instruction: 0x409eff34
 138250: system.cpu: A0 T0 : 0x10024e6c @_dl_aux_init+524    : bc         30, 4, 0x10024da0 : IntAlu :  D=0x0000000010024e60  flags=(IsInteger|IsControl|IsDirectControl|IsCondControl)
 138500: global: Decode: Decoded addi instruction: 0x3929fffd
 138500: system.cpu: A0 T0 : 0x10024da0 @_dl_aux_init+320    : subi       r9, r9, 3       : IntAlu :  D=0x0000000000000002  flags=(IsInteger)
 138750: global: Decode: Decoded cmpli instruction: 0x2ba9001e
 138750: system.cpu: A0 T0 : 0x10024da4 @_dl_aux_init+324    : cmpldi     cr7, r9, 30     : IntAlu :  D=0x0000000024000008  flags=(IsInteger)
 139000: global: Decode: Decoded bc instruction: 0x419d00b8
 139000: system.cpu: A0 T0 : 0x10024da8 @_dl_aux_init+328    : bc         29, 12, 0x10024e60 : IntAlu :  D=0x0000000010024e60  flags=(IsInteger|IsControl|IsDirectControl|IsCondControl)
 139250: global: Decode: Decoded addis instruction: 0x3d42fff7
 139250: system.cpu: A0 T0 : 0x10024dac @_dl_aux_init+332    : subis      r10, r2, 9      : IntAlu :  D=0x0000000010027d00  flags=(IsInteger)
 139500: global: Decode: Decoded addi instruction: 0x394ad0c8
 139500: system.cpu: A0 T0 : 0x10024db0 @_dl_aux_init+336    : subi       r10, r10, 12088 : IntAlu :  D=0x0000000010024dc8  flags=(IsInteger)
 139750: global: Decode: Decoded rldicr instruction: 0x79291764
 139750: system.cpu: A0 T0 : 0x10024db4 @_dl_aux_init+340    : rldicr     r9, r9, 2, 61   : IntAlu :  D=0x0000000000000008  flags=(IsInteger)
 140000: global: Decode: Decoded lwax instruction: 0x7d2a4aaa
 140000: system.cpu: A0 T0 : 0x10024db8 @_dl_aux_init+344    : lwax       r9, r10, r9     : MemRead :  D=0x0000000000000318 A=0x10024dd0  flags=(IsInteger|IsLoad)
 140250: global: Decode: Decoded add instruction: 0x7d495214
 140250: system.cpu: A0 T0 : 0x10024dbc @_dl_aux_init+348    : add        r10, r9, r10    : IntAlu :  D=0x00000000100250e0  flags=(IsInteger)
 140500: global: Decode: Decoded mtctr instruction: 0x7d4903a6
 140500: system.cpu: A0 T0 : 0x10024dc0 @_dl_aux_init+352    : mtctr      r10             : IntAlu :  D=0x00000000100250e0  flags=(IsInteger)
 140750: global: Decode: Decoded bcctr instruction: 0x4e800420
 140750: system.cpu: A0 T0 : 0x10024dc4 @_dl_aux_init+356    : bcctr      0, 20           : IntAlu :   flags=(IsInteger|IsControl|IsIndirectControl|IsCondControl)
 141000: global: Decode: Decoded ld instruction: 0xeaa30008
 141000: system.cpu: A0 T0 : 0x100250e0 @_dl_aux_init+1152    : ld         r21, 8(r3)      : MemRead :  D=0x0000000000000005 A=0x7fffffffeea8  flags=(IsInteger|IsLoad)
 141250: global: Decode: Decoded addi instruction: 0x3b400001
 141250: system.cpu: A0 T0 : 0x100250e4 @_dl_aux_init+1156    : li         r26, 1          : IntAlu :  D=0x0000000000000001  flags=(IsInteger)
 141500: global: Decode: Decoded b instruction: 0x4bfffd78
 141500: system.cpu: A0 T0 : 0x100250e8 @_dl_aux_init+1160    : b          0x10024e60      : IntAlu :   flags=(IsControl|IsDirectControl|IsUncondControl)
 141750: global: Decode: Decoded addi instruction: 0x38630010
 141750: system.cpu: A0 T0 : 0x10024e60 @_dl_aux_init+512    : addi       r3, r3, 16      : IntAlu :  D=0x00007fffffffeeb0  flags=(IsInteger)
 142000: global: Decode: Decoded ld instruction: 0xe9230000
 142000: system.cpu: A0 T0 : 0x10024e64 @_dl_aux_init+516    : ld         r9, 0(r3)       : MemRead :  D=0x0000000000000007 A=0x7fffffffeeb0  flags=(IsInteger|IsLoad)
 142250: global: Decode: Decoded cmpi instruction: 0x2fa90000
 142250: system.cpu: A0 T0 : 0x10024e68 @_dl_aux_init+520    : cmpdi      cr7, r9, 0      : IntAlu :  D=0x0000000024000004  flags=(IsInteger)
 142500: global: Decode: Decoded bc instruction: 0x409eff34
 142500: system.cpu: A0 T0 : 0x10024e6c @_dl_aux_init+524    : bc         30, 4, 0x10024da0 : IntAlu :  D=0x00000000100250e0  flags=(IsInteger|IsControl|IsDirectControl|IsCondControl)
 142750: global: Decode: Decoded addi instruction: 0x3929fffd
 142750: system.cpu: A0 T0 : 0x10024da0 @_dl_aux_init+320    : subi       r9, r9, 3       : IntAlu :  D=0x0000000000000004  flags=(IsInteger)
 143000: global: Decode: Decoded cmpli instruction: 0x2ba9001e
 143000: system.cpu: A0 T0 : 0x10024da4 @_dl_aux_init+324    : cmpldi     cr7, r9, 30     : IntAlu :  D=0x0000000024000008  flags=(IsInteger)
 143250: global: Decode: Decoded bc instruction: 0x419d00b8
 143250: system.cpu: A0 T0 : 0x10024da8 @_dl_aux_init+328    : bc         29, 12, 0x10024e60 : IntAlu :  D=0x00000000100250e0  flags=(IsInteger|IsControl|IsDirectControl|IsCondControl)
 143500: global: Decode: Decoded addis instruction: 0x3d42fff7
 143500: system.cpu: A0 T0 : 0x10024dac @_dl_aux_init+332    : subis      r10, r2, 9      : IntAlu :  D=0x0000000010027d00  flags=(IsInteger)
 143750: global: Decode: Decoded addi instruction: 0x394ad0c8
 143750: system.cpu: A0 T0 : 0x10024db0 @_dl_aux_init+336    : subi       r10, r10, 12088 : IntAlu :  D=0x0000000010024dc8  flags=(IsInteger)
 144000: global: Decode: Decoded rldicr instruction: 0x79291764
 144000: system.cpu: A0 T0 : 0x10024db4 @_dl_aux_init+340    : rldicr     r9, r9, 2, 61   : IntAlu :  D=0x0000000000000010  flags=(IsInteger)
 144250: global: Decode: Decoded lwax instruction: 0x7d2a4aaa
 144250: system.cpu: A0 T0 : 0x10024db8 @_dl_aux_init+344    : lwax       r9, r10, r9     : MemRead :  D=0x0000000000000098 A=0x10024dd8  flags=(IsInteger|IsLoad)
 144500: global: Decode: Decoded add instruction: 0x7d495214
 144500: system.cpu: A0 T0 : 0x10024dbc @_dl_aux_init+348    : add        r10, r9, r10    : IntAlu :  D=0x0000000010024e60  flags=(IsInteger)
 144750: global: Decode: Decoded mtctr instruction: 0x7d4903a6
 144750: system.cpu: A0 T0 : 0x10024dc0 @_dl_aux_init+352    : mtctr      r10             : IntAlu :  D=0x0000000010024e60  flags=(IsInteger)
 145000: global: Decode: Decoded bcctr instruction: 0x4e800420
 145000: system.cpu: A0 T0 : 0x10024dc4 @_dl_aux_init+356    : bcctr      0, 20           : IntAlu :   flags=(IsInteger|IsControl|IsIndirectControl|IsCondControl)
 145250: global: Decode: Decoded addi instruction: 0x38630010
 145250: system.cpu: A0 T0 : 0x10024e60 @_dl_aux_init+512    : addi       r3, r3, 16      : IntAlu :  D=0x00007fffffffeec0  flags=(IsInteger)
 145500: global: Decode: Decoded ld instruction: 0xe9230000
 145500: system.cpu: A0 T0 : 0x10024e64 @_dl_aux_init+516    : ld         r9, 0(r3)       : MemRead :  D=0x0000000000000008 A=0x7fffffffeec0  flags=(IsInteger|IsLoad)
 145750: global: Decode: Decoded cmpi instruction: 0x2fa90000
 145750: system.cpu: A0 T0 : 0x10024e68 @_dl_aux_init+520    : cmpdi      cr7, r9, 0      : IntAlu :  D=0x0000000024000004  flags=(IsInteger)
 146000: global: Decode: Decoded bc instruction: 0x409eff34
 146000: system.cpu: A0 T0 : 0x10024e6c @_dl_aux_init+524    : bc         30, 4, 0x10024da0 : IntAlu :  D=0x0000000010024e60  flags=(IsInteger|IsControl|IsDirectControl|IsCondControl)
 146250: global: Decode: Decoded addi instruction: 0x3929fffd
 146250: system.cpu: A0 T0 : 0x10024da0 @_dl_aux_init+320    : subi       r9, r9, 3       : IntAlu :  D=0x0000000000000005  flags=(IsInteger)
 146500: global: Decode: Decoded cmpli instruction: 0x2ba9001e
 146500: system.cpu: A0 T0 : 0x10024da4 @_dl_aux_init+324    : cmpldi     cr7, r9, 30     : IntAlu :  D=0x0000000024000008  flags=(IsInteger)
 146750: global: Decode: Decoded bc instruction: 0x419d00b8
 146750: system.cpu: A0 T0 : 0x10024da8 @_dl_aux_init+328    : bc         29, 12, 0x10024e60 : IntAlu :  D=0x0000000010024e60  flags=(IsInteger|IsControl|IsDirectControl|IsCondControl)
 147000: global: Decode: Decoded addis instruction: 0x3d42fff7
 147000: system.cpu: A0 T0 : 0x10024dac @_dl_aux_init+332    : subis      r10, r2, 9      : IntAlu :  D=0x0000000010027d00  flags=(IsInteger)
 147250: global: Decode: Decoded addi instruction: 0x394ad0c8
 147250: system.cpu: A0 T0 : 0x10024db0 @_dl_aux_init+336    : subi       r10, r10, 12088 : IntAlu :  D=0x0000000010024dc8  flags=(IsInteger)
 147500: global: Decode: Decoded rldicr instruction: 0x79291764
 147500: system.cpu: A0 T0 : 0x10024db4 @_dl_aux_init+340    : rldicr     r9, r9, 2, 61   : IntAlu :  D=0x0000000000000014  flags=(IsInteger)
 147750: global: Decode: Decoded lwax instruction: 0x7d2a4aaa
 147750: system.cpu: A0 T0 : 0x10024db8 @_dl_aux_init+344    : lwax       r9, r10, r9     : MemRead :  D=0x0000000000000098 A=0x10024ddc  flags=(IsInteger|IsLoad)
 148000: global: Decode: Decoded add instruction: 0x7d495214
 148000: system.cpu: A0 T0 : 0x10024dbc @_dl_aux_init+348    : add        r10, r9, r10    : IntAlu :  D=0x0000000010024e60  flags=(IsInteger)
 148250: global: Decode: Decoded mtctr instruction: 0x7d4903a6
 148250: system.cpu: A0 T0 : 0x10024dc0 @_dl_aux_init+352    : mtctr      r10             : IntAlu :  D=0x0000000010024e60  flags=(IsInteger)
 148500: global: Decode: Decoded bcctr instruction: 0x4e800420
 148500: system.cpu: A0 T0 : 0x10024dc4 @_dl_aux_init+356    : bcctr      0, 20           : IntAlu :   flags=(IsInteger|IsControl|IsIndirectControl|IsCondControl)
 148750: global: Decode: Decoded addi instruction: 0x38630010
 148750: system.cpu: A0 T0 : 0x10024e60 @_dl_aux_init+512    : addi       r3, r3, 16      : IntAlu :  D=0x00007fffffffeed0  flags=(IsInteger)
 149000: global: Decode: Decoded ld instruction: 0xe9230000
 149000: system.cpu: A0 T0 : 0x10024e64 @_dl_aux_init+516    : ld         r9, 0(r3)       : MemRead :  D=0x0000000000000009 A=0x7fffffffeed0  flags=(IsInteger|IsLoad)
 149250: global: Decode: Decoded cmpi instruction: 0x2fa90000
 149250: system.cpu: A0 T0 : 0x10024e68 @_dl_aux_init+520    : cmpdi      cr7, r9, 0      : IntAlu :  D=0x0000000024000004  flags=(IsInteger)
 149500: global: Decode: Decoded bc instruction: 0x409eff34
 149500: system.cpu: A0 T0 : 0x10024e6c @_dl_aux_init+524    : bc         30, 4, 0x10024da0 : IntAlu :  D=0x0000000010024e60  flags=(IsInteger|IsControl|IsDirectControl|IsCondControl)
 149750: global: Decode: Decoded addi instruction: 0x3929fffd
 149750: system.cpu: A0 T0 : 0x10024da0 @_dl_aux_init+320    : subi       r9, r9, 3       : IntAlu :  D=0x0000000000000006  flags=(IsInteger)
 150000: global: Decode: Decoded cmpli instruction: 0x2ba9001e
 150000: system.cpu: A0 T0 : 0x10024da4 @_dl_aux_init+324    : cmpldi     cr7, r9, 30     : IntAlu :  D=0x0000000024000008  flags=(IsInteger)
 150250: global: Decode: Decoded bc instruction: 0x419d00b8
 150250: system.cpu: A0 T0 : 0x10024da8 @_dl_aux_init+328    : bc         29, 12, 0x10024e60 : IntAlu :  D=0x0000000010024e60  flags=(IsInteger|IsControl|IsDirectControl|IsCondControl)
 150500: global: Decode: Decoded addis instruction: 0x3d42fff7
 150500: system.cpu: A0 T0 : 0x10024dac @_dl_aux_init+332    : subis      r10, r2, 9      : IntAlu :  D=0x0000000010027d00  flags=(IsInteger)
 150750: global: Decode: Decoded addi instruction: 0x394ad0c8
 150750: system.cpu: A0 T0 : 0x10024db0 @_dl_aux_init+336    : subi       r10, r10, 12088 : IntAlu :  D=0x0000000010024dc8  flags=(IsInteger)
 151000: global: Decode: Decoded rldicr instruction: 0x79291764
 151000: system.cpu: A0 T0 : 0x10024db4 @_dl_aux_init+340    : rldicr     r9, r9, 2, 61   : IntAlu :  D=0x0000000000000018  flags=(IsInteger)
 151250: global: Decode: Decoded lwax instruction: 0x7d2a4aaa
 151250: system.cpu: A0 T0 : 0x10024db8 @_dl_aux_init+344    : lwax       r9, r10, r9     : MemRead :  D=0x0000000000000098 A=0x10024de0  flags=(IsInteger|IsLoad)
 151500: global: Decode: Decoded add instruction: 0x7d495214
 151500: system.cpu: A0 T0 : 0x10024dbc @_dl_aux_init+348    : add        r10, r9, r10    : IntAlu :  D=0x0000000010024e60  flags=(IsInteger)
 151750: global: Decode: Decoded mtctr instruction: 0x7d4903a6
 151750: system.cpu: A0 T0 : 0x10024dc0 @_dl_aux_init+352    : mtctr      r10             : IntAlu :  D=0x0000000010024e60  flags=(IsInteger)
 152000: global: Decode: Decoded bcctr instruction: 0x4e800420
 152000: system.cpu: A0 T0 : 0x10024dc4 @_dl_aux_init+356    : bcctr      0, 20           : IntAlu :   flags=(IsInteger|IsControl|IsIndirectControl|IsCondControl)
 152250: global: Decode: Decoded addi instruction: 0x38630010
 152250: system.cpu: A0 T0 : 0x10024e60 @_dl_aux_init+512    : addi       r3, r3, 16      : IntAlu :  D=0x00007fffffffeee0  flags=(IsInteger)
 152500: global: Decode: Decoded ld instruction: 0xe9230000
 152500: system.cpu: A0 T0 : 0x10024e64 @_dl_aux_init+516    : ld         r9, 0(r3)       : MemRead :  D=0x000000000000000b A=0x7fffffffeee0  flags=(IsInteger|IsLoad)
 152750: global: Decode: Decoded cmpi instruction: 0x2fa90000
 152750: system.cpu: A0 T0 : 0x10024e68 @_dl_aux_init+520    : cmpdi      cr7, r9, 0      : IntAlu :  D=0x0000000024000004  flags=(IsInteger)
 153000: global: Decode: Decoded bc instruction: 0x409eff34
 153000: system.cpu: A0 T0 : 0x10024e6c @_dl_aux_init+524    : bc         30, 4, 0x10024da0 : IntAlu :  D=0x0000000010024e60  flags=(IsInteger|IsControl|IsDirectControl|IsCondControl)
 153250: global: Decode: Decoded addi instruction: 0x3929fffd
 153250: system.cpu: A0 T0 : 0x10024da0 @_dl_aux_init+320    : subi       r9, r9, 3       : IntAlu :  D=0x0000000000000008  flags=(IsInteger)
 153500: global: Decode: Decoded cmpli instruction: 0x2ba9001e
 153500: system.cpu: A0 T0 : 0x10024da4 @_dl_aux_init+324    : cmpldi     cr7, r9, 30     : IntAlu :  D=0x0000000024000008  flags=(IsInteger)
 153750: global: Decode: Decoded bc instruction: 0x419d00b8
 153750: system.cpu: A0 T0 : 0x10024da8 @_dl_aux_init+328    : bc         29, 12, 0x10024e60 : IntAlu :  D=0x0000000010024e60  flags=(IsInteger|IsControl|IsDirectControl|IsCondControl)
 154000: global: Decode: Decoded addis instruction: 0x3d42fff7
 154000: system.cpu: A0 T0 : 0x10024dac @_dl_aux_init+332    : subis      r10, r2, 9      : IntAlu :  D=0x0000000010027d00  flags=(IsInteger)
 154250: global: Decode: Decoded addi instruction: 0x394ad0c8
 154250: system.cpu: A0 T0 : 0x10024db0 @_dl_aux_init+336    : subi       r10, r10, 12088 : IntAlu :  D=0x0000000010024dc8  flags=(IsInteger)
 154500: global: Decode: Decoded rldicr instruction: 0x79291764
 154500: system.cpu: A0 T0 : 0x10024db4 @_dl_aux_init+340    : rldicr     r9, r9, 2, 61   : IntAlu :  D=0x0000000000000020  flags=(IsInteger)
 154750: global: Decode: Decoded lwax instruction: 0x7d2a4aaa
 154750: system.cpu: A0 T0 : 0x10024db8 @_dl_aux_init+344    : lwax       r9, r10, r9     : MemRead :  D=0x00000000000002c8 A=0x10024de8  flags=(IsInteger|IsLoad)
 155000: global: Decode: Decoded add instruction: 0x7d495214
 155000: system.cpu: A0 T0 : 0x10024dbc @_dl_aux_init+348    : add        r10, r9, r10    : IntAlu :  D=0x0000000010025090  flags=(IsInteger)
 155250: global: Decode: Decoded mtctr instruction: 0x7d4903a6
 155250: system.cpu: A0 T0 : 0x10024dc0 @_dl_aux_init+352    : mtctr      r10             : IntAlu :  D=0x0000000010025090  flags=(IsInteger)
 155500: global: Decode: Decoded bcctr instruction: 0x4e800420
 155500: system.cpu: A0 T0 : 0x10024dc4 @_dl_aux_init+356    : bcctr      0, 20           : IntAlu :   flags=(IsInteger|IsControl|IsIndirectControl|IsCondControl)
 155750: global: Decode: Decoded ld instruction: 0xe9230008
 155750: system.cpu: A0 T0 : 0x10025090 @_dl_aux_init+1072    : ld         r9, 8(r3)       : MemRead :  D=0x0000000000000064 A=0x7fffffffeee8  flags=(IsInteger|IsLoad)
 156000: global: Decode: Decoded ori instruction: 0x61080001
 156000: system.cpu: A0 T0 : 0x10025094 @_dl_aux_init+1076    : ori        r8, r8, 1       : IntAlu :  D=0x0000000000000001  flags=(IsInteger)
 156250: global: Decode: Decoded extsw instruction: 0x7d0807b4
 156250: system.cpu: A0 T0 : 0x10025098 @_dl_aux_init+1080    : extsw      r8, r8          : IntAlu :  D=0x0000000000000001  flags=(IsInteger)
 156500: global: Decode: Decoded xor instruction: 0x7d273a78
 156500: system.cpu: A0 T0 : 0x1002509c @_dl_aux_init+1084    : xor        r7, r9, r7      : IntAlu :  D=0x0000000000000064  flags=(IsInteger)
 156750: global: Decode: Decoded rldicl instruction: 0x78e70020
 156750: system.cpu: A0 T0 : 0x100250a0 @_dl_aux_init+1088    : clrldi     r7, r7, 32      : IntAlu :  D=0x0000000000000064  flags=(IsInteger)
 157000: global: Decode: Decoded b instruction: 0x4bfffdbc
 157000: system.cpu: A0 T0 : 0x100250a4 @_dl_aux_init+1092    : b          0x10024e60      : IntAlu :   flags=(IsControl|IsDirectControl|IsUncondControl)
 157250: global: Decode: Decoded addi instruction: 0x38630010
 157250: system.cpu: A0 T0 : 0x10024e60 @_dl_aux_init+512    : addi       r3, r3, 16      : IntAlu :  D=0x00007fffffffeef0  flags=(IsInteger)
 157500: global: Decode: Decoded ld instruction: 0xe9230000
 157500: system.cpu: A0 T0 : 0x10024e64 @_dl_aux_init+516    : ld         r9, 0(r3)       : MemRead :  D=0x000000000000000c A=0x7fffffffeef0  flags=(IsInteger|IsLoad)
 157750: global: Decode: Decoded cmpi instruction: 0x2fa90000
 157750: system.cpu: A0 T0 : 0x10024e68 @_dl_aux_init+520    : cmpdi      cr7, r9, 0      : IntAlu :  D=0x0000000024000004  flags=(IsInteger)
 158000: global: Decode: Decoded bc instruction: 0x409eff34
 158000: system.cpu: A0 T0 : 0x10024e6c @_dl_aux_init+524    : bc         30, 4, 0x10024da0 : IntAlu :  D=0x0000000010025090  flags=(IsInteger|IsControl|IsDirectControl|IsCondControl)
 158250: global: Decode: Decoded addi instruction: 0x3929fffd
 158250: system.cpu: A0 T0 : 0x10024da0 @_dl_aux_init+320    : subi       r9, r9, 3       : IntAlu :  D=0x0000000000000009  flags=(IsInteger)
 158500: global: Decode: Decoded cmpli instruction: 0x2ba9001e
 158500: system.cpu: A0 T0 : 0x10024da4 @_dl_aux_init+324    : cmpldi     cr7, r9, 30     : IntAlu :  D=0x0000000024000008  flags=(IsInteger)
 158750: global: Decode: Decoded bc instruction: 0x419d00b8
 158750: system.cpu: A0 T0 : 0x10024da8 @_dl_aux_init+328    : bc         29, 12, 0x10024e60 : IntAlu :  D=0x0000000010025090  flags=(IsInteger|IsControl|IsDirectControl|IsCondControl)
 159000: global: Decode: Decoded addis instruction: 0x3d42fff7
 159000: system.cpu: A0 T0 : 0x10024dac @_dl_aux_init+332    : subis      r10, r2, 9      : IntAlu :  D=0x0000000010027d00  flags=(IsInteger)
 159250: global: Decode: Decoded addi instruction: 0x394ad0c8
 159250: system.cpu: A0 T0 : 0x10024db0 @_dl_aux_init+336    : subi       r10, r10, 12088 : IntAlu :  D=0x0000000010024dc8  flags=(IsInteger)
 159500: global: Decode: Decoded rldicr instruction: 0x79291764
 159500: system.cpu: A0 T0 : 0x10024db4 @_dl_aux_init+340    : rldicr     r9, r9, 2, 61   : IntAlu :  D=0x0000000000000024  flags=(IsInteger)
 159750: global: Decode: Decoded lwax instruction: 0x7d2a4aaa
 159750: system.cpu: A0 T0 : 0x10024db8 @_dl_aux_init+344    : lwax       r9, r10, r9     : MemRead :  D=0x00000000000002a8 A=0x10024dec  flags=(IsInteger|IsLoad)
 160000: global: Decode: Decoded add instruction: 0x7d495214
 160000: system.cpu: A0 T0 : 0x10024dbc @_dl_aux_init+348    : add        r10, r9, r10    : IntAlu :  D=0x0000000010025070  flags=(IsInteger)
 160250: global: Decode: Decoded mtctr instruction: 0x7d4903a6
 160250: system.cpu: A0 T0 : 0x10024dc0 @_dl_aux_init+352    : mtctr      r10             : IntAlu :  D=0x0000000010025070  flags=(IsInteger)
 160500: global: Decode: Decoded bcctr instruction: 0x4e800420
 160500: system.cpu: A0 T0 : 0x10024dc4 @_dl_aux_init+356    : bcctr      0, 20           : IntAlu :   flags=(IsInteger|IsControl|IsIndirectControl|IsCondControl)
 160750: global: Decode: Decoded ld instruction: 0xe9230008
 160750: system.cpu: A0 T0 : 0x10025070 @_dl_aux_init+1040    : ld         r9, 8(r3)       : MemRead :  D=0x0000000000000064 A=0x7fffffffeef8  flags=(IsInteger|IsLoad)
 161000: global: Decode: Decoded ori instruction: 0x61080002
 161000: system.cpu: A0 T0 : 0x10025074 @_dl_aux_init+1044    : ori        r8, r8, 2       : IntAlu :  D=0x0000000000000003  flags=(IsInteger)
 161250: global: Decode: Decoded extsw instruction: 0x7d0807b4
 161250: system.cpu: A0 T0 : 0x10025078 @_dl_aux_init+1048    : extsw      r8, r8          : IntAlu :  D=0x0000000000000003  flags=(IsInteger)
 161500: global: Decode: Decoded xor instruction: 0x7d273a78
 161500: system.cpu: A0 T0 : 0x1002507c @_dl_aux_init+1052    : xor        r7, r9, r7      : IntAlu :  D=0x0000000000000000  flags=(IsInteger)
 161750: global: Decode: Decoded rldicl instruction: 0x78e70020
 161750: system.cpu: A0 T0 : 0x10025080 @_dl_aux_init+1056    : clrldi     r7, r7, 32      : IntAlu :  D=0x0000000000000000  flags=(IsInteger)
 162000: global: Decode: Decoded b instruction: 0x4bfffddc
 162000: system.cpu: A0 T0 : 0x10025084 @_dl_aux_init+1060    : b          0x10024e60      : IntAlu :   flags=(IsControl|IsDirectControl|IsUncondControl)
 162250: global: Decode: Decoded addi instruction: 0x38630010
 162250: system.cpu: A0 T0 : 0x10024e60 @_dl_aux_init+512    : addi       r3, r3, 16      : IntAlu :  D=0x00007fffffffef00  flags=(IsInteger)
 162500: global: Decode: Decoded ld instruction: 0xe9230000
 162500: system.cpu: A0 T0 : 0x10024e64 @_dl_aux_init+516    : ld         r9, 0(r3)       : MemRead :  D=0x000000000000000d A=0x7fffffffef00  flags=(IsInteger|IsLoad)
 162750: global: Decode: Decoded cmpi instruction: 0x2fa90000
 162750: system.cpu: A0 T0 : 0x10024e68 @_dl_aux_init+520    : cmpdi      cr7, r9, 0      : IntAlu :  D=0x0000000024000004  flags=(IsInteger)
 163000: global: Decode: Decoded bc instruction: 0x409eff34
 163000: system.cpu: A0 T0 : 0x10024e6c @_dl_aux_init+524    : bc         30, 4, 0x10024da0 : IntAlu :  D=0x0000000010025070  flags=(IsInteger|IsControl|IsDirectControl|IsCondControl)
 163250: global: Decode: Decoded addi instruction: 0x3929fffd
 163250: system.cpu: A0 T0 : 0x10024da0 @_dl_aux_init+320    : subi       r9, r9, 3       : IntAlu :  D=0x000000000000000a  flags=(IsInteger)
 163500: global: Decode: Decoded cmpli instruction: 0x2ba9001e
 163500: system.cpu: A0 T0 : 0x10024da4 @_dl_aux_init+324    : cmpldi     cr7, r9, 30     : IntAlu :  D=0x0000000024000008  flags=(IsInteger)
 163750: global: Decode: Decoded bc instruction: 0x419d00b8
 163750: system.cpu: A0 T0 : 0x10024da8 @_dl_aux_init+328    : bc         29, 12, 0x10024e60 : IntAlu :  D=0x0000000010025070  flags=(IsInteger|IsControl|IsDirectControl|IsCondControl)
 164000: global: Decode: Decoded addis instruction: 0x3d42fff7
 164000: system.cpu: A0 T0 : 0x10024dac @_dl_aux_init+332    : subis      r10, r2, 9      : IntAlu :  D=0x0000000010027d00  flags=(IsInteger)
 164250: global: Decode: Decoded addi instruction: 0x394ad0c8
 164250: system.cpu: A0 T0 : 0x10024db0 @_dl_aux_init+336    : subi       r10, r10, 12088 : IntAlu :  D=0x0000000010024dc8  flags=(IsInteger)
 164500: global: Decode: Decoded rldicr instruction: 0x79291764
 164500: system.cpu: A0 T0 : 0x10024db4 @_dl_aux_init+340    : rldicr     r9, r9, 2, 61   : IntAlu :  D=0x0000000000000028  flags=(IsInteger)
 164750: global: Decode: Decoded lwax instruction: 0x7d2a4aaa
 164750: system.cpu: A0 T0 : 0x10024db8 @_dl_aux_init+344    : lwax       r9, r10, r9     : MemRead :  D=0x0000000000000288 A=0x10024df0  flags=(IsInteger|IsLoad)
 165000: global: Decode: Decoded add instruction: 0x7d495214
 165000: system.cpu: A0 T0 : 0x10024dbc @_dl_aux_init+348    : add        r10, r9, r10    : IntAlu :  D=0x0000000010025050  flags=(IsInteger)
 165250: global: Decode: Decoded mtctr instruction: 0x7d4903a6
 165250: system.cpu: A0 T0 : 0x10024dc0 @_dl_aux_init+352    : mtctr      r10             : IntAlu :  D=0x0000000010025050  flags=(IsInteger)
 165500: global: Decode: Decoded bcctr instruction: 0x4e800420
 165500: system.cpu: A0 T0 : 0x10024dc4 @_dl_aux_init+356    : bcctr      0, 20           : IntAlu :   flags=(IsInteger|IsControl|IsIndirectControl|IsCondControl)
 165750: global: Decode: Decoded ld instruction: 0xe9230008
 165750: system.cpu: A0 T0 : 0x10025050 @_dl_aux_init+1008    : ld         r9, 8(r3)       : MemRead :  D=0x0000000000000064 A=0x7fffffffef08  flags=(IsInteger|IsLoad)
 166000: global: Decode: Decoded ori instruction: 0x61080004
 166000: system.cpu: A0 T0 : 0x10025054 @_dl_aux_init+1012    : ori        r8, r8, 4       : IntAlu :  D=0x0000000000000007  flags=(IsInteger)
 166250: global: Decode: Decoded extsw instruction: 0x7d0807b4
 166250: system.cpu: A0 T0 : 0x10025058 @_dl_aux_init+1016    : extsw      r8, r8          : IntAlu :  D=0x0000000000000007  flags=(IsInteger)
 166500: global: Decode: Decoded xor instruction: 0x7d263278
 166500: system.cpu: A0 T0 : 0x1002505c @_dl_aux_init+1020    : xor        r6, r9, r6      : IntAlu :  D=0x0000000000000064  flags=(IsInteger)
 166750: global: Decode: Decoded rldicl instruction: 0x78c60020
 166750: system.cpu: A0 T0 : 0x10025060 @_dl_aux_init+1024    : clrldi     r6, r6, 32      : IntAlu :  D=0x0000000000000064  flags=(IsInteger)
 167000: global: Decode: Decoded b instruction: 0x4bfffdfc
 167000: system.cpu: A0 T0 : 0x10025064 @_dl_aux_init+1028    : b          0x10024e60      : IntAlu :   flags=(IsControl|IsDirectControl|IsUncondControl)
 167250: global: Decode: Decoded addi instruction: 0x38630010
 167250: system.cpu: A0 T0 : 0x10024e60 @_dl_aux_init+512    : addi       r3, r3, 16      : IntAlu :  D=0x00007fffffffef10  flags=(IsInteger)
 167500: global: Decode: Decoded ld instruction: 0xe9230000
 167500: system.cpu: A0 T0 : 0x10024e64 @_dl_aux_init+516    : ld         r9, 0(r3)       : MemRead :  D=0x000000000000000e A=0x7fffffffef10  flags=(IsInteger|IsLoad)
 167750: global: Decode: Decoded cmpi instruction: 0x2fa90000
 167750: system.cpu: A0 T0 : 0x10024e68 @_dl_aux_init+520    : cmpdi      cr7, r9, 0      : IntAlu :  D=0x0000000024000004  flags=(IsInteger)
 168000: global: Decode: Decoded bc instruction: 0x409eff34
 168000: system.cpu: A0 T0 : 0x10024e6c @_dl_aux_init+524    : bc         30, 4, 0x10024da0 : IntAlu :  D=0x0000000010025050  flags=(IsInteger|IsControl|IsDirectControl|IsCondControl)
 168250: global: Decode: Decoded addi instruction: 0x3929fffd
 168250: system.cpu: A0 T0 : 0x10024da0 @_dl_aux_init+320    : subi       r9, r9, 3       : IntAlu :  D=0x000000000000000b  flags=(IsInteger)
 168500: global: Decode: Decoded cmpli instruction: 0x2ba9001e
 168500: system.cpu: A0 T0 : 0x10024da4 @_dl_aux_init+324    : cmpldi     cr7, r9, 30     : IntAlu :  D=0x0000000024000008  flags=(IsInteger)
 168750: global: Decode: Decoded bc instruction: 0x419d00b8
 168750: system.cpu: A0 T0 : 0x10024da8 @_dl_aux_init+328    : bc         29, 12, 0x10024e60 : IntAlu :  D=0x0000000010025050  flags=(IsInteger|IsControl|IsDirectControl|IsCondControl)
 169000: global: Decode: Decoded addis instruction: 0x3d42fff7
 169000: system.cpu: A0 T0 : 0x10024dac @_dl_aux_init+332    : subis      r10, r2, 9      : IntAlu :  D=0x0000000010027d00  flags=(IsInteger)
 169250: global: Decode: Decoded addi instruction: 0x394ad0c8
 169250: system.cpu: A0 T0 : 0x10024db0 @_dl_aux_init+336    : subi       r10, r10, 12088 : IntAlu :  D=0x0000000010024dc8  flags=(IsInteger)
 169500: global: Decode: Decoded rldicr instruction: 0x79291764
 169500: system.cpu: A0 T0 : 0x10024db4 @_dl_aux_init+340    : rldicr     r9, r9, 2, 61   : IntAlu :  D=0x000000000000002c  flags=(IsInteger)
 169750: global: Decode: Decoded lwax instruction: 0x7d2a4aaa
 169750: system.cpu: A0 T0 : 0x10024db8 @_dl_aux_init+344    : lwax       r9, r10, r9     : MemRead :  D=0x0000000000000268 A=0x10024df4  flags=(IsInteger|IsLoad)
 170000: global: Decode: Decoded add instruction: 0x7d495214
 170000: system.cpu: A0 T0 : 0x10024dbc @_dl_aux_init+348    : add        r10, r9, r10    : IntAlu :  D=0x0000000010025030  flags=(IsInteger)
 170250: global: Decode: Decoded mtctr instruction: 0x7d4903a6
 170250: system.cpu: A0 T0 : 0x10024dc0 @_dl_aux_init+352    : mtctr      r10             : IntAlu :  D=0x0000000010025030  flags=(IsInteger)
 170500: global: Decode: Decoded bcctr instruction: 0x4e800420
 170500: system.cpu: A0 T0 : 0x10024dc4 @_dl_aux_init+356    : bcctr      0, 20           : IntAlu :   flags=(IsInteger|IsControl|IsIndirectControl|IsCondControl)
 170750: global: Decode: Decoded ld instruction: 0xe9230008
 170750: system.cpu: A0 T0 : 0x10025030 @_dl_aux_init+976    : ld         r9, 8(r3)       : MemRead :  D=0x0000000000000064 A=0x7fffffffef18  flags=(IsInteger|IsLoad)
 171000: global: Decode: Decoded ori instruction: 0x61080008
 171000: system.cpu: A0 T0 : 0x10025034 @_dl_aux_init+980    : ori        r8, r8, 8       : IntAlu :  D=0x000000000000000f  flags=(IsInteger)
 171250: global: Decode: Decoded extsw instruction: 0x7d0807b4
 171250: system.cpu: A0 T0 : 0x10025038 @_dl_aux_init+984    : extsw      r8, r8          : IntAlu :  D=0x000000000000000f  flags=(IsInteger)
 171500: global: Decode: Decoded xor instruction: 0x7d263278
 171500: system.cpu: A0 T0 : 0x1002503c @_dl_aux_init+988    : xor        r6, r9, r6      : IntAlu :  D=0x0000000000000000  flags=(IsInteger)
 171750: global: Decode: Decoded rldicl instruction: 0x78c60020
 171750: system.cpu: A0 T0 : 0x10025040 @_dl_aux_init+992    : clrldi     r6, r6, 32      : IntAlu :  D=0x0000000000000000  flags=(IsInteger)
 172000: global: Decode: Decoded b instruction: 0x4bfffe1c
 172000: system.cpu: A0 T0 : 0x10025044 @_dl_aux_init+996    : b          0x10024e60      : IntAlu :   flags=(IsControl|IsDirectControl|IsUncondControl)
 172250: global: Decode: Decoded addi instruction: 0x38630010
 172250: system.cpu: A0 T0 : 0x10024e60 @_dl_aux_init+512    : addi       r3, r3, 16      : IntAlu :  D=0x00007fffffffef20  flags=(IsInteger)
 172500: global: Decode: Decoded ld instruction: 0xe9230000
 172500: system.cpu: A0 T0 : 0x10024e64 @_dl_aux_init+516    : ld         r9, 0(r3)       : MemRead :  D=0x0000000000000017 A=0x7fffffffef20  flags=(IsInteger|IsLoad)
 172750: global: Decode: Decoded cmpi instruction: 0x2fa90000
 172750: system.cpu: A0 T0 : 0x10024e68 @_dl_aux_init+520    : cmpdi      cr7, r9, 0      : IntAlu :  D=0x0000000024000004  flags=(IsInteger)
 173000: global: Decode: Decoded bc instruction: 0x409eff34
 173000: system.cpu: A0 T0 : 0x10024e6c @_dl_aux_init+524    : bc         30, 4, 0x10024da0 : IntAlu :  D=0x0000000010025030  flags=(IsInteger|IsControl|IsDirectControl|IsCondControl)
 173250: global: Decode: Decoded addi instruction: 0x3929fffd
 173250: system.cpu: A0 T0 : 0x10024da0 @_dl_aux_init+320    : subi       r9, r9, 3       : IntAlu :  D=0x0000000000000014  flags=(IsInteger)
 173500: global: Decode: Decoded cmpli instruction: 0x2ba9001e
 173500: system.cpu: A0 T0 : 0x10024da4 @_dl_aux_init+324    : cmpldi     cr7, r9, 30     : IntAlu :  D=0x0000000024000008  flags=(IsInteger)
 173750: global: Decode: Decoded bc instruction: 0x419d00b8
 173750: system.cpu: A0 T0 : 0x10024da8 @_dl_aux_init+328    : bc         29, 12, 0x10024e60 : IntAlu :  D=0x0000000010025030  flags=(IsInteger|IsControl|IsDirectControl|IsCondControl)
 174000: global: Decode: Decoded addis instruction: 0x3d42fff7
 174000: system.cpu: A0 T0 : 0x10024dac @_dl_aux_init+332    : subis      r10, r2, 9      : IntAlu :  D=0x0000000010027d00  flags=(IsInteger)
 174250: global: Decode: Decoded addi instruction: 0x394ad0c8
 174250: system.cpu: A0 T0 : 0x10024db0 @_dl_aux_init+336    : subi       r10, r10, 12088 : IntAlu :  D=0x0000000010024dc8  flags=(IsInteger)
 174500: global: Decode: Decoded rldicr instruction: 0x79291764
 174500: system.cpu: A0 T0 : 0x10024db4 @_dl_aux_init+340    : rldicr     r9, r9, 2, 61   : IntAlu :  D=0x0000000000000050  flags=(IsInteger)
 174750: global: Decode: Decoded lwax instruction: 0x7d2a4aaa
 174750: system.cpu: A0 T0 : 0x10024db8 @_dl_aux_init+344    : lwax       r9, r10, r9     : MemRead :  D=0x0000000000000208 A=0x10024e18  flags=(IsInteger|IsLoad)
 175000: global: Decode: Decoded add instruction: 0x7d495214
 175000: system.cpu: A0 T0 : 0x10024dbc @_dl_aux_init+348    : add        r10, r9, r10    : IntAlu :  D=0x0000000010024fd0  flags=(IsInteger)
 175250: global: Decode: Decoded mtctr instruction: 0x7d4903a6
 175250: system.cpu: A0 T0 : 0x10024dc0 @_dl_aux_init+352    : mtctr      r10             : IntAlu :  D=0x0000000010024fd0  flags=(IsInteger)
 175500: global: Decode: Decoded bcctr instruction: 0x4e800420
 175500: system.cpu: A0 T0 : 0x10024dc4 @_dl_aux_init+356    : bcctr      0, 20           : IntAlu :   flags=(IsInteger|IsControl|IsIndirectControl|IsCondControl)
 175750: global: Decode: Decoded lwa instruction: 0xe923000e
 175750: system.cpu: A0 T0 : 0x10024fd0 @_dl_aux_init+880    : lwa        r9, 12(r3)      : MemRead :  D=0x0000000000000000 A=0x7fffffffef2c  flags=(IsInteger|IsLoad)
 176000: global: Decode: Decoded addi instruction: 0x3900ffff
 176000: system.cpu: A0 T0 : 0x10024fd4 @_dl_aux_init+884    : li         r8, -1          : IntAlu :  D=0xffffffffffffffff  flags=(IsInteger)
 176250: global: Decode: Decoded std instruction: 0xf921ff38
 176250: system.cpu: A0 T0 : 0x10024fd8 @_dl_aux_init+888    : std        r9, -200(r1)    : MemWrite :  D=0x0000000000000000 A=0x7fffffffe958  flags=(IsInteger|IsStore)
 176500: global: Decode: Decoded addi instruction: 0x39200001
 176500: system.cpu: A0 T0 : 0x10024fdc @_dl_aux_init+892    : li         r9, 1           : IntAlu :  D=0x0000000000000001  flags=(IsInteger)
 176750: global: Decode: Decoded std instruction: 0xf921ff50
 176750: system.cpu: A0 T0 : 0x10024fe0 @_dl_aux_init+896    : std        r9, -176(r1)    : MemWrite :  D=0x0000000000000001 A=0x7fffffffe970  flags=(IsInteger|IsStore)
 177000: global: Decode: Decoded std instruction: 0xf921ff48
 177000: system.cpu: A0 T0 : 0x10024fe4 @_dl_aux_init+900    : std        r9, -184(r1)    : MemWrite :  D=0x0000000000000001 A=0x7fffffffe968  flags=(IsInteger|IsStore)
 177250: global: Decode: Decoded std instruction: 0xf921ff40
 177250: system.cpu: A0 T0 : 0x10024fe8 @_dl_aux_init+904    : std        r9, -192(r1)    : MemWrite :  D=0x0000000000000001 A=0x7fffffffe960  flags=(IsInteger|IsStore)
 177500: global: Decode: Decoded b instruction: 0x4bfffe74
 177500: system.cpu: A0 T0 : 0x10024fec @_dl_aux_init+908    : b          0x10024e60      : IntAlu :   flags=(IsControl|IsDirectControl|IsUncondControl)
 177750: global: Decode: Decoded addi instruction: 0x38630010
 177750: system.cpu: A0 T0 : 0x10024e60 @_dl_aux_init+512    : addi       r3, r3, 16      : IntAlu :  D=0x00007fffffffef30  flags=(IsInteger)
 178000: global: Decode: Decoded ld instruction: 0xe9230000
 178000: system.cpu: A0 T0 : 0x10024e64 @_dl_aux_init+516    : ld         r9, 0(r3)       : MemRead :  D=0x0000000000000019 A=0x7fffffffef30  flags=(IsInteger|IsLoad)
 178250: global: Decode: Decoded cmpi instruction: 0x2fa90000
 178250: system.cpu: A0 T0 : 0x10024e68 @_dl_aux_init+520    : cmpdi      cr7, r9, 0      : IntAlu :  D=0x0000000024000004  flags=(IsInteger)
 178500: global: Decode: Decoded bc instruction: 0x409eff34
 178500: system.cpu: A0 T0 : 0x10024e6c @_dl_aux_init+524    : bc         30, 4, 0x10024da0 : IntAlu :  D=0x0000000010024fd0  flags=(IsInteger|IsControl|IsDirectControl|IsCondControl)
 178750: global: Decode: Decoded addi instruction: 0x3929fffd
 178750: system.cpu: A0 T0 : 0x10024da0 @_dl_aux_init+320    : subi       r9, r9, 3       : IntAlu :  D=0x0000000000000016  flags=(IsInteger)
 179000: global: Decode: Decoded cmpli instruction: 0x2ba9001e
 179000: system.cpu: A0 T0 : 0x10024da4 @_dl_aux_init+324    : cmpldi     cr7, r9, 30     : IntAlu :  D=0x0000000024000008  flags=(IsInteger)
 179250: global: Decode: Decoded bc instruction: 0x419d00b8
 179250: system.cpu: A0 T0 : 0x10024da8 @_dl_aux_init+328    : bc         29, 12, 0x10024e60 : IntAlu :  D=0x0000000010024fd0  flags=(IsInteger|IsControl|IsDirectControl|IsCondControl)
 179500: global: Decode: Decoded addis instruction: 0x3d42fff7
 179500: system.cpu: A0 T0 : 0x10024dac @_dl_aux_init+332    : subis      r10, r2, 9      : IntAlu :  D=0x0000000010027d00  flags=(IsInteger)
 179750: global: Decode: Decoded addi instruction: 0x394ad0c8
 179750: system.cpu: A0 T0 : 0x10024db0 @_dl_aux_init+336    : subi       r10, r10, 12088 : IntAlu :  D=0x0000000010024dc8  flags=(IsInteger)
 180000: global: Decode: Decoded rldicr instruction: 0x79291764
 180000: system.cpu: A0 T0 : 0x10024db4 @_dl_aux_init+340    : rldicr     r9, r9, 2, 61   : IntAlu :  D=0x0000000000000058  flags=(IsInteger)
 180250: global: Decode: Decoded lwax instruction: 0x7d2a4aaa
 180250: system.cpu: A0 T0 : 0x10024db8 @_dl_aux_init+344    : lwax       r9, r10, r9     : MemRead :  D=0x00000000000001e8 A=0x10024e20  flags=(IsInteger|IsLoad)
 180500: global: Decode: Decoded add instruction: 0x7d495214
 180500: system.cpu: A0 T0 : 0x10024dbc @_dl_aux_init+348    : add        r10, r9, r10    : IntAlu :  D=0x0000000010024fb0  flags=(IsInteger)
 180750: global: Decode: Decoded mtctr instruction: 0x7d4903a6
 180750: system.cpu: A0 T0 : 0x10024dc0 @_dl_aux_init+352    : mtctr      r10             : IntAlu :  D=0x0000000010024fb0  flags=(IsInteger)
 181000: global: Decode: Decoded bcctr instruction: 0x4e800420
 181000: system.cpu: A0 T0 : 0x10024dc4 @_dl_aux_init+356    : bcctr      0, 20           : IntAlu :   flags=(IsInteger|IsControl|IsIndirectControl|IsCondControl)
 181250: global: Decode: Decoded ld instruction: 0xe9230008
 181250: system.cpu: A0 T0 : 0x10024fb0 @_dl_aux_init+848    : ld         r9, 8(r3)       : MemRead :  D=0x00007fffffffefb7 A=0x7fffffffef38  flags=(IsInteger|IsLoad)
 181500: global: Decode: Decoded std instruction: 0xf921ff58
 181500: system.cpu: A0 T0 : 0x10024fb4 @_dl_aux_init+852    : std        r9, -168(r1)    : MemWrite :  D=0x00007fffffffefb7 A=0x7fffffffe978  flags=(IsInteger|IsStore)
 181750: global: Decode: Decoded addi instruction: 0x39200001
 181750: system.cpu: A0 T0 : 0x10024fb8 @_dl_aux_init+856    : li         r9, 1           : IntAlu :  D=0x0000000000000001  flags=(IsInteger)
 182000: global: Decode: Decoded std instruction: 0xf921ff60
 182000: system.cpu: A0 T0 : 0x10024fbc @_dl_aux_init+860    : std        r9, -160(r1)    : MemWrite :  D=0x0000000000000001 A=0x7fffffffe980  flags=(IsInteger|IsStore)
 182250: global: Decode: Decoded b instruction: 0x4bfffea0
 182250: system.cpu: A0 T0 : 0x10024fc0 @_dl_aux_init+864    : b          0x10024e60      : IntAlu :   flags=(IsControl|IsDirectControl|IsUncondControl)
 182500: global: Decode: Decoded addi instruction: 0x38630010
 182500: system.cpu: A0 T0 : 0x10024e60 @_dl_aux_init+512    : addi       r3, r3, 16      : IntAlu :  D=0x00007fffffffef40  flags=(IsInteger)
 182750: global: Decode: Decoded ld instruction: 0xe9230000
 182750: system.cpu: A0 T0 : 0x10024e64 @_dl_aux_init+516    : ld         r9, 0(r3)       : MemRead :  D=0x000000000000001f A=0x7fffffffef40  flags=(IsInteger|IsLoad)
 183000: global: Decode: Decoded cmpi instruction: 0x2fa90000
 183000: system.cpu: A0 T0 : 0x10024e68 @_dl_aux_init+520    : cmpdi      cr7, r9, 0      : IntAlu :  D=0x0000000024000004  flags=(IsInteger)
 183250: global: Decode: Decoded bc instruction: 0x409eff34
 183250: system.cpu: A0 T0 : 0x10024e6c @_dl_aux_init+524    : bc         30, 4, 0x10024da0 : IntAlu :  D=0x0000000010024fb0  flags=(IsInteger|IsControl|IsDirectControl|IsCondControl)
 183500: global: Decode: Decoded addi instruction: 0x3929fffd
 183500: system.cpu: A0 T0 : 0x10024da0 @_dl_aux_init+320    : subi       r9, r9, 3       : IntAlu :  D=0x000000000000001c  flags=(IsInteger)
 183750: global: Decode: Decoded cmpli instruction: 0x2ba9001e
 183750: system.cpu: A0 T0 : 0x10024da4 @_dl_aux_init+324    : cmpldi     cr7, r9, 30     : IntAlu :  D=0x0000000024000008  flags=(IsInteger)
 184000: global: Decode: Decoded bc instruction: 0x419d00b8
 184000: system.cpu: A0 T0 : 0x10024da8 @_dl_aux_init+328    : bc         29, 12, 0x10024e60 : IntAlu :  D=0x0000000010024fb0  flags=(IsInteger|IsControl|IsDirectControl|IsCondControl)
 184250: global: Decode: Decoded addis instruction: 0x3d42fff7
 184250: system.cpu: A0 T0 : 0x10024dac @_dl_aux_init+332    : subis      r10, r2, 9      : IntAlu :  D=0x0000000010027d00  flags=(IsInteger)
 184500: global: Decode: Decoded addi instruction: 0x394ad0c8
 184500: system.cpu: A0 T0 : 0x10024db0 @_dl_aux_init+336    : subi       r10, r10, 12088 : IntAlu :  D=0x0000000010024dc8  flags=(IsInteger)
 184750: global: Decode: Decoded rldicr instruction: 0x79291764
 184750: system.cpu: A0 T0 : 0x10024db4 @_dl_aux_init+340    : rldicr     r9, r9, 2, 61   : IntAlu :  D=0x0000000000000070  flags=(IsInteger)
 185000: global: Decode: Decoded lwax instruction: 0x7d2a4aaa
 185000: system.cpu: A0 T0 : 0x10024db8 @_dl_aux_init+344    : lwax       r9, r10, r9     : MemRead :  D=0x0000000000000098 A=0x10024e38  flags=(IsInteger|IsLoad)
 185250: global: Decode: Decoded add instruction: 0x7d495214
 185250: system.cpu: A0 T0 : 0x10024dbc @_dl_aux_init+348    : add        r10, r9, r10    : IntAlu :  D=0x0000000010024e60  flags=(IsInteger)
 185500: global: Decode: Decoded mtctr instruction: 0x7d4903a6
 185500: system.cpu: A0 T0 : 0x10024dc0 @_dl_aux_init+352    : mtctr      r10             : IntAlu :  D=0x0000000010024e60  flags=(IsInteger)
 185750: global: Decode: Decoded bcctr instruction: 0x4e800420
 185750: system.cpu: A0 T0 : 0x10024dc4 @_dl_aux_init+356    : bcctr      0, 20           : IntAlu :   flags=(IsInteger|IsControl|IsIndirectControl|IsCondControl)
 186000: global: Decode: Decoded addi instruction: 0x38630010
 186000: system.cpu: A0 T0 : 0x10024e60 @_dl_aux_init+512    : addi       r3, r3, 16      : IntAlu :  D=0x00007fffffffef50  flags=(IsInteger)
 186250: global: Decode: Decoded ld instruction: 0xe9230000
 186250: system.cpu: A0 T0 : 0x10024e64 @_dl_aux_init+516    : ld         r9, 0(r3)       : MemRead :  D=0x000000000000000f A=0x7fffffffef50  flags=(IsInteger|IsLoad)
 186500: global: Decode: Decoded cmpi instruction: 0x2fa90000
 186500: system.cpu: A0 T0 : 0x10024e68 @_dl_aux_init+520    : cmpdi      cr7, r9, 0      : IntAlu :  D=0x0000000024000004  flags=(IsInteger)
 186750: global: Decode: Decoded bc instruction: 0x409eff34
 186750: system.cpu: A0 T0 : 0x10024e6c @_dl_aux_init+524    : bc         30, 4, 0x10024da0 : IntAlu :  D=0x0000000010024e60  flags=(IsInteger|IsControl|IsDirectControl|IsCondControl)
 187000: global: Decode: Decoded addi instruction: 0x3929fffd
 187000: system.cpu: A0 T0 : 0x10024da0 @_dl_aux_init+320    : subi       r9, r9, 3       : IntAlu :  D=0x000000000000000c  flags=(IsInteger)
 187250: global: Decode: Decoded cmpli instruction: 0x2ba9001e
 187250: system.cpu: A0 T0 : 0x10024da4 @_dl_aux_init+324    : cmpldi     cr7, r9, 30     : IntAlu :  D=0x0000000024000008  flags=(IsInteger)
 187500: global: Decode: Decoded bc instruction: 0x419d00b8
 187500: system.cpu: A0 T0 : 0x10024da8 @_dl_aux_init+328    : bc         29, 12, 0x10024e60 : IntAlu :  D=0x0000000010024e60  flags=(IsInteger|IsControl|IsDirectControl|IsCondControl)
 187750: global: Decode: Decoded addis instruction: 0x3d42fff7
 187750: system.cpu: A0 T0 : 0x10024dac @_dl_aux_init+332    : subis      r10, r2, 9      : IntAlu :  D=0x0000000010027d00  flags=(IsInteger)
 188000: global: Decode: Decoded addi instruction: 0x394ad0c8
 188000: system.cpu: A0 T0 : 0x10024db0 @_dl_aux_init+336    : subi       r10, r10, 12088 : IntAlu :  D=0x0000000010024dc8  flags=(IsInteger)
 188250: global: Decode: Decoded rldicr instruction: 0x79291764
 188250: system.cpu: A0 T0 : 0x10024db4 @_dl_aux_init+340    : rldicr     r9, r9, 2, 61   : IntAlu :  D=0x0000000000000030  flags=(IsInteger)
 188500: global: Decode: Decoded lwax instruction: 0x7d2a4aaa
 188500: system.cpu: A0 T0 : 0x10024db8 @_dl_aux_init+344    : lwax       r9, r10, r9     : MemRead :  D=0x0000000000000258 A=0x10024df8  flags=(IsInteger|IsLoad)
 188750: global: Decode: Decoded add instruction: 0x7d495214
 188750: system.cpu: A0 T0 : 0x10024dbc @_dl_aux_init+348    : add        r10, r9, r10    : IntAlu :  D=0x0000000010025020  flags=(IsInteger)
 189000: global: Decode: Decoded mtctr instruction: 0x7d4903a6
 189000: system.cpu: A0 T0 : 0x10024dc0 @_dl_aux_init+352    : mtctr      r10             : IntAlu :  D=0x0000000010025020  flags=(IsInteger)
 189250: global: Decode: Decoded bcctr instruction: 0x4e800420
 189250: system.cpu: A0 T0 : 0x10024dc4 @_dl_aux_init+356    : bcctr      0, 20           : IntAlu :   flags=(IsInteger|IsControl|IsIndirectControl|IsCondControl)
 189500: global: Decode: Decoded ld instruction: 0xea230008
 189500: system.cpu: A0 T0 : 0x10025020 @_dl_aux_init+960    : ld         r17, 8(r3)      : MemRead :  D=0x00007fffffffef7f A=0x7fffffffef58  flags=(IsInteger|IsLoad)
 189750: global: Decode: Decoded addi instruction: 0x3b200001
 189750: system.cpu: A0 T0 : 0x10025024 @_dl_aux_init+964    : li         r25, 1          : IntAlu :  D=0x0000000000000001  flags=(IsInteger)
 190000: global: Decode: Decoded b instruction: 0x4bfffe38
 190000: system.cpu: A0 T0 : 0x10025028 @_dl_aux_init+968    : b          0x10024e60      : IntAlu :   flags=(IsControl|IsDirectControl|IsUncondControl)
 190250: global: Decode: Decoded addi instruction: 0x38630010
 190250: system.cpu: A0 T0 : 0x10024e60 @_dl_aux_init+512    : addi       r3, r3, 16      : IntAlu :  D=0x00007fffffffef60  flags=(IsInteger)
 190500: global: Decode: Decoded ld instruction: 0xe9230000
 190500: system.cpu: A0 T0 : 0x10024e64 @_dl_aux_init+516    : ld         r9, 0(r3)       : MemRead :  D=0x0000000000000000 A=0x7fffffffef60  flags=(IsInteger|IsLoad)
 190750: global: Decode: Decoded cmpi instruction: 0x2fa90000
 190750: system.cpu: A0 T0 : 0x10024e68 @_dl_aux_init+520    : cmpdi      cr7, r9, 0      : IntAlu :  D=0x0000000024000002  flags=(IsInteger)
 191000: global: Decode: Decoded bc instruction: 0x409eff34
 191000: system.cpu: A0 T0 : 0x10024e6c @_dl_aux_init+524    : bc         30, 4, 0x10024da0 : IntAlu :  D=0x0000000010025020  flags=(IsInteger|IsControl|IsDirectControl|IsCondControl)
 191250: global: Decode: Decoded cmpi instruction: 0x2fa50000
 191250: system.cpu: A0 T0 : 0x10024e70 @_dl_aux_init+528    : cmpdi      cr7, r5, 0      : IntAlu :  D=0x0000000024000004  flags=(IsInteger)
 191500: global: Decode: Decoded bc instruction: 0x409e027c
 191500: system.cpu: A0 T0 : 0x10024e74 @_dl_aux_init+532    : bc         30, 4, 0x100250f0 : IntAlu :  D=0x0000000010025020  flags=(IsInteger|IsControl|IsDirectControl|IsCondControl)
 191750: global: Decode: Decoded ld instruction: 0xe941ff68
 191750: system.cpu: A0 T0 : 0x100250f0 @_dl_aux_init+1168    : ld         r10, -152(r1)   : MemRead :  D=0x0000000000001000 A=0x7fffffffe988  flags=(IsInteger|IsLoad)
 192000: global: Decode: Decoded ori instruction: 0x60000000
 192000: system.cpu: A0 T0 : 0x100250f4 @_dl_aux_init+1172    : nop                        : IntAlu :  D=0x0000000000000001  flags=(IsInteger)
 192250: global: Decode: Decoded std instruction: 0xf94293e0
 192250: system.cpu: A0 T0 : 0x100250f8 @_dl_aux_init+1176    : std        r10, -27680(r2) : MemWrite :  D=0x0000000000001000 A=0x100b10e0  flags=(IsInteger|IsStore)
 192500: global: Decode: Decoded b instruction: 0x4bfffd7c
 192500: system.cpu: A0 T0 : 0x100250fc @_dl_aux_init+1180    : b          0x10024e78      : IntAlu :   flags=(IsControl|IsDirectControl|IsUncondControl)
 192750: global: Decode: Decoded cmpi instruction: 0x2fa40000
 192750: system.cpu: A0 T0 : 0x10024e78 @_dl_aux_init+536    : cmpdi      cr7, r4, 0      : IntAlu :  D=0x0000000024000004  flags=(IsInteger)
 193000: global: Decode: Decoded bc instruction: 0x419e0008
 193000: system.cpu: A0 T0 : 0x10024e7c @_dl_aux_init+540    : bc         30, 12, 0x10024e84 : IntAlu :  D=0x0000000010025020  flags=(IsInteger|IsControl|IsDirectControl|IsCondControl)
 193250: global: Decode: Decoded stw instruction: 0x931f0000
 193250: system.cpu: A0 T0 : 0x10024e80 @_dl_aux_init+544    : stw        r24, 0(r31)     : MemWrite :  D=0x0000000000000064 A=0x100b35c8  flags=(IsInteger|IsStore)
 193500: global: Decode: Decoded cmpi instruction: 0x2fa00000
 193500: system.cpu: A0 T0 : 0x10024e84 @_dl_aux_init+548    : cmpdi      cr7, r0, 0      : IntAlu :  D=0x0000000024000004  flags=(IsInteger)
 193750: global: Decode: Decoded bc instruction: 0x419e0008
 193750: system.cpu: A0 T0 : 0x10024e88 @_dl_aux_init+552    : bc         30, 12, 0x10024e90 : IntAlu :  D=0x0000000010025020  flags=(IsInteger|IsControl|IsDirectControl|IsCondControl)
 194000: global: Decode: Decoded std instruction: 0xfafe0000
 194000: system.cpu: A0 T0 : 0x10024e8c @_dl_aux_init+556    : std        r23, 0(r30)     : MemWrite :  D=0x0000000010000040 A=0x100b35b0  flags=(IsInteger|IsStore)
 194250: global: Decode: Decoded cmpi instruction: 0x2fba0000
 194250: system.cpu: A0 T0 : 0x10024e90 @_dl_aux_init+560    : cmpdi      cr7, r26, 0     : IntAlu :  D=0x0000000024000004  flags=(IsInteger)
 194500: global: Decode: Decoded bc instruction: 0x419e0008
 194500: system.cpu: A0 T0 : 0x10024e94 @_dl_aux_init+564    : bc         30, 12, 0x10024e9c : IntAlu :  D=0x0000000010025020  flags=(IsInteger|IsControl|IsDirectControl|IsCondControl)
 194750: global: Decode: Decoded std instruction: 0xfabd0000
 194750: system.cpu: A0 T0 : 0x10024e98 @_dl_aux_init+568    : std        r21, 0(r29)     : MemWrite :  D=0x0000000000000005 A=0x100b35e8  flags=(IsInteger|IsStore)
 195000: global: Decode: Decoded cmpi instruction: 0x2fb90000
 195000: system.cpu: A0 T0 : 0x10024e9c @_dl_aux_init+572    : cmpdi      cr7, r25, 0     : IntAlu :  D=0x0000000024000004  flags=(IsInteger)
 195250: global: Decode: Decoded bc instruction: 0x419e0008
 195250: system.cpu: A0 T0 : 0x10024ea0 @_dl_aux_init+576    : bc         30, 12, 0x10024ea8 : IntAlu :  D=0x0000000010025020  flags=(IsInteger|IsControl|IsDirectControl|IsCondControl)
 195500: global: Decode: Decoded std instruction: 0xfa3c0000
 195500: system.cpu: A0 T0 : 0x10024ea4 @_dl_aux_init+580    : std        r17, 0(r28)     : MemWrite :  D=0x00007fffffffef7f A=0x100b3590  flags=(IsInteger|IsStore)
 195750: global: Decode: Decoded cmpi instruction: 0x2fb60000
 195750: system.cpu: A0 T0 : 0x10024ea8 @_dl_aux_init+584    : cmpdi      cr7, r22, 0     : IntAlu :  D=0x0000000024000004  flags=(IsInteger)
 196000: global: Decode: Decoded bc instruction: 0x419e000c
 196000: system.cpu: A0 T0 : 0x10024eac @_dl_aux_init+588    : bc         30, 12, 0x10024eb8 : IntAlu :  D=0x0000000010025020  flags=(IsInteger|IsControl|IsDirectControl|IsCondControl)
 196250: global: Decode: Decoded ori instruction: 0x60000000
 196250: system.cpu: A0 T0 : 0x10024eb0 @_dl_aux_init+592    : nop                        : IntAlu :  D=0x0000000000000001  flags=(IsInteger)
 196500: global: Decode: Decoded std instruction: 0xf9c2ae70
 196500: system.cpu: A0 T0 : 0x10024eb4 @_dl_aux_init+596    : std        r14, -20880(r2) : MemWrite :  D=0x00000000c0000000 A=0x100b2b70  flags=(IsInteger|IsStore)
 196750: global: Decode: Decoded cmpi instruction: 0x2fb20000
 196750: system.cpu: A0 T0 : 0x10024eb8 @_dl_aux_init+600    : cmpdi      cr7, r18, 0     : IntAlu :  D=0x0000000024000002  flags=(IsInteger)
 197000: global: Decode: Decoded bc instruction: 0x419e000c
 197000: system.cpu: A0 T0 : 0x10024ebc @_dl_aux_init+604    : bc         30, 12, 0x10024ec8 : IntAlu :  D=0x0000000010025020  flags=(IsInteger|IsControl|IsDirectControl|IsCondControl)
 197250: global: Decode: Decoded cmpi instruction: 0x2fb30000
 197250: system.cpu: A0 T0 : 0x10024ec8 @_dl_aux_init+616    : cmpdi      cr7, r19, 0     : IntAlu :  D=0x0000000024000002  flags=(IsInteger)
 197500: global: Decode: Decoded bc instruction: 0x419e000c
 197500: system.cpu: A0 T0 : 0x10024ecc @_dl_aux_init+620    : bc         30, 12, 0x10024ed8 : IntAlu :  D=0x0000000010025020  flags=(IsInteger|IsControl|IsDirectControl|IsCondControl)
 197750: global: Decode: Decoded cmpi instruction: 0x2fb40000
 197750: system.cpu: A0 T0 : 0x10024ed8 @_dl_aux_init+632    : cmpdi      cr7, r20, 0     : IntAlu :  D=0x0000000024000002  flags=(IsInteger)
 198000: global: Decode: Decoded bc instruction: 0x419e000c
 198000: system.cpu: A0 T0 : 0x10024edc @_dl_aux_init+636    : bc         30, 12, 0x10024ee8 : IntAlu :  D=0x0000000010025020  flags=(IsInteger|IsControl|IsDirectControl|IsCondControl)
 198250: global: Decode: Decoded ld instruction: 0xe921ff40
 198250: system.cpu: A0 T0 : 0x10024ee8 @_dl_aux_init+648    : ld         r9, -192(r1)    : MemRead :  D=0x0000000000000001 A=0x7fffffffe960  flags=(IsInteger|IsLoad)
 198500: global: Decode: Decoded cmpi instruction: 0x2fa90000
 198500: system.cpu: A0 T0 : 0x10024eec @_dl_aux_init+652    : cmpdi      cr7, r9, 0      : IntAlu :  D=0x0000000024000004  flags=(IsInteger)
 198750: global: Decode: Decoded bc instruction: 0x419e000c
 198750: system.cpu: A0 T0 : 0x10024ef0 @_dl_aux_init+656    : bc         30, 12, 0x10024efc : IntAlu :  D=0x0000000010025020  flags=(IsInteger|IsControl|IsDirectControl|IsCondControl)
 199000: global: Decode: Decoded lwz instruction: 0x8121ff3c
 199000: system.cpu: A0 T0 : 0x10024ef4 @_dl_aux_init+660    : lwz        r9, -196(r1)    : MemRead :  D=0x0000000000000000 A=0x7fffffffe95c  flags=(IsInteger|IsLoad)
 199250: global: Decode: Decoded stw instruction: 0x912b0000
 199250: system.cpu: A0 T0 : 0x10024ef8 @_dl_aux_init+664    : stw        r9, 0(r11)      : MemWrite :  D=0x0000000000000000 A=0x100a9e98  flags=(IsInteger|IsStore)
 199500: global: Decode: Decoded ld instruction: 0xe921ff50
 199500: system.cpu: A0 T0 : 0x10024efc @_dl_aux_init+668    : ld         r9, -176(r1)    : MemRead :  D=0x0000000000000001 A=0x7fffffffe970  flags=(IsInteger|IsLoad)
 199750: global: Decode: Decoded cmpi instruction: 0x2fa90000
 199750: system.cpu: A0 T0 : 0x10024f00 @_dl_aux_init+672    : cmpdi      cr7, r9, 0      : IntAlu :  D=0x0000000024000004  flags=(IsInteger)
 200000: global: Decode: Decoded bc instruction: 0x419e000c
 200000: system.cpu: A0 T0 : 0x10024f04 @_dl_aux_init+676    : bc         30, 12, 0x10024f10 : IntAlu :  D=0x0000000010025020  flags=(IsInteger|IsControl|IsDirectControl|IsCondControl)
 200250: global: Decode: Decoded lwz instruction: 0x8121ff4c
 200250: system.cpu: A0 T0 : 0x10024f08 @_dl_aux_init+680    : lwz        r9, -180(r1)    : MemRead :  D=0x0000000000000001 A=0x7fffffffe96c  flags=(IsInteger|IsLoad)
 200500: global: Decode: Decoded stw instruction: 0x912c0000
 200500: system.cpu: A0 T0 : 0x10024f0c @_dl_aux_init+684    : stw        r9, 0(r12)      : MemWrite :  D=0x0000000000000001 A=0x100b3618  flags=(IsInteger|IsStore)
 200750: global: Decode: Decoded ld instruction: 0xe921ff60
 200750: system.cpu: A0 T0 : 0x10024f10 @_dl_aux_init+688    : ld         r9, -160(r1)    : MemRead :  D=0x0000000000000001 A=0x7fffffffe980  flags=(IsInteger|IsLoad)
 201000: global: Decode: Decoded cmpi instruction: 0x2fa90000
 201000: system.cpu: A0 T0 : 0x10024f14 @_dl_aux_init+692    : cmpdi      cr7, r9, 0      : IntAlu :  D=0x0000000024000004  flags=(IsInteger)
 201250: global: Decode: Decoded bc instruction: 0x419e0010
 201250: system.cpu: A0 T0 : 0x10024f18 @_dl_aux_init+696    : bc         30, 12, 0x10024f28 : IntAlu :  D=0x0000000010025020  flags=(IsInteger|IsControl|IsDirectControl|IsCondControl)
 201500: global: Decode: Decoded ld instruction: 0xe941ff58
 201500: system.cpu: A0 T0 : 0x10024f1c @_dl_aux_init+700    : ld         r10, -168(r1)   : MemRead :  D=0x00007fffffffefb7 A=0x7fffffffe978  flags=(IsInteger|IsLoad)
 201750: global: Decode: Decoded addis instruction: 0x3d22ffff
 201750: system.cpu: A0 T0 : 0x10024f20 @_dl_aux_init+704    : subis      r9, r2, 1       : IntAlu :  D=0x00000000100a7d00  flags=(IsInteger)
 202000: global: Decode: Decoded std instruction: 0xf9492100
 202000: system.cpu: A0 T0 : 0x10024f24 @_dl_aux_init+708    : std        r10, 8448(r9)   : MemWrite :  D=0x00007fffffffefb7 A=0x100a9e00  flags=(IsInteger|IsStore)
 202250: global: Decode: Decoded cmpi instruction: 0x2f88000f
 202250: system.cpu: A0 T0 : 0x10024f28 @_dl_aux_init+712    : cmpwi      cr7, r8, 15     : IntAlu :  D=0x0000000024000008  flags=(IsInteger)
 202500: global: Decode: Decoded bc instruction: 0x409e0020
 202500: system.cpu: A0 T0 : 0x10024f2c @_dl_aux_init+716    : bc         30, 4, 0x10024f4c : IntAlu :  D=0x0000000010025020  flags=(IsInteger|IsControl|IsDirectControl|IsCondControl)
 202750: global: Decode: Decoded ld instruction: 0xe9c1ff70
 202750: system.cpu: A0 T0 : 0x10024f4c @_dl_aux_init+748    : ld         r14, -144(r1)   : MemRead :  D=0x0000000000000000 A=0x7fffffffe990  flags=(IsInteger|IsLoad)
 203000: global: Decode: Decoded ld instruction: 0xe9e1ff78
 203000: system.cpu: A0 T0 : 0x10024f50 @_dl_aux_init+752    : ld         r15, -136(r1)   : MemRead :  D=0x0000000000000000 A=0x7fffffffe998  flags=(IsInteger|IsLoad)
 203250: global: Decode: Decoded ld instruction: 0xea01ff80
 203250: system.cpu: A0 T0 : 0x10024f54 @_dl_aux_init+756    : ld         r16, -128(r1)   : MemRead :  D=0x0000000000000000 A=0x7fffffffe9a0  flags=(IsInteger|IsLoad)
 203500: global: Decode: Decoded ld instruction: 0xea21ff88
 203500: system.cpu: A0 T0 : 0x10024f58 @_dl_aux_init+760    : ld         r17, -120(r1)   : MemRead :  D=0x0000000000000000 A=0x7fffffffe9a8  flags=(IsInteger|IsLoad)
 203750: global: Decode: Decoded ld instruction: 0xea41ff90
 203750: system.cpu: A0 T0 : 0x10024f5c @_dl_aux_init+764    : ld         r18, -112(r1)   : MemRead :  D=0x0000000000000000 A=0x7fffffffe9b0  flags=(IsInteger|IsLoad)
 204000: global: Decode: Decoded ld instruction: 0xea61ff98
 204000: system.cpu: A0 T0 : 0x10024f60 @_dl_aux_init+768    : ld         r19, -104(r1)   : MemRead :  D=0x0000000000000000 A=0x7fffffffe9b8  flags=(IsInteger|IsLoad)
 204250: global: Decode: Decoded ld instruction: 0xea81ffa0
 204250: system.cpu: A0 T0 : 0x10024f64 @_dl_aux_init+772    : ld         r20, -96(r1)    : MemRead :  D=0x0000000000000000 A=0x7fffffffe9c0  flags=(IsInteger|IsLoad)
 204500: global: Decode: Decoded ld instruction: 0xeaa1ffa8
 204500: system.cpu: A0 T0 : 0x10024f68 @_dl_aux_init+776    : ld         r21, -88(r1)    : MemRead :  D=0x0000000000000000 A=0x7fffffffe9c8  flags=(IsInteger|IsLoad)
 204750: global: Decode: Decoded ld instruction: 0xeac1ffb0
 204750: system.cpu: A0 T0 : 0x10024f6c @_dl_aux_init+780    : ld         r22, -80(r1)    : MemRead :  D=0x0000000000000000 A=0x7fffffffe9d0  flags=(IsInteger|IsLoad)
 205000: global: Decode: Decoded ld instruction: 0xeae1ffb8
 205000: system.cpu: A0 T0 : 0x10024f70 @_dl_aux_init+784    : ld         r23, -72(r1)    : MemRead :  D=0x00000000100b3590 A=0x7fffffffe9d8  flags=(IsInteger|IsLoad)
 205250: global: Decode: Decoded ld instruction: 0xeb01ffc0
 205250: system.cpu: A0 T0 : 0x10024f74 @_dl_aux_init+788    : ld         r24, -64(r1)    : MemRead :  D=0x00000000100b2b60 A=0x7fffffffe9e0  flags=(IsInteger|IsLoad)
 205500: global: Decode: Decoded ld instruction: 0xeb21ffc8
 205500: system.cpu: A0 T0 : 0x10024f78 @_dl_aux_init+792    : ld         r25, -56(r1)    : MemRead :  D=0x00000000100b2b70 A=0x7fffffffe9e8  flags=(IsInteger|IsLoad)
 205750: global: Decode: Decoded ld instruction: 0xeb41ffd0
 205750: system.cpu: A0 T0 : 0x10024f7c @_dl_aux_init+796    : ld         r26, -48(r1)    : MemRead :  D=0x0000000000000000 A=0x7fffffffe9f0  flags=(IsInteger|IsLoad)
 206000: global: Decode: Decoded ld instruction: 0xeb61ffd8
 206000: system.cpu: A0 T0 : 0x10024f80 @_dl_aux_init+800    : ld         r27, -40(r1)    : MemRead :  D=0x0000000000000000 A=0x7fffffffe9f8  flags=(IsInteger|IsLoad)
 206250: global: Decode: Decoded ld instruction: 0xeb81ffe0
 206250: system.cpu: A0 T0 : 0x10024f84 @_dl_aux_init+804    : ld         r28, -32(r1)    : MemRead :  D=0x0000000000000001 A=0x7fffffffea00  flags=(IsInteger|IsLoad)
 206500: global: Decode: Decoded ld instruction: 0xeba1ffe8
 206500: system.cpu: A0 T0 : 0x10024f88 @_dl_aux_init+808    : ld         r29, -24(r1)    : MemRead :  D=0x0000000000000000 A=0x7fffffffea08  flags=(IsInteger|IsLoad)
 206750: global: Decode: Decoded ld instruction: 0xebc1fff0
 206750: system.cpu: A0 T0 : 0x10024f8c @_dl_aux_init+812    : ld         r30, -16(r1)    : MemRead :  D=0x00000000100ab260 A=0x7fffffffea10  flags=(IsInteger|IsLoad)
 207000: global: Decode: Decoded ld instruction: 0xebe1fff8
 207000: system.cpu: A0 T0 : 0x10024f90 @_dl_aux_init+816    : ld         r31, -8(r1)     : MemRead :  D=0x00000000100ab248 A=0x7fffffffea18  flags=(IsInteger|IsLoad)
 207250: global: Decode: Decoded bclr instruction: 0x4e800020
 207250: system.cpu: A0 T0 : 0x10024f94 @_dl_aux_init+820    : bclr       0, 20           : IntAlu :  D=0x0000000010025020  flags=(IsInteger|IsControl|IsIndirectControl|IsCondControl|IsReturn)
 207500: global: Decode: Decoded ori instruction: 0x60000000
 207500: system.cpu: A0 T0 : 0x10000a40 @generic_start_main+160    : nop                        : IntAlu :  D=0x0000000000000001  flags=(IsInteger)
 207750: global: Decode: Decoded ori instruction: 0x60000000
 207750: system.cpu: A0 T0 : 0x10000a44 @generic_start_main+164    : nop                        : IntAlu :  D=0x0000000000000001  flags=(IsInteger)
 208000: global: Decode: Decoded addi instruction: 0x3942b8b0
 208000: system.cpu: A0 T0 : 0x10000a48 @generic_start_main+168    : subi       r10, r2, 18256  : IntAlu :  D=0x00000000100b35b0  flags=(IsInteger)
 208250: global: Decode: Decoded ld instruction: 0xe92a0000
 208250: system.cpu: A0 T0 : 0x10000a4c @generic_start_main+172    : ld         r9, 0(r10)      : MemRead :  D=0x0000000010000040 A=0x100b35b0  flags=(IsInteger|IsLoad)
 208500: global: Decode: Decoded cmpi instruction: 0x2fa90000
 208500: system.cpu: A0 T0 : 0x10000a50 @generic_start_main+176    : cmpdi      cr7, r9, 0      : IntAlu :  D=0x0000000024000004  flags=(IsInteger)
 208750: global: Decode: Decoded bc instruction: 0x419e0084
 208750: system.cpu: A0 T0 : 0x10000a54 @generic_start_main+180    : bc         30, 12, 0x10000ad8 : IntAlu :  D=0x0000000010025020  flags=(IsInteger|IsControl|IsDirectControl|IsCondControl)
 209000: global: Decode: Decoded b instruction: 0x48025109
 209000: system.cpu: A0 T0 : 0x10000a58 @generic_start_main+184    : bl         __libc_init_secure : IntAlu :  D=0x0000000010000a5c  flags=(IsInteger|IsControl|IsDirectControl|IsUncondControl)
 209250: global: Decode: Decoded ori instruction: 0x60000000
 209250: system.cpu: A0 T0 : 0x10025b60 @__libc_init_secure    : nop                        : IntAlu :  D=0x0000000000000001  flags=(IsInteger)
 209500: global: Decode: Decoded addi instruction: 0x3922b918
 209500: system.cpu: A0 T0 : 0x10025b64 @__libc_init_secure+4    : subi       r9, r2, 18152   : IntAlu :  D=0x00000000100b3618  flags=(IsInteger)
 209750: global: Decode: Decoded lwz instruction: 0x81290000
 209750: system.cpu: A0 T0 : 0x10025b68 @__libc_init_secure+8    : lwz        r9, 0(r9)       : MemRead :  D=0x0000000000000001 A=0x100b3618  flags=(IsInteger|IsLoad)
 210000: global: Decode: Decoded cmpi instruction: 0x2f890000
 210000: system.cpu: A0 T0 : 0x10025b6c @__libc_init_secure+12    : cmpwi      cr7, r9, 0      : IntAlu :  D=0x0000000024000004  flags=(IsInteger)
 210250: global: Decode: Decoded bclr instruction: 0x4c9e0020
 210250: system.cpu: A0 T0 : 0x10025b70 @__libc_init_secure+16    : bclr       30, 4           : IntAlu :  D=0x0000000010025020  flags=(IsInteger|IsControl|IsIndirectControl|IsCondControl|IsReturn)
 210500: global: Decode: Decoded ori instruction: 0x60000000
 210500: system.cpu: A0 T0 : 0x10000a5c @generic_start_main+188    : nop                        : IntAlu :  D=0x0000000000000001  flags=(IsInteger)
 210750: global: Decode: Decoded ori instruction: 0x60000000
 210750: system.cpu: A0 T0 : 0x10000a60 @generic_start_main+192    : nop                        : IntAlu :  D=0x0000000000000001  flags=(IsInteger)
 211000: global: Decode: Decoded addi instruction: 0x3922ae50
 211000: system.cpu: A0 T0 : 0x10000a64 @generic_start_main+196    : subi       r9, r2, 20912   : IntAlu :  D=0x00000000100b2b50  flags=(IsInteger)
 211250: global: Decode: Decoded ld instruction: 0xe8690000
 211250: system.cpu: A0 T0 : 0x10000a68 @generic_start_main+200    : ld         r3, 0(r9)       : MemRead :  D=0x00007fffffffee48 A=0x100b2b50  flags=(IsInteger|IsLoad)
 211500: global: Decode: Decoded b instruction: 0x48023705
 211500: system.cpu: A0 T0 : 0x10000a6c @generic_start_main+204    : bl         __tunables_init : IntAlu :  D=0x0000000010000a70  flags=(IsInteger|IsControl|IsDirectControl|IsUncondControl)
 211750: global: Decode: Decoded mflr instruction: 0x7c0802a6
 211750: system.cpu: A0 T0 : 0x10024170 @__tunables_init    : mflr       r0              : IntAlu :  D=0x0000000010000a70  flags=(IsInteger)
 212000: global: Decode: Decoded std instruction: 0xfbc1fff0
 212000: system.cpu: A0 T0 : 0x10024174 @__tunables_init+4    : std        r30, -16(r1)    : MemWrite :  D=0x00000000100ab260 A=0x7fffffffea10  flags=(IsInteger|IsStore)
 212250: global: Decode: Decoded addis instruction: 0x3fc2ffff
 212250: system.cpu: A0 T0 : 0x10024178 @__tunables_init+8    : subis      r30, r2, 1      : IntAlu :  D=0x00000000100a7d00  flags=(IsInteger)
 212500: global: Decode: Decoded addi instruction: 0x3bde2198
 212500: system.cpu: A0 T0 : 0x1002417c @__tunables_init+12    : addi       r30, r30, 8600  : IntAlu :  D=0x00000000100a9e98  flags=(IsInteger)
 212750: global: Decode: Decoded std instruction: 0xfbe1fff8
 212750: system.cpu: A0 T0 : 0x10024180 @__tunables_init+16    : std        r31, -8(r1)     : MemWrite :  D=0x00000000100ab248 A=0x7fffffffea18  flags=(IsInteger|IsStore)
 213000: global: Decode: Decoded std instruction: 0xfac1ffb0
 213000: system.cpu: A0 T0 : 0x10024184 @__tunables_init+20    : std        r22, -80(r1)    : MemWrite :  D=0x0000000000000000 A=0x7fffffffe9d0  flags=(IsInteger|IsStore)
 213250: global: Decode: Decoded or instruction: 0x7c7f1b78
 213250: system.cpu: A0 T0 : 0x10024188 @__tunables_init+24    : mr         r31, r3         : IntAlu :  D=0x00007fffffffee48  flags=(IsInteger)
 213500: global: Decode: Decoded std instruction: 0xfae1ffb8
 213500: system.cpu: A0 T0 : 0x1002418c @__tunables_init+28    : std        r23, -72(r1)    : MemWrite :  D=0x00000000100b3590 A=0x7fffffffe9d8  flags=(IsInteger|IsStore)
 213750: global: Decode: Decoded std instruction: 0xfb01ffc0
 213750: system.cpu: A0 T0 : 0x10024190 @__tunables_init+32    : std        r24, -64(r1)    : MemWrite :  D=0x00000000100b2b60 A=0x7fffffffe9e0  flags=(IsInteger|IsStore)
 214000: global: Decode: Decoded std instruction: 0xfb21ffc8
 214000: system.cpu: A0 T0 : 0x10024194 @__tunables_init+36    : std        r25, -56(r1)    : MemWrite :  D=0x00000000100b2b70 A=0x7fffffffe9e8  flags=(IsInteger|IsStore)
 214250: global: Decode: Decoded std instruction: 0xfb41ffd0
 214250: system.cpu: A0 T0 : 0x10024198 @__tunables_init+40    : std        r26, -48(r1)    : MemWrite :  D=0x0000000000000000 A=0x7fffffffe9f0  flags=(IsInteger|IsStore)
 214500: global: Decode: Decoded std instruction: 0xfb61ffd8
 214500: system.cpu: A0 T0 : 0x1002419c @__tunables_init+44    : std        r27, -40(r1)    : MemWrite :  D=0x0000000000000000 A=0x7fffffffe9f8  flags=(IsInteger|IsStore)
 214750: global: Decode: Decoded std instruction: 0xfb81ffe0
 214750: system.cpu: A0 T0 : 0x100241a0 @__tunables_init+48    : std        r28, -32(r1)    : MemWrite :  D=0x0000000000000001 A=0x7fffffffea00  flags=(IsInteger|IsStore)
 215000: global: Decode: Decoded std instruction: 0xf8010010
 215000: system.cpu: A0 T0 : 0x100241a4 @__tunables_init+52    : std        r0, 16(r1)      : MemWrite :  D=0x0000000010000a70 A=0x7fffffffea30  flags=(IsInteger|IsStore)
 215250: global: Decode: Decoded std instruction: 0xfba1ffe8
 215250: system.cpu: A0 T0 : 0x100241a8 @__tunables_init+56    : std        r29, -24(r1)    : MemWrite :  D=0x0000000000000000 A=0x7fffffffea08  flags=(IsInteger|IsStore)
 215500: global: Decode: Decoded stdu instruction: 0xf821ff31
 215500: system.cpu: A0 T0 : 0x100241ac @__tunables_init+60    : stdu       r1, -208(r1)    : MemWrite :  D=0x00007fffffffe950 A=0x7fffffffe950  flags=(IsInteger|IsStore)
 215750: global: Decode: Decoded lwz instruction: 0x813e0000
 215750: system.cpu: A0 T0 : 0x100241b0 @__tunables_init+64    : lwz        r9, 0(r30)      : MemRead :  D=0x0000000000000000 A=0x100a9e98  flags=(IsInteger|IsLoad)
 216000: global: Decode: Decoded cmpi instruction: 0x2f890000
 216000: system.cpu: A0 T0 : 0x100241b4 @__tunables_init+68    : cmpwi      cr7, r9, 0      : IntAlu :  D=0x0000000024000002  flags=(IsInteger)
 216250: global: Decode: Decoded bc instruction: 0x409e05e0
 216250: system.cpu: A0 T0 : 0x100241b8 @__tunables_init+72    : bc         30, 4, 0x10024798 : IntAlu :  D=0x0000000010025020  flags=(IsInteger|IsControl|IsDirectControl|IsCondControl)
 216500: global: Decode: Decoded addis instruction: 0x3f82ffff
 216500: system.cpu: A0 T0 : 0x100241bc @__tunables_init+76    : subis      r28, r2, 1      : IntAlu :  D=0x00000000100a7d00  flags=(IsInteger)
 216750: global: Decode: Decoded addi instruction: 0x3ba00000
 216750: system.cpu: A0 T0 : 0x100241c0 @__tunables_init+80    : li         r29, 0          : IntAlu :  D=0x0000000000000000  flags=(IsInteger)
 217000: global: Decode: Decoded addi instruction: 0x3b9c1ca0
 217000: system.cpu: A0 T0 : 0x100241c4 @__tunables_init+84    : addi       r28, r28, 7328  : IntAlu :  D=0x00000000100a99a0  flags=(IsInteger)
 217250: global: Decode: Decoded ori instruction: 0x60000000
 217250: system.cpu: A0 T0 : 0x100241c8 @__tunables_init+88    : nop                        : IntAlu :  D=0x0000000010000a70  flags=(IsInteger)
 217500: global: Decode: Decoded ori instruction: 0x60000000
 217500: system.cpu: A0 T0 : 0x100241cc @__tunables_init+92    : nop                        : IntAlu :  D=0x0000000010000a70  flags=(IsInteger)
 217750: global: Decode: Decoded cmpi instruction: 0x2fbf0000
 217750: system.cpu: A0 T0 : 0x100241d0 @__tunables_init+96    : cmpdi      cr7, r31, 0     : IntAlu :  D=0x0000000024000004  flags=(IsInteger)
 218000: global: Decode: Decoded bc instruction: 0x419e0070
 218000: system.cpu: A0 T0 : 0x100241d4 @__tunables_init+100    : bc         30, 12, 0x10024244 : IntAlu :  D=0x0000000010025020  flags=(IsInteger|IsControl|IsDirectControl|IsCondControl)
 218250: global: Decode: Decoded ld instruction: 0xeb3f0000
 218250: system.cpu: A0 T0 : 0x100241d8 @__tunables_init+104    : ld         r25, 0(r31)     : MemRead :  D=0x0000000000000000 A=0x7fffffffee48  flags=(IsInteger|IsLoad)
 218500: global: Decode: Decoded cmpi instruction: 0x2fb90000
 218500: system.cpu: A0 T0 : 0x100241dc @__tunables_init+108    : cmpdi      cr7, r25, 0     : IntAlu :  D=0x0000000024000002  flags=(IsInteger)
 218750: global: Decode: Decoded bc instruction: 0x419e0064
 218750: system.cpu: A0 T0 : 0x100241e0 @__tunables_init+112    : bc         30, 12, 0x10024244 : IntAlu :  D=0x0000000010025020  flags=(IsInteger|IsControl|IsDirectControl|IsCondControl)
 219000: global: Decode: Decoded addi instruction: 0x382100d0
 219000: system.cpu: A0 T0 : 0x10024244 @__tunables_init+212    : addi       r1, r1, 208     : IntAlu :  D=0x00007fffffffea20  flags=(IsInteger)
 219250: global: Decode: Decoded ld instruction: 0xe8010010
 219250: system.cpu: A0 T0 : 0x10024248 @__tunables_init+216    : ld         r0, 16(r1)      : MemRead :  D=0x0000000010000a70 A=0x7fffffffea30  flags=(IsInteger|IsLoad)
 219500: global: Decode: Decoded ld instruction: 0xeac1ffb0
 219500: system.cpu: A0 T0 : 0x1002424c @__tunables_init+220    : ld         r22, -80(r1)    : MemRead :  D=0x0000000000000000 A=0x7fffffffe9d0  flags=(IsInteger|IsLoad)
 219750: global: Decode: Decoded ld instruction: 0xeae1ffb8
 219750: system.cpu: A0 T0 : 0x10024250 @__tunables_init+224    : ld         r23, -72(r1)    : MemRead :  D=0x00000000100b3590 A=0x7fffffffe9d8  flags=(IsInteger|IsLoad)
 220000: global: Decode: Decoded ld instruction: 0xeb01ffc0
 220000: system.cpu: A0 T0 : 0x10024254 @__tunables_init+228    : ld         r24, -64(r1)    : MemRead :  D=0x00000000100b2b60 A=0x7fffffffe9e0  flags=(IsInteger|IsLoad)
 220250: global: Decode: Decoded ld instruction: 0xeb21ffc8
 220250: system.cpu: A0 T0 : 0x10024258 @__tunables_init+232    : ld         r25, -56(r1)    : MemRead :  D=0x00000000100b2b70 A=0x7fffffffe9e8  flags=(IsInteger|IsLoad)
 220500: global: Decode: Decoded ld instruction: 0xeb41ffd0
 220500: system.cpu: A0 T0 : 0x1002425c @__tunables_init+236    : ld         r26, -48(r1)    : MemRead :  D=0x0000000000000000 A=0x7fffffffe9f0  flags=(IsInteger|IsLoad)
 220750: global: Decode: Decoded ld instruction: 0xeb61ffd8
 220750: system.cpu: A0 T0 : 0x10024260 @__tunables_init+240    : ld         r27, -40(r1)    : MemRead :  D=0x0000000000000000 A=0x7fffffffe9f8  flags=(IsInteger|IsLoad)
 221000: global: Decode: Decoded ld instruction: 0xeb81ffe0
 221000: system.cpu: A0 T0 : 0x10024264 @__tunables_init+244    : ld         r28, -32(r1)    : MemRead :  D=0x0000000000000001 A=0x7fffffffea00  flags=(IsInteger|IsLoad)
 221250: global: Decode: Decoded ld instruction: 0xeba1ffe8
 221250: system.cpu: A0 T0 : 0x10024268 @__tunables_init+248    : ld         r29, -24(r1)    : MemRead :  D=0x0000000000000000 A=0x7fffffffea08  flags=(IsInteger|IsLoad)
 221500: global: Decode: Decoded ld instruction: 0xebc1fff0
 221500: system.cpu: A0 T0 : 0x1002426c @__tunables_init+252    : ld         r30, -16(r1)    : MemRead :  D=0x00000000100ab260 A=0x7fffffffea10  flags=(IsInteger|IsLoad)
 221750: global: Decode: Decoded ld instruction: 0xebe1fff8
 221750: system.cpu: A0 T0 : 0x10024270 @__tunables_init+256    : ld         r31, -8(r1)     : MemRead :  D=0x00000000100ab248 A=0x7fffffffea18  flags=(IsInteger|IsLoad)
 222000: global: Decode: Decoded mtlr instruction: 0x7c0803a6
 222000: system.cpu: A0 T0 : 0x10024274 @__tunables_init+260    : mtlr       r0              : IntAlu :  D=0x0000000010000a70  flags=(IsInteger)
 222250: global: Decode: Decoded bclr instruction: 0x4e800020
 222250: system.cpu: A0 T0 : 0x10024278 @__tunables_init+264    : bclr       0, 20           : IntAlu :  D=0x0000000010025020  flags=(IsInteger|IsControl|IsIndirectControl|IsCondControl|IsReturn)
 222500: global: Decode: Decoded ori instruction: 0x60000000
 222500: system.cpu: A0 T0 : 0x10000a70 @generic_start_main+208    : nop                        : IntAlu :  D=0x0000000010000a70  flags=(IsInteger)
 222750: global: Decode: Decoded b instruction: 0x480006cd
 222750: system.cpu: A0 T0 : 0x10000a74 @generic_start_main+212    : bl         __libc_setup_tls : IntAlu :  D=0x0000000010000a78  flags=(IsInteger|IsControl|IsDirectControl|IsUncondControl)
 223000: global: Decode: Decoded mflr instruction: 0x7c0802a6
 223000: system.cpu: A0 T0 : 0x10001140 @__libc_setup_tls    : mflr       r0              : IntAlu :  D=0x0000000010000a78  flags=(IsInteger)
 223250: global: Decode: Decoded ori instruction: 0x60000000
 223250: system.cpu: A0 T0 : 0x10001144 @__libc_setup_tls+4    : nop                        : IntAlu :  D=0x0000000010000a78  flags=(IsInteger)
 223500: global: Decode: Decoded addi instruction: 0x3942b8b0
 223500: system.cpu: A0 T0 : 0x10001148 @__libc_setup_tls+8    : subi       r10, r2, 18256  : IntAlu :  D=0x00000000100b35b0  flags=(IsInteger)
 223750: global: Decode: Decoded std instruction: 0xfbe1fff8
 223750: system.cpu: A0 T0 : 0x1000114c @__libc_setup_tls+12    : std        r31, -8(r1)     : MemWrite :  D=0x00000000100ab248 A=0x7fffffffea18  flags=(IsInteger|IsStore)
 224000: global: Decode: Decoded ori instruction: 0x60000000
 224000: system.cpu: A0 T0 : 0x10001150 @__libc_setup_tls+16    : nop                        : IntAlu :  D=0x0000000010000a78  flags=(IsInteger)
 224250: global: Decode: Decoded addi instruction: 0x392298f0
 224250: system.cpu: A0 T0 : 0x10001154 @__libc_setup_tls+20    : subi       r9, r2, 26384   : IntAlu :  D=0x00000000100b15f0  flags=(IsInteger)
 224500: global: Decode: Decoded std instruction: 0xfb81ffe0
 224500: system.cpu: A0 T0 : 0x10001158 @__libc_setup_tls+24    : std        r28, -32(r1)    : MemWrite :  D=0x0000000000000001 A=0x7fffffffea00  flags=(IsInteger|IsStore)
 224750: global: Decode: Decoded std instruction: 0xfa41ff90
 224750: system.cpu: A0 T0 : 0x1000115c @__libc_setup_tls+28    : std        r18, -112(r1)   : MemWrite :  D=0x0000000000000000 A=0x7fffffffe9b0  flags=(IsInteger|IsStore)
 225000: global: Decode: Decoded std instruction: 0xfa61ff98
 225000: system.cpu: A0 T0 : 0x10001160 @__libc_setup_tls+32    : std        r19, -104(r1)   : MemWrite :  D=0x0000000000000000 A=0x7fffffffe9b8  flags=(IsInteger|IsStore)
 225250: global: Decode: Decoded std instruction: 0xfa81ffa0
 225250: system.cpu: A0 T0 : 0x10001164 @__libc_setup_tls+36    : std        r20, -96(r1)    : MemWrite :  D=0x0000000000000000 A=0x7fffffffe9c0  flags=(IsInteger|IsStore)
 225500: global: Decode: Decoded std instruction: 0xfaa1ffa8
 225500: system.cpu: A0 T0 : 0x10001168 @__libc_setup_tls+40    : std        r21, -88(r1)    : MemWrite :  D=0x0000000000000000 A=0x7fffffffe9c8  flags=(IsInteger|IsStore)
 225750: global: Decode: Decoded std instruction: 0xfac1ffb0
 225750: system.cpu: A0 T0 : 0x1000116c @__libc_setup_tls+44    : std        r22, -80(r1)    : MemWrite :  D=0x0000000000000000 A=0x7fffffffe9d0  flags=(IsInteger|IsStore)
 226000: global: Decode: Decoded std instruction: 0xfae1ffb8
 226000: system.cpu: A0 T0 : 0x10001170 @__libc_setup_tls+48    : std        r23, -72(r1)    : MemWrite :  D=0x00000000100b3590 A=0x7fffffffe9d8  flags=(IsInteger|IsStore)
 226250: global: Decode: Decoded std instruction: 0xfb01ffc0
 226250: system.cpu: A0 T0 : 0x10001174 @__libc_setup_tls+52    : std        r24, -64(r1)    : MemWrite :  D=0x00000000100b2b60 A=0x7fffffffe9e0  flags=(IsInteger|IsStore)
 226500: global: Decode: Decoded std instruction: 0xf8010010
 226500: system.cpu: A0 T0 : 0x10001178 @__libc_setup_tls+56    : std        r0, 16(r1)      : MemWrite :  D=0x0000000010000a78 A=0x7fffffffea30  flags=(IsInteger|IsStore)
 226750: global: Decode: Decoded std instruction: 0xfb21ffc8
 226750: system.cpu: A0 T0 : 0x1000117c @__libc_setup_tls+60    : std        r25, -56(r1)    : MemWrite :  D=0x00000000100b2b70 A=0x7fffffffe9e8  flags=(IsInteger|IsStore)
 227000: global: Decode: Decoded std instruction: 0xfb41ffd0
 227000: system.cpu: A0 T0 : 0x10001180 @__libc_setup_tls+64    : std        r26, -48(r1)    : MemWrite :  D=0x0000000000000000 A=0x7fffffffe9f0  flags=(IsInteger|IsStore)
 227250: global: Decode: Decoded std instruction: 0xfb61ffd8
 227250: system.cpu: A0 T0 : 0x10001184 @__libc_setup_tls+68    : std        r27, -40(r1)    : MemWrite :  D=0x0000000000000000 A=0x7fffffffe9f8  flags=(IsInteger|IsStore)
 227500: global: Decode: Decoded std instruction: 0xfba1ffe8
 227500: system.cpu: A0 T0 : 0x10001188 @__libc_setup_tls+72    : std        r29, -24(r1)    : MemWrite :  D=0x0000000000000000 A=0x7fffffffea08  flags=(IsInteger|IsStore)
 227750: global: Decode: Decoded std instruction: 0xfbc1fff0
 227750: system.cpu: A0 T0 : 0x1000118c @__libc_setup_tls+76    : std        r30, -16(r1)    : MemWrite :  D=0x00000000100ab260 A=0x7fffffffea10  flags=(IsInteger|IsStore)
 228000: global: Decode: Decoded stdu instruction: 0xf821ff21
 228000: system.cpu: A0 T0 : 0x10001190 @__libc_setup_tls+80    : stdu       r1, -224(r1)    : MemWrite :  D=0x00007fffffffe940 A=0x7fffffffe940  flags=(IsInteger|IsStore)
 228250: global: Decode: Decoded ld instruction: 0xebea0000
 228250: system.cpu: A0 T0 : 0x10001194 @__libc_setup_tls+84    : ld         r31, 0(r10)     : MemRead :  D=0x0000000010000040 A=0x100b35b0  flags=(IsInteger|IsLoad)
 228500: global: Decode: Decoded ld instruction: 0xeb890000
 228500: system.cpu: A0 T0 : 0x10001198 @__libc_setup_tls+88    : ld         r28, 0(r9)      : MemRead :  D=0x00000000100b10e8 A=0x100b15f0  flags=(IsInteger|IsLoad)
 228750: global: Decode: Decoded cmpi instruction: 0x2fbf0000
 228750: system.cpu: A0 T0 : 0x1000119c @__libc_setup_tls+92    : cmpdi      cr7, r31, 0     : IntAlu :  D=0x0000000024000004  flags=(IsInteger)
 229000: global: Decode: Decoded bc instruction: 0x419e0230
 229000: system.cpu: A0 T0 : 0x100011a0 @__libc_setup_tls+96    : bc         30, 12, 0x100013d0 : IntAlu :  D=0x0000000010025020  flags=(IsInteger|IsControl|IsDirectControl|IsCondControl)
 229250: global: Decode: Decoded ori instruction: 0x60000000
 229250: system.cpu: A0 T0 : 0x100011a4 @__libc_setup_tls+100    : nop                        : IntAlu :  D=0x0000000010000a78  flags=(IsInteger)
 229500: global: Decode: Decoded addi instruction: 0x3922b8e8
 229500: system.cpu: A0 T0 : 0x100011a8 @__libc_setup_tls+104    : subi       r9, r2, 18200   : IntAlu :  D=0x00000000100b35e8  flags=(IsInteger)
 229750: global: Decode: Decoded ld instruction: 0xe9490000
 229750: system.cpu: A0 T0 : 0x100011ac @__libc_setup_tls+108    : ld         r10, 0(r9)      : MemRead :  D=0x0000000000000005 A=0x100b35e8  flags=(IsInteger|IsLoad)
 230000: global: Decode: Decoded mulli instruction: 0x1d4a0038
 230000: system.cpu: A0 T0 : 0x100011b0 @__libc_setup_tls+112    : mulli      r10, r10, 56    : IntAlu :  D=0x0000000000000118  flags=(IsInteger)
 230250: global: Decode: Decoded add instruction: 0x7d5f5214
 230250: system.cpu: A0 T0 : 0x100011b4 @__libc_setup_tls+116    : add        r10, r31, r10   : IntAlu :  D=0x0000000010000158  flags=(IsInteger)
 230500: global: Decode: Decoded cmpl instruction: 0x7fbf5040
 230500: system.cpu: A0 T0 : 0x100011b8 @__libc_setup_tls+120    : cmpld      cr7, r31, r10   : IntAlu :  D=0x0000000024000008  flags=(IsInteger)
 230750: global: Decode: Decoded bc instruction: 0x419c0020
 230750: system.cpu: A0 T0 : 0x100011bc @__libc_setup_tls+124    : bc         28, 12, 0x100011dc : IntAlu :  D=0x0000000010025020  flags=(IsInteger|IsControl|IsDirectControl|IsCondControl)
 231000: global: Decode: Decoded lwz instruction: 0x813f0000
 231000: system.cpu: A0 T0 : 0x100011dc @__libc_setup_tls+156    : lwz        r9, 0(r31)      : MemRead :  D=0x0000000000000001 A=0x10000040  flags=(IsInteger|IsLoad)
 231250: global: Decode: Decoded cmpi instruction: 0x2f890007
 231250: system.cpu: A0 T0 : 0x100011e0 @__libc_setup_tls+160    : cmpwi      cr7, r9, 7      : IntAlu :  D=0x0000000024000008  flags=(IsInteger)
 231500: global: Decode: Decoded bc instruction: 0x409effec
 231500: system.cpu: A0 T0 : 0x100011e4 @__libc_setup_tls+164    : bc         30, 4, 0x100011d0 : IntAlu :  D=0x0000000010025020  flags=(IsInteger|IsControl|IsDirectControl|IsCondControl)
 231750: global: Decode: Decoded addi instruction: 0x3bff0038
 231750: system.cpu: A0 T0 : 0x100011d0 @__libc_setup_tls+144    : addi       r31, r31, 56    : IntAlu :  D=0x0000000010000078  flags=(IsInteger)
 232000: global: Decode: Decoded cmpl instruction: 0x7fbf5040
 232000: system.cpu: A0 T0 : 0x100011d4 @__libc_setup_tls+148    : cmpld      cr7, r31, r10   : IntAlu :  D=0x0000000024000008  flags=(IsInteger)
 232250: global: Decode: Decoded bc instruction: 0x409c01c8
 232250: system.cpu: A0 T0 : 0x100011d8 @__libc_setup_tls+152    : bc         28, 4, 0x100013a0 : IntAlu :  D=0x0000000010025020  flags=(IsInteger|IsControl|IsDirectControl|IsCondControl)
 232500: global: Decode: Decoded lwz instruction: 0x813f0000
 232500: system.cpu: A0 T0 : 0x100011dc @__libc_setup_tls+156    : lwz        r9, 0(r31)      : MemRead :  D=0x0000000000000001 A=0x10000078  flags=(IsInteger|IsLoad)
 232750: global: Decode: Decoded cmpi instruction: 0x2f890007
 232750: system.cpu: A0 T0 : 0x100011e0 @__libc_setup_tls+160    : cmpwi      cr7, r9, 7      : IntAlu :  D=0x0000000024000008  flags=(IsInteger)
 233000: global: Decode: Decoded bc instruction: 0x409effec
 233000: system.cpu: A0 T0 : 0x100011e4 @__libc_setup_tls+164    : bc         30, 4, 0x100011d0 : IntAlu :  D=0x0000000010025020  flags=(IsInteger|IsControl|IsDirectControl|IsCondControl)
 233250: global: Decode: Decoded addi instruction: 0x3bff0038
 233250: system.cpu: A0 T0 : 0x100011d0 @__libc_setup_tls+144    : addi       r31, r31, 56    : IntAlu :  D=0x00000000100000b0  flags=(IsInteger)
 233500: global: Decode: Decoded cmpl instruction: 0x7fbf5040
 233500: system.cpu: A0 T0 : 0x100011d4 @__libc_setup_tls+148    : cmpld      cr7, r31, r10   : IntAlu :  D=0x0000000024000008  flags=(IsInteger)
 233750: global: Decode: Decoded bc instruction: 0x409c01c8
 233750: system.cpu: A0 T0 : 0x100011d8 @__libc_setup_tls+152    : bc         28, 4, 0x100013a0 : IntAlu :  D=0x0000000010025020  flags=(IsInteger|IsControl|IsDirectControl|IsCondControl)
 234000: global: Decode: Decoded lwz instruction: 0x813f0000
 234000: system.cpu: A0 T0 : 0x100011dc @__libc_setup_tls+156    : lwz        r9, 0(r31)      : MemRead :  D=0x0000000000000004 A=0x100000b0  flags=(IsInteger|IsLoad)
 234250: global: Decode: Decoded cmpi instruction: 0x2f890007
 234250: system.cpu: A0 T0 : 0x100011e0 @__libc_setup_tls+160    : cmpwi      cr7, r9, 7      : IntAlu :  D=0x0000000024000008  flags=(IsInteger)
 234500: global: Decode: Decoded bc instruction: 0x409effec
 234500: system.cpu: A0 T0 : 0x100011e4 @__libc_setup_tls+164    : bc         30, 4, 0x100011d0 : IntAlu :  D=0x0000000010025020  flags=(IsInteger|IsControl|IsDirectControl|IsCondControl)
 234750: global: Decode: Decoded addi instruction: 0x3bff0038
 234750: system.cpu: A0 T0 : 0x100011d0 @__libc_setup_tls+144    : addi       r31, r31, 56    : IntAlu :  D=0x00000000100000e8  flags=(IsInteger)
 235000: global: Decode: Decoded cmpl instruction: 0x7fbf5040
 235000: system.cpu: A0 T0 : 0x100011d4 @__libc_setup_tls+148    : cmpld      cr7, r31, r10   : IntAlu :  D=0x0000000024000008  flags=(IsInteger)
 235250: global: Decode: Decoded bc instruction: 0x409c01c8
 235250: system.cpu: A0 T0 : 0x100011d8 @__libc_setup_tls+152    : bc         28, 4, 0x100013a0 : IntAlu :  D=0x0000000010025020  flags=(IsInteger|IsControl|IsDirectControl|IsCondControl)
 235500: global: Decode: Decoded lwz instruction: 0x813f0000
 235500: system.cpu: A0 T0 : 0x100011dc @__libc_setup_tls+156    : lwz        r9, 0(r31)      : MemRead :  D=0x0000000000000007 A=0x100000e8  flags=(IsInteger|IsLoad)
 235750: global: Decode: Decoded cmpi instruction: 0x2f890007
 235750: system.cpu: A0 T0 : 0x100011e0 @__libc_setup_tls+160    : cmpwi      cr7, r9, 7      : IntAlu :  D=0x0000000024000002  flags=(IsInteger)
 236000: global: Decode: Decoded bc instruction: 0x409effec
 236000: system.cpu: A0 T0 : 0x100011e4 @__libc_setup_tls+164    : bc         30, 4, 0x100011d0 : IntAlu :  D=0x0000000010025020  flags=(IsInteger|IsControl|IsDirectControl|IsCondControl)
 236250: global: Decode: Decoded ld instruction: 0xeb1f0030
 236250: system.cpu: A0 T0 : 0x100011e8 @__libc_setup_tls+168    : ld         r24, 48(r31)    : MemRead :  D=0x0000000000000008 A=0x10000118  flags=(IsInteger|IsLoad)
 236500: global: Decode: Decoded ld instruction: 0xe93c0000
 236500: system.cpu: A0 T0 : 0x100011ec @__libc_setup_tls+172    : ld         r9, 0(r28)      : MemRead :  D=0x0000000000000000 A=0x100b10e8  flags=(IsInteger|IsLoad)
 236750: global: Decode: Decoded ld instruction: 0xe95f0010
 236750: system.cpu: A0 T0 : 0x100011f0 @__libc_setup_tls+176    : ld         r10, 16(r31)    : MemRead :  D=0x00000000100a9888 A=0x100000f8  flags=(IsInteger|IsLoad)
 237000: global: Decode: Decoded ld instruction: 0xeaff0028
 237000: system.cpu: A0 T0 : 0x100011f4 @__libc_setup_tls+180    : ld         r23, 40(r31)    : MemRead :  D=0x0000000000000060 A=0x10000110  flags=(IsInteger|IsLoad)
 237250: global: Decode: Decoded ld instruction: 0xeb3f0020
 237250: system.cpu: A0 T0 : 0x100011f8 @__libc_setup_tls+184    : ld         r25, 32(r31)    : MemRead :  D=0x0000000000000020 A=0x10000108  flags=(IsInteger|IsLoad)
 237500: global: Decode: Decoded cmpli instruction: 0x2bb80010
 237500: system.cpu: A0 T0 : 0x100011fc @__libc_setup_tls+188    : cmpldi     cr7, r24, 16    : IntAlu :  D=0x0000000024000008  flags=(IsInteger)
 237750: global: Decode: Decoded add instruction: 0x7fe95214
 237750: system.cpu: A0 T0 : 0x10001200 @__libc_setup_tls+192    : add        r31, r9, r10    : IntAlu :  D=0x00000000100a9888  flags=(IsInteger)
 238000: global: Decode: Decoded bc instruction: 0x419d01fc
 238000: system.cpu: A0 T0 : 0x10001204 @__libc_setup_tls+196    : bc         29, 12, 0x10001400 : IntAlu :  D=0x0000000010025020  flags=(IsInteger|IsControl|IsDirectControl|IsCondControl)
 238250: global: Decode: Decoded cmpi instruction: 0x2fb80000
 238250: system.cpu: A0 T0 : 0x10001208 @__libc_setup_tls+200    : cmpdi      cr7, r24, 0     : IntAlu :  D=0x0000000024000004  flags=(IsInteger)
 238500: global: Decode: Decoded bc instruction: 0x419e0208
 238500: system.cpu: A0 T0 : 0x1000120c @__libc_setup_tls+204    : bc         30, 12, 0x10001414 : IntAlu :  D=0x0000000010025020  flags=(IsInteger|IsControl|IsDirectControl|IsCondControl)
 238750: global: Decode: Decoded addi instruction: 0x3bd8ffff
 238750: system.cpu: A0 T0 : 0x10001210 @__libc_setup_tls+208    : subi       r30, r24, 1     : IntAlu :  D=0x0000000000000007  flags=(IsInteger)
 239000: global: Decode: Decoded addi instruction: 0x3a80000f
 239000: system.cpu: A0 T0 : 0x10001214 @__libc_setup_tls+212    : li         r20, 15         : IntAlu :  D=0x000000000000000f  flags=(IsInteger)
 239250: global: Decode: Decoded addi instruction: 0x3a60fff0
 239250: system.cpu: A0 T0 : 0x10001218 @__libc_setup_tls+216    : li         r19, -16        : IntAlu :  D=0xfffffffffffffff0  flags=(IsInteger)
 239500: global: Decode: Decoded addi instruction: 0x3ac00010
 239500: system.cpu: A0 T0 : 0x1000121c @__libc_setup_tls+220    : li         r22, 16         : IntAlu :  D=0x0000000000000010  flags=(IsInteger)
 239750: global: Decode: Decoded divdu instruction: 0x7d3ec392
 239750: system.cpu: A0 T0 : 0x10001220 @__libc_setup_tls+224    : divdu      r9, r30, r24    : IntAlu :  D=0x0000000000000000  flags=(IsInteger)
 240000: global: Decode: Decoded or instruction: 0x7f15c378
 240000: system.cpu: A0 T0 : 0x10001224 @__libc_setup_tls+228    : mr         r21, r24        : IntAlu :  D=0x0000000000000008  flags=(IsInteger)
 240250: global: Decode: Decoded add instruction: 0x7fd7f214
 240250: system.cpu: A0 T0 : 0x10001228 @__libc_setup_tls+232    : add        r30, r23, r30   : IntAlu :  D=0x0000000000000067  flags=(IsInteger)
 240500: global: Decode: Decoded mulld instruction: 0x7f49c1d2
 240500: system.cpu: A0 T0 : 0x1000122c @__libc_setup_tls+236    : mulld      r26, r9, r24    : IntAlu :  D=0x0000000000000000  flags=(IsInteger)
 240750: global: Decode: Decoded or instruction: 0x7f5dd378
 240750: system.cpu: A0 T0 : 0x10001230 @__libc_setup_tls+240    : mr         r29, r26        : IntAlu :  D=0x0000000000000000  flags=(IsInteger)
 241000: global: Decode: Decoded ori instruction: 0x60000000
 241000: system.cpu: A0 T0 : 0x10001234 @__libc_setup_tls+244    : nop                        : IntAlu :  D=0x0000000010000a78  flags=(IsInteger)
 241250: global: Decode: Decoded ld instruction: 0xe8628400
 241250: system.cpu: A0 T0 : 0x10001238 @__libc_setup_tls+248    : ld         r3, -31744(r2)  : MemRead :  D=0x0000000000000800 A=0x100b0100  flags=(IsInteger|IsLoad)
 241500: global: Decode: Decoded addi instruction: 0x38630770
 241500: system.cpu: A0 T0 : 0x1000123c @__libc_setup_tls+252    : addi       r3, r3, 1904    : IntAlu :  D=0x0000000000000f70  flags=(IsInteger)
 241750: global: Decode: Decoded add instruction: 0x7c63d214
 241750: system.cpu: A0 T0 : 0x10001240 @__libc_setup_tls+256    : add        r3, r3, r26     : IntAlu :  D=0x0000000000000f70  flags=(IsInteger)
 242000: global: Decode: Decoded add instruction: 0x7c63ba14
 242000: system.cpu: A0 T0 : 0x10001244 @__libc_setup_tls+260    : add        r3, r3, r23     : IntAlu :  D=0x0000000000000fd0  flags=(IsInteger)
 242250: global: Decode: Decoded add instruction: 0x7c63b214
 242250: system.cpu: A0 T0 : 0x10001248 @__libc_setup_tls+264    : add        r3, r3, r22     : IntAlu :  D=0x0000000000000fe0  flags=(IsInteger)
 242500: global: Decode: Decoded b instruction: 0x48020da5
 242500: system.cpu: A0 T0 : 0x1000124c @__libc_setup_tls+268    : bl         sbrk            : IntAlu :  D=0x0000000010001250  flags=(IsInteger|IsControl|IsDirectControl|IsUncondControl)
 242750: global: Decode: Decoded std instruction: 0xfba1ffe8
 242750: system.cpu: A0 T0 : 0x10021ff0 @__sbrk    : std        r29, -24(r1)    : MemWrite :  D=0x0000000000000000 A=0x7fffffffe928  flags=(IsInteger|IsStore)
 243000: global: Decode: Decoded ori instruction: 0x60000000
 243000: system.cpu: A0 T0 : 0x10021ff4 @__sbrk+4    : nop                        : IntAlu :  D=0x0000000010000a78  flags=(IsInteger)
 243250: global: Decode: Decoded addi instruction: 0x3ba2ba00
 243250: system.cpu: A0 T0 : 0x10021ff8 @__sbrk+8    : subi       r29, r2, 17920  : IntAlu :  D=0x00000000100b3700  flags=(IsInteger)
 243500: global: Decode: Decoded std instruction: 0xfbe1fff8
 243500: system.cpu: A0 T0 : 0x10021ffc @__sbrk+12    : std        r31, -8(r1)     : MemWrite :  D=0x00000000100a9888 A=0x7fffffffe938  flags=(IsInteger|IsStore)
 243750: global: Decode: Decoded std instruction: 0xfbc1fff0
 243750: system.cpu: A0 T0 : 0x10022000 @__sbrk+16    : std        r30, -16(r1)    : MemWrite :  D=0x0000000000000067 A=0x7fffffffe930  flags=(IsInteger|IsStore)
 244000: global: Decode: Decoded or instruction: 0x7c7e1b78
 244000: system.cpu: A0 T0 : 0x10022004 @__sbrk+20    : mr         r30, r3         : IntAlu :  D=0x0000000000000fe0  flags=(IsInteger)
 244250: global: Decode: Decoded stdu instruction: 0xf821ff71
 244250: system.cpu: A0 T0 : 0x10022008 @__sbrk+24    : stdu       r1, -144(r1)    : MemWrite :  D=0x00007fffffffe8b0 A=0x7fffffffe8b0  flags=(IsInteger|IsStore)
 244500: global: Decode: Decoded ld instruction: 0xebfd0000
 244500: system.cpu: A0 T0 : 0x1002200c @__sbrk+28    : ld         r31, 0(r29)     : MemRead :  D=0x0000000000000000 A=0x100b3700  flags=(IsInteger|IsLoad)
 244750: global: Decode: Decoded cmpi instruction: 0x2fbf0000
 244750: system.cpu: A0 T0 : 0x10022010 @__sbrk+32    : cmpdi      cr7, r31, 0     : IntAlu :  D=0x0000000024000002  flags=(IsInteger)
 245000: global: Decode: Decoded bc instruction: 0x419e007c
 245000: system.cpu: A0 T0 : 0x10022014 @__sbrk+36    : bc         30, 12, 0x10022090 : IntAlu :  D=0x0000000010025020  flags=(IsInteger|IsControl|IsDirectControl|IsCondControl)
 245250: global: Decode: Decoded mflr instruction: 0x7c0802a6
 245250: system.cpu: A0 T0 : 0x10022090 @__sbrk+160    : mflr       r0              : IntAlu :  D=0x0000000010001250  flags=(IsInteger)
 245500: global: Decode: Decoded addi instruction: 0x38600000
 245500: system.cpu: A0 T0 : 0x10022094 @__sbrk+164    : li         r3, 0           : IntAlu :  D=0x0000000000000000  flags=(IsInteger)
 245750: global: Decode: Decoded std instruction: 0xf80100a0
 245750: system.cpu: A0 T0 : 0x10022098 @__sbrk+168    : std        r0, 160(r1)     : MemWrite :  D=0x0000000010001250 A=0x7fffffffe950  flags=(IsInteger|IsStore)
 246000: global: Decode: Decoded b instruction: 0x48028a29
 246000: system.cpu: A0 T0 : 0x1002209c @__sbrk+172    : bl         __brk           : IntAlu :  D=0x00000000100220a0  flags=(IsInteger|IsControl|IsDirectControl|IsUncondControl)
 246250: global: Decode: Decoded std instruction: 0xf861fff8
 246250: system.cpu: A0 T0 : 0x1004aac4 @brk    : std        r3, -8(r1)      : MemWrite :  D=0x0000000000000000 A=0x7fffffffe8a8  flags=(IsInteger|IsStore)
 246500: global: Decode: Decoded addi instruction: 0x3800002d
 246500: system.cpu: A0 T0 : 0x1004aac8 @brk+4    : li         r0, 45          : IntAlu :  D=0x000000000000002d  flags=(IsInteger)
 246750: global: Decode: Decoded sc instruction: 0x44000002
 246750: system.cpu: A0 T0 : 0x1004aacc @brk+8    : sc                         : IntAlu :   flags=()
 247000: global: Decode: Decoded ld instruction: 0xe8c1fff8
 247000: system.cpu: A0 T0 : 0x1004aad0 @brk+12    : ld         r6, -8(r1)      : MemRead :  D=0x0000000000000000 A=0x7fffffffe8a8  flags=(IsInteger|IsLoad)
 247250: global: Decode: Decoded ld instruction: 0xe8a28038
 247250: system.cpu: A0 T0 : 0x1004aad4 @brk+16    : ld         r5, -32712(r2)  : MemRead :  D=0x00000000100b3700 A=0x100afd38  flags=(IsInteger|IsLoad)
 247500: global: Decode: Decoded std instruction: 0xf8650000
 247500: system.cpu: A0 T0 : 0x1004aad8 @brk+20    : std        r3, 0(r5)       : MemWrite :  D=0x00000000100b4000 A=0x100b3700  flags=(IsInteger|IsStore)
 247750: global: Decode: Decoded cmpl instruction: 0x7c261840
 247750: system.cpu: A0 T0 : 0x1004aadc @brk+24    : cmpld      r6, r3          : IntAlu :  D=0x0000000084000002  flags=(IsInteger)
 248000: global: Decode: Decoded addi instruction: 0x38600000
 248000: system.cpu: A0 T0 : 0x1004aae0 @brk+28    : li         r3, 0           : IntAlu :  D=0x0000000000000000  flags=(IsInteger)
 248250: global: Decode: Decoded bclr instruction: 0x4ca10020
 248250: system.cpu: A0 T0 : 0x1004aae4 @brk+32    : bclr       1, 5            : IntAlu :  D=0x0000000010025020  flags=(IsInteger|IsControl|IsIndirectControl|IsCondControl|IsReturn)
 248500: global: Decode: Decoded ori instruction: 0x60000000
 248500: system.cpu: A0 T0 : 0x100220a0 @__sbrk+176    : nop                        : IntAlu :  D=0x000000000000002d  flags=(IsInteger)
 248750: global: Decode: Decoded cmpi instruction: 0x2f830000
 248750: system.cpu: A0 T0 : 0x100220a4 @__sbrk+180    : cmpwi      cr7, r3, 0      : IntAlu :  D=0x0000000084000002  flags=(IsInteger)
 249000: global: Decode: Decoded bc instruction: 0x419c0078
 249000: system.cpu: A0 T0 : 0x100220a8 @__sbrk+184    : bc         28, 12, 0x10022120 : IntAlu :  D=0x0000000010025020  flags=(IsInteger|IsControl|IsDirectControl|IsCondControl)
 249250: global: Decode: Decoded ld instruction: 0xe80100a0
 249250: system.cpu: A0 T0 : 0x100220ac @__sbrk+188    : ld         r0, 160(r1)     : MemRead :  D=0x0000000010001250 A=0x7fffffffe950  flags=(IsInteger|IsLoad)
 249500: global: Decode: Decoded ld instruction: 0xebfd0000
 249500: system.cpu: A0 T0 : 0x100220b0 @__sbrk+192    : ld         r31, 0(r29)     : MemRead :  D=0x00000000100b4000 A=0x100b3700  flags=(IsInteger|IsLoad)
 249750: global: Decode: Decoded mtlr instruction: 0x7c0803a6
 249750: system.cpu: A0 T0 : 0x100220b4 @__sbrk+196    : mtlr       r0              : IntAlu :  D=0x0000000010001250  flags=(IsInteger)
 250000: global: Decode: Decoded b instruction: 0x4bffff74
 250000: system.cpu: A0 T0 : 0x100220b8 @__sbrk+200    : b          0x1002202c      : IntAlu :   flags=(IsControl|IsDirectControl|IsUncondControl)
 250250: global: Decode: Decoded cmpi instruction: 0x2fbe0000
 250250: system.cpu: A0 T0 : 0x1002202c @__sbrk+60    : cmpdi      cr7, r30, 0     : IntAlu :  D=0x0000000084000004  flags=(IsInteger)
 250500: global: Decode: Decoded bc instruction: 0x419e003c
 250500: system.cpu: A0 T0 : 0x10022030 @__sbrk+64    : bc         30, 12, 0x1002206c : IntAlu :  D=0x0000000010025020  flags=(IsInteger|IsControl|IsDirectControl|IsCondControl)
 250750: global: Decode: Decoded bc instruction: 0x409d008c
 250750: system.cpu: A0 T0 : 0x10022034 @__sbrk+68    : bc         29, 4, 0x100220c0 : IntAlu :  D=0x0000000010025020  flags=(IsInteger|IsControl|IsDirectControl|IsCondControl)
 251000: global: Decode: Decoded add instruction: 0x7d3efa14
 251000: system.cpu: A0 T0 : 0x10022038 @__sbrk+72    : add        r9, r30, r31    : IntAlu :  D=0x00000000100b4fe0  flags=(IsInteger)
 251250: global: Decode: Decoded subfc instruction: 0x7d3f4810
 251250: system.cpu: A0 T0 : 0x1002203c @__sbrk+76    : subfc      r9, r31, r9     : IntAlu :  D=0x0000000020040000  flags=(IsInteger)
 251500: global: Decode: Decoded subfe instruction: 0x7d294910
 251500: system.cpu: A0 T0 : 0x10022040 @__sbrk+80    : subfe      r9, r9, r9      : IntAlu :  D=0x0000000020040000  flags=(IsInteger)
 251750: global: Decode: Decoded neg instruction: 0x7d2900d0
 251750: system.cpu: A0 T0 : 0x10022044 @__sbrk+84    : neg        r9, r9          : IntAlu :  D=0x0000000000000000  flags=(IsInteger)
 252000: global: Decode: Decoded rlwinm instruction: 0x5529063e
 252000: system.cpu: A0 T0 : 0x10022048 @__sbrk+88    : clrlwi     r9, r9, 24      : IntAlu :  D=0x0000000000000000  flags=(IsInteger)
 252250: global: Decode: Decoded cmpi instruction: 0x2fa90000
 252250: system.cpu: A0 T0 : 0x1002204c @__sbrk+92    : cmpdi      cr7, r9, 0      : IntAlu :  D=0x0000000084000002  flags=(IsInteger)
 252500: global: Decode: Decoded bc instruction: 0x419e008c
 252500: system.cpu: A0 T0 : 0x10022050 @__sbrk+96    : bc         30, 12, 0x100220dc : IntAlu :  D=0x0000000010025020  flags=(IsInteger|IsControl|IsDirectControl|IsCondControl)
 252750: global: Decode: Decoded mflr instruction: 0x7c0802a6
 252750: system.cpu: A0 T0 : 0x100220dc @__sbrk+236    : mflr       r0              : IntAlu :  D=0x0000000010001250  flags=(IsInteger)
 253000: global: Decode: Decoded add instruction: 0x7c7ff214
 253000: system.cpu: A0 T0 : 0x100220e0 @__sbrk+240    : add        r3, r31, r30    : IntAlu :  D=0x00000000100b4fe0  flags=(IsInteger)
 253250: global: Decode: Decoded std instruction: 0xf80100a0
 253250: system.cpu: A0 T0 : 0x100220e4 @__sbrk+244    : std        r0, 160(r1)     : MemWrite :  D=0x0000000010001250 A=0x7fffffffe950  flags=(IsInteger|IsStore)
 253500: global: Decode: Decoded b instruction: 0x480289dd
 253500: system.cpu: A0 T0 : 0x100220e8 @__sbrk+248    : bl         __brk           : IntAlu :  D=0x00000000100220ec  flags=(IsInteger|IsControl|IsDirectControl|IsUncondControl)
 253750: global: Decode: Decoded std instruction: 0xf861fff8
 253750: system.cpu: A0 T0 : 0x1004aac4 @brk    : std        r3, -8(r1)      : MemWrite :  D=0x00000000100b4fe0 A=0x7fffffffe8a8  flags=(IsInteger|IsStore)
 254000: global: Decode: Decoded addi instruction: 0x3800002d
 254000: system.cpu: A0 T0 : 0x1004aac8 @brk+4    : li         r0, 45          : IntAlu :  D=0x000000000000002d  flags=(IsInteger)
 254250: global: Decode: Decoded sc instruction: 0x44000002
 254250: system.cpu: A0 T0 : 0x1004aacc @brk+8    : sc                         : IntAlu :   flags=()
 254500: global: Decode: Decoded ld instruction: 0xe8c1fff8
 254500: system.cpu: A0 T0 : 0x1004aad0 @brk+12    : ld         r6, -8(r1)      : MemRead :  D=0x00000000100b4fe0 A=0x7fffffffe8a8  flags=(IsInteger|IsLoad)
 254750: global: Decode: Decoded ld instruction: 0xe8a28038
 254750: system.cpu: A0 T0 : 0x1004aad4 @brk+16    : ld         r5, -32712(r2)  : MemRead :  D=0x00000000100b3700 A=0x100afd38  flags=(IsInteger|IsLoad)
 255000: global: Decode: Decoded std instruction: 0xf8650000
 255000: system.cpu: A0 T0 : 0x1004aad8 @brk+20    : std        r3, 0(r5)       : MemWrite :  D=0x00000000100b4fe0 A=0x100b3700  flags=(IsInteger|IsStore)
 255250: global: Decode: Decoded cmpl instruction: 0x7c261840
 255250: system.cpu: A0 T0 : 0x1004aadc @brk+24    : cmpld      r6, r3          : IntAlu :  D=0x0000000024000002  flags=(IsInteger)
 255500: global: Decode: Decoded addi instruction: 0x38600000
 255500: system.cpu: A0 T0 : 0x1004aae0 @brk+28    : li         r3, 0           : IntAlu :  D=0x0000000000000000  flags=(IsInteger)
 255750: global: Decode: Decoded bclr instruction: 0x4ca10020
 255750: system.cpu: A0 T0 : 0x1004aae4 @brk+32    : bclr       1, 5            : IntAlu :  D=0x0000000010025020  flags=(IsInteger|IsControl|IsIndirectControl|IsCondControl|IsReturn)
 256000: global: Decode: Decoded ori instruction: 0x60000000
 256000: system.cpu: A0 T0 : 0x100220ec @__sbrk+252    : nop                        : IntAlu :  D=0x000000000000002d  flags=(IsInteger)
 256250: global: Decode: Decoded cmpi instruction: 0x2f830000
 256250: system.cpu: A0 T0 : 0x100220f0 @__sbrk+256    : cmpwi      cr7, r3, 0      : IntAlu :  D=0x0000000024000002  flags=(IsInteger)
 256500: global: Decode: Decoded bc instruction: 0x419c002c
 256500: system.cpu: A0 T0 : 0x100220f4 @__sbrk+260    : bc         28, 12, 0x10022120 : IntAlu :  D=0x0000000010025020  flags=(IsInteger|IsControl|IsDirectControl|IsCondControl)
 256750: global: Decode: Decoded ld instruction: 0xe80100a0
 256750: system.cpu: A0 T0 : 0x100220f8 @__sbrk+264    : ld         r0, 160(r1)     : MemRead :  D=0x0000000010001250 A=0x7fffffffe950  flags=(IsInteger|IsLoad)
 257000: global: Decode: Decoded addi instruction: 0x38210090
 257000: system.cpu: A0 T0 : 0x100220fc @__sbrk+268    : addi       r1, r1, 144     : IntAlu :  D=0x00007fffffffe940  flags=(IsInteger)
 257250: global: Decode: Decoded or instruction: 0x7fe3fb78
 257250: system.cpu: A0 T0 : 0x10022100 @__sbrk+272    : mr         r3, r31         : IntAlu :  D=0x00000000100b4000  flags=(IsInteger)
 257500: global: Decode: Decoded ld instruction: 0xeba1ffe8
 257500: system.cpu: A0 T0 : 0x10022104 @__sbrk+276    : ld         r29, -24(r1)    : MemRead :  D=0x0000000000000000 A=0x7fffffffe928  flags=(IsInteger|IsLoad)
 257750: global: Decode: Decoded ld instruction: 0xebc1fff0
 257750: system.cpu: A0 T0 : 0x10022108 @__sbrk+280    : ld         r30, -16(r1)    : MemRead :  D=0x0000000000000067 A=0x7fffffffe930  flags=(IsInteger|IsLoad)
 258000: global: Decode: Decoded ld instruction: 0xebe1fff8
 258000: system.cpu: A0 T0 : 0x1002210c @__sbrk+284    : ld         r31, -8(r1)     : MemRead :  D=0x00000000100a9888 A=0x7fffffffe938  flags=(IsInteger|IsLoad)
 258250: global: Decode: Decoded mtlr instruction: 0x7c0803a6
 258250: system.cpu: A0 T0 : 0x10022110 @__sbrk+288    : mtlr       r0              : IntAlu :  D=0x0000000010001250  flags=(IsInteger)
 258500: global: Decode: Decoded bclr instruction: 0x4e800020
 258500: system.cpu: A0 T0 : 0x10022114 @__sbrk+292    : bclr       0, 20           : IntAlu :  D=0x0000000010025020  flags=(IsInteger|IsControl|IsIndirectControl|IsCondControl|IsReturn)
 258750: global: Decode: Decoded ori instruction: 0x60000000
 258750: system.cpu: A0 T0 : 0x10001250 @__libc_setup_tls+272    : nop                        : IntAlu :  D=0x0000000010001250  flags=(IsInteger)
 259000: global: Decode: Decoded ori instruction: 0x60000000
 259000: system.cpu: A0 T0 : 0x10001254 @__libc_setup_tls+276    : nop                        : IntAlu :  D=0x0000000010001250  flags=(IsInteger)
 259250: global: Decode: Decoded addi instruction: 0x3b62b3d8
 259250: system.cpu: A0 T0 : 0x10001258 @__libc_setup_tls+280    : subi       r27, r2, 19496  : IntAlu :  D=0x00000000100b30d8  flags=(IsInteger)
 259500: global: Decode: Decoded std instruction: 0xfbbc0450
 259500: system.cpu: A0 T0 : 0x1000125c @__libc_setup_tls+284    : std        r29, 1104(r28)  : MemWrite :  D=0x0000000000000000 A=0x100b1538  flags=(IsInteger|IsStore)
 259750: global: Decode: Decoded addi instruction: 0x39200000
 259750: system.cpu: A0 T0 : 0x10001260 @__libc_setup_tls+288    : li         r9, 0           : IntAlu :  D=0x0000000000000000  flags=(IsInteger)
 260000: global: Decode: Decoded addi instruction: 0x3940003e
 260000: system.cpu: A0 T0 : 0x10001264 @__libc_setup_tls+292    : li         r10, 62         : IntAlu :  D=0x000000000000003e  flags=(IsInteger)
 260250: global: Decode: Decoded or instruction: 0x7f25cb78
 260250: system.cpu: A0 T0 : 0x10001268 @__libc_setup_tls+296    : mr         r5, r25         : IntAlu :  D=0x0000000000000020  flags=(IsInteger)
 260500: global: Decode: Decoded or instruction: 0x7fe4fb78
 260500: system.cpu: A0 T0 : 0x1000126c @__libc_setup_tls+300    : mr         r4, r31         : IntAlu :  D=0x00000000100a9888  flags=(IsInteger)
 260750: global: Decode: Decoded addi instruction: 0x3ba30770
 260750: system.cpu: A0 T0 : 0x10001270 @__libc_setup_tls+304    : addi       r29, r3, 1904   : IntAlu :  D=0x00000000100b4770  flags=(IsInteger)
 261000: global: Decode: Decoded add instruction: 0x7fbda214
 261000: system.cpu: A0 T0 : 0x10001274 @__libc_setup_tls+308    : add        r29, r29, r20   : IntAlu :  D=0x00000000100b477f  flags=(IsInteger)
 261250: global: Decode: Decoded std instruction: 0xf93b0028
 261250: system.cpu: A0 T0 : 0x10001278 @__libc_setup_tls+312    : std        r9, 40(r27)     : MemWrite :  D=0x0000000000000000 A=0x100b3100  flags=(IsInteger|IsStore)
 261500: global: Decode: Decoded std instruction: 0xf95b0000
 261500: system.cpu: A0 T0 : 0x1000127c @__libc_setup_tls+316    : std        r10, 0(r27)     : MemWrite :  D=0x000000000000003e A=0x100b30d8  flags=(IsInteger|IsStore)
 261750: global: Decode: Decoded addi instruction: 0x3b7b0010
 261750: system.cpu: A0 T0 : 0x10001280 @__libc_setup_tls+320    : addi       r27, r27, 16    : IntAlu :  D=0x00000000100b30e8  flags=(IsInteger)
 262000: global: Decode: Decoded and instruction: 0x7fbd9838
 262000: system.cpu: A0 T0 : 0x10001284 @__libc_setup_tls+324    : and        r29, r29, r19   : IntAlu :  D=0x00000000100b4770  flags=(IsInteger)
 262250: global: Decode: Decoded add instruction: 0x7d3dd214
 262250: system.cpu: A0 T0 : 0x10001288 @__libc_setup_tls+328    : add        r9, r29, r26    : IntAlu :  D=0x00000000100b4770  flags=(IsInteger)
 262500: global: Decode: Decoded or instruction: 0x7d234b78
 262500: system.cpu: A0 T0 : 0x1000128c @__libc_setup_tls+332    : mr         r3, r9          : IntAlu :  D=0x00000000100b4770  flags=(IsInteger)
 262750: global: Decode: Decoded std instruction: 0xf93b0010
 262750: system.cpu: A0 T0 : 0x10001290 @__libc_setup_tls+336    : std        r9, 16(r27)     : MemWrite :  D=0x00000000100b4770 A=0x100b30f8  flags=(IsInteger|IsStore)
 263000: global: Decode: Decoded b instruction: 0x4801b92d
 263000: system.cpu: A0 T0 : 0x10001294 @__libc_setup_tls+340    : bl         memcpy          : IntAlu :  D=0x0000000010001298  flags=(IsInteger|IsControl|IsDirectControl|IsUncondControl)
 263250: global: Decode: Decoded cmpli instruction: 0x28a5001f
 263250: system.cpu: A0 T0 : 0x1001cbc0 @memcpy    : cmpldi     cr1, r5, 31     : IntAlu :  D=0x0000000024000002  flags=(IsInteger)
 263500: global: Decode: Decoded neg instruction: 0x7c0300d0
 263500: system.cpu: A0 T0 : 0x1001cbc4 @memcpy+4    : neg        r0, r3          : IntAlu :  D=0xffffffffeff4b890  flags=(IsInteger)
 263750: global: Decode: Decoded std instruction: 0xf861fff0
 263750: system.cpu: A0 T0 : 0x1001cbc8 @memcpy+8    : std        r3, -16(r1)     : MemWrite :  D=0x00000000100b4770 A=0x7fffffffe930  flags=(IsInteger|IsStore)
 264000: global: Decode: Decoded std instruction: 0xfbe1fff8
 264000: system.cpu: A0 T0 : 0x1001cbcc @memcpy+12    : std        r31, -8(r1)     : MemWrite :  D=0x00000000100a9888 A=0x7fffffffe938  flags=(IsInteger|IsStore)
 264250: global: Decode: Decoded andi_ instruction: 0x706b0007
 264250: system.cpu: A0 T0 : 0x1001cbd0 @memcpy+16    : andi.      r11, r3, 7      : IntAlu :  D=0x0000000024000002  flags=(IsInteger)
 264500: global: Decode: Decoded rldicl instruction: 0x78000760
 264500: system.cpu: A0 T0 : 0x1001cbd4 @memcpy+20    : clrldi     r0, r0, 61      : IntAlu :  D=0x0000000000000000  flags=(IsInteger)
 264750: global: Decode: Decoded rldicl instruction: 0x788a0760
 264750: system.cpu: A0 T0 : 0x1001cbd8 @memcpy+24    : clrldi     r10, r4, 61     : IntAlu :  D=0x0000000000000000  flags=(IsInteger)
 265000: global: Decode: Decoded cmpli instruction: 0x2b250008
 265000: system.cpu: A0 T0 : 0x1001cbdc @memcpy+28    : cmpldi     cr6, r5, 8      : IntAlu :  D=0x0000000024000042  flags=(IsInteger)
 265250: global: Decode: Decoded bc instruction: 0x40850160
 265250: system.cpu: A0 T0 : 0x1001cbe0 @memcpy+32    : bc         5, 4, 0x1001cd40 : IntAlu :  D=0x0000000010025020  flags=(IsInteger|IsControl|IsDirectControl|IsCondControl)
 265500: global: Decode: Decoded cmpl instruction: 0x7f2a5840
 265500: system.cpu: A0 T0 : 0x1001cbe4 @memcpy+36    : cmpld      cr6, r10, r11   : IntAlu :  D=0x0000000024000022  flags=(IsInteger)
 265750: global: Decode: Decoded or instruction: 0x7c8c2378
 265750: system.cpu: A0 T0 : 0x1001cbe8 @memcpy+40    : mr         r12, r4         : IntAlu :  D=0x00000000100a9888  flags=(IsInteger)
 266000: global: Decode: Decoded rldicl instruction: 0x78a9e8c2
 266000: system.cpu: A0 T0 : 0x1001cbec @memcpy+44    : rldicl     r9, r5, 61, 3   : IntAlu :  D=0x0000000000000004  flags=(IsInteger)
 266250: global: Decode: Decoded mtcrf instruction: 0x7c001120
 266250: system.cpu: A0 T0 : 0x1001cbf0 @memcpy+48    : mtcrf      r0, r32         : IntAlu :  D=0x0000000024000020  flags=(IsInteger)
 266500: global: Decode: Decoded or instruction: 0x7cbf2b78
 266500: system.cpu: A0 T0 : 0x1001cbf4 @memcpy+52    : mr         r31, r5         : IntAlu :  D=0x0000000000000020  flags=(IsInteger)
 266750: global: Decode: Decoded bc instruction: 0x4182004c
 266750: system.cpu: A0 T0 : 0x1001cbf8 @memcpy+56    : bc         2, 12, 0x1001cc44 : IntAlu :  D=0x0000000010025020  flags=(IsInteger|IsControl|IsDirectControl|IsCondControl)
 267000: global: Decode: Decoded rldicl instruction: 0x7beb0760
 267000: system.cpu: A0 T0 : 0x1001cc44 @memcpy+132    : clrldi     r11, r31, 61    : IntAlu :  D=0x0000000000000000  flags=(IsInteger)
 267250: global: Decode: Decoded mtcrf instruction: 0x7d201120
 267250: system.cpu: A0 T0 : 0x1001cc48 @memcpy+136    : mtcrf      r9, r32         : IntAlu :  D=0x0000000024000024  flags=(IsInteger)
 267500: global: Decode: Decoded bc instruction: 0x409a0264
 267500: system.cpu: A0 T0 : 0x1001cc4c @memcpy+140    : bc         26, 4, 0x1001ceb0 : IntAlu :  D=0x0000000010025020  flags=(IsInteger|IsControl|IsDirectControl|IsCondControl)
 267750: global: Decode: Decoded rldicl instruction: 0x7be8d942
 267750: system.cpu: A0 T0 : 0x1001cc50 @memcpy+144    : rldicl     r8, r31, 59, 5  : IntAlu :  D=0x0000000000000001  flags=(IsInteger)
 268000: global: Decode: Decoded cmpli instruction: 0x28a90004
 268000: system.cpu: A0 T0 : 0x1001cc54 @memcpy+148    : cmpldi     cr1, r9, 4      : IntAlu :  D=0x0000000022000024  flags=(IsInteger)
 268250: global: Decode: Decoded cmpli instruction: 0x2b2b0000
 268250: system.cpu: A0 T0 : 0x1001cc58 @memcpy+152    : cmpldi     cr6, r11, 0     : IntAlu :  D=0x0000000022000024  flags=(IsInteger)
 268500: global: Decode: Decoded or instruction: 0x7d8b6378
 268500: system.cpu: A0 T0 : 0x1001cc5c @memcpy+156    : mr         r11, r12        : IntAlu :  D=0x00000000100a9888  flags=(IsInteger)
 268750: global: Decode: Decoded bc instruction: 0x409e0040
 268750: system.cpu: A0 T0 : 0x1001cc60 @memcpy+160    : bc         30, 4, 0x1001cca0 : IntAlu :  D=0x0000000010025020  flags=(IsInteger|IsControl|IsDirectControl|IsCondControl)
 269000: global: Decode: Decoded or instruction: 0x7c6a1b78
 269000: system.cpu: A0 T0 : 0x1001cca0 @memcpy+224    : mr         r10, r3         : IntAlu :  D=0x00000000100b4770  flags=(IsInteger)
 269250: global: Decode: Decoded mtctr instruction: 0x7d0903a6
 269250: system.cpu: A0 T0 : 0x1001cca4 @memcpy+228    : mtctr      r8              : IntAlu :  D=0x0000000000000001  flags=(IsInteger)
 269500: global: Decode: Decoded bc instruction: 0x409f0018
 269500: system.cpu: A0 T0 : 0x1001cca8 @memcpy+232    : bc         31, 4, 0x1001ccc0 : IntAlu :  D=0x0000000000000001  flags=(IsInteger|IsControl|IsDirectControl|IsCondControl)
 269750: global: Decode: Decoded ld instruction: 0xe8cb0000
 269750: system.cpu: A0 T0 : 0x1001ccc0 @memcpy+256    : ld         r6, 0(r11)      : MemRead :  D=0x00000000100b1960 A=0x100a9888  flags=(IsInteger|IsLoad)
 270000: global: Decode: Decoded ld instruction: 0xe8eb0008
 270000: system.cpu: A0 T0 : 0x1001ccc4 @memcpy+260    : ld         r7, 8(r11)      : MemRead :  D=0x00000000100b1960 A=0x100a9890  flags=(IsInteger|IsLoad)
 270250: global: Decode: Decoded ld instruction: 0xe90b0010
 270250: system.cpu: A0 T0 : 0x1001ccc8 @memcpy+264    : ld         r8, 16(r11)     : MemRead :  D=0x00000000100b1968 A=0x100a9898  flags=(IsInteger|IsLoad)
 270500: global: Decode: Decoded ld instruction: 0xe80b0018
 270500: system.cpu: A0 T0 : 0x1001cccc @memcpy+268    : ld         r0, 24(r11)     : MemRead :  D=0x00000000100b1980 A=0x100a98a0  flags=(IsInteger|IsLoad)
 270750: global: Decode: Decoded addi instruction: 0x396b0020
 270750: system.cpu: A0 T0 : 0x1001ccd0 @memcpy+272    : addi       r11, r11, 32    : IntAlu :  D=0x00000000100a98a8  flags=(IsInteger)
 271000: global: Decode: Decoded std instruction: 0xf8ca0000
 271000: system.cpu: A0 T0 : 0x1001ccd4 @memcpy+276    : std        r6, 0(r10)      : MemWrite :  D=0x00000000100b1960 A=0x100b4770  flags=(IsInteger|IsStore)
 271250: global: Decode: Decoded std instruction: 0xf8ca0000
 271250: system.cpu: A0 T0 : 0x1001ccd4 @memcpy+276    : std        r6, 0(r10)      : MemWrite :  D=0x00000000100b1960 A=0x100b4770  flags=(IsInteger|IsStore)
 271500: global: Decode: Decoded std instruction: 0xf8ea0008
 271500: system.cpu: A0 T0 : 0x1001ccd8 @memcpy+280    : std        r7, 8(r10)      : MemWrite :  D=0x00000000100b1960 A=0x100b4778  flags=(IsInteger|IsStore)
 271750: global: Decode: Decoded std instruction: 0xf90a0010
 271750: system.cpu: A0 T0 : 0x1001ccdc @memcpy+284    : std        r8, 16(r10)     : MemWrite :  D=0x00000000100b1968 A=0x100b4780  flags=(IsInteger|IsStore)
 272000: global: Decode: Decoded std instruction: 0xf80a0018
 272000: system.cpu: A0 T0 : 0x1001cce0 @memcpy+288    : std        r0, 24(r10)     : MemWrite :  D=0x00000000100b1980 A=0x100b4788  flags=(IsInteger|IsStore)
 272250: global: Decode: Decoded addi instruction: 0x394a0020
 272250: system.cpu: A0 T0 : 0x1001cce4 @memcpy+292    : addi       r10, r10, 32    : IntAlu :  D=0x00000000100b4790  flags=(IsInteger)
 272500: global: Decode: Decoded bc instruction: 0x4200ffd8
 272500: system.cpu: A0 T0 : 0x1001cce8 @memcpy+296    : bc         0, 16, 0x1001ccc0 : IntAlu :  D=0x0000000000000000  flags=(IsInteger|IsControl|IsDirectControl|IsCondControl)
 272750: global: Decode: Decoded rldicr instruction: 0x7be00724
 272750: system.cpu: A0 T0 : 0x1001ccec @memcpy+300    : rldicr     r0, r31, 0, 60  : IntAlu :  D=0x0000000000000020  flags=(IsInteger)
 273000: global: Decode: Decoded mtcrf instruction: 0x7fe01120
 273000: system.cpu: A0 T0 : 0x1001ccf0 @memcpy+304    : mtcrf      r31, r32        : IntAlu :  D=0x0000000022000020  flags=(IsInteger)
 273250: global: Decode: Decoded bc instruction: 0x419a0040
 273250: system.cpu: A0 T0 : 0x1001ccf4 @memcpy+308    : bc         26, 12, 0x1001cd34 : IntAlu :  D=0x0000000000000000  flags=(IsInteger|IsControl|IsDirectControl|IsCondControl)
 273500: global: Decode: Decoded ld instruction: 0xebe1fff8
 273500: system.cpu: A0 T0 : 0x1001cd34 @memcpy+372    : ld         r31, -8(r1)     : MemRead :  D=0x00000000100a9888 A=0x7fffffffe938  flags=(IsInteger|IsLoad)
 273750: global: Decode: Decoded ld instruction: 0xe861fff0
 273750: system.cpu: A0 T0 : 0x1001cd38 @memcpy+376    : ld         r3, -16(r1)     : MemRead :  D=0x00000000100b4770 A=0x7fffffffe930  flags=(IsInteger|IsLoad)
 274000: global: Decode: Decoded bclr instruction: 0x4e800020
 274000: system.cpu: A0 T0 : 0x1001cd3c @memcpy+380    : bclr       0, 20           : IntAlu :  D=0x0000000000000000  flags=(IsInteger|IsControl|IsIndirectControl|IsCondControl|IsReturn)
 274250: global: Decode: Decoded ori instruction: 0x60000000
 274250: system.cpu: A0 T0 : 0x10001298 @__libc_setup_tls+344    : nop                        : IntAlu :  D=0x0000000000000020  flags=(IsInteger)
 274500: global: Decode: Decoded divdu instruction: 0x7d3eab92
 274500: system.cpu: A0 T0 : 0x1000129c @__libc_setup_tls+348    : divdu      r9, r30, r21    : IntAlu :  D=0x000000000000000c  flags=(IsInteger)
 274750: global: Decode: Decoded ori instruction: 0x60000000
 274750: system.cpu: A0 T0 : 0x100012a0 @__libc_setup_tls+352    : nop                        : IntAlu :  D=0x0000000000000020  flags=(IsInteger)
 275000: global: Decode: Decoded addi instruction: 0x38c2b840
 275000: system.cpu: A0 T0 : 0x100012a4 @__libc_setup_tls+356    : subi       r6, r2, 18368   : IntAlu :  D=0x00000000100b3540  flags=(IsInteger)
 275250: global: Decode: Decoded ori instruction: 0x60000000
 275250: system.cpu: A0 T0 : 0x100012a8 @__libc_setup_tls+360    : nop                        : IntAlu :  D=0x0000000000000020  flags=(IsInteger)
 275500: global: Decode: Decoded addi instruction: 0x3902b848
 275500: system.cpu: A0 T0 : 0x100012ac @__libc_setup_tls+364    : subi       r8, r2, 18360   : IntAlu :  D=0x00000000100b3548  flags=(IsInteger)
 275750: global: Decode: Decoded addi instruction: 0x382100e0
 275750: system.cpu: A0 T0 : 0x100012b0 @__libc_setup_tls+368    : addi       r1, r1, 224     : IntAlu :  D=0x00007fffffffea20  flags=(IsInteger)
 276000: global: Decode: Decoded ld instruction: 0xe9428400
 276000: system.cpu: A0 T0 : 0x100012b4 @__libc_setup_tls+372    : ld         r10, -31744(r2) : MemRead :  D=0x0000000000000800 A=0x100b0100  flags=(IsInteger|IsLoad)
 276250: global: Decode: Decoded ori instruction: 0x60000000
 276250: system.cpu: A0 T0 : 0x100012b8 @__libc_setup_tls+376    : nop                        : IntAlu :  D=0x0000000000000020  flags=(IsInteger)
 276500: global: Decode: Decoded addi instruction: 0x3bc2b3d0
 276500: system.cpu: A0 T0 : 0x100012bc @__libc_setup_tls+380    : subi       r30, r2, 19504  : IntAlu :  D=0x00000000100b30d0  flags=(IsInteger)
 276750: global: Decode: Decoded ori instruction: 0x60000000
 276750: system.cpu: A0 T0 : 0x100012c0 @__libc_setup_tls+384    : nop                        : IntAlu :  D=0x0000000000000020  flags=(IsInteger)
 277000: global: Decode: Decoded addi instruction: 0x3962b7f0
 277000: system.cpu: A0 T0 : 0x100012c4 @__libc_setup_tls+388    : subi       r11, r2, 18448  : IntAlu :  D=0x00000000100b34f0  flags=(IsInteger)
 277250: global: Decode: Decoded ori instruction: 0x60000000
 277250: system.cpu: A0 T0 : 0x100012c8 @__libc_setup_tls+392    : nop                        : IntAlu :  D=0x0000000000000020  flags=(IsInteger)
 277500: global: Decode: Decoded addi instruction: 0x38e2b3c0
 277500: system.cpu: A0 T0 : 0x100012cc @__libc_setup_tls+396    : subi       r7, r2, 19520   : IntAlu :  D=0x00000000100b30c0  flags=(IsInteger)
 277750: global: Decode: Decoded ori instruction: 0x60000000
 277750: system.cpu: A0 T0 : 0x100012d0 @__libc_setup_tls+400    : nop                        : IntAlu :  D=0x0000000000000020  flags=(IsInteger)
 278000: global: Decode: Decoded addi instruction: 0x3882b7d8
 278000: system.cpu: A0 T0 : 0x100012d4 @__libc_setup_tls+404    : subi       r4, r2, 18472   : IntAlu :  D=0x00000000100b34d8  flags=(IsInteger)
 278250: global: Decode: Decoded ori instruction: 0x60000000
 278250: system.cpu: A0 T0 : 0x100012d8 @__libc_setup_tls+408    : nop                        : IntAlu :  D=0x0000000000000020  flags=(IsInteger)
 278500: global: Decode: Decoded addi instruction: 0x38a2b3c8
 278500: system.cpu: A0 T0 : 0x100012dc @__libc_setup_tls+412    : subi       r5, r2, 19512   : IntAlu :  D=0x00000000100b30c8  flags=(IsInteger)
 278750: global: Decode: Decoded addi instruction: 0x39bd7000
 278750: system.cpu: A0 T0 : 0x100012e0 @__libc_setup_tls+416    : addi       r13, r29, 28672 : IntAlu :  D=0x00000000100bb770  flags=(IsInteger)
 279000: global: Decode: Decoded ld instruction: 0xe8010010
 279000: system.cpu: A0 T0 : 0x100012e4 @__libc_setup_tls+420    : ld         r0, 16(r1)      : MemRead :  D=0x0000000010000a78 A=0x7fffffffea30  flags=(IsInteger|IsLoad)
 279250: global: Decode: Decoded std instruction: 0xfb7dfff8
 279250: system.cpu: A0 T0 : 0x100012e8 @__libc_setup_tls+424    : std        r27, -8(r29)    : MemWrite :  D=0x00000000100b30e8 A=0x100b4768  flags=(IsInteger|IsStore)
 279500: global: Decode: Decoded ld instruction: 0xea61ff98
 279500: system.cpu: A0 T0 : 0x100012ec @__libc_setup_tls+428    : ld         r19, -104(r1)   : MemRead :  D=0x0000000000000000 A=0x7fffffffe9b8  flags=(IsInteger|IsLoad)
 279750: global: Decode: Decoded ld instruction: 0xe8660000
 279750: system.cpu: A0 T0 : 0x100012f0 @__libc_setup_tls+432    : ld         r3, 0(r6)       : MemRead :  D=0xc000000000000000 A=0x100b3540  flags=(IsInteger|IsLoad)
 280000: global: Decode: Decoded lwz instruction: 0x80c80000
 280000: system.cpu: A0 T0 : 0x100012f4 @__libc_setup_tls+436    : lwz        r6, 0(r8)       : MemRead :  D=0x000000000000002d A=0x100b3548  flags=(IsInteger|IsLoad)
 280250: global: Decode: Decoded addi instruction: 0x394a000f
 280250: system.cpu: A0 T0 : 0x100012f8 @__libc_setup_tls+440    : addi       r10, r10, 15    : IntAlu :  D=0x000000000000080f  flags=(IsInteger)
 280500: global: Decode: Decoded ld instruction: 0xea81ffa0
 280500: system.cpu: A0 T0 : 0x100012fc @__libc_setup_tls+444    : ld         r20, -96(r1)    : MemRead :  D=0x0000000000000000 A=0x7fffffffe9c0  flags=(IsInteger|IsLoad)
 280750: global: Decode: Decoded addi instruction: 0x39000001
 280750: system.cpu: A0 T0 : 0x10001300 @__libc_setup_tls+448    : li         r8, 1           : IntAlu :  D=0x0000000000000001  flags=(IsInteger)
 281000: global: Decode: Decoded mtlr instruction: 0x7c0803a6
 281000: system.cpu: A0 T0 : 0x10001304 @__libc_setup_tls+452    : mtlr       r0              : IntAlu :  D=0x0000000010000a78  flags=(IsInteger)
 281250: global: Decode: Decoded std instruction: 0xf87dff98
 281250: system.cpu: A0 T0 : 0x10001308 @__libc_setup_tls+456    : std        r3, -104(r29)   : MemWrite :  D=0xc000000000000000 A=0x100b4708  flags=(IsInteger|IsStore)
 281500: global: Decode: Decoded ori instruction: 0x60000000
 281500: system.cpu: A0 T0 : 0x1000130c @__libc_setup_tls+460    : nop                        : IntAlu :  D=0x0000000010000a78  flags=(IsInteger)
 281750: global: Decode: Decoded stw instruction: 0x90ddffa4
 281750: system.cpu: A0 T0 : 0x10001310 @__libc_setup_tls+464    : stw        r6, -92(r29)    : MemWrite :  D=0x000000000000002d A=0x100b4714  flags=(IsInteger|IsStore)
 282000: global: Decode: Decoded addi instruction: 0x3862a410
 282000: system.cpu: A0 T0 : 0x10001314 @__libc_setup_tls+468    : subi       r3, r2, 23536   : IntAlu :  D=0x00000000100b2110  flags=(IsInteger)
 282250: global: Decode: Decoded std instruction: 0xfbfc0428
 282250: system.cpu: A0 T0 : 0x10001318 @__libc_setup_tls+472    : std        r31, 1064(r28)  : MemWrite :  D=0x00000000100a9888 A=0x100b1510  flags=(IsInteger|IsStore)
 282500: global: Decode: Decoded std instruction: 0xf91e0000
 282500: system.cpu: A0 T0 : 0x1000131c @__libc_setup_tls+476    : std        r8, 0(r30)      : MemWrite :  D=0x0000000000000001 A=0x100b30d0  flags=(IsInteger|IsStore)
 282750: global: Decode: Decoded ori instruction: 0x60000000
 282750: system.cpu: A0 T0 : 0x10001320 @__libc_setup_tls+480    : nop                        : IntAlu :  D=0x0000000010000a78  flags=(IsInteger)
 283000: global: Decode: Decoded std instruction: 0xf91c0458
 283000: system.cpu: A0 T0 : 0x10001324 @__libc_setup_tls+484    : std        r8, 1112(r28)   : MemWrite :  D=0x0000000000000001 A=0x100b1540  flags=(IsInteger|IsStore)
 283250: global: Decode: Decoded std instruction: 0xf90b0000
 283250: system.cpu: A0 T0 : 0x10001328 @__libc_setup_tls+488    : std        r8, 0(r11)      : MemWrite :  D=0x0000000000000001 A=0x100b34f0  flags=(IsInteger|IsStore)
 283500: global: Decode: Decoded addi instruction: 0x38c00040
 283500: system.cpu: A0 T0 : 0x1000132c @__libc_setup_tls+492    : li         r6, 64          : IntAlu :  D=0x0000000000000040  flags=(IsInteger)
 283750: global: Decode: Decoded std instruction: 0xfb1c0440
 283750: system.cpu: A0 T0 : 0x10001330 @__libc_setup_tls+496    : std        r24, 1088(r28)  : MemWrite :  D=0x0000000000000008 A=0x100b1528  flags=(IsInteger|IsStore)
 284000: global: Decode: Decoded std instruction: 0xfb3c0430
 284000: system.cpu: A0 T0 : 0x10001334 @__libc_setup_tls+500    : std        r25, 1072(r28)  : MemWrite :  D=0x0000000000000020 A=0x100b1518  flags=(IsInteger|IsStore)
 284250: global: Decode: Decoded ori instruction: 0x60000000
 284250: system.cpu: A0 T0 : 0x10001338 @__libc_setup_tls+504    : nop                        : IntAlu :  D=0x0000000010000a78  flags=(IsInteger)
 284500: global: Decode: Decoded std instruction: 0xfb82a438
 284500: system.cpu: A0 T0 : 0x1000133c @__libc_setup_tls+508    : std        r28, -23496(r2) : MemWrite :  D=0x00000000100b10e8 A=0x100b2138  flags=(IsInteger|IsStore)
 284750: global: Decode: Decoded std instruction: 0xfac50000
 284750: system.cpu: A0 T0 : 0x10001340 @__libc_setup_tls+512    : std        r22, 0(r5)      : MemWrite :  D=0x0000000000000010 A=0x100b30c8  flags=(IsInteger|IsStore)
 285000: global: Decode: Decoded std instruction: 0xfafc0438
 285000: system.cpu: A0 T0 : 0x10001344 @__libc_setup_tls+516    : std        r23, 1080(r28)  : MemWrite :  D=0x0000000000000060 A=0x100b1520  flags=(IsInteger|IsStore)
 285250: global: Decode: Decoded std instruction: 0xf8640000
 285250: system.cpu: A0 T0 : 0x10001348 @__libc_setup_tls+520    : std        r3, 0(r4)       : MemWrite :  D=0x00000000100b2110 A=0x100b34d8  flags=(IsInteger|IsStore)
 285500: global: Decode: Decoded std instruction: 0xf8c2a410
 285500: system.cpu: A0 T0 : 0x1000134c @__libc_setup_tls+524    : std        r6, -23536(r2)  : MemWrite :  D=0x0000000000000040 A=0x100b2110  flags=(IsInteger|IsStore)
 285750: global: Decode: Decoded ld instruction: 0xeac1ffb0
 285750: system.cpu: A0 T0 : 0x10001350 @__libc_setup_tls+528    : ld         r22, -80(r1)    : MemRead :  D=0x0000000000000000 A=0x7fffffffe9d0  flags=(IsInteger|IsLoad)
 286000: global: Decode: Decoded mulld instruction: 0x7d29a9d2
 286000: system.cpu: A0 T0 : 0x10001354 @__libc_setup_tls+532    : mulld      r9, r9, r21     : IntAlu :  D=0x0000000000000060  flags=(IsInteger)
 286250: global: Decode: Decoded ld instruction: 0xeaa1ffa8
 286250: system.cpu: A0 T0 : 0x10001358 @__libc_setup_tls+536    : ld         r21, -88(r1)    : MemRead :  D=0x0000000000000000 A=0x7fffffffe9c8  flags=(IsInteger|IsLoad)
 286500: global: Decode: Decoded add instruction: 0x7d29d214
 286500: system.cpu: A0 T0 : 0x1000135c @__libc_setup_tls+540    : add        r9, r9, r26     : IntAlu :  D=0x0000000000000060  flags=(IsInteger)
 286750: global: Decode: Decoded add instruction: 0x7d4a4a14
 286750: system.cpu: A0 T0 : 0x10001360 @__libc_setup_tls+544    : add        r10, r10, r9    : IntAlu :  D=0x000000000000086f  flags=(IsInteger)
 287000: global: Decode: Decoded rldicr instruction: 0x794a06e4
 287000: system.cpu: A0 T0 : 0x10001364 @__libc_setup_tls+548    : rldicr     r10, r10, 0, 59 : IntAlu :  D=0x0000000000000860  flags=(IsInteger)
 287250: global: Decode: Decoded std instruction: 0xf9270000
 287250: system.cpu: A0 T0 : 0x10001368 @__libc_setup_tls+552    : std        r9, 0(r7)       : MemWrite :  D=0x0000000000000060 A=0x100b30c0  flags=(IsInteger|IsStore)
 287500: global: Decode: Decoded std instruction: 0xf9428400
 287500: system.cpu: A0 T0 : 0x1000136c @__libc_setup_tls+556    : std        r10, -31744(r2) : MemWrite :  D=0x0000000000000860 A=0x100b0100  flags=(IsInteger|IsStore)
 287750: global: Decode: Decoded ld instruction: 0xea41ff90
 287750: system.cpu: A0 T0 : 0x10001370 @__libc_setup_tls+560    : ld         r18, -112(r1)   : MemRead :  D=0x0000000000000000 A=0x7fffffffe9b0  flags=(IsInteger|IsLoad)
 288000: global: Decode: Decoded ld instruction: 0xeae1ffb8
 288000: system.cpu: A0 T0 : 0x10001374 @__libc_setup_tls+564    : ld         r23, -72(r1)    : MemRead :  D=0x00000000100b3590 A=0x7fffffffe9d8  flags=(IsInteger|IsLoad)
 288250: global: Decode: Decoded ld instruction: 0xeb01ffc0
 288250: system.cpu: A0 T0 : 0x10001378 @__libc_setup_tls+568    : ld         r24, -64(r1)    : MemRead :  D=0x00000000100b2b60 A=0x7fffffffe9e0  flags=(IsInteger|IsLoad)
 288500: global: Decode: Decoded ld instruction: 0xeb21ffc8
 288500: system.cpu: A0 T0 : 0x1000137c @__libc_setup_tls+572    : ld         r25, -56(r1)    : MemRead :  D=0x00000000100b2b70 A=0x7fffffffe9e8  flags=(IsInteger|IsLoad)
 288750: global: Decode: Decoded ld instruction: 0xeb41ffd0
 288750: system.cpu: A0 T0 : 0x10001380 @__libc_setup_tls+576    : ld         r26, -48(r1)    : MemRead :  D=0x0000000000000000 A=0x7fffffffe9f0  flags=(IsInteger|IsLoad)
 289000: global: Decode: Decoded ld instruction: 0xeb61ffd8
 289000: system.cpu: A0 T0 : 0x10001384 @__libc_setup_tls+580    : ld         r27, -40(r1)    : MemRead :  D=0x0000000000000000 A=0x7fffffffe9f8  flags=(IsInteger|IsLoad)
 289250: global: Decode: Decoded ld instruction: 0xeb81ffe0
 289250: system.cpu: A0 T0 : 0x10001388 @__libc_setup_tls+584    : ld         r28, -32(r1)    : MemRead :  D=0x0000000000000001 A=0x7fffffffea00  flags=(IsInteger|IsLoad)
 289500: global: Decode: Decoded ld instruction: 0xeba1ffe8
 289500: system.cpu: A0 T0 : 0x1000138c @__libc_setup_tls+588    : ld         r29, -24(r1)    : MemRead :  D=0x0000000000000000 A=0x7fffffffea08  flags=(IsInteger|IsLoad)
 289750: global: Decode: Decoded ld instruction: 0xebc1fff0
 289750: system.cpu: A0 T0 : 0x10001390 @__libc_setup_tls+592    : ld         r30, -16(r1)    : MemRead :  D=0x00000000100ab260 A=0x7fffffffea10  flags=(IsInteger|IsLoad)
 290000: global: Decode: Decoded ld instruction: 0xebe1fff8
 290000: system.cpu: A0 T0 : 0x10001394 @__libc_setup_tls+596    : ld         r31, -8(r1)     : MemRead :  D=0x00000000100ab248 A=0x7fffffffea18  flags=(IsInteger|IsLoad)
 290250: global: Decode: Decoded bclr instruction: 0x4e800020
 290250: system.cpu: A0 T0 : 0x10001398 @__libc_setup_tls+600    : bclr       0, 20           : IntAlu :  D=0x0000000000000000  flags=(IsInteger|IsControl|IsIndirectControl|IsCondControl|IsReturn)
 290500: global: Decode: Decoded ori instruction: 0x60000000
 290500: system.cpu: A0 T0 : 0x10000a78 @generic_start_main+216    : nop                        : IntAlu :  D=0x0000000010000a78  flags=(IsInteger)
 290750: global: Decode: Decoded addis instruction: 0x3f82fff5
 290750: system.cpu: A0 T0 : 0x10000a7c @generic_start_main+220    : subis      r28, r2, 11     : IntAlu :  D=0x0000000010007d00  flags=(IsInteger)
 291000: global: Decode: Decoded addi instruction: 0x3b9c8478
 291000: system.cpu: A0 T0 : 0x10000a80 @generic_start_main+224    : subi       r28, r28, 31624 : IntAlu :  D=0x0000000010000178  flags=(IsInteger)
 291250: global: Decode: Decoded addis instruction: 0x3d22fff5
 291250: system.cpu: A0 T0 : 0x10000a84 @generic_start_main+228    : subis      r9, r2, 11      : IntAlu :  D=0x0000000010007d00  flags=(IsInteger)
 291500: global: Decode: Decoded addi instruction: 0x39298568
 291500: system.cpu: A0 T0 : 0x10000a88 @generic_start_main+232    : subi       r9, r9, 31384   : IntAlu :  D=0x0000000010000268  flags=(IsInteger)
 291750: global: Decode: Decoded cmpl instruction: 0x7fbc4840
 291750: system.cpu: A0 T0 : 0x10000a8c @generic_start_main+236    : cmpld      cr7, r28, r9    : IntAlu :  D=0x0000000022000028  flags=(IsInteger)
 292000: global: Decode: Decoded bc instruction: 0x409c00fc
 292000: system.cpu: A0 T0 : 0x10000a90 @generic_start_main+240    : bc         28, 4, 0x10000b8c : IntAlu :  D=0x0000000000000000  flags=(IsInteger|IsControl|IsDirectControl|IsCondControl)
 292250: global: Decode: Decoded lwz instruction: 0x813c000c
 292250: system.cpu: A0 T0 : 0x10000a94 @generic_start_main+244    : lwz        r9, 12(r28)     : MemRead :  D=0x00000000000000f7 A=0x10000184  flags=(IsInteger|IsLoad)
 292500: global: Decode: Decoded cmpli instruction: 0x2b8900f8
 292500: system.cpu: A0 T0 : 0x10000a98 @generic_start_main+248    : cmplwi     cr7, r9, 248    : IntAlu :  D=0x0000000022000028  flags=(IsInteger)
 292750: global: Decode: Decoded bc instruction: 0x409e009c
 292750: system.cpu: A0 T0 : 0x10000a9c @generic_start_main+252    : bc         30, 4, 0x10000b38 : IntAlu :  D=0x0000000000000000  flags=(IsInteger|IsControl|IsDirectControl|IsCondControl)
 293000: global: Decode: Decoded cmpli instruction: 0x2b8900f7
 293000: system.cpu: A0 T0 : 0x10000b38 @generic_start_main+408    : cmplwi     cr7, r9, 247    : IntAlu :  D=0x0000000022000022  flags=(IsInteger)
 293250: global: Decode: Decoded bc instruction: 0x409e0270
 293250: system.cpu: A0 T0 : 0x10000b3c @generic_start_main+412    : bc         30, 4, 0x10000dac : IntAlu :  D=0x0000000000000000  flags=(IsInteger|IsControl|IsDirectControl|IsCondControl)
 293500: global: Decode: Decoded ld instruction: 0xe93c0010
 293500: system.cpu: A0 T0 : 0x10000b40 @generic_start_main+416    : ld         r9, 16(r28)     : MemRead :  D=0x00000000100ae0e0 A=0x10000188  flags=(IsInteger|IsLoad)
 293750: global: Decode: Decoded ori instruction: 0x60000000
 293750: system.cpu: A0 T0 : 0x10000b44 @generic_start_main+420    : nop                        : IntAlu :  D=0x0000000010000a78  flags=(IsInteger)
 294000: global: Decode: Decoded addi instruction: 0x3942ae70
 294000: system.cpu: A0 T0 : 0x10000b48 @generic_start_main+424    : subi       r10, r2, 20880  : IntAlu :  D=0x00000000100b2b70  flags=(IsInteger)
 294250: global: Decode: Decoded ld instruction: 0xeb7c0000
 294250: system.cpu: A0 T0 : 0x10000b4c @generic_start_main+428    : ld         r27, 0(r28)     : MemRead :  D=0x00000000100b0000 A=0x10000178  flags=(IsInteger|IsLoad)
 294500: global: Decode: Decoded addi instruction: 0x3b9c0018
 294500: system.cpu: A0 T0 : 0x10000b50 @generic_start_main+432    : addi       r28, r28, 24    : IntAlu :  D=0x0000000010000190  flags=(IsInteger)
 294750: global: Decode: Decoded ld instruction: 0xe86a0000
 294750: system.cpu: A0 T0 : 0x10000b54 @generic_start_main+436    : ld         r3, 0(r10)      : MemRead :  D=0x00000000c0000000 A=0x100b2b70  flags=(IsInteger|IsLoad)
 295000: global: Decode: Decoded ld instruction: 0xe9490000
 295000: system.cpu: A0 T0 : 0x10000b58 @generic_start_main+440    : ld         r10, 0(r9)      : MemRead :  D=0x000000001004447c A=0x100ae0e0  flags=(IsInteger|IsLoad)
 295250: global: Decode: Decoded ld instruction: 0xe9690010
 295250: system.cpu: A0 T0 : 0x10000b5c @generic_start_main+444    : ld         r11, 16(r9)     : MemRead :  D=0x0000000000000000 A=0x100ae0f0  flags=(IsInteger|IsLoad)
 295500: global: Decode: Decoded mtctr instruction: 0x7d4903a6
 295500: system.cpu: A0 T0 : 0x10000b60 @generic_start_main+448    : mtctr      r10             : IntAlu :  D=0x000000001004447c  flags=(IsInteger)
 295750: global: Decode: Decoded ld instruction: 0xe8490008
 295750: system.cpu: A0 T0 : 0x10000b64 @generic_start_main+452    : ld         r2, 8(r9)       : MemRead :  D=0x00000000100b7d00 A=0x100ae0e8  flags=(IsInteger|IsLoad)
 296000: global: Decode: Decoded bcctr instruction: 0x4e800421
 296000: system.cpu: A0 T0 : 0x10000b68 @generic_start_main+456    : bcctrl     0, 20           : IntAlu :  D=0x0000000010000b6c  flags=(IsInteger|IsControl|IsIndirectControl|IsCondControl|IsCall)
 296250: global: Decode: Decoded ori instruction: 0x60000000
 296250: system.cpu: A0 T0 : 0x1004447c @strnlen    : nop                        : IntAlu :  D=0x0000000010000a78  flags=(IsInteger)
 296500: global: Decode: Decoded addi instruction: 0x3922ae70
 296500: system.cpu: A0 T0 : 0x10044480 @strnlen+4    : subi       r9, r2, 20880   : IntAlu :  D=0x00000000100b2b70  flags=(IsInteger)
 296750: global: Decode: Decoded ori instruction: 0x60000000
 296750: system.cpu: A0 T0 : 0x10044484 @strnlen+8    : nop                        : IntAlu :  D=0x0000000010000a78  flags=(IsInteger)
 297000: global: Decode: Decoded addi instruction: 0x3942ae60
 297000: system.cpu: A0 T0 : 0x10044488 @strnlen+12    : subi       r10, r2, 20896  : IntAlu :  D=0x00000000100b2b60  flags=(IsInteger)
 297250: global: Decode: Decoded ld instruction: 0xe9290000
 297250: system.cpu: A0 T0 : 0x1004448c @strnlen+16    : ld         r9, 0(r9)       : MemRead :  D=0x00000000c0000000 A=0x100b2b70  flags=(IsInteger|IsLoad)
 297500: global: Decode: Decoded ld instruction: 0xe94a0000
 297500: system.cpu: A0 T0 : 0x10044490 @strnlen+20    : ld         r10, 0(r10)     : MemRead :  D=0x0000000000000000 A=0x100b2b60  flags=(IsInteger|IsLoad)
 297750: global: Decode: Decoded andi_ instruction: 0x71280100
 297750: system.cpu: A0 T0 : 0x10044494 @strnlen+24    : andi.      r8, r9, 256     : IntAlu :  D=0x0000000022000022  flags=(IsInteger)
 298000: global: Decode: Decoded bc instruction: 0x41820040
 298000: system.cpu: A0 T0 : 0x10044498 @strnlen+28    : bc         2, 12, 0x100444d8 : IntAlu :  D=0x000000001004447c  flags=(IsInteger|IsControl|IsDirectControl|IsCondControl)
 298250: global: Decode: Decoded andi_ instruction: 0x71281000
 298250: system.cpu: A0 T0 : 0x100444d8 @strnlen+92    : andi.      r8, r9, 4096    : IntAlu :  D=0x0000000022000022  flags=(IsInteger)
 298500: global: Decode: Decoded bc instruction: 0x4182000c
 298500: system.cpu: A0 T0 : 0x100444dc @strnlen+96    : bc         2, 12, 0x100444e8 : IntAlu :  D=0x000000001004447c  flags=(IsInteger|IsControl|IsDirectControl|IsCondControl)
 298750: global: Decode: Decoded andis_ instruction: 0x75280002
 298750: system.cpu: A0 T0 : 0x100444e8 @strnlen+108    : andis.     r8, r9, 2       : IntAlu :  D=0x0000000022000022  flags=(IsInteger)
 299000: global: Decode: Decoded bc instruction: 0x40820014
 299000: system.cpu: A0 T0 : 0x100444ec @strnlen+112    : bc         2, 4, 0x10044500 : IntAlu :  D=0x000000001004447c  flags=(IsInteger|IsControl|IsDirectControl|IsCondControl)
 299250: global: Decode: Decoded andis_ instruction: 0x75280004
 299250: system.cpu: A0 T0 : 0x100444f0 @strnlen+116    : andis.     r8, r9, 4       : IntAlu :  D=0x0000000022000022  flags=(IsInteger)
 299500: global: Decode: Decoded bc instruction: 0x4182ffb0
 299500: system.cpu: A0 T0 : 0x100444f4 @strnlen+120    : bc         2, 12, 0x100444a4 : IntAlu :  D=0x000000001004447c  flags=(IsInteger|IsControl|IsDirectControl|IsCondControl)
 299750: global: Decode: Decoded andis_ instruction: 0x754a8000
 299750: system.cpu: A0 T0 : 0x100444a4 @strnlen+40    : andis.     r10, r10, 32768 : IntAlu :  D=0x0000000022000022  flags=(IsInteger)
 300000: global: Decode: Decoded bc instruction: 0x40820018
 300000: system.cpu: A0 T0 : 0x100444a8 @strnlen+44    : bc         2, 4, 0x100444c0 : IntAlu :  D=0x000000001004447c  flags=(IsInteger|IsControl|IsDirectControl|IsCondControl)
 300250: global: Decode: Decoded andi_ instruction: 0x71290080
 300250: system.cpu: A0 T0 : 0x100444ac @strnlen+48    : andi.      r9, r9, 128     : IntAlu :  D=0x0000000022000022  flags=(IsInteger)
 300500: global: Decode: Decoded bc instruction: 0x4182001c
 300500: system.cpu: A0 T0 : 0x100444b0 @strnlen+52    : bc         2, 12, 0x100444cc : IntAlu :  D=0x000000001004447c  flags=(IsInteger|IsControl|IsDirectControl|IsCondControl)
 300750: global: Decode: Decoded addis instruction: 0x3c62ffff
 300750: system.cpu: A0 T0 : 0x100444cc @strnlen+80    : subis      r3, r2, 1       : IntAlu :  D=0x00000000100a7d00  flags=(IsInteger)
 301000: global: Decode: Decoded addi instruction: 0x386365c0
 301000: system.cpu: A0 T0 : 0x100444d0 @strnlen+84    : addi       r3, r3, 26048   : IntAlu :  D=0x00000000100ae2c0  flags=(IsInteger)
 301250: global: Decode: Decoded bclr instruction: 0x4e800020
 301250: system.cpu: A0 T0 : 0x100444d4 @strnlen+88    : bclr       0, 20           : IntAlu :  D=0x000000001004447c  flags=(IsInteger|IsControl|IsIndirectControl|IsCondControl|IsReturn)
 301500: global: Decode: Decoded ld instruction: 0xe8410028
 301500: system.cpu: A0 T0 : 0x10000b6c @generic_start_main+460    : ld         r2, 40(r1)      : MemRead :  D=0x00000000100b7d00 A=0x7fffffffea48  flags=(IsInteger|IsLoad)
 301750: global: Decode: Decoded ld instruction: 0xe9030000
 301750: system.cpu: A0 T0 : 0x10000b70 @generic_start_main+464    : ld         r8, 0(r3)       : MemRead :  D=0x0000000010048ad0 A=0x100ae2c0  flags=(IsInteger|IsLoad)
 302000: global: Decode: Decoded ld instruction: 0xe9430008
 302000: system.cpu: A0 T0 : 0x10000b74 @generic_start_main+468    : ld         r10, 8(r3)      : MemRead :  D=0x00000000100b7d00 A=0x100ae2c8  flags=(IsInteger|IsLoad)
 302250: global: Decode: Decoded ld instruction: 0xe9230010
 302250: system.cpu: A0 T0 : 0x10000b78 @generic_start_main+472    : ld         r9, 16(r3)      : MemRead :  D=0x0000000000000000 A=0x100ae2d0  flags=(IsInteger|IsLoad)
 302500: global: Decode: Decoded std instruction: 0xf91b0000
 302500: system.cpu: A0 T0 : 0x10000b7c @generic_start_main+476    : std        r8, 0(r27)      : MemWrite :  D=0x0000000010048ad0 A=0x100b0000  flags=(IsInteger|IsStore)
 302750: global: Decode: Decoded std instruction: 0xf95b0008
 302750: system.cpu: A0 T0 : 0x10000b80 @generic_start_main+480    : std        r10, 8(r27)     : MemWrite :  D=0x00000000100b7d00 A=0x100b0008  flags=(IsInteger|IsStore)
 303000: global: Decode: Decoded std instruction: 0xf93b0010
 303000: system.cpu: A0 T0 : 0x10000b84 @generic_start_main+484    : std        r9, 16(r27)     : MemWrite :  D=0x0000000000000000 A=0x100b0010  flags=(IsInteger|IsStore)
 303250: global: Decode: Decoded b instruction: 0x4bfffefc
 303250: system.cpu: A0 T0 : 0x10000b88 @generic_start_main+488    : b          0x10000a84      : IntAlu :   flags=(IsControl|IsDirectControl|IsUncondControl)
 303500: global: Decode: Decoded addis instruction: 0x3d22fff5
 303500: system.cpu: A0 T0 : 0x10000a84 @generic_start_main+228    : subis      r9, r2, 11      : IntAlu :  D=0x0000000010007d00  flags=(IsInteger)
 303750: global: Decode: Decoded addi instruction: 0x39298568
 303750: system.cpu: A0 T0 : 0x10000a88 @generic_start_main+232    : subi       r9, r9, 31384   : IntAlu :  D=0x0000000010000268  flags=(IsInteger)
 304000: global: Decode: Decoded cmpl instruction: 0x7fbc4840
 304000: system.cpu: A0 T0 : 0x10000a8c @generic_start_main+236    : cmpld      cr7, r28, r9    : IntAlu :  D=0x0000000022000028  flags=(IsInteger)
 304250: global: Decode: Decoded bc instruction: 0x409c00fc
 304250: system.cpu: A0 T0 : 0x10000a90 @generic_start_main+240    : bc         28, 4, 0x10000b8c : IntAlu :  D=0x000000001004447c  flags=(IsInteger|IsControl|IsDirectControl|IsCondControl)
 304500: global: Decode: Decoded lwz instruction: 0x813c000c
 304500: system.cpu: A0 T0 : 0x10000a94 @generic_start_main+244    : lwz        r9, 12(r28)     : MemRead :  D=0x00000000000000f7 A=0x1000019c  flags=(IsInteger|IsLoad)
 304750: global: Decode: Decoded cmpli instruction: 0x2b8900f8
 304750: system.cpu: A0 T0 : 0x10000a98 @generic_start_main+248    : cmplwi     cr7, r9, 248    : IntAlu :  D=0x0000000022000028  flags=(IsInteger)
 305000: global: Decode: Decoded bc instruction: 0x409e009c
 305000: system.cpu: A0 T0 : 0x10000a9c @generic_start_main+252    : bc         30, 4, 0x10000b38 : IntAlu :  D=0x000000001004447c  flags=(IsInteger|IsControl|IsDirectControl|IsCondControl)
 305250: global: Decode: Decoded cmpli instruction: 0x2b8900f7
 305250: system.cpu: A0 T0 : 0x10000b38 @generic_start_main+408    : cmplwi     cr7, r9, 247    : IntAlu :  D=0x0000000022000022  flags=(IsInteger)
 305500: global: Decode: Decoded bc instruction: 0x409e0270
 305500: system.cpu: A0 T0 : 0x10000b3c @generic_start_main+412    : bc         30, 4, 0x10000dac : IntAlu :  D=0x000000001004447c  flags=(IsInteger|IsControl|IsDirectControl|IsCondControl)
 305750: global: Decode: Decoded ld instruction: 0xe93c0010
 305750: system.cpu: A0 T0 : 0x10000b40 @generic_start_main+416    : ld         r9, 16(r28)     : MemRead :  D=0x00000000100ac9b8 A=0x100001a0  flags=(IsInteger|IsLoad)
 306000: global: Decode: Decoded ori instruction: 0x60000000
 306000: system.cpu: A0 T0 : 0x10000b44 @generic_start_main+420    : nop                        : IntAlu :  D=0x0000000010000a78  flags=(IsInteger)
 306250: global: Decode: Decoded addi instruction: 0x3942ae70
 306250: system.cpu: A0 T0 : 0x10000b48 @generic_start_main+424    : subi       r10, r2, 20880  : IntAlu :  D=0x00000000100b2b70  flags=(IsInteger)
 306500: global: Decode: Decoded ld instruction: 0xeb7c0000
 306500: system.cpu: A0 T0 : 0x10000b4c @generic_start_main+428    : ld         r27, 0(r28)     : MemRead :  D=0x00000000100b0018 A=0x10000190  flags=(IsInteger|IsLoad)
 306750: global: Decode: Decoded addi instruction: 0x3b9c0018
 306750: system.cpu: A0 T0 : 0x10000b50 @generic_start_main+432    : addi       r28, r28, 24    : IntAlu :  D=0x00000000100001a8  flags=(IsInteger)
 307000: global: Decode: Decoded ld instruction: 0xe86a0000
 307000: system.cpu: A0 T0 : 0x10000b54 @generic_start_main+436    : ld         r3, 0(r10)      : MemRead :  D=0x00000000c0000000 A=0x100b2b70  flags=(IsInteger|IsLoad)
 307250: global: Decode: Decoded ld instruction: 0xe9490000
 307250: system.cpu: A0 T0 : 0x10000b58 @generic_start_main+440    : ld         r10, 0(r9)      : MemRead :  D=0x000000001001ca94 A=0x100ac9b8  flags=(IsInteger|IsLoad)
 307500: global: Decode: Decoded ld instruction: 0xe9690010
 307500: system.cpu: A0 T0 : 0x10000b5c @generic_start_main+444    : ld         r11, 16(r9)     : MemRead :  D=0x0000000000000000 A=0x100ac9c8  flags=(IsInteger|IsLoad)
 307750: global: Decode: Decoded mtctr instruction: 0x7d4903a6
 307750: system.cpu: A0 T0 : 0x10000b60 @generic_start_main+448    : mtctr      r10             : IntAlu :  D=0x000000001001ca94  flags=(IsInteger)
 308000: global: Decode: Decoded ld instruction: 0xe8490008
 308000: system.cpu: A0 T0 : 0x10000b64 @generic_start_main+452    : ld         r2, 8(r9)       : MemRead :  D=0x00000000100b7d00 A=0x100ac9c0  flags=(IsInteger|IsLoad)
 308250: global: Decode: Decoded bcctr instruction: 0x4e800421
 308250: system.cpu: A0 T0 : 0x10000b68 @generic_start_main+456    : bcctrl     0, 20           : IntAlu :  D=0x0000000010000b6c  flags=(IsInteger|IsControl|IsIndirectControl|IsCondControl|IsCall)
 308500: global: Decode: Decoded ori instruction: 0x60000000
 308500: system.cpu: A0 T0 : 0x1001ca94 @rawmemchr    : nop                        : IntAlu :  D=0x0000000010000a78  flags=(IsInteger)
 308750: global: Decode: Decoded addi instruction: 0x3922ae70
 308750: system.cpu: A0 T0 : 0x1001ca98 @rawmemchr+4    : subi       r9, r2, 20880   : IntAlu :  D=0x00000000100b2b70  flags=(IsInteger)
 309000: global: Decode: Decoded ld instruction: 0xe9290000
 309000: system.cpu: A0 T0 : 0x1001ca9c @rawmemchr+8    : ld         r9, 0(r9)       : MemRead :  D=0x00000000c0000000 A=0x100b2b70  flags=(IsInteger|IsLoad)
 309250: global: Decode: Decoded andi_ instruction: 0x712a0100
 309250: system.cpu: A0 T0 : 0x1001caa0 @rawmemchr+12    : andi.      r10, r9, 256    : IntAlu :  D=0x0000000022000022  flags=(IsInteger)
 309500: global: Decode: Decoded bc instruction: 0x4182002c
 309500: system.cpu: A0 T0 : 0x1001caa4 @rawmemchr+16    : bc         2, 12, 0x1001cad0 : IntAlu :  D=0x000000001001ca94  flags=(IsInteger|IsControl|IsDirectControl|IsCondControl)
 309750: global: Decode: Decoded andi_ instruction: 0x712a1000
 309750: system.cpu: A0 T0 : 0x1001cad0 @rawmemchr+60    : andi.      r10, r9, 4096   : IntAlu :  D=0x0000000022000022  flags=(IsInteger)
 310000: global: Decode: Decoded bc instruction: 0x4182000c
 310000: system.cpu: A0 T0 : 0x1001cad4 @rawmemchr+64    : bc         2, 12, 0x1001cae0 : IntAlu :  D=0x000000001001ca94  flags=(IsInteger|IsControl|IsDirectControl|IsCondControl)
 310250: global: Decode: Decoded andis_ instruction: 0x752a0002
 310250: system.cpu: A0 T0 : 0x1001cae0 @rawmemchr+76    : andis.     r10, r9, 2      : IntAlu :  D=0x0000000022000022  flags=(IsInteger)
 310500: global: Decode: Decoded bc instruction: 0x40820014
 310500: system.cpu: A0 T0 : 0x1001cae4 @rawmemchr+80    : bc         2, 4, 0x1001caf8 : IntAlu :  D=0x000000001001ca94  flags=(IsInteger|IsControl|IsDirectControl|IsCondControl)
 310750: global: Decode: Decoded andis_ instruction: 0x752a0004
 310750: system.cpu: A0 T0 : 0x1001cae8 @rawmemchr+84    : andis.     r10, r9, 4      : IntAlu :  D=0x0000000022000022  flags=(IsInteger)
 311000: global: Decode: Decoded bc instruction: 0x4182ffc4
 311000: system.cpu: A0 T0 : 0x1001caec @rawmemchr+88    : bc         2, 12, 0x1001cab0 : IntAlu :  D=0x000000001001ca94  flags=(IsInteger|IsControl|IsDirectControl|IsCondControl)
 311250: global: Decode: Decoded andi_ instruction: 0x71290080
 311250: system.cpu: A0 T0 : 0x1001cab0 @rawmemchr+28    : andi.      r9, r9, 128     : IntAlu :  D=0x0000000022000022  flags=(IsInteger)
 311500: global: Decode: Decoded bc instruction: 0x40820010
 311500: system.cpu: A0 T0 : 0x1001cab4 @rawmemchr+32    : bc         2, 4, 0x1001cac4 : IntAlu :  D=0x000000001001ca94  flags=(IsInteger|IsControl|IsDirectControl|IsCondControl)
 311750: global: Decode: Decoded addis instruction: 0x3c62ffff
 311750: system.cpu: A0 T0 : 0x1001cab8 @rawmemchr+36    : subis      r3, r2, 1       : IntAlu :  D=0x00000000100a7d00  flags=(IsInteger)
 312000: global: Decode: Decoded addi instruction: 0x38634d78
 312000: system.cpu: A0 T0 : 0x1001cabc @rawmemchr+40    : addi       r3, r3, 19832   : IntAlu :  D=0x00000000100aca78  flags=(IsInteger)
 312250: global: Decode: Decoded bclr instruction: 0x4e800020
 312250: system.cpu: A0 T0 : 0x1001cac0 @rawmemchr+44    : bclr       0, 20           : IntAlu :  D=0x000000001001ca94  flags=(IsInteger|IsControl|IsIndirectControl|IsCondControl|IsReturn)
 312500: global: Decode: Decoded ld instruction: 0xe8410028
 312500: system.cpu: A0 T0 : 0x10000b6c @generic_start_main+460    : ld         r2, 40(r1)      : MemRead :  D=0x00000000100b7d00 A=0x7fffffffea48  flags=(IsInteger|IsLoad)
 312750: global: Decode: Decoded ld instruction: 0xe9030000
 312750: system.cpu: A0 T0 : 0x10000b70 @generic_start_main+464    : ld         r8, 0(r3)       : MemRead :  D=0x000000001001d7f0 A=0x100aca78  flags=(IsInteger|IsLoad)
 313000: global: Decode: Decoded ld instruction: 0xe9430008
 313000: system.cpu: A0 T0 : 0x10000b74 @generic_start_main+468    : ld         r10, 8(r3)      : MemRead :  D=0x00000000100b7d00 A=0x100aca80  flags=(IsInteger|IsLoad)
 313250: global: Decode: Decoded ld instruction: 0xe9230010
 313250: system.cpu: A0 T0 : 0x10000b78 @generic_start_main+472    : ld         r9, 16(r3)      : MemRead :  D=0x0000000000000000 A=0x100aca88  flags=(IsInteger|IsLoad)
 313500: global: Decode: Decoded std instruction: 0xf91b0000
 313500: system.cpu: A0 T0 : 0x10000b7c @generic_start_main+476    : std        r8, 0(r27)      : MemWrite :  D=0x000000001001d7f0 A=0x100b0018  flags=(IsInteger|IsStore)
 313750: global: Decode: Decoded std instruction: 0xf95b0008
 313750: system.cpu: A0 T0 : 0x10000b80 @generic_start_main+480    : std        r10, 8(r27)     : MemWrite :  D=0x00000000100b7d00 A=0x100b0020  flags=(IsInteger|IsStore)
 314000: global: Decode: Decoded std instruction: 0xf93b0010
 314000: system.cpu: A0 T0 : 0x10000b84 @generic_start_main+484    : std        r9, 16(r27)     : MemWrite :  D=0x0000000000000000 A=0x100b0028  flags=(IsInteger|IsStore)
 314250: global: Decode: Decoded b instruction: 0x4bfffefc
 314250: system.cpu: A0 T0 : 0x10000b88 @generic_start_main+488    : b          0x10000a84      : IntAlu :   flags=(IsControl|IsDirectControl|IsUncondControl)
 314500: global: Decode: Decoded addis instruction: 0x3d22fff5
 314500: system.cpu: A0 T0 : 0x10000a84 @generic_start_main+228    : subis      r9, r2, 11      : IntAlu :  D=0x0000000010007d00  flags=(IsInteger)
 314750: global: Decode: Decoded addi instruction: 0x39298568
 314750: system.cpu: A0 T0 : 0x10000a88 @generic_start_main+232    : subi       r9, r9, 31384   : IntAlu :  D=0x0000000010000268  flags=(IsInteger)
 315000: global: Decode: Decoded cmpl instruction: 0x7fbc4840
 315000: system.cpu: A0 T0 : 0x10000a8c @generic_start_main+236    : cmpld      cr7, r28, r9    : IntAlu :  D=0x0000000022000028  flags=(IsInteger)
 315250: global: Decode: Decoded bc instruction: 0x409c00fc
 315250: system.cpu: A0 T0 : 0x10000a90 @generic_start_main+240    : bc         28, 4, 0x10000b8c : IntAlu :  D=0x000000001001ca94  flags=(IsInteger|IsControl|IsDirectControl|IsCondControl)
 315500: global: Decode: Decoded lwz instruction: 0x813c000c
 315500: system.cpu: A0 T0 : 0x10000a94 @generic_start_main+244    : lwz        r9, 12(r28)     : MemRead :  D=0x00000000000000f7 A=0x100001b4  flags=(IsInteger|IsLoad)
 315750: global: Decode: Decoded cmpli instruction: 0x2b8900f8
 315750: system.cpu: A0 T0 : 0x10000a98 @generic_start_main+248    : cmplwi     cr7, r9, 248    : IntAlu :  D=0x0000000022000028  flags=(IsInteger)
 316000: global: Decode: Decoded bc instruction: 0x409e009c
 316000: system.cpu: A0 T0 : 0x10000a9c @generic_start_main+252    : bc         30, 4, 0x10000b38 : IntAlu :  D=0x000000001001ca94  flags=(IsInteger|IsControl|IsDirectControl|IsCondControl)
 316250: global: Decode: Decoded cmpli instruction: 0x2b8900f7
 316250: system.cpu: A0 T0 : 0x10000b38 @generic_start_main+408    : cmplwi     cr7, r9, 247    : IntAlu :  D=0x0000000022000022  flags=(IsInteger)
 316500: global: Decode: Decoded bc instruction: 0x409e0270
 316500: system.cpu: A0 T0 : 0x10000b3c @generic_start_main+412    : bc         30, 4, 0x10000dac : IntAlu :  D=0x000000001001ca94  flags=(IsInteger|IsControl|IsDirectControl|IsCondControl)
 316750: global: Decode: Decoded ld instruction: 0xe93c0010
 316750: system.cpu: A0 T0 : 0x10000b40 @generic_start_main+416    : ld         r9, 16(r28)     : MemRead :  D=0x00000000100ae0f8 A=0x100001b8  flags=(IsInteger|IsLoad)
 317000: global: Decode: Decoded ori instruction: 0x60000000
 317000: system.cpu: A0 T0 : 0x10000b44 @generic_start_main+420    : nop                        : IntAlu :  D=0x0000000010000a78  flags=(IsInteger)
 317250: global: Decode: Decoded addi instruction: 0x3942ae70
 317250: system.cpu: A0 T0 : 0x10000b48 @generic_start_main+424    : subi       r10, r2, 20880  : IntAlu :  D=0x00000000100b2b70  flags=(IsInteger)
 317500: global: Decode: Decoded ld instruction: 0xeb7c0000
 317500: system.cpu: A0 T0 : 0x10000b4c @generic_start_main+428    : ld         r27, 0(r28)     : MemRead :  D=0x00000000100b0030 A=0x100001a8  flags=(IsInteger|IsLoad)
 317750: global: Decode: Decoded addi instruction: 0x3b9c0018
 317750: system.cpu: A0 T0 : 0x10000b50 @generic_start_main+432    : addi       r28, r28, 24    : IntAlu :  D=0x00000000100001c0  flags=(IsInteger)
 318000: global: Decode: Decoded ld instruction: 0xe86a0000
 318000: system.cpu: A0 T0 : 0x10000b54 @generic_start_main+436    : ld         r3, 0(r10)      : MemRead :  D=0x00000000c0000000 A=0x100b2b70  flags=(IsInteger|IsLoad)
 318250: global: Decode: Decoded ld instruction: 0xe9490000
 318250: system.cpu: A0 T0 : 0x10000b58 @generic_start_main+440    : ld         r10, 0(r9)      : MemRead :  D=0x0000000010044514 A=0x100ae0f8  flags=(IsInteger|IsLoad)
 318500: global: Decode: Decoded ld instruction: 0xe9690010
 318500: system.cpu: A0 T0 : 0x10000b5c @generic_start_main+444    : ld         r11, 16(r9)     : MemRead :  D=0x0000000000000000 A=0x100ae108  flags=(IsInteger|IsLoad)
 318750: global: Decode: Decoded mtctr instruction: 0x7d4903a6
 318750: system.cpu: A0 T0 : 0x10000b60 @generic_start_main+448    : mtctr      r10             : IntAlu :  D=0x0000000010044514  flags=(IsInteger)
 319000: global: Decode: Decoded ld instruction: 0xe8490008
 319000: system.cpu: A0 T0 : 0x10000b64 @generic_start_main+452    : ld         r2, 8(r9)       : MemRead :  D=0x00000000100b7d00 A=0x100ae100  flags=(IsInteger|IsLoad)
 319250: global: Decode: Decoded bcctr instruction: 0x4e800421
 319250: system.cpu: A0 T0 : 0x10000b68 @generic_start_main+456    : bcctrl     0, 20           : IntAlu :  D=0x0000000010000b6c  flags=(IsInteger|IsControl|IsIndirectControl|IsCondControl|IsCall)
 319500: global: Decode: Decoded ori instruction: 0x60000000
 319500: system.cpu: A0 T0 : 0x10044514 @rindex    : nop                        : IntAlu :  D=0x0000000010000a78  flags=(IsInteger)
 319750: global: Decode: Decoded addi instruction: 0x3922ae70
 319750: system.cpu: A0 T0 : 0x10044518 @rindex+4    : subi       r9, r2, 20880   : IntAlu :  D=0x00000000100b2b70  flags=(IsInteger)
 320000: global: Decode: Decoded ori instruction: 0x60000000
 320000: system.cpu: A0 T0 : 0x1004451c @rindex+8    : nop                        : IntAlu :  D=0x0000000010000a78  flags=(IsInteger)
 320250: global: Decode: Decoded addi instruction: 0x3942ae60
 320250: system.cpu: A0 T0 : 0x10044520 @rindex+12    : subi       r10, r2, 20896  : IntAlu :  D=0x00000000100b2b60  flags=(IsInteger)
 320500: global: Decode: Decoded ld instruction: 0xe9290000
 320500: system.cpu: A0 T0 : 0x10044524 @rindex+16    : ld         r9, 0(r9)       : MemRead :  D=0x00000000c0000000 A=0x100b2b70  flags=(IsInteger|IsLoad)
 320750: global: Decode: Decoded ld instruction: 0xe94a0000
 320750: system.cpu: A0 T0 : 0x10044528 @rindex+20    : ld         r10, 0(r10)     : MemRead :  D=0x0000000000000000 A=0x100b2b60  flags=(IsInteger|IsLoad)
 321000: global: Decode: Decoded andi_ instruction: 0x71280100
 321000: system.cpu: A0 T0 : 0x1004452c @rindex+24    : andi.      r8, r9, 256     : IntAlu :  D=0x0000000022000022  flags=(IsInteger)
 321250: global: Decode: Decoded bc instruction: 0x41820040
 321250: system.cpu: A0 T0 : 0x10044530 @rindex+28    : bc         2, 12, 0x10044570 : IntAlu :  D=0x0000000010044514  flags=(IsInteger|IsControl|IsDirectControl|IsCondControl)
 321500: global: Decode: Decoded andi_ instruction: 0x71281000
 321500: system.cpu: A0 T0 : 0x10044570 @rindex+92    : andi.      r8, r9, 4096    : IntAlu :  D=0x0000000022000022  flags=(IsInteger)
 321750: global: Decode: Decoded bc instruction: 0x4182000c
 321750: system.cpu: A0 T0 : 0x10044574 @rindex+96    : bc         2, 12, 0x10044580 : IntAlu :  D=0x0000000010044514  flags=(IsInteger|IsControl|IsDirectControl|IsCondControl)
 322000: global: Decode: Decoded andis_ instruction: 0x75280002
 322000: system.cpu: A0 T0 : 0x10044580 @rindex+108    : andis.     r8, r9, 2       : IntAlu :  D=0x0000000022000022  flags=(IsInteger)
 322250: global: Decode: Decoded bc instruction: 0x40820014
 322250: system.cpu: A0 T0 : 0x10044584 @rindex+112    : bc         2, 4, 0x10044598 : IntAlu :  D=0x0000000010044514  flags=(IsInteger|IsControl|IsDirectControl|IsCondControl)
 322500: global: Decode: Decoded andis_ instruction: 0x75280004
 322500: system.cpu: A0 T0 : 0x10044588 @rindex+116    : andis.     r8, r9, 4       : IntAlu :  D=0x0000000022000022  flags=(IsInteger)
 322750: global: Decode: Decoded bc instruction: 0x4182ffb0
 322750: system.cpu: A0 T0 : 0x1004458c @rindex+120    : bc         2, 12, 0x1004453c : IntAlu :  D=0x0000000010044514  flags=(IsInteger|IsControl|IsDirectControl|IsCondControl)
 323000: global: Decode: Decoded andis_ instruction: 0x754a8000
 323000: system.cpu: A0 T0 : 0x1004453c @rindex+40    : andis.     r10, r10, 32768 : IntAlu :  D=0x0000000022000022  flags=(IsInteger)
 323250: global: Decode: Decoded bc instruction: 0x40820018
 323250: system.cpu: A0 T0 : 0x10044540 @rindex+44    : bc         2, 4, 0x10044558 : IntAlu :  D=0x0000000010044514  flags=(IsInteger|IsControl|IsDirectControl|IsCondControl)
 323500: global: Decode: Decoded andi_ instruction: 0x71290080
 323500: system.cpu: A0 T0 : 0x10044544 @rindex+48    : andi.      r9, r9, 128     : IntAlu :  D=0x0000000022000022  flags=(IsInteger)
 323750: global: Decode: Decoded bc instruction: 0x4182001c
 323750: system.cpu: A0 T0 : 0x10044548 @rindex+52    : bc         2, 12, 0x10044564 : IntAlu :  D=0x0000000010044514  flags=(IsInteger|IsControl|IsDirectControl|IsCondControl)
 324000: global: Decode: Decoded addis instruction: 0x3c62ffff
 324000: system.cpu: A0 T0 : 0x10044564 @rindex+80    : subis      r3, r2, 1       : IntAlu :  D=0x00000000100a7d00  flags=(IsInteger)
 324250: global: Decode: Decoded addi instruction: 0x38636620
 324250: system.cpu: A0 T0 : 0x10044568 @rindex+84    : addi       r3, r3, 26144   : IntAlu :  D=0x00000000100ae320  flags=(IsInteger)
 324500: global: Decode: Decoded bclr instruction: 0x4e800020
 324500: system.cpu: A0 T0 : 0x1004456c @rindex+88    : bclr       0, 20           : IntAlu :  D=0x0000000010044514  flags=(IsInteger|IsControl|IsIndirectControl|IsCondControl|IsReturn)
 324750: global: Decode: Decoded ld instruction: 0xe8410028
 324750: system.cpu: A0 T0 : 0x10000b6c @generic_start_main+460    : ld         r2, 40(r1)      : MemRead :  D=0x00000000100b7d00 A=0x7fffffffea48  flags=(IsInteger|IsLoad)
 325000: global: Decode: Decoded ld instruction: 0xe9030000
 325000: system.cpu: A0 T0 : 0x10000b70 @generic_start_main+464    : ld         r8, 0(r3)       : MemRead :  D=0x00000000100493d0 A=0x100ae320  flags=(IsInteger|IsLoad)
 325250: global: Decode: Decoded ld instruction: 0xe9430008
 325250: system.cpu: A0 T0 : 0x10000b74 @generic_start_main+468    : ld         r10, 8(r3)      : MemRead :  D=0x00000000100b7d00 A=0x100ae328  flags=(IsInteger|IsLoad)
 325500: global: Decode: Decoded ld instruction: 0xe9230010
 325500: system.cpu: A0 T0 : 0x10000b78 @generic_start_main+472    : ld         r9, 16(r3)      : MemRead :  D=0x0000000000000000 A=0x100ae330  flags=(IsInteger|IsLoad)
 325750: global: Decode: Decoded std instruction: 0xf91b0000
 325750: system.cpu: A0 T0 : 0x10000b7c @generic_start_main+476    : std        r8, 0(r27)      : MemWrite :  D=0x00000000100493d0 A=0x100b0030  flags=(IsInteger|IsStore)
 326000: global: Decode: Decoded std instruction: 0xf95b0008
 326000: system.cpu: A0 T0 : 0x10000b80 @generic_start_main+480    : std        r10, 8(r27)     : MemWrite :  D=0x00000000100b7d00 A=0x100b0038  flags=(IsInteger|IsStore)
 326250: global: Decode: Decoded std instruction: 0xf93b0010
 326250: system.cpu: A0 T0 : 0x10000b84 @generic_start_main+484    : std        r9, 16(r27)     : MemWrite :  D=0x0000000000000000 A=0x100b0040  flags=(IsInteger|IsStore)
 326500: global: Decode: Decoded b instruction: 0x4bfffefc
 326500: system.cpu: A0 T0 : 0x10000b88 @generic_start_main+488    : b          0x10000a84      : IntAlu :   flags=(IsControl|IsDirectControl|IsUncondControl)
 326750: global: Decode: Decoded addis instruction: 0x3d22fff5
 326750: system.cpu: A0 T0 : 0x10000a84 @generic_start_main+228    : subis      r9, r2, 11      : IntAlu :  D=0x0000000010007d00  flags=(IsInteger)
 327000: global: Decode: Decoded addi instruction: 0x39298568
 327000: system.cpu: A0 T0 : 0x10000a88 @generic_start_main+232    : subi       r9, r9, 31384   : IntAlu :  D=0x0000000010000268  flags=(IsInteger)
 327250: global: Decode: Decoded cmpl instruction: 0x7fbc4840
 327250: system.cpu: A0 T0 : 0x10000a8c @generic_start_main+236    : cmpld      cr7, r28, r9    : IntAlu :  D=0x0000000022000028  flags=(IsInteger)
 327500: global: Decode: Decoded bc instruction: 0x409c00fc
 327500: system.cpu: A0 T0 : 0x10000a90 @generic_start_main+240    : bc         28, 4, 0x10000b8c : IntAlu :  D=0x0000000010044514  flags=(IsInteger|IsControl|IsDirectControl|IsCondControl)
 327750: global: Decode: Decoded lwz instruction: 0x813c000c
 327750: system.cpu: A0 T0 : 0x10000a94 @generic_start_main+244    : lwz        r9, 12(r28)     : MemRead :  D=0x00000000000000f7 A=0x100001cc  flags=(IsInteger|IsLoad)
 328000: global: Decode: Decoded cmpli instruction: 0x2b8900f8
 328000: system.cpu: A0 T0 : 0x10000a98 @generic_start_main+248    : cmplwi     cr7, r9, 248    : IntAlu :  D=0x0000000022000028  flags=(IsInteger)
 328250: global: Decode: Decoded bc instruction: 0x409e009c
 328250: system.cpu: A0 T0 : 0x10000a9c @generic_start_main+252    : bc         30, 4, 0x10000b38 : IntAlu :  D=0x0000000010044514  flags=(IsInteger|IsControl|IsDirectControl|IsCondControl)
 328500: global: Decode: Decoded cmpli instruction: 0x2b8900f7
 328500: system.cpu: A0 T0 : 0x10000b38 @generic_start_main+408    : cmplwi     cr7, r9, 247    : IntAlu :  D=0x0000000022000022  flags=(IsInteger)
 328750: global: Decode: Decoded bc instruction: 0x409e0270
 328750: system.cpu: A0 T0 : 0x10000b3c @generic_start_main+412    : bc         30, 4, 0x10000dac : IntAlu :  D=0x0000000010044514  flags=(IsInteger|IsControl|IsDirectControl|IsCondControl)
 329000: global: Decode: Decoded ld instruction: 0xe93c0010
 329000: system.cpu: A0 T0 : 0x10000b40 @generic_start_main+416    : ld         r9, 16(r28)     : MemRead :  D=0x00000000100ac9d0 A=0x100001d0  flags=(IsInteger|IsLoad)
 329250: global: Decode: Decoded ori instruction: 0x60000000
 329250: system.cpu: A0 T0 : 0x10000b44 @generic_start_main+420    : nop                        : IntAlu :  D=0x0000000010000a78  flags=(IsInteger)
 329500: global: Decode: Decoded addi instruction: 0x3942ae70
 329500: system.cpu: A0 T0 : 0x10000b48 @generic_start_main+424    : subi       r10, r2, 20880  : IntAlu :  D=0x00000000100b2b70  flags=(IsInteger)
 329750: global: Decode: Decoded ld instruction: 0xeb7c0000
 329750: system.cpu: A0 T0 : 0x10000b4c @generic_start_main+428    : ld         r27, 0(r28)     : MemRead :  D=0x00000000100b0048 A=0x100001c0  flags=(IsInteger|IsLoad)
 330000: global: Decode: Decoded addi instruction: 0x3b9c0018
 330000: system.cpu: A0 T0 : 0x10000b50 @generic_start_main+432    : addi       r28, r28, 24    : IntAlu :  D=0x00000000100001d8  flags=(IsInteger)
 330250: global: Decode: Decoded ld instruction: 0xe86a0000
 330250: system.cpu: A0 T0 : 0x10000b54 @generic_start_main+436    : ld         r3, 0(r10)      : MemRead :  D=0x00000000c0000000 A=0x100b2b70  flags=(IsInteger|IsLoad)
 330500: global: Decode: Decoded ld instruction: 0xe9490000
 330500: system.cpu: A0 T0 : 0x10000b58 @generic_start_main+440    : ld         r10, 0(r9)      : MemRead :  D=0x000000001001cb0c A=0x100ac9d0  flags=(IsInteger|IsLoad)
 330750: global: Decode: Decoded ld instruction: 0xe9690010
 330750: system.cpu: A0 T0 : 0x10000b5c @generic_start_main+444    : ld         r11, 16(r9)     : MemRead :  D=0x0000000000000000 A=0x100ac9e0  flags=(IsInteger|IsLoad)
 331000: global: Decode: Decoded mtctr instruction: 0x7d4903a6
 331000: system.cpu: A0 T0 : 0x10000b60 @generic_start_main+448    : mtctr      r10             : IntAlu :  D=0x000000001001cb0c  flags=(IsInteger)
 331250: global: Decode: Decoded ld instruction: 0xe8490008
 331250: system.cpu: A0 T0 : 0x10000b64 @generic_start_main+452    : ld         r2, 8(r9)       : MemRead :  D=0x00000000100b7d00 A=0x100ac9d8  flags=(IsInteger|IsLoad)
 331500: global: Decode: Decoded bcctr instruction: 0x4e800421
 331500: system.cpu: A0 T0 : 0x10000b68 @generic_start_main+456    : bcctrl     0, 20           : IntAlu :  D=0x0000000010000b6c  flags=(IsInteger|IsControl|IsIndirectControl|IsCondControl|IsCall)
 331750: global: Decode: Decoded ori instruction: 0x60000000
 331750: system.cpu: A0 T0 : 0x1001cb0c @strchrnul    : nop                        : IntAlu :  D=0x0000000010000a78  flags=(IsInteger)
 332000: global: Decode: Decoded addi instruction: 0x3922ae70
 332000: system.cpu: A0 T0 : 0x1001cb10 @strchrnul+4    : subi       r9, r2, 20880   : IntAlu :  D=0x00000000100b2b70  flags=(IsInteger)
 332250: global: Decode: Decoded ori instruction: 0x60000000
 332250: system.cpu: A0 T0 : 0x1001cb14 @strchrnul+8    : nop                        : IntAlu :  D=0x0000000010000a78  flags=(IsInteger)
 332500: global: Decode: Decoded addi instruction: 0x3942ae60
 332500: system.cpu: A0 T0 : 0x1001cb18 @strchrnul+12    : subi       r10, r2, 20896  : IntAlu :  D=0x00000000100b2b60  flags=(IsInteger)
 332750: global: Decode: Decoded ld instruction: 0xe9290000
 332750: system.cpu: A0 T0 : 0x1001cb1c @strchrnul+16    : ld         r9, 0(r9)       : MemRead :  D=0x00000000c0000000 A=0x100b2b70  flags=(IsInteger|IsLoad)
 333000: global: Decode: Decoded ld instruction: 0xe94a0000
 333000: system.cpu: A0 T0 : 0x1001cb20 @strchrnul+20    : ld         r10, 0(r10)     : MemRead :  D=0x0000000000000000 A=0x100b2b60  flags=(IsInteger|IsLoad)
 333250: global: Decode: Decoded andi_ instruction: 0x71280100
 333250: system.cpu: A0 T0 : 0x1001cb24 @strchrnul+24    : andi.      r8, r9, 256     : IntAlu :  D=0x0000000022000022  flags=(IsInteger)
 333500: global: Decode: Decoded bc instruction: 0x41820040
 333500: system.cpu: A0 T0 : 0x1001cb28 @strchrnul+28    : bc         2, 12, 0x1001cb68 : IntAlu :  D=0x000000001001cb0c  flags=(IsInteger|IsControl|IsDirectControl|IsCondControl)
 333750: global: Decode: Decoded andi_ instruction: 0x71281000
 333750: system.cpu: A0 T0 : 0x1001cb68 @strchrnul+92    : andi.      r8, r9, 4096    : IntAlu :  D=0x0000000022000022  flags=(IsInteger)
 334000: global: Decode: Decoded bc instruction: 0x4182000c
 334000: system.cpu: A0 T0 : 0x1001cb6c @strchrnul+96    : bc         2, 12, 0x1001cb78 : IntAlu :  D=0x000000001001cb0c  flags=(IsInteger|IsControl|IsDirectControl|IsCondControl)
 334250: global: Decode: Decoded andis_ instruction: 0x75280002
 334250: system.cpu: A0 T0 : 0x1001cb78 @strchrnul+108    : andis.     r8, r9, 2       : IntAlu :  D=0x0000000022000022  flags=(IsInteger)
 334500: global: Decode: Decoded bc instruction: 0x40820014
 334500: system.cpu: A0 T0 : 0x1001cb7c @strchrnul+112    : bc         2, 4, 0x1001cb90 : IntAlu :  D=0x000000001001cb0c  flags=(IsInteger|IsControl|IsDirectControl|IsCondControl)
 334750: global: Decode: Decoded andis_ instruction: 0x75280004
 334750: system.cpu: A0 T0 : 0x1001cb80 @strchrnul+116    : andis.     r8, r9, 4       : IntAlu :  D=0x0000000022000022  flags=(IsInteger)
 335000: global: Decode: Decoded bc instruction: 0x4182ffb0
 335000: system.cpu: A0 T0 : 0x1001cb84 @strchrnul+120    : bc         2, 12, 0x1001cb34 : IntAlu :  D=0x000000001001cb0c  flags=(IsInteger|IsControl|IsDirectControl|IsCondControl)
 335250: global: Decode: Decoded andis_ instruction: 0x754a8000
 335250: system.cpu: A0 T0 : 0x1001cb34 @strchrnul+40    : andis.     r10, r10, 32768 : IntAlu :  D=0x0000000022000022  flags=(IsInteger)
 335500: global: Decode: Decoded bc instruction: 0x40820018
 335500: system.cpu: A0 T0 : 0x1001cb38 @strchrnul+44    : bc         2, 4, 0x1001cb50 : IntAlu :  D=0x000000001001cb0c  flags=(IsInteger|IsControl|IsDirectControl|IsCondControl)
 335750: global: Decode: Decoded andi_ instruction: 0x71290080
 335750: system.cpu: A0 T0 : 0x1001cb3c @strchrnul+48    : andi.      r9, r9, 128     : IntAlu :  D=0x0000000022000022  flags=(IsInteger)
 336000: global: Decode: Decoded bc instruction: 0x4182001c
 336000: system.cpu: A0 T0 : 0x1001cb40 @strchrnul+52    : bc         2, 12, 0x1001cb5c : IntAlu :  D=0x000000001001cb0c  flags=(IsInteger|IsControl|IsDirectControl|IsCondControl)
 336250: global: Decode: Decoded addis instruction: 0x3c62ffff
 336250: system.cpu: A0 T0 : 0x1001cb5c @strchrnul+80    : subis      r3, r2, 1       : IntAlu :  D=0x00000000100a7d00  flags=(IsInteger)
 336500: global: Decode: Decoded addi instruction: 0x38634e20
 336500: system.cpu: A0 T0 : 0x1001cb60 @strchrnul+84    : addi       r3, r3, 20000   : IntAlu :  D=0x00000000100acb20  flags=(IsInteger)
 336750: global: Decode: Decoded bclr instruction: 0x4e800020
 336750: system.cpu: A0 T0 : 0x1001cb64 @strchrnul+88    : bclr       0, 20           : IntAlu :  D=0x000000001001cb0c  flags=(IsInteger|IsControl|IsIndirectControl|IsCondControl|IsReturn)
 337000: global: Decode: Decoded ld instruction: 0xe8410028
 337000: system.cpu: A0 T0 : 0x10000b6c @generic_start_main+460    : ld         r2, 40(r1)      : MemRead :  D=0x00000000100b7d00 A=0x7fffffffea48  flags=(IsInteger|IsLoad)
 337250: global: Decode: Decoded ld instruction: 0xe9030000
 337250: system.cpu: A0 T0 : 0x10000b70 @generic_start_main+464    : ld         r8, 0(r3)       : MemRead :  D=0x000000001001e080 A=0x100acb20  flags=(IsInteger|IsLoad)
 337500: global: Decode: Decoded ld instruction: 0xe9430008
 337500: system.cpu: A0 T0 : 0x10000b74 @generic_start_main+468    : ld         r10, 8(r3)      : MemRead :  D=0x00000000100b7d00 A=0x100acb28  flags=(IsInteger|IsLoad)
 337750: global: Decode: Decoded ld instruction: 0xe9230010
 337750: system.cpu: A0 T0 : 0x10000b78 @generic_start_main+472    : ld         r9, 16(r3)      : MemRead :  D=0x0000000000000000 A=0x100acb30  flags=(IsInteger|IsLoad)
 338000: global: Decode: Decoded std instruction: 0xf91b0000
 338000: system.cpu: A0 T0 : 0x10000b7c @generic_start_main+476    : std        r8, 0(r27)      : MemWrite :  D=0x000000001001e080 A=0x100b0048  flags=(IsInteger|IsStore)
 338250: global: Decode: Decoded std instruction: 0xf95b0008
 338250: system.cpu: A0 T0 : 0x10000b80 @generic_start_main+480    : std        r10, 8(r27)     : MemWrite :  D=0x00000000100b7d00 A=0x100b0050  flags=(IsInteger|IsStore)
 338500: global: Decode: Decoded std instruction: 0xf93b0010
 338500: system.cpu: A0 T0 : 0x10000b84 @generic_start_main+484    : std        r9, 16(r27)     : MemWrite :  D=0x0000000000000000 A=0x100b0058  flags=(IsInteger|IsStore)
 338750: global: Decode: Decoded b instruction: 0x4bfffefc
 338750: system.cpu: A0 T0 : 0x10000b88 @generic_start_main+488    : b          0x10000a84      : IntAlu :   flags=(IsControl|IsDirectControl|IsUncondControl)
 339000: global: Decode: Decoded addis instruction: 0x3d22fff5
 339000: system.cpu: A0 T0 : 0x10000a84 @generic_start_main+228    : subis      r9, r2, 11      : IntAlu :  D=0x0000000010007d00  flags=(IsInteger)
 339250: global: Decode: Decoded addi instruction: 0x39298568
 339250: system.cpu: A0 T0 : 0x10000a88 @generic_start_main+232    : subi       r9, r9, 31384   : IntAlu :  D=0x0000000010000268  flags=(IsInteger)
 339500: global: Decode: Decoded cmpl instruction: 0x7fbc4840
 339500: system.cpu: A0 T0 : 0x10000a8c @generic_start_main+236    : cmpld      cr7, r28, r9    : IntAlu :  D=0x0000000022000028  flags=(IsInteger)
 339750: global: Decode: Decoded bc instruction: 0x409c00fc
 339750: system.cpu: A0 T0 : 0x10000a90 @generic_start_main+240    : bc         28, 4, 0x10000b8c : IntAlu :  D=0x000000001001cb0c  flags=(IsInteger|IsControl|IsDirectControl|IsCondControl)
 340000: global: Decode: Decoded lwz instruction: 0x813c000c
 340000: system.cpu: A0 T0 : 0x10000a94 @generic_start_main+244    : lwz        r9, 12(r28)     : MemRead :  D=0x00000000000000f7 A=0x100001e4  flags=(IsInteger|IsLoad)
 340250: global: Decode: Decoded cmpli instruction: 0x2b8900f8
 340250: system.cpu: A0 T0 : 0x10000a98 @generic_start_main+248    : cmplwi     cr7, r9, 248    : IntAlu :  D=0x0000000022000028  flags=(IsInteger)
 340500: global: Decode: Decoded bc instruction: 0x409e009c
 340500: system.cpu: A0 T0 : 0x10000a9c @generic_start_main+252    : bc         30, 4, 0x10000b38 : IntAlu :  D=0x000000001001cb0c  flags=(IsInteger|IsControl|IsDirectControl|IsCondControl)
 340750: global: Decode: Decoded cmpli instruction: 0x2b8900f7
 340750: system.cpu: A0 T0 : 0x10000b38 @generic_start_main+408    : cmplwi     cr7, r9, 247    : IntAlu :  D=0x0000000022000022  flags=(IsInteger)
 341000: global: Decode: Decoded bc instruction: 0x409e0270
 341000: system.cpu: A0 T0 : 0x10000b3c @generic_start_main+412    : bc         30, 4, 0x10000dac : IntAlu :  D=0x000000001001cb0c  flags=(IsInteger|IsControl|IsDirectControl|IsCondControl)
 341250: global: Decode: Decoded ld instruction: 0xe93c0010
 341250: system.cpu: A0 T0 : 0x10000b40 @generic_start_main+416    : ld         r9, 16(r28)     : MemRead :  D=0x00000000100ae128 A=0x100001e8  flags=(IsInteger|IsLoad)
 341500: global: Decode: Decoded ori instruction: 0x60000000
 341500: system.cpu: A0 T0 : 0x10000b44 @generic_start_main+420    : nop                        : IntAlu :  D=0x0000000010000a78  flags=(IsInteger)
 341750: global: Decode: Decoded addi instruction: 0x3942ae70
 341750: system.cpu: A0 T0 : 0x10000b48 @generic_start_main+424    : subi       r10, r2, 20880  : IntAlu :  D=0x00000000100b2b70  flags=(IsInteger)
 342000: global: Decode: Decoded ld instruction: 0xeb7c0000
 342000: system.cpu: A0 T0 : 0x10000b4c @generic_start_main+428    : ld         r27, 0(r28)     : MemRead :  D=0x00000000100b0060 A=0x100001d8  flags=(IsInteger|IsLoad)
 342250: global: Decode: Decoded addi instruction: 0x3b9c0018
 342250: system.cpu: A0 T0 : 0x10000b50 @generic_start_main+432    : addi       r28, r28, 24    : IntAlu :  D=0x00000000100001f0  flags=(IsInteger)
 342500: global: Decode: Decoded ld instruction: 0xe86a0000
 342500: system.cpu: A0 T0 : 0x10000b54 @generic_start_main+436    : ld         r3, 0(r10)      : MemRead :  D=0x00000000c0000000 A=0x100b2b70  flags=(IsInteger|IsLoad)
 342750: global: Decode: Decoded ld instruction: 0xe9490000
 342750: system.cpu: A0 T0 : 0x10000b58 @generic_start_main+440    : ld         r10, 0(r9)      : MemRead :  D=0x00000000100446d8 A=0x100ae128  flags=(IsInteger|IsLoad)
 343000: global: Decode: Decoded ld instruction: 0xe9690010
 343000: system.cpu: A0 T0 : 0x10000b5c @generic_start_main+444    : ld         r11, 16(r9)     : MemRead :  D=0x0000000000000000 A=0x100ae138  flags=(IsInteger|IsLoad)
 343250: global: Decode: Decoded mtctr instruction: 0x7d4903a6
 343250: system.cpu: A0 T0 : 0x10000b60 @generic_start_main+448    : mtctr      r10             : IntAlu :  D=0x00000000100446d8  flags=(IsInteger)
 343500: global: Decode: Decoded ld instruction: 0xe8490008
 343500: system.cpu: A0 T0 : 0x10000b64 @generic_start_main+452    : ld         r2, 8(r9)       : MemRead :  D=0x00000000100b7d00 A=0x100ae130  flags=(IsInteger|IsLoad)
 343750: global: Decode: Decoded bcctr instruction: 0x4e800421
 343750: system.cpu: A0 T0 : 0x10000b68 @generic_start_main+456    : bcctrl     0, 20           : IntAlu :  D=0x0000000010000b6c  flags=(IsInteger|IsControl|IsIndirectControl|IsCondControl|IsCall)
 344000: global: Decode: Decoded ori instruction: 0x60000000
 344000: system.cpu: A0 T0 : 0x100446d8 @__memchr    : nop                        : IntAlu :  D=0x0000000010000a78  flags=(IsInteger)
 344250: global: Decode: Decoded addi instruction: 0x3922ae70
 344250: system.cpu: A0 T0 : 0x100446dc @__memchr+4    : subi       r9, r2, 20880   : IntAlu :  D=0x00000000100b2b70  flags=(IsInteger)
 344500: global: Decode: Decoded ori instruction: 0x60000000
 344500: system.cpu: A0 T0 : 0x100446e0 @__memchr+8    : nop                        : IntAlu :  D=0x0000000010000a78  flags=(IsInteger)
 344750: global: Decode: Decoded addi instruction: 0x3942ae60
 344750: system.cpu: A0 T0 : 0x100446e4 @__memchr+12    : subi       r10, r2, 20896  : IntAlu :  D=0x00000000100b2b60  flags=(IsInteger)
 345000: global: Decode: Decoded ld instruction: 0xe9290000
 345000: system.cpu: A0 T0 : 0x100446e8 @__memchr+16    : ld         r9, 0(r9)       : MemRead :  D=0x00000000c0000000 A=0x100b2b70  flags=(IsInteger|IsLoad)
 345250: global: Decode: Decoded ld instruction: 0xe94a0000
 345250: system.cpu: A0 T0 : 0x100446ec @__memchr+20    : ld         r10, 0(r10)     : MemRead :  D=0x0000000000000000 A=0x100b2b60  flags=(IsInteger|IsLoad)
 345500: global: Decode: Decoded andi_ instruction: 0x71280100
 345500: system.cpu: A0 T0 : 0x100446f0 @__memchr+24    : andi.      r8, r9, 256     : IntAlu :  D=0x0000000022000022  flags=(IsInteger)
 345750: global: Decode: Decoded bc instruction: 0x41820040
 345750: system.cpu: A0 T0 : 0x100446f4 @__memchr+28    : bc         2, 12, 0x10044734 : IntAlu :  D=0x00000000100446d8  flags=(IsInteger|IsControl|IsDirectControl|IsCondControl)
 346000: global: Decode: Decoded andi_ instruction: 0x71281000
 346000: system.cpu: A0 T0 : 0x10044734 @__memchr+92    : andi.      r8, r9, 4096    : IntAlu :  D=0x0000000022000022  flags=(IsInteger)
 346250: global: Decode: Decoded bc instruction: 0x4182000c
 346250: system.cpu: A0 T0 : 0x10044738 @__memchr+96    : bc         2, 12, 0x10044744 : IntAlu :  D=0x00000000100446d8  flags=(IsInteger|IsControl|IsDirectControl|IsCondControl)
 346500: global: Decode: Decoded andis_ instruction: 0x75280002
 346500: system.cpu: A0 T0 : 0x10044744 @__memchr+108    : andis.     r8, r9, 2       : IntAlu :  D=0x0000000022000022  flags=(IsInteger)
 346750: global: Decode: Decoded bc instruction: 0x40820014
 346750: system.cpu: A0 T0 : 0x10044748 @__memchr+112    : bc         2, 4, 0x1004475c : IntAlu :  D=0x00000000100446d8  flags=(IsInteger|IsControl|IsDirectControl|IsCondControl)
 347000: global: Decode: Decoded andis_ instruction: 0x75280004
 347000: system.cpu: A0 T0 : 0x1004474c @__memchr+116    : andis.     r8, r9, 4       : IntAlu :  D=0x0000000022000022  flags=(IsInteger)
 347250: global: Decode: Decoded bc instruction: 0x4182ffb0
 347250: system.cpu: A0 T0 : 0x10044750 @__memchr+120    : bc         2, 12, 0x10044700 : IntAlu :  D=0x00000000100446d8  flags=(IsInteger|IsControl|IsDirectControl|IsCondControl)
 347500: global: Decode: Decoded andis_ instruction: 0x754a8000
 347500: system.cpu: A0 T0 : 0x10044700 @__memchr+40    : andis.     r10, r10, 32768 : IntAlu :  D=0x0000000022000022  flags=(IsInteger)
 347750: global: Decode: Decoded bc instruction: 0x40820018
 347750: system.cpu: A0 T0 : 0x10044704 @__memchr+44    : bc         2, 4, 0x1004471c : IntAlu :  D=0x00000000100446d8  flags=(IsInteger|IsControl|IsDirectControl|IsCondControl)
 348000: global: Decode: Decoded andi_ instruction: 0x71290080
 348000: system.cpu: A0 T0 : 0x10044708 @__memchr+48    : andi.      r9, r9, 128     : IntAlu :  D=0x0000000022000022  flags=(IsInteger)
 348250: global: Decode: Decoded bc instruction: 0x4182001c
 348250: system.cpu: A0 T0 : 0x1004470c @__memchr+52    : bc         2, 12, 0x10044728 : IntAlu :  D=0x00000000100446d8  flags=(IsInteger|IsControl|IsDirectControl|IsCondControl)
 348500: global: Decode: Decoded addis instruction: 0x3c62ffff
 348500: system.cpu: A0 T0 : 0x10044728 @__memchr+80    : subis      r3, r2, 1       : IntAlu :  D=0x00000000100a7d00  flags=(IsInteger)
 348750: global: Decode: Decoded addi instruction: 0x38636560
 348750: system.cpu: A0 T0 : 0x1004472c @__memchr+84    : addi       r3, r3, 25952   : IntAlu :  D=0x00000000100ae260  flags=(IsInteger)
 349000: global: Decode: Decoded bclr instruction: 0x4e800020
 349000: system.cpu: A0 T0 : 0x10044730 @__memchr+88    : bclr       0, 20           : IntAlu :  D=0x00000000100446d8  flags=(IsInteger|IsControl|IsIndirectControl|IsCondControl|IsReturn)
 349250: global: Decode: Decoded ld instruction: 0xe8410028
 349250: system.cpu: A0 T0 : 0x10000b6c @generic_start_main+460    : ld         r2, 40(r1)      : MemRead :  D=0x00000000100b7d00 A=0x7fffffffea48  flags=(IsInteger|IsLoad)
 349500: global: Decode: Decoded ld instruction: 0xe9030000
 349500: system.cpu: A0 T0 : 0x10000b70 @generic_start_main+464    : ld         r8, 0(r3)       : MemRead :  D=0x0000000010048440 A=0x100ae260  flags=(IsInteger|IsLoad)
 349750: global: Decode: Decoded ld instruction: 0xe9430008
 349750: system.cpu: A0 T0 : 0x10000b74 @generic_start_main+468    : ld         r10, 8(r3)      : MemRead :  D=0x00000000100b7d00 A=0x100ae268  flags=(IsInteger|IsLoad)
 350000: global: Decode: Decoded ld instruction: 0xe9230010
 350000: system.cpu: A0 T0 : 0x10000b78 @generic_start_main+472    : ld         r9, 16(r3)      : MemRead :  D=0x0000000000000000 A=0x100ae270  flags=(IsInteger|IsLoad)
 350250: global: Decode: Decoded std instruction: 0xf91b0000
 350250: system.cpu: A0 T0 : 0x10000b7c @generic_start_main+476    : std        r8, 0(r27)      : MemWrite :  D=0x0000000010048440 A=0x100b0060  flags=(IsInteger|IsStore)
 350500: global: Decode: Decoded std instruction: 0xf95b0008
 350500: system.cpu: A0 T0 : 0x10000b80 @generic_start_main+480    : std        r10, 8(r27)     : MemWrite :  D=0x00000000100b7d00 A=0x100b0068  flags=(IsInteger|IsStore)
 350750: global: Decode: Decoded std instruction: 0xf93b0010
 350750: system.cpu: A0 T0 : 0x10000b84 @generic_start_main+484    : std        r9, 16(r27)     : MemWrite :  D=0x0000000000000000 A=0x100b0070  flags=(IsInteger|IsStore)
 351000: global: Decode: Decoded b instruction: 0x4bfffefc
 351000: system.cpu: A0 T0 : 0x10000b88 @generic_start_main+488    : b          0x10000a84      : IntAlu :   flags=(IsControl|IsDirectControl|IsUncondControl)
 351250: global: Decode: Decoded addis instruction: 0x3d22fff5
 351250: system.cpu: A0 T0 : 0x10000a84 @generic_start_main+228    : subis      r9, r2, 11      : IntAlu :  D=0x0000000010007d00  flags=(IsInteger)
 351500: global: Decode: Decoded addi instruction: 0x39298568
 351500: system.cpu: A0 T0 : 0x10000a88 @generic_start_main+232    : subi       r9, r9, 31384   : IntAlu :  D=0x0000000010000268  flags=(IsInteger)
 351750: global: Decode: Decoded cmpl instruction: 0x7fbc4840
 351750: system.cpu: A0 T0 : 0x10000a8c @generic_start_main+236    : cmpld      cr7, r28, r9    : IntAlu :  D=0x0000000022000028  flags=(IsInteger)
 352000: global: Decode: Decoded bc instruction: 0x409c00fc
 352000: system.cpu: A0 T0 : 0x10000a90 @generic_start_main+240    : bc         28, 4, 0x10000b8c : IntAlu :  D=0x00000000100446d8  flags=(IsInteger|IsControl|IsDirectControl|IsCondControl)
 352250: global: Decode: Decoded lwz instruction: 0x813c000c
 352250: system.cpu: A0 T0 : 0x10000a94 @generic_start_main+244    : lwz        r9, 12(r28)     : MemRead :  D=0x00000000000000f7 A=0x100001fc  flags=(IsInteger|IsLoad)
 352500: global: Decode: Decoded cmpli instruction: 0x2b8900f8
 352500: system.cpu: A0 T0 : 0x10000a98 @generic_start_main+248    : cmplwi     cr7, r9, 248    : IntAlu :  D=0x0000000022000028  flags=(IsInteger)
 352750: global: Decode: Decoded bc instruction: 0x409e009c
 352750: system.cpu: A0 T0 : 0x10000a9c @generic_start_main+252    : bc         30, 4, 0x10000b38 : IntAlu :  D=0x00000000100446d8  flags=(IsInteger|IsControl|IsDirectControl|IsCondControl)
 353000: global: Decode: Decoded cmpli instruction: 0x2b8900f7
 353000: system.cpu: A0 T0 : 0x10000b38 @generic_start_main+408    : cmplwi     cr7, r9, 247    : IntAlu :  D=0x0000000022000022  flags=(IsInteger)
 353250: global: Decode: Decoded bc instruction: 0x409e0270
 353250: system.cpu: A0 T0 : 0x10000b3c @generic_start_main+412    : bc         30, 4, 0x10000dac : IntAlu :  D=0x00000000100446d8  flags=(IsInteger|IsControl|IsDirectControl|IsCondControl)
 353500: global: Decode: Decoded ld instruction: 0xe93c0010
 353500: system.cpu: A0 T0 : 0x10000b40 @generic_start_main+416    : ld         r9, 16(r28)     : MemRead :  D=0x00000000100ac8c8 A=0x10000200  flags=(IsInteger|IsLoad)
 353750: global: Decode: Decoded ori instruction: 0x60000000
 353750: system.cpu: A0 T0 : 0x10000b44 @generic_start_main+420    : nop                        : IntAlu :  D=0x0000000010000a78  flags=(IsInteger)
 354000: global: Decode: Decoded addi instruction: 0x3942ae70
 354000: system.cpu: A0 T0 : 0x10000b48 @generic_start_main+424    : subi       r10, r2, 20880  : IntAlu :  D=0x00000000100b2b70  flags=(IsInteger)
 354250: global: Decode: Decoded ld instruction: 0xeb7c0000
 354250: system.cpu: A0 T0 : 0x10000b4c @generic_start_main+428    : ld         r27, 0(r28)     : MemRead :  D=0x00000000100b0078 A=0x100001f0  flags=(IsInteger|IsLoad)
 354500: global: Decode: Decoded addi instruction: 0x3b9c0018
 354500: system.cpu: A0 T0 : 0x10000b50 @generic_start_main+432    : addi       r28, r28, 24    : IntAlu :  D=0x0000000010000208  flags=(IsInteger)
 354750: global: Decode: Decoded ld instruction: 0xe86a0000
 354750: system.cpu: A0 T0 : 0x10000b54 @generic_start_main+436    : ld         r3, 0(r10)      : MemRead :  D=0x00000000c0000000 A=0x100b2b70  flags=(IsInteger|IsLoad)
 355000: global: Decode: Decoded ld instruction: 0xe9490000
 355000: system.cpu: A0 T0 : 0x10000b58 @generic_start_main+440    : ld         r10, 0(r9)      : MemRead :  D=0x000000001001bfd4 A=0x100ac8c8  flags=(IsInteger|IsLoad)
 355250: global: Decode: Decoded ld instruction: 0xe9690010
 355250: system.cpu: A0 T0 : 0x10000b5c @generic_start_main+444    : ld         r11, 16(r9)     : MemRead :  D=0x0000000000000000 A=0x100ac8d8  flags=(IsInteger|IsLoad)
 355500: global: Decode: Decoded mtctr instruction: 0x7d4903a6
 355500: system.cpu: A0 T0 : 0x10000b60 @generic_start_main+448    : mtctr      r10             : IntAlu :  D=0x000000001001bfd4  flags=(IsInteger)
 355750: global: Decode: Decoded ld instruction: 0xe8490008
 355750: system.cpu: A0 T0 : 0x10000b64 @generic_start_main+452    : ld         r2, 8(r9)       : MemRead :  D=0x00000000100b7d00 A=0x100ac8d0  flags=(IsInteger|IsLoad)
 356000: global: Decode: Decoded bcctr instruction: 0x4e800421
 356000: system.cpu: A0 T0 : 0x10000b68 @generic_start_main+456    : bcctrl     0, 20           : IntAlu :  D=0x0000000010000b6c  flags=(IsInteger|IsControl|IsIndirectControl|IsCondControl|IsCall)
 356250: global: Decode: Decoded ori instruction: 0x60000000
 356250: system.cpu: A0 T0 : 0x1001bfd4 @strstr    : nop                        : IntAlu :  D=0x0000000010000a78  flags=(IsInteger)
 356500: global: Decode: Decoded addi instruction: 0x3922ae70
 356500: system.cpu: A0 T0 : 0x1001bfd8 @strstr+4    : subi       r9, r2, 20880   : IntAlu :  D=0x00000000100b2b70  flags=(IsInteger)
 356750: global: Decode: Decoded ld instruction: 0xe9290000
 356750: system.cpu: A0 T0 : 0x1001bfdc @strstr+8    : ld         r9, 0(r9)       : MemRead :  D=0x00000000c0000000 A=0x100b2b70  flags=(IsInteger|IsLoad)
 357000: global: Decode: Decoded andi_ instruction: 0x712a0100
 357000: system.cpu: A0 T0 : 0x1001bfe0 @strstr+12    : andi.      r10, r9, 256    : IntAlu :  D=0x0000000022000022  flags=(IsInteger)
 357250: global: Decode: Decoded bc instruction: 0x4182002c
 357250: system.cpu: A0 T0 : 0x1001bfe4 @strstr+16    : bc         2, 12, 0x1001c010 : IntAlu :  D=0x000000001001bfd4  flags=(IsInteger|IsControl|IsDirectControl|IsCondControl)
 357500: global: Decode: Decoded andi_ instruction: 0x712a1000
 357500: system.cpu: A0 T0 : 0x1001c010 @strstr+60    : andi.      r10, r9, 4096   : IntAlu :  D=0x0000000022000022  flags=(IsInteger)
 357750: global: Decode: Decoded bc instruction: 0x4182000c
 357750: system.cpu: A0 T0 : 0x1001c014 @strstr+64    : bc         2, 12, 0x1001c020 : IntAlu :  D=0x000000001001bfd4  flags=(IsInteger|IsControl|IsDirectControl|IsCondControl)
 358000: global: Decode: Decoded andis_ instruction: 0x752a0002
 358000: system.cpu: A0 T0 : 0x1001c020 @strstr+76    : andis.     r10, r9, 2      : IntAlu :  D=0x0000000022000022  flags=(IsInteger)
 358250: global: Decode: Decoded bc instruction: 0x40820014
 358250: system.cpu: A0 T0 : 0x1001c024 @strstr+80    : bc         2, 4, 0x1001c038 : IntAlu :  D=0x000000001001bfd4  flags=(IsInteger|IsControl|IsDirectControl|IsCondControl)
 358500: global: Decode: Decoded andis_ instruction: 0x752a0004
 358500: system.cpu: A0 T0 : 0x1001c028 @strstr+84    : andis.     r10, r9, 4      : IntAlu :  D=0x0000000022000022  flags=(IsInteger)
 358750: global: Decode: Decoded bc instruction: 0x4182ffc4
 358750: system.cpu: A0 T0 : 0x1001c02c @strstr+88    : bc         2, 12, 0x1001bff0 : IntAlu :  D=0x000000001001bfd4  flags=(IsInteger|IsControl|IsDirectControl|IsCondControl)
 359000: global: Decode: Decoded andi_ instruction: 0x71290080
 359000: system.cpu: A0 T0 : 0x1001bff0 @strstr+28    : andi.      r9, r9, 128     : IntAlu :  D=0x0000000022000022  flags=(IsInteger)
 359250: global: Decode: Decoded bc instruction: 0x40820010
 359250: system.cpu: A0 T0 : 0x1001bff4 @strstr+32    : bc         2, 4, 0x1001c004 : IntAlu :  D=0x000000001001bfd4  flags=(IsInteger|IsControl|IsDirectControl|IsCondControl)
 359500: global: Decode: Decoded addis instruction: 0x3c62ffff
 359500: system.cpu: A0 T0 : 0x1001bff8 @strstr+36    : subis      r3, r2, 1       : IntAlu :  D=0x00000000100a7d00  flags=(IsInteger)
 359750: global: Decode: Decoded addi instruction: 0x38634eb0
 359750: system.cpu: A0 T0 : 0x1001bffc @strstr+40    : addi       r3, r3, 20144   : IntAlu :  D=0x00000000100acbb0  flags=(IsInteger)
 360000: global: Decode: Decoded bclr instruction: 0x4e800020
 360000: system.cpu: A0 T0 : 0x1001c000 @strstr+44    : bclr       0, 20           : IntAlu :  D=0x000000001001bfd4  flags=(IsInteger|IsControl|IsIndirectControl|IsCondControl|IsReturn)
 360250: global: Decode: Decoded ld instruction: 0xe8410028
 360250: system.cpu: A0 T0 : 0x10000b6c @generic_start_main+460    : ld         r2, 40(r1)      : MemRead :  D=0x00000000100b7d00 A=0x7fffffffea48  flags=(IsInteger|IsLoad)
 360500: global: Decode: Decoded ld instruction: 0xe9030000
 360500: system.cpu: A0 T0 : 0x10000b70 @generic_start_main+464    : ld         r8, 0(r3)       : MemRead :  D=0x000000001001ee90 A=0x100acbb0  flags=(IsInteger|IsLoad)
 360750: global: Decode: Decoded ld instruction: 0xe9430008
 360750: system.cpu: A0 T0 : 0x10000b74 @generic_start_main+468    : ld         r10, 8(r3)      : MemRead :  D=0x00000000100b7d00 A=0x100acbb8  flags=(IsInteger|IsLoad)
 361000: global: Decode: Decoded ld instruction: 0xe9230010
 361000: system.cpu: A0 T0 : 0x10000b78 @generic_start_main+472    : ld         r9, 16(r3)      : MemRead :  D=0x0000000000000000 A=0x100acbc0  flags=(IsInteger|IsLoad)
 361250: global: Decode: Decoded std instruction: 0xf91b0000
 361250: system.cpu: A0 T0 : 0x10000b7c @generic_start_main+476    : std        r8, 0(r27)      : MemWrite :  D=0x000000001001ee90 A=0x100b0078  flags=(IsInteger|IsStore)
 361500: global: Decode: Decoded std instruction: 0xf95b0008
 361500: system.cpu: A0 T0 : 0x10000b80 @generic_start_main+480    : std        r10, 8(r27)     : MemWrite :  D=0x00000000100b7d00 A=0x100b0080  flags=(IsInteger|IsStore)
 361750: global: Decode: Decoded std instruction: 0xf93b0010
 361750: system.cpu: A0 T0 : 0x10000b84 @generic_start_main+484    : std        r9, 16(r27)     : MemWrite :  D=0x0000000000000000 A=0x100b0088  flags=(IsInteger|IsStore)
 362000: global: Decode: Decoded b instruction: 0x4bfffefc
 362000: system.cpu: A0 T0 : 0x10000b88 @generic_start_main+488    : b          0x10000a84      : IntAlu :   flags=(IsControl|IsDirectControl|IsUncondControl)
 362250: global: Decode: Decoded addis instruction: 0x3d22fff5
 362250: system.cpu: A0 T0 : 0x10000a84 @generic_start_main+228    : subis      r9, r2, 11      : IntAlu :  D=0x0000000010007d00  flags=(IsInteger)
 362500: global: Decode: Decoded addi instruction: 0x39298568
 362500: system.cpu: A0 T0 : 0x10000a88 @generic_start_main+232    : subi       r9, r9, 31384   : IntAlu :  D=0x0000000010000268  flags=(IsInteger)
 362750: global: Decode: Decoded cmpl instruction: 0x7fbc4840
 362750: system.cpu: A0 T0 : 0x10000a8c @generic_start_main+236    : cmpld      cr7, r28, r9    : IntAlu :  D=0x0000000022000028  flags=(IsInteger)
 363000: global: Decode: Decoded bc instruction: 0x409c00fc
 363000: system.cpu: A0 T0 : 0x10000a90 @generic_start_main+240    : bc         28, 4, 0x10000b8c : IntAlu :  D=0x000000001001bfd4  flags=(IsInteger|IsControl|IsDirectControl|IsCondControl)
 363250: global: Decode: Decoded lwz instruction: 0x813c000c
 363250: system.cpu: A0 T0 : 0x10000a94 @generic_start_main+244    : lwz        r9, 12(r28)     : MemRead :  D=0x00000000000000f7 A=0x10000214  flags=(IsInteger|IsLoad)
 363500: global: Decode: Decoded cmpli instruction: 0x2b8900f8
 363500: system.cpu: A0 T0 : 0x10000a98 @generic_start_main+248    : cmplwi     cr7, r9, 248    : IntAlu :  D=0x0000000022000028  flags=(IsInteger)
 363750: global: Decode: Decoded bc instruction: 0x409e009c
 363750: system.cpu: A0 T0 : 0x10000a9c @generic_start_main+252    : bc         30, 4, 0x10000b38 : IntAlu :  D=0x000000001001bfd4  flags=(IsInteger|IsControl|IsDirectControl|IsCondControl)
 364000: global: Decode: Decoded cmpli instruction: 0x2b8900f7
 364000: system.cpu: A0 T0 : 0x10000b38 @generic_start_main+408    : cmplwi     cr7, r9, 247    : IntAlu :  D=0x0000000022000022  flags=(IsInteger)
 364250: global: Decode: Decoded bc instruction: 0x409e0270
 364250: system.cpu: A0 T0 : 0x10000b3c @generic_start_main+412    : bc         30, 4, 0x10000dac : IntAlu :  D=0x000000001001bfd4  flags=(IsInteger|IsControl|IsDirectControl|IsCondControl)
 364500: global: Decode: Decoded ld instruction: 0xe93c0010
 364500: system.cpu: A0 T0 : 0x10000b40 @generic_start_main+416    : ld         r9, 16(r28)     : MemRead :  D=0x00000000100ae140 A=0x10000218  flags=(IsInteger|IsLoad)
 364750: global: Decode: Decoded ori instruction: 0x60000000
 364750: system.cpu: A0 T0 : 0x10000b44 @generic_start_main+420    : nop                        : IntAlu :  D=0x0000000010000a78  flags=(IsInteger)
 365000: global: Decode: Decoded addi instruction: 0x3942ae70
 365000: system.cpu: A0 T0 : 0x10000b48 @generic_start_main+424    : subi       r10, r2, 20880  : IntAlu :  D=0x00000000100b2b70  flags=(IsInteger)
 365250: global: Decode: Decoded ld instruction: 0xeb7c0000
 365250: system.cpu: A0 T0 : 0x10000b4c @generic_start_main+428    : ld         r27, 0(r28)     : MemRead :  D=0x00000000100b0090 A=0x10000208  flags=(IsInteger|IsLoad)
 365500: global: Decode: Decoded addi instruction: 0x3b9c0018
 365500: system.cpu: A0 T0 : 0x10000b50 @generic_start_main+432    : addi       r28, r28, 24    : IntAlu :  D=0x0000000010000220  flags=(IsInteger)
 365750: global: Decode: Decoded ld instruction: 0xe86a0000
 365750: system.cpu: A0 T0 : 0x10000b54 @generic_start_main+436    : ld         r3, 0(r10)      : MemRead :  D=0x00000000c0000000 A=0x100b2b70  flags=(IsInteger|IsLoad)
 366000: global: Decode: Decoded ld instruction: 0xe9490000
 366000: system.cpu: A0 T0 : 0x10000b58 @generic_start_main+440    : ld         r10, 0(r9)      : MemRead :  D=0x0000000010044770 A=0x100ae140  flags=(IsInteger|IsLoad)
 366250: global: Decode: Decoded ld instruction: 0xe9690010
 366250: system.cpu: A0 T0 : 0x10000b5c @generic_start_main+444    : ld         r11, 16(r9)     : MemRead :  D=0x0000000000000000 A=0x100ae150  flags=(IsInteger|IsLoad)
 366500: global: Decode: Decoded mtctr instruction: 0x7d4903a6
 366500: system.cpu: A0 T0 : 0x10000b60 @generic_start_main+448    : mtctr      r10             : IntAlu :  D=0x0000000010044770  flags=(IsInteger)
 366750: global: Decode: Decoded ld instruction: 0xe8490008
 366750: system.cpu: A0 T0 : 0x10000b64 @generic_start_main+452    : ld         r2, 8(r9)       : MemRead :  D=0x00000000100b7d00 A=0x100ae148  flags=(IsInteger|IsLoad)
 367000: global: Decode: Decoded bcctr instruction: 0x4e800421
 367000: system.cpu: A0 T0 : 0x10000b68 @generic_start_main+456    : bcctrl     0, 20           : IntAlu :  D=0x0000000010000b6c  flags=(IsInteger|IsControl|IsIndirectControl|IsCondControl|IsCall)
 367250: global: Decode: Decoded ori instruction: 0x60000000
 367250: system.cpu: A0 T0 : 0x10044770 @memcmp    : nop                        : IntAlu :  D=0x0000000010000a78  flags=(IsInteger)
 367500: global: Decode: Decoded addi instruction: 0x3922ae70
 367500: system.cpu: A0 T0 : 0x10044774 @memcmp+4    : subi       r9, r2, 20880   : IntAlu :  D=0x00000000100b2b70  flags=(IsInteger)
 367750: global: Decode: Decoded ori instruction: 0x60000000
 367750: system.cpu: A0 T0 : 0x10044778 @memcmp+8    : nop                        : IntAlu :  D=0x0000000010000a78  flags=(IsInteger)
 368000: global: Decode: Decoded addi instruction: 0x3942ae60
 368000: system.cpu: A0 T0 : 0x1004477c @memcmp+12    : subi       r10, r2, 20896  : IntAlu :  D=0x00000000100b2b60  flags=(IsInteger)
 368250: global: Decode: Decoded ld instruction: 0xe9290000
 368250: system.cpu: A0 T0 : 0x10044780 @memcmp+16    : ld         r9, 0(r9)       : MemRead :  D=0x00000000c0000000 A=0x100b2b70  flags=(IsInteger|IsLoad)
 368500: global: Decode: Decoded ld instruction: 0xe94a0000
 368500: system.cpu: A0 T0 : 0x10044784 @memcmp+20    : ld         r10, 0(r10)     : MemRead :  D=0x0000000000000000 A=0x100b2b60  flags=(IsInteger|IsLoad)
 368750: global: Decode: Decoded andi_ instruction: 0x71280100
 368750: system.cpu: A0 T0 : 0x10044788 @memcmp+24    : andi.      r8, r9, 256     : IntAlu :  D=0x0000000022000022  flags=(IsInteger)
 369000: global: Decode: Decoded bc instruction: 0x41820048
 369000: system.cpu: A0 T0 : 0x1004478c @memcmp+28    : bc         2, 12, 0x100447d4 : IntAlu :  D=0x0000000010044770  flags=(IsInteger|IsControl|IsDirectControl|IsCondControl)
 369250: global: Decode: Decoded andi_ instruction: 0x71281000
 369250: system.cpu: A0 T0 : 0x100447d4 @memcmp+100    : andi.      r8, r9, 4096    : IntAlu :  D=0x0000000022000022  flags=(IsInteger)
 369500: global: Decode: Decoded bc instruction: 0x4182000c
 369500: system.cpu: A0 T0 : 0x100447d8 @memcmp+104    : bc         2, 12, 0x100447e4 : IntAlu :  D=0x0000000010044770  flags=(IsInteger|IsControl|IsDirectControl|IsCondControl)
 369750: global: Decode: Decoded andis_ instruction: 0x75280002
 369750: system.cpu: A0 T0 : 0x100447e4 @memcmp+116    : andis.     r8, r9, 2       : IntAlu :  D=0x0000000022000022  flags=(IsInteger)
 370000: global: Decode: Decoded bc instruction: 0x40820014
 370000: system.cpu: A0 T0 : 0x100447e8 @memcmp+120    : bc         2, 4, 0x100447fc : IntAlu :  D=0x0000000010044770  flags=(IsInteger|IsControl|IsDirectControl|IsCondControl)
 370250: global: Decode: Decoded andis_ instruction: 0x75280004
 370250: system.cpu: A0 T0 : 0x100447ec @memcmp+124    : andis.     r8, r9, 4       : IntAlu :  D=0x0000000022000022  flags=(IsInteger)
 370500: global: Decode: Decoded bc instruction: 0x4182ffa8
 370500: system.cpu: A0 T0 : 0x100447f0 @memcmp+128    : bc         2, 12, 0x10044798 : IntAlu :  D=0x0000000010044770  flags=(IsInteger|IsControl|IsDirectControl|IsCondControl)
 370750: global: Decode: Decoded andis_ instruction: 0x754a8000
 370750: system.cpu: A0 T0 : 0x10044798 @memcmp+40    : andis.     r10, r10, 32768 : IntAlu :  D=0x0000000022000022  flags=(IsInteger)
 371000: global: Decode: Decoded bc instruction: 0x40820020
 371000: system.cpu: A0 T0 : 0x1004479c @memcmp+44    : bc         2, 4, 0x100447bc : IntAlu :  D=0x0000000010044770  flags=(IsInteger|IsControl|IsDirectControl|IsCondControl)
 371250: global: Decode: Decoded andi_ instruction: 0x712a0080
 371250: system.cpu: A0 T0 : 0x100447a0 @memcmp+48    : andi.      r10, r9, 128    : IntAlu :  D=0x0000000022000022  flags=(IsInteger)
 371500: global: Decode: Decoded bc instruction: 0x40820024
 371500: system.cpu: A0 T0 : 0x100447a4 @memcmp+52    : bc         2, 4, 0x100447c8 : IntAlu :  D=0x0000000010044770  flags=(IsInteger|IsControl|IsDirectControl|IsCondControl)
 371750: global: Decode: Decoded andis_ instruction: 0x75290008
 371750: system.cpu: A0 T0 : 0x100447a8 @memcmp+56    : andis.     r9, r9, 8       : IntAlu :  D=0x0000000022000022  flags=(IsInteger)
 372000: global: Decode: Decoded bc instruction: 0x41820058
 372000: system.cpu: A0 T0 : 0x100447ac @memcmp+60    : bc         2, 12, 0x10044804 : IntAlu :  D=0x0000000010044770  flags=(IsInteger|IsControl|IsDirectControl|IsCondControl)
 372250: global: Decode: Decoded addis instruction: 0x3c62ffff
 372250: system.cpu: A0 T0 : 0x10044804 @memcmp+148    : subis      r3, r2, 1       : IntAlu :  D=0x00000000100a7d00  flags=(IsInteger)
 372500: global: Decode: Decoded addi instruction: 0x38636518
 372500: system.cpu: A0 T0 : 0x10044808 @memcmp+152    : addi       r3, r3, 25880   : IntAlu :  D=0x00000000100ae218  flags=(IsInteger)
 372750: global: Decode: Decoded bclr instruction: 0x4e800020
 372750: system.cpu: A0 T0 : 0x1004480c @memcmp+156    : bclr       0, 20           : IntAlu :  D=0x0000000010044770  flags=(IsInteger|IsControl|IsIndirectControl|IsCondControl|IsReturn)
 373000: global: Decode: Decoded ld instruction: 0xe8410028
 373000: system.cpu: A0 T0 : 0x10000b6c @generic_start_main+460    : ld         r2, 40(r1)      : MemRead :  D=0x00000000100b7d00 A=0x7fffffffea48  flags=(IsInteger|IsLoad)
 373250: global: Decode: Decoded ld instruction: 0xe9030000
 373250: system.cpu: A0 T0 : 0x10000b70 @generic_start_main+464    : ld         r8, 0(r3)       : MemRead :  D=0x0000000010047b40 A=0x100ae218  flags=(IsInteger|IsLoad)
 373500: global: Decode: Decoded ld instruction: 0xe9430008
 373500: system.cpu: A0 T0 : 0x10000b74 @generic_start_main+468    : ld         r10, 8(r3)      : MemRead :  D=0x00000000100b7d00 A=0x100ae220  flags=(IsInteger|IsLoad)
 373750: global: Decode: Decoded ld instruction: 0xe9230010
 373750: system.cpu: A0 T0 : 0x10000b78 @generic_start_main+472    : ld         r9, 16(r3)      : MemRead :  D=0x0000000000000000 A=0x100ae228  flags=(IsInteger|IsLoad)
 374000: global: Decode: Decoded std instruction: 0xf91b0000
 374000: system.cpu: A0 T0 : 0x10000b7c @generic_start_main+476    : std        r8, 0(r27)      : MemWrite :  D=0x0000000010047b40 A=0x100b0090  flags=(IsInteger|IsStore)
 374250: global: Decode: Decoded std instruction: 0xf95b0008
 374250: system.cpu: A0 T0 : 0x10000b80 @generic_start_main+480    : std        r10, 8(r27)     : MemWrite :  D=0x00000000100b7d00 A=0x100b0098  flags=(IsInteger|IsStore)
 374500: global: Decode: Decoded std instruction: 0xf93b0010
 374500: system.cpu: A0 T0 : 0x10000b84 @generic_start_main+484    : std        r9, 16(r27)     : MemWrite :  D=0x0000000000000000 A=0x100b00a0  flags=(IsInteger|IsStore)
 374750: global: Decode: Decoded b instruction: 0x4bfffefc
 374750: system.cpu: A0 T0 : 0x10000b88 @generic_start_main+488    : b          0x10000a84      : IntAlu :   flags=(IsControl|IsDirectControl|IsUncondControl)
 375000: global: Decode: Decoded addis instruction: 0x3d22fff5
 375000: system.cpu: A0 T0 : 0x10000a84 @generic_start_main+228    : subis      r9, r2, 11      : IntAlu :  D=0x0000000010007d00  flags=(IsInteger)
 375250: global: Decode: Decoded addi instruction: 0x39298568
 375250: system.cpu: A0 T0 : 0x10000a88 @generic_start_main+232    : subi       r9, r9, 31384   : IntAlu :  D=0x0000000010000268  flags=(IsInteger)
 375500: global: Decode: Decoded cmpl instruction: 0x7fbc4840
 375500: system.cpu: A0 T0 : 0x10000a8c @generic_start_main+236    : cmpld      cr7, r28, r9    : IntAlu :  D=0x0000000022000028  flags=(IsInteger)
 375750: global: Decode: Decoded bc instruction: 0x409c00fc
 375750: system.cpu: A0 T0 : 0x10000a90 @generic_start_main+240    : bc         28, 4, 0x10000b8c : IntAlu :  D=0x0000000010044770  flags=(IsInteger|IsControl|IsDirectControl|IsCondControl)
 376000: global: Decode: Decoded lwz instruction: 0x813c000c
 376000: system.cpu: A0 T0 : 0x10000a94 @generic_start_main+244    : lwz        r9, 12(r28)     : MemRead :  D=0x00000000000000f7 A=0x1000022c  flags=(IsInteger|IsLoad)
 376250: global: Decode: Decoded cmpli instruction: 0x2b8900f8
 376250: system.cpu: A0 T0 : 0x10000a98 @generic_start_main+248    : cmplwi     cr7, r9, 248    : IntAlu :  D=0x0000000022000028  flags=(IsInteger)
 376500: global: Decode: Decoded bc instruction: 0x409e009c
 376500: system.cpu: A0 T0 : 0x10000a9c @generic_start_main+252    : bc         30, 4, 0x10000b38 : IntAlu :  D=0x0000000010044770  flags=(IsInteger|IsControl|IsDirectControl|IsCondControl)
 376750: global: Decode: Decoded cmpli instruction: 0x2b8900f7
 376750: system.cpu: A0 T0 : 0x10000b38 @generic_start_main+408    : cmplwi     cr7, r9, 247    : IntAlu :  D=0x0000000022000022  flags=(IsInteger)
 377000: global: Decode: Decoded bc instruction: 0x409e0270
 377000: system.cpu: A0 T0 : 0x10000b3c @generic_start_main+412    : bc         30, 4, 0x10000dac : IntAlu :  D=0x0000000010044770  flags=(IsInteger|IsControl|IsDirectControl|IsCondControl)
 377250: global: Decode: Decoded ld instruction: 0xe93c0010
 377250: system.cpu: A0 T0 : 0x10000b40 @generic_start_main+416    : ld         r9, 16(r28)     : MemRead :  D=0x00000000100ac8f8 A=0x10000230  flags=(IsInteger|IsLoad)
 377500: global: Decode: Decoded ori instruction: 0x60000000
 377500: system.cpu: A0 T0 : 0x10000b44 @generic_start_main+420    : nop                        : IntAlu :  D=0x0000000010000a78  flags=(IsInteger)
 377750: global: Decode: Decoded addi instruction: 0x3942ae70
 377750: system.cpu: A0 T0 : 0x10000b48 @generic_start_main+424    : subi       r10, r2, 20880  : IntAlu :  D=0x00000000100b2b70  flags=(IsInteger)
 378000: global: Decode: Decoded ld instruction: 0xeb7c0000
 378000: system.cpu: A0 T0 : 0x10000b4c @generic_start_main+428    : ld         r27, 0(r28)     : MemRead :  D=0x00000000100b00a8 A=0x10000220  flags=(IsInteger|IsLoad)
 378250: global: Decode: Decoded addi instruction: 0x3b9c0018
 378250: system.cpu: A0 T0 : 0x10000b50 @generic_start_main+432    : addi       r28, r28, 24    : IntAlu :  D=0x0000000010000238  flags=(IsInteger)
 378500: global: Decode: Decoded ld instruction: 0xe86a0000
 378500: system.cpu: A0 T0 : 0x10000b54 @generic_start_main+436    : ld         r3, 0(r10)      : MemRead :  D=0x00000000c0000000 A=0x100b2b70  flags=(IsInteger|IsLoad)
 378750: global: Decode: Decoded ld instruction: 0xe9490000
 378750: system.cpu: A0 T0 : 0x10000b58 @generic_start_main+440    : ld         r10, 0(r9)      : MemRead :  D=0x000000001001c264 A=0x100ac8f8  flags=(IsInteger|IsLoad)
 379000: global: Decode: Decoded ld instruction: 0xe9690010
 379000: system.cpu: A0 T0 : 0x10000b5c @generic_start_main+444    : ld         r11, 16(r9)     : MemRead :  D=0x0000000000000000 A=0x100ac908  flags=(IsInteger|IsLoad)
 379250: global: Decode: Decoded mtctr instruction: 0x7d4903a6
 379250: system.cpu: A0 T0 : 0x10000b60 @generic_start_main+448    : mtctr      r10             : IntAlu :  D=0x000000001001c264  flags=(IsInteger)
 379500: global: Decode: Decoded ld instruction: 0xe8490008
 379500: system.cpu: A0 T0 : 0x10000b64 @generic_start_main+452    : ld         r2, 8(r9)       : MemRead :  D=0x00000000100b7d00 A=0x100ac900  flags=(IsInteger|IsLoad)
 379750: global: Decode: Decoded bcctr instruction: 0x4e800421
 379750: system.cpu: A0 T0 : 0x10000b68 @generic_start_main+456    : bcctrl     0, 20           : IntAlu :  D=0x0000000010000b6c  flags=(IsInteger|IsControl|IsIndirectControl|IsCondControl|IsCall)
 380000: global: Decode: Decoded ori instruction: 0x60000000
 380000: system.cpu: A0 T0 : 0x1001c264 @__mempcpy    : nop                        : IntAlu :  D=0x0000000010000a78  flags=(IsInteger)
 380250: global: Decode: Decoded addi instruction: 0x3922ae70
 380250: system.cpu: A0 T0 : 0x1001c268 @__mempcpy+4    : subi       r9, r2, 20880   : IntAlu :  D=0x00000000100b2b70  flags=(IsInteger)
 380500: global: Decode: Decoded ld instruction: 0xe9290000
 380500: system.cpu: A0 T0 : 0x1001c26c @__mempcpy+8    : ld         r9, 0(r9)       : MemRead :  D=0x00000000c0000000 A=0x100b2b70  flags=(IsInteger|IsLoad)
 380750: global: Decode: Decoded andi_ instruction: 0x712a0100
 380750: system.cpu: A0 T0 : 0x1001c270 @__mempcpy+12    : andi.      r10, r9, 256    : IntAlu :  D=0x0000000022000022  flags=(IsInteger)
 381000: global: Decode: Decoded bc instruction: 0x4182002c
 381000: system.cpu: A0 T0 : 0x1001c274 @__mempcpy+16    : bc         2, 12, 0x1001c2a0 : IntAlu :  D=0x000000001001c264  flags=(IsInteger|IsControl|IsDirectControl|IsCondControl)
 381250: global: Decode: Decoded andi_ instruction: 0x712a1000
 381250: system.cpu: A0 T0 : 0x1001c2a0 @__mempcpy+60    : andi.      r10, r9, 4096   : IntAlu :  D=0x0000000022000022  flags=(IsInteger)
 381500: global: Decode: Decoded bc instruction: 0x4182000c
 381500: system.cpu: A0 T0 : 0x1001c2a4 @__mempcpy+64    : bc         2, 12, 0x1001c2b0 : IntAlu :  D=0x000000001001c264  flags=(IsInteger|IsControl|IsDirectControl|IsCondControl)
 381750: global: Decode: Decoded andis_ instruction: 0x752a0002
 381750: system.cpu: A0 T0 : 0x1001c2b0 @__mempcpy+76    : andis.     r10, r9, 2      : IntAlu :  D=0x0000000022000022  flags=(IsInteger)
 382000: global: Decode: Decoded bc instruction: 0x40820014
 382000: system.cpu: A0 T0 : 0x1001c2b4 @__mempcpy+80    : bc         2, 4, 0x1001c2c8 : IntAlu :  D=0x000000001001c264  flags=(IsInteger|IsControl|IsDirectControl|IsCondControl)
 382250: global: Decode: Decoded andis_ instruction: 0x752a0004
 382250: system.cpu: A0 T0 : 0x1001c2b8 @__mempcpy+84    : andis.     r10, r9, 4      : IntAlu :  D=0x0000000022000022  flags=(IsInteger)
 382500: global: Decode: Decoded bc instruction: 0x4182ffc4
 382500: system.cpu: A0 T0 : 0x1001c2bc @__mempcpy+88    : bc         2, 12, 0x1001c280 : IntAlu :  D=0x000000001001c264  flags=(IsInteger|IsControl|IsDirectControl|IsCondControl)
 382750: global: Decode: Decoded andi_ instruction: 0x71290080
 382750: system.cpu: A0 T0 : 0x1001c280 @__mempcpy+28    : andi.      r9, r9, 128     : IntAlu :  D=0x0000000022000022  flags=(IsInteger)
 383000: global: Decode: Decoded bc instruction: 0x40820010
 383000: system.cpu: A0 T0 : 0x1001c284 @__mempcpy+32    : bc         2, 4, 0x1001c294 : IntAlu :  D=0x000000001001c264  flags=(IsInteger|IsControl|IsDirectControl|IsCondControl)
 383250: global: Decode: Decoded addis instruction: 0x3c62ffff
 383250: system.cpu: A0 T0 : 0x1001c288 @__mempcpy+36    : subis      r3, r2, 1       : IntAlu :  D=0x00000000100a7d00  flags=(IsInteger)
 383500: global: Decode: Decoded addi instruction: 0x38634d48
 383500: system.cpu: A0 T0 : 0x1001c28c @__mempcpy+40    : addi       r3, r3, 19784   : IntAlu :  D=0x00000000100aca48  flags=(IsInteger)
 383750: global: Decode: Decoded bclr instruction: 0x4e800020
 383750: system.cpu: A0 T0 : 0x1001c290 @__mempcpy+44    : bclr       0, 20           : IntAlu :  D=0x000000001001c264  flags=(IsInteger|IsControl|IsIndirectControl|IsCondControl|IsReturn)
 384000: global: Decode: Decoded ld instruction: 0xe8410028
 384000: system.cpu: A0 T0 : 0x10000b6c @generic_start_main+460    : ld         r2, 40(r1)      : MemRead :  D=0x00000000100b7d00 A=0x7fffffffea48  flags=(IsInteger|IsLoad)
 384250: global: Decode: Decoded ld instruction: 0xe9030000
 384250: system.cpu: A0 T0 : 0x10000b70 @generic_start_main+464    : ld         r8, 0(r3)       : MemRead :  D=0x000000001001d6e0 A=0x100aca48  flags=(IsInteger|IsLoad)
 384500: global: Decode: Decoded ld instruction: 0xe9430008
 384500: system.cpu: A0 T0 : 0x10000b74 @generic_start_main+468    : ld         r10, 8(r3)      : MemRead :  D=0x00000000100b7d00 A=0x100aca50  flags=(IsInteger|IsLoad)
 384750: global: Decode: Decoded ld instruction: 0xe9230010
 384750: system.cpu: A0 T0 : 0x10000b78 @generic_start_main+472    : ld         r9, 16(r3)      : MemRead :  D=0x0000000000000000 A=0x100aca58  flags=(IsInteger|IsLoad)
 385000: global: Decode: Decoded std instruction: 0xf91b0000
 385000: system.cpu: A0 T0 : 0x10000b7c @generic_start_main+476    : std        r8, 0(r27)      : MemWrite :  D=0x000000001001d6e0 A=0x100b00a8  flags=(IsInteger|IsStore)
 385250: global: Decode: Decoded std instruction: 0xf95b0008
 385250: system.cpu: A0 T0 : 0x10000b80 @generic_start_main+480    : std        r10, 8(r27)     : MemWrite :  D=0x00000000100b7d00 A=0x100b00b0  flags=(IsInteger|IsStore)
 385500: global: Decode: Decoded std instruction: 0xf93b0010
 385500: system.cpu: A0 T0 : 0x10000b84 @generic_start_main+484    : std        r9, 16(r27)     : MemWrite :  D=0x0000000000000000 A=0x100b00b8  flags=(IsInteger|IsStore)
 385750: global: Decode: Decoded b instruction: 0x4bfffefc
 385750: system.cpu: A0 T0 : 0x10000b88 @generic_start_main+488    : b          0x10000a84      : IntAlu :   flags=(IsControl|IsDirectControl|IsUncondControl)
 386000: global: Decode: Decoded addis instruction: 0x3d22fff5
 386000: system.cpu: A0 T0 : 0x10000a84 @generic_start_main+228    : subis      r9, r2, 11      : IntAlu :  D=0x0000000010007d00  flags=(IsInteger)
 386250: global: Decode: Decoded addi instruction: 0x39298568
 386250: system.cpu: A0 T0 : 0x10000a88 @generic_start_main+232    : subi       r9, r9, 31384   : IntAlu :  D=0x0000000010000268  flags=(IsInteger)
 386500: global: Decode: Decoded cmpl instruction: 0x7fbc4840
 386500: system.cpu: A0 T0 : 0x10000a8c @generic_start_main+236    : cmpld      cr7, r28, r9    : IntAlu :  D=0x0000000022000028  flags=(IsInteger)
 386750: global: Decode: Decoded bc instruction: 0x409c00fc
 386750: system.cpu: A0 T0 : 0x10000a90 @generic_start_main+240    : bc         28, 4, 0x10000b8c : IntAlu :  D=0x000000001001c264  flags=(IsInteger|IsControl|IsDirectControl|IsCondControl)
 387000: global: Decode: Decoded lwz instruction: 0x813c000c
 387000: system.cpu: A0 T0 : 0x10000a94 @generic_start_main+244    : lwz        r9, 12(r28)     : MemRead :  D=0x00000000000000f7 A=0x10000244  flags=(IsInteger|IsLoad)
 387250: global: Decode: Decoded cmpli instruction: 0x2b8900f8
 387250: system.cpu: A0 T0 : 0x10000a98 @generic_start_main+248    : cmplwi     cr7, r9, 248    : IntAlu :  D=0x0000000022000028  flags=(IsInteger)
 387500: global: Decode: Decoded bc instruction: 0x409e009c
 387500: system.cpu: A0 T0 : 0x10000a9c @generic_start_main+252    : bc         30, 4, 0x10000b38 : IntAlu :  D=0x000000001001c264  flags=(IsInteger|IsControl|IsDirectControl|IsCondControl)
 387750: global: Decode: Decoded cmpli instruction: 0x2b8900f7
 387750: system.cpu: A0 T0 : 0x10000b38 @generic_start_main+408    : cmplwi     cr7, r9, 247    : IntAlu :  D=0x0000000022000022  flags=(IsInteger)
 388000: global: Decode: Decoded bc instruction: 0x409e0270
 388000: system.cpu: A0 T0 : 0x10000b3c @generic_start_main+412    : bc         30, 4, 0x10000dac : IntAlu :  D=0x000000001001c264  flags=(IsInteger|IsControl|IsDirectControl|IsCondControl)
 388250: global: Decode: Decoded ld instruction: 0xe93c0010
 388250: system.cpu: A0 T0 : 0x10000b40 @generic_start_main+416    : ld         r9, 16(r28)     : MemRead :  D=0x00000000100ac898 A=0x10000248  flags=(IsInteger|IsLoad)
 388500: global: Decode: Decoded ori instruction: 0x60000000
 388500: system.cpu: A0 T0 : 0x10000b44 @generic_start_main+420    : nop                        : IntAlu :  D=0x0000000010000a78  flags=(IsInteger)
 388750: global: Decode: Decoded addi instruction: 0x3942ae70
 388750: system.cpu: A0 T0 : 0x10000b48 @generic_start_main+424    : subi       r10, r2, 20880  : IntAlu :  D=0x00000000100b2b70  flags=(IsInteger)
 389000: global: Decode: Decoded ld instruction: 0xeb7c0000
 389000: system.cpu: A0 T0 : 0x10000b4c @generic_start_main+428    : ld         r27, 0(r28)     : MemRead :  D=0x00000000100b00c0 A=0x10000238  flags=(IsInteger|IsLoad)
 389250: global: Decode: Decoded addi instruction: 0x3b9c0018
 389250: system.cpu: A0 T0 : 0x10000b50 @generic_start_main+432    : addi       r28, r28, 24    : IntAlu :  D=0x0000000010000250  flags=(IsInteger)
 389500: global: Decode: Decoded ld instruction: 0xe86a0000
 389500: system.cpu: A0 T0 : 0x10000b54 @generic_start_main+436    : ld         r3, 0(r10)      : MemRead :  D=0x00000000c0000000 A=0x100b2b70  flags=(IsInteger|IsLoad)
 389750: global: Decode: Decoded ld instruction: 0xe9490000
 389750: system.cpu: A0 T0 : 0x10000b58 @generic_start_main+440    : ld         r10, 0(r9)      : MemRead :  D=0x000000001001bf20 A=0x100ac898  flags=(IsInteger|IsLoad)
 390000: global: Decode: Decoded ld instruction: 0xe9690010
 390000: system.cpu: A0 T0 : 0x10000b5c @generic_start_main+444    : ld         r11, 16(r9)     : MemRead :  D=0x0000000000000000 A=0x100ac8a8  flags=(IsInteger|IsLoad)
 390250: global: Decode: Decoded mtctr instruction: 0x7d4903a6
 390250: system.cpu: A0 T0 : 0x10000b60 @generic_start_main+448    : mtctr      r10             : IntAlu :  D=0x000000001001bf20  flags=(IsInteger)
 390500: global: Decode: Decoded ld instruction: 0xe8490008
 390500: system.cpu: A0 T0 : 0x10000b64 @generic_start_main+452    : ld         r2, 8(r9)       : MemRead :  D=0x00000000100b7d00 A=0x100ac8a0  flags=(IsInteger|IsLoad)
 390750: global: Decode: Decoded bcctr instruction: 0x4e800421
 390750: system.cpu: A0 T0 : 0x10000b68 @generic_start_main+456    : bcctrl     0, 20           : IntAlu :  D=0x0000000010000b6c  flags=(IsInteger|IsControl|IsIndirectControl|IsCondControl|IsCall)
 391000: global: Decode: Decoded ori instruction: 0x60000000
 391000: system.cpu: A0 T0 : 0x1001bf20 @strcspn    : nop                        : IntAlu :  D=0x0000000010000a78  flags=(IsInteger)
 391250: global: Decode: Decoded addi instruction: 0x3922ae60
 391250: system.cpu: A0 T0 : 0x1001bf24 @strcspn+4    : subi       r9, r2, 20896   : IntAlu :  D=0x00000000100b2b60  flags=(IsInteger)
 391500: global: Decode: Decoded ld instruction: 0xe9290000
 391500: system.cpu: A0 T0 : 0x1001bf28 @strcspn+8    : ld         r9, 0(r9)       : MemRead :  D=0x0000000000000000 A=0x100b2b60  flags=(IsInteger|IsLoad)
 391750: global: Decode: Decoded andis_ instruction: 0x75298000
 391750: system.cpu: A0 T0 : 0x1001bf2c @strcspn+12    : andis.     r9, r9, 32768   : IntAlu :  D=0x0000000022000022  flags=(IsInteger)
 392000: global: Decode: Decoded bc instruction: 0x40820010
 392000: system.cpu: A0 T0 : 0x1001bf30 @strcspn+16    : bc         2, 4, 0x1001bf40 : IntAlu :  D=0x000000001001bf20  flags=(IsInteger|IsControl|IsDirectControl|IsCondControl)
 392250: global: Decode: Decoded addis instruction: 0x3c62ffff
 392250: system.cpu: A0 T0 : 0x1001bf34 @strcspn+20    : subis      r3, r2, 1       : IntAlu :  D=0x00000000100a7d00  flags=(IsInteger)
 392500: global: Decode: Decoded addi instruction: 0x38634ee0
 392500: system.cpu: A0 T0 : 0x1001bf38 @strcspn+24    : addi       r3, r3, 20192   : IntAlu :  D=0x00000000100acbe0  flags=(IsInteger)
 392750: global: Decode: Decoded bclr instruction: 0x4e800020
 392750: system.cpu: A0 T0 : 0x1001bf3c @strcspn+28    : bclr       0, 20           : IntAlu :  D=0x000000001001bf20  flags=(IsInteger|IsControl|IsIndirectControl|IsCondControl|IsReturn)
 393000: global: Decode: Decoded ld instruction: 0xe8410028
 393000: system.cpu: A0 T0 : 0x10000b6c @generic_start_main+460    : ld         r2, 40(r1)      : MemRead :  D=0x00000000100b7d00 A=0x7fffffffea48  flags=(IsInteger|IsLoad)
 393250: global: Decode: Decoded ld instruction: 0xe9030000
 393250: system.cpu: A0 T0 : 0x10000b70 @generic_start_main+464    : ld         r8, 0(r3)       : MemRead :  D=0x000000001001f440 A=0x100acbe0  flags=(IsInteger|IsLoad)
 393500: global: Decode: Decoded ld instruction: 0xe9430008
 393500: system.cpu: A0 T0 : 0x10000b74 @generic_start_main+468    : ld         r10, 8(r3)      : MemRead :  D=0x00000000100b7d00 A=0x100acbe8  flags=(IsInteger|IsLoad)
 393750: global: Decode: Decoded ld instruction: 0xe9230010
 393750: system.cpu: A0 T0 : 0x10000b78 @generic_start_main+472    : ld         r9, 16(r3)      : MemRead :  D=0x0000000000000000 A=0x100acbf0  flags=(IsInteger|IsLoad)
 394000: global: Decode: Decoded std instruction: 0xf91b0000
 394000: system.cpu: A0 T0 : 0x10000b7c @generic_start_main+476    : std        r8, 0(r27)      : MemWrite :  D=0x000000001001f440 A=0x100b00c0  flags=(IsInteger|IsStore)
 394250: global: Decode: Decoded std instruction: 0xf95b0008
 394250: system.cpu: A0 T0 : 0x10000b80 @generic_start_main+480    : std        r10, 8(r27)     : MemWrite :  D=0x00000000100b7d00 A=0x100b00c8  flags=(IsInteger|IsStore)
 394500: global: Decode: Decoded std instruction: 0xf93b0010
 394500: system.cpu: A0 T0 : 0x10000b84 @generic_start_main+484    : std        r9, 16(r27)     : MemWrite :  D=0x0000000000000000 A=0x100b00d0  flags=(IsInteger|IsStore)
 394750: global: Decode: Decoded b instruction: 0x4bfffefc
 394750: system.cpu: A0 T0 : 0x10000b88 @generic_start_main+488    : b          0x10000a84      : IntAlu :   flags=(IsControl|IsDirectControl|IsUncondControl)
 395000: global: Decode: Decoded addis instruction: 0x3d22fff5
 395000: system.cpu: A0 T0 : 0x10000a84 @generic_start_main+228    : subis      r9, r2, 11      : IntAlu :  D=0x0000000010007d00  flags=(IsInteger)
 395250: global: Decode: Decoded addi instruction: 0x39298568
 395250: system.cpu: A0 T0 : 0x10000a88 @generic_start_main+232    : subi       r9, r9, 31384   : IntAlu :  D=0x0000000010000268  flags=(IsInteger)
 395500: global: Decode: Decoded cmpl instruction: 0x7fbc4840
 395500: system.cpu: A0 T0 : 0x10000a8c @generic_start_main+236    : cmpld      cr7, r28, r9    : IntAlu :  D=0x0000000022000028  flags=(IsInteger)
 395750: global: Decode: Decoded bc instruction: 0x409c00fc
 395750: system.cpu: A0 T0 : 0x10000a90 @generic_start_main+240    : bc         28, 4, 0x10000b8c : IntAlu :  D=0x000000001001bf20  flags=(IsInteger|IsControl|IsDirectControl|IsCondControl)
 396000: global: Decode: Decoded lwz instruction: 0x813c000c
 396000: system.cpu: A0 T0 : 0x10000a94 @generic_start_main+244    : lwz        r9, 12(r28)     : MemRead :  D=0x00000000000000f7 A=0x1000025c  flags=(IsInteger|IsLoad)
 396250: global: Decode: Decoded cmpli instruction: 0x2b8900f8
 396250: system.cpu: A0 T0 : 0x10000a98 @generic_start_main+248    : cmplwi     cr7, r9, 248    : IntAlu :  D=0x0000000022000028  flags=(IsInteger)
 396500: global: Decode: Decoded bc instruction: 0x409e009c
 396500: system.cpu: A0 T0 : 0x10000a9c @generic_start_main+252    : bc         30, 4, 0x10000b38 : IntAlu :  D=0x000000001001bf20  flags=(IsInteger|IsControl|IsDirectControl|IsCondControl)
 396750: global: Decode: Decoded cmpli instruction: 0x2b8900f7
 396750: system.cpu: A0 T0 : 0x10000b38 @generic_start_main+408    : cmplwi     cr7, r9, 247    : IntAlu :  D=0x0000000022000022  flags=(IsInteger)
 397000: global: Decode: Decoded bc instruction: 0x409e0270
 397000: system.cpu: A0 T0 : 0x10000b3c @generic_start_main+412    : bc         30, 4, 0x10000dac : IntAlu :  D=0x000000001001bf20  flags=(IsInteger|IsControl|IsDirectControl|IsCondControl)
 397250: global: Decode: Decoded ld instruction: 0xe93c0010
 397250: system.cpu: A0 T0 : 0x10000b40 @generic_start_main+416    : ld         r9, 16(r28)     : MemRead :  D=0x00000000100af0e8 A=0x10000260  flags=(IsInteger|IsLoad)
 397500: global: Decode: Decoded ori instruction: 0x60000000
 397500: system.cpu: A0 T0 : 0x10000b44 @generic_start_main+420    : nop                        : IntAlu :  D=0x0000000010000a78  flags=(IsInteger)
 397750: global: Decode: Decoded addi instruction: 0x3942ae70
 397750: system.cpu: A0 T0 : 0x10000b48 @generic_start_main+424    : subi       r10, r2, 20880  : IntAlu :  D=0x00000000100b2b70  flags=(IsInteger)
 398000: global: Decode: Decoded ld instruction: 0xeb7c0000
 398000: system.cpu: A0 T0 : 0x10000b4c @generic_start_main+428    : ld         r27, 0(r28)     : MemRead :  D=0x00000000100b00d8 A=0x10000250  flags=(IsInteger|IsLoad)
 398250: global: Decode: Decoded addi instruction: 0x3b9c0018
 398250: system.cpu: A0 T0 : 0x10000b50 @generic_start_main+432    : addi       r28, r28, 24    : IntAlu :  D=0x0000000010000268  flags=(IsInteger)
 398500: global: Decode: Decoded ld instruction: 0xe86a0000
 398500: system.cpu: A0 T0 : 0x10000b54 @generic_start_main+436    : ld         r3, 0(r10)      : MemRead :  D=0x00000000c0000000 A=0x100b2b70  flags=(IsInteger|IsLoad)
 398750: global: Decode: Decoded ld instruction: 0xe9490000
 398750: system.cpu: A0 T0 : 0x10000b58 @generic_start_main+440    : ld         r10, 0(r9)      : MemRead :  D=0x000000001005f058 A=0x100af0e8  flags=(IsInteger|IsLoad)
 399000: global: Decode: Decoded ld instruction: 0xe9690010
 399000: system.cpu: A0 T0 : 0x10000b5c @generic_start_main+444    : ld         r11, 16(r9)     : MemRead :  D=0x0000000000000000 A=0x100af0f8  flags=(IsInteger|IsLoad)
 399250: global: Decode: Decoded mtctr instruction: 0x7d4903a6
 399250: system.cpu: A0 T0 : 0x10000b60 @generic_start_main+448    : mtctr      r10             : IntAlu :  D=0x000000001005f058  flags=(IsInteger)
 399500: global: Decode: Decoded ld instruction: 0xe8490008
 399500: system.cpu: A0 T0 : 0x10000b64 @generic_start_main+452    : ld         r2, 8(r9)       : MemRead :  D=0x00000000100b7d00 A=0x100af0f0  flags=(IsInteger|IsLoad)
 399750: global: Decode: Decoded bcctr instruction: 0x4e800421
 399750: system.cpu: A0 T0 : 0x10000b68 @generic_start_main+456    : bcctrl     0, 20           : IntAlu :  D=0x0000000010000b6c  flags=(IsInteger|IsControl|IsIndirectControl|IsCondControl|IsCall)
 400000: global: Decode: Decoded ori instruction: 0x60000000
 400000: system.cpu: A0 T0 : 0x1005f058 @strspn    : nop                        : IntAlu :  D=0x0000000010000a78  flags=(IsInteger)
 400250: global: Decode: Decoded addi instruction: 0x3922ae60
 400250: system.cpu: A0 T0 : 0x1005f05c @strspn+4    : subi       r9, r2, 20896   : IntAlu :  D=0x00000000100b2b60  flags=(IsInteger)
 400500: global: Decode: Decoded ld instruction: 0xe9290000
 400500: system.cpu: A0 T0 : 0x1005f060 @strspn+8    : ld         r9, 0(r9)       : MemRead :  D=0x0000000000000000 A=0x100b2b60  flags=(IsInteger|IsLoad)
 400750: global: Decode: Decoded andis_ instruction: 0x75298000
 400750: system.cpu: A0 T0 : 0x1005f064 @strspn+12    : andis.     r9, r9, 32768   : IntAlu :  D=0x0000000022000022  flags=(IsInteger)
 401000: global: Decode: Decoded bc instruction: 0x40820010
 401000: system.cpu: A0 T0 : 0x1005f068 @strspn+16    : bc         2, 4, 0x1005f078 : IntAlu :  D=0x000000001005f058  flags=(IsInteger|IsControl|IsDirectControl|IsCondControl)
 401250: global: Decode: Decoded addis instruction: 0x3c62ffff
 401250: system.cpu: A0 T0 : 0x1005f06c @strspn+20    : subis      r3, r2, 1       : IntAlu :  D=0x00000000100a7d00  flags=(IsInteger)
 401500: global: Decode: Decoded addi instruction: 0x38637430
 401500: system.cpu: A0 T0 : 0x1005f070 @strspn+24    : addi       r3, r3, 29744   : IntAlu :  D=0x00000000100af130  flags=(IsInteger)
 401750: global: Decode: Decoded bclr instruction: 0x4e800020
 401750: system.cpu: A0 T0 : 0x1005f074 @strspn+28    : bclr       0, 20           : IntAlu :  D=0x000000001005f058  flags=(IsInteger|IsControl|IsIndirectControl|IsCondControl|IsReturn)
 402000: global: Decode: Decoded ld instruction: 0xe8410028
 402000: system.cpu: A0 T0 : 0x10000b6c @generic_start_main+460    : ld         r2, 40(r1)      : MemRead :  D=0x00000000100b7d00 A=0x7fffffffea48  flags=(IsInteger|IsLoad)
 402250: global: Decode: Decoded ld instruction: 0xe9030000
 402250: system.cpu: A0 T0 : 0x10000b70 @generic_start_main+464    : ld         r8, 0(r3)       : MemRead :  D=0x000000001005f270 A=0x100af130  flags=(IsInteger|IsLoad)
 402500: global: Decode: Decoded ld instruction: 0xe9430008
 402500: system.cpu: A0 T0 : 0x10000b74 @generic_start_main+468    : ld         r10, 8(r3)      : MemRead :  D=0x00000000100b7d00 A=0x100af138  flags=(IsInteger|IsLoad)
 402750: global: Decode: Decoded ld instruction: 0xe9230010
 402750: system.cpu: A0 T0 : 0x10000b78 @generic_start_main+472    : ld         r9, 16(r3)      : MemRead :  D=0x0000000000000000 A=0x100af140  flags=(IsInteger|IsLoad)
 403000: global: Decode: Decoded std instruction: 0xf91b0000
 403000: system.cpu: A0 T0 : 0x10000b7c @generic_start_main+476    : std        r8, 0(r27)      : MemWrite :  D=0x000000001005f270 A=0x100b00d8  flags=(IsInteger|IsStore)
 403250: global: Decode: Decoded std instruction: 0xf95b0008
 403250: system.cpu: A0 T0 : 0x10000b80 @generic_start_main+480    : std        r10, 8(r27)     : MemWrite :  D=0x00000000100b7d00 A=0x100b00e0  flags=(IsInteger|IsStore)
 403500: global: Decode: Decoded std instruction: 0xf93b0010
 403500: system.cpu: A0 T0 : 0x10000b84 @generic_start_main+484    : std        r9, 16(r27)     : MemWrite :  D=0x0000000000000000 A=0x100b00e8  flags=(IsInteger|IsStore)
 403750: global: Decode: Decoded b instruction: 0x4bfffefc
 403750: system.cpu: A0 T0 : 0x10000b88 @generic_start_main+488    : b          0x10000a84      : IntAlu :   flags=(IsControl|IsDirectControl|IsUncondControl)
 404000: global: Decode: Decoded addis instruction: 0x3d22fff5
 404000: system.cpu: A0 T0 : 0x10000a84 @generic_start_main+228    : subis      r9, r2, 11      : IntAlu :  D=0x0000000010007d00  flags=(IsInteger)
 404250: global: Decode: Decoded addi instruction: 0x39298568
 404250: system.cpu: A0 T0 : 0x10000a88 @generic_start_main+232    : subi       r9, r9, 31384   : IntAlu :  D=0x0000000010000268  flags=(IsInteger)
 404500: global: Decode: Decoded cmpl instruction: 0x7fbc4840
 404500: system.cpu: A0 T0 : 0x10000a8c @generic_start_main+236    : cmpld      cr7, r28, r9    : IntAlu :  D=0x0000000022000022  flags=(IsInteger)
 404750: global: Decode: Decoded bc instruction: 0x409c00fc
 404750: system.cpu: A0 T0 : 0x10000a90 @generic_start_main+240    : bc         28, 4, 0x10000b8c : IntAlu :  D=0x000000001005f058  flags=(IsInteger|IsControl|IsDirectControl|IsCondControl)
 405000: global: Decode: Decoded addis instruction: 0x3d42ffff
 405000: system.cpu: A0 T0 : 0x10000b8c @generic_start_main+492    : subis      r10, r2, 1      : IntAlu :  D=0x00000000100a7d00  flags=(IsInteger)
 405250: global: Decode: Decoded addi instruction: 0x394a2100
 405250: system.cpu: A0 T0 : 0x10000b90 @generic_start_main+496    : addi       r10, r10, 8448  : IntAlu :  D=0x00000000100a9e00  flags=(IsInteger)
 405500: global: Decode: Decoded ori instruction: 0x60000000
 405500: system.cpu: A0 T0 : 0x10000b94 @generic_start_main+500    : nop                        : IntAlu :  D=0x0000000010000a78  flags=(IsInteger)
 405750: global: Decode: Decoded addi instruction: 0x392299b8
 405750: system.cpu: A0 T0 : 0x10000b98 @generic_start_main+504    : subi       r9, r2, 26184   : IntAlu :  D=0x00000000100b16b8  flags=(IsInteger)
 406000: global: Decode: Decoded ld instruction: 0xe94a0000
 406000: system.cpu: A0 T0 : 0x10000b9c @generic_start_main+508    : ld         r10, 0(r10)     : MemRead :  D=0x00007fffffffefb7 A=0x100a9e00  flags=(IsInteger|IsLoad)
 406250: global: Decode: Decoded lwz instruction: 0x81290000
 406250: system.cpu: A0 T0 : 0x10000ba0 @generic_start_main+512    : lwz        r9, 0(r9)       : MemRead :  D=0x0000000000000000 A=0x100b16b8  flags=(IsInteger|IsLoad)
 406500: global: Decode: Decoded ld instruction: 0xe94a0000
 406500: system.cpu: A0 T0 : 0x10000ba4 @generic_start_main+516    : ld         r10, 0(r10)     : MemRead :  D=0x74657374732f7465 A=0x7fffffffefb7  flags=(IsInteger|IsLoad)
 406750: global: Decode: Decoded cmpi instruction: 0x2f890000
 406750: system.cpu: A0 T0 : 0x10000ba8 @generic_start_main+520    : cmpwi      cr7, r9, 0      : IntAlu :  D=0x0000000022000022  flags=(IsInteger)
 407000: global: Decode: Decoded rldicl instruction: 0x794a0200
 407000: system.cpu: A0 T0 : 0x10000bac @generic_start_main+524    : clrldi     r10, r10, 8     : IntAlu :  D=0x00657374732f7465  flags=(IsInteger)
 407250: global: Decode: Decoded std instruction: 0xf94d8ff0
 407250: system.cpu: A0 T0 : 0x10000bb0 @generic_start_main+528    : std        r10, -28688(r13) : MemWrite :  D=0x00657374732f7465 A=0x100b4760  flags=(IsInteger|IsStore)
 407500: global: Decode: Decoded bc instruction: 0x419e01a4
 407500: system.cpu: A0 T0 : 0x10000bb4 @generic_start_main+532    : bc         30, 12, 0x10000d58 : IntAlu :  D=0x000000001005f058  flags=(IsInteger|IsControl|IsDirectControl|IsCondControl)
 407750: global: Decode: Decoded b instruction: 0x48024f49
 407750: system.cpu: A0 T0 : 0x10000d58 @generic_start_main+952    : bl         _dl_discover_osversion : IntAlu :  D=0x0000000010000d5c  flags=(IsInteger|IsControl|IsDirectControl|IsUncondControl)
 408000: global: Decode: Decoded mflr instruction: 0x7c0802a6
 408000: system.cpu: A0 T0 : 0x10025ca0 @_dl_discover_osversion    : mflr       r0              : IntAlu :  D=0x0000000010000d5c  flags=(IsInteger)
 408250: global: Decode: Decoded std instruction: 0xf8010010
 408250: system.cpu: A0 T0 : 0x10025ca4 @_dl_discover_osversion+4    : std        r0, 16(r1)      : MemWrite :  D=0x0000000010000d5c A=0x7fffffffea30  flags=(IsInteger|IsStore)
 408500: global: Decode: Decoded stdu instruction: 0xf821fdb1
 408500: system.cpu: A0 T0 : 0x10025ca8 @_dl_discover_osversion+8    : stdu       r1, -592(r1)    : MemWrite :  D=0x00007fffffffe7d0 A=0x7fffffffe7d0  flags=(IsInteger|IsStore)
 408750: global: Decode: Decoded addi instruction: 0x38610070
 408750: system.cpu: A0 T0 : 0x10025cac @_dl_discover_osversion+12    : addi       r3, r1, 112     : IntAlu :  D=0x00007fffffffe840  flags=(IsInteger)
 409000: global: Decode: Decoded b instruction: 0x48024af9
 409000: system.cpu: A0 T0 : 0x10025cb0 @_dl_discover_osversion+16    : bl         uname           : IntAlu :  D=0x0000000010025cb4  flags=(IsInteger|IsControl|IsDirectControl|IsUncondControl)
 409250: global: Decode: Decoded addi instruction: 0x3800007a
 409250: system.cpu: A0 T0 : 0x1004a7a8 @__uname    : li         r0, 122         : IntAlu :  D=0x000000000000007a  flags=(IsInteger)
 409500: global: Decode: Decoded sc instruction: 0x44000002
 409500: system.cpu: A0 T0 : 0x1004a7ac @__uname+4    : sc                         : IntAlu :   flags=()
 409750: global: Decode: Decoded bclr instruction: 0x4ca30020
 409750: system.cpu: A0 T0 : 0x1004a7b0 @__uname+8    : bclr       3, 5            : IntAlu :  D=0x000000001005f058  flags=(IsInteger|IsControl|IsIndirectControl|IsCondControl|IsReturn)
 410000: global: Decode: Decoded ori instruction: 0x60000000
 410000: system.cpu: A0 T0 : 0x10025cb4 @_dl_discover_osversion+20    : nop                        : IntAlu :  D=0x000000000000007a  flags=(IsInteger)
 410250: global: Decode: Decoded addi instruction: 0x38e100f2
 410250: system.cpu: A0 T0 : 0x10025cb8 @_dl_discover_osversion+24    : addi       r7, r1, 242     : IntAlu :  D=0x00007fffffffe8c2  flags=(IsInteger)
 410500: global: Decode: Decoded cmpi instruction: 0x2fa30000
 410500: system.cpu: A0 T0 : 0x10025cbc @_dl_discover_osversion+28    : cmpdi      cr7, r3, 0      : IntAlu :  D=0x0000000022000022  flags=(IsInteger)
 410750: global: Decode: Decoded bc instruction: 0x409e00c0
 410750: system.cpu: A0 T0 : 0x10025cc0 @_dl_discover_osversion+32    : bc         30, 4, 0x10025d80 : IntAlu :  D=0x000000001005f058  flags=(IsInteger|IsControl|IsDirectControl|IsCondControl)
 411000: global: Decode: Decoded addi instruction: 0x38a00000
 411000: system.cpu: A0 T0 : 0x10025cc4 @_dl_discover_osversion+36    : li         r5, 0           : IntAlu :  D=0x0000000000000000  flags=(IsInteger)
 411250: global: Decode: Decoded addi instruction: 0x38600000
 411250: system.cpu: A0 T0 : 0x10025cc8 @_dl_discover_osversion+40    : li         r3, 0           : IntAlu :  D=0x0000000000000000  flags=(IsInteger)
 411500: global: Decode: Decoded lbz instruction: 0x89270000
 411500: system.cpu: A0 T0 : 0x10025ccc @_dl_discover_osversion+44    : lbz        r9, 0(r7)       : MemRead :  D=0x0000000000000035 A=0x7fffffffe8c2  flags=(IsInteger|IsLoad)
 411750: global: Decode: Decoded addi instruction: 0x3929ffd0
 411750: system.cpu: A0 T0 : 0x10025cd0 @_dl_discover_osversion+48    : subi       r9, r9, 48      : IntAlu :  D=0x0000000000000005  flags=(IsInteger)
 412000: global: Decode: Decoded rlwinm instruction: 0x552a063e
 412000: system.cpu: A0 T0 : 0x10025cd4 @_dl_discover_osversion+52    : clrlwi     r10, r9, 24     : IntAlu :  D=0x0000000000000005  flags=(IsInteger)
 412250: global: Decode: Decoded cmpli instruction: 0x2b8a0009
 412250: system.cpu: A0 T0 : 0x10025cd8 @_dl_discover_osversion+56    : cmplwi     cr7, r10, 9     : IntAlu :  D=0x0000000022000028  flags=(IsInteger)
 412500: global: Decode: Decoded bc instruction: 0x419d0088
 412500: system.cpu: A0 T0 : 0x10025cdc @_dl_discover_osversion+60    : bc         29, 12, 0x10025d64 : IntAlu :  D=0x000000001005f058  flags=(IsInteger|IsControl|IsDirectControl|IsCondControl)
 412750: global: Decode: Decoded lbz instruction: 0x88c70001
 412750: system.cpu: A0 T0 : 0x10025ce0 @_dl_discover_osversion+64    : lbz        r6, 1(r7)       : MemRead :  D=0x000000000000002e A=0x7fffffffe8c3  flags=(IsInteger|IsLoad)
 413000: global: Decode: Decoded rldicl instruction: 0x79290020
 413000: system.cpu: A0 T0 : 0x10025ce4 @_dl_discover_osversion+68    : clrldi     r9, r9, 32      : IntAlu :  D=0x0000000000000005  flags=(IsInteger)
 413250: global: Decode: Decoded addi instruction: 0x38e70001
 413250: system.cpu: A0 T0 : 0x10025ce8 @_dl_discover_osversion+72    : addi       r7, r7, 1       : IntAlu :  D=0x00007fffffffe8c3  flags=(IsInteger)
 413500: global: Decode: Decoded addi instruction: 0x3906ffd0
 413500: system.cpu: A0 T0 : 0x10025cec @_dl_discover_osversion+76    : subi       r8, r6, 48      : IntAlu :  D=0xfffffffffffffffe  flags=(IsInteger)
 413750: global: Decode: Decoded rlwinm instruction: 0x550a063e
 413750: system.cpu: A0 T0 : 0x10025cf0 @_dl_discover_osversion+80    : clrlwi     r10, r8, 24     : IntAlu :  D=0x00000000000000fe  flags=(IsInteger)
 414000: global: Decode: Decoded cmpli instruction: 0x2b8a0009
 414000: system.cpu: A0 T0 : 0x10025cf4 @_dl_discover_osversion+84    : cmplwi     cr7, r10, 9     : IntAlu :  D=0x0000000022000024  flags=(IsInteger)
 414250: global: Decode: Decoded bc instruction: 0x419d0028
 414250: system.cpu: A0 T0 : 0x10025cf8 @_dl_discover_osversion+88    : bc         29, 12, 0x10025d20 : IntAlu :  D=0x000000001005f058  flags=(IsInteger|IsControl|IsDirectControl|IsCondControl)
 414500: global: Decode: Decoded cmpli instruction: 0x2b86002e
 414500: system.cpu: A0 T0 : 0x10025d20 @_dl_discover_osversion+128    : cmplwi     cr7, r6, 46     : IntAlu :  D=0x0000000022000022  flags=(IsInteger)
 414750: global: Decode: Decoded rlwinm instruction: 0x5463402e
 414750: system.cpu: A0 T0 : 0x10025d24 @_dl_discover_osversion+132    : rlwinm     r3, r3, 8, 0, 23 : IntAlu :  D=0x0000000000000000  flags=(IsInteger)
 415000: global: Decode: Decoded or instruction: 0x7c634b78
 415000: system.cpu: A0 T0 : 0x10025d28 @_dl_discover_osversion+136    : or         r3, r3, r9      : IntAlu :  D=0x0000000000000005  flags=(IsInteger)
 415250: global: Decode: Decoded addi instruction: 0x39250001
 415250: system.cpu: A0 T0 : 0x10025d2c @_dl_discover_osversion+140    : addi       r9, r5, 1       : IntAlu :  D=0x0000000000000001  flags=(IsInteger)
 415500: global: Decode: Decoded rldicl instruction: 0x78630020
 415500: system.cpu: A0 T0 : 0x10025d30 @_dl_discover_osversion+144    : clrldi     r3, r3, 32      : IntAlu :  D=0x0000000000000005  flags=(IsInteger)
 415750: global: Decode: Decoded addi instruction: 0x38e70001
 415750: system.cpu: A0 T0 : 0x10025d34 @_dl_discover_osversion+148    : addi       r7, r7, 1       : IntAlu :  D=0x00007fffffffe8c4  flags=(IsInteger)
 416000: global: Decode: Decoded extsw instruction: 0x7d2507b4
 416000: system.cpu: A0 T0 : 0x10025d38 @_dl_discover_osversion+152    : extsw      r5, r9          : IntAlu :  D=0x0000000000000001  flags=(IsInteger)
 416250: global: Decode: Decoded bc instruction: 0x409e0020
 416250: system.cpu: A0 T0 : 0x10025d3c @_dl_discover_osversion+156    : bc         30, 4, 0x10025d5c : IntAlu :  D=0x000000001005f058  flags=(IsInteger|IsControl|IsDirectControl|IsCondControl)
 416500: global: Decode: Decoded cmpi instruction: 0x2f890003
 416500: system.cpu: A0 T0 : 0x10025d40 @_dl_discover_osversion+160    : cmpwi      cr7, r9, 3      : IntAlu :  D=0x0000000022000028  flags=(IsInteger)
 416750: global: Decode: Decoded bc instruction: 0x409eff88
 416750: system.cpu: A0 T0 : 0x10025d44 @_dl_discover_osversion+164    : bc         30, 4, 0x10025ccc : IntAlu :  D=0x000000001005f058  flags=(IsInteger|IsControl|IsDirectControl|IsCondControl)
 417000: global: Decode: Decoded lbz instruction: 0x89270000
 417000: system.cpu: A0 T0 : 0x10025ccc @_dl_discover_osversion+44    : lbz        r9, 0(r7)       : MemRead :  D=0x0000000000000031 A=0x7fffffffe8c4  flags=(IsInteger|IsLoad)
 417250: global: Decode: Decoded addi instruction: 0x3929ffd0
 417250: system.cpu: A0 T0 : 0x10025cd0 @_dl_discover_osversion+48    : subi       r9, r9, 48      : IntAlu :  D=0x0000000000000001  flags=(IsInteger)
 417500: global: Decode: Decoded rlwinm instruction: 0x552a063e
 417500: system.cpu: A0 T0 : 0x10025cd4 @_dl_discover_osversion+52    : clrlwi     r10, r9, 24     : IntAlu :  D=0x0000000000000001  flags=(IsInteger)
 417750: global: Decode: Decoded cmpli instruction: 0x2b8a0009
 417750: system.cpu: A0 T0 : 0x10025cd8 @_dl_discover_osversion+56    : cmplwi     cr7, r10, 9     : IntAlu :  D=0x0000000022000028  flags=(IsInteger)
 418000: global: Decode: Decoded bc instruction: 0x419d0088
 418000: system.cpu: A0 T0 : 0x10025cdc @_dl_discover_osversion+60    : bc         29, 12, 0x10025d64 : IntAlu :  D=0x000000001005f058  flags=(IsInteger|IsControl|IsDirectControl|IsCondControl)
 418250: global: Decode: Decoded lbz instruction: 0x88c70001
 418250: system.cpu: A0 T0 : 0x10025ce0 @_dl_discover_osversion+64    : lbz        r6, 1(r7)       : MemRead :  D=0x000000000000002e A=0x7fffffffe8c5  flags=(IsInteger|IsLoad)
 418500: global: Decode: Decoded rldicl instruction: 0x79290020
 418500: system.cpu: A0 T0 : 0x10025ce4 @_dl_discover_osversion+68    : clrldi     r9, r9, 32      : IntAlu :  D=0x0000000000000001  flags=(IsInteger)
 418750: global: Decode: Decoded addi instruction: 0x38e70001
 418750: system.cpu: A0 T0 : 0x10025ce8 @_dl_discover_osversion+72    : addi       r7, r7, 1       : IntAlu :  D=0x00007fffffffe8c5  flags=(IsInteger)
 419000: global: Decode: Decoded addi instruction: 0x3906ffd0
 419000: system.cpu: A0 T0 : 0x10025cec @_dl_discover_osversion+76    : subi       r8, r6, 48      : IntAlu :  D=0xfffffffffffffffe  flags=(IsInteger)
 419250: global: Decode: Decoded rlwinm instruction: 0x550a063e
 419250: system.cpu: A0 T0 : 0x10025cf0 @_dl_discover_osversion+80    : clrlwi     r10, r8, 24     : IntAlu :  D=0x00000000000000fe  flags=(IsInteger)
 419500: global: Decode: Decoded cmpli instruction: 0x2b8a0009
 419500: system.cpu: A0 T0 : 0x10025cf4 @_dl_discover_osversion+84    : cmplwi     cr7, r10, 9     : IntAlu :  D=0x0000000022000024  flags=(IsInteger)
 419750: global: Decode: Decoded bc instruction: 0x419d0028
 419750: system.cpu: A0 T0 : 0x10025cf8 @_dl_discover_osversion+88    : bc         29, 12, 0x10025d20 : IntAlu :  D=0x000000001005f058  flags=(IsInteger|IsControl|IsDirectControl|IsCondControl)
 420000: global: Decode: Decoded cmpli instruction: 0x2b86002e
 420000: system.cpu: A0 T0 : 0x10025d20 @_dl_discover_osversion+128    : cmplwi     cr7, r6, 46     : IntAlu :  D=0x0000000022000022  flags=(IsInteger)
 420250: global: Decode: Decoded rlwinm instruction: 0x5463402e
 420250: system.cpu: A0 T0 : 0x10025d24 @_dl_discover_osversion+132    : rlwinm     r3, r3, 8, 0, 23 : IntAlu :  D=0x0000000000000500  flags=(IsInteger)
 420500: global: Decode: Decoded or instruction: 0x7c634b78
 420500: system.cpu: A0 T0 : 0x10025d28 @_dl_discover_osversion+136    : or         r3, r3, r9      : IntAlu :  D=0x0000000000000501  flags=(IsInteger)
 420750: global: Decode: Decoded addi instruction: 0x39250001
 420750: system.cpu: A0 T0 : 0x10025d2c @_dl_discover_osversion+140    : addi       r9, r5, 1       : IntAlu :  D=0x0000000000000002  flags=(IsInteger)
 421000: global: Decode: Decoded rldicl instruction: 0x78630020
 421000: system.cpu: A0 T0 : 0x10025d30 @_dl_discover_osversion+144    : clrldi     r3, r3, 32      : IntAlu :  D=0x0000000000000501  flags=(IsInteger)
 421250: global: Decode: Decoded addi instruction: 0x38e70001
 421250: system.cpu: A0 T0 : 0x10025d34 @_dl_discover_osversion+148    : addi       r7, r7, 1       : IntAlu :  D=0x00007fffffffe8c6  flags=(IsInteger)
 421500: global: Decode: Decoded extsw instruction: 0x7d2507b4
 421500: system.cpu: A0 T0 : 0x10025d38 @_dl_discover_osversion+152    : extsw      r5, r9          : IntAlu :  D=0x0000000000000002  flags=(IsInteger)
 421750: global: Decode: Decoded bc instruction: 0x409e0020
 421750: system.cpu: A0 T0 : 0x10025d3c @_dl_discover_osversion+156    : bc         30, 4, 0x10025d5c : IntAlu :  D=0x000000001005f058  flags=(IsInteger|IsControl|IsDirectControl|IsCondControl)
 422000: global: Decode: Decoded cmpi instruction: 0x2f890003
 422000: system.cpu: A0 T0 : 0x10025d40 @_dl_discover_osversion+160    : cmpwi      cr7, r9, 3      : IntAlu :  D=0x0000000022000028  flags=(IsInteger)
 422250: global: Decode: Decoded bc instruction: 0x409eff88
 422250: system.cpu: A0 T0 : 0x10025d44 @_dl_discover_osversion+164    : bc         30, 4, 0x10025ccc : IntAlu :  D=0x000000001005f058  flags=(IsInteger|IsControl|IsDirectControl|IsCondControl)
 422500: global: Decode: Decoded lbz instruction: 0x89270000
 422500: system.cpu: A0 T0 : 0x10025ccc @_dl_discover_osversion+44    : lbz        r9, 0(r7)       : MemRead :  D=0x0000000000000030 A=0x7fffffffe8c6  flags=(IsInteger|IsLoad)
 422750: global: Decode: Decoded addi instruction: 0x3929ffd0
 422750: system.cpu: A0 T0 : 0x10025cd0 @_dl_discover_osversion+48    : subi       r9, r9, 48      : IntAlu :  D=0x0000000000000000  flags=(IsInteger)
 423000: global: Decode: Decoded rlwinm instruction: 0x552a063e
 423000: system.cpu: A0 T0 : 0x10025cd4 @_dl_discover_osversion+52    : clrlwi     r10, r9, 24     : IntAlu :  D=0x0000000000000000  flags=(IsInteger)
 423250: global: Decode: Decoded cmpli instruction: 0x2b8a0009
 423250: system.cpu: A0 T0 : 0x10025cd8 @_dl_discover_osversion+56    : cmplwi     cr7, r10, 9     : IntAlu :  D=0x0000000022000028  flags=(IsInteger)
 423500: global: Decode: Decoded bc instruction: 0x419d0088
 423500: system.cpu: A0 T0 : 0x10025cdc @_dl_discover_osversion+60    : bc         29, 12, 0x10025d64 : IntAlu :  D=0x000000001005f058  flags=(IsInteger|IsControl|IsDirectControl|IsCondControl)
 423750: global: Decode: Decoded lbz instruction: 0x88c70001
 423750: system.cpu: A0 T0 : 0x10025ce0 @_dl_discover_osversion+64    : lbz        r6, 1(r7)       : MemRead :  D=0x0000000000000000 A=0x7fffffffe8c7  flags=(IsInteger|IsLoad)
 424000: global: Decode: Decoded rldicl instruction: 0x79290020
 424000: system.cpu: A0 T0 : 0x10025ce4 @_dl_discover_osversion+68    : clrldi     r9, r9, 32      : IntAlu :  D=0x0000000000000000  flags=(IsInteger)
 424250: global: Decode: Decoded addi instruction: 0x38e70001
 424250: system.cpu: A0 T0 : 0x10025ce8 @_dl_discover_osversion+72    : addi       r7, r7, 1       : IntAlu :  D=0x00007fffffffe8c7  flags=(IsInteger)
 424500: global: Decode: Decoded addi instruction: 0x3906ffd0
 424500: system.cpu: A0 T0 : 0x10025cec @_dl_discover_osversion+76    : subi       r8, r6, 48      : IntAlu :  D=0xffffffffffffffd0  flags=(IsInteger)
 424750: global: Decode: Decoded rlwinm instruction: 0x550a063e
 424750: system.cpu: A0 T0 : 0x10025cf0 @_dl_discover_osversion+80    : clrlwi     r10, r8, 24     : IntAlu :  D=0x00000000000000d0  flags=(IsInteger)
 425000: global: Decode: Decoded cmpli instruction: 0x2b8a0009
 425000: system.cpu: A0 T0 : 0x10025cf4 @_dl_discover_osversion+84    : cmplwi     cr7, r10, 9     : IntAlu :  D=0x0000000022000024  flags=(IsInteger)
 425250: global: Decode: Decoded bc instruction: 0x419d0028
 425250: system.cpu: A0 T0 : 0x10025cf8 @_dl_discover_osversion+88    : bc         29, 12, 0x10025d20 : IntAlu :  D=0x000000001005f058  flags=(IsInteger|IsControl|IsDirectControl|IsCondControl)
 425500: global: Decode: Decoded cmpli instruction: 0x2b86002e
 425500: system.cpu: A0 T0 : 0x10025d20 @_dl_discover_osversion+128    : cmplwi     cr7, r6, 46     : IntAlu :  D=0x0000000022000028  flags=(IsInteger)
 425750: global: Decode: Decoded rlwinm instruction: 0x5463402e
 425750: system.cpu: A0 T0 : 0x10025d24 @_dl_discover_osversion+132    : rlwinm     r3, r3, 8, 0, 23 : IntAlu :  D=0x0000000000050100  flags=(IsInteger)
 426000: global: Decode: Decoded or instruction: 0x7c634b78
 426000: system.cpu: A0 T0 : 0x10025d28 @_dl_discover_osversion+136    : or         r3, r3, r9      : IntAlu :  D=0x0000000000050100  flags=(IsInteger)
 426250: global: Decode: Decoded addi instruction: 0x39250001
 426250: system.cpu: A0 T0 : 0x10025d2c @_dl_discover_osversion+140    : addi       r9, r5, 1       : IntAlu :  D=0x0000000000000003  flags=(IsInteger)
 426500: global: Decode: Decoded rldicl instruction: 0x78630020
 426500: system.cpu: A0 T0 : 0x10025d30 @_dl_discover_osversion+144    : clrldi     r3, r3, 32      : IntAlu :  D=0x0000000000050100  flags=(IsInteger)
 426750: global: Decode: Decoded addi instruction: 0x38e70001
 426750: system.cpu: A0 T0 : 0x10025d34 @_dl_discover_osversion+148    : addi       r7, r7, 1       : IntAlu :  D=0x00007fffffffe8c8  flags=(IsInteger)
 427000: global: Decode: Decoded extsw instruction: 0x7d2507b4
 427000: system.cpu: A0 T0 : 0x10025d38 @_dl_discover_osversion+152    : extsw      r5, r9          : IntAlu :  D=0x0000000000000003  flags=(IsInteger)
 427250: global: Decode: Decoded bc instruction: 0x409e0020
 427250: system.cpu: A0 T0 : 0x10025d3c @_dl_discover_osversion+156    : bc         30, 4, 0x10025d5c : IntAlu :  D=0x000000001005f058  flags=(IsInteger|IsControl|IsDirectControl|IsCondControl)
 427500: global: Decode: Decoded cmpi instruction: 0x2f850003
 427500: system.cpu: A0 T0 : 0x10025d5c @_dl_discover_osversion+188    : cmpwi      cr7, r5, 3      : IntAlu :  D=0x0000000022000022  flags=(IsInteger)
 427750: global: Decode: Decoded bc instruction: 0x419effe8
 427750: system.cpu: A0 T0 : 0x10025d60 @_dl_discover_osversion+192    : bc         30, 12, 0x10025d48 : IntAlu :  D=0x000000001005f058  flags=(IsInteger|IsControl|IsDirectControl|IsCondControl)
 428000: global: Decode: Decoded extsw instruction: 0x7c6307b4
 428000: system.cpu: A0 T0 : 0x10025d48 @_dl_discover_osversion+168    : extsw      r3, r3          : IntAlu :  D=0x0000000000050100  flags=(IsInteger)
 428250: global: Decode: Decoded addi instruction: 0x38210250
 428250: system.cpu: A0 T0 : 0x10025d4c @_dl_discover_osversion+172    : addi       r1, r1, 592     : IntAlu :  D=0x00007fffffffea20  flags=(IsInteger)
 428500: global: Decode: Decoded ld instruction: 0xe8010010
 428500: system.cpu: A0 T0 : 0x10025d50 @_dl_discover_osversion+176    : ld         r0, 16(r1)      : MemRead :  D=0x0000000010000d5c A=0x7fffffffea30  flags=(IsInteger|IsLoad)
 428750: global: Decode: Decoded mtlr instruction: 0x7c0803a6
 428750: system.cpu: A0 T0 : 0x10025d54 @_dl_discover_osversion+180    : mtlr       r0              : IntAlu :  D=0x0000000010000d5c  flags=(IsInteger)
 429000: global: Decode: Decoded bclr instruction: 0x4e800020
 429000: system.cpu: A0 T0 : 0x10025d58 @_dl_discover_osversion+184    : bclr       0, 20           : IntAlu :  D=0x000000001005f058  flags=(IsInteger|IsControl|IsIndirectControl|IsCondControl|IsReturn)
 429250: global: Decode: Decoded ori instruction: 0x60000000
 429250: system.cpu: A0 T0 : 0x10000d5c @generic_start_main+956    : nop                        : IntAlu :  D=0x0000000010000d5c  flags=(IsInteger)
 429500: global: Decode: Decoded cmpi instruction: 0x2f830000
 429500: system.cpu: A0 T0 : 0x10000d60 @generic_start_main+960    : cmpwi      cr7, r3, 0      : IntAlu :  D=0x0000000022000024  flags=(IsInteger)
 429750: global: Decode: Decoded bc instruction: 0x419c0064
 429750: system.cpu: A0 T0 : 0x10000d64 @generic_start_main+964    : bc         28, 12, 0x10000dc8 : IntAlu :  D=0x000000001005f058  flags=(IsInteger|IsControl|IsDirectControl|IsCondControl)
 430000: global: Decode: Decoded ori instruction: 0x60000000
 430000: system.cpu: A0 T0 : 0x10000d68 @generic_start_main+968    : nop                        : IntAlu :  D=0x0000000010000d5c  flags=(IsInteger)
 430250: global: Decode: Decoded addi instruction: 0x3922b908
 430250: system.cpu: A0 T0 : 0x10000d6c @generic_start_main+972    : subi       r9, r2, 18168   : IntAlu :  D=0x00000000100b3608  flags=(IsInteger)
 430500: global: Decode: Decoded rldicl instruction: 0x786a0020
 430500: system.cpu: A0 T0 : 0x10000d70 @generic_start_main+976    : clrldi     r10, r3, 32     : IntAlu :  D=0x0000000000050100  flags=(IsInteger)
 430750: global: Decode: Decoded lwz instruction: 0x81290000
 430750: system.cpu: A0 T0 : 0x10000d74 @generic_start_main+980    : lwz        r9, 0(r9)       : MemRead :  D=0x0000000000000000 A=0x100b3608  flags=(IsInteger|IsLoad)
 431000: global: Decode: Decoded cmpi instruction: 0x2fa90000
 431000: system.cpu: A0 T0 : 0x10000d78 @generic_start_main+984    : cmpdi      cr7, r9, 0      : IntAlu :  D=0x0000000022000022  flags=(IsInteger)
 431250: global: Decode: Decoded bc instruction: 0x409e0040
 431250: system.cpu: A0 T0 : 0x10000d7c @generic_start_main+988    : bc         30, 4, 0x10000dbc : IntAlu :  D=0x000000001005f058  flags=(IsInteger|IsControl|IsDirectControl|IsCondControl)
 431500: global: Decode: Decoded ori instruction: 0x60000000
 431500: system.cpu: A0 T0 : 0x10000d80 @generic_start_main+992    : nop                        : IntAlu :  D=0x0000000010000d5c  flags=(IsInteger)
 431750: global: Decode: Decoded addi instruction: 0x3922b908
 431750: system.cpu: A0 T0 : 0x10000d84 @generic_start_main+996    : subi       r9, r2, 18168   : IntAlu :  D=0x00000000100b3608  flags=(IsInteger)
 432000: global: Decode: Decoded stw instruction: 0x91490000
 432000: system.cpu: A0 T0 : 0x10000d88 @generic_start_main+1000    : stw        r10, 0(r9)      : MemWrite :  D=0x0000000000050100 A=0x100b3608  flags=(IsInteger|IsStore)
 432250: global: Decode: Decoded addis instruction: 0x3d200004
 432250: system.cpu: A0 T0 : 0x10000d8c @generic_start_main+1004    : lis        r9, 4           : IntAlu :  D=0x0000000000040000  flags=(IsInteger)
 432500: global: Decode: Decoded ori instruction: 0x61291407
 432500: system.cpu: A0 T0 : 0x10000d90 @generic_start_main+1008    : ori        r9, r9, 5127    : IntAlu :  D=0x0000000000041407  flags=(IsInteger)
 432750: global: Decode: Decoded cmp instruction: 0x7f834800
 432750: system.cpu: A0 T0 : 0x10000d94 @generic_start_main+1012    : cmpw       cr7, r3, r9     : IntAlu :  D=0x0000000022000024  flags=(IsInteger)
 433000: global: Decode: Decoded bc instruction: 0x419dfe20
 433000: system.cpu: A0 T0 : 0x10000d98 @generic_start_main+1016    : bc         29, 12, 0x10000bb8 : IntAlu :  D=0x000000001005f058  flags=(IsInteger|IsControl|IsDirectControl|IsCondControl)
 433250: global: Decode: Decoded ori instruction: 0x60000000
 433250: system.cpu: A0 T0 : 0x10000bb8 @generic_start_main+536    : nop                        : IntAlu :  D=0x0000000010000d5c  flags=(IsInteger)
 433500: global: Decode: Decoded ld instruction: 0xe92280e8
 433500: system.cpu: A0 T0 : 0x10000bbc @generic_start_main+540    : ld         r9, -32536(r2)  : MemRead :  D=0x0000000000000000 A=0x100afde8  flags=(IsInteger|IsLoad)
 433750: global: Decode: Decoded cmpi instruction: 0x2fa90000
 433750: system.cpu: A0 T0 : 0x10000bc0 @generic_start_main+544    : cmpdi      cr7, r9, 0      : IntAlu :  D=0x0000000022000022  flags=(IsInteger)
 434000: global: Decode: Decoded bc instruction: 0x419e000c
 434000: system.cpu: A0 T0 : 0x10000bc4 @generic_start_main+548    : bc         30, 12, 0x10000bd0 : IntAlu :  D=0x000000001005f058  flags=(IsInteger|IsControl|IsDirectControl|IsCondControl)
 434250: global: Decode: Decoded addis instruction: 0x3d22ffff
 434250: system.cpu: A0 T0 : 0x10000bd0 @generic_start_main+560    : subis      r9, r2, 1       : IntAlu :  D=0x00000000100a7d00  flags=(IsInteger)
 434500: global: Decode: Decoded addi instruction: 0x39292100
 434500: system.cpu: A0 T0 : 0x10000bd4 @generic_start_main+564    : addi       r9, r9, 8448    : IntAlu :  D=0x00000000100a9e00  flags=(IsInteger)
 434750: global: Decode: Decoded cmpi instruction: 0x2fbd0000
 434750: system.cpu: A0 T0 : 0x10000bd8 @generic_start_main+568    : cmpdi      cr7, r29, 0     : IntAlu :  D=0x0000000022000022  flags=(IsInteger)
 435000: global: Decode: Decoded ld instruction: 0xe9290000
 435000: system.cpu: A0 T0 : 0x10000bdc @generic_start_main+572    : ld         r9, 0(r9)       : MemRead :  D=0x00007fffffffefb7 A=0x100a9e00  flags=(IsInteger|IsLoad)
 435250: global: Decode: Decoded ld instruction: 0xe9290008
 435250: system.cpu: A0 T0 : 0x10000be0 @generic_start_main+576    : ld         r9, 8(r9)       : MemRead :  D=0x73742d70726f6773 A=0x7fffffffefbf  flags=(IsInteger|IsLoad)
 435500: global: Decode: Decoded std instruction: 0xf92d8fe8
 435500: system.cpu: A0 T0 : 0x10000be4 @generic_start_main+580    : std        r9, -28696(r13) : MemWrite :  D=0x73742d70726f6773 A=0x100b4758  flags=(IsInteger|IsStore)
 435750: global: Decode: Decoded bc instruction: 0x419e0018
 435750: system.cpu: A0 T0 : 0x10000be8 @generic_start_main+584    : bc         30, 12, 0x10000c00 : IntAlu :  D=0x000000001005f058  flags=(IsInteger|IsControl|IsDirectControl|IsCondControl)
 436000: global: Decode: Decoded ori instruction: 0x60000000
 436000: system.cpu: A0 T0 : 0x10000c00 @generic_start_main+608    : nop                        : IntAlu :  D=0x0000000010000d5c  flags=(IsInteger)
 436250: global: Decode: Decoded addi instruction: 0x3922ae50
 436250: system.cpu: A0 T0 : 0x10000c04 @generic_start_main+612    : subi       r9, r2, 20912   : IntAlu :  D=0x00000000100b2b50  flags=(IsInteger)
 436500: global: Decode: Decoded ld instruction: 0xe8810310
 436500: system.cpu: A0 T0 : 0x10000c08 @generic_start_main+616    : ld         r4, 784(r1)     : MemRead :  D=0x00007fffffffee38 A=0x7fffffffed30  flags=(IsInteger|IsLoad)
 436750: global: Decode: Decoded ld instruction: 0xe8610308
 436750: system.cpu: A0 T0 : 0x10000c0c @generic_start_main+620    : ld         r3, 776(r1)     : MemRead :  D=0x0000000000000001 A=0x7fffffffed28  flags=(IsInteger|IsLoad)
 437000: global: Decode: Decoded ld instruction: 0xe8a90000
 437000: system.cpu: A0 T0 : 0x10000c10 @generic_start_main+624    : ld         r5, 0(r9)       : MemRead :  D=0x00007fffffffee48 A=0x100b2b50  flags=(IsInteger|IsLoad)
 437250: global: Decode: Decoded b instruction: 0x4802522d
 437250: system.cpu: A0 T0 : 0x10000c14 @generic_start_main+628    : bl         __libc_init_first : IntAlu :  D=0x0000000010000c18  flags=(IsInteger|IsControl|IsDirectControl|IsUncondControl)
 437500: global: Decode: Decoded mflr instruction: 0x7c0802a6
 437500: system.cpu: A0 T0 : 0x10025e40 @__libc_init_first    : mflr       r0              : IntAlu :  D=0x0000000010000c18  flags=(IsInteger)
 437750: global: Decode: Decoded ori instruction: 0x60000000
 437750: system.cpu: A0 T0 : 0x10025e44 @__libc_init_first+4    : nop                        : IntAlu :  D=0x0000000010000c18  flags=(IsInteger)
 438000: global: Decode: Decoded ld instruction: 0xe9228168
 438000: system.cpu: A0 T0 : 0x10025e48 @__libc_init_first+8    : ld         r9, -32408(r2)  : MemRead :  D=0x0000000000000000 A=0x100afe68  flags=(IsInteger|IsLoad)
 438250: global: Decode: Decoded std instruction: 0xfba1ffe8
 438250: system.cpu: A0 T0 : 0x10025e4c @__libc_init_first+12    : std        r29, -24(r1)    : MemWrite :  D=0x0000000000000000 A=0x7fffffffea08  flags=(IsInteger|IsStore)
 438500: global: Decode: Decoded or instruction: 0x7cbd2b78
 438500: system.cpu: A0 T0 : 0x10025e50 @__libc_init_first+16    : mr         r29, r5         : IntAlu :  D=0x00007fffffffee48  flags=(IsInteger)
 438750: global: Decode: Decoded std instruction: 0xfbc1fff0
 438750: system.cpu: A0 T0 : 0x10025e54 @__libc_init_first+20    : std        r30, -16(r1)    : MemWrite :  D=0x00000000100ab260 A=0x7fffffffea10  flags=(IsInteger|IsStore)
 439000: global: Decode: Decoded std instruction: 0xfbe1fff8
 439000: system.cpu: A0 T0 : 0x10025e58 @__libc_init_first+24    : std        r31, -8(r1)     : MemWrite :  D=0x00000000100ab248 A=0x7fffffffea18  flags=(IsInteger|IsStore)
 439250: global: Decode: Decoded or instruction: 0x7c9e2378
 439250: system.cpu: A0 T0 : 0x10025e5c @__libc_init_first+28    : mr         r30, r4         : IntAlu :  D=0x00007fffffffee38  flags=(IsInteger)
 439500: global: Decode: Decoded or instruction: 0x7c7f1b78
 439500: system.cpu: A0 T0 : 0x10025e60 @__libc_init_first+32    : mr         r31, r3         : IntAlu :  D=0x0000000000000001  flags=(IsInteger)
 439750: global: Decode: Decoded cmpi instruction: 0x2fa90000
 439750: system.cpu: A0 T0 : 0x10025e64 @__libc_init_first+36    : cmpdi      cr7, r9, 0      : IntAlu :  D=0x0000000022000022  flags=(IsInteger)
 440000: global: Decode: Decoded std instruction: 0xf8010010
 440000: system.cpu: A0 T0 : 0x10025e68 @__libc_init_first+40    : std        r0, 16(r1)      : MemWrite :  D=0x0000000010000c18 A=0x7fffffffea30  flags=(IsInteger|IsStore)
 440250: global: Decode: Decoded stdu instruction: 0xf821ff51
 440250: system.cpu: A0 T0 : 0x10025e6c @__libc_init_first+44    : stdu       r1, -176(r1)    : MemWrite :  D=0x00007fffffffe970 A=0x7fffffffe970  flags=(IsInteger|IsStore)
 440500: global: Decode: Decoded bc instruction: 0x419e00a0
 440500: system.cpu: A0 T0 : 0x10025e70 @__libc_init_first+48    : bc         30, 12, 0x10025f10 : IntAlu :  D=0x000000001005f058  flags=(IsInteger|IsControl|IsDirectControl|IsCondControl)
 440750: global: Decode: Decoded ori instruction: 0x60000000
 440750: system.cpu: A0 T0 : 0x10025f10 @__libc_init_first+208    : nop                        : IntAlu :  D=0x0000000010000c18  flags=(IsInteger)
 441000: global: Decode: Decoded addi instruction: 0x3942afb0
 441000: system.cpu: A0 T0 : 0x10025f14 @__libc_init_first+212    : subi       r10, r2, 20560  : IntAlu :  D=0x00000000100b2cb0  flags=(IsInteger)
 441250: global: Decode: Decoded ori instruction: 0x60000000
 441250: system.cpu: A0 T0 : 0x10025f18 @__libc_init_first+216    : nop                        : IntAlu :  D=0x0000000010000c18  flags=(IsInteger)
 441500: global: Decode: Decoded addi instruction: 0x3922ae68
 441500: system.cpu: A0 T0 : 0x10025f1c @__libc_init_first+220    : subi       r9, r2, 20888   : IntAlu :  D=0x00000000100b2b68  flags=(IsInteger)
 441750: global: Decode: Decoded addi instruction: 0x39000000
 441750: system.cpu: A0 T0 : 0x10025f20 @__libc_init_first+224    : li         r8, 0           : IntAlu :  D=0x0000000000000000  flags=(IsInteger)
 442000: global: Decode: Decoded ori instruction: 0x60000000
 442000: system.cpu: A0 T0 : 0x10025f24 @__libc_init_first+228    : nop                        : IntAlu :  D=0x0000000010000c18  flags=(IsInteger)
 442250: global: Decode: Decoded stw instruction: 0x910299b8
 442250: system.cpu: A0 T0 : 0x10025f28 @__libc_init_first+232    : stw        r8, -26184(r2)  : MemWrite :  D=0x0000000000000000 A=0x100b16b8  flags=(IsInteger|IsStore)
 442500: global: Decode: Decoded lwz instruction: 0x806a0000
 442500: system.cpu: A0 T0 : 0x10025f2c @__libc_init_first+236    : lwz        r3, 0(r10)      : MemRead :  D=0x0000000000000000 A=0x100b2cb0  flags=(IsInteger|IsLoad)
 442750: global: Decode: Decoded lwz instruction: 0x81290000
 442750: system.cpu: A0 T0 : 0x10025f30 @__libc_init_first+240    : lwz        r9, 0(r9)       : MemRead :  D=0x0000000000000000 A=0x100b2b68  flags=(IsInteger|IsLoad)
 443000: global: Decode: Decoded cmp instruction: 0x7f891800
 443000: system.cpu: A0 T0 : 0x10025f34 @__libc_init_first+244    : cmpw       cr7, r9, r3     : IntAlu :  D=0x0000000022000022  flags=(IsInteger)
 443250: global: Decode: Decoded bc instruction: 0x419eff54
 443250: system.cpu: A0 T0 : 0x10025f38 @__libc_init_first+248    : bc         30, 12, 0x10025e8c : IntAlu :  D=0x000000001005f058  flags=(IsInteger|IsControl|IsDirectControl|IsCondControl)
 443500: global: Decode: Decoded ori instruction: 0x60000000
 443500: system.cpu: A0 T0 : 0x10025e8c @__libc_init_first+76    : nop                        : IntAlu :  D=0x0000000010000c18  flags=(IsInteger)
 443750: global: Decode: Decoded addi instruction: 0x3902b920
 443750: system.cpu: A0 T0 : 0x10025e90 @__libc_init_first+80    : subi       r8, r2, 18144   : IntAlu :  D=0x00000000100b3620  flags=(IsInteger)
 444000: global: Decode: Decoded ori instruction: 0x60000000
 444000: system.cpu: A0 T0 : 0x10025e94 @__libc_init_first+84    : nop                        : IntAlu :  D=0x0000000010000c18  flags=(IsInteger)
 444250: global: Decode: Decoded addi instruction: 0x3942b950
 444250: system.cpu: A0 T0 : 0x10025e98 @__libc_init_first+88    : subi       r10, r2, 18096  : IntAlu :  D=0x00000000100b3650  flags=(IsInteger)
 444500: global: Decode: Decoded ori instruction: 0x60000000
 444500: system.cpu: A0 T0 : 0x10025e9c @__libc_init_first+92    : nop                        : IntAlu :  D=0x0000000010000c18  flags=(IsInteger)
 444750: global: Decode: Decoded addi instruction: 0x3922ae50
 444750: system.cpu: A0 T0 : 0x10025ea0 @__libc_init_first+96    : subi       r9, r2, 20912   : IntAlu :  D=0x00000000100b2b50  flags=(IsInteger)
 445000: global: Decode: Decoded stw instruction: 0x93e80000
 445000: system.cpu: A0 T0 : 0x10025ea4 @__libc_init_first+100    : stw        r31, 0(r8)      : MemWrite :  D=0x0000000000000001 A=0x100b3620  flags=(IsInteger|IsStore)
 445250: global: Decode: Decoded std instruction: 0xfbca0000
 445250: system.cpu: A0 T0 : 0x10025ea8 @__libc_init_first+104    : std        r30, 0(r10)     : MemWrite :  D=0x00007fffffffee38 A=0x100b3650  flags=(IsInteger|IsStore)
 445500: global: Decode: Decoded std instruction: 0xfba90000
 445500: system.cpu: A0 T0 : 0x10025eac @__libc_init_first+108    : std        r29, 0(r9)      : MemWrite :  D=0x00007fffffffee48 A=0x100b2b50  flags=(IsInteger|IsStore)
 445750: global: Decode: Decoded b instruction: 0x4bfff261
 445750: system.cpu: A0 T0 : 0x10025eb0 @__libc_init_first+112    : bl         _dl_non_dynamic_init : IntAlu :  D=0x0000000010025eb4  flags=(IsInteger|IsControl|IsDirectControl|IsUncondControl)
 446000: global: Decode: Decoded mflr instruction: 0x7c0802a6
 446000: system.cpu: A0 T0 : 0x10025110 @_dl_non_dynamic_init    : mflr       r0              : IntAlu :  D=0x0000000010025eb4  flags=(IsInteger)
 446250: global: Decode: Decoded std instruction: 0xfb61ffd8
 446250: system.cpu: A0 T0 : 0x10025114 @_dl_non_dynamic_init+4    : std        r27, -40(r1)    : MemWrite :  D=0x00000000100b00d8 A=0x7fffffffe948  flags=(IsInteger|IsStore)
 446500: global: Decode: Decoded std instruction: 0xfb81ffe0
 446500: system.cpu: A0 T0 : 0x10025118 @_dl_non_dynamic_init+8    : std        r28, -32(r1)    : MemWrite :  D=0x0000000010000268 A=0x7fffffffe950  flags=(IsInteger|IsStore)
 446750: global: Decode: Decoded std instruction: 0xfba1ffe8
 446750: system.cpu: A0 T0 : 0x1002511c @_dl_non_dynamic_init+12    : std        r29, -24(r1)    : MemWrite :  D=0x00007fffffffee48 A=0x7fffffffe958  flags=(IsInteger|IsStore)
 447000: global: Decode: Decoded std instruction: 0xfbc1fff0
 447000: system.cpu: A0 T0 : 0x10025120 @_dl_non_dynamic_init+16    : std        r30, -16(r1)    : MemWrite :  D=0x00007fffffffee38 A=0x7fffffffe960  flags=(IsInteger|IsStore)
 447250: global: Decode: Decoded std instruction: 0xfbe1fff8
 447250: system.cpu: A0 T0 : 0x10025124 @_dl_non_dynamic_init+20    : std        r31, -8(r1)     : MemWrite :  D=0x0000000000000001 A=0x7fffffffe968  flags=(IsInteger|IsStore)
 447500: global: Decode: Decoded std instruction: 0xf8010010
 447500: system.cpu: A0 T0 : 0x10025128 @_dl_non_dynamic_init+24    : std        r0, 16(r1)      : MemWrite :  D=0x0000000010025eb4 A=0x7fffffffe980  flags=(IsInteger|IsStore)
 447750: global: Decode: Decoded stdu instruction: 0xf821ff51
 447750: system.cpu: A0 T0 : 0x1002512c @_dl_non_dynamic_init+28    : stdu       r1, -176(r1)    : MemWrite :  D=0x00007fffffffe8c0 A=0x7fffffffe8c0  flags=(IsInteger|IsStore)
 448000: global: Decode: Decoded b instruction: 0x480317b1
 448000: system.cpu: A0 T0 : 0x10025130 @_dl_non_dynamic_init+32    : bl         _dl_get_origin  : IntAlu :  D=0x0000000010025134  flags=(IsInteger|IsControl|IsDirectControl|IsUncondControl)
 448250: global: Decode: Decoded std instruction: 0xfbc1fff0
 448250: system.cpu: A0 T0 : 0x100568e0 @_dl_get_origin    : std        r30, -16(r1)    : MemWrite :  D=0x00007fffffffee38 A=0x7fffffffe8b0  flags=(IsInteger|IsStore)
 448500: global: Decode: Decoded std instruction: 0xfba1ffe8
 448500: system.cpu: A0 T0 : 0x100568e4 @_dl_get_origin+4    : std        r29, -24(r1)    : MemWrite :  D=0x00007fffffffee48 A=0x7fffffffe8a8  flags=(IsInteger|IsStore)
 448750: global: Decode: Decoded addis instruction: 0x3c62fffc
 448750: system.cpu: A0 T0 : 0x100568e8 @_dl_get_origin+8    : subis      r3, r2, 4       : IntAlu :  D=0x0000000010077d00  flags=(IsInteger)
 449000: global: Decode: Decoded addi instruction: 0x38000055
 449000: system.cpu: A0 T0 : 0x100568ec @_dl_get_origin+12    : li         r0, 85          : IntAlu :  D=0x0000000000000055  flags=(IsInteger)
 449250: global: Decode: Decoded std instruction: 0xfbe1fff8
 449250: system.cpu: A0 T0 : 0x100568f0 @_dl_get_origin+16    : std        r31, -8(r1)     : MemWrite :  D=0x0000000000000001 A=0x7fffffffe8b8  flags=(IsInteger|IsStore)
 449500: global: Decode: Decoded stdu instruction: 0xf821ef71
 449500: system.cpu: A0 T0 : 0x100568f4 @_dl_get_origin+20    : stdu       r1, -4240(r1)   : MemWrite :  D=0x00007fffffffe8c0 A=0x7fffffffd830  flags=(IsInteger|IsStore)
 449750: global: Decode: Decoded stdu instruction: 0xf821ef71
 449750: system.cpu: A0 T0 : 0x100568f4 @_dl_get_origin+20    : stdu       r1, -4240(r1)   : MemWrite :  D=0x00007fffffffd830 A=0x7fffffffd830  flags=(IsInteger|IsStore)
 450000: global: Decode: Decoded addi instruction: 0x386378c8
 450000: system.cpu: A0 T0 : 0x100568f8 @_dl_get_origin+24    : addi       r3, r3, 30920   : IntAlu :  D=0x000000001007f5c8  flags=(IsInteger)
 450250: global: Decode: Decoded addi instruction: 0x38a01000
 450250: system.cpu: A0 T0 : 0x100568fc @_dl_get_origin+28    : li         r5, 4096        : IntAlu :  D=0x0000000000001000  flags=(IsInteger)
 450500: global: Decode: Decoded addi instruction: 0x3bc10070
 450500: system.cpu: A0 T0 : 0x10056900 @_dl_get_origin+32    : addi       r30, r1, 112    : IntAlu :  D=0x00007fffffffd8a0  flags=(IsInteger)
 450750: global: Decode: Decoded or instruction: 0x7fc4f378
 450750: system.cpu: A0 T0 : 0x10056904 @_dl_get_origin+36    : mr         r4, r30         : IntAlu :  D=0x00007fffffffd8a0  flags=(IsInteger)
 451000: global: Decode: Decoded sc instruction: 0x44000002
 451000: system.cpu: A0 T0 : 0x10056908 @_dl_get_origin+40    : sc                         : IntAlu :   flags=()
 451250: global: Decode: Decoded mfcr instruction: 0x7c000026
 451250: system.cpu: A0 T0 : 0x1005690c @_dl_get_origin+44    : mfcr       r0              : IntAlu :  D=0x0000000032000022  flags=(IsInteger)
 451500: global: Decode: Decoded andis_ instruction: 0x74091000
 451500: system.cpu: A0 T0 : 0x10056910 @_dl_get_origin+48    : andis.     r9, r0, 4096    : IntAlu :  D=0x0000000042000022  flags=(IsInteger)
 451750: global: Decode: Decoded bc instruction: 0x408200ac
 451750: system.cpu: A0 T0 : 0x10056914 @_dl_get_origin+52    : bc         2, 4, 0x100569c0 : IntAlu :  D=0x000000001005f058  flags=(IsInteger|IsControl|IsDirectControl|IsCondControl)
 452000: global: Decode: Decoded ori instruction: 0x60000000
 452000: system.cpu: A0 T0 : 0x100569c0 @_dl_get_origin+224    : nop                        : IntAlu :  D=0x0000000032000022  flags=(IsInteger)
 452250: global: Decode: Decoded addi instruction: 0x3922b8c0
 452250: system.cpu: A0 T0 : 0x100569c4 @_dl_get_origin+228    : subi       r9, r2, 18240   : IntAlu :  D=0x00000000100b35c0  flags=(IsInteger)
 452500: global: Decode: Decoded ld instruction: 0xebe90000
 452500: system.cpu: A0 T0 : 0x100569c8 @_dl_get_origin+232    : ld         r31, 0(r9)      : MemRead :  D=0x0000000000000000 A=0x100b35c0  flags=(IsInteger|IsLoad)
 452750: global: Decode: Decoded cmpi instruction: 0x2fbf0000
 452750: system.cpu: A0 T0 : 0x100569cc @_dl_get_origin+236    : cmpdi      cr7, r31, 0     : IntAlu :  D=0x0000000042000022  flags=(IsInteger)
 453000: global: Decode: Decoded bc instruction: 0x419e00b8
 453000: system.cpu: A0 T0 : 0x100569d0 @_dl_get_origin+240    : bc         30, 12, 0x10056a88 : IntAlu :  D=0x000000001005f058  flags=(IsInteger|IsControl|IsDirectControl|IsCondControl)
 453250: global: Decode: Decoded addi instruction: 0x3ba0ffff
 453250: system.cpu: A0 T0 : 0x10056a88 @_dl_get_origin+424    : li         r29, -1         : IntAlu :  D=0xffffffffffffffff  flags=(IsInteger)
 453500: global: Decode: Decoded addi instruction: 0x38211090
 453500: system.cpu: A0 T0 : 0x10056a8c @_dl_get_origin+428    : addi       r1, r1, 4240    : IntAlu :  D=0x00007fffffffe8c0  flags=(IsInteger)
 453750: global: Decode: Decoded or instruction: 0x7fa3eb78
 453750: system.cpu: A0 T0 : 0x10056a90 @_dl_get_origin+432    : mr         r3, r29         : IntAlu :  D=0xffffffffffffffff  flags=(IsInteger)
 454000: global: Decode: Decoded ld instruction: 0xeba1ffe8
 454000: system.cpu: A0 T0 : 0x10056a94 @_dl_get_origin+436    : ld         r29, -24(r1)    : MemRead :  D=0x00007fffffffee48 A=0x7fffffffe8a8  flags=(IsInteger|IsLoad)
 454250: global: Decode: Decoded ld instruction: 0xebc1fff0
 454250: system.cpu: A0 T0 : 0x10056a98 @_dl_get_origin+440    : ld         r30, -16(r1)    : MemRead :  D=0x00007fffffffee38 A=0x7fffffffe8b0  flags=(IsInteger|IsLoad)
 454500: global: Decode: Decoded ld instruction: 0xebe1fff8
 454500: system.cpu: A0 T0 : 0x10056a9c @_dl_get_origin+444    : ld         r31, -8(r1)     : MemRead :  D=0x0000000000000001 A=0x7fffffffe8b8  flags=(IsInteger|IsLoad)
 454750: global: Decode: Decoded bclr instruction: 0x4e800020
 454750: system.cpu: A0 T0 : 0x10056aa0 @_dl_get_origin+448    : bclr       0, 20           : IntAlu :  D=0x000000001005f058  flags=(IsInteger|IsControl|IsIndirectControl|IsCondControl|IsReturn)
 455000: global: Decode: Decoded ori instruction: 0x60000000
 455000: system.cpu: A0 T0 : 0x10025134 @_dl_non_dynamic_init+36    : nop                        : IntAlu :  D=0x0000000032000022  flags=(IsInteger)
 455250: global: Decode: Decoded ori instruction: 0x60000000
 455250: system.cpu: A0 T0 : 0x10025138 @_dl_non_dynamic_init+40    : nop                        : IntAlu :  D=0x0000000032000022  flags=(IsInteger)
 455500: global: Decode: Decoded addi instruction: 0x3bc2b8b0
 455500: system.cpu: A0 T0 : 0x1002513c @_dl_non_dynamic_init+44    : subi       r30, r2, 18256  : IntAlu :  D=0x00000000100b35b0  flags=(IsInteger)
 455750: global: Decode: Decoded ori instruction: 0x60000000
 455750: system.cpu: A0 T0 : 0x10025140 @_dl_non_dynamic_init+48    : nop                        : IntAlu :  D=0x0000000032000022  flags=(IsInteger)
 456000: global: Decode: Decoded addi instruction: 0x3ba2b8e8
 456000: system.cpu: A0 T0 : 0x10025144 @_dl_non_dynamic_init+52    : subi       r29, r2, 18200  : IntAlu :  D=0x00000000100b35e8  flags=(IsInteger)
 456250: global: Decode: Decoded ori instruction: 0x60000000
 456250: system.cpu: A0 T0 : 0x10025148 @_dl_non_dynamic_init+56    : nop                        : IntAlu :  D=0x0000000032000022  flags=(IsInteger)
 456500: global: Decode: Decoded ori instruction: 0x60000000
 456500: system.cpu: A0 T0 : 0x1002514c @_dl_non_dynamic_init+60    : nop                        : IntAlu :  D=0x0000000032000022  flags=(IsInteger)
 456750: global: Decode: Decoded std instruction: 0xf8629748
 456750: system.cpu: A0 T0 : 0x10025150 @_dl_non_dynamic_init+64    : std        r3, -26808(r2)  : MemWrite :  D=0xffffffffffffffff A=0x100b1448  flags=(IsInteger|IsStore)
 457000: global: Decode: Decoded ld instruction: 0xe95e0000
 457000: system.cpu: A0 T0 : 0x10025154 @_dl_non_dynamic_init+68    : ld         r10, 0(r30)     : MemRead :  D=0x0000000010000040 A=0x100b35b0  flags=(IsInteger|IsLoad)
 457250: global: Decode: Decoded ld instruction: 0xe93d0000
 457250: system.cpu: A0 T0 : 0x10025158 @_dl_non_dynamic_init+72    : ld         r9, 0(r29)      : MemRead :  D=0x0000000000000005 A=0x100b35e8  flags=(IsInteger|IsLoad)
 457500: global: Decode: Decoded std instruction: 0xf94296b0
 457500: system.cpu: A0 T0 : 0x1002515c @_dl_non_dynamic_init+76    : std        r10, -26960(r2) : MemWrite :  D=0x0000000010000040 A=0x100b13b0  flags=(IsInteger|IsStore)
 457750: global: Decode: Decoded ori instruction: 0x60000000
 457750: system.cpu: A0 T0 : 0x10025160 @_dl_non_dynamic_init+80    : nop                        : IntAlu :  D=0x0000000032000022  flags=(IsInteger)
 458000: global: Decode: Decoded sth instruction: 0xb12296c0
 458000: system.cpu: A0 T0 : 0x10025164 @_dl_non_dynamic_init+84    : sth        r9, -26944(r2)  : MemWrite :  D=0x0000000000000005 A=0x100b13c0  flags=(IsInteger|IsStore)
 458250: global: Decode: Decoded mftb instruction: 0x7d4c42a6
 458250: system.cpu: A0 T0 : 0x10025168 @_dl_non_dynamic_init+88    : mftb       r10             : IntAlu :  D=0x000000000006fe0a  flags=(IsInteger)
 458500: global: Decode: Decoded ori instruction: 0x60000000
 458500: system.cpu: A0 T0 : 0x1002516c @_dl_non_dynamic_init+92    : nop                        : IntAlu :  D=0x0000000032000022  flags=(IsInteger)
 458750: global: Decode: Decoded addi instruction: 0x3922b878
 458750: system.cpu: A0 T0 : 0x10025170 @_dl_non_dynamic_init+96    : subi       r9, r2, 18312   : IntAlu :  D=0x00000000100b3578  flags=(IsInteger)
 459000: global: Decode: Decoded addis instruction: 0x3c62fffc
 459000: system.cpu: A0 T0 : 0x10025174 @_dl_non_dynamic_init+100    : subis      r3, r2, 4       : IntAlu :  D=0x0000000010077d00  flags=(IsInteger)
 459250: global: Decode: Decoded addi instruction: 0x386382d0
 459250: system.cpu: A0 T0 : 0x10025178 @_dl_non_dynamic_init+104    : subi       r3, r3, 32048   : IntAlu :  D=0x000000001006ffd0  flags=(IsInteger)
 459500: global: Decode: Decoded std instruction: 0xf9490000
 459500: system.cpu: A0 T0 : 0x1002517c @_dl_non_dynamic_init+108    : std        r10, 0(r9)      : MemWrite :  D=0x000000000006fe0a A=0x100b3578  flags=(IsInteger|IsStore)
 459750: global: Decode: Decoded b instruction: 0x4bfe2c41
 459750: system.cpu: A0 T0 : 0x10025180 @_dl_non_dynamic_init+112    : bl         getenv          : IntAlu :  D=0x0000000010025184  flags=(IsInteger|IsControl|IsDirectControl|IsUncondControl)
 460000: global: Decode: Decoded ori instruction: 0x60000000
 460000: system.cpu: A0 T0 : 0x10007dc0 @getenv    : nop                        : IntAlu :  D=0x0000000032000022  flags=(IsInteger)
 460250: global: Decode: Decoded addi instruction: 0x3922ae50
 460250: system.cpu: A0 T0 : 0x10007dc4 @getenv+4    : subi       r9, r2, 20912   : IntAlu :  D=0x00000000100b2b50  flags=(IsInteger)
 460500: global: Decode: Decoded std instruction: 0xfbc1fff0
 460500: system.cpu: A0 T0 : 0x10007dc8 @getenv+8    : std        r30, -16(r1)    : MemWrite :  D=0x00000000100b35b0 A=0x7fffffffe8b0  flags=(IsInteger|IsStore)
 460750: global: Decode: Decoded std instruction: 0xfbe1fff8
 460750: system.cpu: A0 T0 : 0x10007dcc @getenv+12    : std        r31, -8(r1)     : MemWrite :  D=0x0000000000000001 A=0x7fffffffe8b8  flags=(IsInteger|IsStore)
 461000: global: Decode: Decoded stdu instruction: 0xf821ff61
 461000: system.cpu: A0 T0 : 0x10007dd0 @getenv+16    : stdu       r1, -160(r1)    : MemWrite :  D=0x00007fffffffe820 A=0x7fffffffe820  flags=(IsInteger|IsStore)
 461250: global: Decode: Decoded ld instruction: 0xebc90000
 461250: system.cpu: A0 T0 : 0x10007dd4 @getenv+20    : ld         r30, 0(r9)      : MemRead :  D=0x00007fffffffee48 A=0x100b2b50  flags=(IsInteger|IsLoad)
 461500: global: Decode: Decoded cmpi instruction: 0x2fbe0000
 461500: system.cpu: A0 T0 : 0x10007dd8 @getenv+24    : cmpdi      cr7, r30, 0     : IntAlu :  D=0x0000000042000024  flags=(IsInteger)
 461750: global: Decode: Decoded bc instruction: 0x419e01a4
 461750: system.cpu: A0 T0 : 0x10007ddc @getenv+28    : bc         30, 12, 0x10007f80 : IntAlu :  D=0x000000001005f058  flags=(IsInteger|IsControl|IsDirectControl|IsCondControl)
 462000: global: Decode: Decoded std instruction: 0xfb410070
 462000: system.cpu: A0 T0 : 0x10007de0 @getenv+32    : std        r26, 112(r1)    : MemWrite :  D=0x0000000000000000 A=0x7fffffffe890  flags=(IsInteger|IsStore)
 462250: global: Decode: Decoded or instruction: 0x7c7a1b78
 462250: system.cpu: A0 T0 : 0x10007de4 @getenv+36    : mr         r26, r3         : IntAlu :  D=0x000000001006ffd0  flags=(IsInteger)
 462500: global: Decode: Decoded lbz instruction: 0x89230000
 462500: system.cpu: A0 T0 : 0x10007de8 @getenv+40    : lbz        r9, 0(r3)       : MemRead :  D=0x000000000000004c A=0x1006ffd0  flags=(IsInteger|IsLoad)
 462750: global: Decode: Decoded cmpi instruction: 0x2fa90000
 462750: system.cpu: A0 T0 : 0x10007dec @getenv+44    : cmpdi      cr7, r9, 0      : IntAlu :  D=0x0000000042000024  flags=(IsInteger)
 463000: global: Decode: Decoded bc instruction: 0x419e0170
 463000: system.cpu: A0 T0 : 0x10007df0 @getenv+48    : bc         30, 12, 0x10007f60 : IntAlu :  D=0x000000001005f058  flags=(IsInteger|IsControl|IsDirectControl|IsCondControl)
 463250: global: Decode: Decoded std instruction: 0xfb810080
 463250: system.cpu: A0 T0 : 0x10007df4 @getenv+52    : std        r28, 128(r1)    : MemWrite :  D=0x0000000010000268 A=0x7fffffffe8a0  flags=(IsInteger|IsStore)
 463500: global: Decode: Decoded std instruction: 0xfba10088
 463500: system.cpu: A0 T0 : 0x10007df8 @getenv+56    : std        r29, 136(r1)    : MemWrite :  D=0x00000000100b35e8 A=0x7fffffffe8a8  flags=(IsInteger|IsStore)
 463750: global: Decode: Decoded extsh instruction: 0x7d3c0734
 463750: system.cpu: A0 T0 : 0x10007dfc @getenv+60    : extsh      r28, r9         : IntAlu :  D=0x000000000000004c  flags=(IsInteger)
 464000: global: Decode: Decoded ld instruction: 0xebfe0000
 464000: system.cpu: A0 T0 : 0x10007e00 @getenv+64    : ld         r31, 0(r30)     : MemRead :  D=0x0000000000000000 A=0x7fffffffee48  flags=(IsInteger|IsLoad)
 464250: global: Decode: Decoded lbz instruction: 0x8ba30001
 464250: system.cpu: A0 T0 : 0x10007e04 @getenv+68    : lbz        r29, 1(r3)      : MemRead :  D=0x0000000000000044 A=0x1006ffd1  flags=(IsInteger|IsLoad)
 464500: global: Decode: Decoded cmpi instruction: 0x2fbd0000
 464500: system.cpu: A0 T0 : 0x10007e08 @getenv+72    : cmpdi      cr7, r29, 0     : IntAlu :  D=0x0000000042000024  flags=(IsInteger)
 464750: global: Decode: Decoded bc instruction: 0x409e0064
 464750: system.cpu: A0 T0 : 0x10007e0c @getenv+76    : bc         30, 4, 0x10007e70 : IntAlu :  D=0x000000001005f058  flags=(IsInteger|IsControl|IsDirectControl|IsCondControl)
 465000: global: Decode: Decoded mflr instruction: 0x7c0802a6
 465000: system.cpu: A0 T0 : 0x10007e70 @getenv+176    : mflr       r0              : IntAlu :  D=0x0000000010025184  flags=(IsInteger)
 465250: global: Decode: Decoded std instruction: 0xfb610078
 465250: system.cpu: A0 T0 : 0x10007e74 @getenv+180    : std        r27, 120(r1)    : MemWrite :  D=0x00000000100b00d8 A=0x7fffffffe898  flags=(IsInteger|IsStore)
 465500: global: Decode: Decoded rlwinm instruction: 0x57bd402e
 465500: system.cpu: A0 T0 : 0x10007e78 @getenv+184    : rlwinm     r29, r29, 8, 0, 23 : IntAlu :  D=0x0000000000004400  flags=(IsInteger)
 465750: global: Decode: Decoded or instruction: 0x7fbde378
 465750: system.cpu: A0 T0 : 0x10007e7c @getenv+188    : or         r29, r29, r28   : IntAlu :  D=0x000000000000444c  flags=(IsInteger)
 466000: global: Decode: Decoded addi instruction: 0x3b5a0002
 466000: system.cpu: A0 T0 : 0x10007e80 @getenv+192    : addi       r26, r26, 2     : IntAlu :  D=0x000000001006ffd2  flags=(IsInteger)
 466250: global: Decode: Decoded extsh instruction: 0x7fbd0734
 466250: system.cpu: A0 T0 : 0x10007e84 @getenv+196    : extsh      r29, r29        : IntAlu :  D=0x000000000000444c  flags=(IsInteger)
 466500: global: Decode: Decoded std instruction: 0xf80100b0
 466500: system.cpu: A0 T0 : 0x10007e88 @getenv+200    : std        r0, 176(r1)     : MemWrite :  D=0x0000000010025184 A=0x7fffffffe8d0  flags=(IsInteger|IsStore)
 466750: global: Decode: Decoded b instruction: 0x480159cd
 466750: system.cpu: A0 T0 : 0x10007e8c @getenv+204    : bl         strlen          : IntAlu :  D=0x0000000010007e90  flags=(IsInteger|IsControl|IsDirectControl|IsUncondControl)
 467000: global: Decode: Decoded dcbt instruction: 0x7c001a2c
 467000: system.cpu: A0 T0 : 0x1001d858 @strlen    : dcbt                       : IntAlu :   flags=()
 467250: global: Decode: Decoded rldicr instruction: 0x78640724
 467250: system.cpu: A0 T0 : 0x1001d85c @strlen+4    : rldicr     r4, r3, 0, 60   : IntAlu :  D=0x000000001006ffd0  flags=(IsInteger)
 467500: global: Decode: Decoded addis instruction: 0x3ce07f7f
 467500: system.cpu: A0 T0 : 0x1001d860 @strlen+8    : lis        r7, 32639       : IntAlu :  D=0x000000007f7f0000  flags=(IsInteger)
 467750: global: Decode: Decoded rlwinm instruction: 0x54651eb8
 467750: system.cpu: A0 T0 : 0x1001d864 @strlen+12    : rlwinm     r5, r3, 3, 26, 28 : IntAlu :  D=0x0000000000000000  flags=(IsInteger)
 468000: global: Decode: Decoded ld instruction: 0xe9040000
 468000: system.cpu: A0 T0 : 0x1001d868 @strlen+16    : ld         r8, 0(r4)       : MemRead :  D=0x4c445f5741524e00 A=0x1006ffd0  flags=(IsInteger|IsLoad)
 468250: global: Decode: Decoded addi instruction: 0x38e77f7f
 468250: system.cpu: A0 T0 : 0x1001d86c @strlen+20    : addi       r7, r7, 32639   : IntAlu :  D=0x000000007f7f7f7f  flags=(IsInteger)
 468500: global: Decode: Decoded addi instruction: 0x3920ffff
 468500: system.cpu: A0 T0 : 0x1001d870 @strlen+24    : li         r9, -1          : IntAlu :  D=0xffffffffffffffff  flags=(IsInteger)
 468750: global: Decode: Decoded rldimi instruction: 0x78e7000e
 468750: system.cpu: A0 T0 : 0x1001d874 @strlen+28    : rldimi     r7, r7, 32, 0   : IntAlu :  D=0x7f7f7f7f7f7f7f7f  flags=(IsInteger)
 469000: global: Decode: Decoded srd instruction: 0x7d292c36
 469000: system.cpu: A0 T0 : 0x1001d878 @strlen+32    : srd        r9, r9, r5      : IntAlu :  D=0xffffffffffffffff  flags=(IsInteger)
 469250: global: Decode: Decoded and instruction: 0x7cea4038
 469250: system.cpu: A0 T0 : 0x1001d87c @strlen+36    : and        r10, r7, r8     : IntAlu :  D=0x4c445f5741524e00  flags=(IsInteger)
 469500: global: Decode: Decoded or instruction: 0x7ceb4378
 469500: system.cpu: A0 T0 : 0x1001d880 @strlen+40    : or         r11, r7, r8     : IntAlu :  D=0x7f7f7f7f7f7f7f7f  flags=(IsInteger)
 469750: global: Decode: Decoded addis instruction: 0x3cc0feff
 469750: system.cpu: A0 T0 : 0x1001d884 @strlen+44    : lis        r6, -257        : IntAlu :  D=0xfffffffffeff0000  flags=(IsInteger)
 470000: global: Decode: Decoded add instruction: 0x7d4a3a14
 470000: system.cpu: A0 T0 : 0x1001d888 @strlen+48    : add        r10, r10, r7    : IntAlu :  D=0xcbc3ded6c0d1cd7f  flags=(IsInteger)
 470250: global: Decode: Decoded addi instruction: 0x38c6feff
 470250: system.cpu: A0 T0 : 0x1001d88c @strlen+52    : subi       r6, r6, 257     : IntAlu :  D=0xfffffffffefefeff  flags=(IsInteger)
 470500: global: Decode: Decoded nor instruction: 0x7d6c50f8
 470500: system.cpu: A0 T0 : 0x1001d890 @strlen+56    : nor        r12, r11, r10   : IntAlu :  D=0x0000000000000080  flags=(IsInteger)
 470750: global: Decode: Decoded and instruction: 0x7d8c4839
 470750: system.cpu: A0 T0 : 0x1001d894 @strlen+60    : and.       r12, r12, r9    : IntAlu :  D=0x0000000042000024  flags=(IsInteger)
 471000: global: Decode: Decoded mtcrf instruction: 0x7c601120
 471000: system.cpu: A0 T0 : 0x1001d898 @strlen+64    : mtcrf      r3, r32         : IntAlu :  D=0x0000000042000020  flags=(IsInteger)
 471250: global: Decode: Decoded bc instruction: 0x40820070
 471250: system.cpu: A0 T0 : 0x1001d89c @strlen+68    : bc         2, 4, 0x1001d90c : IntAlu :  D=0x000000001005f058  flags=(IsInteger|IsControl|IsDirectControl|IsCondControl)
 471500: global: Decode: Decoded cntlzd instruction: 0x7d8c0074
 471500: system.cpu: A0 T0 : 0x1001d90c @strlen+180    : cntlzd     r12, r12        : IntAlu :  D=0x0000000000000038  flags=(IsInteger)
 471750: global: Decode: Decoded subf instruction: 0x7d432050
 471750: system.cpu: A0 T0 : 0x1001d910 @strlen+184    : subf       r10, r3, r4     : IntAlu :  D=0x0000000000000000  flags=(IsInteger)
 472000: global: Decode: Decoded rldicl instruction: 0x798ce8c2
 472000: system.cpu: A0 T0 : 0x1001d914 @strlen+188    : rldicl     r12, r12, 61, 3 : IntAlu :  D=0x0000000000000007  flags=(IsInteger)
 472250: global: Decode: Decoded add instruction: 0x7c6a6214
 472250: system.cpu: A0 T0 : 0x1001d918 @strlen+192    : add        r3, r10, r12    : IntAlu :  D=0x0000000000000007  flags=(IsInteger)
 472500: global: Decode: Decoded bclr instruction: 0x4e800020
 472500: system.cpu: A0 T0 : 0x1001d91c @strlen+196    : bclr       0, 20           : IntAlu :  D=0x000000001005f058  flags=(IsInteger|IsControl|IsIndirectControl|IsCondControl|IsReturn)
 472750: global: Decode: Decoded ori instruction: 0x60000000
 472750: system.cpu: A0 T0 : 0x10007e90 @getenv+208    : nop                        : IntAlu :  D=0x0000000010025184  flags=(IsInteger)
 473000: global: Decode: Decoded cmpi instruction: 0x2fbf0000
 473000: system.cpu: A0 T0 : 0x10007e94 @getenv+212    : cmpdi      cr7, r31, 0     : IntAlu :  D=0x0000000042000022  flags=(IsInteger)
 473250: global: Decode: Decoded or instruction: 0x7c7b1b78
 473250: system.cpu: A0 T0 : 0x10007e98 @getenv+216    : mr         r27, r3         : IntAlu :  D=0x0000000000000007  flags=(IsInteger)
 473500: global: Decode: Decoded addi instruction: 0x3b83fffe
 473500: system.cpu: A0 T0 : 0x10007e9c @getenv+220    : subi       r28, r3, 2      : IntAlu :  D=0x0000000000000005  flags=(IsInteger)
 473750: global: Decode: Decoded bc instruction: 0x409e001c
 473750: system.cpu: A0 T0 : 0x10007ea0 @getenv+224    : bc         30, 4, 0x10007ebc : IntAlu :  D=0x000000001005f058  flags=(IsInteger|IsControl|IsDirectControl|IsCondControl)
 474000: global: Decode: Decoded b instruction: 0x4800006c
 474000: system.cpu: A0 T0 : 0x10007ea4 @getenv+228    : b          0x10007f10      : IntAlu :   flags=(IsControl|IsDirectControl|IsUncondControl)
 474250: global: Decode: Decoded ld instruction: 0xe80100b0
 474250: system.cpu: A0 T0 : 0x10007f10 @getenv+336    : ld         r0, 176(r1)     : MemRead :  D=0x0000000010025184 A=0x7fffffffe8d0  flags=(IsInteger|IsLoad)
 474500: global: Decode: Decoded ld instruction: 0xeb410070
 474500: system.cpu: A0 T0 : 0x10007f14 @getenv+340    : ld         r26, 112(r1)    : MemRead :  D=0x0000000000000000 A=0x7fffffffe890  flags=(IsInteger|IsLoad)
 474750: global: Decode: Decoded ld instruction: 0xeb610078
 474750: system.cpu: A0 T0 : 0x10007f18 @getenv+344    : ld         r27, 120(r1)    : MemRead :  D=0x00000000100b00d8 A=0x7fffffffe898  flags=(IsInteger|IsLoad)
 475000: global: Decode: Decoded ld instruction: 0xeb810080
 475000: system.cpu: A0 T0 : 0x10007f1c @getenv+348    : ld         r28, 128(r1)    : MemRead :  D=0x0000000010000268 A=0x7fffffffe8a0  flags=(IsInteger|IsLoad)
 475250: global: Decode: Decoded ld instruction: 0xeba10088
 475250: system.cpu: A0 T0 : 0x10007f20 @getenv+352    : ld         r29, 136(r1)    : MemRead :  D=0x00000000100b35e8 A=0x7fffffffe8a8  flags=(IsInteger|IsLoad)
 475500: global: Decode: Decoded mtlr instruction: 0x7c0803a6
 475500: system.cpu: A0 T0 : 0x10007f24 @getenv+356    : mtlr       r0              : IntAlu :  D=0x0000000010025184  flags=(IsInteger)
 475750: global: Decode: Decoded addi instruction: 0x382100a0
 475750: system.cpu: A0 T0 : 0x10007f28 @getenv+360    : addi       r1, r1, 160     : IntAlu :  D=0x00007fffffffe8c0  flags=(IsInteger)
 476000: global: Decode: Decoded or instruction: 0x7fe3fb78
 476000: system.cpu: A0 T0 : 0x10007f2c @getenv+364    : mr         r3, r31         : IntAlu :  D=0x0000000000000000  flags=(IsInteger)
 476250: global: Decode: Decoded ld instruction: 0xebc1fff0
 476250: system.cpu: A0 T0 : 0x10007f30 @getenv+368    : ld         r30, -16(r1)    : MemRead :  D=0x00000000100b35b0 A=0x7fffffffe8b0  flags=(IsInteger|IsLoad)
 476500: global: Decode: Decoded ld instruction: 0xebe1fff8
 476500: system.cpu: A0 T0 : 0x10007f34 @getenv+372    : ld         r31, -8(r1)     : MemRead :  D=0x0000000000000001 A=0x7fffffffe8b8  flags=(IsInteger|IsLoad)
 476750: global: Decode: Decoded bclr instruction: 0x4e800020
 476750: system.cpu: A0 T0 : 0x10007f38 @getenv+376    : bclr       0, 20           : IntAlu :  D=0x000000001005f058  flags=(IsInteger|IsControl|IsIndirectControl|IsCondControl|IsReturn)
 477000: global: Decode: Decoded ori instruction: 0x60000000
 477000: system.cpu: A0 T0 : 0x10025184 @_dl_non_dynamic_init+116    : nop                        : IntAlu :  D=0x0000000010025184  flags=(IsInteger)
 477250: global: Decode: Decoded cmpi instruction: 0x2c230000
 477250: system.cpu: A0 T0 : 0x10025188 @_dl_non_dynamic_init+120    : cmpdi      r3, 0           : IntAlu :  D=0x0000000022000022  flags=(IsInteger)
 477500: global: Decode: Decoded bc instruction: 0x418208a4
 477500: system.cpu: A0 T0 : 0x1002518c @_dl_non_dynamic_init+124    : bc         2, 12, 0x10025a30 : IntAlu :  D=0x000000001005f058  flags=(IsInteger|IsControl|IsDirectControl|IsCondControl)
 477750: global: Decode: Decoded addi instruction: 0x39200000
 477750: system.cpu: A0 T0 : 0x10025a30 @_dl_non_dynamic_init+2336    : li         r9, 0           : IntAlu :  D=0x0000000000000000  flags=(IsInteger)
 478000: global: Decode: Decoded b instruction: 0x4bfff76c
 478000: system.cpu: A0 T0 : 0x10025a34 @_dl_non_dynamic_init+2340    : b          0x100251a0      : IntAlu :   flags=(IsControl|IsDirectControl|IsUncondControl)
 478250: global: Decode: Decoded ori instruction: 0x60000000
 478250: system.cpu: A0 T0 : 0x100251a0 @_dl_non_dynamic_init+144    : nop                        : IntAlu :  D=0x0000000010025184  flags=(IsInteger)
 478500: global: Decode: Decoded addi instruction: 0x3b82b8d0
 478500: system.cpu: A0 T0 : 0x100251a4 @_dl_non_dynamic_init+148    : subi       r28, r2, 18224  : IntAlu :  D=0x00000000100b35d0  flags=(IsInteger)
 478750: global: Decode: Decoded ori instruction: 0x60000000
 478750: system.cpu: A0 T0 : 0x100251a8 @_dl_non_dynamic_init+152    : nop                        : IntAlu :  D=0x0000000010025184  flags=(IsInteger)
 479000: global: Decode: Decoded addi instruction: 0x3902b8e0
 479000: system.cpu: A0 T0 : 0x100251ac @_dl_non_dynamic_init+156    : subi       r8, r2, 18208   : IntAlu :  D=0x00000000100b35e0  flags=(IsInteger)
 479250: global: Decode: Decoded ld instruction: 0xe95c0000
 479250: system.cpu: A0 T0 : 0x100251b0 @_dl_non_dynamic_init+160    : ld         r10, 0(r28)     : MemRead :  D=0x0000000000000000 A=0x100b35d0  flags=(IsInteger|IsLoad)
 479500: global: Decode: Decoded stw instruction: 0x91280000
 479500: system.cpu: A0 T0 : 0x100251b4 @_dl_non_dynamic_init+164    : stw        r9, 0(r8)       : MemWrite :  D=0x0000000000000000 A=0x100b35e0  flags=(IsInteger|IsStore)
 479750: global: Decode: Decoded cmpi instruction: 0x2faa0000
 479750: system.cpu: A0 T0 : 0x100251b8 @_dl_non_dynamic_init+168    : cmpdi      cr7, r10, 0     : IntAlu :  D=0x0000000022000022  flags=(IsInteger)
 480000: global: Decode: Decoded bc instruction: 0x419e04e8
 480000: system.cpu: A0 T0 : 0x100251bc @_dl_non_dynamic_init+172    : bc         30, 12, 0x100256a4 : IntAlu :  D=0x000000001005f058  flags=(IsInteger|IsControl|IsDirectControl|IsCondControl)
 480250: global: Decode: Decoded addis instruction: 0x3c62fffc
 480250: system.cpu: A0 T0 : 0x100256a4 @_dl_non_dynamic_init+1428    : subis      r3, r2, 4       : IntAlu :  D=0x0000000010077d00  flags=(IsInteger)
 480500: global: Decode: Decoded addi instruction: 0x386383c8
 480500: system.cpu: A0 T0 : 0x100256a8 @_dl_non_dynamic_init+1432    : subi       r3, r3, 31800   : IntAlu :  D=0x00000000100700c8  flags=(IsInteger)
 480750: global: Decode: Decoded b instruction: 0x4bfe2715
 480750: system.cpu: A0 T0 : 0x100256ac @_dl_non_dynamic_init+1436    : bl         getenv          : IntAlu :  D=0x00000000100256b0  flags=(IsInteger|IsControl|IsDirectControl|IsUncondControl)
 481000: global: Decode: Decoded ori instruction: 0x60000000
 481000: system.cpu: A0 T0 : 0x10007dc0 @getenv    : nop                        : IntAlu :  D=0x0000000010025184  flags=(IsInteger)
 481250: global: Decode: Decoded addi instruction: 0x3922ae50
 481250: system.cpu: A0 T0 : 0x10007dc4 @getenv+4    : subi       r9, r2, 20912   : IntAlu :  D=0x00000000100b2b50  flags=(IsInteger)
 481500: global: Decode: Decoded std instruction: 0xfbc1fff0
 481500: system.cpu: A0 T0 : 0x10007dc8 @getenv+8    : std        r30, -16(r1)    : MemWrite :  D=0x00000000100b35b0 A=0x7fffffffe8b0  flags=(IsInteger|IsStore)
 481750: global: Decode: Decoded std instruction: 0xfbe1fff8
 481750: system.cpu: A0 T0 : 0x10007dcc @getenv+12    : std        r31, -8(r1)     : MemWrite :  D=0x0000000000000001 A=0x7fffffffe8b8  flags=(IsInteger|IsStore)
 482000: global: Decode: Decoded stdu instruction: 0xf821ff61
 482000: system.cpu: A0 T0 : 0x10007dd0 @getenv+16    : stdu       r1, -160(r1)    : MemWrite :  D=0x00007fffffffe820 A=0x7fffffffe820  flags=(IsInteger|IsStore)
 482250: global: Decode: Decoded ld instruction: 0xebc90000
 482250: system.cpu: A0 T0 : 0x10007dd4 @getenv+20    : ld         r30, 0(r9)      : MemRead :  D=0x00007fffffffee48 A=0x100b2b50  flags=(IsInteger|IsLoad)
 482500: global: Decode: Decoded cmpi instruction: 0x2fbe0000
 482500: system.cpu: A0 T0 : 0x10007dd8 @getenv+24    : cmpdi      cr7, r30, 0     : IntAlu :  D=0x0000000022000024  flags=(IsInteger)
 482750: global: Decode: Decoded bc instruction: 0x419e01a4
 482750: system.cpu: A0 T0 : 0x10007ddc @getenv+28    : bc         30, 12, 0x10007f80 : IntAlu :  D=0x000000001005f058  flags=(IsInteger|IsControl|IsDirectControl|IsCondControl)
 483000: global: Decode: Decoded std instruction: 0xfb410070
 483000: system.cpu: A0 T0 : 0x10007de0 @getenv+32    : std        r26, 112(r1)    : MemWrite :  D=0x0000000000000000 A=0x7fffffffe890  flags=(IsInteger|IsStore)
 483250: global: Decode: Decoded or instruction: 0x7c7a1b78
 483250: system.cpu: A0 T0 : 0x10007de4 @getenv+36    : mr         r26, r3         : IntAlu :  D=0x00000000100700c8  flags=(IsInteger)
 483500: global: Decode: Decoded lbz instruction: 0x89230000
 483500: system.cpu: A0 T0 : 0x10007de8 @getenv+40    : lbz        r9, 0(r3)       : MemRead :  D=0x000000000000004c A=0x100700c8  flags=(IsInteger|IsLoad)
 483750: global: Decode: Decoded cmpi instruction: 0x2fa90000
 483750: system.cpu: A0 T0 : 0x10007dec @getenv+44    : cmpdi      cr7, r9, 0      : IntAlu :  D=0x0000000022000024  flags=(IsInteger)
 484000: global: Decode: Decoded bc instruction: 0x419e0170
 484000: system.cpu: A0 T0 : 0x10007df0 @getenv+48    : bc         30, 12, 0x10007f60 : IntAlu :  D=0x000000001005f058  flags=(IsInteger|IsControl|IsDirectControl|IsCondControl)
 484250: global: Decode: Decoded std instruction: 0xfb810080
 484250: system.cpu: A0 T0 : 0x10007df4 @getenv+52    : std        r28, 128(r1)    : MemWrite :  D=0x00000000100b35d0 A=0x7fffffffe8a0  flags=(IsInteger|IsStore)
 484500: global: Decode: Decoded std instruction: 0xfba10088
 484500: system.cpu: A0 T0 : 0x10007df8 @getenv+56    : std        r29, 136(r1)    : MemWrite :  D=0x00000000100b35e8 A=0x7fffffffe8a8  flags=(IsInteger|IsStore)
 484750: global: Decode: Decoded extsh instruction: 0x7d3c0734
 484750: system.cpu: A0 T0 : 0x10007dfc @getenv+60    : extsh      r28, r9         : IntAlu :  D=0x000000000000004c  flags=(IsInteger)
 485000: global: Decode: Decoded ld instruction: 0xebfe0000
 485000: system.cpu: A0 T0 : 0x10007e00 @getenv+64    : ld         r31, 0(r30)     : MemRead :  D=0x0000000000000000 A=0x7fffffffee48  flags=(IsInteger|IsLoad)
 485250: global: Decode: Decoded lbz instruction: 0x8ba30001
 485250: system.cpu: A0 T0 : 0x10007e04 @getenv+68    : lbz        r29, 1(r3)      : MemRead :  D=0x0000000000000044 A=0x100700c9  flags=(IsInteger|IsLoad)
 485500: global: Decode: Decoded cmpi instruction: 0x2fbd0000
 485500: system.cpu: A0 T0 : 0x10007e08 @getenv+72    : cmpdi      cr7, r29, 0     : IntAlu :  D=0x0000000022000024  flags=(IsInteger)
 485750: global: Decode: Decoded bc instruction: 0x409e0064
 485750: system.cpu: A0 T0 : 0x10007e0c @getenv+76    : bc         30, 4, 0x10007e70 : IntAlu :  D=0x000000001005f058  flags=(IsInteger|IsControl|IsDirectControl|IsCondControl)
 486000: global: Decode: Decoded mflr instruction: 0x7c0802a6
 486000: system.cpu: A0 T0 : 0x10007e70 @getenv+176    : mflr       r0              : IntAlu :  D=0x00000000100256b0  flags=(IsInteger)
 486250: global: Decode: Decoded std instruction: 0xfb610078
 486250: system.cpu: A0 T0 : 0x10007e74 @getenv+180    : std        r27, 120(r1)    : MemWrite :  D=0x00000000100b00d8 A=0x7fffffffe898  flags=(IsInteger|IsStore)
 486500: global: Decode: Decoded rlwinm instruction: 0x57bd402e
 486500: system.cpu: A0 T0 : 0x10007e78 @getenv+184    : rlwinm     r29, r29, 8, 0, 23 : IntAlu :  D=0x0000000000004400  flags=(IsInteger)
 486750: global: Decode: Decoded or instruction: 0x7fbde378
 486750: system.cpu: A0 T0 : 0x10007e7c @getenv+188    : or         r29, r29, r28   : IntAlu :  D=0x000000000000444c  flags=(IsInteger)
 487000: global: Decode: Decoded addi instruction: 0x3b5a0002
 487000: system.cpu: A0 T0 : 0x10007e80 @getenv+192    : addi       r26, r26, 2     : IntAlu :  D=0x00000000100700ca  flags=(IsInteger)
 487250: global: Decode: Decoded extsh instruction: 0x7fbd0734
 487250: system.cpu: A0 T0 : 0x10007e84 @getenv+196    : extsh      r29, r29        : IntAlu :  D=0x000000000000444c  flags=(IsInteger)
 487500: global: Decode: Decoded std instruction: 0xf80100b0
 487500: system.cpu: A0 T0 : 0x10007e88 @getenv+200    : std        r0, 176(r1)     : MemWrite :  D=0x00000000100256b0 A=0x7fffffffe8d0  flags=(IsInteger|IsStore)
 487750: global: Decode: Decoded b instruction: 0x480159cd
 487750: system.cpu: A0 T0 : 0x10007e8c @getenv+204    : bl         strlen          : IntAlu :  D=0x0000000010007e90  flags=(IsInteger|IsControl|IsDirectControl|IsUncondControl)
 488000: global: Decode: Decoded dcbt instruction: 0x7c001a2c
 488000: system.cpu: A0 T0 : 0x1001d858 @strlen    : dcbt                       : IntAlu :   flags=()
 488250: global: Decode: Decoded rldicr instruction: 0x78640724
 488250: system.cpu: A0 T0 : 0x1001d85c @strlen+4    : rldicr     r4, r3, 0, 60   : IntAlu :  D=0x00000000100700c8  flags=(IsInteger)
 488500: global: Decode: Decoded addis instruction: 0x3ce07f7f
 488500: system.cpu: A0 T0 : 0x1001d860 @strlen+8    : lis        r7, 32639       : IntAlu :  D=0x000000007f7f0000  flags=(IsInteger)
 488750: global: Decode: Decoded rlwinm instruction: 0x54651eb8
 488750: system.cpu: A0 T0 : 0x1001d864 @strlen+12    : rlwinm     r5, r3, 3, 26, 28 : IntAlu :  D=0x0000000000000000  flags=(IsInteger)
 489000: global: Decode: Decoded ld instruction: 0xe9040000
 489000: system.cpu: A0 T0 : 0x1001d868 @strlen+16    : ld         r8, 0(r4)       : MemRead :  D=0x4c445f4c49425241 A=0x100700c8  flags=(IsInteger|IsLoad)
 489250: global: Decode: Decoded addi instruction: 0x38e77f7f
 489250: system.cpu: A0 T0 : 0x1001d86c @strlen+20    : addi       r7, r7, 32639   : IntAlu :  D=0x000000007f7f7f7f  flags=(IsInteger)
 489500: global: Decode: Decoded addi instruction: 0x3920ffff
 489500: system.cpu: A0 T0 : 0x1001d870 @strlen+24    : li         r9, -1          : IntAlu :  D=0xffffffffffffffff  flags=(IsInteger)
 489750: global: Decode: Decoded rldimi instruction: 0x78e7000e
 489750: system.cpu: A0 T0 : 0x1001d874 @strlen+28    : rldimi     r7, r7, 32, 0   : IntAlu :  D=0x7f7f7f7f7f7f7f7f  flags=(IsInteger)
 490000: global: Decode: Decoded srd instruction: 0x7d292c36
 490000: system.cpu: A0 T0 : 0x1001d878 @strlen+32    : srd        r9, r9, r5      : IntAlu :  D=0xffffffffffffffff  flags=(IsInteger)
 490250: global: Decode: Decoded and instruction: 0x7cea4038
 490250: system.cpu: A0 T0 : 0x1001d87c @strlen+36    : and        r10, r7, r8     : IntAlu :  D=0x4c445f4c49425241  flags=(IsInteger)
 490500: global: Decode: Decoded or instruction: 0x7ceb4378
 490500: system.cpu: A0 T0 : 0x1001d880 @strlen+40    : or         r11, r7, r8     : IntAlu :  D=0x7f7f7f7f7f7f7f7f  flags=(IsInteger)
 490750: global: Decode: Decoded addis instruction: 0x3cc0feff
 490750: system.cpu: A0 T0 : 0x1001d884 @strlen+44    : lis        r6, -257        : IntAlu :  D=0xfffffffffeff0000  flags=(IsInteger)
 491000: global: Decode: Decoded add instruction: 0x7d4a3a14
 491000: system.cpu: A0 T0 : 0x1001d888 @strlen+48    : add        r10, r10, r7    : IntAlu :  D=0xcbc3decbc8c1d1c0  flags=(IsInteger)
 491250: global: Decode: Decoded addi instruction: 0x38c6feff
 491250: system.cpu: A0 T0 : 0x1001d88c @strlen+52    : subi       r6, r6, 257     : IntAlu :  D=0xfffffffffefefeff  flags=(IsInteger)
 491500: global: Decode: Decoded nor instruction: 0x7d6c50f8
 491500: system.cpu: A0 T0 : 0x1001d890 @strlen+56    : nor        r12, r11, r10   : IntAlu :  D=0x0000000000000000  flags=(IsInteger)
 491750: global: Decode: Decoded and instruction: 0x7d8c4839
 491750: system.cpu: A0 T0 : 0x1001d894 @strlen+60    : and.       r12, r12, r9    : IntAlu :  D=0x0000000022000024  flags=(IsInteger)
 492000: global: Decode: Decoded mtcrf instruction: 0x7c601120
 492000: system.cpu: A0 T0 : 0x1001d898 @strlen+64    : mtcrf      r3, r32         : IntAlu :  D=0x0000000022000028  flags=(IsInteger)
 492250: global: Decode: Decoded bc instruction: 0x40820070
 492250: system.cpu: A0 T0 : 0x1001d89c @strlen+68    : bc         2, 4, 0x1001d90c : IntAlu :  D=0x000000001005f058  flags=(IsInteger|IsControl|IsDirectControl|IsCondControl)
 492500: global: Decode: Decoded rldicr instruction: 0x78ca07c6
 492500: system.cpu: A0 T0 : 0x1001d8a0 @strlen+72    : rldicr     r10, r6, 32, 31 : IntAlu :  D=0xfefefeff00000000  flags=(IsInteger)
 492750: global: Decode: Decoded add instruction: 0x7cc65214
 492750: system.cpu: A0 T0 : 0x1001d8a4 @strlen+76    : add        r6, r6, r10     : IntAlu :  D=0xfefefefefefefeff  flags=(IsInteger)
 493000: global: Decode: Decoded bc instruction: 0x419c001c
 493000: system.cpu: A0 T0 : 0x1001d8a8 @strlen+80    : bc         28, 12, 0x1001d8c4 : IntAlu :  D=0x000000001005f058  flags=(IsInteger|IsControl|IsDirectControl|IsCondControl)
 493250: global: Decode: Decoded ld instruction: 0xe9040008
 493250: system.cpu: A0 T0 : 0x1001d8c4 @strlen+108    : ld         r8, 8(r4)       : MemRead :  D=0x52595f5041544800 A=0x100700d0  flags=(IsInteger|IsLoad)
 493500: global: Decode: Decoded ldu instruction: 0xe9240011
 493500: system.cpu: A0 T0 : 0x1001d8c8 @strlen+112    : ldu        r9, 16(r4)      : MemRead :  D=0x4c445f42494e445f A=0x100700d8  flags=(IsInteger|IsLoad)
 493750: global: Decode: Decoded add instruction: 0x7d464214
 493750: system.cpu: A0 T0 : 0x1001d8cc @strlen+116    : add        r10, r6, r8     : IntAlu :  D=0x51585e4f405346ff  flags=(IsInteger)
 494000: global: Decode: Decoded nor instruction: 0x7ceb40f8
 494000: system.cpu: A0 T0 : 0x1001d8d0 @strlen+120    : nor        r11, r7, r8     : IntAlu :  D=0x8080808080808080  flags=(IsInteger)
 494250: global: Decode: Decoded and instruction: 0x7d4a5839
 494250: system.cpu: A0 T0 : 0x1001d8d4 @strlen+124    : and.       r10, r10, r11   : IntAlu :  D=0x0000000042000028  flags=(IsInteger)
 494500: global: Decode: Decoded add instruction: 0x7d864a14
 494500: system.cpu: A0 T0 : 0x1001d8d8 @strlen+128    : add        r12, r6, r9     : IntAlu :  D=0x4b435e41484d435e  flags=(IsInteger)
 494750: global: Decode: Decoded nor instruction: 0x7ce048f8
 494750: system.cpu: A0 T0 : 0x1001d8dc @strlen+132    : nor        r0, r7, r9      : IntAlu :  D=0x8080808080808080  flags=(IsInteger)
 495000: global: Decode: Decoded bc instruction: 0x4082001c
 495000: system.cpu: A0 T0 : 0x1001d8e0 @strlen+136    : bc         2, 4, 0x1001d8fc : IntAlu :  D=0x000000001005f058  flags=(IsInteger|IsControl|IsDirectControl|IsCondControl)
 495250: global: Decode: Decoded and instruction: 0x7cea4038
 495250: system.cpu: A0 T0 : 0x1001d8fc @strlen+164    : and        r10, r7, r8     : IntAlu :  D=0x52595f5041544800  flags=(IsInteger)
 495500: global: Decode: Decoded addi instruction: 0x3884fff8
 495500: system.cpu: A0 T0 : 0x1001d900 @strlen+168    : subi       r4, r4, 8       : IntAlu :  D=0x00000000100700d0  flags=(IsInteger)
 495750: global: Decode: Decoded add instruction: 0x7d4a3a14
 495750: system.cpu: A0 T0 : 0x1001d904 @strlen+172    : add        r10, r10, r7    : IntAlu :  D=0xd1d8decfc0d3c77f  flags=(IsInteger)
 496000: global: Decode: Decoded andc instruction: 0x7d6c5078
 496000: system.cpu: A0 T0 : 0x1001d908 @strlen+176    : andc       r12, r11, r10   : IntAlu :  D=0x0000000000000080  flags=(IsInteger)
 496250: global: Decode: Decoded cntlzd instruction: 0x7d8c0074
 496250: system.cpu: A0 T0 : 0x1001d90c @strlen+180    : cntlzd     r12, r12        : IntAlu :  D=0x0000000000000038  flags=(IsInteger)
 496500: global: Decode: Decoded subf instruction: 0x7d432050
 496500: system.cpu: A0 T0 : 0x1001d910 @strlen+184    : subf       r10, r3, r4     : IntAlu :  D=0x0000000000000008  flags=(IsInteger)
 496750: global: Decode: Decoded rldicl instruction: 0x798ce8c2
 496750: system.cpu: A0 T0 : 0x1001d914 @strlen+188    : rldicl     r12, r12, 61, 3 : IntAlu :  D=0x0000000000000007  flags=(IsInteger)
 497000: global: Decode: Decoded add instruction: 0x7c6a6214
 497000: system.cpu: A0 T0 : 0x1001d918 @strlen+192    : add        r3, r10, r12    : IntAlu :  D=0x000000000000000f  flags=(IsInteger)
 497250: global: Decode: Decoded bclr instruction: 0x4e800020
 497250: system.cpu: A0 T0 : 0x1001d91c @strlen+196    : bclr       0, 20           : IntAlu :  D=0x000000001005f058  flags=(IsInteger|IsControl|IsIndirectControl|IsCondControl|IsReturn)
 497500: global: Decode: Decoded ori instruction: 0x60000000
 497500: system.cpu: A0 T0 : 0x10007e90 @getenv+208    : nop                        : IntAlu :  D=0x8080808080808080  flags=(IsInteger)
 497750: global: Decode: Decoded cmpi instruction: 0x2fbf0000
 497750: system.cpu: A0 T0 : 0x10007e94 @getenv+212    : cmpdi      cr7, r31, 0     : IntAlu :  D=0x0000000042000022  flags=(IsInteger)
 498000: global: Decode: Decoded or instruction: 0x7c7b1b78
 498000: system.cpu: A0 T0 : 0x10007e98 @getenv+216    : mr         r27, r3         : IntAlu :  D=0x000000000000000f  flags=(IsInteger)
 498250: global: Decode: Decoded addi instruction: 0x3b83fffe
 498250: system.cpu: A0 T0 : 0x10007e9c @getenv+220    : subi       r28, r3, 2      : IntAlu :  D=0x000000000000000d  flags=(IsInteger)
 498500: global: Decode: Decoded bc instruction: 0x409e001c
 498500: system.cpu: A0 T0 : 0x10007ea0 @getenv+224    : bc         30, 4, 0x10007ebc : IntAlu :  D=0x000000001005f058  flags=(IsInteger|IsControl|IsDirectControl|IsCondControl)
 498750: global: Decode: Decoded b instruction: 0x4800006c
 498750: system.cpu: A0 T0 : 0x10007ea4 @getenv+228    : b          0x10007f10      : IntAlu :   flags=(IsControl|IsDirectControl|IsUncondControl)
 499000: global: Decode: Decoded ld instruction: 0xe80100b0
 499000: system.cpu: A0 T0 : 0x10007f10 @getenv+336    : ld         r0, 176(r1)     : MemRead :  D=0x00000000100256b0 A=0x7fffffffe8d0  flags=(IsInteger|IsLoad)
 499250: global: Decode: Decoded ld instruction: 0xeb410070
 499250: system.cpu: A0 T0 : 0x10007f14 @getenv+340    : ld         r26, 112(r1)    : MemRead :  D=0x0000000000000000 A=0x7fffffffe890  flags=(IsInteger|IsLoad)
 499500: global: Decode: Decoded ld instruction: 0xeb610078
 499500: system.cpu: A0 T0 : 0x10007f18 @getenv+344    : ld         r27, 120(r1)    : MemRead :  D=0x00000000100b00d8 A=0x7fffffffe898  flags=(IsInteger|IsLoad)
 499750: global: Decode: Decoded ld instruction: 0xeb810080
 499750: system.cpu: A0 T0 : 0x10007f1c @getenv+348    : ld         r28, 128(r1)    : MemRead :  D=0x00000000100b35d0 A=0x7fffffffe8a0  flags=(IsInteger|IsLoad)
 500000: global: Decode: Decoded ld instruction: 0xeba10088
 500000: system.cpu: A0 T0 : 0x10007f20 @getenv+352    : ld         r29, 136(r1)    : MemRead :  D=0x00000000100b35e8 A=0x7fffffffe8a8  flags=(IsInteger|IsLoad)
 500250: global: Decode: Decoded mtlr instruction: 0x7c0803a6
 500250: system.cpu: A0 T0 : 0x10007f24 @getenv+356    : mtlr       r0              : IntAlu :  D=0x00000000100256b0  flags=(IsInteger)
 500500: global: Decode: Decoded addi instruction: 0x382100a0
 500500: system.cpu: A0 T0 : 0x10007f28 @getenv+360    : addi       r1, r1, 160     : IntAlu :  D=0x00007fffffffe8c0  flags=(IsInteger)
 500750: global: Decode: Decoded or instruction: 0x7fe3fb78
 500750: system.cpu: A0 T0 : 0x10007f2c @getenv+364    : mr         r3, r31         : IntAlu :  D=0x0000000000000000  flags=(IsInteger)
 501000: global: Decode: Decoded ld instruction: 0xebc1fff0
 501000: system.cpu: A0 T0 : 0x10007f30 @getenv+368    : ld         r30, -16(r1)    : MemRead :  D=0x00000000100b35b0 A=0x7fffffffe8b0  flags=(IsInteger|IsLoad)
 501250: global: Decode: Decoded ld instruction: 0xebe1fff8
 501250: system.cpu: A0 T0 : 0x10007f34 @getenv+372    : ld         r31, -8(r1)     : MemRead :  D=0x0000000000000001 A=0x7fffffffe8b8  flags=(IsInteger|IsLoad)
 501500: global: Decode: Decoded bclr instruction: 0x4e800020
 501500: system.cpu: A0 T0 : 0x10007f38 @getenv+376    : bclr       0, 20           : IntAlu :  D=0x000000001005f058  flags=(IsInteger|IsControl|IsIndirectControl|IsCondControl|IsReturn)
 501750: global: Decode: Decoded ori instruction: 0x60000000
 501750: system.cpu: A0 T0 : 0x100256b0 @_dl_non_dynamic_init+1440    : nop                        : IntAlu :  D=0x00000000100256b0  flags=(IsInteger)
 502000: global: Decode: Decoded b instruction: 0x4802885d
 502000: system.cpu: A0 T0 : 0x100256b4 @_dl_non_dynamic_init+1444    : bl         _dl_init_paths  : IntAlu :  D=0x00000000100256b8  flags=(IsInteger|IsControl|IsDirectControl|IsUncondControl)
 502250: global: Decode: Decoded mflr instruction: 0x7c0802a6
 502250: system.cpu: A0 T0 : 0x1004df10 @_dl_init_paths    : mflr       r0              : IntAlu :  D=0x00000000100256b8  flags=(IsInteger)
 502500: global: Decode: Decoded std instruction: 0xfb41ffd0
 502500: system.cpu: A0 T0 : 0x1004df14 @_dl_init_paths+4    : std        r26, -48(r1)    : MemWrite :  D=0x0000000000000000 A=0x7fffffffe890  flags=(IsInteger|IsStore)
 502750: global: Decode: Decoded std instruction: 0xfb81ffe0
 502750: system.cpu: A0 T0 : 0x1004df18 @_dl_init_paths+8    : std        r28, -32(r1)    : MemWrite :  D=0x00000000100b35d0 A=0x7fffffffe8a0  flags=(IsInteger|IsStore)
 503000: global: Decode: Decoded or instruction: 0x7c7a1b78
 503000: system.cpu: A0 T0 : 0x1004df1c @_dl_init_paths+12    : mr         r26, r3         : IntAlu :  D=0x0000000000000000  flags=(IsInteger)
 503250: global: Decode: Decoded std instruction: 0xfbe1fff8
 503250: system.cpu: A0 T0 : 0x1004df20 @_dl_init_paths+16    : std        r31, -8(r1)     : MemWrite :  D=0x0000000000000001 A=0x7fffffffe8b8  flags=(IsInteger|IsStore)
 503500: global: Decode: Decoded ori instruction: 0x60000000
 503500: system.cpu: A0 T0 : 0x1004df24 @_dl_init_paths+20    : nop                        : IntAlu :  D=0x00000000100256b8  flags=(IsInteger)
 503750: global: Decode: Decoded addi instruction: 0x3942b858
 503750: system.cpu: A0 T0 : 0x1004df28 @_dl_init_paths+24    : subi       r10, r2, 18344  : IntAlu :  D=0x00000000100b3558  flags=(IsInteger)
 504000: global: Decode: Decoded ori instruction: 0x60000000
 504000: system.cpu: A0 T0 : 0x1004df2c @_dl_init_paths+28    : nop                        : IntAlu :  D=0x00000000100256b8  flags=(IsInteger)
 504250: global: Decode: Decoded addi instruction: 0x3922b890
 504250: system.cpu: A0 T0 : 0x1004df30 @_dl_init_paths+32    : subi       r9, r2, 18288   : IntAlu :  D=0x00000000100b3590  flags=(IsInteger)
 504500: global: Decode: Decoded addis instruction: 0x3f82ffff
 504500: system.cpu: A0 T0 : 0x1004df34 @_dl_init_paths+36    : subis      r28, r2, 1      : IntAlu :  D=0x00000000100a7d00  flags=(IsInteger)
 504750: global: Decode: Decoded std instruction: 0xfb61ffd8
 504750: system.cpu: A0 T0 : 0x1004df38 @_dl_init_paths+40    : std        r27, -40(r1)    : MemWrite :  D=0x00000000100b00d8 A=0x7fffffffe898  flags=(IsInteger|IsStore)
 505000: global: Decode: Decoded std instruction: 0xfba1ffe8
 505000: system.cpu: A0 T0 : 0x1004df3c @_dl_init_paths+44    : std        r29, -24(r1)    : MemWrite :  D=0x00000000100b35e8 A=0x7fffffffe8a8  flags=(IsInteger|IsStore)
 505250: global: Decode: Decoded addi instruction: 0x3b9c2830
 505250: system.cpu: A0 T0 : 0x1004df40 @_dl_init_paths+48    : addi       r28, r28, 10288 : IntAlu :  D=0x00000000100aa530  flags=(IsInteger)
 505500: global: Decode: Decoded std instruction: 0xfbc1fff0
 505500: system.cpu: A0 T0 : 0x1004df44 @_dl_init_paths+52    : std        r30, -16(r1)    : MemWrite :  D=0x00000000100b35b0 A=0x7fffffffe8b0  flags=(IsInteger|IsStore)
 505750: global: Decode: Decoded addi instruction: 0x38dc0008
 505750: system.cpu: A0 T0 : 0x1004df48 @_dl_init_paths+56    : addi       r6, r28, 8      : IntAlu :  D=0x00000000100aa538  flags=(IsInteger)
 506000: global: Decode: Decoded addi instruction: 0x38bc0010
 506000: system.cpu: A0 T0 : 0x1004df4c @_dl_init_paths+60    : addi       r5, r28, 16     : IntAlu :  D=0x00000000100aa540  flags=(IsInteger)
 506250: global: Decode: Decoded std instruction: 0xf8010010
 506250: system.cpu: A0 T0 : 0x1004df50 @_dl_init_paths+64    : std        r0, 16(r1)      : MemWrite :  D=0x00000000100256b8 A=0x7fffffffe8d0  flags=(IsInteger|IsStore)
 506500: global: Decode: Decoded stdu instruction: 0xf821ff61
 506500: system.cpu: A0 T0 : 0x1004df54 @_dl_init_paths+68    : stdu       r1, -160(r1)    : MemWrite :  D=0x00007fffffffe820 A=0x7fffffffe820  flags=(IsInteger|IsStore)
 506750: global: Decode: Decoded ld instruction: 0xe88a0000
 506750: system.cpu: A0 T0 : 0x1004df58 @_dl_init_paths+72    : ld         r4, 0(r10)      : MemRead :  D=0x0000000000000000 A=0x100b3558  flags=(IsInteger|IsLoad)
 507000: global: Decode: Decoded ld instruction: 0xe8690000
 507000: system.cpu: A0 T0 : 0x1004df5c @_dl_init_paths+76    : ld         r3, 0(r9)       : MemRead :  D=0x00007fffffffef7f A=0x100b3590  flags=(IsInteger|IsLoad)
 507250: global: Decode: Decoded or instruction: 0x7c3f0b78
 507250: system.cpu: A0 T0 : 0x1004df60 @_dl_init_paths+80    : mr         r31, r1         : IntAlu :  D=0x00007fffffffe820  flags=(IsInteger)
 507500: global: Decode: Decoded b instruction: 0x48005f1d
 507500: system.cpu: A0 T0 : 0x1004df64 @_dl_init_paths+84    : bl         _dl_important_hwcaps : IntAlu :  D=0x000000001004df68  flags=(IsInteger|IsControl|IsDirectControl|IsUncondControl)
 507750: global: Decode: Decoded mflr instruction: 0x7c0802a6
 507750: system.cpu: A0 T0 : 0x10053e80 @_dl_important_hwcaps    : mflr       r0              : IntAlu :  D=0x000000001004df68  flags=(IsInteger)
 508000: global: Decode: Decoded std instruction: 0xfac1ffb0
 508000: system.cpu: A0 T0 : 0x10053e84 @_dl_important_hwcaps+4    : std        r22, -80(r1)    : MemWrite :  D=0x0000000000000000 A=0x7fffffffe7d0  flags=(IsInteger|IsStore)
 508250: global: Decode: Decoded std instruction: 0xfae1ffb8
 508250: system.cpu: A0 T0 : 0x10053e88 @_dl_important_hwcaps+8    : std        r23, -72(r1)    : MemWrite :  D=0x00000000100b3590 A=0x7fffffffe7d8  flags=(IsInteger|IsStore)
 508500: global: Decode: Decoded mfcr instruction: 0x7d800026
 508500: system.cpu: A0 T0 : 0x10053e8c @_dl_important_hwcaps+12    : mfcr       r12             : IntAlu :  D=0x0000000042000022  flags=(IsInteger)
 508750: global: Decode: Decoded std instruction: 0xfb01ffc0
 508750: system.cpu: A0 T0 : 0x10053e90 @_dl_important_hwcaps+16    : std        r24, -64(r1)    : MemWrite :  D=0x00000000100b2b60 A=0x7fffffffe7e0  flags=(IsInteger|IsStore)
 509000: global: Decode: Decoded std instruction: 0xfb21ffc8
 509000: system.cpu: A0 T0 : 0x10053e94 @_dl_important_hwcaps+20    : std        r25, -56(r1)    : MemWrite :  D=0x00000000100b2b70 A=0x7fffffffe7e8  flags=(IsInteger|IsStore)
 509250: global: Decode: Decoded or instruction: 0x7c992378
 509250: system.cpu: A0 T0 : 0x10053e98 @_dl_important_hwcaps+24    : mr         r25, r4         : IntAlu :  D=0x0000000000000000  flags=(IsInteger)
 509500: global: Decode: Decoded std instruction: 0xfb41ffd0
 509500: system.cpu: A0 T0 : 0x10053e9c @_dl_important_hwcaps+28    : std        r26, -48(r1)    : MemWrite :  D=0x0000000000000000 A=0x7fffffffe7f0  flags=(IsInteger|IsStore)
 509750: global: Decode: Decoded std instruction: 0xfb81ffe0
 509750: system.cpu: A0 T0 : 0x10053ea0 @_dl_important_hwcaps+32    : std        r28, -32(r1)    : MemWrite :  D=0x00000000100aa530 A=0x7fffffffe800  flags=(IsInteger|IsStore)
 510000: global: Decode: Decoded or instruction: 0x7c7a1b78
 510000: system.cpu: A0 T0 : 0x10053ea4 @_dl_important_hwcaps+36    : mr         r26, r3         : IntAlu :  D=0x00007fffffffef7f  flags=(IsInteger)
 510250: global: Decode: Decoded or instruction: 0x7cbc2b78
 510250: system.cpu: A0 T0 : 0x10053ea8 @_dl_important_hwcaps+40    : mr         r28, r5         : IntAlu :  D=0x00000000100aa540  flags=(IsInteger)
 510500: global: Decode: Decoded std instruction: 0xfbc1fff0
 510500: system.cpu: A0 T0 : 0x10053eac @_dl_important_hwcaps+44    : std        r30, -16(r1)    : MemWrite :  D=0x00000000100b35b0 A=0x7fffffffe810  flags=(IsInteger|IsStore)
 510750: global: Decode: Decoded std instruction: 0xfbe1fff8
 510750: system.cpu: A0 T0 : 0x10053eb0 @_dl_important_hwcaps+48    : std        r31, -8(r1)     : MemWrite :  D=0x00007fffffffe820 A=0x7fffffffe818  flags=(IsInteger|IsStore)
 511000: global: Decode: Decoded addi instruction: 0x38a00000
 511000: system.cpu: A0 T0 : 0x10053eb4 @_dl_important_hwcaps+52    : li         r5, 0           : IntAlu :  D=0x0000000000000000  flags=(IsInteger)
 511250: global: Decode: Decoded addi instruction: 0x38600007
 511250: system.cpu: A0 T0 : 0x10053eb8 @_dl_important_hwcaps+56    : li         r3, 7           : IntAlu :  D=0x0000000000000007  flags=(IsInteger)
 511500: global: Decode: Decoded std instruction: 0xf8010010
 511500: system.cpu: A0 T0 : 0x10053ebc @_dl_important_hwcaps+60    : std        r0, 16(r1)      : MemWrite :  D=0x000000001004df68 A=0x7fffffffe830  flags=(IsInteger|IsStore)
 511750: global: Decode: Decoded std instruction: 0xf9c1ff70
 511750: system.cpu: A0 T0 : 0x10053ec0 @_dl_important_hwcaps+64    : std        r14, -144(r1)   : MemWrite :  D=0x0000000000000000 A=0x7fffffffe790  flags=(IsInteger|IsStore)
 512000: global: Decode: Decoded stw instruction: 0x91810008
 512000: system.cpu: A0 T0 : 0x10053ec4 @_dl_important_hwcaps+68    : stw        r12, 8(r1)      : MemWrite :  D=0x0000000042000022 A=0x7fffffffe828  flags=(IsInteger|IsStore)
 512250: global: Decode: Decoded std instruction: 0xf9e1ff78
 512250: system.cpu: A0 T0 : 0x10053ec8 @_dl_important_hwcaps+72    : std        r15, -136(r1)   : MemWrite :  D=0x0000000000000000 A=0x7fffffffe798  flags=(IsInteger|IsStore)
 512500: global: Decode: Decoded std instruction: 0xfa01ff80
 512500: system.cpu: A0 T0 : 0x10053ecc @_dl_important_hwcaps+76    : std        r16, -128(r1)   : MemWrite :  D=0x0000000000000000 A=0x7fffffffe7a0  flags=(IsInteger|IsStore)
 512750: global: Decode: Decoded std instruction: 0xfa21ff88
 512750: system.cpu: A0 T0 : 0x10053ed0 @_dl_important_hwcaps+80    : std        r17, -120(r1)   : MemWrite :  D=0x0000000000000000 A=0x7fffffffe7a8  flags=(IsInteger|IsStore)
 513000: global: Decode: Decoded std instruction: 0xfa41ff90
 513000: system.cpu: A0 T0 : 0x10053ed4 @_dl_important_hwcaps+84    : std        r18, -112(r1)   : MemWrite :  D=0x0000000000000000 A=0x7fffffffe7b0  flags=(IsInteger|IsStore)
 513250: global: Decode: Decoded std instruction: 0xfa61ff98
 513250: system.cpu: A0 T0 : 0x10053ed8 @_dl_important_hwcaps+88    : std        r19, -104(r1)   : MemWrite :  D=0x0000000000000000 A=0x7fffffffe7b8  flags=(IsInteger|IsStore)
 513500: global: Decode: Decoded std instruction: 0xfa81ffa0
 513500: system.cpu: A0 T0 : 0x10053edc @_dl_important_hwcaps+92    : std        r20, -96(r1)    : MemWrite :  D=0x0000000000000000 A=0x7fffffffe7c0  flags=(IsInteger|IsStore)
 513750: global: Decode: Decoded std instruction: 0xfaa1ffa8
 513750: system.cpu: A0 T0 : 0x10053ee0 @_dl_important_hwcaps+96    : std        r21, -88(r1)    : MemWrite :  D=0x0000000000000000 A=0x7fffffffe7c8  flags=(IsInteger|IsStore)
 514000: global: Decode: Decoded std instruction: 0xfb61ffd8
 514000: system.cpu: A0 T0 : 0x10053ee4 @_dl_important_hwcaps+100    : std        r27, -40(r1)    : MemWrite :  D=0x00000000100b00d8 A=0x7fffffffe7f8  flags=(IsInteger|IsStore)
 514250: global: Decode: Decoded std instruction: 0xfba1ffe8
 514250: system.cpu: A0 T0 : 0x10053ee8 @_dl_important_hwcaps+104    : std        r29, -24(r1)    : MemWrite :  D=0x00000000100b35e8 A=0x7fffffffe808  flags=(IsInteger|IsStore)
 514500: global: Decode: Decoded stdu instruction: 0xf821fee1
 514500: system.cpu: A0 T0 : 0x10053eec @_dl_important_hwcaps+108    : stdu       r1, -288(r1)    : MemWrite :  D=0x00007fffffffe700 A=0x7fffffffe700  flags=(IsInteger|IsStore)
 514750: global: Decode: Decoded or instruction: 0x7c3f0b78
 514750: system.cpu: A0 T0 : 0x10053ef0 @_dl_important_hwcaps+112    : mr         r31, r1         : IntAlu :  D=0x00007fffffffe700  flags=(IsInteger)
 515000: global: Decode: Decoded addi instruction: 0x389f0070
 515000: system.cpu: A0 T0 : 0x10053ef4 @_dl_important_hwcaps+116    : addi       r4, r31, 112    : IntAlu :  D=0x00007fffffffe770  flags=(IsInteger)
 515250: global: Decode: Decoded std instruction: 0xf8df0168
 515250: system.cpu: A0 T0 : 0x10053ef8 @_dl_important_hwcaps+120    : std        r6, 360(r31)    : MemWrite :  D=0x00000000100aa538 A=0x7fffffffe868  flags=(IsInteger|IsStore)
 515500: global: Decode: Decoded b instruction: 0x4bfd0905
 515500: system.cpu: A0 T0 : 0x10053efc @_dl_important_hwcaps+124    : bl         __tunable_get_val : IntAlu :  D=0x0000000010053f00  flags=(IsInteger|IsControl|IsDirectControl|IsUncondControl)
 515750: global: Decode: Decoded mulli instruction: 0x1c630038
 515750: system.cpu: A0 T0 : 0x10024800 @__tunable_get_val    : mulli      r3, r3, 56      : IntAlu :  D=0x0000000000000188  flags=(IsInteger)
 516000: global: Decode: Decoded addis instruction: 0x3d42ffff
 516000: system.cpu: A0 T0 : 0x10024804 @__tunable_get_val+4    : subis      r10, r2, 1      : IntAlu :  D=0x00000000100a7d00  flags=(IsInteger)
 516250: global: Decode: Decoded addi instruction: 0x394a1ca0
 516250: system.cpu: A0 T0 : 0x10024808 @__tunable_get_val+8    : addi       r10, r10, 7328  : IntAlu :  D=0x00000000100a99a0  flags=(IsInteger)
 516500: global: Decode: Decoded add instruction: 0x7d0a1a14
 516500: system.cpu: A0 T0 : 0x1002480c @__tunable_get_val+12    : add        r8, r10, r3     : IntAlu :  D=0x00000000100a9b28  flags=(IsInteger)
 516750: global: Decode: Decoded lwz instruction: 0x81280008
 516750: system.cpu: A0 T0 : 0x10024810 @__tunable_get_val+16    : lwz        r9, 8(r8)       : MemRead :  D=0x0000000000000001 A=0x100a9b30  flags=(IsInteger|IsLoad)
 517000: global: Decode: Decoded cmpli instruction: 0x2b890001
 517000: system.cpu: A0 T0 : 0x10024814 @__tunable_get_val+20    : cmplwi     cr7, r9, 1      : IntAlu :  D=0x0000000042000022  flags=(IsInteger)
 517250: global: Decode: Decoded bc instruction: 0x419e0014
 517250: system.cpu: A0 T0 : 0x10024818 @__tunable_get_val+24    : bc         30, 12, 0x1002482c : IntAlu :  D=0x000000001005f058  flags=(IsInteger|IsControl|IsDirectControl|IsCondControl)
 517500: global: Decode: Decoded add instruction: 0x7d2a1a14
 517500: system.cpu: A0 T0 : 0x1002482c @__tunable_get_val+44    : add        r9, r10, r3     : IntAlu :  D=0x00000000100a9b28  flags=(IsInteger)
 517750: global: Decode: Decoded ld instruction: 0xe9290020
 517750: system.cpu: A0 T0 : 0x10024830 @__tunable_get_val+48    : ld         r9, 32(r9)      : MemRead :  D=0x0000000010000400 A=0x100a9b48  flags=(IsInteger|IsLoad)
 518000: global: Decode: Decoded std instruction: 0xf9240000
 518000: system.cpu: A0 T0 : 0x10024834 @__tunable_get_val+52    : std        r9, 0(r4)       : MemWrite :  D=0x0000000010000400 A=0x7fffffffe770  flags=(IsInteger|IsStore)
 518250: global: Decode: Decoded add instruction: 0x7d2a1a14
 518250: system.cpu: A0 T0 : 0x10024838 @__tunable_get_val+56    : add        r9, r10, r3     : IntAlu :  D=0x00000000100a9b28  flags=(IsInteger)
 518500: global: Decode: Decoded lbz instruction: 0x89290028
 518500: system.cpu: A0 T0 : 0x1002483c @__tunable_get_val+60    : lbz        r9, 40(r9)      : MemRead :  D=0x0000000000000000 A=0x100a9b50  flags=(IsInteger|IsLoad)
 518750: global: Decode: Decoded cmpi instruction: 0x2f890000
 518750: system.cpu: A0 T0 : 0x10024840 @__tunable_get_val+64    : cmpwi      cr7, r9, 0      : IntAlu :  D=0x0000000042000022  flags=(IsInteger)
 519000: global: Decode: Decoded bclr instruction: 0x4d9e0020
 519000: system.cpu: A0 T0 : 0x10024844 @__tunable_get_val+68    : bclr       30, 12          : IntAlu :  D=0x000000001005f058  flags=(IsInteger|IsControl|IsIndirectControl|IsCondControl|IsReturn)
 519250: global: Decode: Decoded ori instruction: 0x60000000
 519250: system.cpu: A0 T0 : 0x10053f00 @_dl_important_hwcaps+128    : nop                        : IntAlu :  D=0x000000001004df68  flags=(IsInteger)
 519500: global: Decode: Decoded ori instruction: 0x60000000
 519500: system.cpu: A0 T0 : 0x10053f04 @_dl_important_hwcaps+132    : nop                        : IntAlu :  D=0x000000001004df68  flags=(IsInteger)
 519750: global: Decode: Decoded addi instruction: 0x3ac2ae70
 519750: system.cpu: A0 T0 : 0x10053f08 @_dl_important_hwcaps+136    : subi       r22, r2, 20880  : IntAlu :  D=0x00000000100b2b70  flags=(IsInteger)
 520000: global: Decode: Decoded ld instruction: 0xeaff0070
 520000: system.cpu: A0 T0 : 0x10053f0c @_dl_important_hwcaps+140    : ld         r23, 112(r31)   : MemRead :  D=0x0000000010000400 A=0x7fffffffe770  flags=(IsInteger|IsLoad)
 520250: global: Decode: Decoded addic instruction: 0x33daffff
 520250: system.cpu: A0 T0 : 0x10053f10 @_dl_important_hwcaps+144    : subic      r30, r26, 1     : IntAlu :  D=0x0000000020040000  flags=(IsInteger)
 520500: global: Decode: Decoded subfe instruction: 0x7fded110
 520500: system.cpu: A0 T0 : 0x10053f14 @_dl_important_hwcaps+148    : subfe      r30, r30, r26   : IntAlu :  D=0x0000000020040000  flags=(IsInteger)
 520750: global: Decode: Decoded ld instruction: 0xe8160000
 520750: system.cpu: A0 T0 : 0x10053f18 @_dl_important_hwcaps+152    : ld         r0, 0(r22)      : MemRead :  D=0x00000000c0000000 A=0x100b2b70  flags=(IsInteger|IsLoad)
 521000: global: Decode: Decoded and instruction: 0x7c18b838
 521000: system.cpu: A0 T0 : 0x10053f1c @_dl_important_hwcaps+156    : and        r24, r0, r23    : IntAlu :  D=0x0000000000000000  flags=(IsInteger)
 521250: global: Decode: Decoded cmpi instruction: 0x2e380000
 521250: system.cpu: A0 T0 : 0x10053f20 @_dl_important_hwcaps+160    : cmpdi      cr4, r24, 0     : IntAlu :  D=0x0000000042002022  flags=(IsInteger)
 521500: global: Decode: Decoded bc instruction: 0x41920770
 521500: system.cpu: A0 T0 : 0x10053f24 @_dl_important_hwcaps+164    : bc         18, 12, 0x10054694 : IntAlu :  D=0x000000001005f058  flags=(IsInteger|IsControl|IsDirectControl|IsCondControl)
 521750: global: Decode: Decoded addi instruction: 0x3bde0001
 521750: system.cpu: A0 T0 : 0x10054694 @_dl_important_hwcaps+2068    : addi       r30, r30, 1     : IntAlu :  D=0x0000000000000002  flags=(IsInteger)
 522000: global: Decode: Decoded b instruction: 0x4bfff8d8
 522000: system.cpu: A0 T0 : 0x10054698 @_dl_important_hwcaps+2072    : b          0x10053f70      : IntAlu :   flags=(IsControl|IsDirectControl|IsUncondControl)
 522250: global: Decode: Decoded ori instruction: 0x60000000
 522250: system.cpu: A0 T0 : 0x10053f70 @_dl_important_hwcaps+240    : nop                        : IntAlu :  D=0x00000000c0000000  flags=(IsInteger)
 522500: global: Decode: Decoded addi instruction: 0x3922b8a0
 522500: system.cpu: A0 T0 : 0x10053f74 @_dl_important_hwcaps+244    : subi       r9, r2, 18272   : IntAlu :  D=0x00000000100b35a0  flags=(IsInteger)
 522750: global: Decode: Decoded ld instruction: 0xea490000
 522750: system.cpu: A0 T0 : 0x10053f78 @_dl_important_hwcaps+248    : ld         r18, 0(r9)      : MemRead :  D=0x0000000000000000 A=0x100b35a0  flags=(IsInteger|IsLoad)
 523000: global: Decode: Decoded cmpi instruction: 0x2fb20000
 523000: system.cpu: A0 T0 : 0x10053f7c @_dl_important_hwcaps+252    : cmpdi      cr7, r18, 0     : IntAlu :  D=0x0000000042002022  flags=(IsInteger)
 523250: global: Decode: Decoded bc instruction: 0x419e0620
 523250: system.cpu: A0 T0 : 0x10053f80 @_dl_important_hwcaps+256    : bc         30, 12, 0x100545a0 : IntAlu :  D=0x000000001005f058  flags=(IsInteger|IsControl|IsDirectControl|IsCondControl)
 523500: global: Decode: Decoded rldicr instruction: 0x7bca26e4
 523500: system.cpu: A0 T0 : 0x100545a0 @_dl_important_hwcaps+1824    : rldicr     r10, r30, 4, 59 : IntAlu :  D=0x0000000000000020  flags=(IsInteger)
 523750: global: Decode: Decoded ld instruction: 0xe9010000
 523750: system.cpu: A0 T0 : 0x100545a4 @_dl_important_hwcaps+1828    : ld         r8, 0(r1)       : MemRead :  D=0x00007fffffffe820 A=0x7fffffffe700  flags=(IsInteger|IsLoad)
 524000: global: Decode: Decoded addi instruction: 0x39200001
 524000: system.cpu: A0 T0 : 0x100545a8 @_dl_important_hwcaps+1832    : li         r9, 1           : IntAlu :  D=0x0000000000000001  flags=(IsInteger)
 524250: global: Decode: Decoded neg instruction: 0x7d4a00d0
 524250: system.cpu: A0 T0 : 0x100545ac @_dl_important_hwcaps+1836    : neg        r10, r10        : IntAlu :  D=0xffffffffffffffe0  flags=(IsInteger)
 524500: global: Decode: Decoded addi instruction: 0x3a800000
 524500: system.cpu: A0 T0 : 0x100545b0 @_dl_important_hwcaps+1840    : li         r20, 0          : IntAlu :  D=0x0000000000000000  flags=(IsInteger)
 524750: global: Decode: Decoded stdux instruction: 0x7d01516a
 524750: system.cpu: A0 T0 : 0x100545b4 @_dl_important_hwcaps+1844    : stdux      r8, r1, r10     : MemWrite :  D=0x00007fffffffe6e0 A=0x7fffffffe6e0  flags=(IsInteger|IsStore)
 525000: global: Decode: Decoded addi instruction: 0x3b610070
 525000: system.cpu: A0 T0 : 0x100545b8 @_dl_important_hwcaps+1848    : addi       r27, r1, 112    : IntAlu :  D=0x00007fffffffe750  flags=(IsInteger)
 525250: global: Decode: Decoded b instruction: 0x4bfffb74
 525250: system.cpu: A0 T0 : 0x100545bc @_dl_important_hwcaps+1852    : b          0x10054130      : IntAlu :   flags=(IsControl|IsDirectControl|IsUncondControl)
 525500: global: Decode: Decoded bc instruction: 0x4192009c
 525500: system.cpu: A0 T0 : 0x10054130 @_dl_important_hwcaps+688    : bc         18, 12, 0x100541cc : IntAlu :  D=0x000000001005f058  flags=(IsInteger|IsControl|IsDirectControl|IsCondControl)
 525750: global: Decode: Decoded or instruction: 0x7e92a378
 525750: system.cpu: A0 T0 : 0x100541cc @_dl_important_hwcaps+844    : mr         r18, r20        : IntAlu :  D=0x0000000000000000  flags=(IsInteger)
 526000: global: Decode: Decoded cmpi instruction: 0x2fba0000
 526000: system.cpu: A0 T0 : 0x100541d0 @_dl_important_hwcaps+848    : cmpdi      cr7, r26, 0     : IntAlu :  D=0x0000000042002024  flags=(IsInteger)
 526250: global: Decode: Decoded bc instruction: 0x419e0428
 526250: system.cpu: A0 T0 : 0x100541d4 @_dl_important_hwcaps+852    : bc         30, 12, 0x100545fc : IntAlu :  D=0x000000001005f058  flags=(IsInteger|IsControl|IsDirectControl|IsCondControl)
 526500: global: Decode: Decoded rldicr instruction: 0x7a5226e4
 526500: system.cpu: A0 T0 : 0x100541d8 @_dl_important_hwcaps+856    : rldicr     r18, r18, 4, 59 : IntAlu :  D=0x0000000000000000  flags=(IsInteger)
 526750: global: Decode: Decoded addi instruction: 0x39490001
 526750: system.cpu: A0 T0 : 0x100541dc @_dl_important_hwcaps+860    : addi       r10, r9, 1      : IntAlu :  D=0x0000000000000002  flags=(IsInteger)
 527000: global: Decode: Decoded add instruction: 0x7d1b9214
 527000: system.cpu: A0 T0 : 0x100541e0 @_dl_important_hwcaps+864    : add        r8, r27, r18    : IntAlu :  D=0x00007fffffffe750  flags=(IsInteger)
 527250: global: Decode: Decoded stdx instruction: 0x7f5b912a
 527250: system.cpu: A0 T0 : 0x100541e4 @_dl_important_hwcaps+868    : stdx       r26, r27, r18   : MemWrite :  D=0x00007fffffffef7f A=0x7fffffffe750  flags=(IsInteger|IsStore)
 527500: global: Decode: Decoded std instruction: 0xfb280008
 527500: system.cpu: A0 T0 : 0x100541e8 @_dl_important_hwcaps+872    : std        r25, 8(r8)      : MemWrite :  D=0x0000000000000000 A=0x7fffffffe758  flags=(IsInteger|IsStore)
 527750: global: Decode: Decoded cmpl instruction: 0x7fbe5040
 527750: system.cpu: A0 T0 : 0x100541ec @_dl_important_hwcaps+876    : cmpld      cr7, r30, r10   : IntAlu :  D=0x0000000042002022  flags=(IsInteger)
 528000: global: Decode: Decoded rldicr instruction: 0x792926e4
 528000: system.cpu: A0 T0 : 0x100541f0 @_dl_important_hwcaps+880    : rldicr     r9, r9, 4, 59   : IntAlu :  D=0x0000000000000010  flags=(IsInteger)
 528250: global: Decode: Decoded addis instruction: 0x3ce2fffc
 528250: system.cpu: A0 T0 : 0x100541f4 @_dl_important_hwcaps+884    : subis      r7, r2, 4       : IntAlu :  D=0x0000000010077d00  flags=(IsInteger)
 528500: global: Decode: Decoded add instruction: 0x7d5b4a14
 528500: system.cpu: A0 T0 : 0x100541f8 @_dl_important_hwcaps+888    : add        r10, r27, r9    : IntAlu :  D=0x00007fffffffe760  flags=(IsInteger)
 528750: global: Decode: Decoded addi instruction: 0x38e774c0
 528750: system.cpu: A0 T0 : 0x100541fc @_dl_important_hwcaps+892    : addi       r7, r7, 29888   : IntAlu :  D=0x000000001007f1c0  flags=(IsInteger)
 529000: global: Decode: Decoded addi instruction: 0x39000003
 529000: system.cpu: A0 T0 : 0x10054200 @_dl_important_hwcaps+896    : li         r8, 3           : IntAlu :  D=0x0000000000000003  flags=(IsInteger)
 529250: global: Decode: Decoded stdx instruction: 0x7cfb492a
 529250: system.cpu: A0 T0 : 0x10054204 @_dl_important_hwcaps+900    : stdx       r7, r27, r9     : MemWrite :  D=0x000000001007f1c0 A=0x7fffffffe760  flags=(IsInteger|IsStore)
 529500: global: Decode: Decoded std instruction: 0xf90a0008
 529500: system.cpu: A0 T0 : 0x10054208 @_dl_important_hwcaps+904    : std        r8, 8(r10)      : MemWrite :  D=0x0000000000000003 A=0x7fffffffe768  flags=(IsInteger|IsStore)
 529750: global: Decode: Decoded bc instruction: 0x409e0490
 529750: system.cpu: A0 T0 : 0x1005420c @_dl_important_hwcaps+908    : bc         30, 4, 0x1005469c : IntAlu :  D=0x000000001005f058  flags=(IsInteger|IsControl|IsDirectControl|IsCondControl)
 530000: global: Decode: Decoded cmpli instruction: 0x2bbe0001
 530000: system.cpu: A0 T0 : 0x10054210 @_dl_important_hwcaps+912    : cmpldi     cr7, r30, 1     : IntAlu :  D=0x0000000042002024  flags=(IsInteger)
 530250: global: Decode: Decoded ld instruction: 0xea7b0008
 530250: system.cpu: A0 T0 : 0x10054214 @_dl_important_hwcaps+916    : ld         r19, 8(r27)     : MemRead :  D=0x0000000000000000 A=0x7fffffffe758  flags=(IsInteger|IsLoad)
 530500: global: Decode: Decoded bc instruction: 0x419e03a8
 530500: system.cpu: A0 T0 : 0x10054218 @_dl_important_hwcaps+920    : bc         30, 12, 0x100545c0 : IntAlu :  D=0x000000001005f058  flags=(IsInteger|IsControl|IsDirectControl|IsCondControl)
 530750: global: Decode: Decoded rldicr instruction: 0x7bdd26e4
 530750: system.cpu: A0 T0 : 0x1005421c @_dl_important_hwcaps+924    : rldicr     r29, r30, 4, 59 : IntAlu :  D=0x0000000000000020  flags=(IsInteger)
 531000: global: Decode: Decoded cmpli instruction: 0x2bbe0002
 531000: system.cpu: A0 T0 : 0x10054220 @_dl_important_hwcaps+928    : cmpldi     cr7, r30, 2     : IntAlu :  D=0x0000000042002022  flags=(IsInteger)
 531250: global: Decode: Decoded add instruction: 0x7fbbea14
 531250: system.cpu: A0 T0 : 0x10054224 @_dl_important_hwcaps+932    : add        r29, r27, r29   : IntAlu :  D=0x00007fffffffe770  flags=(IsInteger)
 531500: global: Decode: Decoded addi instruction: 0x38730002
 531500: system.cpu: A0 T0 : 0x10054228 @_dl_important_hwcaps+936    : addi       r3, r19, 2      : IntAlu :  D=0x0000000000000002  flags=(IsInteger)
 531750: global: Decode: Decoded ld instruction: 0xeb1dfff8
 531750: system.cpu: A0 T0 : 0x1005422c @_dl_important_hwcaps+940    : ld         r24, -8(r29)    : MemRead :  D=0x0000000000000003 A=0x7fffffffe768  flags=(IsInteger|IsLoad)
 532000: global: Decode: Decoded add instruction: 0x7c63c214
 532000: system.cpu: A0 T0 : 0x10054230 @_dl_important_hwcaps+944    : add        r3, r3, r24     : IntAlu :  D=0x0000000000000005  flags=(IsInteger)
 532250: global: Decode: Decoded bc instruction: 0x419d02e4
 532250: system.cpu: A0 T0 : 0x10054234 @_dl_important_hwcaps+948    : bc         29, 12, 0x10054518 : IntAlu :  D=0x000000001005f058  flags=(IsInteger|IsControl|IsDirectControl|IsCondControl)
 532500: global: Decode: Decoded rldicl instruction: 0x7bda0020
 532500: system.cpu: A0 T0 : 0x10054238 @_dl_important_hwcaps+952    : clrldi     r26, r30, 32    : IntAlu :  D=0x0000000000000002  flags=(IsInteger)
 532750: global: Decode: Decoded addi instruction: 0x3ae00001
 532750: system.cpu: A0 T0 : 0x1005423c @_dl_important_hwcaps+956    : li         r23, 1          : IntAlu :  D=0x0000000000000001  flags=(IsInteger)
 533000: global: Decode: Decoded slw instruction: 0x7ee9d030
 533000: system.cpu: A0 T0 : 0x10054240 @_dl_important_hwcaps+960    : slw        r9, r23, r26    : IntAlu :  D=0x0000000000000004  flags=(IsInteger)
 533250: global: Decode: Decoded extsw instruction: 0x7d3407b4
 533250: system.cpu: A0 T0 : 0x10054244 @_dl_important_hwcaps+964    : extsw      r20, r9         : IntAlu :  D=0x0000000000000004  flags=(IsInteger)
 533500: global: Decode: Decoded rldicr instruction: 0x7a9926e4
 533500: system.cpu: A0 T0 : 0x10054248 @_dl_important_hwcaps+968    : rldicr     r25, r20, 4, 59 : IntAlu :  D=0x0000000000000040  flags=(IsInteger)
 533750: global: Decode: Decoded stw instruction: 0x913f0088
 533750: system.cpu: A0 T0 : 0x1005424c @_dl_important_hwcaps+972    : stw        r9, 136(r31)    : MemWrite :  D=0x0000000000000004 A=0x7fffffffe788  flags=(IsInteger|IsStore)
 534000: global: Decode: Decoded std instruction: 0xfa9c0000
 534000: system.cpu: A0 T0 : 0x10054250 @_dl_important_hwcaps+976    : std        r20, 0(r28)     : MemWrite :  D=0x0000000000000004 A=0x100aa540  flags=(IsInteger|IsStore)
 534250: global: Decode: Decoded add instruction: 0x7c63ca14
 534250: system.cpu: A0 T0 : 0x10054254 @_dl_important_hwcaps+980    : add        r3, r3, r25     : IntAlu :  D=0x0000000000000045  flags=(IsInteger)
 534500: global: Decode: Decoded b instruction: 0x4bfc5979
 534500: system.cpu: A0 T0 : 0x10054258 @_dl_important_hwcaps+984    : bl         malloc          : IntAlu :  D=0x000000001005425c  flags=(IsInteger|IsControl|IsDirectControl|IsUncondControl)
 534750: global: Decode: Decoded ori instruction: 0x60000000
 534750: system.cpu: A0 T0 : 0x10019bd0 @__libc_malloc    : nop                        : IntAlu :  D=0x00000000c0000000  flags=(IsInteger)
 535000: global: Decode: Decoded ld instruction: 0xe92293c0
 535000: system.cpu: A0 T0 : 0x10019bd4 @__libc_malloc+4    : ld         r9, -27712(r2)  : MemRead :  D=0x00000000100ac6d0 A=0x100b10c0  flags=(IsInteger|IsLoad)
 535250: global: Decode: Decoded std instruction: 0xfba1ffe8
 535250: system.cpu: A0 T0 : 0x10019bd8 @__libc_malloc+8    : std        r29, -24(r1)    : MemWrite :  D=0x00007fffffffe770 A=0x7fffffffe6c8  flags=(IsInteger|IsStore)
 535500: global: Decode: Decoded cmpi instruction: 0x2fa90000
 535500: system.cpu: A0 T0 : 0x10019bdc @__libc_malloc+12    : cmpdi      cr7, r9, 0      : IntAlu :  D=0x0000000042002024  flags=(IsInteger)
 535750: global: Decode: Decoded stdu instruction: 0xf821ff71
 535750: system.cpu: A0 T0 : 0x10019be0 @__libc_malloc+16    : stdu       r1, -144(r1)    : MemWrite :  D=0x00007fffffffe650 A=0x7fffffffe650  flags=(IsInteger|IsStore)
 536000: global: Decode: Decoded bc instruction: 0x409e022c
 536000: system.cpu: A0 T0 : 0x10019be4 @__libc_malloc+20    : bc         30, 4, 0x10019e10 : IntAlu :  D=0x000000001005f058  flags=(IsInteger|IsControl|IsDirectControl|IsCondControl)
 536250: global: Decode: Decoded mflr instruction: 0x7c0802a6
 536250: system.cpu: A0 T0 : 0x10019e10 @__libc_malloc+576    : mflr       r0              : IntAlu :  D=0x000000001005425c  flags=(IsInteger)
 536500: global: Decode: Decoded std instruction: 0xf8410028
 536500: system.cpu: A0 T0 : 0x10019e14 @__libc_malloc+580    : std        r2, 40(r1)      : MemWrite :  D=0x00000000100b7d00 A=0x7fffffffe678  flags=(IsInteger|IsStore)
 536750: global: Decode: Decoded mflr instruction: 0x7c8802a6
 536750: system.cpu: A0 T0 : 0x10019e18 @__libc_malloc+584    : mflr       r4              : IntAlu :  D=0x000000001005425c  flags=(IsInteger)
 537000: global: Decode: Decoded std instruction: 0xf80100a0
 537000: system.cpu: A0 T0 : 0x10019e1c @__libc_malloc+588    : std        r0, 160(r1)     : MemWrite :  D=0x000000001005425c A=0x7fffffffe6f0  flags=(IsInteger|IsStore)
 537250: global: Decode: Decoded ld instruction: 0xe9490000
 537250: system.cpu: A0 T0 : 0x10019e20 @__libc_malloc+592    : ld         r10, 0(r9)      : MemRead :  D=0x000000001001a020 A=0x100ac6d0  flags=(IsInteger|IsLoad)
 537500: global: Decode: Decoded ld instruction: 0xe9690010
 537500: system.cpu: A0 T0 : 0x10019e24 @__libc_malloc+596    : ld         r11, 16(r9)     : MemRead :  D=0x0000000000000000 A=0x100ac6e0  flags=(IsInteger|IsLoad)
 537750: global: Decode: Decoded mtctr instruction: 0x7d4903a6
 537750: system.cpu: A0 T0 : 0x10019e28 @__libc_malloc+600    : mtctr      r10             : IntAlu :  D=0x000000001001a020  flags=(IsInteger)
 538000: global: Decode: Decoded ld instruction: 0xe8490008
 538000: system.cpu: A0 T0 : 0x10019e2c @__libc_malloc+604    : ld         r2, 8(r9)       : MemRead :  D=0x00000000100b7d00 A=0x100ac6d8  flags=(IsInteger|IsLoad)
 538250: global: Decode: Decoded bcctr instruction: 0x4e800421
 538250: system.cpu: A0 T0 : 0x10019e30 @__libc_malloc+608    : bcctrl     0, 20           : IntAlu :  D=0x0000000010019e34  flags=(IsInteger|IsControl|IsIndirectControl|IsCondControl|IsCall)
 538500: global: Decode: Decoded mflr instruction: 0x7c0802a6
 538500: system.cpu: A0 T0 : 0x1001a020 @malloc_hook_ini    : mflr       r0              : IntAlu :  D=0x0000000010019e34  flags=(IsInteger)
 538750: global: Decode: Decoded addi instruction: 0x39200000
 538750: system.cpu: A0 T0 : 0x1001a024 @malloc_hook_ini+4    : li         r9, 0           : IntAlu :  D=0x0000000000000000  flags=(IsInteger)
 539000: global: Decode: Decoded ori instruction: 0x60000000
 539000: system.cpu: A0 T0 : 0x1001a028 @malloc_hook_ini+8    : nop                        : IntAlu :  D=0x0000000010019e34  flags=(IsInteger)
 539250: global: Decode: Decoded std instruction: 0xf92293c0
 539250: system.cpu: A0 T0 : 0x1001a02c @malloc_hook_ini+12    : std        r9, -27712(r2)  : MemWrite :  D=0x0000000000000000 A=0x100b10c0  flags=(IsInteger|IsStore)
 539500: global: Decode: Decoded std instruction: 0xf8010010
 539500: system.cpu: A0 T0 : 0x1001a030 @malloc_hook_ini+16    : std        r0, 16(r1)      : MemWrite :  D=0x0000000010019e34 A=0x7fffffffe660  flags=(IsInteger|IsStore)
 539750: global: Decode: Decoded stdu instruction: 0xf821ff81
 539750: system.cpu: A0 T0 : 0x1001a034 @malloc_hook_ini+20    : stdu       r1, -128(r1)    : MemWrite :  D=0x00007fffffffe5d0 A=0x7fffffffe5d0  flags=(IsInteger|IsStore)
 540000: global: Decode: Decoded std instruction: 0xf8610070
 540000: system.cpu: A0 T0 : 0x1001a038 @malloc_hook_ini+24    : std        r3, 112(r1)     : MemWrite :  D=0x0000000000000045 A=0x7fffffffe640  flags=(IsInteger|IsStore)
 540250: global: Decode: Decoded b instruction: 0x4bffac65
 540250: system.cpu: A0 T0 : 0x1001a03c @malloc_hook_ini+28    : bl         ptmalloc_init   : IntAlu :  D=0x000000001001a040  flags=(IsInteger|IsControl|IsDirectControl|IsUncondControl)
 540500: global: Decode: Decoded ori instruction: 0x60000000
 540500: system.cpu: A0 T0 : 0x10014ca0 @ptmalloc_init    : nop                        : IntAlu :  D=0x0000000010019e34  flags=(IsInteger)
 540750: global: Decode: Decoded ori instruction: 0x60000000
 540750: system.cpu: A0 T0 : 0x10014ca4 @ptmalloc_init+4    : nop                        : IntAlu :  D=0x0000000010019e34  flags=(IsInteger)
 541000: global: Decode: Decoded addi instruction: 0x39428a88
 541000: system.cpu: A0 T0 : 0x10014ca8 @ptmalloc_init+8    : subi       r10, r2, 30072  : IntAlu :  D=0x00000000100b0788  flags=(IsInteger)
 541250: global: Decode: Decoded lwz instruction: 0x81229390
 541250: system.cpu: A0 T0 : 0x10014cac @ptmalloc_init+12    : lwz        r9, -27760(r2)  : MemRead :  D=0x00000000ffffffff A=0x100b1090  flags=(IsInteger|IsLoad)
 541500: global: Decode: Decoded cmpi instruction: 0x2f890000
 541500: system.cpu: A0 T0 : 0x10014cb0 @ptmalloc_init+16    : cmpwi      cr7, r9, 0      : IntAlu :  D=0x0000000042002028  flags=(IsInteger)
 541750: global: Decode: Decoded bclr instruction: 0x4c9c0020
 541750: system.cpu: A0 T0 : 0x10014cb4 @ptmalloc_init+20    : bclr       28, 4           : IntAlu :  D=0x000000001001a020  flags=(IsInteger|IsControl|IsIndirectControl|IsCondControl|IsReturn)
 542000: global: Decode: Decoded mflr instruction: 0x7c0802a6
 542000: system.cpu: A0 T0 : 0x10014cb8 @ptmalloc_init+24    : mflr       r0              : IntAlu :  D=0x000000001001a040  flags=(IsInteger)
 542250: global: Decode: Decoded ori instruction: 0x60000000
 542250: system.cpu: A0 T0 : 0x10014cbc @ptmalloc_init+28    : nop                        : IntAlu :  D=0x000000001001a040  flags=(IsInteger)
 542500: global: Decode: Decoded addi instruction: 0x38c00000
 542500: system.cpu: A0 T0 : 0x10014cc0 @ptmalloc_init+32    : li         r6, 0           : IntAlu :  D=0x0000000000000000  flags=(IsInteger)
 542750: global: Decode: Decoded ori instruction: 0x60000000
 542750: system.cpu: A0 T0 : 0x10014cc4 @ptmalloc_init+36    : nop                        : IntAlu :  D=0x000000001001a040  flags=(IsInteger)
 543000: global: Decode: Decoded addi instruction: 0x38ea0070
 543000: system.cpu: A0 T0 : 0x10014cc8 @ptmalloc_init+40    : addi       r7, r10, 112    : IntAlu :  D=0x00000000100b07f8  flags=(IsInteger)
 543250: global: Decode: Decoded addi instruction: 0x390d9038
 543250: system.cpu: A0 T0 : 0x10014ccc @ptmalloc_init+44    : subi       r8, r13, 28616  : IntAlu :  D=0x00000000100b47a8  flags=(IsInteger)
 543500: global: Decode: Decoded stw instruction: 0x90c29390
 543500: system.cpu: A0 T0 : 0x10014cd0 @ptmalloc_init+48    : stw        r6, -27760(r2)  : MemWrite :  D=0x0000000000000000 A=0x100b1090  flags=(IsInteger|IsStore)
 543750: global: Decode: Decoded addi instruction: 0x38c0007f
 543750: system.cpu: A0 T0 : 0x10014cd4 @ptmalloc_init+52    : li         r6, 127         : IntAlu :  D=0x000000000000007f  flags=(IsInteger)
 544000: global: Decode: Decoded addi instruction: 0x392a00d0
 544000: system.cpu: A0 T0 : 0x10014cd8 @ptmalloc_init+56    : addi       r9, r10, 208    : IntAlu :  D=0x00000000100b0858  flags=(IsInteger)
 544250: global: Decode: Decoded mtctr instruction: 0x7cc903a6
 544250: system.cpu: A0 T0 : 0x10014cdc @ptmalloc_init+60    : mtctr      r6              : IntAlu :  D=0x000000000000007f  flags=(IsInteger)
 544500: global: Decode: Decoded std instruction: 0xf8010010
 544500: system.cpu: A0 T0 : 0x10014ce0 @ptmalloc_init+64    : std        r0, 16(r1)      : MemWrite :  D=0x000000001001a040 A=0x7fffffffe5e0  flags=(IsInteger|IsStore)
 544750: global: Decode: Decoded stdu instruction: 0xf821ff81
 544750: system.cpu: A0 T0 : 0x10014ce4 @ptmalloc_init+68    : stdu       r1, -128(r1)    : MemWrite :  D=0x00007fffffffe550 A=0x7fffffffe550  flags=(IsInteger|IsStore)
 545000: global: Decode: Decoded std instruction: 0xf8e80000
 545000: system.cpu: A0 T0 : 0x10014ce8 @ptmalloc_init+72    : std        r7, 0(r8)       : MemWrite :  D=0x00000000100b07f8 A=0x100b47a8  flags=(IsInteger|IsStore)
 545250: global: Decode: Decoded ori instruction: 0x60000000
 545250: system.cpu: A0 T0 : 0x10014cec @ptmalloc_init+76    : nop                        : IntAlu :  D=0x000000001001a040  flags=(IsInteger)
 545500: global: Decode: Decoded std instruction: 0xf9290018
 545500: system.cpu: A0 T0 : 0x10014cf0 @ptmalloc_init+80    : std        r9, 24(r9)      : MemWrite :  D=0x00000000100b0858 A=0x100b0870  flags=(IsInteger|IsStore)
 545750: global: Decode: Decoded std instruction: 0xf9290010
 545750: system.cpu: A0 T0 : 0x10014cf4 @ptmalloc_init+84    : std        r9, 16(r9)      : MemWrite :  D=0x00000000100b0858 A=0x100b0868  flags=(IsInteger|IsStore)
 546000: global: Decode: Decoded addi instruction: 0x39290010
 546000: system.cpu: A0 T0 : 0x10014cf8 @ptmalloc_init+88    : addi       r9, r9, 16      : IntAlu :  D=0x00000000100b0868  flags=(IsInteger)
 546250: global: Decode: Decoded bc instruction: 0x4200fff4
 546250: system.cpu: A0 T0 : 0x10014cfc @ptmalloc_init+92    : bc         0, 16, 0x10014cf0 : IntAlu :  D=0x000000000000007e  flags=(IsInteger|IsControl|IsDirectControl|IsCondControl)
 546500: global: Decode: Decoded std instruction: 0xf9290018
 546500: system.cpu: A0 T0 : 0x10014cf0 @ptmalloc_init+80    : std        r9, 24(r9)      : MemWrite :  D=0x00000000100b0868 A=0x100b0880  flags=(IsInteger|IsStore)
 546750: global: Decode: Decoded std instruction: 0xf9290010
 546750: system.cpu: A0 T0 : 0x10014cf4 @ptmalloc_init+84    : std        r9, 16(r9)      : MemWrite :  D=0x00000000100b0868 A=0x100b0878  flags=(IsInteger|IsStore)
 547000: global: Decode: Decoded addi instruction: 0x39290010
 547000: system.cpu: A0 T0 : 0x10014cf8 @ptmalloc_init+88    : addi       r9, r9, 16      : IntAlu :  D=0x00000000100b0878  flags=(IsInteger)
 547250: global: Decode: Decoded bc instruction: 0x4200fff4
 547250: system.cpu: A0 T0 : 0x10014cfc @ptmalloc_init+92    : bc         0, 16, 0x10014cf0 : IntAlu :  D=0x000000000000007d  flags=(IsInteger|IsControl|IsDirectControl|IsCondControl)
 547500: global: Decode: Decoded std instruction: 0xf9290018
 547500: system.cpu: A0 T0 : 0x10014cf0 @ptmalloc_init+80    : std        r9, 24(r9)      : MemWrite :  D=0x00000000100b0878 A=0x100b0890  flags=(IsInteger|IsStore)
 547750: global: Decode: Decoded std instruction: 0xf9290010
 547750: system.cpu: A0 T0 : 0x10014cf4 @ptmalloc_init+84    : std        r9, 16(r9)      : MemWrite :  D=0x00000000100b0878 A=0x100b0888  flags=(IsInteger|IsStore)
 548000: global: Decode: Decoded addi instruction: 0x39290010
 548000: system.cpu: A0 T0 : 0x10014cf8 @ptmalloc_init+88    : addi       r9, r9, 16      : IntAlu :  D=0x00000000100b0888  flags=(IsInteger)
 548250: global: Decode: Decoded bc instruction: 0x4200fff4
 548250: system.cpu: A0 T0 : 0x10014cfc @ptmalloc_init+92    : bc         0, 16, 0x10014cf0 : IntAlu :  D=0x000000000000007c  flags=(IsInteger|IsControl|IsDirectControl|IsCondControl)
 548500: global: Decode: Decoded std instruction: 0xf9290018
 548500: system.cpu: A0 T0 : 0x10014cf0 @ptmalloc_init+80    : std        r9, 24(r9)      : MemWrite :  D=0x00000000100b0888 A=0x100b08a0  flags=(IsInteger|IsStore)
 548750: global: Decode: Decoded std instruction: 0xf9290010
 548750: system.cpu: A0 T0 : 0x10014cf4 @ptmalloc_init+84    : std        r9, 16(r9)      : MemWrite :  D=0x00000000100b0888 A=0x100b0898  flags=(IsInteger|IsStore)
 549000: global: Decode: Decoded addi instruction: 0x39290010
 549000: system.cpu: A0 T0 : 0x10014cf8 @ptmalloc_init+88    : addi       r9, r9, 16      : IntAlu :  D=0x00000000100b0898  flags=(IsInteger)
 549250: global: Decode: Decoded bc instruction: 0x4200fff4
 549250: system.cpu: A0 T0 : 0x10014cfc @ptmalloc_init+92    : bc         0, 16, 0x10014cf0 : IntAlu :  D=0x000000000000007b  flags=(IsInteger|IsControl|IsDirectControl|IsCondControl)
 549500: global: Decode: Decoded std instruction: 0xf9290018
 549500: system.cpu: A0 T0 : 0x10014cf0 @ptmalloc_init+80    : std        r9, 24(r9)      : MemWrite :  D=0x00000000100b0898 A=0x100b08b0  flags=(IsInteger|IsStore)
 549750: global: Decode: Decoded std instruction: 0xf9290010
 549750: system.cpu: A0 T0 : 0x10014cf4 @ptmalloc_init+84    : std        r9, 16(r9)      : MemWrite :  D=0x00000000100b0898 A=0x100b08a8  flags=(IsInteger|IsStore)
 550000: global: Decode: Decoded addi instruction: 0x39290010
 550000: system.cpu: A0 T0 : 0x10014cf8 @ptmalloc_init+88    : addi       r9, r9, 16      : IntAlu :  D=0x00000000100b08a8  flags=(IsInteger)
 550250: global: Decode: Decoded bc instruction: 0x4200fff4
 550250: system.cpu: A0 T0 : 0x10014cfc @ptmalloc_init+92    : bc         0, 16, 0x10014cf0 : IntAlu :  D=0x000000000000007a  flags=(IsInteger|IsControl|IsDirectControl|IsCondControl)
 550500: global: Decode: Decoded std instruction: 0xf9290018
 550500: system.cpu: A0 T0 : 0x10014cf0 @ptmalloc_init+80    : std        r9, 24(r9)      : MemWrite :  D=0x00000000100b08a8 A=0x100b08c0  flags=(IsInteger|IsStore)
 550750: global: Decode: Decoded std instruction: 0xf9290010
 550750: system.cpu: A0 T0 : 0x10014cf4 @ptmalloc_init+84    : std        r9, 16(r9)      : MemWrite :  D=0x00000000100b08a8 A=0x100b08b8  flags=(IsInteger|IsStore)
 551000: global: Decode: Decoded addi instruction: 0x39290010
 551000: system.cpu: A0 T0 : 0x10014cf8 @ptmalloc_init+88    : addi       r9, r9, 16      : IntAlu :  D=0x00000000100b08b8  flags=(IsInteger)
 551250: global: Decode: Decoded bc instruction: 0x4200fff4
 551250: system.cpu: A0 T0 : 0x10014cfc @ptmalloc_init+92    : bc         0, 16, 0x10014cf0 : IntAlu :  D=0x0000000000000079  flags=(IsInteger|IsControl|IsDirectControl|IsCondControl)
 551500: global: Decode: Decoded std instruction: 0xf9290018
 551500: system.cpu: A0 T0 : 0x10014cf0 @ptmalloc_init+80    : std        r9, 24(r9)      : MemWrite :  D=0x00000000100b08b8 A=0x100b08d0  flags=(IsInteger|IsStore)
 551750: global: Decode: Decoded std instruction: 0xf9290010
 551750: system.cpu: A0 T0 : 0x10014cf4 @ptmalloc_init+84    : std        r9, 16(r9)      : MemWrite :  D=0x00000000100b08b8 A=0x100b08c8  flags=(IsInteger|IsStore)
 552000: global: Decode: Decoded addi instruction: 0x39290010
 552000: system.cpu: A0 T0 : 0x10014cf8 @ptmalloc_init+88    : addi       r9, r9, 16      : IntAlu :  D=0x00000000100b08c8  flags=(IsInteger)
 552250: global: Decode: Decoded bc instruction: 0x4200fff4
 552250: system.cpu: A0 T0 : 0x10014cfc @ptmalloc_init+92    : bc         0, 16, 0x10014cf0 : IntAlu :  D=0x0000000000000078  flags=(IsInteger|IsControl|IsDirectControl|IsCondControl)
 552500: global: Decode: Decoded std instruction: 0xf9290018
 552500: system.cpu: A0 T0 : 0x10014cf0 @ptmalloc_init+80    : std        r9, 24(r9)      : MemWrite :  D=0x00000000100b08c8 A=0x100b08e0  flags=(IsInteger|IsStore)
 552750: global: Decode: Decoded std instruction: 0xf9290010
 552750: system.cpu: A0 T0 : 0x10014cf4 @ptmalloc_init+84    : std        r9, 16(r9)      : MemWrite :  D=0x00000000100b08c8 A=0x100b08d8  flags=(IsInteger|IsStore)
 553000: global: Decode: Decoded addi instruction: 0x39290010
 553000: system.cpu: A0 T0 : 0x10014cf8 @ptmalloc_init+88    : addi       r9, r9, 16      : IntAlu :  D=0x00000000100b08d8  flags=(IsInteger)
 553250: global: Decode: Decoded bc instruction: 0x4200fff4
 553250: system.cpu: A0 T0 : 0x10014cfc @ptmalloc_init+92    : bc         0, 16, 0x10014cf0 : IntAlu :  D=0x0000000000000077  flags=(IsInteger|IsControl|IsDirectControl|IsCondControl)
 553500: global: Decode: Decoded std instruction: 0xf9290018
 553500: system.cpu: A0 T0 : 0x10014cf0 @ptmalloc_init+80    : std        r9, 24(r9)      : MemWrite :  D=0x00000000100b08d8 A=0x100b08f0  flags=(IsInteger|IsStore)
 553750: global: Decode: Decoded std instruction: 0xf9290010
 553750: system.cpu: A0 T0 : 0x10014cf4 @ptmalloc_init+84    : std        r9, 16(r9)      : MemWrite :  D=0x00000000100b08d8 A=0x100b08e8  flags=(IsInteger|IsStore)
 554000: global: Decode: Decoded addi instruction: 0x39290010
 554000: system.cpu: A0 T0 : 0x10014cf8 @ptmalloc_init+88    : addi       r9, r9, 16      : IntAlu :  D=0x00000000100b08e8  flags=(IsInteger)
 554250: global: Decode: Decoded bc instruction: 0x4200fff4
 554250: system.cpu: A0 T0 : 0x10014cfc @ptmalloc_init+92    : bc         0, 16, 0x10014cf0 : IntAlu :  D=0x0000000000000076  flags=(IsInteger|IsControl|IsDirectControl|IsCondControl)
 554500: global: Decode: Decoded std instruction: 0xf9290018
 554500: system.cpu: A0 T0 : 0x10014cf0 @ptmalloc_init+80    : std        r9, 24(r9)      : MemWrite :  D=0x00000000100b08e8 A=0x100b0900  flags=(IsInteger|IsStore)
 554750: global: Decode: Decoded std instruction: 0xf9290010
 554750: system.cpu: A0 T0 : 0x10014cf4 @ptmalloc_init+84    : std        r9, 16(r9)      : MemWrite :  D=0x00000000100b08e8 A=0x100b08f8  flags=(IsInteger|IsStore)
 555000: global: Decode: Decoded addi instruction: 0x39290010
 555000: system.cpu: A0 T0 : 0x10014cf8 @ptmalloc_init+88    : addi       r9, r9, 16      : IntAlu :  D=0x00000000100b08f8  flags=(IsInteger)
 555250: global: Decode: Decoded bc instruction: 0x4200fff4
 555250: system.cpu: A0 T0 : 0x10014cfc @ptmalloc_init+92    : bc         0, 16, 0x10014cf0 : IntAlu :  D=0x0000000000000075  flags=(IsInteger|IsControl|IsDirectControl|IsCondControl)
 555500: global: Decode: Decoded std instruction: 0xf9290018
 555500: system.cpu: A0 T0 : 0x10014cf0 @ptmalloc_init+80    : std        r9, 24(r9)      : MemWrite :  D=0x00000000100b08f8 A=0x100b0910  flags=(IsInteger|IsStore)
 555750: global: Decode: Decoded std instruction: 0xf9290010
 555750: system.cpu: A0 T0 : 0x10014cf4 @ptmalloc_init+84    : std        r9, 16(r9)      : MemWrite :  D=0x00000000100b08f8 A=0x100b0908  flags=(IsInteger|IsStore)
 556000: global: Decode: Decoded addi instruction: 0x39290010
 556000: system.cpu: A0 T0 : 0x10014cf8 @ptmalloc_init+88    : addi       r9, r9, 16      : IntAlu :  D=0x00000000100b0908  flags=(IsInteger)
 556250: global: Decode: Decoded bc instruction: 0x4200fff4
 556250: system.cpu: A0 T0 : 0x10014cfc @ptmalloc_init+92    : bc         0, 16, 0x10014cf0 : IntAlu :  D=0x0000000000000074  flags=(IsInteger|IsControl|IsDirectControl|IsCondControl)
 556500: global: Decode: Decoded std instruction: 0xf9290018
 556500: system.cpu: A0 T0 : 0x10014cf0 @ptmalloc_init+80    : std        r9, 24(r9)      : MemWrite :  D=0x00000000100b0908 A=0x100b0920  flags=(IsInteger|IsStore)
 556750: global: Decode: Decoded std instruction: 0xf9290010
 556750: system.cpu: A0 T0 : 0x10014cf4 @ptmalloc_init+84    : std        r9, 16(r9)      : MemWrite :  D=0x00000000100b0908 A=0x100b0918  flags=(IsInteger|IsStore)
 557000: global: Decode: Decoded addi instruction: 0x39290010
 557000: system.cpu: A0 T0 : 0x10014cf8 @ptmalloc_init+88    : addi       r9, r9, 16      : IntAlu :  D=0x00000000100b0918  flags=(IsInteger)
 557250: global: Decode: Decoded bc instruction: 0x4200fff4
 557250: system.cpu: A0 T0 : 0x10014cfc @ptmalloc_init+92    : bc         0, 16, 0x10014cf0 : IntAlu :  D=0x0000000000000073  flags=(IsInteger|IsControl|IsDirectControl|IsCondControl)
 557500: global: Decode: Decoded std instruction: 0xf9290018
 557500: system.cpu: A0 T0 : 0x10014cf0 @ptmalloc_init+80    : std        r9, 24(r9)      : MemWrite :  D=0x00000000100b0918 A=0x100b0930  flags=(IsInteger|IsStore)
 557750: global: Decode: Decoded std instruction: 0xf9290010
 557750: system.cpu: A0 T0 : 0x10014cf4 @ptmalloc_init+84    : std        r9, 16(r9)      : MemWrite :  D=0x00000000100b0918 A=0x100b0928  flags=(IsInteger|IsStore)
 558000: global: Decode: Decoded addi instruction: 0x39290010
 558000: system.cpu: A0 T0 : 0x10014cf8 @ptmalloc_init+88    : addi       r9, r9, 16      : IntAlu :  D=0x00000000100b0928  flags=(IsInteger)
 558250: global: Decode: Decoded bc instruction: 0x4200fff4
 558250: system.cpu: A0 T0 : 0x10014cfc @ptmalloc_init+92    : bc         0, 16, 0x10014cf0 : IntAlu :  D=0x0000000000000072  flags=(IsInteger|IsControl|IsDirectControl|IsCondControl)
 558500: global: Decode: Decoded std instruction: 0xf9290018
 558500: system.cpu: A0 T0 : 0x10014cf0 @ptmalloc_init+80    : std        r9, 24(r9)      : MemWrite :  D=0x00000000100b0928 A=0x100b0940  flags=(IsInteger|IsStore)
 558750: global: Decode: Decoded std instruction: 0xf9290010
 558750: system.cpu: A0 T0 : 0x10014cf4 @ptmalloc_init+84    : std        r9, 16(r9)      : MemWrite :  D=0x00000000100b0928 A=0x100b0938  flags=(IsInteger|IsStore)
 559000: global: Decode: Decoded addi instruction: 0x39290010
 559000: system.cpu: A0 T0 : 0x10014cf8 @ptmalloc_init+88    : addi       r9, r9, 16      : IntAlu :  D=0x00000000100b0938  flags=(IsInteger)
 559250: global: Decode: Decoded bc instruction: 0x4200fff4
 559250: system.cpu: A0 T0 : 0x10014cfc @ptmalloc_init+92    : bc         0, 16, 0x10014cf0 : IntAlu :  D=0x0000000000000071  flags=(IsInteger|IsControl|IsDirectControl|IsCondControl)
 559500: global: Decode: Decoded std instruction: 0xf9290018
 559500: system.cpu: A0 T0 : 0x10014cf0 @ptmalloc_init+80    : std        r9, 24(r9)      : MemWrite :  D=0x00000000100b0938 A=0x100b0950  flags=(IsInteger|IsStore)
 559750: global: Decode: Decoded std instruction: 0xf9290010
 559750: system.cpu: A0 T0 : 0x10014cf4 @ptmalloc_init+84    : std        r9, 16(r9)      : MemWrite :  D=0x00000000100b0938 A=0x100b0948  flags=(IsInteger|IsStore)
 560000: global: Decode: Decoded addi instruction: 0x39290010
 560000: system.cpu: A0 T0 : 0x10014cf8 @ptmalloc_init+88    : addi       r9, r9, 16      : IntAlu :  D=0x00000000100b0948  flags=(IsInteger)
 560250: global: Decode: Decoded bc instruction: 0x4200fff4
 560250: system.cpu: A0 T0 : 0x10014cfc @ptmalloc_init+92    : bc         0, 16, 0x10014cf0 : IntAlu :  D=0x0000000000000070  flags=(IsInteger|IsControl|IsDirectControl|IsCondControl)
 560500: global: Decode: Decoded std instruction: 0xf9290018
 560500: system.cpu: A0 T0 : 0x10014cf0 @ptmalloc_init+80    : std        r9, 24(r9)      : MemWrite :  D=0x00000000100b0948 A=0x100b0960  flags=(IsInteger|IsStore)
 560750: global: Decode: Decoded std instruction: 0xf9290010
 560750: system.cpu: A0 T0 : 0x10014cf4 @ptmalloc_init+84    : std        r9, 16(r9)      : MemWrite :  D=0x00000000100b0948 A=0x100b0958  flags=(IsInteger|IsStore)
 561000: global: Decode: Decoded addi instruction: 0x39290010
 561000: system.cpu: A0 T0 : 0x10014cf8 @ptmalloc_init+88    : addi       r9, r9, 16      : IntAlu :  D=0x00000000100b0958  flags=(IsInteger)
 561250: global: Decode: Decoded bc instruction: 0x4200fff4
 561250: system.cpu: A0 T0 : 0x10014cfc @ptmalloc_init+92    : bc         0, 16, 0x10014cf0 : IntAlu :  D=0x000000000000006f  flags=(IsInteger|IsControl|IsDirectControl|IsCondControl)
 561500: global: Decode: Decoded std instruction: 0xf9290018
 561500: system.cpu: A0 T0 : 0x10014cf0 @ptmalloc_init+80    : std        r9, 24(r9)      : MemWrite :  D=0x00000000100b0958 A=0x100b0970  flags=(IsInteger|IsStore)
 561750: global: Decode: Decoded std instruction: 0xf9290010
 561750: system.cpu: A0 T0 : 0x10014cf4 @ptmalloc_init+84    : std        r9, 16(r9)      : MemWrite :  D=0x00000000100b0958 A=0x100b0968  flags=(IsInteger|IsStore)
 562000: global: Decode: Decoded addi instruction: 0x39290010
 562000: system.cpu: A0 T0 : 0x10014cf8 @ptmalloc_init+88    : addi       r9, r9, 16      : IntAlu :  D=0x00000000100b0968  flags=(IsInteger)
 562250: global: Decode: Decoded bc instruction: 0x4200fff4
 562250: system.cpu: A0 T0 : 0x10014cfc @ptmalloc_init+92    : bc         0, 16, 0x10014cf0 : IntAlu :  D=0x000000000000006e  flags=(IsInteger|IsControl|IsDirectControl|IsCondControl)
 562500: global: Decode: Decoded std instruction: 0xf9290018
 562500: system.cpu: A0 T0 : 0x10014cf0 @ptmalloc_init+80    : std        r9, 24(r9)      : MemWrite :  D=0x00000000100b0968 A=0x100b0980  flags=(IsInteger|IsStore)
 562750: global: Decode: Decoded std instruction: 0xf9290010
 562750: system.cpu: A0 T0 : 0x10014cf4 @ptmalloc_init+84    : std        r9, 16(r9)      : MemWrite :  D=0x00000000100b0968 A=0x100b0978  flags=(IsInteger|IsStore)
 563000: global: Decode: Decoded addi instruction: 0x39290010
 563000: system.cpu: A0 T0 : 0x10014cf8 @ptmalloc_init+88    : addi       r9, r9, 16      : IntAlu :  D=0x00000000100b0978  flags=(IsInteger)
 563250: global: Decode: Decoded bc instruction: 0x4200fff4
 563250: system.cpu: A0 T0 : 0x10014cfc @ptmalloc_init+92    : bc         0, 16, 0x10014cf0 : IntAlu :  D=0x000000000000006d  flags=(IsInteger|IsControl|IsDirectControl|IsCondControl)
 563500: global: Decode: Decoded std instruction: 0xf9290018
 563500: system.cpu: A0 T0 : 0x10014cf0 @ptmalloc_init+80    : std        r9, 24(r9)      : MemWrite :  D=0x00000000100b0978 A=0x100b0990  flags=(IsInteger|IsStore)
 563750: global: Decode: Decoded std instruction: 0xf9290010
 563750: system.cpu: A0 T0 : 0x10014cf4 @ptmalloc_init+84    : std        r9, 16(r9)      : MemWrite :  D=0x00000000100b0978 A=0x100b0988  flags=(IsInteger|IsStore)
 564000: global: Decode: Decoded addi instruction: 0x39290010
 564000: system.cpu: A0 T0 : 0x10014cf8 @ptmalloc_init+88    : addi       r9, r9, 16      : IntAlu :  D=0x00000000100b0988  flags=(IsInteger)
 564250: global: Decode: Decoded bc instruction: 0x4200fff4
 564250: system.cpu: A0 T0 : 0x10014cfc @ptmalloc_init+92    : bc         0, 16, 0x10014cf0 : IntAlu :  D=0x000000000000006c  flags=(IsInteger|IsControl|IsDirectControl|IsCondControl)
 564500: global: Decode: Decoded std instruction: 0xf9290018
 564500: system.cpu: A0 T0 : 0x10014cf0 @ptmalloc_init+80    : std        r9, 24(r9)      : MemWrite :  D=0x00000000100b0988 A=0x100b09a0  flags=(IsInteger|IsStore)
 564750: global: Decode: Decoded std instruction: 0xf9290010
 564750: system.cpu: A0 T0 : 0x10014cf4 @ptmalloc_init+84    : std        r9, 16(r9)      : MemWrite :  D=0x00000000100b0988 A=0x100b0998  flags=(IsInteger|IsStore)
 565000: global: Decode: Decoded addi instruction: 0x39290010
 565000: system.cpu: A0 T0 : 0x10014cf8 @ptmalloc_init+88    : addi       r9, r9, 16      : IntAlu :  D=0x00000000100b0998  flags=(IsInteger)
 565250: global: Decode: Decoded bc instruction: 0x4200fff4
 565250: system.cpu: A0 T0 : 0x10014cfc @ptmalloc_init+92    : bc         0, 16, 0x10014cf0 : IntAlu :  D=0x000000000000006b  flags=(IsInteger|IsControl|IsDirectControl|IsCondControl)
 565500: global: Decode: Decoded std instruction: 0xf9290018
 565500: system.cpu: A0 T0 : 0x10014cf0 @ptmalloc_init+80    : std        r9, 24(r9)      : MemWrite :  D=0x00000000100b0998 A=0x100b09b0  flags=(IsInteger|IsStore)
 565750: global: Decode: Decoded std instruction: 0xf9290010
 565750: system.cpu: A0 T0 : 0x10014cf4 @ptmalloc_init+84    : std        r9, 16(r9)      : MemWrite :  D=0x00000000100b0998 A=0x100b09a8  flags=(IsInteger|IsStore)
 566000: global: Decode: Decoded addi instruction: 0x39290010
 566000: system.cpu: A0 T0 : 0x10014cf8 @ptmalloc_init+88    : addi       r9, r9, 16      : IntAlu :  D=0x00000000100b09a8  flags=(IsInteger)
 566250: global: Decode: Decoded bc instruction: 0x4200fff4
 566250: system.cpu: A0 T0 : 0x10014cfc @ptmalloc_init+92    : bc         0, 16, 0x10014cf0 : IntAlu :  D=0x000000000000006a  flags=(IsInteger|IsControl|IsDirectControl|IsCondControl)
 566500: global: Decode: Decoded std instruction: 0xf9290018
 566500: system.cpu: A0 T0 : 0x10014cf0 @ptmalloc_init+80    : std        r9, 24(r9)      : MemWrite :  D=0x00000000100b09a8 A=0x100b09c0  flags=(IsInteger|IsStore)
 566750: global: Decode: Decoded std instruction: 0xf9290010
 566750: system.cpu: A0 T0 : 0x10014cf4 @ptmalloc_init+84    : std        r9, 16(r9)      : MemWrite :  D=0x00000000100b09a8 A=0x100b09b8  flags=(IsInteger|IsStore)
 567000: global: Decode: Decoded addi instruction: 0x39290010
 567000: system.cpu: A0 T0 : 0x10014cf8 @ptmalloc_init+88    : addi       r9, r9, 16      : IntAlu :  D=0x00000000100b09b8  flags=(IsInteger)
 567250: global: Decode: Decoded bc instruction: 0x4200fff4
 567250: system.cpu: A0 T0 : 0x10014cfc @ptmalloc_init+92    : bc         0, 16, 0x10014cf0 : IntAlu :  D=0x0000000000000069  flags=(IsInteger|IsControl|IsDirectControl|IsCondControl)
 567500: global: Decode: Decoded std instruction: 0xf9290018
 567500: system.cpu: A0 T0 : 0x10014cf0 @ptmalloc_init+80    : std        r9, 24(r9)      : MemWrite :  D=0x00000000100b09b8 A=0x100b09d0  flags=(IsInteger|IsStore)
 567750: global: Decode: Decoded std instruction: 0xf9290010
 567750: system.cpu: A0 T0 : 0x10014cf4 @ptmalloc_init+84    : std        r9, 16(r9)      : MemWrite :  D=0x00000000100b09b8 A=0x100b09c8  flags=(IsInteger|IsStore)
 568000: global: Decode: Decoded addi instruction: 0x39290010
 568000: system.cpu: A0 T0 : 0x10014cf8 @ptmalloc_init+88    : addi       r9, r9, 16      : IntAlu :  D=0x00000000100b09c8  flags=(IsInteger)
 568250: global: Decode: Decoded bc instruction: 0x4200fff4
 568250: system.cpu: A0 T0 : 0x10014cfc @ptmalloc_init+92    : bc         0, 16, 0x10014cf0 : IntAlu :  D=0x0000000000000068  flags=(IsInteger|IsControl|IsDirectControl|IsCondControl)
 568500: global: Decode: Decoded std instruction: 0xf9290018
 568500: system.cpu: A0 T0 : 0x10014cf0 @ptmalloc_init+80    : std        r9, 24(r9)      : MemWrite :  D=0x00000000100b09c8 A=0x100b09e0  flags=(IsInteger|IsStore)
 568750: global: Decode: Decoded std instruction: 0xf9290010
 568750: system.cpu: A0 T0 : 0x10014cf4 @ptmalloc_init+84    : std        r9, 16(r9)      : MemWrite :  D=0x00000000100b09c8 A=0x100b09d8  flags=(IsInteger|IsStore)
 569000: global: Decode: Decoded addi instruction: 0x39290010
 569000: system.cpu: A0 T0 : 0x10014cf8 @ptmalloc_init+88    : addi       r9, r9, 16      : IntAlu :  D=0x00000000100b09d8  flags=(IsInteger)
 569250: global: Decode: Decoded bc instruction: 0x4200fff4
 569250: system.cpu: A0 T0 : 0x10014cfc @ptmalloc_init+92    : bc         0, 16, 0x10014cf0 : IntAlu :  D=0x0000000000000067  flags=(IsInteger|IsControl|IsDirectControl|IsCondControl)
 569500: global: Decode: Decoded std instruction: 0xf9290018
 569500: system.cpu: A0 T0 : 0x10014cf0 @ptmalloc_init+80    : std        r9, 24(r9)      : MemWrite :  D=0x00000000100b09d8 A=0x100b09f0  flags=(IsInteger|IsStore)
 569750: global: Decode: Decoded std instruction: 0xf9290010
 569750: system.cpu: A0 T0 : 0x10014cf4 @ptmalloc_init+84    : std        r9, 16(r9)      : MemWrite :  D=0x00000000100b09d8 A=0x100b09e8  flags=(IsInteger|IsStore)
 570000: global: Decode: Decoded addi instruction: 0x39290010
 570000: system.cpu: A0 T0 : 0x10014cf8 @ptmalloc_init+88    : addi       r9, r9, 16      : IntAlu :  D=0x00000000100b09e8  flags=(IsInteger)
 570250: global: Decode: Decoded bc instruction: 0x4200fff4
 570250: system.cpu: A0 T0 : 0x10014cfc @ptmalloc_init+92    : bc         0, 16, 0x10014cf0 : IntAlu :  D=0x0000000000000066  flags=(IsInteger|IsControl|IsDirectControl|IsCondControl)
 570500: global: Decode: Decoded std instruction: 0xf9290018
 570500: system.cpu: A0 T0 : 0x10014cf0 @ptmalloc_init+80    : std        r9, 24(r9)      : MemWrite :  D=0x00000000100b09e8 A=0x100b0a00  flags=(IsInteger|IsStore)
 570750: global: Decode: Decoded std instruction: 0xf9290010
 570750: system.cpu: A0 T0 : 0x10014cf4 @ptmalloc_init+84    : std        r9, 16(r9)      : MemWrite :  D=0x00000000100b09e8 A=0x100b09f8  flags=(IsInteger|IsStore)
 571000: global: Decode: Decoded addi instruction: 0x39290010
 571000: system.cpu: A0 T0 : 0x10014cf8 @ptmalloc_init+88    : addi       r9, r9, 16      : IntAlu :  D=0x00000000100b09f8  flags=(IsInteger)
 571250: global: Decode: Decoded bc instruction: 0x4200fff4
 571250: system.cpu: A0 T0 : 0x10014cfc @ptmalloc_init+92    : bc         0, 16, 0x10014cf0 : IntAlu :  D=0x0000000000000065  flags=(IsInteger|IsControl|IsDirectControl|IsCondControl)
 571500: global: Decode: Decoded std instruction: 0xf9290018
 571500: system.cpu: A0 T0 : 0x10014cf0 @ptmalloc_init+80    : std        r9, 24(r9)      : MemWrite :  D=0x00000000100b09f8 A=0x100b0a10  flags=(IsInteger|IsStore)
 571750: global: Decode: Decoded std instruction: 0xf9290010
 571750: system.cpu: A0 T0 : 0x10014cf4 @ptmalloc_init+84    : std        r9, 16(r9)      : MemWrite :  D=0x00000000100b09f8 A=0x100b0a08  flags=(IsInteger|IsStore)
 572000: global: Decode: Decoded addi instruction: 0x39290010
 572000: system.cpu: A0 T0 : 0x10014cf8 @ptmalloc_init+88    : addi       r9, r9, 16      : IntAlu :  D=0x00000000100b0a08  flags=(IsInteger)
 572250: global: Decode: Decoded bc instruction: 0x4200fff4
 572250: system.cpu: A0 T0 : 0x10014cfc @ptmalloc_init+92    : bc         0, 16, 0x10014cf0 : IntAlu :  D=0x0000000000000064  flags=(IsInteger|IsControl|IsDirectControl|IsCondControl)
 572500: global: Decode: Decoded std instruction: 0xf9290018
 572500: system.cpu: A0 T0 : 0x10014cf0 @ptmalloc_init+80    : std        r9, 24(r9)      : MemWrite :  D=0x00000000100b0a08 A=0x100b0a20  flags=(IsInteger|IsStore)
 572750: global: Decode: Decoded std instruction: 0xf9290010
 572750: system.cpu: A0 T0 : 0x10014cf4 @ptmalloc_init+84    : std        r9, 16(r9)      : MemWrite :  D=0x00000000100b0a08 A=0x100b0a18  flags=(IsInteger|IsStore)
 573000: global: Decode: Decoded addi instruction: 0x39290010
 573000: system.cpu: A0 T0 : 0x10014cf8 @ptmalloc_init+88    : addi       r9, r9, 16      : IntAlu :  D=0x00000000100b0a18  flags=(IsInteger)
 573250: global: Decode: Decoded bc instruction: 0x4200fff4
 573250: system.cpu: A0 T0 : 0x10014cfc @ptmalloc_init+92    : bc         0, 16, 0x10014cf0 : IntAlu :  D=0x0000000000000063  flags=(IsInteger|IsControl|IsDirectControl|IsCondControl)
 573500: global: Decode: Decoded std instruction: 0xf9290018
 573500: system.cpu: A0 T0 : 0x10014cf0 @ptmalloc_init+80    : std        r9, 24(r9)      : MemWrite :  D=0x00000000100b0a18 A=0x100b0a30  flags=(IsInteger|IsStore)
 573750: global: Decode: Decoded std instruction: 0xf9290010
 573750: system.cpu: A0 T0 : 0x10014cf4 @ptmalloc_init+84    : std        r9, 16(r9)      : MemWrite :  D=0x00000000100b0a18 A=0x100b0a28  flags=(IsInteger|IsStore)
 574000: global: Decode: Decoded addi instruction: 0x39290010
 574000: system.cpu: A0 T0 : 0x10014cf8 @ptmalloc_init+88    : addi       r9, r9, 16      : IntAlu :  D=0x00000000100b0a28  flags=(IsInteger)
 574250: global: Decode: Decoded bc instruction: 0x4200fff4
 574250: system.cpu: A0 T0 : 0x10014cfc @ptmalloc_init+92    : bc         0, 16, 0x10014cf0 : IntAlu :  D=0x0000000000000062  flags=(IsInteger|IsControl|IsDirectControl|IsCondControl)
 574500: global: Decode: Decoded std instruction: 0xf9290018
 574500: system.cpu: A0 T0 : 0x10014cf0 @ptmalloc_init+80    : std        r9, 24(r9)      : MemWrite :  D=0x00000000100b0a28 A=0x100b0a40  flags=(IsInteger|IsStore)
 574750: global: Decode: Decoded std instruction: 0xf9290010
 574750: system.cpu: A0 T0 : 0x10014cf4 @ptmalloc_init+84    : std        r9, 16(r9)      : MemWrite :  D=0x00000000100b0a28 A=0x100b0a38  flags=(IsInteger|IsStore)
 575000: global: Decode: Decoded addi instruction: 0x39290010
 575000: system.cpu: A0 T0 : 0x10014cf8 @ptmalloc_init+88    : addi       r9, r9, 16      : IntAlu :  D=0x00000000100b0a38  flags=(IsInteger)
 575250: global: Decode: Decoded bc instruction: 0x4200fff4
 575250: system.cpu: A0 T0 : 0x10014cfc @ptmalloc_init+92    : bc         0, 16, 0x10014cf0 : IntAlu :  D=0x0000000000000061  flags=(IsInteger|IsControl|IsDirectControl|IsCondControl)
 575500: global: Decode: Decoded std instruction: 0xf9290018
 575500: system.cpu: A0 T0 : 0x10014cf0 @ptmalloc_init+80    : std        r9, 24(r9)      : MemWrite :  D=0x00000000100b0a38 A=0x100b0a50  flags=(IsInteger|IsStore)
 575750: global: Decode: Decoded std instruction: 0xf9290010
 575750: system.cpu: A0 T0 : 0x10014cf4 @ptmalloc_init+84    : std        r9, 16(r9)      : MemWrite :  D=0x00000000100b0a38 A=0x100b0a48  flags=(IsInteger|IsStore)
 576000: global: Decode: Decoded addi instruction: 0x39290010
 576000: system.cpu: A0 T0 : 0x10014cf8 @ptmalloc_init+88    : addi       r9, r9, 16      : IntAlu :  D=0x00000000100b0a48  flags=(IsInteger)
 576250: global: Decode: Decoded bc instruction: 0x4200fff4
 576250: system.cpu: A0 T0 : 0x10014cfc @ptmalloc_init+92    : bc         0, 16, 0x10014cf0 : IntAlu :  D=0x0000000000000060  flags=(IsInteger|IsControl|IsDirectControl|IsCondControl)
 576500: global: Decode: Decoded std instruction: 0xf9290018
 576500: system.cpu: A0 T0 : 0x10014cf0 @ptmalloc_init+80    : std        r9, 24(r9)      : MemWrite :  D=0x00000000100b0a48 A=0x100b0a60  flags=(IsInteger|IsStore)
 576750: global: Decode: Decoded std instruction: 0xf9290010
 576750: system.cpu: A0 T0 : 0x10014cf4 @ptmalloc_init+84    : std        r9, 16(r9)      : MemWrite :  D=0x00000000100b0a48 A=0x100b0a58  flags=(IsInteger|IsStore)
 577000: global: Decode: Decoded addi instruction: 0x39290010
 577000: system.cpu: A0 T0 : 0x10014cf8 @ptmalloc_init+88    : addi       r9, r9, 16      : IntAlu :  D=0x00000000100b0a58  flags=(IsInteger)
 577250: global: Decode: Decoded bc instruction: 0x4200fff4
 577250: system.cpu: A0 T0 : 0x10014cfc @ptmalloc_init+92    : bc         0, 16, 0x10014cf0 : IntAlu :  D=0x000000000000005f  flags=(IsInteger|IsControl|IsDirectControl|IsCondControl)
 577500: global: Decode: Decoded std instruction: 0xf9290018
 577500: system.cpu: A0 T0 : 0x10014cf0 @ptmalloc_init+80    : std        r9, 24(r9)      : MemWrite :  D=0x00000000100b0a58 A=0x100b0a70  flags=(IsInteger|IsStore)
 577750: global: Decode: Decoded std instruction: 0xf9290010
 577750: system.cpu: A0 T0 : 0x10014cf4 @ptmalloc_init+84    : std        r9, 16(r9)      : MemWrite :  D=0x00000000100b0a58 A=0x100b0a68  flags=(IsInteger|IsStore)
 578000: global: Decode: Decoded addi instruction: 0x39290010
 578000: system.cpu: A0 T0 : 0x10014cf8 @ptmalloc_init+88    : addi       r9, r9, 16      : IntAlu :  D=0x00000000100b0a68  flags=(IsInteger)
 578250: global: Decode: Decoded bc instruction: 0x4200fff4
 578250: system.cpu: A0 T0 : 0x10014cfc @ptmalloc_init+92    : bc         0, 16, 0x10014cf0 : IntAlu :  D=0x000000000000005e  flags=(IsInteger|IsControl|IsDirectControl|IsCondControl)
 578500: global: Decode: Decoded std instruction: 0xf9290018
 578500: system.cpu: A0 T0 : 0x10014cf0 @ptmalloc_init+80    : std        r9, 24(r9)      : MemWrite :  D=0x00000000100b0a68 A=0x100b0a80  flags=(IsInteger|IsStore)
 578750: global: Decode: Decoded std instruction: 0xf9290010
 578750: system.cpu: A0 T0 : 0x10014cf4 @ptmalloc_init+84    : std        r9, 16(r9)      : MemWrite :  D=0x00000000100b0a68 A=0x100b0a78  flags=(IsInteger|IsStore)
 579000: global: Decode: Decoded addi instruction: 0x39290010
 579000: system.cpu: A0 T0 : 0x10014cf8 @ptmalloc_init+88    : addi       r9, r9, 16      : IntAlu :  D=0x00000000100b0a78  flags=(IsInteger)
 579250: global: Decode: Decoded bc instruction: 0x4200fff4
 579250: system.cpu: A0 T0 : 0x10014cfc @ptmalloc_init+92    : bc         0, 16, 0x10014cf0 : IntAlu :  D=0x000000000000005d  flags=(IsInteger|IsControl|IsDirectControl|IsCondControl)
 579500: global: Decode: Decoded std instruction: 0xf9290018
 579500: system.cpu: A0 T0 : 0x10014cf0 @ptmalloc_init+80    : std        r9, 24(r9)      : MemWrite :  D=0x00000000100b0a78 A=0x100b0a90  flags=(IsInteger|IsStore)
 579750: global: Decode: Decoded std instruction: 0xf9290010
 579750: system.cpu: A0 T0 : 0x10014cf4 @ptmalloc_init+84    : std        r9, 16(r9)      : MemWrite :  D=0x00000000100b0a78 A=0x100b0a88  flags=(IsInteger|IsStore)
 580000: global: Decode: Decoded addi instruction: 0x39290010
 580000: system.cpu: A0 T0 : 0x10014cf8 @ptmalloc_init+88    : addi       r9, r9, 16      : IntAlu :  D=0x00000000100b0a88  flags=(IsInteger)
 580250: global: Decode: Decoded bc instruction: 0x4200fff4
 580250: system.cpu: A0 T0 : 0x10014cfc @ptmalloc_init+92    : bc         0, 16, 0x10014cf0 : IntAlu :  D=0x000000000000005c  flags=(IsInteger|IsControl|IsDirectControl|IsCondControl)
 580500: global: Decode: Decoded std instruction: 0xf9290018
 580500: system.cpu: A0 T0 : 0x10014cf0 @ptmalloc_init+80    : std        r9, 24(r9)      : MemWrite :  D=0x00000000100b0a88 A=0x100b0aa0  flags=(IsInteger|IsStore)
 580750: global: Decode: Decoded std instruction: 0xf9290010
 580750: system.cpu: A0 T0 : 0x10014cf4 @ptmalloc_init+84    : std        r9, 16(r9)      : MemWrite :  D=0x00000000100b0a88 A=0x100b0a98  flags=(IsInteger|IsStore)
 581000: global: Decode: Decoded addi instruction: 0x39290010
 581000: system.cpu: A0 T0 : 0x10014cf8 @ptmalloc_init+88    : addi       r9, r9, 16      : IntAlu :  D=0x00000000100b0a98  flags=(IsInteger)
 581250: global: Decode: Decoded bc instruction: 0x4200fff4
 581250: system.cpu: A0 T0 : 0x10014cfc @ptmalloc_init+92    : bc         0, 16, 0x10014cf0 : IntAlu :  D=0x000000000000005b  flags=(IsInteger|IsControl|IsDirectControl|IsCondControl)
 581500: global: Decode: Decoded std instruction: 0xf9290018
 581500: system.cpu: A0 T0 : 0x10014cf0 @ptmalloc_init+80    : std        r9, 24(r9)      : MemWrite :  D=0x00000000100b0a98 A=0x100b0ab0  flags=(IsInteger|IsStore)
 581750: global: Decode: Decoded std instruction: 0xf9290010
 581750: system.cpu: A0 T0 : 0x10014cf4 @ptmalloc_init+84    : std        r9, 16(r9)      : MemWrite :  D=0x00000000100b0a98 A=0x100b0aa8  flags=(IsInteger|IsStore)
 582000: global: Decode: Decoded addi instruction: 0x39290010
 582000: system.cpu: A0 T0 : 0x10014cf8 @ptmalloc_init+88    : addi       r9, r9, 16      : IntAlu :  D=0x00000000100b0aa8  flags=(IsInteger)
 582250: global: Decode: Decoded bc instruction: 0x4200fff4
 582250: system.cpu: A0 T0 : 0x10014cfc @ptmalloc_init+92    : bc         0, 16, 0x10014cf0 : IntAlu :  D=0x000000000000005a  flags=(IsInteger|IsControl|IsDirectControl|IsCondControl)
 582500: global: Decode: Decoded std instruction: 0xf9290018
 582500: system.cpu: A0 T0 : 0x10014cf0 @ptmalloc_init+80    : std        r9, 24(r9)      : MemWrite :  D=0x00000000100b0aa8 A=0x100b0ac0  flags=(IsInteger|IsStore)
 582750: global: Decode: Decoded std instruction: 0xf9290010
 582750: system.cpu: A0 T0 : 0x10014cf4 @ptmalloc_init+84    : std        r9, 16(r9)      : MemWrite :  D=0x00000000100b0aa8 A=0x100b0ab8  flags=(IsInteger|IsStore)
 583000: global: Decode: Decoded addi instruction: 0x39290010
 583000: system.cpu: A0 T0 : 0x10014cf8 @ptmalloc_init+88    : addi       r9, r9, 16      : IntAlu :  D=0x00000000100b0ab8  flags=(IsInteger)
 583250: global: Decode: Decoded bc instruction: 0x4200fff4
 583250: system.cpu: A0 T0 : 0x10014cfc @ptmalloc_init+92    : bc         0, 16, 0x10014cf0 : IntAlu :  D=0x0000000000000059  flags=(IsInteger|IsControl|IsDirectControl|IsCondControl)
 583500: global: Decode: Decoded std instruction: 0xf9290018
 583500: system.cpu: A0 T0 : 0x10014cf0 @ptmalloc_init+80    : std        r9, 24(r9)      : MemWrite :  D=0x00000000100b0ab8 A=0x100b0ad0  flags=(IsInteger|IsStore)
 583750: global: Decode: Decoded std instruction: 0xf9290010
 583750: system.cpu: A0 T0 : 0x10014cf4 @ptmalloc_init+84    : std        r9, 16(r9)      : MemWrite :  D=0x00000000100b0ab8 A=0x100b0ac8  flags=(IsInteger|IsStore)
 584000: global: Decode: Decoded addi instruction: 0x39290010
 584000: system.cpu: A0 T0 : 0x10014cf8 @ptmalloc_init+88    : addi       r9, r9, 16      : IntAlu :  D=0x00000000100b0ac8  flags=(IsInteger)
 584250: global: Decode: Decoded bc instruction: 0x4200fff4
 584250: system.cpu: A0 T0 : 0x10014cfc @ptmalloc_init+92    : bc         0, 16, 0x10014cf0 : IntAlu :  D=0x0000000000000058  flags=(IsInteger|IsControl|IsDirectControl|IsCondControl)
 584500: global: Decode: Decoded std instruction: 0xf9290018
 584500: system.cpu: A0 T0 : 0x10014cf0 @ptmalloc_init+80    : std        r9, 24(r9)      : MemWrite :  D=0x00000000100b0ac8 A=0x100b0ae0  flags=(IsInteger|IsStore)
 584750: global: Decode: Decoded std instruction: 0xf9290010
 584750: system.cpu: A0 T0 : 0x10014cf4 @ptmalloc_init+84    : std        r9, 16(r9)      : MemWrite :  D=0x00000000100b0ac8 A=0x100b0ad8  flags=(IsInteger|IsStore)
 585000: global: Decode: Decoded addi instruction: 0x39290010
 585000: system.cpu: A0 T0 : 0x10014cf8 @ptmalloc_init+88    : addi       r9, r9, 16      : IntAlu :  D=0x00000000100b0ad8  flags=(IsInteger)
 585250: global: Decode: Decoded bc instruction: 0x4200fff4
 585250: system.cpu: A0 T0 : 0x10014cfc @ptmalloc_init+92    : bc         0, 16, 0x10014cf0 : IntAlu :  D=0x0000000000000057  flags=(IsInteger|IsControl|IsDirectControl|IsCondControl)
 585500: global: Decode: Decoded std instruction: 0xf9290018
 585500: system.cpu: A0 T0 : 0x10014cf0 @ptmalloc_init+80    : std        r9, 24(r9)      : MemWrite :  D=0x00000000100b0ad8 A=0x100b0af0  flags=(IsInteger|IsStore)
 585750: global: Decode: Decoded std instruction: 0xf9290010
 585750: system.cpu: A0 T0 : 0x10014cf4 @ptmalloc_init+84    : std        r9, 16(r9)      : MemWrite :  D=0x00000000100b0ad8 A=0x100b0ae8  flags=(IsInteger|IsStore)
 586000: global: Decode: Decoded addi instruction: 0x39290010
 586000: system.cpu: A0 T0 : 0x10014cf8 @ptmalloc_init+88    : addi       r9, r9, 16      : IntAlu :  D=0x00000000100b0ae8  flags=(IsInteger)
 586250: global: Decode: Decoded bc instruction: 0x4200fff4
 586250: system.cpu: A0 T0 : 0x10014cfc @ptmalloc_init+92    : bc         0, 16, 0x10014cf0 : IntAlu :  D=0x0000000000000056  flags=(IsInteger|IsControl|IsDirectControl|IsCondControl)
 586500: global: Decode: Decoded std instruction: 0xf9290018
 586500: system.cpu: A0 T0 : 0x10014cf0 @ptmalloc_init+80    : std        r9, 24(r9)      : MemWrite :  D=0x00000000100b0ae8 A=0x100b0b00  flags=(IsInteger|IsStore)
 586750: global: Decode: Decoded std instruction: 0xf9290010
 586750: system.cpu: A0 T0 : 0x10014cf4 @ptmalloc_init+84    : std        r9, 16(r9)      : MemWrite :  D=0x00000000100b0ae8 A=0x100b0af8  flags=(IsInteger|IsStore)
 587000: global: Decode: Decoded addi instruction: 0x39290010
 587000: system.cpu: A0 T0 : 0x10014cf8 @ptmalloc_init+88    : addi       r9, r9, 16      : IntAlu :  D=0x00000000100b0af8  flags=(IsInteger)
 587250: global: Decode: Decoded bc instruction: 0x4200fff4
 587250: system.cpu: A0 T0 : 0x10014cfc @ptmalloc_init+92    : bc         0, 16, 0x10014cf0 : IntAlu :  D=0x0000000000000055  flags=(IsInteger|IsControl|IsDirectControl|IsCondControl)
 587500: global: Decode: Decoded std instruction: 0xf9290018
 587500: system.cpu: A0 T0 : 0x10014cf0 @ptmalloc_init+80    : std        r9, 24(r9)      : MemWrite :  D=0x00000000100b0af8 A=0x100b0b10  flags=(IsInteger|IsStore)
 587750: global: Decode: Decoded std instruction: 0xf9290010
 587750: system.cpu: A0 T0 : 0x10014cf4 @ptmalloc_init+84    : std        r9, 16(r9)      : MemWrite :  D=0x00000000100b0af8 A=0x100b0b08  flags=(IsInteger|IsStore)
 588000: global: Decode: Decoded addi instruction: 0x39290010
 588000: system.cpu: A0 T0 : 0x10014cf8 @ptmalloc_init+88    : addi       r9, r9, 16      : IntAlu :  D=0x00000000100b0b08  flags=(IsInteger)
 588250: global: Decode: Decoded bc instruction: 0x4200fff4
 588250: system.cpu: A0 T0 : 0x10014cfc @ptmalloc_init+92    : bc         0, 16, 0x10014cf0 : IntAlu :  D=0x0000000000000054  flags=(IsInteger|IsControl|IsDirectControl|IsCondControl)
 588500: global: Decode: Decoded std instruction: 0xf9290018
 588500: system.cpu: A0 T0 : 0x10014cf0 @ptmalloc_init+80    : std        r9, 24(r9)      : MemWrite :  D=0x00000000100b0b08 A=0x100b0b20  flags=(IsInteger|IsStore)
 588750: global: Decode: Decoded std instruction: 0xf9290010
 588750: system.cpu: A0 T0 : 0x10014cf4 @ptmalloc_init+84    : std        r9, 16(r9)      : MemWrite :  D=0x00000000100b0b08 A=0x100b0b18  flags=(IsInteger|IsStore)
 589000: global: Decode: Decoded addi instruction: 0x39290010
 589000: system.cpu: A0 T0 : 0x10014cf8 @ptmalloc_init+88    : addi       r9, r9, 16      : IntAlu :  D=0x00000000100b0b18  flags=(IsInteger)
 589250: global: Decode: Decoded bc instruction: 0x4200fff4
 589250: system.cpu: A0 T0 : 0x10014cfc @ptmalloc_init+92    : bc         0, 16, 0x10014cf0 : IntAlu :  D=0x0000000000000053  flags=(IsInteger|IsControl|IsDirectControl|IsCondControl)
 589500: global: Decode: Decoded std instruction: 0xf9290018
 589500: system.cpu: A0 T0 : 0x10014cf0 @ptmalloc_init+80    : std        r9, 24(r9)      : MemWrite :  D=0x00000000100b0b18 A=0x100b0b30  flags=(IsInteger|IsStore)
 589750: global: Decode: Decoded std instruction: 0xf9290010
 589750: system.cpu: A0 T0 : 0x10014cf4 @ptmalloc_init+84    : std        r9, 16(r9)      : MemWrite :  D=0x00000000100b0b18 A=0x100b0b28  flags=(IsInteger|IsStore)
 590000: global: Decode: Decoded addi instruction: 0x39290010
 590000: system.cpu: A0 T0 : 0x10014cf8 @ptmalloc_init+88    : addi       r9, r9, 16      : IntAlu :  D=0x00000000100b0b28  flags=(IsInteger)
 590250: global: Decode: Decoded bc instruction: 0x4200fff4
 590250: system.cpu: A0 T0 : 0x10014cfc @ptmalloc_init+92    : bc         0, 16, 0x10014cf0 : IntAlu :  D=0x0000000000000052  flags=(IsInteger|IsControl|IsDirectControl|IsCondControl)
 590500: global: Decode: Decoded std instruction: 0xf9290018
 590500: system.cpu: A0 T0 : 0x10014cf0 @ptmalloc_init+80    : std        r9, 24(r9)      : MemWrite :  D=0x00000000100b0b28 A=0x100b0b40  flags=(IsInteger|IsStore)
 590750: global: Decode: Decoded std instruction: 0xf9290010
 590750: system.cpu: A0 T0 : 0x10014cf4 @ptmalloc_init+84    : std        r9, 16(r9)      : MemWrite :  D=0x00000000100b0b28 A=0x100b0b38  flags=(IsInteger|IsStore)
 591000: global: Decode: Decoded addi instruction: 0x39290010
 591000: system.cpu: A0 T0 : 0x10014cf8 @ptmalloc_init+88    : addi       r9, r9, 16      : IntAlu :  D=0x00000000100b0b38  flags=(IsInteger)
 591250: global: Decode: Decoded bc instruction: 0x4200fff4
 591250: system.cpu: A0 T0 : 0x10014cfc @ptmalloc_init+92    : bc         0, 16, 0x10014cf0 : IntAlu :  D=0x0000000000000051  flags=(IsInteger|IsControl|IsDirectControl|IsCondControl)
 591500: global: Decode: Decoded std instruction: 0xf9290018
 591500: system.cpu: A0 T0 : 0x10014cf0 @ptmalloc_init+80    : std        r9, 24(r9)      : MemWrite :  D=0x00000000100b0b38 A=0x100b0b50  flags=(IsInteger|IsStore)
 591750: global: Decode: Decoded std instruction: 0xf9290010
 591750: system.cpu: A0 T0 : 0x10014cf4 @ptmalloc_init+84    : std        r9, 16(r9)      : MemWrite :  D=0x00000000100b0b38 A=0x100b0b48  flags=(IsInteger|IsStore)
 592000: global: Decode: Decoded addi instruction: 0x39290010
 592000: system.cpu: A0 T0 : 0x10014cf8 @ptmalloc_init+88    : addi       r9, r9, 16      : IntAlu :  D=0x00000000100b0b48  flags=(IsInteger)
 592250: global: Decode: Decoded bc instruction: 0x4200fff4
 592250: system.cpu: A0 T0 : 0x10014cfc @ptmalloc_init+92    : bc         0, 16, 0x10014cf0 : IntAlu :  D=0x0000000000000050  flags=(IsInteger|IsControl|IsDirectControl|IsCondControl)
 592500: global: Decode: Decoded std instruction: 0xf9290018
 592500: system.cpu: A0 T0 : 0x10014cf0 @ptmalloc_init+80    : std        r9, 24(r9)      : MemWrite :  D=0x00000000100b0b48 A=0x100b0b60  flags=(IsInteger|IsStore)
 592750: global: Decode: Decoded std instruction: 0xf9290010
 592750: system.cpu: A0 T0 : 0x10014cf4 @ptmalloc_init+84    : std        r9, 16(r9)      : MemWrite :  D=0x00000000100b0b48 A=0x100b0b58  flags=(IsInteger|IsStore)
 593000: global: Decode: Decoded addi instruction: 0x39290010
 593000: system.cpu: A0 T0 : 0x10014cf8 @ptmalloc_init+88    : addi       r9, r9, 16      : IntAlu :  D=0x00000000100b0b58  flags=(IsInteger)
 593250: global: Decode: Decoded bc instruction: 0x4200fff4
 593250: system.cpu: A0 T0 : 0x10014cfc @ptmalloc_init+92    : bc         0, 16, 0x10014cf0 : IntAlu :  D=0x000000000000004f  flags=(IsInteger|IsControl|IsDirectControl|IsCondControl)
 593500: global: Decode: Decoded std instruction: 0xf9290018
 593500: system.cpu: A0 T0 : 0x10014cf0 @ptmalloc_init+80    : std        r9, 24(r9)      : MemWrite :  D=0x00000000100b0b58 A=0x100b0b70  flags=(IsInteger|IsStore)
 593750: global: Decode: Decoded std instruction: 0xf9290010
 593750: system.cpu: A0 T0 : 0x10014cf4 @ptmalloc_init+84    : std        r9, 16(r9)      : MemWrite :  D=0x00000000100b0b58 A=0x100b0b68  flags=(IsInteger|IsStore)
 594000: global: Decode: Decoded addi instruction: 0x39290010
 594000: system.cpu: A0 T0 : 0x10014cf8 @ptmalloc_init+88    : addi       r9, r9, 16      : IntAlu :  D=0x00000000100b0b68  flags=(IsInteger)
 594250: global: Decode: Decoded bc instruction: 0x4200fff4
 594250: system.cpu: A0 T0 : 0x10014cfc @ptmalloc_init+92    : bc         0, 16, 0x10014cf0 : IntAlu :  D=0x000000000000004e  flags=(IsInteger|IsControl|IsDirectControl|IsCondControl)
 594500: global: Decode: Decoded std instruction: 0xf9290018
 594500: system.cpu: A0 T0 : 0x10014cf0 @ptmalloc_init+80    : std        r9, 24(r9)      : MemWrite :  D=0x00000000100b0b68 A=0x100b0b80  flags=(IsInteger|IsStore)
 594750: global: Decode: Decoded std instruction: 0xf9290010
 594750: system.cpu: A0 T0 : 0x10014cf4 @ptmalloc_init+84    : std        r9, 16(r9)      : MemWrite :  D=0x00000000100b0b68 A=0x100b0b78  flags=(IsInteger|IsStore)
 595000: global: Decode: Decoded addi instruction: 0x39290010
 595000: system.cpu: A0 T0 : 0x10014cf8 @ptmalloc_init+88    : addi       r9, r9, 16      : IntAlu :  D=0x00000000100b0b78  flags=(IsInteger)
 595250: global: Decode: Decoded bc instruction: 0x4200fff4
 595250: system.cpu: A0 T0 : 0x10014cfc @ptmalloc_init+92    : bc         0, 16, 0x10014cf0 : IntAlu :  D=0x000000000000004d  flags=(IsInteger|IsControl|IsDirectControl|IsCondControl)
 595500: global: Decode: Decoded std instruction: 0xf9290018
 595500: system.cpu: A0 T0 : 0x10014cf0 @ptmalloc_init+80    : std        r9, 24(r9)      : MemWrite :  D=0x00000000100b0b78 A=0x100b0b90  flags=(IsInteger|IsStore)
 595750: global: Decode: Decoded std instruction: 0xf9290010
 595750: system.cpu: A0 T0 : 0x10014cf4 @ptmalloc_init+84    : std        r9, 16(r9)      : MemWrite :  D=0x00000000100b0b78 A=0x100b0b88  flags=(IsInteger|IsStore)
 596000: global: Decode: Decoded addi instruction: 0x39290010
 596000: system.cpu: A0 T0 : 0x10014cf8 @ptmalloc_init+88    : addi       r9, r9, 16      : IntAlu :  D=0x00000000100b0b88  flags=(IsInteger)
 596250: global: Decode: Decoded bc instruction: 0x4200fff4
 596250: system.cpu: A0 T0 : 0x10014cfc @ptmalloc_init+92    : bc         0, 16, 0x10014cf0 : IntAlu :  D=0x000000000000004c  flags=(IsInteger|IsControl|IsDirectControl|IsCondControl)
 596500: global: Decode: Decoded std instruction: 0xf9290018
 596500: system.cpu: A0 T0 : 0x10014cf0 @ptmalloc_init+80    : std        r9, 24(r9)      : MemWrite :  D=0x00000000100b0b88 A=0x100b0ba0  flags=(IsInteger|IsStore)
 596750: global: Decode: Decoded std instruction: 0xf9290010
 596750: system.cpu: A0 T0 : 0x10014cf4 @ptmalloc_init+84    : std        r9, 16(r9)      : MemWrite :  D=0x00000000100b0b88 A=0x100b0b98  flags=(IsInteger|IsStore)
 597000: global: Decode: Decoded addi instruction: 0x39290010
 597000: system.cpu: A0 T0 : 0x10014cf8 @ptmalloc_init+88    : addi       r9, r9, 16      : IntAlu :  D=0x00000000100b0b98  flags=(IsInteger)
 597250: global: Decode: Decoded bc instruction: 0x4200fff4
 597250: system.cpu: A0 T0 : 0x10014cfc @ptmalloc_init+92    : bc         0, 16, 0x10014cf0 : IntAlu :  D=0x000000000000004b  flags=(IsInteger|IsControl|IsDirectControl|IsCondControl)
 597500: global: Decode: Decoded std instruction: 0xf9290018
 597500: system.cpu: A0 T0 : 0x10014cf0 @ptmalloc_init+80    : std        r9, 24(r9)      : MemWrite :  D=0x00000000100b0b98 A=0x100b0bb0  flags=(IsInteger|IsStore)
 597750: global: Decode: Decoded std instruction: 0xf9290010
 597750: system.cpu: A0 T0 : 0x10014cf4 @ptmalloc_init+84    : std        r9, 16(r9)      : MemWrite :  D=0x00000000100b0b98 A=0x100b0ba8  flags=(IsInteger|IsStore)
 598000: global: Decode: Decoded addi instruction: 0x39290010
 598000: system.cpu: A0 T0 : 0x10014cf8 @ptmalloc_init+88    : addi       r9, r9, 16      : IntAlu :  D=0x00000000100b0ba8  flags=(IsInteger)
 598250: global: Decode: Decoded bc instruction: 0x4200fff4
 598250: system.cpu: A0 T0 : 0x10014cfc @ptmalloc_init+92    : bc         0, 16, 0x10014cf0 : IntAlu :  D=0x000000000000004a  flags=(IsInteger|IsControl|IsDirectControl|IsCondControl)
 598500: global: Decode: Decoded std instruction: 0xf9290018
 598500: system.cpu: A0 T0 : 0x10014cf0 @ptmalloc_init+80    : std        r9, 24(r9)      : MemWrite :  D=0x00000000100b0ba8 A=0x100b0bc0  flags=(IsInteger|IsStore)
 598750: global: Decode: Decoded std instruction: 0xf9290010
 598750: system.cpu: A0 T0 : 0x10014cf4 @ptmalloc_init+84    : std        r9, 16(r9)      : MemWrite :  D=0x00000000100b0ba8 A=0x100b0bb8  flags=(IsInteger|IsStore)
 599000: global: Decode: Decoded addi instruction: 0x39290010
 599000: system.cpu: A0 T0 : 0x10014cf8 @ptmalloc_init+88    : addi       r9, r9, 16      : IntAlu :  D=0x00000000100b0bb8  flags=(IsInteger)
 599250: global: Decode: Decoded bc instruction: 0x4200fff4
 599250: system.cpu: A0 T0 : 0x10014cfc @ptmalloc_init+92    : bc         0, 16, 0x10014cf0 : IntAlu :  D=0x0000000000000049  flags=(IsInteger|IsControl|IsDirectControl|IsCondControl)
 599500: global: Decode: Decoded std instruction: 0xf9290018
 599500: system.cpu: A0 T0 : 0x10014cf0 @ptmalloc_init+80    : std        r9, 24(r9)      : MemWrite :  D=0x00000000100b0bb8 A=0x100b0bd0  flags=(IsInteger|IsStore)
 599750: global: Decode: Decoded std instruction: 0xf9290010
 599750: system.cpu: A0 T0 : 0x10014cf4 @ptmalloc_init+84    : std        r9, 16(r9)      : MemWrite :  D=0x00000000100b0bb8 A=0x100b0bc8  flags=(IsInteger|IsStore)
 600000: global: Decode: Decoded addi instruction: 0x39290010
 600000: system.cpu: A0 T0 : 0x10014cf8 @ptmalloc_init+88    : addi       r9, r9, 16      : IntAlu :  D=0x00000000100b0bc8  flags=(IsInteger)
 600250: global: Decode: Decoded bc instruction: 0x4200fff4
 600250: system.cpu: A0 T0 : 0x10014cfc @ptmalloc_init+92    : bc         0, 16, 0x10014cf0 : IntAlu :  D=0x0000000000000048  flags=(IsInteger|IsControl|IsDirectControl|IsCondControl)
 600500: global: Decode: Decoded std instruction: 0xf9290018
 600500: system.cpu: A0 T0 : 0x10014cf0 @ptmalloc_init+80    : std        r9, 24(r9)      : MemWrite :  D=0x00000000100b0bc8 A=0x100b0be0  flags=(IsInteger|IsStore)
 600750: global: Decode: Decoded std instruction: 0xf9290010
 600750: system.cpu: A0 T0 : 0x10014cf4 @ptmalloc_init+84    : std        r9, 16(r9)      : MemWrite :  D=0x00000000100b0bc8 A=0x100b0bd8  flags=(IsInteger|IsStore)
 601000: global: Decode: Decoded addi instruction: 0x39290010
 601000: system.cpu: A0 T0 : 0x10014cf8 @ptmalloc_init+88    : addi       r9, r9, 16      : IntAlu :  D=0x00000000100b0bd8  flags=(IsInteger)
 601250: global: Decode: Decoded bc instruction: 0x4200fff4
 601250: system.cpu: A0 T0 : 0x10014cfc @ptmalloc_init+92    : bc         0, 16, 0x10014cf0 : IntAlu :  D=0x0000000000000047  flags=(IsInteger|IsControl|IsDirectControl|IsCondControl)
 601500: global: Decode: Decoded std instruction: 0xf9290018
 601500: system.cpu: A0 T0 : 0x10014cf0 @ptmalloc_init+80    : std        r9, 24(r9)      : MemWrite :  D=0x00000000100b0bd8 A=0x100b0bf0  flags=(IsInteger|IsStore)
 601750: global: Decode: Decoded std instruction: 0xf9290010
 601750: system.cpu: A0 T0 : 0x10014cf4 @ptmalloc_init+84    : std        r9, 16(r9)      : MemWrite :  D=0x00000000100b0bd8 A=0x100b0be8  flags=(IsInteger|IsStore)
 602000: global: Decode: Decoded addi instruction: 0x39290010
 602000: system.cpu: A0 T0 : 0x10014cf8 @ptmalloc_init+88    : addi       r9, r9, 16      : IntAlu :  D=0x00000000100b0be8  flags=(IsInteger)
 602250: global: Decode: Decoded bc instruction: 0x4200fff4
 602250: system.cpu: A0 T0 : 0x10014cfc @ptmalloc_init+92    : bc         0, 16, 0x10014cf0 : IntAlu :  D=0x0000000000000046  flags=(IsInteger|IsControl|IsDirectControl|IsCondControl)
 602500: global: Decode: Decoded std instruction: 0xf9290018
 602500: system.cpu: A0 T0 : 0x10014cf0 @ptmalloc_init+80    : std        r9, 24(r9)      : MemWrite :  D=0x00000000100b0be8 A=0x100b0c00  flags=(IsInteger|IsStore)
 602750: global: Decode: Decoded std instruction: 0xf9290010
 602750: system.cpu: A0 T0 : 0x10014cf4 @ptmalloc_init+84    : std        r9, 16(r9)      : MemWrite :  D=0x00000000100b0be8 A=0x100b0bf8  flags=(IsInteger|IsStore)
 603000: global: Decode: Decoded addi instruction: 0x39290010
 603000: system.cpu: A0 T0 : 0x10014cf8 @ptmalloc_init+88    : addi       r9, r9, 16      : IntAlu :  D=0x00000000100b0bf8  flags=(IsInteger)
 603250: global: Decode: Decoded bc instruction: 0x4200fff4
 603250: system.cpu: A0 T0 : 0x10014cfc @ptmalloc_init+92    : bc         0, 16, 0x10014cf0 : IntAlu :  D=0x0000000000000045  flags=(IsInteger|IsControl|IsDirectControl|IsCondControl)
 603500: global: Decode: Decoded std instruction: 0xf9290018
 603500: system.cpu: A0 T0 : 0x10014cf0 @ptmalloc_init+80    : std        r9, 24(r9)      : MemWrite :  D=0x00000000100b0bf8 A=0x100b0c10  flags=(IsInteger|IsStore)
 603750: global: Decode: Decoded std instruction: 0xf9290010
 603750: system.cpu: A0 T0 : 0x10014cf4 @ptmalloc_init+84    : std        r9, 16(r9)      : MemWrite :  D=0x00000000100b0bf8 A=0x100b0c08  flags=(IsInteger|IsStore)
 604000: global: Decode: Decoded addi instruction: 0x39290010
 604000: system.cpu: A0 T0 : 0x10014cf8 @ptmalloc_init+88    : addi       r9, r9, 16      : IntAlu :  D=0x00000000100b0c08  flags=(IsInteger)
 604250: global: Decode: Decoded bc instruction: 0x4200fff4
 604250: system.cpu: A0 T0 : 0x10014cfc @ptmalloc_init+92    : bc         0, 16, 0x10014cf0 : IntAlu :  D=0x0000000000000044  flags=(IsInteger|IsControl|IsDirectControl|IsCondControl)
 604500: global: Decode: Decoded std instruction: 0xf9290018
 604500: system.cpu: A0 T0 : 0x10014cf0 @ptmalloc_init+80    : std        r9, 24(r9)      : MemWrite :  D=0x00000000100b0c08 A=0x100b0c20  flags=(IsInteger|IsStore)
 604750: global: Decode: Decoded std instruction: 0xf9290010
 604750: system.cpu: A0 T0 : 0x10014cf4 @ptmalloc_init+84    : std        r9, 16(r9)      : MemWrite :  D=0x00000000100b0c08 A=0x100b0c18  flags=(IsInteger|IsStore)
 605000: global: Decode: Decoded addi instruction: 0x39290010
 605000: system.cpu: A0 T0 : 0x10014cf8 @ptmalloc_init+88    : addi       r9, r9, 16      : IntAlu :  D=0x00000000100b0c18  flags=(IsInteger)
 605250: global: Decode: Decoded bc instruction: 0x4200fff4
 605250: system.cpu: A0 T0 : 0x10014cfc @ptmalloc_init+92    : bc         0, 16, 0x10014cf0 : IntAlu :  D=0x0000000000000043  flags=(IsInteger|IsControl|IsDirectControl|IsCondControl)
 605500: global: Decode: Decoded std instruction: 0xf9290018
 605500: system.cpu: A0 T0 : 0x10014cf0 @ptmalloc_init+80    : std        r9, 24(r9)      : MemWrite :  D=0x00000000100b0c18 A=0x100b0c30  flags=(IsInteger|IsStore)
 605750: global: Decode: Decoded std instruction: 0xf9290010
 605750: system.cpu: A0 T0 : 0x10014cf4 @ptmalloc_init+84    : std        r9, 16(r9)      : MemWrite :  D=0x00000000100b0c18 A=0x100b0c28  flags=(IsInteger|IsStore)
 606000: global: Decode: Decoded addi instruction: 0x39290010
 606000: system.cpu: A0 T0 : 0x10014cf8 @ptmalloc_init+88    : addi       r9, r9, 16      : IntAlu :  D=0x00000000100b0c28  flags=(IsInteger)
 606250: global: Decode: Decoded bc instruction: 0x4200fff4
 606250: system.cpu: A0 T0 : 0x10014cfc @ptmalloc_init+92    : bc         0, 16, 0x10014cf0 : IntAlu :  D=0x0000000000000042  flags=(IsInteger|IsControl|IsDirectControl|IsCondControl)
 606500: global: Decode: Decoded std instruction: 0xf9290018
 606500: system.cpu: A0 T0 : 0x10014cf0 @ptmalloc_init+80    : std        r9, 24(r9)      : MemWrite :  D=0x00000000100b0c28 A=0x100b0c40  flags=(IsInteger|IsStore)
 606750: global: Decode: Decoded std instruction: 0xf9290010
 606750: system.cpu: A0 T0 : 0x10014cf4 @ptmalloc_init+84    : std        r9, 16(r9)      : MemWrite :  D=0x00000000100b0c28 A=0x100b0c38  flags=(IsInteger|IsStore)
 607000: global: Decode: Decoded addi instruction: 0x39290010
 607000: system.cpu: A0 T0 : 0x10014cf8 @ptmalloc_init+88    : addi       r9, r9, 16      : IntAlu :  D=0x00000000100b0c38  flags=(IsInteger)
 607250: global: Decode: Decoded bc instruction: 0x4200fff4
 607250: system.cpu: A0 T0 : 0x10014cfc @ptmalloc_init+92    : bc         0, 16, 0x10014cf0 : IntAlu :  D=0x0000000000000041  flags=(IsInteger|IsControl|IsDirectControl|IsCondControl)
 607500: global: Decode: Decoded std instruction: 0xf9290018
 607500: system.cpu: A0 T0 : 0x10014cf0 @ptmalloc_init+80    : std        r9, 24(r9)      : MemWrite :  D=0x00000000100b0c38 A=0x100b0c50  flags=(IsInteger|IsStore)
 607750: global: Decode: Decoded std instruction: 0xf9290010
 607750: system.cpu: A0 T0 : 0x10014cf4 @ptmalloc_init+84    : std        r9, 16(r9)      : MemWrite :  D=0x00000000100b0c38 A=0x100b0c48  flags=(IsInteger|IsStore)
 608000: global: Decode: Decoded addi instruction: 0x39290010
 608000: system.cpu: A0 T0 : 0x10014cf8 @ptmalloc_init+88    : addi       r9, r9, 16      : IntAlu :  D=0x00000000100b0c48  flags=(IsInteger)
 608250: global: Decode: Decoded bc instruction: 0x4200fff4
 608250: system.cpu: A0 T0 : 0x10014cfc @ptmalloc_init+92    : bc         0, 16, 0x10014cf0 : IntAlu :  D=0x0000000000000040  flags=(IsInteger|IsControl|IsDirectControl|IsCondControl)
 608500: global: Decode: Decoded std instruction: 0xf9290018
 608500: system.cpu: A0 T0 : 0x10014cf0 @ptmalloc_init+80    : std        r9, 24(r9)      : MemWrite :  D=0x00000000100b0c48 A=0x100b0c60  flags=(IsInteger|IsStore)
 608750: global: Decode: Decoded std instruction: 0xf9290010
 608750: system.cpu: A0 T0 : 0x10014cf4 @ptmalloc_init+84    : std        r9, 16(r9)      : MemWrite :  D=0x00000000100b0c48 A=0x100b0c58  flags=(IsInteger|IsStore)
 609000: global: Decode: Decoded addi instruction: 0x39290010
 609000: system.cpu: A0 T0 : 0x10014cf8 @ptmalloc_init+88    : addi       r9, r9, 16      : IntAlu :  D=0x00000000100b0c58  flags=(IsInteger)
 609250: global: Decode: Decoded bc instruction: 0x4200fff4
 609250: system.cpu: A0 T0 : 0x10014cfc @ptmalloc_init+92    : bc         0, 16, 0x10014cf0 : IntAlu :  D=0x000000000000003f  flags=(IsInteger|IsControl|IsDirectControl|IsCondControl)
 609500: global: Decode: Decoded std instruction: 0xf9290018
 609500: system.cpu: A0 T0 : 0x10014cf0 @ptmalloc_init+80    : std        r9, 24(r9)      : MemWrite :  D=0x00000000100b0c58 A=0x100b0c70  flags=(IsInteger|IsStore)
 609750: global: Decode: Decoded std instruction: 0xf9290010
 609750: system.cpu: A0 T0 : 0x10014cf4 @ptmalloc_init+84    : std        r9, 16(r9)      : MemWrite :  D=0x00000000100b0c58 A=0x100b0c68  flags=(IsInteger|IsStore)
 610000: global: Decode: Decoded addi instruction: 0x39290010
 610000: system.cpu: A0 T0 : 0x10014cf8 @ptmalloc_init+88    : addi       r9, r9, 16      : IntAlu :  D=0x00000000100b0c68  flags=(IsInteger)
 610250: global: Decode: Decoded bc instruction: 0x4200fff4
 610250: system.cpu: A0 T0 : 0x10014cfc @ptmalloc_init+92    : bc         0, 16, 0x10014cf0 : IntAlu :  D=0x000000000000003e  flags=(IsInteger|IsControl|IsDirectControl|IsCondControl)
 610500: global: Decode: Decoded std instruction: 0xf9290018
 610500: system.cpu: A0 T0 : 0x10014cf0 @ptmalloc_init+80    : std        r9, 24(r9)      : MemWrite :  D=0x00000000100b0c68 A=0x100b0c80  flags=(IsInteger|IsStore)
 610750: global: Decode: Decoded std instruction: 0xf9290010
 610750: system.cpu: A0 T0 : 0x10014cf4 @ptmalloc_init+84    : std        r9, 16(r9)      : MemWrite :  D=0x00000000100b0c68 A=0x100b0c78  flags=(IsInteger|IsStore)
 611000: global: Decode: Decoded addi instruction: 0x39290010
 611000: system.cpu: A0 T0 : 0x10014cf8 @ptmalloc_init+88    : addi       r9, r9, 16      : IntAlu :  D=0x00000000100b0c78  flags=(IsInteger)
 611250: global: Decode: Decoded bc instruction: 0x4200fff4
 611250: system.cpu: A0 T0 : 0x10014cfc @ptmalloc_init+92    : bc         0, 16, 0x10014cf0 : IntAlu :  D=0x000000000000003d  flags=(IsInteger|IsControl|IsDirectControl|IsCondControl)
 611500: global: Decode: Decoded std instruction: 0xf9290018
 611500: system.cpu: A0 T0 : 0x10014cf0 @ptmalloc_init+80    : std        r9, 24(r9)      : MemWrite :  D=0x00000000100b0c78 A=0x100b0c90  flags=(IsInteger|IsStore)
 611750: global: Decode: Decoded std instruction: 0xf9290010
 611750: system.cpu: A0 T0 : 0x10014cf4 @ptmalloc_init+84    : std        r9, 16(r9)      : MemWrite :  D=0x00000000100b0c78 A=0x100b0c88  flags=(IsInteger|IsStore)
 612000: global: Decode: Decoded addi instruction: 0x39290010
 612000: system.cpu: A0 T0 : 0x10014cf8 @ptmalloc_init+88    : addi       r9, r9, 16      : IntAlu :  D=0x00000000100b0c88  flags=(IsInteger)
 612250: global: Decode: Decoded bc instruction: 0x4200fff4
 612250: system.cpu: A0 T0 : 0x10014cfc @ptmalloc_init+92    : bc         0, 16, 0x10014cf0 : IntAlu :  D=0x000000000000003c  flags=(IsInteger|IsControl|IsDirectControl|IsCondControl)
 612500: global: Decode: Decoded std instruction: 0xf9290018
 612500: system.cpu: A0 T0 : 0x10014cf0 @ptmalloc_init+80    : std        r9, 24(r9)      : MemWrite :  D=0x00000000100b0c88 A=0x100b0ca0  flags=(IsInteger|IsStore)
 612750: global: Decode: Decoded std instruction: 0xf9290010
 612750: system.cpu: A0 T0 : 0x10014cf4 @ptmalloc_init+84    : std        r9, 16(r9)      : MemWrite :  D=0x00000000100b0c88 A=0x100b0c98  flags=(IsInteger|IsStore)
 613000: global: Decode: Decoded addi instruction: 0x39290010
 613000: system.cpu: A0 T0 : 0x10014cf8 @ptmalloc_init+88    : addi       r9, r9, 16      : IntAlu :  D=0x00000000100b0c98  flags=(IsInteger)
 613250: global: Decode: Decoded bc instruction: 0x4200fff4
 613250: system.cpu: A0 T0 : 0x10014cfc @ptmalloc_init+92    : bc         0, 16, 0x10014cf0 : IntAlu :  D=0x000000000000003b  flags=(IsInteger|IsControl|IsDirectControl|IsCondControl)
 613500: global: Decode: Decoded std instruction: 0xf9290018
 613500: system.cpu: A0 T0 : 0x10014cf0 @ptmalloc_init+80    : std        r9, 24(r9)      : MemWrite :  D=0x00000000100b0c98 A=0x100b0cb0  flags=(IsInteger|IsStore)
 613750: global: Decode: Decoded std instruction: 0xf9290010
 613750: system.cpu: A0 T0 : 0x10014cf4 @ptmalloc_init+84    : std        r9, 16(r9)      : MemWrite :  D=0x00000000100b0c98 A=0x100b0ca8  flags=(IsInteger|IsStore)
 614000: global: Decode: Decoded addi instruction: 0x39290010
 614000: system.cpu: A0 T0 : 0x10014cf8 @ptmalloc_init+88    : addi       r9, r9, 16      : IntAlu :  D=0x00000000100b0ca8  flags=(IsInteger)
 614250: global: Decode: Decoded bc instruction: 0x4200fff4
 614250: system.cpu: A0 T0 : 0x10014cfc @ptmalloc_init+92    : bc         0, 16, 0x10014cf0 : IntAlu :  D=0x000000000000003a  flags=(IsInteger|IsControl|IsDirectControl|IsCondControl)
 614500: global: Decode: Decoded std instruction: 0xf9290018
 614500: system.cpu: A0 T0 : 0x10014cf0 @ptmalloc_init+80    : std        r9, 24(r9)      : MemWrite :  D=0x00000000100b0ca8 A=0x100b0cc0  flags=(IsInteger|IsStore)
 614750: global: Decode: Decoded std instruction: 0xf9290010
 614750: system.cpu: A0 T0 : 0x10014cf4 @ptmalloc_init+84    : std        r9, 16(r9)      : MemWrite :  D=0x00000000100b0ca8 A=0x100b0cb8  flags=(IsInteger|IsStore)
 615000: global: Decode: Decoded addi instruction: 0x39290010
 615000: system.cpu: A0 T0 : 0x10014cf8 @ptmalloc_init+88    : addi       r9, r9, 16      : IntAlu :  D=0x00000000100b0cb8  flags=(IsInteger)
 615250: global: Decode: Decoded bc instruction: 0x4200fff4
 615250: system.cpu: A0 T0 : 0x10014cfc @ptmalloc_init+92    : bc         0, 16, 0x10014cf0 : IntAlu :  D=0x0000000000000039  flags=(IsInteger|IsControl|IsDirectControl|IsCondControl)
 615500: global: Decode: Decoded std instruction: 0xf9290018
 615500: system.cpu: A0 T0 : 0x10014cf0 @ptmalloc_init+80    : std        r9, 24(r9)      : MemWrite :  D=0x00000000100b0cb8 A=0x100b0cd0  flags=(IsInteger|IsStore)
 615750: global: Decode: Decoded std instruction: 0xf9290010
 615750: system.cpu: A0 T0 : 0x10014cf4 @ptmalloc_init+84    : std        r9, 16(r9)      : MemWrite :  D=0x00000000100b0cb8 A=0x100b0cc8  flags=(IsInteger|IsStore)
 616000: global: Decode: Decoded addi instruction: 0x39290010
 616000: system.cpu: A0 T0 : 0x10014cf8 @ptmalloc_init+88    : addi       r9, r9, 16      : IntAlu :  D=0x00000000100b0cc8  flags=(IsInteger)
 616250: global: Decode: Decoded bc instruction: 0x4200fff4
 616250: system.cpu: A0 T0 : 0x10014cfc @ptmalloc_init+92    : bc         0, 16, 0x10014cf0 : IntAlu :  D=0x0000000000000038  flags=(IsInteger|IsControl|IsDirectControl|IsCondControl)
 616500: global: Decode: Decoded std instruction: 0xf9290018
 616500: system.cpu: A0 T0 : 0x10014cf0 @ptmalloc_init+80    : std        r9, 24(r9)      : MemWrite :  D=0x00000000100b0cc8 A=0x100b0ce0  flags=(IsInteger|IsStore)
 616750: global: Decode: Decoded std instruction: 0xf9290010
 616750: system.cpu: A0 T0 : 0x10014cf4 @ptmalloc_init+84    : std        r9, 16(r9)      : MemWrite :  D=0x00000000100b0cc8 A=0x100b0cd8  flags=(IsInteger|IsStore)
 617000: global: Decode: Decoded addi instruction: 0x39290010
 617000: system.cpu: A0 T0 : 0x10014cf8 @ptmalloc_init+88    : addi       r9, r9, 16      : IntAlu :  D=0x00000000100b0cd8  flags=(IsInteger)
 617250: global: Decode: Decoded bc instruction: 0x4200fff4
 617250: system.cpu: A0 T0 : 0x10014cfc @ptmalloc_init+92    : bc         0, 16, 0x10014cf0 : IntAlu :  D=0x0000000000000037  flags=(IsInteger|IsControl|IsDirectControl|IsCondControl)
 617500: global: Decode: Decoded std instruction: 0xf9290018
 617500: system.cpu: A0 T0 : 0x10014cf0 @ptmalloc_init+80    : std        r9, 24(r9)      : MemWrite :  D=0x00000000100b0cd8 A=0x100b0cf0  flags=(IsInteger|IsStore)
 617750: global: Decode: Decoded std instruction: 0xf9290010
 617750: system.cpu: A0 T0 : 0x10014cf4 @ptmalloc_init+84    : std        r9, 16(r9)      : MemWrite :  D=0x00000000100b0cd8 A=0x100b0ce8  flags=(IsInteger|IsStore)
 618000: global: Decode: Decoded addi instruction: 0x39290010
 618000: system.cpu: A0 T0 : 0x10014cf8 @ptmalloc_init+88    : addi       r9, r9, 16      : IntAlu :  D=0x00000000100b0ce8  flags=(IsInteger)
 618250: global: Decode: Decoded bc instruction: 0x4200fff4
 618250: system.cpu: A0 T0 : 0x10014cfc @ptmalloc_init+92    : bc         0, 16, 0x10014cf0 : IntAlu :  D=0x0000000000000036  flags=(IsInteger|IsControl|IsDirectControl|IsCondControl)
 618500: global: Decode: Decoded std instruction: 0xf9290018
 618500: system.cpu: A0 T0 : 0x10014cf0 @ptmalloc_init+80    : std        r9, 24(r9)      : MemWrite :  D=0x00000000100b0ce8 A=0x100b0d00  flags=(IsInteger|IsStore)
 618750: global: Decode: Decoded std instruction: 0xf9290010
 618750: system.cpu: A0 T0 : 0x10014cf4 @ptmalloc_init+84    : std        r9, 16(r9)      : MemWrite :  D=0x00000000100b0ce8 A=0x100b0cf8  flags=(IsInteger|IsStore)
 619000: global: Decode: Decoded addi instruction: 0x39290010
 619000: system.cpu: A0 T0 : 0x10014cf8 @ptmalloc_init+88    : addi       r9, r9, 16      : IntAlu :  D=0x00000000100b0cf8  flags=(IsInteger)
 619250: global: Decode: Decoded bc instruction: 0x4200fff4
 619250: system.cpu: A0 T0 : 0x10014cfc @ptmalloc_init+92    : bc         0, 16, 0x10014cf0 : IntAlu :  D=0x0000000000000035  flags=(IsInteger|IsControl|IsDirectControl|IsCondControl)
 619500: global: Decode: Decoded std instruction: 0xf9290018
 619500: system.cpu: A0 T0 : 0x10014cf0 @ptmalloc_init+80    : std        r9, 24(r9)      : MemWrite :  D=0x00000000100b0cf8 A=0x100b0d10  flags=(IsInteger|IsStore)
 619750: global: Decode: Decoded std instruction: 0xf9290010
 619750: system.cpu: A0 T0 : 0x10014cf4 @ptmalloc_init+84    : std        r9, 16(r9)      : MemWrite :  D=0x00000000100b0cf8 A=0x100b0d08  flags=(IsInteger|IsStore)
 620000: global: Decode: Decoded addi instruction: 0x39290010
 620000: system.cpu: A0 T0 : 0x10014cf8 @ptmalloc_init+88    : addi       r9, r9, 16      : IntAlu :  D=0x00000000100b0d08  flags=(IsInteger)
 620250: global: Decode: Decoded bc instruction: 0x4200fff4
 620250: system.cpu: A0 T0 : 0x10014cfc @ptmalloc_init+92    : bc         0, 16, 0x10014cf0 : IntAlu :  D=0x0000000000000034  flags=(IsInteger|IsControl|IsDirectControl|IsCondControl)
 620500: global: Decode: Decoded std instruction: 0xf9290018
 620500: system.cpu: A0 T0 : 0x10014cf0 @ptmalloc_init+80    : std        r9, 24(r9)      : MemWrite :  D=0x00000000100b0d08 A=0x100b0d20  flags=(IsInteger|IsStore)
 620750: global: Decode: Decoded std instruction: 0xf9290010
 620750: system.cpu: A0 T0 : 0x10014cf4 @ptmalloc_init+84    : std        r9, 16(r9)      : MemWrite :  D=0x00000000100b0d08 A=0x100b0d18  flags=(IsInteger|IsStore)
 621000: global: Decode: Decoded addi instruction: 0x39290010
 621000: system.cpu: A0 T0 : 0x10014cf8 @ptmalloc_init+88    : addi       r9, r9, 16      : IntAlu :  D=0x00000000100b0d18  flags=(IsInteger)
 621250: global: Decode: Decoded bc instruction: 0x4200fff4
 621250: system.cpu: A0 T0 : 0x10014cfc @ptmalloc_init+92    : bc         0, 16, 0x10014cf0 : IntAlu :  D=0x0000000000000033  flags=(IsInteger|IsControl|IsDirectControl|IsCondControl)
 621500: global: Decode: Decoded std instruction: 0xf9290018
 621500: system.cpu: A0 T0 : 0x10014cf0 @ptmalloc_init+80    : std        r9, 24(r9)      : MemWrite :  D=0x00000000100b0d18 A=0x100b0d30  flags=(IsInteger|IsStore)
 621750: global: Decode: Decoded std instruction: 0xf9290010
 621750: system.cpu: A0 T0 : 0x10014cf4 @ptmalloc_init+84    : std        r9, 16(r9)      : MemWrite :  D=0x00000000100b0d18 A=0x100b0d28  flags=(IsInteger|IsStore)
 622000: global: Decode: Decoded addi instruction: 0x39290010
 622000: system.cpu: A0 T0 : 0x10014cf8 @ptmalloc_init+88    : addi       r9, r9, 16      : IntAlu :  D=0x00000000100b0d28  flags=(IsInteger)
 622250: global: Decode: Decoded bc instruction: 0x4200fff4
 622250: system.cpu: A0 T0 : 0x10014cfc @ptmalloc_init+92    : bc         0, 16, 0x10014cf0 : IntAlu :  D=0x0000000000000032  flags=(IsInteger|IsControl|IsDirectControl|IsCondControl)
 622500: global: Decode: Decoded std instruction: 0xf9290018
 622500: system.cpu: A0 T0 : 0x10014cf0 @ptmalloc_init+80    : std        r9, 24(r9)      : MemWrite :  D=0x00000000100b0d28 A=0x100b0d40  flags=(IsInteger|IsStore)
 622750: global: Decode: Decoded std instruction: 0xf9290010
 622750: system.cpu: A0 T0 : 0x10014cf4 @ptmalloc_init+84    : std        r9, 16(r9)      : MemWrite :  D=0x00000000100b0d28 A=0x100b0d38  flags=(IsInteger|IsStore)
 623000: global: Decode: Decoded addi instruction: 0x39290010
 623000: system.cpu: A0 T0 : 0x10014cf8 @ptmalloc_init+88    : addi       r9, r9, 16      : IntAlu :  D=0x00000000100b0d38  flags=(IsInteger)
 623250: global: Decode: Decoded bc instruction: 0x4200fff4
 623250: system.cpu: A0 T0 : 0x10014cfc @ptmalloc_init+92    : bc         0, 16, 0x10014cf0 : IntAlu :  D=0x0000000000000031  flags=(IsInteger|IsControl|IsDirectControl|IsCondControl)
 623500: global: Decode: Decoded std instruction: 0xf9290018
 623500: system.cpu: A0 T0 : 0x10014cf0 @ptmalloc_init+80    : std        r9, 24(r9)      : MemWrite :  D=0x00000000100b0d38 A=0x100b0d50  flags=(IsInteger|IsStore)
 623750: global: Decode: Decoded std instruction: 0xf9290010
 623750: system.cpu: A0 T0 : 0x10014cf4 @ptmalloc_init+84    : std        r9, 16(r9)      : MemWrite :  D=0x00000000100b0d38 A=0x100b0d48  flags=(IsInteger|IsStore)
 624000: global: Decode: Decoded addi instruction: 0x39290010
 624000: system.cpu: A0 T0 : 0x10014cf8 @ptmalloc_init+88    : addi       r9, r9, 16      : IntAlu :  D=0x00000000100b0d48  flags=(IsInteger)
 624250: global: Decode: Decoded bc instruction: 0x4200fff4
 624250: system.cpu: A0 T0 : 0x10014cfc @ptmalloc_init+92    : bc         0, 16, 0x10014cf0 : IntAlu :  D=0x0000000000000030  flags=(IsInteger|IsControl|IsDirectControl|IsCondControl)
 624500: global: Decode: Decoded std instruction: 0xf9290018
 624500: system.cpu: A0 T0 : 0x10014cf0 @ptmalloc_init+80    : std        r9, 24(r9)      : MemWrite :  D=0x00000000100b0d48 A=0x100b0d60  flags=(IsInteger|IsStore)
 624750: global: Decode: Decoded std instruction: 0xf9290010
 624750: system.cpu: A0 T0 : 0x10014cf4 @ptmalloc_init+84    : std        r9, 16(r9)      : MemWrite :  D=0x00000000100b0d48 A=0x100b0d58  flags=(IsInteger|IsStore)
 625000: global: Decode: Decoded addi instruction: 0x39290010
 625000: system.cpu: A0 T0 : 0x10014cf8 @ptmalloc_init+88    : addi       r9, r9, 16      : IntAlu :  D=0x00000000100b0d58  flags=(IsInteger)
 625250: global: Decode: Decoded bc instruction: 0x4200fff4
 625250: system.cpu: A0 T0 : 0x10014cfc @ptmalloc_init+92    : bc         0, 16, 0x10014cf0 : IntAlu :  D=0x000000000000002f  flags=(IsInteger|IsControl|IsDirectControl|IsCondControl)
 625500: global: Decode: Decoded std instruction: 0xf9290018
 625500: system.cpu: A0 T0 : 0x10014cf0 @ptmalloc_init+80    : std        r9, 24(r9)      : MemWrite :  D=0x00000000100b0d58 A=0x100b0d70  flags=(IsInteger|IsStore)
 625750: global: Decode: Decoded std instruction: 0xf9290010
 625750: system.cpu: A0 T0 : 0x10014cf4 @ptmalloc_init+84    : std        r9, 16(r9)      : MemWrite :  D=0x00000000100b0d58 A=0x100b0d68  flags=(IsInteger|IsStore)
 626000: global: Decode: Decoded addi instruction: 0x39290010
 626000: system.cpu: A0 T0 : 0x10014cf8 @ptmalloc_init+88    : addi       r9, r9, 16      : IntAlu :  D=0x00000000100b0d68  flags=(IsInteger)
 626250: global: Decode: Decoded bc instruction: 0x4200fff4
 626250: system.cpu: A0 T0 : 0x10014cfc @ptmalloc_init+92    : bc         0, 16, 0x10014cf0 : IntAlu :  D=0x000000000000002e  flags=(IsInteger|IsControl|IsDirectControl|IsCondControl)
 626500: global: Decode: Decoded std instruction: 0xf9290018
 626500: system.cpu: A0 T0 : 0x10014cf0 @ptmalloc_init+80    : std        r9, 24(r9)      : MemWrite :  D=0x00000000100b0d68 A=0x100b0d80  flags=(IsInteger|IsStore)
 626750: global: Decode: Decoded std instruction: 0xf9290010
 626750: system.cpu: A0 T0 : 0x10014cf4 @ptmalloc_init+84    : std        r9, 16(r9)      : MemWrite :  D=0x00000000100b0d68 A=0x100b0d78  flags=(IsInteger|IsStore)
 627000: global: Decode: Decoded addi instruction: 0x39290010
 627000: system.cpu: A0 T0 : 0x10014cf8 @ptmalloc_init+88    : addi       r9, r9, 16      : IntAlu :  D=0x00000000100b0d78  flags=(IsInteger)
 627250: global: Decode: Decoded bc instruction: 0x4200fff4
 627250: system.cpu: A0 T0 : 0x10014cfc @ptmalloc_init+92    : bc         0, 16, 0x10014cf0 : IntAlu :  D=0x000000000000002d  flags=(IsInteger|IsControl|IsDirectControl|IsCondControl)
 627500: global: Decode: Decoded std instruction: 0xf9290018
 627500: system.cpu: A0 T0 : 0x10014cf0 @ptmalloc_init+80    : std        r9, 24(r9)      : MemWrite :  D=0x00000000100b0d78 A=0x100b0d90  flags=(IsInteger|IsStore)
 627750: global: Decode: Decoded std instruction: 0xf9290010
 627750: system.cpu: A0 T0 : 0x10014cf4 @ptmalloc_init+84    : std        r9, 16(r9)      : MemWrite :  D=0x00000000100b0d78 A=0x100b0d88  flags=(IsInteger|IsStore)
 628000: global: Decode: Decoded addi instruction: 0x39290010
 628000: system.cpu: A0 T0 : 0x10014cf8 @ptmalloc_init+88    : addi       r9, r9, 16      : IntAlu :  D=0x00000000100b0d88  flags=(IsInteger)
 628250: global: Decode: Decoded bc instruction: 0x4200fff4
 628250: system.cpu: A0 T0 : 0x10014cfc @ptmalloc_init+92    : bc         0, 16, 0x10014cf0 : IntAlu :  D=0x000000000000002c  flags=(IsInteger|IsControl|IsDirectControl|IsCondControl)
 628500: global: Decode: Decoded std instruction: 0xf9290018
 628500: system.cpu: A0 T0 : 0x10014cf0 @ptmalloc_init+80    : std        r9, 24(r9)      : MemWrite :  D=0x00000000100b0d88 A=0x100b0da0  flags=(IsInteger|IsStore)
 628750: global: Decode: Decoded std instruction: 0xf9290010
 628750: system.cpu: A0 T0 : 0x10014cf4 @ptmalloc_init+84    : std        r9, 16(r9)      : MemWrite :  D=0x00000000100b0d88 A=0x100b0d98  flags=(IsInteger|IsStore)
 629000: global: Decode: Decoded addi instruction: 0x39290010
 629000: system.cpu: A0 T0 : 0x10014cf8 @ptmalloc_init+88    : addi       r9, r9, 16      : IntAlu :  D=0x00000000100b0d98  flags=(IsInteger)
 629250: global: Decode: Decoded bc instruction: 0x4200fff4
 629250: system.cpu: A0 T0 : 0x10014cfc @ptmalloc_init+92    : bc         0, 16, 0x10014cf0 : IntAlu :  D=0x000000000000002b  flags=(IsInteger|IsControl|IsDirectControl|IsCondControl)
 629500: global: Decode: Decoded std instruction: 0xf9290018
 629500: system.cpu: A0 T0 : 0x10014cf0 @ptmalloc_init+80    : std        r9, 24(r9)      : MemWrite :  D=0x00000000100b0d98 A=0x100b0db0  flags=(IsInteger|IsStore)
 629750: global: Decode: Decoded std instruction: 0xf9290010
 629750: system.cpu: A0 T0 : 0x10014cf4 @ptmalloc_init+84    : std        r9, 16(r9)      : MemWrite :  D=0x00000000100b0d98 A=0x100b0da8  flags=(IsInteger|IsStore)
 630000: global: Decode: Decoded addi instruction: 0x39290010
 630000: system.cpu: A0 T0 : 0x10014cf8 @ptmalloc_init+88    : addi       r9, r9, 16      : IntAlu :  D=0x00000000100b0da8  flags=(IsInteger)
 630250: global: Decode: Decoded bc instruction: 0x4200fff4
 630250: system.cpu: A0 T0 : 0x10014cfc @ptmalloc_init+92    : bc         0, 16, 0x10014cf0 : IntAlu :  D=0x000000000000002a  flags=(IsInteger|IsControl|IsDirectControl|IsCondControl)
 630500: global: Decode: Decoded std instruction: 0xf9290018
 630500: system.cpu: A0 T0 : 0x10014cf0 @ptmalloc_init+80    : std        r9, 24(r9)      : MemWrite :  D=0x00000000100b0da8 A=0x100b0dc0  flags=(IsInteger|IsStore)
 630750: global: Decode: Decoded std instruction: 0xf9290010
 630750: system.cpu: A0 T0 : 0x10014cf4 @ptmalloc_init+84    : std        r9, 16(r9)      : MemWrite :  D=0x00000000100b0da8 A=0x100b0db8  flags=(IsInteger|IsStore)
 631000: global: Decode: Decoded addi instruction: 0x39290010
 631000: system.cpu: A0 T0 : 0x10014cf8 @ptmalloc_init+88    : addi       r9, r9, 16      : IntAlu :  D=0x00000000100b0db8  flags=(IsInteger)
 631250: global: Decode: Decoded bc instruction: 0x4200fff4
 631250: system.cpu: A0 T0 : 0x10014cfc @ptmalloc_init+92    : bc         0, 16, 0x10014cf0 : IntAlu :  D=0x0000000000000029  flags=(IsInteger|IsControl|IsDirectControl|IsCondControl)
 631500: global: Decode: Decoded std instruction: 0xf9290018
 631500: system.cpu: A0 T0 : 0x10014cf0 @ptmalloc_init+80    : std        r9, 24(r9)      : MemWrite :  D=0x00000000100b0db8 A=0x100b0dd0  flags=(IsInteger|IsStore)
 631750: global: Decode: Decoded std instruction: 0xf9290010
 631750: system.cpu: A0 T0 : 0x10014cf4 @ptmalloc_init+84    : std        r9, 16(r9)      : MemWrite :  D=0x00000000100b0db8 A=0x100b0dc8  flags=(IsInteger|IsStore)
 632000: global: Decode: Decoded addi instruction: 0x39290010
 632000: system.cpu: A0 T0 : 0x10014cf8 @ptmalloc_init+88    : addi       r9, r9, 16      : IntAlu :  D=0x00000000100b0dc8  flags=(IsInteger)
 632250: global: Decode: Decoded bc instruction: 0x4200fff4
 632250: system.cpu: A0 T0 : 0x10014cfc @ptmalloc_init+92    : bc         0, 16, 0x10014cf0 : IntAlu :  D=0x0000000000000028  flags=(IsInteger|IsControl|IsDirectControl|IsCondControl)
 632500: global: Decode: Decoded std instruction: 0xf9290018
 632500: system.cpu: A0 T0 : 0x10014cf0 @ptmalloc_init+80    : std        r9, 24(r9)      : MemWrite :  D=0x00000000100b0dc8 A=0x100b0de0  flags=(IsInteger|IsStore)
 632750: global: Decode: Decoded std instruction: 0xf9290010
 632750: system.cpu: A0 T0 : 0x10014cf4 @ptmalloc_init+84    : std        r9, 16(r9)      : MemWrite :  D=0x00000000100b0dc8 A=0x100b0dd8  flags=(IsInteger|IsStore)
 633000: global: Decode: Decoded addi instruction: 0x39290010
 633000: system.cpu: A0 T0 : 0x10014cf8 @ptmalloc_init+88    : addi       r9, r9, 16      : IntAlu :  D=0x00000000100b0dd8  flags=(IsInteger)
 633250: global: Decode: Decoded bc instruction: 0x4200fff4
 633250: system.cpu: A0 T0 : 0x10014cfc @ptmalloc_init+92    : bc         0, 16, 0x10014cf0 : IntAlu :  D=0x0000000000000027  flags=(IsInteger|IsControl|IsDirectControl|IsCondControl)
 633500: global: Decode: Decoded std instruction: 0xf9290018
 633500: system.cpu: A0 T0 : 0x10014cf0 @ptmalloc_init+80    : std        r9, 24(r9)      : MemWrite :  D=0x00000000100b0dd8 A=0x100b0df0  flags=(IsInteger|IsStore)
 633750: global: Decode: Decoded std instruction: 0xf9290010
 633750: system.cpu: A0 T0 : 0x10014cf4 @ptmalloc_init+84    : std        r9, 16(r9)      : MemWrite :  D=0x00000000100b0dd8 A=0x100b0de8  flags=(IsInteger|IsStore)
 634000: global: Decode: Decoded addi instruction: 0x39290010
 634000: system.cpu: A0 T0 : 0x10014cf8 @ptmalloc_init+88    : addi       r9, r9, 16      : IntAlu :  D=0x00000000100b0de8  flags=(IsInteger)
 634250: global: Decode: Decoded bc instruction: 0x4200fff4
 634250: system.cpu: A0 T0 : 0x10014cfc @ptmalloc_init+92    : bc         0, 16, 0x10014cf0 : IntAlu :  D=0x0000000000000026  flags=(IsInteger|IsControl|IsDirectControl|IsCondControl)
 634500: global: Decode: Decoded std instruction: 0xf9290018
 634500: system.cpu: A0 T0 : 0x10014cf0 @ptmalloc_init+80    : std        r9, 24(r9)      : MemWrite :  D=0x00000000100b0de8 A=0x100b0e00  flags=(IsInteger|IsStore)
 634750: global: Decode: Decoded std instruction: 0xf9290010
 634750: system.cpu: A0 T0 : 0x10014cf4 @ptmalloc_init+84    : std        r9, 16(r9)      : MemWrite :  D=0x00000000100b0de8 A=0x100b0df8  flags=(IsInteger|IsStore)
 635000: global: Decode: Decoded addi instruction: 0x39290010
 635000: system.cpu: A0 T0 : 0x10014cf8 @ptmalloc_init+88    : addi       r9, r9, 16      : IntAlu :  D=0x00000000100b0df8  flags=(IsInteger)
 635250: global: Decode: Decoded bc instruction: 0x4200fff4
 635250: system.cpu: A0 T0 : 0x10014cfc @ptmalloc_init+92    : bc         0, 16, 0x10014cf0 : IntAlu :  D=0x0000000000000025  flags=(IsInteger|IsControl|IsDirectControl|IsCondControl)
 635500: global: Decode: Decoded std instruction: 0xf9290018
 635500: system.cpu: A0 T0 : 0x10014cf0 @ptmalloc_init+80    : std        r9, 24(r9)      : MemWrite :  D=0x00000000100b0df8 A=0x100b0e10  flags=(IsInteger|IsStore)
 635750: global: Decode: Decoded std instruction: 0xf9290010
 635750: system.cpu: A0 T0 : 0x10014cf4 @ptmalloc_init+84    : std        r9, 16(r9)      : MemWrite :  D=0x00000000100b0df8 A=0x100b0e08  flags=(IsInteger|IsStore)
 636000: global: Decode: Decoded addi instruction: 0x39290010
 636000: system.cpu: A0 T0 : 0x10014cf8 @ptmalloc_init+88    : addi       r9, r9, 16      : IntAlu :  D=0x00000000100b0e08  flags=(IsInteger)
 636250: global: Decode: Decoded bc instruction: 0x4200fff4
 636250: system.cpu: A0 T0 : 0x10014cfc @ptmalloc_init+92    : bc         0, 16, 0x10014cf0 : IntAlu :  D=0x0000000000000024  flags=(IsInteger|IsControl|IsDirectControl|IsCondControl)
 636500: global: Decode: Decoded std instruction: 0xf9290018
 636500: system.cpu: A0 T0 : 0x10014cf0 @ptmalloc_init+80    : std        r9, 24(r9)      : MemWrite :  D=0x00000000100b0e08 A=0x100b0e20  flags=(IsInteger|IsStore)
 636750: global: Decode: Decoded std instruction: 0xf9290010
 636750: system.cpu: A0 T0 : 0x10014cf4 @ptmalloc_init+84    : std        r9, 16(r9)      : MemWrite :  D=0x00000000100b0e08 A=0x100b0e18  flags=(IsInteger|IsStore)
 637000: global: Decode: Decoded addi instruction: 0x39290010
 637000: system.cpu: A0 T0 : 0x10014cf8 @ptmalloc_init+88    : addi       r9, r9, 16      : IntAlu :  D=0x00000000100b0e18  flags=(IsInteger)
 637250: global: Decode: Decoded bc instruction: 0x4200fff4
 637250: system.cpu: A0 T0 : 0x10014cfc @ptmalloc_init+92    : bc         0, 16, 0x10014cf0 : IntAlu :  D=0x0000000000000023  flags=(IsInteger|IsControl|IsDirectControl|IsCondControl)
 637500: global: Decode: Decoded std instruction: 0xf9290018
 637500: system.cpu: A0 T0 : 0x10014cf0 @ptmalloc_init+80    : std        r9, 24(r9)      : MemWrite :  D=0x00000000100b0e18 A=0x100b0e30  flags=(IsInteger|IsStore)
 637750: global: Decode: Decoded std instruction: 0xf9290010
 637750: system.cpu: A0 T0 : 0x10014cf4 @ptmalloc_init+84    : std        r9, 16(r9)      : MemWrite :  D=0x00000000100b0e18 A=0x100b0e28  flags=(IsInteger|IsStore)
 638000: global: Decode: Decoded addi instruction: 0x39290010
 638000: system.cpu: A0 T0 : 0x10014cf8 @ptmalloc_init+88    : addi       r9, r9, 16      : IntAlu :  D=0x00000000100b0e28  flags=(IsInteger)
 638250: global: Decode: Decoded bc instruction: 0x4200fff4
 638250: system.cpu: A0 T0 : 0x10014cfc @ptmalloc_init+92    : bc         0, 16, 0x10014cf0 : IntAlu :  D=0x0000000000000022  flags=(IsInteger|IsControl|IsDirectControl|IsCondControl)
 638500: global: Decode: Decoded std instruction: 0xf9290018
 638500: system.cpu: A0 T0 : 0x10014cf0 @ptmalloc_init+80    : std        r9, 24(r9)      : MemWrite :  D=0x00000000100b0e28 A=0x100b0e40  flags=(IsInteger|IsStore)
 638750: global: Decode: Decoded std instruction: 0xf9290010
 638750: system.cpu: A0 T0 : 0x10014cf4 @ptmalloc_init+84    : std        r9, 16(r9)      : MemWrite :  D=0x00000000100b0e28 A=0x100b0e38  flags=(IsInteger|IsStore)
 639000: global: Decode: Decoded addi instruction: 0x39290010
 639000: system.cpu: A0 T0 : 0x10014cf8 @ptmalloc_init+88    : addi       r9, r9, 16      : IntAlu :  D=0x00000000100b0e38  flags=(IsInteger)
 639250: global: Decode: Decoded bc instruction: 0x4200fff4
 639250: system.cpu: A0 T0 : 0x10014cfc @ptmalloc_init+92    : bc         0, 16, 0x10014cf0 : IntAlu :  D=0x0000000000000021  flags=(IsInteger|IsControl|IsDirectControl|IsCondControl)
 639500: global: Decode: Decoded std instruction: 0xf9290018
 639500: system.cpu: A0 T0 : 0x10014cf0 @ptmalloc_init+80    : std        r9, 24(r9)      : MemWrite :  D=0x00000000100b0e38 A=0x100b0e50  flags=(IsInteger|IsStore)
 639750: global: Decode: Decoded std instruction: 0xf9290010
 639750: system.cpu: A0 T0 : 0x10014cf4 @ptmalloc_init+84    : std        r9, 16(r9)      : MemWrite :  D=0x00000000100b0e38 A=0x100b0e48  flags=(IsInteger|IsStore)
 640000: global: Decode: Decoded addi instruction: 0x39290010
 640000: system.cpu: A0 T0 : 0x10014cf8 @ptmalloc_init+88    : addi       r9, r9, 16      : IntAlu :  D=0x00000000100b0e48  flags=(IsInteger)
 640250: global: Decode: Decoded bc instruction: 0x4200fff4
 640250: system.cpu: A0 T0 : 0x10014cfc @ptmalloc_init+92    : bc         0, 16, 0x10014cf0 : IntAlu :  D=0x0000000000000020  flags=(IsInteger|IsControl|IsDirectControl|IsCondControl)
 640500: global: Decode: Decoded std instruction: 0xf9290018
 640500: system.cpu: A0 T0 : 0x10014cf0 @ptmalloc_init+80    : std        r9, 24(r9)      : MemWrite :  D=0x00000000100b0e48 A=0x100b0e60  flags=(IsInteger|IsStore)
 640750: global: Decode: Decoded std instruction: 0xf9290010
 640750: system.cpu: A0 T0 : 0x10014cf4 @ptmalloc_init+84    : std        r9, 16(r9)      : MemWrite :  D=0x00000000100b0e48 A=0x100b0e58  flags=(IsInteger|IsStore)
 641000: global: Decode: Decoded addi instruction: 0x39290010
 641000: system.cpu: A0 T0 : 0x10014cf8 @ptmalloc_init+88    : addi       r9, r9, 16      : IntAlu :  D=0x00000000100b0e58  flags=(IsInteger)
 641250: global: Decode: Decoded bc instruction: 0x4200fff4
 641250: system.cpu: A0 T0 : 0x10014cfc @ptmalloc_init+92    : bc         0, 16, 0x10014cf0 : IntAlu :  D=0x000000000000001f  flags=(IsInteger|IsControl|IsDirectControl|IsCondControl)
 641500: global: Decode: Decoded std instruction: 0xf9290018
 641500: system.cpu: A0 T0 : 0x10014cf0 @ptmalloc_init+80    : std        r9, 24(r9)      : MemWrite :  D=0x00000000100b0e58 A=0x100b0e70  flags=(IsInteger|IsStore)
 641750: global: Decode: Decoded std instruction: 0xf9290010
 641750: system.cpu: A0 T0 : 0x10014cf4 @ptmalloc_init+84    : std        r9, 16(r9)      : MemWrite :  D=0x00000000100b0e58 A=0x100b0e68  flags=(IsInteger|IsStore)
 642000: global: Decode: Decoded addi instruction: 0x39290010
 642000: system.cpu: A0 T0 : 0x10014cf8 @ptmalloc_init+88    : addi       r9, r9, 16      : IntAlu :  D=0x00000000100b0e68  flags=(IsInteger)
 642250: global: Decode: Decoded bc instruction: 0x4200fff4
 642250: system.cpu: A0 T0 : 0x10014cfc @ptmalloc_init+92    : bc         0, 16, 0x10014cf0 : IntAlu :  D=0x000000000000001e  flags=(IsInteger|IsControl|IsDirectControl|IsCondControl)
 642500: global: Decode: Decoded std instruction: 0xf9290018
 642500: system.cpu: A0 T0 : 0x10014cf0 @ptmalloc_init+80    : std        r9, 24(r9)      : MemWrite :  D=0x00000000100b0e68 A=0x100b0e80  flags=(IsInteger|IsStore)
 642750: global: Decode: Decoded std instruction: 0xf9290010
 642750: system.cpu: A0 T0 : 0x10014cf4 @ptmalloc_init+84    : std        r9, 16(r9)      : MemWrite :  D=0x00000000100b0e68 A=0x100b0e78  flags=(IsInteger|IsStore)
 643000: global: Decode: Decoded addi instruction: 0x39290010
 643000: system.cpu: A0 T0 : 0x10014cf8 @ptmalloc_init+88    : addi       r9, r9, 16      : IntAlu :  D=0x00000000100b0e78  flags=(IsInteger)
 643250: global: Decode: Decoded bc instruction: 0x4200fff4
 643250: system.cpu: A0 T0 : 0x10014cfc @ptmalloc_init+92    : bc         0, 16, 0x10014cf0 : IntAlu :  D=0x000000000000001d  flags=(IsInteger|IsControl|IsDirectControl|IsCondControl)
 643500: global: Decode: Decoded std instruction: 0xf9290018
 643500: system.cpu: A0 T0 : 0x10014cf0 @ptmalloc_init+80    : std        r9, 24(r9)      : MemWrite :  D=0x00000000100b0e78 A=0x100b0e90  flags=(IsInteger|IsStore)
 643750: global: Decode: Decoded std instruction: 0xf9290010
 643750: system.cpu: A0 T0 : 0x10014cf4 @ptmalloc_init+84    : std        r9, 16(r9)      : MemWrite :  D=0x00000000100b0e78 A=0x100b0e88  flags=(IsInteger|IsStore)
 644000: global: Decode: Decoded addi instruction: 0x39290010
 644000: system.cpu: A0 T0 : 0x10014cf8 @ptmalloc_init+88    : addi       r9, r9, 16      : IntAlu :  D=0x00000000100b0e88  flags=(IsInteger)
 644250: global: Decode: Decoded bc instruction: 0x4200fff4
 644250: system.cpu: A0 T0 : 0x10014cfc @ptmalloc_init+92    : bc         0, 16, 0x10014cf0 : IntAlu :  D=0x000000000000001c  flags=(IsInteger|IsControl|IsDirectControl|IsCondControl)
 644500: global: Decode: Decoded std instruction: 0xf9290018
 644500: system.cpu: A0 T0 : 0x10014cf0 @ptmalloc_init+80    : std        r9, 24(r9)      : MemWrite :  D=0x00000000100b0e88 A=0x100b0ea0  flags=(IsInteger|IsStore)
 644750: global: Decode: Decoded std instruction: 0xf9290010
 644750: system.cpu: A0 T0 : 0x10014cf4 @ptmalloc_init+84    : std        r9, 16(r9)      : MemWrite :  D=0x00000000100b0e88 A=0x100b0e98  flags=(IsInteger|IsStore)
 645000: global: Decode: Decoded addi instruction: 0x39290010
 645000: system.cpu: A0 T0 : 0x10014cf8 @ptmalloc_init+88    : addi       r9, r9, 16      : IntAlu :  D=0x00000000100b0e98  flags=(IsInteger)
 645250: global: Decode: Decoded bc instruction: 0x4200fff4
 645250: system.cpu: A0 T0 : 0x10014cfc @ptmalloc_init+92    : bc         0, 16, 0x10014cf0 : IntAlu :  D=0x000000000000001b  flags=(IsInteger|IsControl|IsDirectControl|IsCondControl)
 645500: global: Decode: Decoded std instruction: 0xf9290018
 645500: system.cpu: A0 T0 : 0x10014cf0 @ptmalloc_init+80    : std        r9, 24(r9)      : MemWrite :  D=0x00000000100b0e98 A=0x100b0eb0  flags=(IsInteger|IsStore)
 645750: global: Decode: Decoded std instruction: 0xf9290010
 645750: system.cpu: A0 T0 : 0x10014cf4 @ptmalloc_init+84    : std        r9, 16(r9)      : MemWrite :  D=0x00000000100b0e98 A=0x100b0ea8  flags=(IsInteger|IsStore)
 646000: global: Decode: Decoded addi instruction: 0x39290010
 646000: system.cpu: A0 T0 : 0x10014cf8 @ptmalloc_init+88    : addi       r9, r9, 16      : IntAlu :  D=0x00000000100b0ea8  flags=(IsInteger)
 646250: global: Decode: Decoded bc instruction: 0x4200fff4
 646250: system.cpu: A0 T0 : 0x10014cfc @ptmalloc_init+92    : bc         0, 16, 0x10014cf0 : IntAlu :  D=0x000000000000001a  flags=(IsInteger|IsControl|IsDirectControl|IsCondControl)
 646500: global: Decode: Decoded std instruction: 0xf9290018
 646500: system.cpu: A0 T0 : 0x10014cf0 @ptmalloc_init+80    : std        r9, 24(r9)      : MemWrite :  D=0x00000000100b0ea8 A=0x100b0ec0  flags=(IsInteger|IsStore)
 646750: global: Decode: Decoded std instruction: 0xf9290010
 646750: system.cpu: A0 T0 : 0x10014cf4 @ptmalloc_init+84    : std        r9, 16(r9)      : MemWrite :  D=0x00000000100b0ea8 A=0x100b0eb8  flags=(IsInteger|IsStore)
 647000: global: Decode: Decoded addi instruction: 0x39290010
 647000: system.cpu: A0 T0 : 0x10014cf8 @ptmalloc_init+88    : addi       r9, r9, 16      : IntAlu :  D=0x00000000100b0eb8  flags=(IsInteger)
 647250: global: Decode: Decoded bc instruction: 0x4200fff4
 647250: system.cpu: A0 T0 : 0x10014cfc @ptmalloc_init+92    : bc         0, 16, 0x10014cf0 : IntAlu :  D=0x0000000000000019  flags=(IsInteger|IsControl|IsDirectControl|IsCondControl)
 647500: global: Decode: Decoded std instruction: 0xf9290018
 647500: system.cpu: A0 T0 : 0x10014cf0 @ptmalloc_init+80    : std        r9, 24(r9)      : MemWrite :  D=0x00000000100b0eb8 A=0x100b0ed0  flags=(IsInteger|IsStore)
 647750: global: Decode: Decoded std instruction: 0xf9290010
 647750: system.cpu: A0 T0 : 0x10014cf4 @ptmalloc_init+84    : std        r9, 16(r9)      : MemWrite :  D=0x00000000100b0eb8 A=0x100b0ec8  flags=(IsInteger|IsStore)
 648000: global: Decode: Decoded addi instruction: 0x39290010
 648000: system.cpu: A0 T0 : 0x10014cf8 @ptmalloc_init+88    : addi       r9, r9, 16      : IntAlu :  D=0x00000000100b0ec8  flags=(IsInteger)
 648250: global: Decode: Decoded bc instruction: 0x4200fff4
 648250: system.cpu: A0 T0 : 0x10014cfc @ptmalloc_init+92    : bc         0, 16, 0x10014cf0 : IntAlu :  D=0x0000000000000018  flags=(IsInteger|IsControl|IsDirectControl|IsCondControl)
 648500: global: Decode: Decoded std instruction: 0xf9290018
 648500: system.cpu: A0 T0 : 0x10014cf0 @ptmalloc_init+80    : std        r9, 24(r9)      : MemWrite :  D=0x00000000100b0ec8 A=0x100b0ee0  flags=(IsInteger|IsStore)
 648750: global: Decode: Decoded std instruction: 0xf9290010
 648750: system.cpu: A0 T0 : 0x10014cf4 @ptmalloc_init+84    : std        r9, 16(r9)      : MemWrite :  D=0x00000000100b0ec8 A=0x100b0ed8  flags=(IsInteger|IsStore)
 649000: global: Decode: Decoded addi instruction: 0x39290010
 649000: system.cpu: A0 T0 : 0x10014cf8 @ptmalloc_init+88    : addi       r9, r9, 16      : IntAlu :  D=0x00000000100b0ed8  flags=(IsInteger)
 649250: global: Decode: Decoded bc instruction: 0x4200fff4
 649250: system.cpu: A0 T0 : 0x10014cfc @ptmalloc_init+92    : bc         0, 16, 0x10014cf0 : IntAlu :  D=0x0000000000000017  flags=(IsInteger|IsControl|IsDirectControl|IsCondControl)
 649500: global: Decode: Decoded std instruction: 0xf9290018
 649500: system.cpu: A0 T0 : 0x10014cf0 @ptmalloc_init+80    : std        r9, 24(r9)      : MemWrite :  D=0x00000000100b0ed8 A=0x100b0ef0  flags=(IsInteger|IsStore)
 649750: global: Decode: Decoded std instruction: 0xf9290010
 649750: system.cpu: A0 T0 : 0x10014cf4 @ptmalloc_init+84    : std        r9, 16(r9)      : MemWrite :  D=0x00000000100b0ed8 A=0x100b0ee8  flags=(IsInteger|IsStore)
 650000: global: Decode: Decoded addi instruction: 0x39290010
 650000: system.cpu: A0 T0 : 0x10014cf8 @ptmalloc_init+88    : addi       r9, r9, 16      : IntAlu :  D=0x00000000100b0ee8  flags=(IsInteger)
 650250: global: Decode: Decoded bc instruction: 0x4200fff4
 650250: system.cpu: A0 T0 : 0x10014cfc @ptmalloc_init+92    : bc         0, 16, 0x10014cf0 : IntAlu :  D=0x0000000000000016  flags=(IsInteger|IsControl|IsDirectControl|IsCondControl)
 650500: global: Decode: Decoded std instruction: 0xf9290018
 650500: system.cpu: A0 T0 : 0x10014cf0 @ptmalloc_init+80    : std        r9, 24(r9)      : MemWrite :  D=0x00000000100b0ee8 A=0x100b0f00  flags=(IsInteger|IsStore)
 650750: global: Decode: Decoded std instruction: 0xf9290010
 650750: system.cpu: A0 T0 : 0x10014cf4 @ptmalloc_init+84    : std        r9, 16(r9)      : MemWrite :  D=0x00000000100b0ee8 A=0x100b0ef8  flags=(IsInteger|IsStore)
 651000: global: Decode: Decoded addi instruction: 0x39290010
 651000: system.cpu: A0 T0 : 0x10014cf8 @ptmalloc_init+88    : addi       r9, r9, 16      : IntAlu :  D=0x00000000100b0ef8  flags=(IsInteger)
 651250: global: Decode: Decoded bc instruction: 0x4200fff4
 651250: system.cpu: A0 T0 : 0x10014cfc @ptmalloc_init+92    : bc         0, 16, 0x10014cf0 : IntAlu :  D=0x0000000000000015  flags=(IsInteger|IsControl|IsDirectControl|IsCondControl)
 651500: global: Decode: Decoded std instruction: 0xf9290018
 651500: system.cpu: A0 T0 : 0x10014cf0 @ptmalloc_init+80    : std        r9, 24(r9)      : MemWrite :  D=0x00000000100b0ef8 A=0x100b0f10  flags=(IsInteger|IsStore)
 651750: global: Decode: Decoded std instruction: 0xf9290010
 651750: system.cpu: A0 T0 : 0x10014cf4 @ptmalloc_init+84    : std        r9, 16(r9)      : MemWrite :  D=0x00000000100b0ef8 A=0x100b0f08  flags=(IsInteger|IsStore)
 652000: global: Decode: Decoded addi instruction: 0x39290010
 652000: system.cpu: A0 T0 : 0x10014cf8 @ptmalloc_init+88    : addi       r9, r9, 16      : IntAlu :  D=0x00000000100b0f08  flags=(IsInteger)
 652250: global: Decode: Decoded bc instruction: 0x4200fff4
 652250: system.cpu: A0 T0 : 0x10014cfc @ptmalloc_init+92    : bc         0, 16, 0x10014cf0 : IntAlu :  D=0x0000000000000014  flags=(IsInteger|IsControl|IsDirectControl|IsCondControl)
 652500: global: Decode: Decoded std instruction: 0xf9290018
 652500: system.cpu: A0 T0 : 0x10014cf0 @ptmalloc_init+80    : std        r9, 24(r9)      : MemWrite :  D=0x00000000100b0f08 A=0x100b0f20  flags=(IsInteger|IsStore)
 652750: global: Decode: Decoded std instruction: 0xf9290010
 652750: system.cpu: A0 T0 : 0x10014cf4 @ptmalloc_init+84    : std        r9, 16(r9)      : MemWrite :  D=0x00000000100b0f08 A=0x100b0f18  flags=(IsInteger|IsStore)
 653000: global: Decode: Decoded addi instruction: 0x39290010
 653000: system.cpu: A0 T0 : 0x10014cf8 @ptmalloc_init+88    : addi       r9, r9, 16      : IntAlu :  D=0x00000000100b0f18  flags=(IsInteger)
 653250: global: Decode: Decoded bc instruction: 0x4200fff4
 653250: system.cpu: A0 T0 : 0x10014cfc @ptmalloc_init+92    : bc         0, 16, 0x10014cf0 : IntAlu :  D=0x0000000000000013  flags=(IsInteger|IsControl|IsDirectControl|IsCondControl)
 653500: global: Decode: Decoded std instruction: 0xf9290018
 653500: system.cpu: A0 T0 : 0x10014cf0 @ptmalloc_init+80    : std        r9, 24(r9)      : MemWrite :  D=0x00000000100b0f18 A=0x100b0f30  flags=(IsInteger|IsStore)
 653750: global: Decode: Decoded std instruction: 0xf9290010
 653750: system.cpu: A0 T0 : 0x10014cf4 @ptmalloc_init+84    : std        r9, 16(r9)      : MemWrite :  D=0x00000000100b0f18 A=0x100b0f28  flags=(IsInteger|IsStore)
 654000: global: Decode: Decoded addi instruction: 0x39290010
 654000: system.cpu: A0 T0 : 0x10014cf8 @ptmalloc_init+88    : addi       r9, r9, 16      : IntAlu :  D=0x00000000100b0f28  flags=(IsInteger)
 654250: global: Decode: Decoded bc instruction: 0x4200fff4
 654250: system.cpu: A0 T0 : 0x10014cfc @ptmalloc_init+92    : bc         0, 16, 0x10014cf0 : IntAlu :  D=0x0000000000000012  flags=(IsInteger|IsControl|IsDirectControl|IsCondControl)
 654500: global: Decode: Decoded std instruction: 0xf9290018
 654500: system.cpu: A0 T0 : 0x10014cf0 @ptmalloc_init+80    : std        r9, 24(r9)      : MemWrite :  D=0x00000000100b0f28 A=0x100b0f40  flags=(IsInteger|IsStore)
 654750: global: Decode: Decoded std instruction: 0xf9290010
 654750: system.cpu: A0 T0 : 0x10014cf4 @ptmalloc_init+84    : std        r9, 16(r9)      : MemWrite :  D=0x00000000100b0f28 A=0x100b0f38  flags=(IsInteger|IsStore)
 655000: global: Decode: Decoded addi instruction: 0x39290010
 655000: system.cpu: A0 T0 : 0x10014cf8 @ptmalloc_init+88    : addi       r9, r9, 16      : IntAlu :  D=0x00000000100b0f38  flags=(IsInteger)
 655250: global: Decode: Decoded bc instruction: 0x4200fff4
 655250: system.cpu: A0 T0 : 0x10014cfc @ptmalloc_init+92    : bc         0, 16, 0x10014cf0 : IntAlu :  D=0x0000000000000011  flags=(IsInteger|IsControl|IsDirectControl|IsCondControl)
 655500: global: Decode: Decoded std instruction: 0xf9290018
 655500: system.cpu: A0 T0 : 0x10014cf0 @ptmalloc_init+80    : std        r9, 24(r9)      : MemWrite :  D=0x00000000100b0f38 A=0x100b0f50  flags=(IsInteger|IsStore)
 655750: global: Decode: Decoded std instruction: 0xf9290010
 655750: system.cpu: A0 T0 : 0x10014cf4 @ptmalloc_init+84    : std        r9, 16(r9)      : MemWrite :  D=0x00000000100b0f38 A=0x100b0f48  flags=(IsInteger|IsStore)
 656000: global: Decode: Decoded addi instruction: 0x39290010
 656000: system.cpu: A0 T0 : 0x10014cf8 @ptmalloc_init+88    : addi       r9, r9, 16      : IntAlu :  D=0x00000000100b0f48  flags=(IsInteger)
 656250: global: Decode: Decoded bc instruction: 0x4200fff4
 656250: system.cpu: A0 T0 : 0x10014cfc @ptmalloc_init+92    : bc         0, 16, 0x10014cf0 : IntAlu :  D=0x0000000000000010  flags=(IsInteger|IsControl|IsDirectControl|IsCondControl)
 656500: global: Decode: Decoded std instruction: 0xf9290018
 656500: system.cpu: A0 T0 : 0x10014cf0 @ptmalloc_init+80    : std        r9, 24(r9)      : MemWrite :  D=0x00000000100b0f48 A=0x100b0f60  flags=(IsInteger|IsStore)
 656750: global: Decode: Decoded std instruction: 0xf9290010
 656750: system.cpu: A0 T0 : 0x10014cf4 @ptmalloc_init+84    : std        r9, 16(r9)      : MemWrite :  D=0x00000000100b0f48 A=0x100b0f58  flags=(IsInteger|IsStore)
 657000: global: Decode: Decoded addi instruction: 0x39290010
 657000: system.cpu: A0 T0 : 0x10014cf8 @ptmalloc_init+88    : addi       r9, r9, 16      : IntAlu :  D=0x00000000100b0f58  flags=(IsInteger)
 657250: global: Decode: Decoded bc instruction: 0x4200fff4
 657250: system.cpu: A0 T0 : 0x10014cfc @ptmalloc_init+92    : bc         0, 16, 0x10014cf0 : IntAlu :  D=0x000000000000000f  flags=(IsInteger|IsControl|IsDirectControl|IsCondControl)
 657500: global: Decode: Decoded std instruction: 0xf9290018
 657500: system.cpu: A0 T0 : 0x10014cf0 @ptmalloc_init+80    : std        r9, 24(r9)      : MemWrite :  D=0x00000000100b0f58 A=0x100b0f70  flags=(IsInteger|IsStore)
 657750: global: Decode: Decoded std instruction: 0xf9290010
 657750: system.cpu: A0 T0 : 0x10014cf4 @ptmalloc_init+84    : std        r9, 16(r9)      : MemWrite :  D=0x00000000100b0f58 A=0x100b0f68  flags=(IsInteger|IsStore)
 658000: global: Decode: Decoded addi instruction: 0x39290010
 658000: system.cpu: A0 T0 : 0x10014cf8 @ptmalloc_init+88    : addi       r9, r9, 16      : IntAlu :  D=0x00000000100b0f68  flags=(IsInteger)
 658250: global: Decode: Decoded bc instruction: 0x4200fff4
 658250: system.cpu: A0 T0 : 0x10014cfc @ptmalloc_init+92    : bc         0, 16, 0x10014cf0 : IntAlu :  D=0x000000000000000e  flags=(IsInteger|IsControl|IsDirectControl|IsCondControl)
 658500: global: Decode: Decoded std instruction: 0xf9290018
 658500: system.cpu: A0 T0 : 0x10014cf0 @ptmalloc_init+80    : std        r9, 24(r9)      : MemWrite :  D=0x00000000100b0f68 A=0x100b0f80  flags=(IsInteger|IsStore)
 658750: global: Decode: Decoded std instruction: 0xf9290010
 658750: system.cpu: A0 T0 : 0x10014cf4 @ptmalloc_init+84    : std        r9, 16(r9)      : MemWrite :  D=0x00000000100b0f68 A=0x100b0f78  flags=(IsInteger|IsStore)
 659000: global: Decode: Decoded addi instruction: 0x39290010
 659000: system.cpu: A0 T0 : 0x10014cf8 @ptmalloc_init+88    : addi       r9, r9, 16      : IntAlu :  D=0x00000000100b0f78  flags=(IsInteger)
 659250: global: Decode: Decoded bc instruction: 0x4200fff4
 659250: system.cpu: A0 T0 : 0x10014cfc @ptmalloc_init+92    : bc         0, 16, 0x10014cf0 : IntAlu :  D=0x000000000000000d  flags=(IsInteger|IsControl|IsDirectControl|IsCondControl)
 659500: global: Decode: Decoded std instruction: 0xf9290018
 659500: system.cpu: A0 T0 : 0x10014cf0 @ptmalloc_init+80    : std        r9, 24(r9)      : MemWrite :  D=0x00000000100b0f78 A=0x100b0f90  flags=(IsInteger|IsStore)
 659750: global: Decode: Decoded std instruction: 0xf9290010
 659750: system.cpu: A0 T0 : 0x10014cf4 @ptmalloc_init+84    : std        r9, 16(r9)      : MemWrite :  D=0x00000000100b0f78 A=0x100b0f88  flags=(IsInteger|IsStore)
 660000: global: Decode: Decoded addi instruction: 0x39290010
 660000: system.cpu: A0 T0 : 0x10014cf8 @ptmalloc_init+88    : addi       r9, r9, 16      : IntAlu :  D=0x00000000100b0f88  flags=(IsInteger)
 660250: global: Decode: Decoded bc instruction: 0x4200fff4
 660250: system.cpu: A0 T0 : 0x10014cfc @ptmalloc_init+92    : bc         0, 16, 0x10014cf0 : IntAlu :  D=0x000000000000000c  flags=(IsInteger|IsControl|IsDirectControl|IsCondControl)
 660500: global: Decode: Decoded std instruction: 0xf9290018
 660500: system.cpu: A0 T0 : 0x10014cf0 @ptmalloc_init+80    : std        r9, 24(r9)      : MemWrite :  D=0x00000000100b0f88 A=0x100b0fa0  flags=(IsInteger|IsStore)
 660750: global: Decode: Decoded std instruction: 0xf9290010
 660750: system.cpu: A0 T0 : 0x10014cf4 @ptmalloc_init+84    : std        r9, 16(r9)      : MemWrite :  D=0x00000000100b0f88 A=0x100b0f98  flags=(IsInteger|IsStore)
 661000: global: Decode: Decoded addi instruction: 0x39290010
 661000: system.cpu: A0 T0 : 0x10014cf8 @ptmalloc_init+88    : addi       r9, r9, 16      : IntAlu :  D=0x00000000100b0f98  flags=(IsInteger)
 661250: global: Decode: Decoded bc instruction: 0x4200fff4
 661250: system.cpu: A0 T0 : 0x10014cfc @ptmalloc_init+92    : bc         0, 16, 0x10014cf0 : IntAlu :  D=0x000000000000000b  flags=(IsInteger|IsControl|IsDirectControl|IsCondControl)
 661500: global: Decode: Decoded std instruction: 0xf9290018
 661500: system.cpu: A0 T0 : 0x10014cf0 @ptmalloc_init+80    : std        r9, 24(r9)      : MemWrite :  D=0x00000000100b0f98 A=0x100b0fb0  flags=(IsInteger|IsStore)
 661750: global: Decode: Decoded std instruction: 0xf9290010
 661750: system.cpu: A0 T0 : 0x10014cf4 @ptmalloc_init+84    : std        r9, 16(r9)      : MemWrite :  D=0x00000000100b0f98 A=0x100b0fa8  flags=(IsInteger|IsStore)
 662000: global: Decode: Decoded addi instruction: 0x39290010
 662000: system.cpu: A0 T0 : 0x10014cf8 @ptmalloc_init+88    : addi       r9, r9, 16      : IntAlu :  D=0x00000000100b0fa8  flags=(IsInteger)
 662250: global: Decode: Decoded bc instruction: 0x4200fff4
 662250: system.cpu: A0 T0 : 0x10014cfc @ptmalloc_init+92    : bc         0, 16, 0x10014cf0 : IntAlu :  D=0x000000000000000a  flags=(IsInteger|IsControl|IsDirectControl|IsCondControl)
 662500: global: Decode: Decoded std instruction: 0xf9290018
 662500: system.cpu: A0 T0 : 0x10014cf0 @ptmalloc_init+80    : std        r9, 24(r9)      : MemWrite :  D=0x00000000100b0fa8 A=0x100b0fc0  flags=(IsInteger|IsStore)
 662750: global: Decode: Decoded std instruction: 0xf9290010
 662750: system.cpu: A0 T0 : 0x10014cf4 @ptmalloc_init+84    : std        r9, 16(r9)      : MemWrite :  D=0x00000000100b0fa8 A=0x100b0fb8  flags=(IsInteger|IsStore)
 663000: global: Decode: Decoded addi instruction: 0x39290010
 663000: system.cpu: A0 T0 : 0x10014cf8 @ptmalloc_init+88    : addi       r9, r9, 16      : IntAlu :  D=0x00000000100b0fb8  flags=(IsInteger)
 663250: global: Decode: Decoded bc instruction: 0x4200fff4
 663250: system.cpu: A0 T0 : 0x10014cfc @ptmalloc_init+92    : bc         0, 16, 0x10014cf0 : IntAlu :  D=0x0000000000000009  flags=(IsInteger|IsControl|IsDirectControl|IsCondControl)
 663500: global: Decode: Decoded std instruction: 0xf9290018
 663500: system.cpu: A0 T0 : 0x10014cf0 @ptmalloc_init+80    : std        r9, 24(r9)      : MemWrite :  D=0x00000000100b0fb8 A=0x100b0fd0  flags=(IsInteger|IsStore)
 663750: global: Decode: Decoded std instruction: 0xf9290010
 663750: system.cpu: A0 T0 : 0x10014cf4 @ptmalloc_init+84    : std        r9, 16(r9)      : MemWrite :  D=0x00000000100b0fb8 A=0x100b0fc8  flags=(IsInteger|IsStore)
 664000: global: Decode: Decoded addi instruction: 0x39290010
 664000: system.cpu: A0 T0 : 0x10014cf8 @ptmalloc_init+88    : addi       r9, r9, 16      : IntAlu :  D=0x00000000100b0fc8  flags=(IsInteger)
 664250: global: Decode: Decoded bc instruction: 0x4200fff4
 664250: system.cpu: A0 T0 : 0x10014cfc @ptmalloc_init+92    : bc         0, 16, 0x10014cf0 : IntAlu :  D=0x0000000000000008  flags=(IsInteger|IsControl|IsDirectControl|IsCondControl)
 664500: global: Decode: Decoded std instruction: 0xf9290018
 664500: system.cpu: A0 T0 : 0x10014cf0 @ptmalloc_init+80    : std        r9, 24(r9)      : MemWrite :  D=0x00000000100b0fc8 A=0x100b0fe0  flags=(IsInteger|IsStore)
 664750: global: Decode: Decoded std instruction: 0xf9290010
 664750: system.cpu: A0 T0 : 0x10014cf4 @ptmalloc_init+84    : std        r9, 16(r9)      : MemWrite :  D=0x00000000100b0fc8 A=0x100b0fd8  flags=(IsInteger|IsStore)
 665000: global: Decode: Decoded addi instruction: 0x39290010
 665000: system.cpu: A0 T0 : 0x10014cf8 @ptmalloc_init+88    : addi       r9, r9, 16      : IntAlu :  D=0x00000000100b0fd8  flags=(IsInteger)
 665250: global: Decode: Decoded bc instruction: 0x4200fff4
 665250: system.cpu: A0 T0 : 0x10014cfc @ptmalloc_init+92    : bc         0, 16, 0x10014cf0 : IntAlu :  D=0x0000000000000007  flags=(IsInteger|IsControl|IsDirectControl|IsCondControl)
 665500: global: Decode: Decoded std instruction: 0xf9290018
 665500: system.cpu: A0 T0 : 0x10014cf0 @ptmalloc_init+80    : std        r9, 24(r9)      : MemWrite :  D=0x00000000100b0fd8 A=0x100b0ff0  flags=(IsInteger|IsStore)
 665750: global: Decode: Decoded std instruction: 0xf9290010
 665750: system.cpu: A0 T0 : 0x10014cf4 @ptmalloc_init+84    : std        r9, 16(r9)      : MemWrite :  D=0x00000000100b0fd8 A=0x100b0fe8  flags=(IsInteger|IsStore)
 666000: global: Decode: Decoded addi instruction: 0x39290010
 666000: system.cpu: A0 T0 : 0x10014cf8 @ptmalloc_init+88    : addi       r9, r9, 16      : IntAlu :  D=0x00000000100b0fe8  flags=(IsInteger)
 666250: global: Decode: Decoded bc instruction: 0x4200fff4
 666250: system.cpu: A0 T0 : 0x10014cfc @ptmalloc_init+92    : bc         0, 16, 0x10014cf0 : IntAlu :  D=0x0000000000000006  flags=(IsInteger|IsControl|IsDirectControl|IsCondControl)
 666500: global: Decode: Decoded std instruction: 0xf9290018
 666500: system.cpu: A0 T0 : 0x10014cf0 @ptmalloc_init+80    : std        r9, 24(r9)      : MemWrite :  D=0x00000000100b0fe8 A=0x100b1000  flags=(IsInteger|IsStore)
 666750: global: Decode: Decoded std instruction: 0xf9290010
 666750: system.cpu: A0 T0 : 0x10014cf4 @ptmalloc_init+84    : std        r9, 16(r9)      : MemWrite :  D=0x00000000100b0fe8 A=0x100b0ff8  flags=(IsInteger|IsStore)
 667000: global: Decode: Decoded addi instruction: 0x39290010
 667000: system.cpu: A0 T0 : 0x10014cf8 @ptmalloc_init+88    : addi       r9, r9, 16      : IntAlu :  D=0x00000000100b0ff8  flags=(IsInteger)
 667250: global: Decode: Decoded bc instruction: 0x4200fff4
 667250: system.cpu: A0 T0 : 0x10014cfc @ptmalloc_init+92    : bc         0, 16, 0x10014cf0 : IntAlu :  D=0x0000000000000005  flags=(IsInteger|IsControl|IsDirectControl|IsCondControl)
 667500: global: Decode: Decoded std instruction: 0xf9290018
 667500: system.cpu: A0 T0 : 0x10014cf0 @ptmalloc_init+80    : std        r9, 24(r9)      : MemWrite :  D=0x00000000100b0ff8 A=0x100b1010  flags=(IsInteger|IsStore)
 667750: global: Decode: Decoded std instruction: 0xf9290010
 667750: system.cpu: A0 T0 : 0x10014cf4 @ptmalloc_init+84    : std        r9, 16(r9)      : MemWrite :  D=0x00000000100b0ff8 A=0x100b1008  flags=(IsInteger|IsStore)
 668000: global: Decode: Decoded addi instruction: 0x39290010
 668000: system.cpu: A0 T0 : 0x10014cf8 @ptmalloc_init+88    : addi       r9, r9, 16      : IntAlu :  D=0x00000000100b1008  flags=(IsInteger)
 668250: global: Decode: Decoded bc instruction: 0x4200fff4
 668250: system.cpu: A0 T0 : 0x10014cfc @ptmalloc_init+92    : bc         0, 16, 0x10014cf0 : IntAlu :  D=0x0000000000000004  flags=(IsInteger|IsControl|IsDirectControl|IsCondControl)
 668500: global: Decode: Decoded std instruction: 0xf9290018
 668500: system.cpu: A0 T0 : 0x10014cf0 @ptmalloc_init+80    : std        r9, 24(r9)      : MemWrite :  D=0x00000000100b1008 A=0x100b1020  flags=(IsInteger|IsStore)
 668750: global: Decode: Decoded std instruction: 0xf9290010
 668750: system.cpu: A0 T0 : 0x10014cf4 @ptmalloc_init+84    : std        r9, 16(r9)      : MemWrite :  D=0x00000000100b1008 A=0x100b1018  flags=(IsInteger|IsStore)
 669000: global: Decode: Decoded addi instruction: 0x39290010
 669000: system.cpu: A0 T0 : 0x10014cf8 @ptmalloc_init+88    : addi       r9, r9, 16      : IntAlu :  D=0x00000000100b1018  flags=(IsInteger)
 669250: global: Decode: Decoded bc instruction: 0x4200fff4
 669250: system.cpu: A0 T0 : 0x10014cfc @ptmalloc_init+92    : bc         0, 16, 0x10014cf0 : IntAlu :  D=0x0000000000000003  flags=(IsInteger|IsControl|IsDirectControl|IsCondControl)
 669500: global: Decode: Decoded std instruction: 0xf9290018
 669500: system.cpu: A0 T0 : 0x10014cf0 @ptmalloc_init+80    : std        r9, 24(r9)      : MemWrite :  D=0x00000000100b1018 A=0x100b1030  flags=(IsInteger|IsStore)
 669750: global: Decode: Decoded std instruction: 0xf9290010
 669750: system.cpu: A0 T0 : 0x10014cf4 @ptmalloc_init+84    : std        r9, 16(r9)      : MemWrite :  D=0x00000000100b1018 A=0x100b1028  flags=(IsInteger|IsStore)
 670000: global: Decode: Decoded addi instruction: 0x39290010
 670000: system.cpu: A0 T0 : 0x10014cf8 @ptmalloc_init+88    : addi       r9, r9, 16      : IntAlu :  D=0x00000000100b1028  flags=(IsInteger)
 670250: global: Decode: Decoded bc instruction: 0x4200fff4
 670250: system.cpu: A0 T0 : 0x10014cfc @ptmalloc_init+92    : bc         0, 16, 0x10014cf0 : IntAlu :  D=0x0000000000000002  flags=(IsInteger|IsControl|IsDirectControl|IsCondControl)
 670500: global: Decode: Decoded std instruction: 0xf9290018
 670500: system.cpu: A0 T0 : 0x10014cf0 @ptmalloc_init+80    : std        r9, 24(r9)      : MemWrite :  D=0x00000000100b1028 A=0x100b1040  flags=(IsInteger|IsStore)
 670750: global: Decode: Decoded std instruction: 0xf9290010
 670750: system.cpu: A0 T0 : 0x10014cf4 @ptmalloc_init+84    : std        r9, 16(r9)      : MemWrite :  D=0x00000000100b1028 A=0x100b1038  flags=(IsInteger|IsStore)
 671000: global: Decode: Decoded addi instruction: 0x39290010
 671000: system.cpu: A0 T0 : 0x10014cf8 @ptmalloc_init+88    : addi       r9, r9, 16      : IntAlu :  D=0x00000000100b1038  flags=(IsInteger)
 671250: global: Decode: Decoded bc instruction: 0x4200fff4
 671250: system.cpu: A0 T0 : 0x10014cfc @ptmalloc_init+92    : bc         0, 16, 0x10014cf0 : IntAlu :  D=0x0000000000000001  flags=(IsInteger|IsControl|IsDirectControl|IsCondControl)
 671500: global: Decode: Decoded std instruction: 0xf9290018
 671500: system.cpu: A0 T0 : 0x10014cf0 @ptmalloc_init+80    : std        r9, 24(r9)      : MemWrite :  D=0x00000000100b1038 A=0x100b1050  flags=(IsInteger|IsStore)
 671750: global: Decode: Decoded std instruction: 0xf9290010
 671750: system.cpu: A0 T0 : 0x10014cf4 @ptmalloc_init+84    : std        r9, 16(r9)      : MemWrite :  D=0x00000000100b1038 A=0x100b1048  flags=(IsInteger|IsStore)
 672000: global: Decode: Decoded addi instruction: 0x39290010
 672000: system.cpu: A0 T0 : 0x10014cf8 @ptmalloc_init+88    : addi       r9, r9, 16      : IntAlu :  D=0x00000000100b1048  flags=(IsInteger)
 672250: global: Decode: Decoded bc instruction: 0x4200fff4
 672250: system.cpu: A0 T0 : 0x10014cfc @ptmalloc_init+92    : bc         0, 16, 0x10014cf0 : IntAlu :  D=0x0000000000000000  flags=(IsInteger|IsControl|IsDirectControl|IsCondControl)
 672500: global: Decode: Decoded ori instruction: 0x60000000
 672500: system.cpu: A0 T0 : 0x10014d00 @ptmalloc_init+96    : nop                        : IntAlu :  D=0x000000001001a040  flags=(IsInteger)
 672750: global: Decode: Decoded addi instruction: 0x394a00d0
 672750: system.cpu: A0 T0 : 0x10014d04 @ptmalloc_init+100    : addi       r10, r10, 208   : IntAlu :  D=0x00000000100b0858  flags=(IsInteger)
 673000: global: Decode: Decoded addi instruction: 0x39000080
 673000: system.cpu: A0 T0 : 0x10014d08 @ptmalloc_init+104    : li         r8, 128         : IntAlu :  D=0x0000000000000080  flags=(IsInteger)
 673250: global: Decode: Decoded addi instruction: 0x39200000
 673250: system.cpu: A0 T0 : 0x10014d0c @ptmalloc_init+108    : li         r9, 0           : IntAlu :  D=0x0000000000000000  flags=(IsInteger)
 673500: global: Decode: Decoded std instruction: 0xf9428b58
 673500: system.cpu: A0 T0 : 0x10014d10 @ptmalloc_init+112    : std        r10, -29864(r2) : MemWrite :  D=0x00000000100b0858 A=0x100b0858  flags=(IsInteger|IsStore)
 673750: global: Decode: Decoded ori instruction: 0x60000000
 673750: system.cpu: A0 T0 : 0x10014d14 @ptmalloc_init+116    : nop                        : IntAlu :  D=0x000000001001a040  flags=(IsInteger)
 674000: global: Decode: Decoded addis instruction: 0x3ca2ffff
 674000: system.cpu: A0 T0 : 0x10014d18 @ptmalloc_init+120    : subis      r5, r2, 1       : IntAlu :  D=0x00000000100a7d00  flags=(IsInteger)
 674250: global: Decode: Decoded addi instruction: 0x38810070
 674250: system.cpu: A0 T0 : 0x10014d1c @ptmalloc_init+124    : addi       r4, r1, 112     : IntAlu :  D=0x00007fffffffe5c0  flags=(IsInteger)
 674500: global: Decode: Decoded addi instruction: 0x38a54820
 674500: system.cpu: A0 T0 : 0x10014d20 @ptmalloc_init+128    : addi       r5, r5, 18464   : IntAlu :  D=0x00000000100ac520  flags=(IsInteger)
 674750: global: Decode: Decoded std instruction: 0xf902ae10
 674750: system.cpu: A0 T0 : 0x10014d24 @ptmalloc_init+132    : std        r8, -20976(r2)  : MemWrite :  D=0x0000000000000080 A=0x100b2b10  flags=(IsInteger|IsStore)
 675000: global: Decode: Decoded ori instruction: 0x60000000
 675000: system.cpu: A0 T0 : 0x10014d28 @ptmalloc_init+136    : nop                        : IntAlu :  D=0x000000001001a040  flags=(IsInteger)
 675250: global: Decode: Decoded addi instruction: 0x38600013
 675250: system.cpu: A0 T0 : 0x10014d2c @ptmalloc_init+140    : li         r3, 19          : IntAlu :  D=0x0000000000000013  flags=(IsInteger)
 675500: global: Decode: Decoded stw instruction: 0x91228b00
 675500: system.cpu: A0 T0 : 0x10014d30 @ptmalloc_init+144    : stw        r9, -29952(r2)  : MemWrite :  D=0x0000000000000000 A=0x100b0800  flags=(IsInteger|IsStore)
 675750: global: Decode: Decoded b instruction: 0x4800facd
 675750: system.cpu: A0 T0 : 0x10014d34 @ptmalloc_init+148    : bl         __tunable_get_val : IntAlu :  D=0x0000000010014d38  flags=(IsInteger|IsControl|IsDirectControl|IsUncondControl)
 676000: global: Decode: Decoded mulli instruction: 0x1c630038
 676000: system.cpu: A0 T0 : 0x10024800 @__tunable_get_val    : mulli      r3, r3, 56      : IntAlu :  D=0x0000000000000428  flags=(IsInteger)
 676250: global: Decode: Decoded addis instruction: 0x3d42ffff
 676250: system.cpu: A0 T0 : 0x10024804 @__tunable_get_val+4    : subis      r10, r2, 1      : IntAlu :  D=0x00000000100a7d00  flags=(IsInteger)
 676500: global: Decode: Decoded addi instruction: 0x394a1ca0
 676500: system.cpu: A0 T0 : 0x10024808 @__tunable_get_val+8    : addi       r10, r10, 7328  : IntAlu :  D=0x00000000100a99a0  flags=(IsInteger)
 676750: global: Decode: Decoded add instruction: 0x7d0a1a14
 676750: system.cpu: A0 T0 : 0x1002480c @__tunable_get_val+12    : add        r8, r10, r3     : IntAlu :  D=0x00000000100a9dc8  flags=(IsInteger)
 677000: global: Decode: Decoded lwz instruction: 0x81280008
 677000: system.cpu: A0 T0 : 0x10024810 @__tunable_get_val+16    : lwz        r9, 8(r8)       : MemRead :  D=0x0000000000000000 A=0x100a9dd0  flags=(IsInteger|IsLoad)
 677250: global: Decode: Decoded cmpli instruction: 0x2b890001
 677250: system.cpu: A0 T0 : 0x10024814 @__tunable_get_val+20    : cmplwi     cr7, r9, 1      : IntAlu :  D=0x0000000042002028  flags=(IsInteger)
 677500: global: Decode: Decoded bc instruction: 0x419e0014
 677500: system.cpu: A0 T0 : 0x10024818 @__tunable_get_val+24    : bc         30, 12, 0x1002482c : IntAlu :  D=0x0000000000000000  flags=(IsInteger|IsControl|IsDirectControl|IsCondControl)
 677750: global: Decode: Decoded cmpi instruction: 0x2f890000
 677750: system.cpu: A0 T0 : 0x1002481c @__tunable_get_val+28    : cmpwi      cr7, r9, 0      : IntAlu :  D=0x0000000042002022  flags=(IsInteger)
 678000: global: Decode: Decoded bc instruction: 0x419e00a0
 678000: system.cpu: A0 T0 : 0x10024820 @__tunable_get_val+32    : bc         30, 12, 0x100248c0 : IntAlu :  D=0x0000000000000000  flags=(IsInteger|IsControl|IsDirectControl|IsCondControl)
 678250: global: Decode: Decoded ld instruction: 0xe9280020
 678250: system.cpu: A0 T0 : 0x100248c0 @__tunable_get_val+192    : ld         r9, 32(r8)      : MemRead :  D=0x0000000000000000 A=0x100a9de8  flags=(IsInteger|IsLoad)
 678500: global: Decode: Decoded stw instruction: 0x91240000
 678500: system.cpu: A0 T0 : 0x100248c4 @__tunable_get_val+196    : stw        r9, 0(r4)       : MemWrite :  D=0x0000000000000000 A=0x7fffffffe5c0  flags=(IsInteger|IsStore)
 678750: global: Decode: Decoded b instruction: 0x4bffff70
 678750: system.cpu: A0 T0 : 0x100248c8 @__tunable_get_val+200    : b          0x10024838      : IntAlu :   flags=(IsControl|IsDirectControl|IsUncondControl)
 679000: global: Decode: Decoded add instruction: 0x7d2a1a14
 679000: system.cpu: A0 T0 : 0x10024838 @__tunable_get_val+56    : add        r9, r10, r3     : IntAlu :  D=0x00000000100a9dc8  flags=(IsInteger)
 679250: global: Decode: Decoded lbz instruction: 0x89290028
 679250: system.cpu: A0 T0 : 0x1002483c @__tunable_get_val+60    : lbz        r9, 40(r9)      : MemRead :  D=0x0000000000000000 A=0x100a9df0  flags=(IsInteger|IsLoad)
 679500: global: Decode: Decoded cmpi instruction: 0x2f890000
 679500: system.cpu: A0 T0 : 0x10024840 @__tunable_get_val+64    : cmpwi      cr7, r9, 0      : IntAlu :  D=0x0000000042002022  flags=(IsInteger)
 679750: global: Decode: Decoded bclr instruction: 0x4d9e0020
 679750: system.cpu: A0 T0 : 0x10024844 @__tunable_get_val+68    : bclr       30, 12          : IntAlu :  D=0x0000000000000000  flags=(IsInteger|IsControl|IsIndirectControl|IsCondControl|IsReturn)
 680000: global: Decode: Decoded ori instruction: 0x60000000
 680000: system.cpu: A0 T0 : 0x10014d38 @ptmalloc_init+152    : nop                        : IntAlu :  D=0x000000001001a040  flags=(IsInteger)
 680250: global: Decode: Decoded addis instruction: 0x3ca2ffff
 680250: system.cpu: A0 T0 : 0x10014d3c @ptmalloc_init+156    : subis      r5, r2, 1       : IntAlu :  D=0x00000000100a7d00  flags=(IsInteger)
 680500: global: Decode: Decoded addi instruction: 0x38810070
 680500: system.cpu: A0 T0 : 0x10014d40 @ptmalloc_init+160    : addi       r4, r1, 112     : IntAlu :  D=0x00007fffffffe5c0  flags=(IsInteger)
 680750: global: Decode: Decoded addi instruction: 0x38a545e0
 680750: system.cpu: A0 T0 : 0x10014d44 @ptmalloc_init+164    : addi       r5, r5, 17888   : IntAlu :  D=0x00000000100ac2e0  flags=(IsInteger)
 681000: global: Decode: Decoded addi instruction: 0x38600006
 681000: system.cpu: A0 T0 : 0x10014d48 @ptmalloc_init+168    : li         r3, 6           : IntAlu :  D=0x0000000000000006  flags=(IsInteger)
 681250: global: Decode: Decoded b instruction: 0x4800fab5
 681250: system.cpu: A0 T0 : 0x10014d4c @ptmalloc_init+172    : bl         __tunable_get_val : IntAlu :  D=0x0000000010014d50  flags=(IsInteger|IsControl|IsDirectControl|IsUncondControl)
 681500: global: Decode: Decoded mulli instruction: 0x1c630038
 681500: system.cpu: A0 T0 : 0x10024800 @__tunable_get_val    : mulli      r3, r3, 56      : IntAlu :  D=0x0000000000000150  flags=(IsInteger)
 681750: global: Decode: Decoded addis instruction: 0x3d42ffff
 681750: system.cpu: A0 T0 : 0x10024804 @__tunable_get_val+4    : subis      r10, r2, 1      : IntAlu :  D=0x00000000100a7d00  flags=(IsInteger)
 682000: global: Decode: Decoded addi instruction: 0x394a1ca0
 682000: system.cpu: A0 T0 : 0x10024808 @__tunable_get_val+8    : addi       r10, r10, 7328  : IntAlu :  D=0x00000000100a99a0  flags=(IsInteger)
 682250: global: Decode: Decoded add instruction: 0x7d0a1a14
 682250: system.cpu: A0 T0 : 0x1002480c @__tunable_get_val+12    : add        r8, r10, r3     : IntAlu :  D=0x00000000100a9af0  flags=(IsInteger)
 682500: global: Decode: Decoded lwz instruction: 0x81280008
 682500: system.cpu: A0 T0 : 0x10024810 @__tunable_get_val+16    : lwz        r9, 8(r8)       : MemRead :  D=0x0000000000000002 A=0x100a9af8  flags=(IsInteger|IsLoad)
 682750: global: Decode: Decoded cmpli instruction: 0x2b890001
 682750: system.cpu: A0 T0 : 0x10024814 @__tunable_get_val+20    : cmplwi     cr7, r9, 1      : IntAlu :  D=0x0000000042002024  flags=(IsInteger)
 683000: global: Decode: Decoded bc instruction: 0x419e0014
 683000: system.cpu: A0 T0 : 0x10024818 @__tunable_get_val+24    : bc         30, 12, 0x1002482c : IntAlu :  D=0x0000000000000000  flags=(IsInteger|IsControl|IsDirectControl|IsCondControl)
 683250: global: Decode: Decoded cmpi instruction: 0x2f890000
 683250: system.cpu: A0 T0 : 0x1002481c @__tunable_get_val+28    : cmpwi      cr7, r9, 0      : IntAlu :  D=0x0000000042002024  flags=(IsInteger)
 683500: global: Decode: Decoded bc instruction: 0x419e00a0
 683500: system.cpu: A0 T0 : 0x10024820 @__tunable_get_val+32    : bc         30, 12, 0x100248c0 : IntAlu :  D=0x0000000000000000  flags=(IsInteger|IsControl|IsDirectControl|IsCondControl)
 683750: global: Decode: Decoded cmpli instruction: 0x2b890002
 683750: system.cpu: A0 T0 : 0x10024824 @__tunable_get_val+36    : cmplwi     cr7, r9, 2      : IntAlu :  D=0x0000000042002022  flags=(IsInteger)
 684000: global: Decode: Decoded bc instruction: 0x409e0078
 684000: system.cpu: A0 T0 : 0x10024828 @__tunable_get_val+40    : bc         30, 4, 0x100248a0 : IntAlu :  D=0x0000000000000000  flags=(IsInteger|IsControl|IsDirectControl|IsCondControl)
 684250: global: Decode: Decoded add instruction: 0x7d2a1a14
 684250: system.cpu: A0 T0 : 0x1002482c @__tunable_get_val+44    : add        r9, r10, r3     : IntAlu :  D=0x00000000100a9af0  flags=(IsInteger)
 684500: global: Decode: Decoded ld instruction: 0xe9290020
 684500: system.cpu: A0 T0 : 0x10024830 @__tunable_get_val+48    : ld         r9, 32(r9)      : MemRead :  D=0x0000000000000000 A=0x100a9b10  flags=(IsInteger|IsLoad)
 684750: global: Decode: Decoded std instruction: 0xf9240000
 684750: system.cpu: A0 T0 : 0x10024834 @__tunable_get_val+52    : std        r9, 0(r4)       : MemWrite :  D=0x0000000000000000 A=0x7fffffffe5c0  flags=(IsInteger|IsStore)
 685000: global: Decode: Decoded add instruction: 0x7d2a1a14
 685000: system.cpu: A0 T0 : 0x10024838 @__tunable_get_val+56    : add        r9, r10, r3     : IntAlu :  D=0x00000000100a9af0  flags=(IsInteger)
 685250: global: Decode: Decoded lbz instruction: 0x89290028
 685250: system.cpu: A0 T0 : 0x1002483c @__tunable_get_val+60    : lbz        r9, 40(r9)      : MemRead :  D=0x0000000000000000 A=0x100a9b18  flags=(IsInteger|IsLoad)
 685500: global: Decode: Decoded cmpi instruction: 0x2f890000
 685500: system.cpu: A0 T0 : 0x10024840 @__tunable_get_val+64    : cmpwi      cr7, r9, 0      : IntAlu :  D=0x0000000042002022  flags=(IsInteger)
 685750: global: Decode: Decoded bclr instruction: 0x4d9e0020
 685750: system.cpu: A0 T0 : 0x10024844 @__tunable_get_val+68    : bclr       30, 12          : IntAlu :  D=0x0000000000000000  flags=(IsInteger|IsControl|IsIndirectControl|IsCondControl|IsReturn)
 686000: global: Decode: Decoded ori instruction: 0x60000000
 686000: system.cpu: A0 T0 : 0x10014d50 @ptmalloc_init+176    : nop                        : IntAlu :  D=0x000000001001a040  flags=(IsInteger)
 686250: global: Decode: Decoded addis instruction: 0x3ca2ffff
 686250: system.cpu: A0 T0 : 0x10014d54 @ptmalloc_init+180    : subis      r5, r2, 1       : IntAlu :  D=0x00000000100a7d00  flags=(IsInteger)
 686500: global: Decode: Decoded addi instruction: 0x38810070
 686500: system.cpu: A0 T0 : 0x10014d58 @ptmalloc_init+184    : addi       r4, r1, 112     : IntAlu :  D=0x00007fffffffe5c0  flags=(IsInteger)
 686750: global: Decode: Decoded addi instruction: 0x38a545f8
 686750: system.cpu: A0 T0 : 0x10014d5c @ptmalloc_init+188    : addi       r5, r5, 17912   : IntAlu :  D=0x00000000100ac2f8  flags=(IsInteger)
 687000: global: Decode: Decoded addi instruction: 0x38600002
 687000: system.cpu: A0 T0 : 0x10014d60 @ptmalloc_init+192    : li         r3, 2           : IntAlu :  D=0x0000000000000002  flags=(IsInteger)
 687250: global: Decode: Decoded b instruction: 0x4800fa9d
 687250: system.cpu: A0 T0 : 0x10014d64 @ptmalloc_init+196    : bl         __tunable_get_val : IntAlu :  D=0x0000000010014d68  flags=(IsInteger|IsControl|IsDirectControl|IsUncondControl)
 687500: global: Decode: Decoded mulli instruction: 0x1c630038
 687500: system.cpu: A0 T0 : 0x10024800 @__tunable_get_val    : mulli      r3, r3, 56      : IntAlu :  D=0x0000000000000070  flags=(IsInteger)
 687750: global: Decode: Decoded addis instruction: 0x3d42ffff
 687750: system.cpu: A0 T0 : 0x10024804 @__tunable_get_val+4    : subis      r10, r2, 1      : IntAlu :  D=0x00000000100a7d00  flags=(IsInteger)
 688000: global: Decode: Decoded addi instruction: 0x394a1ca0
 688000: system.cpu: A0 T0 : 0x10024808 @__tunable_get_val+8    : addi       r10, r10, 7328  : IntAlu :  D=0x00000000100a99a0  flags=(IsInteger)
 688250: global: Decode: Decoded add instruction: 0x7d0a1a14
 688250: system.cpu: A0 T0 : 0x1002480c @__tunable_get_val+12    : add        r8, r10, r3     : IntAlu :  D=0x00000000100a9a10  flags=(IsInteger)
 688500: global: Decode: Decoded lwz instruction: 0x81280008
 688500: system.cpu: A0 T0 : 0x10024810 @__tunable_get_val+16    : lwz        r9, 8(r8)       : MemRead :  D=0x0000000000000000 A=0x100a9a18  flags=(IsInteger|IsLoad)
 688750: global: Decode: Decoded cmpli instruction: 0x2b890001
 688750: system.cpu: A0 T0 : 0x10024814 @__tunable_get_val+20    : cmplwi     cr7, r9, 1      : IntAlu :  D=0x0000000042002028  flags=(IsInteger)
 689000: global: Decode: Decoded bc instruction: 0x419e0014
 689000: system.cpu: A0 T0 : 0x10024818 @__tunable_get_val+24    : bc         30, 12, 0x1002482c : IntAlu :  D=0x0000000000000000  flags=(IsInteger|IsControl|IsDirectControl|IsCondControl)
 689250: global: Decode: Decoded cmpi instruction: 0x2f890000
 689250: system.cpu: A0 T0 : 0x1002481c @__tunable_get_val+28    : cmpwi      cr7, r9, 0      : IntAlu :  D=0x0000000042002022  flags=(IsInteger)
 689500: global: Decode: Decoded bc instruction: 0x419e00a0
 689500: system.cpu: A0 T0 : 0x10024820 @__tunable_get_val+32    : bc         30, 12, 0x100248c0 : IntAlu :  D=0x0000000000000000  flags=(IsInteger|IsControl|IsDirectControl|IsCondControl)
 689750: global: Decode: Decoded ld instruction: 0xe9280020
 689750: system.cpu: A0 T0 : 0x100248c0 @__tunable_get_val+192    : ld         r9, 32(r8)      : MemRead :  D=0x0000000000000000 A=0x100a9a30  flags=(IsInteger|IsLoad)
 690000: global: Decode: Decoded stw instruction: 0x91240000
 690000: system.cpu: A0 T0 : 0x100248c4 @__tunable_get_val+196    : stw        r9, 0(r4)       : MemWrite :  D=0x0000000000000000 A=0x7fffffffe5c0  flags=(IsInteger|IsStore)
 690250: global: Decode: Decoded b instruction: 0x4bffff70
 690250: system.cpu: A0 T0 : 0x100248c8 @__tunable_get_val+200    : b          0x10024838      : IntAlu :   flags=(IsControl|IsDirectControl|IsUncondControl)
 690500: global: Decode: Decoded add instruction: 0x7d2a1a14
 690500: system.cpu: A0 T0 : 0x10024838 @__tunable_get_val+56    : add        r9, r10, r3     : IntAlu :  D=0x00000000100a9a10  flags=(IsInteger)
 690750: global: Decode: Decoded lbz instruction: 0x89290028
 690750: system.cpu: A0 T0 : 0x1002483c @__tunable_get_val+60    : lbz        r9, 40(r9)      : MemRead :  D=0x0000000000000000 A=0x100a9a38  flags=(IsInteger|IsLoad)
 691000: global: Decode: Decoded cmpi instruction: 0x2f890000
 691000: system.cpu: A0 T0 : 0x10024840 @__tunable_get_val+64    : cmpwi      cr7, r9, 0      : IntAlu :  D=0x0000000042002022  flags=(IsInteger)
 691250: global: Decode: Decoded bclr instruction: 0x4d9e0020
 691250: system.cpu: A0 T0 : 0x10024844 @__tunable_get_val+68    : bclr       30, 12          : IntAlu :  D=0x0000000000000000  flags=(IsInteger|IsControl|IsIndirectControl|IsCondControl|IsReturn)
 691500: global: Decode: Decoded ori instruction: 0x60000000
 691500: system.cpu: A0 T0 : 0x10014d68 @ptmalloc_init+200    : nop                        : IntAlu :  D=0x000000001001a040  flags=(IsInteger)
 691750: global: Decode: Decoded addis instruction: 0x3ca2ffff
 691750: system.cpu: A0 T0 : 0x10014d6c @ptmalloc_init+204    : subis      r5, r2, 1       : IntAlu :  D=0x00000000100a7d00  flags=(IsInteger)
 692000: global: Decode: Decoded addi instruction: 0x38810070
 692000: system.cpu: A0 T0 : 0x10014d70 @ptmalloc_init+208    : addi       r4, r1, 112     : IntAlu :  D=0x00007fffffffe5c0  flags=(IsInteger)
 692250: global: Decode: Decoded addi instruction: 0x38a545b0
 692250: system.cpu: A0 T0 : 0x10014d74 @ptmalloc_init+212    : addi       r5, r5, 17840   : IntAlu :  D=0x00000000100ac2b0  flags=(IsInteger)
 692500: global: Decode: Decoded addi instruction: 0x3860000d
 692500: system.cpu: A0 T0 : 0x10014d78 @ptmalloc_init+216    : li         r3, 13          : IntAlu :  D=0x000000000000000d  flags=(IsInteger)
 692750: global: Decode: Decoded b instruction: 0x4800fa85
 692750: system.cpu: A0 T0 : 0x10014d7c @ptmalloc_init+220    : bl         __tunable_get_val : IntAlu :  D=0x0000000010014d80  flags=(IsInteger|IsControl|IsDirectControl|IsUncondControl)
 693000: global: Decode: Decoded mulli instruction: 0x1c630038
 693000: system.cpu: A0 T0 : 0x10024800 @__tunable_get_val    : mulli      r3, r3, 56      : IntAlu :  D=0x00000000000002d8  flags=(IsInteger)
 693250: global: Decode: Decoded addis instruction: 0x3d42ffff
 693250: system.cpu: A0 T0 : 0x10024804 @__tunable_get_val+4    : subis      r10, r2, 1      : IntAlu :  D=0x00000000100a7d00  flags=(IsInteger)
 693500: global: Decode: Decoded addi instruction: 0x394a1ca0
 693500: system.cpu: A0 T0 : 0x10024808 @__tunable_get_val+8    : addi       r10, r10, 7328  : IntAlu :  D=0x00000000100a99a0  flags=(IsInteger)
 693750: global: Decode: Decoded add instruction: 0x7d0a1a14
 693750: system.cpu: A0 T0 : 0x1002480c @__tunable_get_val+12    : add        r8, r10, r3     : IntAlu :  D=0x00000000100a9c78  flags=(IsInteger)
 694000: global: Decode: Decoded lwz instruction: 0x81280008
 694000: system.cpu: A0 T0 : 0x10024810 @__tunable_get_val+16    : lwz        r9, 8(r8)       : MemRead :  D=0x0000000000000002 A=0x100a9c80  flags=(IsInteger|IsLoad)
 694250: global: Decode: Decoded cmpli instruction: 0x2b890001
 694250: system.cpu: A0 T0 : 0x10024814 @__tunable_get_val+20    : cmplwi     cr7, r9, 1      : IntAlu :  D=0x0000000042002024  flags=(IsInteger)
 694500: global: Decode: Decoded bc instruction: 0x419e0014
 694500: system.cpu: A0 T0 : 0x10024818 @__tunable_get_val+24    : bc         30, 12, 0x1002482c : IntAlu :  D=0x0000000000000000  flags=(IsInteger|IsControl|IsDirectControl|IsCondControl)
 694750: global: Decode: Decoded cmpi instruction: 0x2f890000
 694750: system.cpu: A0 T0 : 0x1002481c @__tunable_get_val+28    : cmpwi      cr7, r9, 0      : IntAlu :  D=0x0000000042002024  flags=(IsInteger)
 695000: global: Decode: Decoded bc instruction: 0x419e00a0
 695000: system.cpu: A0 T0 : 0x10024820 @__tunable_get_val+32    : bc         30, 12, 0x100248c0 : IntAlu :  D=0x0000000000000000  flags=(IsInteger|IsControl|IsDirectControl|IsCondControl)
 695250: global: Decode: Decoded cmpli instruction: 0x2b890002
 695250: system.cpu: A0 T0 : 0x10024824 @__tunable_get_val+36    : cmplwi     cr7, r9, 2      : IntAlu :  D=0x0000000042002022  flags=(IsInteger)
 695500: global: Decode: Decoded bc instruction: 0x409e0078
 695500: system.cpu: A0 T0 : 0x10024828 @__tunable_get_val+40    : bc         30, 4, 0x100248a0 : IntAlu :  D=0x0000000000000000  flags=(IsInteger|IsControl|IsDirectControl|IsCondControl)
 695750: global: Decode: Decoded add instruction: 0x7d2a1a14
 695750: system.cpu: A0 T0 : 0x1002482c @__tunable_get_val+44    : add        r9, r10, r3     : IntAlu :  D=0x00000000100a9c78  flags=(IsInteger)
 696000: global: Decode: Decoded ld instruction: 0xe9290020
 696000: system.cpu: A0 T0 : 0x10024830 @__tunable_get_val+48    : ld         r9, 32(r9)      : MemRead :  D=0x0000000000000000 A=0x100a9c98  flags=(IsInteger|IsLoad)
 696250: global: Decode: Decoded std instruction: 0xf9240000
 696250: system.cpu: A0 T0 : 0x10024834 @__tunable_get_val+52    : std        r9, 0(r4)       : MemWrite :  D=0x0000000000000000 A=0x7fffffffe5c0  flags=(IsInteger|IsStore)
 696500: global: Decode: Decoded add instruction: 0x7d2a1a14
 696500: system.cpu: A0 T0 : 0x10024838 @__tunable_get_val+56    : add        r9, r10, r3     : IntAlu :  D=0x00000000100a9c78  flags=(IsInteger)
 696750: global: Decode: Decoded lbz instruction: 0x89290028
 696750: system.cpu: A0 T0 : 0x1002483c @__tunable_get_val+60    : lbz        r9, 40(r9)      : MemRead :  D=0x0000000000000000 A=0x100a9ca0  flags=(IsInteger|IsLoad)
 697000: global: Decode: Decoded cmpi instruction: 0x2f890000
 697000: system.cpu: A0 T0 : 0x10024840 @__tunable_get_val+64    : cmpwi      cr7, r9, 0      : IntAlu :  D=0x0000000042002022  flags=(IsInteger)
 697250: global: Decode: Decoded bclr instruction: 0x4d9e0020
 697250: system.cpu: A0 T0 : 0x10024844 @__tunable_get_val+68    : bclr       30, 12          : IntAlu :  D=0x0000000000000000  flags=(IsInteger|IsControl|IsIndirectControl|IsCondControl|IsReturn)
 697500: global: Decode: Decoded ori instruction: 0x60000000
 697500: system.cpu: A0 T0 : 0x10014d80 @ptmalloc_init+224    : nop                        : IntAlu :  D=0x000000001001a040  flags=(IsInteger)
 697750: global: Decode: Decoded addis instruction: 0x3ca2ffff
 697750: system.cpu: A0 T0 : 0x10014d84 @ptmalloc_init+228    : subis      r5, r2, 1       : IntAlu :  D=0x00000000100a7d00  flags=(IsInteger)
 698000: global: Decode: Decoded addi instruction: 0x38810070
 698000: system.cpu: A0 T0 : 0x10014d88 @ptmalloc_init+232    : addi       r4, r1, 112     : IntAlu :  D=0x00007fffffffe5c0  flags=(IsInteger)
 698250: global: Decode: Decoded addi instruction: 0x38a54610
 698250: system.cpu: A0 T0 : 0x10014d8c @ptmalloc_init+236    : addi       r5, r5, 17936   : IntAlu :  D=0x00000000100ac310  flags=(IsInteger)
 698500: global: Decode: Decoded addi instruction: 0x38600001
 698500: system.cpu: A0 T0 : 0x10014d90 @ptmalloc_init+240    : li         r3, 1           : IntAlu :  D=0x0000000000000001  flags=(IsInteger)
 698750: global: Decode: Decoded b instruction: 0x4800fa6d
 698750: system.cpu: A0 T0 : 0x10014d94 @ptmalloc_init+244    : bl         __tunable_get_val : IntAlu :  D=0x0000000010014d98  flags=(IsInteger|IsControl|IsDirectControl|IsUncondControl)
 699000: global: Decode: Decoded mulli instruction: 0x1c630038
 699000: system.cpu: A0 T0 : 0x10024800 @__tunable_get_val    : mulli      r3, r3, 56      : IntAlu :  D=0x0000000000000038  flags=(IsInteger)
 699250: global: Decode: Decoded addis instruction: 0x3d42ffff
 699250: system.cpu: A0 T0 : 0x10024804 @__tunable_get_val+4    : subis      r10, r2, 1      : IntAlu :  D=0x00000000100a7d00  flags=(IsInteger)
 699500: global: Decode: Decoded addi instruction: 0x394a1ca0
 699500: system.cpu: A0 T0 : 0x10024808 @__tunable_get_val+8    : addi       r10, r10, 7328  : IntAlu :  D=0x00000000100a99a0  flags=(IsInteger)
 699750: global: Decode: Decoded add instruction: 0x7d0a1a14
 699750: system.cpu: A0 T0 : 0x1002480c @__tunable_get_val+12    : add        r8, r10, r3     : IntAlu :  D=0x00000000100a99d8  flags=(IsInteger)
 700000: global: Decode: Decoded lwz instruction: 0x81280008
 700000: system.cpu: A0 T0 : 0x10024810 @__tunable_get_val+16    : lwz        r9, 8(r8)       : MemRead :  D=0x0000000000000002 A=0x100a99e0  flags=(IsInteger|IsLoad)
 700250: global: Decode: Decoded cmpli instruction: 0x2b890001
 700250: system.cpu: A0 T0 : 0x10024814 @__tunable_get_val+20    : cmplwi     cr7, r9, 1      : IntAlu :  D=0x0000000042002024  flags=(IsInteger)
 700500: global: Decode: Decoded bc instruction: 0x419e0014
 700500: system.cpu: A0 T0 : 0x10024818 @__tunable_get_val+24    : bc         30, 12, 0x1002482c : IntAlu :  D=0x0000000000000000  flags=(IsInteger|IsControl|IsDirectControl|IsCondControl)
 700750: global: Decode: Decoded cmpi instruction: 0x2f890000
 700750: system.cpu: A0 T0 : 0x1002481c @__tunable_get_val+28    : cmpwi      cr7, r9, 0      : IntAlu :  D=0x0000000042002024  flags=(IsInteger)
 701000: global: Decode: Decoded bc instruction: 0x419e00a0
 701000: system.cpu: A0 T0 : 0x10024820 @__tunable_get_val+32    : bc         30, 12, 0x100248c0 : IntAlu :  D=0x0000000000000000  flags=(IsInteger|IsControl|IsDirectControl|IsCondControl)
 701250: global: Decode: Decoded cmpli instruction: 0x2b890002
 701250: system.cpu: A0 T0 : 0x10024824 @__tunable_get_val+36    : cmplwi     cr7, r9, 2      : IntAlu :  D=0x0000000042002022  flags=(IsInteger)
 701500: global: Decode: Decoded bc instruction: 0x409e0078
 701500: system.cpu: A0 T0 : 0x10024828 @__tunable_get_val+40    : bc         30, 4, 0x100248a0 : IntAlu :  D=0x0000000000000000  flags=(IsInteger|IsControl|IsDirectControl|IsCondControl)
 701750: global: Decode: Decoded add instruction: 0x7d2a1a14
 701750: system.cpu: A0 T0 : 0x1002482c @__tunable_get_val+44    : add        r9, r10, r3     : IntAlu :  D=0x00000000100a99d8  flags=(IsInteger)
 702000: global: Decode: Decoded ld instruction: 0xe9290020
 702000: system.cpu: A0 T0 : 0x10024830 @__tunable_get_val+48    : ld         r9, 32(r9)      : MemRead :  D=0x0000000000000000 A=0x100a99f8  flags=(IsInteger|IsLoad)
 702250: global: Decode: Decoded std instruction: 0xf9240000
 702250: system.cpu: A0 T0 : 0x10024834 @__tunable_get_val+52    : std        r9, 0(r4)       : MemWrite :  D=0x0000000000000000 A=0x7fffffffe5c0  flags=(IsInteger|IsStore)
 702500: global: Decode: Decoded add instruction: 0x7d2a1a14
 702500: system.cpu: A0 T0 : 0x10024838 @__tunable_get_val+56    : add        r9, r10, r3     : IntAlu :  D=0x00000000100a99d8  flags=(IsInteger)
 702750: global: Decode: Decoded lbz instruction: 0x89290028
 702750: system.cpu: A0 T0 : 0x1002483c @__tunable_get_val+60    : lbz        r9, 40(r9)      : MemRead :  D=0x0000000000000000 A=0x100a9a00  flags=(IsInteger|IsLoad)
 703000: global: Decode: Decoded cmpi instruction: 0x2f890000
 703000: system.cpu: A0 T0 : 0x10024840 @__tunable_get_val+64    : cmpwi      cr7, r9, 0      : IntAlu :  D=0x0000000042002022  flags=(IsInteger)
 703250: global: Decode: Decoded bclr instruction: 0x4d9e0020
 703250: system.cpu: A0 T0 : 0x10024844 @__tunable_get_val+68    : bclr       30, 12          : IntAlu :  D=0x0000000000000000  flags=(IsInteger|IsControl|IsIndirectControl|IsCondControl|IsReturn)
 703500: global: Decode: Decoded ori instruction: 0x60000000
 703500: system.cpu: A0 T0 : 0x10014d98 @ptmalloc_init+248    : nop                        : IntAlu :  D=0x000000001001a040  flags=(IsInteger)
 703750: global: Decode: Decoded addis instruction: 0x3ca2ffff
 703750: system.cpu: A0 T0 : 0x10014d9c @ptmalloc_init+252    : subis      r5, r2, 1       : IntAlu :  D=0x00000000100a7d00  flags=(IsInteger)
 704000: global: Decode: Decoded addi instruction: 0x38810070
 704000: system.cpu: A0 T0 : 0x10014da0 @ptmalloc_init+256    : addi       r4, r1, 112     : IntAlu :  D=0x00007fffffffe5c0  flags=(IsInteger)
 704250: global: Decode: Decoded addi instruction: 0x38a545c8
 704250: system.cpu: A0 T0 : 0x10014da4 @ptmalloc_init+260    : addi       r5, r5, 17864   : IntAlu :  D=0x00000000100ac2c8  flags=(IsInteger)
 704500: global: Decode: Decoded addi instruction: 0x38600008
 704500: system.cpu: A0 T0 : 0x10014da8 @ptmalloc_init+264    : li         r3, 8           : IntAlu :  D=0x0000000000000008  flags=(IsInteger)
 704750: global: Decode: Decoded b instruction: 0x4800fa55
 704750: system.cpu: A0 T0 : 0x10014dac @ptmalloc_init+268    : bl         __tunable_get_val : IntAlu :  D=0x0000000010014db0  flags=(IsInteger|IsControl|IsDirectControl|IsUncondControl)
 705000: global: Decode: Decoded mulli instruction: 0x1c630038
 705000: system.cpu: A0 T0 : 0x10024800 @__tunable_get_val    : mulli      r3, r3, 56      : IntAlu :  D=0x00000000000001c0  flags=(IsInteger)
 705250: global: Decode: Decoded addis instruction: 0x3d42ffff
 705250: system.cpu: A0 T0 : 0x10024804 @__tunable_get_val+4    : subis      r10, r2, 1      : IntAlu :  D=0x00000000100a7d00  flags=(IsInteger)
 705500: global: Decode: Decoded addi instruction: 0x394a1ca0
 705500: system.cpu: A0 T0 : 0x10024808 @__tunable_get_val+8    : addi       r10, r10, 7328  : IntAlu :  D=0x00000000100a99a0  flags=(IsInteger)
 705750: global: Decode: Decoded add instruction: 0x7d0a1a14
 705750: system.cpu: A0 T0 : 0x1002480c @__tunable_get_val+12    : add        r8, r10, r3     : IntAlu :  D=0x00000000100a9b60  flags=(IsInteger)
 706000: global: Decode: Decoded lwz instruction: 0x81280008
 706000: system.cpu: A0 T0 : 0x10024810 @__tunable_get_val+16    : lwz        r9, 8(r8)       : MemRead :  D=0x0000000000000000 A=0x100a9b68  flags=(IsInteger|IsLoad)
 706250: global: Decode: Decoded cmpli instruction: 0x2b890001
 706250: system.cpu: A0 T0 : 0x10024814 @__tunable_get_val+20    : cmplwi     cr7, r9, 1      : IntAlu :  D=0x0000000042002028  flags=(IsInteger)
 706500: global: Decode: Decoded bc instruction: 0x419e0014
 706500: system.cpu: A0 T0 : 0x10024818 @__tunable_get_val+24    : bc         30, 12, 0x1002482c : IntAlu :  D=0x0000000000000000  flags=(IsInteger|IsControl|IsDirectControl|IsCondControl)
 706750: global: Decode: Decoded cmpi instruction: 0x2f890000
 706750: system.cpu: A0 T0 : 0x1002481c @__tunable_get_val+28    : cmpwi      cr7, r9, 0      : IntAlu :  D=0x0000000042002022  flags=(IsInteger)
 707000: global: Decode: Decoded bc instruction: 0x419e00a0
 707000: system.cpu: A0 T0 : 0x10024820 @__tunable_get_val+32    : bc         30, 12, 0x100248c0 : IntAlu :  D=0x0000000000000000  flags=(IsInteger|IsControl|IsDirectControl|IsCondControl)
 707250: global: Decode: Decoded ld instruction: 0xe9280020
 707250: system.cpu: A0 T0 : 0x100248c0 @__tunable_get_val+192    : ld         r9, 32(r8)      : MemRead :  D=0x0000000000000000 A=0x100a9b80  flags=(IsInteger|IsLoad)
 707500: global: Decode: Decoded stw instruction: 0x91240000
 707500: system.cpu: A0 T0 : 0x100248c4 @__tunable_get_val+196    : stw        r9, 0(r4)       : MemWrite :  D=0x0000000000000000 A=0x7fffffffe5c0  flags=(IsInteger|IsStore)
 707750: global: Decode: Decoded b instruction: 0x4bffff70
 707750: system.cpu: A0 T0 : 0x100248c8 @__tunable_get_val+200    : b          0x10024838      : IntAlu :   flags=(IsControl|IsDirectControl|IsUncondControl)
 708000: global: Decode: Decoded add instruction: 0x7d2a1a14
 708000: system.cpu: A0 T0 : 0x10024838 @__tunable_get_val+56    : add        r9, r10, r3     : IntAlu :  D=0x00000000100a9b60  flags=(IsInteger)
 708250: global: Decode: Decoded lbz instruction: 0x89290028
 708250: system.cpu: A0 T0 : 0x1002483c @__tunable_get_val+60    : lbz        r9, 40(r9)      : MemRead :  D=0x0000000000000000 A=0x100a9b88  flags=(IsInteger|IsLoad)
 708500: global: Decode: Decoded cmpi instruction: 0x2f890000
 708500: system.cpu: A0 T0 : 0x10024840 @__tunable_get_val+64    : cmpwi      cr7, r9, 0      : IntAlu :  D=0x0000000042002022  flags=(IsInteger)
 708750: global: Decode: Decoded bclr instruction: 0x4d9e0020
 708750: system.cpu: A0 T0 : 0x10024844 @__tunable_get_val+68    : bclr       30, 12          : IntAlu :  D=0x0000000000000000  flags=(IsInteger|IsControl|IsIndirectControl|IsCondControl|IsReturn)
 709000: global: Decode: Decoded ori instruction: 0x60000000
 709000: system.cpu: A0 T0 : 0x10014db0 @ptmalloc_init+272    : nop                        : IntAlu :  D=0x000000001001a040  flags=(IsInteger)
 709250: global: Decode: Decoded addis instruction: 0x3ca2ffff
 709250: system.cpu: A0 T0 : 0x10014db4 @ptmalloc_init+276    : subis      r5, r2, 1       : IntAlu :  D=0x00000000100a7d00  flags=(IsInteger)
 709500: global: Decode: Decoded addi instruction: 0x38810070
 709500: system.cpu: A0 T0 : 0x10014db8 @ptmalloc_init+280    : addi       r4, r1, 112     : IntAlu :  D=0x00007fffffffe5c0  flags=(IsInteger)
 709750: global: Decode: Decoded addi instruction: 0x38a54628
 709750: system.cpu: A0 T0 : 0x10014dbc @ptmalloc_init+284    : addi       r5, r5, 17960   : IntAlu :  D=0x00000000100ac328  flags=(IsInteger)
 710000: global: Decode: Decoded addi instruction: 0x3860000c
 710000: system.cpu: A0 T0 : 0x10014dc0 @ptmalloc_init+288    : li         r3, 12          : IntAlu :  D=0x000000000000000c  flags=(IsInteger)
 710250: global: Decode: Decoded b instruction: 0x4800fa3d
 710250: system.cpu: A0 T0 : 0x10014dc4 @ptmalloc_init+292    : bl         __tunable_get_val : IntAlu :  D=0x0000000010014dc8  flags=(IsInteger|IsControl|IsDirectControl|IsUncondControl)
 710500: global: Decode: Decoded mulli instruction: 0x1c630038
 710500: system.cpu: A0 T0 : 0x10024800 @__tunable_get_val    : mulli      r3, r3, 56      : IntAlu :  D=0x00000000000002a0  flags=(IsInteger)
 710750: global: Decode: Decoded addis instruction: 0x3d42ffff
 710750: system.cpu: A0 T0 : 0x10024804 @__tunable_get_val+4    : subis      r10, r2, 1      : IntAlu :  D=0x00000000100a7d00  flags=(IsInteger)
 711000: global: Decode: Decoded addi instruction: 0x394a1ca0
 711000: system.cpu: A0 T0 : 0x10024808 @__tunable_get_val+8    : addi       r10, r10, 7328  : IntAlu :  D=0x00000000100a99a0  flags=(IsInteger)
 711250: global: Decode: Decoded add instruction: 0x7d0a1a14
 711250: system.cpu: A0 T0 : 0x1002480c @__tunable_get_val+12    : add        r8, r10, r3     : IntAlu :  D=0x00000000100a9c40  flags=(IsInteger)
 711500: global: Decode: Decoded lwz instruction: 0x81280008
 711500: system.cpu: A0 T0 : 0x10024810 @__tunable_get_val+16    : lwz        r9, 8(r8)       : MemRead :  D=0x0000000000000002 A=0x100a9c48  flags=(IsInteger|IsLoad)
 711750: global: Decode: Decoded cmpli instruction: 0x2b890001
 711750: system.cpu: A0 T0 : 0x10024814 @__tunable_get_val+20    : cmplwi     cr7, r9, 1      : IntAlu :  D=0x0000000042002024  flags=(IsInteger)
 712000: global: Decode: Decoded bc instruction: 0x419e0014
 712000: system.cpu: A0 T0 : 0x10024818 @__tunable_get_val+24    : bc         30, 12, 0x1002482c : IntAlu :  D=0x0000000000000000  flags=(IsInteger|IsControl|IsDirectControl|IsCondControl)
 712250: global: Decode: Decoded cmpi instruction: 0x2f890000
 712250: system.cpu: A0 T0 : 0x1002481c @__tunable_get_val+28    : cmpwi      cr7, r9, 0      : IntAlu :  D=0x0000000042002024  flags=(IsInteger)
 712500: global: Decode: Decoded bc instruction: 0x419e00a0
 712500: system.cpu: A0 T0 : 0x10024820 @__tunable_get_val+32    : bc         30, 12, 0x100248c0 : IntAlu :  D=0x0000000000000000  flags=(IsInteger|IsControl|IsDirectControl|IsCondControl)
 712750: global: Decode: Decoded cmpli instruction: 0x2b890002
 712750: system.cpu: A0 T0 : 0x10024824 @__tunable_get_val+36    : cmplwi     cr7, r9, 2      : IntAlu :  D=0x0000000042002022  flags=(IsInteger)
 713000: global: Decode: Decoded bc instruction: 0x409e0078
 713000: system.cpu: A0 T0 : 0x10024828 @__tunable_get_val+40    : bc         30, 4, 0x100248a0 : IntAlu :  D=0x0000000000000000  flags=(IsInteger|IsControl|IsDirectControl|IsCondControl)
 713250: global: Decode: Decoded add instruction: 0x7d2a1a14
 713250: system.cpu: A0 T0 : 0x1002482c @__tunable_get_val+44    : add        r9, r10, r3     : IntAlu :  D=0x00000000100a9c40  flags=(IsInteger)
 713500: global: Decode: Decoded ld instruction: 0xe9290020
 713500: system.cpu: A0 T0 : 0x10024830 @__tunable_get_val+48    : ld         r9, 32(r9)      : MemRead :  D=0x0000000000000000 A=0x100a9c60  flags=(IsInteger|IsLoad)
 713750: global: Decode: Decoded std instruction: 0xf9240000
 713750: system.cpu: A0 T0 : 0x10024834 @__tunable_get_val+52    : std        r9, 0(r4)       : MemWrite :  D=0x0000000000000000 A=0x7fffffffe5c0  flags=(IsInteger|IsStore)
 714000: global: Decode: Decoded add instruction: 0x7d2a1a14
 714000: system.cpu: A0 T0 : 0x10024838 @__tunable_get_val+56    : add        r9, r10, r3     : IntAlu :  D=0x00000000100a9c40  flags=(IsInteger)
 714250: global: Decode: Decoded lbz instruction: 0x89290028
 714250: system.cpu: A0 T0 : 0x1002483c @__tunable_get_val+60    : lbz        r9, 40(r9)      : MemRead :  D=0x0000000000000000 A=0x100a9c68  flags=(IsInteger|IsLoad)
 714500: global: Decode: Decoded cmpi instruction: 0x2f890000
 714500: system.cpu: A0 T0 : 0x10024840 @__tunable_get_val+64    : cmpwi      cr7, r9, 0      : IntAlu :  D=0x0000000042002022  flags=(IsInteger)
 714750: global: Decode: Decoded bclr instruction: 0x4d9e0020
 714750: system.cpu: A0 T0 : 0x10024844 @__tunable_get_val+68    : bclr       30, 12          : IntAlu :  D=0x0000000000000000  flags=(IsInteger|IsControl|IsIndirectControl|IsCondControl|IsReturn)
 715000: global: Decode: Decoded ori instruction: 0x60000000
 715000: system.cpu: A0 T0 : 0x10014dc8 @ptmalloc_init+296    : nop                        : IntAlu :  D=0x000000001001a040  flags=(IsInteger)
 715250: global: Decode: Decoded addis instruction: 0x3ca2ffff
 715250: system.cpu: A0 T0 : 0x10014dcc @ptmalloc_init+300    : subis      r5, r2, 1       : IntAlu :  D=0x00000000100a7d00  flags=(IsInteger)
 715500: global: Decode: Decoded addi instruction: 0x38810070
 715500: system.cpu: A0 T0 : 0x10014dd0 @ptmalloc_init+304    : addi       r4, r1, 112     : IntAlu :  D=0x00007fffffffe5c0  flags=(IsInteger)
 715750: global: Decode: Decoded addi instruction: 0x38a54640
 715750: system.cpu: A0 T0 : 0x10014dd4 @ptmalloc_init+308    : addi       r5, r5, 17984   : IntAlu :  D=0x00000000100ac340  flags=(IsInteger)
 716000: global: Decode: Decoded addi instruction: 0x38600010
 716000: system.cpu: A0 T0 : 0x10014dd8 @ptmalloc_init+312    : li         r3, 16          : IntAlu :  D=0x0000000000000010  flags=(IsInteger)
 716250: global: Decode: Decoded b instruction: 0x4800fa25
 716250: system.cpu: A0 T0 : 0x10014ddc @ptmalloc_init+316    : bl         __tunable_get_val : IntAlu :  D=0x0000000010014de0  flags=(IsInteger|IsControl|IsDirectControl|IsUncondControl)
 716500: global: Decode: Decoded mulli instruction: 0x1c630038
 716500: system.cpu: A0 T0 : 0x10024800 @__tunable_get_val    : mulli      r3, r3, 56      : IntAlu :  D=0x0000000000000380  flags=(IsInteger)
 716750: global: Decode: Decoded addis instruction: 0x3d42ffff
 716750: system.cpu: A0 T0 : 0x10024804 @__tunable_get_val+4    : subis      r10, r2, 1      : IntAlu :  D=0x00000000100a7d00  flags=(IsInteger)
 717000: global: Decode: Decoded addi instruction: 0x394a1ca0
 717000: system.cpu: A0 T0 : 0x10024808 @__tunable_get_val+8    : addi       r10, r10, 7328  : IntAlu :  D=0x00000000100a99a0  flags=(IsInteger)
 717250: global: Decode: Decoded add instruction: 0x7d0a1a14
 717250: system.cpu: A0 T0 : 0x1002480c @__tunable_get_val+12    : add        r8, r10, r3     : IntAlu :  D=0x00000000100a9d20  flags=(IsInteger)
 717500: global: Decode: Decoded lwz instruction: 0x81280008
 717500: system.cpu: A0 T0 : 0x10024810 @__tunable_get_val+16    : lwz        r9, 8(r8)       : MemRead :  D=0x0000000000000002 A=0x100a9d28  flags=(IsInteger|IsLoad)
 717750: global: Decode: Decoded cmpli instruction: 0x2b890001
 717750: system.cpu: A0 T0 : 0x10024814 @__tunable_get_val+20    : cmplwi     cr7, r9, 1      : IntAlu :  D=0x0000000042002024  flags=(IsInteger)
 718000: global: Decode: Decoded bc instruction: 0x419e0014
 718000: system.cpu: A0 T0 : 0x10024818 @__tunable_get_val+24    : bc         30, 12, 0x1002482c : IntAlu :  D=0x0000000000000000  flags=(IsInteger|IsControl|IsDirectControl|IsCondControl)
 718250: global: Decode: Decoded cmpi instruction: 0x2f890000
 718250: system.cpu: A0 T0 : 0x1002481c @__tunable_get_val+28    : cmpwi      cr7, r9, 0      : IntAlu :  D=0x0000000042002024  flags=(IsInteger)
 718500: global: Decode: Decoded bc instruction: 0x419e00a0
 718500: system.cpu: A0 T0 : 0x10024820 @__tunable_get_val+32    : bc         30, 12, 0x100248c0 : IntAlu :  D=0x0000000000000000  flags=(IsInteger|IsControl|IsDirectControl|IsCondControl)
 718750: global: Decode: Decoded cmpli instruction: 0x2b890002
 718750: system.cpu: A0 T0 : 0x10024824 @__tunable_get_val+36    : cmplwi     cr7, r9, 2      : IntAlu :  D=0x0000000042002022  flags=(IsInteger)
 719000: global: Decode: Decoded bc instruction: 0x409e0078
 719000: system.cpu: A0 T0 : 0x10024828 @__tunable_get_val+40    : bc         30, 4, 0x100248a0 : IntAlu :  D=0x0000000000000000  flags=(IsInteger|IsControl|IsDirectControl|IsCondControl)
 719250: global: Decode: Decoded add instruction: 0x7d2a1a14
 719250: system.cpu: A0 T0 : 0x1002482c @__tunable_get_val+44    : add        r9, r10, r3     : IntAlu :  D=0x00000000100a9d20  flags=(IsInteger)
 719500: global: Decode: Decoded ld instruction: 0xe9290020
 719500: system.cpu: A0 T0 : 0x10024830 @__tunable_get_val+48    : ld         r9, 32(r9)      : MemRead :  D=0x0000000000000000 A=0x100a9d40  flags=(IsInteger|IsLoad)
 719750: global: Decode: Decoded std instruction: 0xf9240000
 719750: system.cpu: A0 T0 : 0x10024834 @__tunable_get_val+52    : std        r9, 0(r4)       : MemWrite :  D=0x0000000000000000 A=0x7fffffffe5c0  flags=(IsInteger|IsStore)
 720000: global: Decode: Decoded add instruction: 0x7d2a1a14
 720000: system.cpu: A0 T0 : 0x10024838 @__tunable_get_val+56    : add        r9, r10, r3     : IntAlu :  D=0x00000000100a9d20  flags=(IsInteger)
 720250: global: Decode: Decoded lbz instruction: 0x89290028
 720250: system.cpu: A0 T0 : 0x1002483c @__tunable_get_val+60    : lbz        r9, 40(r9)      : MemRead :  D=0x0000000000000000 A=0x100a9d48  flags=(IsInteger|IsLoad)
 720500: global: Decode: Decoded cmpi instruction: 0x2f890000
 720500: system.cpu: A0 T0 : 0x10024840 @__tunable_get_val+64    : cmpwi      cr7, r9, 0      : IntAlu :  D=0x0000000042002022  flags=(IsInteger)
 720750: global: Decode: Decoded bclr instruction: 0x4d9e0020
 720750: system.cpu: A0 T0 : 0x10024844 @__tunable_get_val+68    : bclr       30, 12          : IntAlu :  D=0x0000000000000000  flags=(IsInteger|IsControl|IsIndirectControl|IsCondControl|IsReturn)
 721000: global: Decode: Decoded ori instruction: 0x60000000
 721000: system.cpu: A0 T0 : 0x10014de0 @ptmalloc_init+320    : nop                        : IntAlu :  D=0x000000001001a040  flags=(IsInteger)
 721250: global: Decode: Decoded addis instruction: 0x3ca2ffff
 721250: system.cpu: A0 T0 : 0x10014de4 @ptmalloc_init+324    : subis      r5, r2, 1       : IntAlu :  D=0x00000000100a7d00  flags=(IsInteger)
 721500: global: Decode: Decoded addi instruction: 0x38810070
 721500: system.cpu: A0 T0 : 0x10014de8 @ptmalloc_init+328    : addi       r4, r1, 112     : IntAlu :  D=0x00007fffffffe5c0  flags=(IsInteger)
 721750: global: Decode: Decoded addi instruction: 0x38a54658
 721750: system.cpu: A0 T0 : 0x10014dec @ptmalloc_init+332    : addi       r5, r5, 18008   : IntAlu :  D=0x00000000100ac358  flags=(IsInteger)
 722000: global: Decode: Decoded addi instruction: 0x38600012
 722000: system.cpu: A0 T0 : 0x10014df0 @ptmalloc_init+336    : li         r3, 18          : IntAlu :  D=0x0000000000000012  flags=(IsInteger)
 722250: global: Decode: Decoded b instruction: 0x4800fa0d
 722250: system.cpu: A0 T0 : 0x10014df4 @ptmalloc_init+340    : bl         __tunable_get_val : IntAlu :  D=0x0000000010014df8  flags=(IsInteger|IsControl|IsDirectControl|IsUncondControl)
 722500: global: Decode: Decoded mulli instruction: 0x1c630038
 722500: system.cpu: A0 T0 : 0x10024800 @__tunable_get_val    : mulli      r3, r3, 56      : IntAlu :  D=0x00000000000003f0  flags=(IsInteger)
 722750: global: Decode: Decoded addis instruction: 0x3d42ffff
 722750: system.cpu: A0 T0 : 0x10024804 @__tunable_get_val+4    : subis      r10, r2, 1      : IntAlu :  D=0x00000000100a7d00  flags=(IsInteger)
 723000: global: Decode: Decoded addi instruction: 0x394a1ca0
 723000: system.cpu: A0 T0 : 0x10024808 @__tunable_get_val+8    : addi       r10, r10, 7328  : IntAlu :  D=0x00000000100a99a0  flags=(IsInteger)
 723250: global: Decode: Decoded add instruction: 0x7d0a1a14
 723250: system.cpu: A0 T0 : 0x1002480c @__tunable_get_val+12    : add        r8, r10, r3     : IntAlu :  D=0x00000000100a9d90  flags=(IsInteger)
 723500: global: Decode: Decoded lwz instruction: 0x81280008
 723500: system.cpu: A0 T0 : 0x10024810 @__tunable_get_val+16    : lwz        r9, 8(r8)       : MemRead :  D=0x0000000000000002 A=0x100a9d98  flags=(IsInteger|IsLoad)
 723750: global: Decode: Decoded cmpli instruction: 0x2b890001
 723750: system.cpu: A0 T0 : 0x10024814 @__tunable_get_val+20    : cmplwi     cr7, r9, 1      : IntAlu :  D=0x0000000042002024  flags=(IsInteger)
 724000: global: Decode: Decoded bc instruction: 0x419e0014
 724000: system.cpu: A0 T0 : 0x10024818 @__tunable_get_val+24    : bc         30, 12, 0x1002482c : IntAlu :  D=0x0000000000000000  flags=(IsInteger|IsControl|IsDirectControl|IsCondControl)
 724250: global: Decode: Decoded cmpi instruction: 0x2f890000
 724250: system.cpu: A0 T0 : 0x1002481c @__tunable_get_val+28    : cmpwi      cr7, r9, 0      : IntAlu :  D=0x0000000042002024  flags=(IsInteger)
 724500: global: Decode: Decoded bc instruction: 0x419e00a0
 724500: system.cpu: A0 T0 : 0x10024820 @__tunable_get_val+32    : bc         30, 12, 0x100248c0 : IntAlu :  D=0x0000000000000000  flags=(IsInteger|IsControl|IsDirectControl|IsCondControl)
 724750: global: Decode: Decoded cmpli instruction: 0x2b890002
 724750: system.cpu: A0 T0 : 0x10024824 @__tunable_get_val+36    : cmplwi     cr7, r9, 2      : IntAlu :  D=0x0000000042002022  flags=(IsInteger)
 725000: global: Decode: Decoded bc instruction: 0x409e0078
 725000: system.cpu: A0 T0 : 0x10024828 @__tunable_get_val+40    : bc         30, 4, 0x100248a0 : IntAlu :  D=0x0000000000000000  flags=(IsInteger|IsControl|IsDirectControl|IsCondControl)
 725250: global: Decode: Decoded add instruction: 0x7d2a1a14
 725250: system.cpu: A0 T0 : 0x1002482c @__tunable_get_val+44    : add        r9, r10, r3     : IntAlu :  D=0x00000000100a9d90  flags=(IsInteger)
 725500: global: Decode: Decoded ld instruction: 0xe9290020
 725500: system.cpu: A0 T0 : 0x10024830 @__tunable_get_val+48    : ld         r9, 32(r9)      : MemRead :  D=0x0000000000000000 A=0x100a9db0  flags=(IsInteger|IsLoad)
 725750: global: Decode: Decoded std instruction: 0xf9240000
 725750: system.cpu: A0 T0 : 0x10024834 @__tunable_get_val+52    : std        r9, 0(r4)       : MemWrite :  D=0x0000000000000000 A=0x7fffffffe5c0  flags=(IsInteger|IsStore)
 726000: global: Decode: Decoded add instruction: 0x7d2a1a14
 726000: system.cpu: A0 T0 : 0x10024838 @__tunable_get_val+56    : add        r9, r10, r3     : IntAlu :  D=0x00000000100a9d90  flags=(IsInteger)
 726250: global: Decode: Decoded lbz instruction: 0x89290028
 726250: system.cpu: A0 T0 : 0x1002483c @__tunable_get_val+60    : lbz        r9, 40(r9)      : MemRead :  D=0x0000000000000000 A=0x100a9db8  flags=(IsInteger|IsLoad)
 726500: global: Decode: Decoded cmpi instruction: 0x2f890000
 726500: system.cpu: A0 T0 : 0x10024840 @__tunable_get_val+64    : cmpwi      cr7, r9, 0      : IntAlu :  D=0x0000000042002022  flags=(IsInteger)
 726750: global: Decode: Decoded bclr instruction: 0x4d9e0020
 726750: system.cpu: A0 T0 : 0x10024844 @__tunable_get_val+68    : bclr       30, 12          : IntAlu :  D=0x0000000000000000  flags=(IsInteger|IsControl|IsIndirectControl|IsCondControl|IsReturn)
 727000: global: Decode: Decoded ori instruction: 0x60000000
 727000: system.cpu: A0 T0 : 0x10014df8 @ptmalloc_init+344    : nop                        : IntAlu :  D=0x000000001001a040  flags=(IsInteger)
 727250: global: Decode: Decoded addis instruction: 0x3ca2ffff
 727250: system.cpu: A0 T0 : 0x10014dfc @ptmalloc_init+348    : subis      r5, r2, 1       : IntAlu :  D=0x00000000100a7d00  flags=(IsInteger)
 727500: global: Decode: Decoded addi instruction: 0x38810070
 727500: system.cpu: A0 T0 : 0x10014e00 @ptmalloc_init+352    : addi       r4, r1, 112     : IntAlu :  D=0x00007fffffffe5c0  flags=(IsInteger)
 727750: global: Decode: Decoded addi instruction: 0x38a54670
 727750: system.cpu: A0 T0 : 0x10014e04 @ptmalloc_init+356    : addi       r5, r5, 18032   : IntAlu :  D=0x00000000100ac370  flags=(IsInteger)
 728000: global: Decode: Decoded addi instruction: 0x3860000f
 728000: system.cpu: A0 T0 : 0x10014e08 @ptmalloc_init+360    : li         r3, 15          : IntAlu :  D=0x000000000000000f  flags=(IsInteger)
 728250: global: Decode: Decoded b instruction: 0x4800f9f5
 728250: system.cpu: A0 T0 : 0x10014e0c @ptmalloc_init+364    : bl         __tunable_get_val : IntAlu :  D=0x0000000010014e10  flags=(IsInteger|IsControl|IsDirectControl|IsUncondControl)
 728500: global: Decode: Decoded mulli instruction: 0x1c630038
 728500: system.cpu: A0 T0 : 0x10024800 @__tunable_get_val    : mulli      r3, r3, 56      : IntAlu :  D=0x0000000000000348  flags=(IsInteger)
 728750: global: Decode: Decoded addis instruction: 0x3d42ffff
 728750: system.cpu: A0 T0 : 0x10024804 @__tunable_get_val+4    : subis      r10, r2, 1      : IntAlu :  D=0x00000000100a7d00  flags=(IsInteger)
 729000: global: Decode: Decoded addi instruction: 0x394a1ca0
 729000: system.cpu: A0 T0 : 0x10024808 @__tunable_get_val+8    : addi       r10, r10, 7328  : IntAlu :  D=0x00000000100a99a0  flags=(IsInteger)
 729250: global: Decode: Decoded add instruction: 0x7d0a1a14
 729250: system.cpu: A0 T0 : 0x1002480c @__tunable_get_val+12    : add        r8, r10, r3     : IntAlu :  D=0x00000000100a9ce8  flags=(IsInteger)
 729500: global: Decode: Decoded lwz instruction: 0x81280008
 729500: system.cpu: A0 T0 : 0x10024810 @__tunable_get_val+16    : lwz        r9, 8(r8)       : MemRead :  D=0x0000000000000002 A=0x100a9cf0  flags=(IsInteger|IsLoad)
 729750: global: Decode: Decoded cmpli instruction: 0x2b890001
 729750: system.cpu: A0 T0 : 0x10024814 @__tunable_get_val+20    : cmplwi     cr7, r9, 1      : IntAlu :  D=0x0000000042002024  flags=(IsInteger)
 730000: global: Decode: Decoded bc instruction: 0x419e0014
 730000: system.cpu: A0 T0 : 0x10024818 @__tunable_get_val+24    : bc         30, 12, 0x1002482c : IntAlu :  D=0x0000000000000000  flags=(IsInteger|IsControl|IsDirectControl|IsCondControl)
 730250: global: Decode: Decoded cmpi instruction: 0x2f890000
 730250: system.cpu: A0 T0 : 0x1002481c @__tunable_get_val+28    : cmpwi      cr7, r9, 0      : IntAlu :  D=0x0000000042002024  flags=(IsInteger)
 730500: global: Decode: Decoded bc instruction: 0x419e00a0
 730500: system.cpu: A0 T0 : 0x10024820 @__tunable_get_val+32    : bc         30, 12, 0x100248c0 : IntAlu :  D=0x0000000000000000  flags=(IsInteger|IsControl|IsDirectControl|IsCondControl)
 730750: global: Decode: Decoded cmpli instruction: 0x2b890002
 730750: system.cpu: A0 T0 : 0x10024824 @__tunable_get_val+36    : cmplwi     cr7, r9, 2      : IntAlu :  D=0x0000000042002022  flags=(IsInteger)
 731000: global: Decode: Decoded bc instruction: 0x409e0078
 731000: system.cpu: A0 T0 : 0x10024828 @__tunable_get_val+40    : bc         30, 4, 0x100248a0 : IntAlu :  D=0x0000000000000000  flags=(IsInteger|IsControl|IsDirectControl|IsCondControl)
 731250: global: Decode: Decoded add instruction: 0x7d2a1a14
 731250: system.cpu: A0 T0 : 0x1002482c @__tunable_get_val+44    : add        r9, r10, r3     : IntAlu :  D=0x00000000100a9ce8  flags=(IsInteger)
 731500: global: Decode: Decoded ld instruction: 0xe9290020
 731500: system.cpu: A0 T0 : 0x10024830 @__tunable_get_val+48    : ld         r9, 32(r9)      : MemRead :  D=0x0000000000000000 A=0x100a9d08  flags=(IsInteger|IsLoad)
 731750: global: Decode: Decoded std instruction: 0xf9240000
 731750: system.cpu: A0 T0 : 0x10024834 @__tunable_get_val+52    : std        r9, 0(r4)       : MemWrite :  D=0x0000000000000000 A=0x7fffffffe5c0  flags=(IsInteger|IsStore)
 732000: global: Decode: Decoded add instruction: 0x7d2a1a14
 732000: system.cpu: A0 T0 : 0x10024838 @__tunable_get_val+56    : add        r9, r10, r3     : IntAlu :  D=0x00000000100a9ce8  flags=(IsInteger)
 732250: global: Decode: Decoded lbz instruction: 0x89290028
 732250: system.cpu: A0 T0 : 0x1002483c @__tunable_get_val+60    : lbz        r9, 40(r9)      : MemRead :  D=0x0000000000000000 A=0x100a9d10  flags=(IsInteger|IsLoad)
 732500: global: Decode: Decoded cmpi instruction: 0x2f890000
 732500: system.cpu: A0 T0 : 0x10024840 @__tunable_get_val+64    : cmpwi      cr7, r9, 0      : IntAlu :  D=0x0000000042002022  flags=(IsInteger)
 732750: global: Decode: Decoded bclr instruction: 0x4d9e0020
 732750: system.cpu: A0 T0 : 0x10024844 @__tunable_get_val+68    : bclr       30, 12          : IntAlu :  D=0x0000000000000000  flags=(IsInteger|IsControl|IsIndirectControl|IsCondControl|IsReturn)
 733000: global: Decode: Decoded ori instruction: 0x60000000
 733000: system.cpu: A0 T0 : 0x10014e10 @ptmalloc_init+368    : nop                        : IntAlu :  D=0x000000001001a040  flags=(IsInteger)
 733250: global: Decode: Decoded addis instruction: 0x3ca2ffff
 733250: system.cpu: A0 T0 : 0x10014e14 @ptmalloc_init+372    : subis      r5, r2, 1       : IntAlu :  D=0x00000000100a7d00  flags=(IsInteger)
 733500: global: Decode: Decoded addi instruction: 0x38810070
 733500: system.cpu: A0 T0 : 0x10014e18 @ptmalloc_init+376    : addi       r4, r1, 112     : IntAlu :  D=0x00007fffffffe5c0  flags=(IsInteger)
 733750: global: Decode: Decoded addi instruction: 0x38a54688
 733750: system.cpu: A0 T0 : 0x10014e1c @ptmalloc_init+380    : addi       r5, r5, 18056   : IntAlu :  D=0x00000000100ac388  flags=(IsInteger)
 734000: global: Decode: Decoded addi instruction: 0x3860000a
 734000: system.cpu: A0 T0 : 0x10014e20 @ptmalloc_init+384    : li         r3, 10          : IntAlu :  D=0x000000000000000a  flags=(IsInteger)
 734250: global: Decode: Decoded b instruction: 0x4800f9dd
 734250: system.cpu: A0 T0 : 0x10014e24 @ptmalloc_init+388    : bl         __tunable_get_val : IntAlu :  D=0x0000000010014e28  flags=(IsInteger|IsControl|IsDirectControl|IsUncondControl)
 734500: global: Decode: Decoded mulli instruction: 0x1c630038
 734500: system.cpu: A0 T0 : 0x10024800 @__tunable_get_val    : mulli      r3, r3, 56      : IntAlu :  D=0x0000000000000230  flags=(IsInteger)
 734750: global: Decode: Decoded addis instruction: 0x3d42ffff
 734750: system.cpu: A0 T0 : 0x10024804 @__tunable_get_val+4    : subis      r10, r2, 1      : IntAlu :  D=0x00000000100a7d00  flags=(IsInteger)
 735000: global: Decode: Decoded addi instruction: 0x394a1ca0
 735000: system.cpu: A0 T0 : 0x10024808 @__tunable_get_val+8    : addi       r10, r10, 7328  : IntAlu :  D=0x00000000100a99a0  flags=(IsInteger)
 735250: global: Decode: Decoded add instruction: 0x7d0a1a14
 735250: system.cpu: A0 T0 : 0x1002480c @__tunable_get_val+12    : add        r8, r10, r3     : IntAlu :  D=0x00000000100a9bd0  flags=(IsInteger)
 735500: global: Decode: Decoded lwz instruction: 0x81280008
 735500: system.cpu: A0 T0 : 0x10024810 @__tunable_get_val+16    : lwz        r9, 8(r8)       : MemRead :  D=0x0000000000000002 A=0x100a9bd8  flags=(IsInteger|IsLoad)
 735750: global: Decode: Decoded cmpli instruction: 0x2b890001
 735750: system.cpu: A0 T0 : 0x10024814 @__tunable_get_val+20    : cmplwi     cr7, r9, 1      : IntAlu :  D=0x0000000042002024  flags=(IsInteger)
 736000: global: Decode: Decoded bc instruction: 0x419e0014
 736000: system.cpu: A0 T0 : 0x10024818 @__tunable_get_val+24    : bc         30, 12, 0x1002482c : IntAlu :  D=0x0000000000000000  flags=(IsInteger|IsControl|IsDirectControl|IsCondControl)
 736250: global: Decode: Decoded cmpi instruction: 0x2f890000
 736250: system.cpu: A0 T0 : 0x1002481c @__tunable_get_val+28    : cmpwi      cr7, r9, 0      : IntAlu :  D=0x0000000042002024  flags=(IsInteger)
 736500: global: Decode: Decoded bc instruction: 0x419e00a0
 736500: system.cpu: A0 T0 : 0x10024820 @__tunable_get_val+32    : bc         30, 12, 0x100248c0 : IntAlu :  D=0x0000000000000000  flags=(IsInteger|IsControl|IsDirectControl|IsCondControl)
 736750: global: Decode: Decoded cmpli instruction: 0x2b890002
 736750: system.cpu: A0 T0 : 0x10024824 @__tunable_get_val+36    : cmplwi     cr7, r9, 2      : IntAlu :  D=0x0000000042002022  flags=(IsInteger)
 737000: global: Decode: Decoded bc instruction: 0x409e0078
 737000: system.cpu: A0 T0 : 0x10024828 @__tunable_get_val+40    : bc         30, 4, 0x100248a0 : IntAlu :  D=0x0000000000000000  flags=(IsInteger|IsControl|IsDirectControl|IsCondControl)
 737250: global: Decode: Decoded add instruction: 0x7d2a1a14
 737250: system.cpu: A0 T0 : 0x1002482c @__tunable_get_val+44    : add        r9, r10, r3     : IntAlu :  D=0x00000000100a9bd0  flags=(IsInteger)
 737500: global: Decode: Decoded ld instruction: 0xe9290020
 737500: system.cpu: A0 T0 : 0x10024830 @__tunable_get_val+48    : ld         r9, 32(r9)      : MemRead :  D=0x0000000000000000 A=0x100a9bf0  flags=(IsInteger|IsLoad)
 737750: global: Decode: Decoded std instruction: 0xf9240000
 737750: system.cpu: A0 T0 : 0x10024834 @__tunable_get_val+52    : std        r9, 0(r4)       : MemWrite :  D=0x0000000000000000 A=0x7fffffffe5c0  flags=(IsInteger|IsStore)
 738000: global: Decode: Decoded add instruction: 0x7d2a1a14
 738000: system.cpu: A0 T0 : 0x10024838 @__tunable_get_val+56    : add        r9, r10, r3     : IntAlu :  D=0x00000000100a9bd0  flags=(IsInteger)
 738250: global: Decode: Decoded lbz instruction: 0x89290028
 738250: system.cpu: A0 T0 : 0x1002483c @__tunable_get_val+60    : lbz        r9, 40(r9)      : MemRead :  D=0x0000000000000000 A=0x100a9bf8  flags=(IsInteger|IsLoad)
 738500: global: Decode: Decoded cmpi instruction: 0x2f890000
 738500: system.cpu: A0 T0 : 0x10024840 @__tunable_get_val+64    : cmpwi      cr7, r9, 0      : IntAlu :  D=0x0000000042002022  flags=(IsInteger)
 738750: global: Decode: Decoded bclr instruction: 0x4d9e0020
 738750: system.cpu: A0 T0 : 0x10024844 @__tunable_get_val+68    : bclr       30, 12          : IntAlu :  D=0x0000000000000000  flags=(IsInteger|IsControl|IsIndirectControl|IsCondControl|IsReturn)
 739000: global: Decode: Decoded ori instruction: 0x60000000
 739000: system.cpu: A0 T0 : 0x10014e28 @ptmalloc_init+392    : nop                        : IntAlu :  D=0x000000001001a040  flags=(IsInteger)
 739250: global: Decode: Decoded addi instruction: 0x38210080
 739250: system.cpu: A0 T0 : 0x10014e2c @ptmalloc_init+396    : addi       r1, r1, 128     : IntAlu :  D=0x00007fffffffe5d0  flags=(IsInteger)
 739500: global: Decode: Decoded addi instruction: 0x39200001
 739500: system.cpu: A0 T0 : 0x10014e30 @ptmalloc_init+400    : li         r9, 1           : IntAlu :  D=0x0000000000000001  flags=(IsInteger)
 739750: global: Decode: Decoded ori instruction: 0x60000000
 739750: system.cpu: A0 T0 : 0x10014e34 @ptmalloc_init+404    : nop                        : IntAlu :  D=0x000000001001a040  flags=(IsInteger)
 740000: global: Decode: Decoded ld instruction: 0xe8010010
 740000: system.cpu: A0 T0 : 0x10014e38 @ptmalloc_init+408    : ld         r0, 16(r1)      : MemRead :  D=0x000000001001a040 A=0x7fffffffe5e0  flags=(IsInteger|IsLoad)
 740250: global: Decode: Decoded stw instruction: 0x91229390
 740250: system.cpu: A0 T0 : 0x10014e3c @ptmalloc_init+412    : stw        r9, -27760(r2)  : MemWrite :  D=0x0000000000000001 A=0x100b1090  flags=(IsInteger|IsStore)
 740500: global: Decode: Decoded mtlr instruction: 0x7c0803a6
 740500: system.cpu: A0 T0 : 0x10014e40 @ptmalloc_init+416    : mtlr       r0              : IntAlu :  D=0x000000001001a040  flags=(IsInteger)
 740750: global: Decode: Decoded bclr instruction: 0x4e800020
 740750: system.cpu: A0 T0 : 0x10014e44 @ptmalloc_init+420    : bclr       0, 20           : IntAlu :  D=0x0000000000000000  flags=(IsInteger|IsControl|IsIndirectControl|IsCondControl|IsReturn)
 741000: global: Decode: Decoded ld instruction: 0xe8610070
 741000: system.cpu: A0 T0 : 0x1001a040 @malloc_hook_ini+32    : ld         r3, 112(r1)     : MemRead :  D=0x0000000000000045 A=0x7fffffffe640  flags=(IsInteger|IsLoad)
 741250: global: Decode: Decoded addi instruction: 0x38210080
 741250: system.cpu: A0 T0 : 0x1001a044 @malloc_hook_ini+36    : addi       r1, r1, 128     : IntAlu :  D=0x00007fffffffe650  flags=(IsInteger)
 741500: global: Decode: Decoded ld instruction: 0xe8010010
 741500: system.cpu: A0 T0 : 0x1001a048 @malloc_hook_ini+40    : ld         r0, 16(r1)      : MemRead :  D=0x0000000010019e34 A=0x7fffffffe660  flags=(IsInteger|IsLoad)
 741750: global: Decode: Decoded mtlr instruction: 0x7c0803a6
 741750: system.cpu: A0 T0 : 0x1001a04c @malloc_hook_ini+44    : mtlr       r0              : IntAlu :  D=0x0000000010019e34  flags=(IsInteger)
 742000: global: Decode: Decoded b instruction: 0x4bfffb80
 742000: system.cpu: A0 T0 : 0x1001a050 @malloc_hook_ini+48    : b          malloc          : IntAlu :   flags=(IsControl|IsDirectControl|IsUncondControl)
 742250: global: Decode: Decoded ori instruction: 0x60000000
 742250: system.cpu: A0 T0 : 0x10019bd0 @__libc_malloc    : nop                        : IntAlu :  D=0x0000000010019e34  flags=(IsInteger)
 742500: global: Decode: Decoded ld instruction: 0xe92293c0
 742500: system.cpu: A0 T0 : 0x10019bd4 @__libc_malloc+4    : ld         r9, -27712(r2)  : MemRead :  D=0x0000000000000000 A=0x100b10c0  flags=(IsInteger|IsLoad)
 742750: global: Decode: Decoded std instruction: 0xfba1ffe8
 742750: system.cpu: A0 T0 : 0x10019bd8 @__libc_malloc+8    : std        r29, -24(r1)    : MemWrite :  D=0x00007fffffffe770 A=0x7fffffffe638  flags=(IsInteger|IsStore)
 743000: global: Decode: Decoded cmpi instruction: 0x2fa90000
 743000: system.cpu: A0 T0 : 0x10019bdc @__libc_malloc+12    : cmpdi      cr7, r9, 0      : IntAlu :  D=0x0000000042002022  flags=(IsInteger)
 743250: global: Decode: Decoded stdu instruction: 0xf821ff71
 743250: system.cpu: A0 T0 : 0x10019be0 @__libc_malloc+16    : stdu       r1, -144(r1)    : MemWrite :  D=0x00007fffffffe5c0 A=0x7fffffffe5c0  flags=(IsInteger|IsStore)
 743500: global: Decode: Decoded bc instruction: 0x409e022c
 743500: system.cpu: A0 T0 : 0x10019be4 @__libc_malloc+20    : bc         30, 4, 0x10019e10 : IntAlu :  D=0x0000000000000000  flags=(IsInteger|IsControl|IsDirectControl|IsCondControl)
 743750: global: Decode: Decoded addi instruction: 0x39230017
 743750: system.cpu: A0 T0 : 0x10019be8 @__libc_malloc+24    : addi       r9, r3, 23      : IntAlu :  D=0x000000000000005c  flags=(IsInteger)
 744000: global: Decode: Decoded std instruction: 0xfbc10080
 744000: system.cpu: A0 T0 : 0x10019bec @__libc_malloc+28    : std        r30, 128(r1)    : MemWrite :  D=0x0000000000000002 A=0x7fffffffe640  flags=(IsInteger|IsStore)
 744250: global: Decode: Decoded std instruction: 0xfb810070
 744250: system.cpu: A0 T0 : 0x10019bf0 @__libc_malloc+32    : std        r28, 112(r1)    : MemWrite :  D=0x00000000100aa540 A=0x7fffffffe630  flags=(IsInteger|IsStore)
 744500: global: Decode: Decoded or instruction: 0x7c7e1b78
 744500: system.cpu: A0 T0 : 0x10019bf4 @__libc_malloc+36    : mr         r30, r3         : IntAlu :  D=0x0000000000000045  flags=(IsInteger)
 744750: global: Decode: Decoded cmpli instruction: 0x2ba9001f
 744750: system.cpu: A0 T0 : 0x10019bf8 @__libc_malloc+40    : cmpldi     cr7, r9, 31     : IntAlu :  D=0x0000000042002024  flags=(IsInteger)
 745000: global: Decode: Decoded std instruction: 0xfbe10088
 745000: system.cpu: A0 T0 : 0x10019bfc @__libc_malloc+44    : std        r31, 136(r1)    : MemWrite :  D=0x00007fffffffe700 A=0x7fffffffe648  flags=(IsInteger|IsStore)
 745250: global: Decode: Decoded bc instruction: 0x419d00a0
 745250: system.cpu: A0 T0 : 0x10019c00 @__libc_malloc+48    : bc         29, 12, 0x10019ca0 : IntAlu :  D=0x0000000000000000  flags=(IsInteger|IsControl|IsDirectControl|IsCondControl)
 745500: global: Decode: Decoded rldicr instruction: 0x792906e4
 745500: system.cpu: A0 T0 : 0x10019ca0 @__libc_malloc+208    : rldicr     r9, r9, 0, 59   : IntAlu :  D=0x0000000000000050  flags=(IsInteger)
 745750: global: Decode: Decoded cmpl instruction: 0x7fa34840
 745750: system.cpu: A0 T0 : 0x10019ca4 @__libc_malloc+212    : cmpld      cr7, r3, r9     : IntAlu :  D=0x0000000042002028  flags=(IsInteger)
 746000: global: Decode: Decoded bc instruction: 0x419d0028
 746000: system.cpu: A0 T0 : 0x10019ca8 @__libc_malloc+216    : bc         29, 12, 0x10019cd0 : IntAlu :  D=0x0000000000000000  flags=(IsInteger|IsControl|IsDirectControl|IsCondControl)
 746250: global: Decode: Decoded addi instruction: 0x3940ffbf
 746250: system.cpu: A0 T0 : 0x10019cac @__libc_malloc+220    : li         r10, -65        : IntAlu :  D=0xffffffffffffffbf  flags=(IsInteger)
 746500: global: Decode: Decoded cmpl instruction: 0x7fa95040
 746500: system.cpu: A0 T0 : 0x10019cb0 @__libc_malloc+224    : cmpld      cr7, r9, r10    : IntAlu :  D=0x0000000042002028  flags=(IsInteger)
 746750: global: Decode: Decoded bc instruction: 0x419d001c
 746750: system.cpu: A0 T0 : 0x10019cb4 @__libc_malloc+228    : bc         29, 12, 0x10019cd0 : IntAlu :  D=0x0000000000000000  flags=(IsInteger|IsControl|IsDirectControl|IsCondControl)
 747000: global: Decode: Decoded addi instruction: 0x3be9ffef
 747000: system.cpu: A0 T0 : 0x10019cb8 @__libc_malloc+232    : subi       r31, r9, 17     : IntAlu :  D=0x000000000000003f  flags=(IsInteger)
 747250: global: Decode: Decoded rldicl instruction: 0x7bfce102
 747250: system.cpu: A0 T0 : 0x10019cbc @__libc_malloc+236    : rldicl     r28, r31, 60, 4 : IntAlu :  D=0x0000000000000003  flags=(IsInteger)
 747500: global: Decode: Decoded b instruction: 0x4bffff54
 747500: system.cpu: A0 T0 : 0x10019cc0 @__libc_malloc+240    : b          0x10019c14      : IntAlu :   flags=(IsControl|IsDirectControl|IsUncondControl)
 747750: global: Decode: Decoded ori instruction: 0x60000000
 747750: system.cpu: A0 T0 : 0x10019c14 @__libc_malloc+68    : nop                        : IntAlu :  D=0x0000000010019e34  flags=(IsInteger)
 748000: global: Decode: Decoded addi instruction: 0x392d9028
 748000: system.cpu: A0 T0 : 0x10019c18 @__libc_malloc+72    : subi       r9, r13, 28632  : IntAlu :  D=0x00000000100b4798  flags=(IsInteger)
 748250: global: Decode: Decoded ld instruction: 0xe9490000
 748250: system.cpu: A0 T0 : 0x10019c1c @__libc_malloc+76    : ld         r10, 0(r9)      : MemRead :  D=0x0000000000000000 A=0x100b4798  flags=(IsInteger|IsLoad)
 748500: global: Decode: Decoded cmpi instruction: 0x2faa0000
 748500: system.cpu: A0 T0 : 0x10019c20 @__libc_malloc+80    : cmpdi      cr7, r10, 0     : IntAlu :  D=0x0000000042002022  flags=(IsInteger)
 748750: global: Decode: Decoded bc instruction: 0x419e00ec
 748750: system.cpu: A0 T0 : 0x10019c24 @__libc_malloc+84    : bc         30, 12, 0x10019d10 : IntAlu :  D=0x0000000000000000  flags=(IsInteger|IsControl|IsDirectControl|IsCondControl)
 749000: global: Decode: Decoded mflr instruction: 0x7c0802a6
 749000: system.cpu: A0 T0 : 0x10019d10 @__libc_malloc+320    : mflr       r0              : IntAlu :  D=0x0000000010019e34  flags=(IsInteger)
 749250: global: Decode: Decoded ori instruction: 0x60000000
 749250: system.cpu: A0 T0 : 0x10019d14 @__libc_malloc+324    : nop                        : IntAlu :  D=0x0000000010019e34  flags=(IsInteger)
 749500: global: Decode: Decoded addi instruction: 0x392d9030
 749500: system.cpu: A0 T0 : 0x10019d18 @__libc_malloc+328    : subi       r9, r13, 28624  : IntAlu :  D=0x00000000100b47a0  flags=(IsInteger)
 749750: global: Decode: Decoded lbz instruction: 0x89290000
 749750: system.cpu: A0 T0 : 0x10019d1c @__libc_malloc+332    : lbz        r9, 0(r9)       : MemRead :  D=0x0000000000000000 A=0x100b47a0  flags=(IsInteger|IsLoad)
 750000: global: Decode: Decoded std instruction: 0xf80100a0
 750000: system.cpu: A0 T0 : 0x10019d20 @__libc_malloc+336    : std        r0, 160(r1)     : MemWrite :  D=0x0000000010019e34 A=0x7fffffffe660  flags=(IsInteger|IsStore)
 750250: global: Decode: Decoded cmpi instruction: 0x2f890000
 750250: system.cpu: A0 T0 : 0x10019d24 @__libc_malloc+340    : cmpwi      cr7, r9, 0      : IntAlu :  D=0x0000000042002022  flags=(IsInteger)
 750500: global: Decode: Decoded bc instruction: 0x409eff18
 750500: system.cpu: A0 T0 : 0x10019d28 @__libc_malloc+344    : bc         30, 4, 0x10019c40 : IntAlu :  D=0x0000000000000000  flags=(IsInteger|IsControl|IsDirectControl|IsCondControl)
 750750: global: Decode: Decoded b instruction: 0x4bffedc5
 750750: system.cpu: A0 T0 : 0x10019d2c @__libc_malloc+348    : bl         tcache_init.part.5 : IntAlu :  D=0x0000000010019d30  flags=(IsInteger|IsControl|IsDirectControl|IsUncondControl)
 751000: global: Decode: Decoded mflr instruction: 0x7c0802a6
 751000: system.cpu: A0 T0 : 0x10018af0 @tcache_init.part.5    : mflr       r0              : IntAlu :  D=0x0000000010019d30  flags=(IsInteger)
 751250: global: Decode: Decoded ori instruction: 0x60000000
 751250: system.cpu: A0 T0 : 0x10018af4 @tcache_init.part.5+4    : nop                        : IntAlu :  D=0x0000000010019d30  flags=(IsInteger)
 751500: global: Decode: Decoded std instruction: 0xfbe1fff8
 751500: system.cpu: A0 T0 : 0x10018af8 @tcache_init.part.5+8    : std        r31, -8(r1)     : MemWrite :  D=0x000000000000003f A=0x7fffffffe5b8  flags=(IsInteger|IsStore)
 751750: global: Decode: Decoded std instruction: 0xfbc1fff0
 751750: system.cpu: A0 T0 : 0x10018afc @tcache_init.part.5+12    : std        r30, -16(r1)    : MemWrite :  D=0x0000000000000045 A=0x7fffffffe5b0  flags=(IsInteger|IsStore)
 752000: global: Decode: Decoded ori instruction: 0x60000000
 752000: system.cpu: A0 T0 : 0x10018b00 @tcache_init.part.5+16    : nop                        : IntAlu :  D=0x0000000010019d30  flags=(IsInteger)
 752250: global: Decode: Decoded addi instruction: 0x392d9038
 752250: system.cpu: A0 T0 : 0x10018b04 @tcache_init.part.5+20    : subi       r9, r13, 28616  : IntAlu :  D=0x00000000100b47a8  flags=(IsInteger)
 752500: global: Decode: Decoded std instruction: 0xf8010010
 752500: system.cpu: A0 T0 : 0x10018b08 @tcache_init.part.5+24    : std        r0, 16(r1)      : MemWrite :  D=0x0000000010019d30 A=0x7fffffffe5d0  flags=(IsInteger|IsStore)
 752750: global: Decode: Decoded stdu instruction: 0xf821ff81
 752750: system.cpu: A0 T0 : 0x10018b0c @tcache_init.part.5+28    : stdu       r1, -128(r1)    : MemWrite :  D=0x00007fffffffe540 A=0x7fffffffe540  flags=(IsInteger|IsStore)
 753000: global: Decode: Decoded ld instruction: 0xebe90000
 753000: system.cpu: A0 T0 : 0x10018b10 @tcache_init.part.5+32    : ld         r31, 0(r9)      : MemRead :  D=0x00000000100b07f8 A=0x100b47a8  flags=(IsInteger|IsLoad)
 753250: global: Decode: Decoded cmpi instruction: 0x2fbf0000
 753250: system.cpu: A0 T0 : 0x10018b14 @tcache_init.part.5+36    : cmpdi      cr7, r31, 0     : IntAlu :  D=0x0000000042002024  flags=(IsInteger)
 753500: global: Decode: Decoded bc instruction: 0x419e00d8
 753500: system.cpu: A0 T0 : 0x10018b18 @tcache_init.part.5+40    : bc         30, 12, 0x10018bf0 : IntAlu :  D=0x0000000000000000  flags=(IsInteger|IsControl|IsDirectControl|IsCondControl)
 753750: global: Decode: Decoded addi instruction: 0x39200000
 753750: system.cpu: A0 T0 : 0x10018b1c @tcache_init.part.5+44    : li         r9, 0           : IntAlu :  D=0x0000000000000000  flags=(IsInteger)
 754000: global: Decode: Decoded addi instruction: 0x39000001
 754000: system.cpu: A0 T0 : 0x10018b20 @tcache_init.part.5+48    : li         r8, 1           : IntAlu :  D=0x0000000000000001  flags=(IsInteger)
 754250: global: Decode: Decoded rldicl instruction: 0x79290020
 754250: system.cpu: A0 T0 : 0x10018b24 @tcache_init.part.5+52    : clrldi     r9, r9, 32      : IntAlu :  D=0x0000000000000000  flags=(IsInteger)
 754500: global: Decode: Decoded lwarx instruction: 0x7d40f828
 754500: system.cpu: A0 T0 : 0x10018b28 @tcache_init.part.5+56    : lwarx      r41, 0, r31     : MemRead :  D=0x00000000100b07f8 A=0x100b07f8  flags=(IsInteger|IsLoad)
 754750: global: Decode: Decoded subf instruction: 0x7d495051
 754750: system.cpu: A0 T0 : 0x10018b2c @tcache_init.part.5+60    : subf.      r10, r9, r10    : IntAlu :  D=0x0000000022002024  flags=(IsInteger)
 755000: global: Decode: Decoded bc instruction: 0x4082000c
 755000: system.cpu: A0 T0 : 0x10018b30 @tcache_init.part.5+64    : bc         2, 4, 0x10018b3c : IntAlu :  D=0x0000000000000000  flags=(IsInteger|IsControl|IsDirectControl|IsCondControl)
 755250: global: Decode: Decoded stwcx instruction: 0x7d00f92d
 755250: system.cpu: A0 T0 : 0x10018b34 @tcache_init.part.5+68    : stwcx      r8, r31, r39    : MemWrite :  D=0x0000000022002024 A=0x100b07f8  flags=(IsInteger|IsStore)
 755500: global: Decode: Decoded bc instruction: 0x40c2fff0
 755500: system.cpu: A0 T0 : 0x10018b38 @tcache_init.part.5+72    : bc         2, 6, 0x10018b28 : IntAlu :  D=0x0000000000000000  flags=(IsInteger|IsControl|IsDirectControl|IsCondControl)
 755750: global: Decode: Decoded isync instruction: 0x4c00012c
 755750: system.cpu: A0 T0 : 0x10018b3c @tcache_init.part.5+76    : isync                      : IntAlu :   flags=(IsSerializeAfter)
 756000: global: Decode: Decoded cmpi instruction: 0x2f8a0000
 756000: system.cpu: A0 T0 : 0x10018b40 @tcache_init.part.5+80    : cmpwi      cr7, r10, 0     : IntAlu :  D=0x0000000022002022  flags=(IsInteger)
 756250: global: Decode: Decoded bc instruction: 0x409e012c
 756250: system.cpu: A0 T0 : 0x10018b44 @tcache_init.part.5+84    : bc         30, 4, 0x10018c70 : IntAlu :  D=0x0000000000000000  flags=(IsInteger|IsControl|IsDirectControl|IsCondControl)
 756500: global: Decode: Decoded addi instruction: 0x38800240
 756500: system.cpu: A0 T0 : 0x10018b48 @tcache_init.part.5+88    : li         r4, 576         : IntAlu :  D=0x0000000000000240  flags=(IsInteger)
 756750: global: Decode: Decoded or instruction: 0x7fe3fb78
 756750: system.cpu: A0 T0 : 0x10018b4c @tcache_init.part.5+92    : mr         r3, r31         : IntAlu :  D=0x00000000100b07f8  flags=(IsInteger)
 757000: global: Decode: Decoded b instruction: 0x4bffece1
 757000: system.cpu: A0 T0 : 0x10018b50 @tcache_init.part.5+96    : bl         _int_malloc     : IntAlu :  D=0x0000000010018b54  flags=(IsInteger|IsControl|IsDirectControl|IsUncondControl)
 757250: global: Decode: Decoded mfcr instruction: 0x7d800026
 757250: system.cpu: A0 T0 : 0x10017830 @_int_malloc    : mfcr       r12             : IntAlu :  D=0x0000000022002022  flags=(IsInteger)
 757500: global: Decode: Decoded std instruction: 0xfbe1fff8
 757500: system.cpu: A0 T0 : 0x10017834 @_int_malloc+4    : std        r31, -8(r1)     : MemWrite :  D=0x00000000100b07f8 A=0x7fffffffe538  flags=(IsInteger|IsStore)
 757750: global: Decode: Decoded addi instruction: 0x3be40017
 757750: system.cpu: A0 T0 : 0x10017838 @_int_malloc+8    : addi       r31, r4, 23     : IntAlu :  D=0x0000000000000257  flags=(IsInteger)
 758000: global: Decode: Decoded std instruction: 0xfba1ffe8
 758000: system.cpu: A0 T0 : 0x1001783c @_int_malloc+12    : std        r29, -24(r1)    : MemWrite :  D=0x00007fffffffe770 A=0x7fffffffe528  flags=(IsInteger|IsStore)
 758250: global: Decode: Decoded or instruction: 0x7c9d2378
 758250: system.cpu: A0 T0 : 0x10017840 @_int_malloc+16    : mr         r29, r4         : IntAlu :  D=0x0000000000000240  flags=(IsInteger)
 758500: global: Decode: Decoded cmpli instruction: 0x2bbf001f
 758500: system.cpu: A0 T0 : 0x10017844 @_int_malloc+20    : cmpldi     cr7, r31, 31    : IntAlu :  D=0x0000000022002024  flags=(IsInteger)
 758750: global: Decode: Decoded std instruction: 0xfbc1fff0
 758750: system.cpu: A0 T0 : 0x10017848 @_int_malloc+24    : std        r30, -16(r1)    : MemWrite :  D=0x0000000000000045 A=0x7fffffffe530  flags=(IsInteger|IsStore)
 759000: global: Decode: Decoded std instruction: 0xfae1ffb8
 759000: system.cpu: A0 T0 : 0x1001784c @_int_malloc+28    : std        r23, -72(r1)    : MemWrite :  D=0x0000000000000001 A=0x7fffffffe4f8  flags=(IsInteger|IsStore)
 759250: global: Decode: Decoded or instruction: 0x7c7e1b78
 759250: system.cpu: A0 T0 : 0x10017850 @_int_malloc+32    : mr         r30, r3         : IntAlu :  D=0x00000000100b07f8  flags=(IsInteger)
 759500: global: Decode: Decoded stw instruction: 0x91810008
 759500: system.cpu: A0 T0 : 0x10017854 @_int_malloc+36    : stw        r12, 8(r1)      : MemWrite :  D=0x0000000022002022 A=0x7fffffffe548  flags=(IsInteger|IsStore)
 759750: global: Decode: Decoded stdu instruction: 0xf821fec1
 759750: system.cpu: A0 T0 : 0x10017858 @_int_malloc+40    : stdu       r1, -320(r1)    : MemWrite :  D=0x00007fffffffe400 A=0x7fffffffe400  flags=(IsInteger|IsStore)
 760000: global: Decode: Decoded bc instruction: 0x419d0174
 760000: system.cpu: A0 T0 : 0x1001785c @_int_malloc+44    : bc         29, 12, 0x100179d0 : IntAlu :  D=0x0000000000000000  flags=(IsInteger|IsControl|IsDirectControl|IsCondControl)
 760250: global: Decode: Decoded rldicr instruction: 0x7bff06e4
 760250: system.cpu: A0 T0 : 0x100179d0 @_int_malloc+416    : rldicr     r31, r31, 0, 59 : IntAlu :  D=0x0000000000000250  flags=(IsInteger)
 760500: global: Decode: Decoded cmpl instruction: 0x7fa4f840
 760500: system.cpu: A0 T0 : 0x100179d4 @_int_malloc+420    : cmpld      cr7, r4, r31    : IntAlu :  D=0x0000000022002028  flags=(IsInteger)
 760750: global: Decode: Decoded bc instruction: 0x419dffb8
 760750: system.cpu: A0 T0 : 0x100179d8 @_int_malloc+424    : bc         29, 12, 0x10017990 : IntAlu :  D=0x0000000000000000  flags=(IsInteger|IsControl|IsDirectControl|IsCondControl)
 761000: global: Decode: Decoded addi instruction: 0x3920ffbf
 761000: system.cpu: A0 T0 : 0x100179dc @_int_malloc+428    : li         r9, -65         : IntAlu :  D=0xffffffffffffffbf  flags=(IsInteger)
 761250: global: Decode: Decoded cmpl instruction: 0x7fbf4840
 761250: system.cpu: A0 T0 : 0x100179e0 @_int_malloc+432    : cmpld      cr7, r31, r9    : IntAlu :  D=0x0000000022002028  flags=(IsInteger)
 761500: global: Decode: Decoded bc instruction: 0x419dffac
 761500: system.cpu: A0 T0 : 0x100179e4 @_int_malloc+436    : bc         29, 12, 0x10017990 : IntAlu :  D=0x0000000000000000  flags=(IsInteger|IsControl|IsDirectControl|IsCondControl)
 761750: global: Decode: Decoded cmpi instruction: 0x2fa30000
 761750: system.cpu: A0 T0 : 0x100179e8 @_int_malloc+440    : cmpdi      cr7, r3, 0      : IntAlu :  D=0x0000000022002024  flags=(IsInteger)
 762000: global: Decode: Decoded bc instruction: 0x419e0944
 762000: system.cpu: A0 T0 : 0x100179ec @_int_malloc+444    : bc         30, 12, 0x10018330 : IntAlu :  D=0x0000000000000000  flags=(IsInteger|IsControl|IsDirectControl|IsCondControl)
 762250: global: Decode: Decoded ori instruction: 0x60000000
 762250: system.cpu: A0 T0 : 0x100179f0 @_int_malloc+448    : nop                        : IntAlu :  D=0x0000000010019d30  flags=(IsInteger)
 762500: global: Decode: Decoded ld instruction: 0xe922ae10
 762500: system.cpu: A0 T0 : 0x100179f4 @_int_malloc+452    : ld         r9, -20976(r2)  : MemRead :  D=0x0000000000000080 A=0x100b2b10  flags=(IsInteger|IsLoad)
 762750: global: Decode: Decoded rlwinm instruction: 0x57eae13e
 762750: system.cpu: A0 T0 : 0x100179f8 @_int_malloc+456    : rlwinm     r10, r31, 28, 4, 31 : IntAlu :  D=0x0000000000000025  flags=(IsInteger)
 763000: global: Decode: Decoded rldicl instruction: 0x79570020
 763000: system.cpu: A0 T0 : 0x100179fc @_int_malloc+460    : clrldi     r23, r10, 32    : IntAlu :  D=0x0000000000000025  flags=(IsInteger)
 763250: global: Decode: Decoded cmpl instruction: 0x7fbf4840
 763250: system.cpu: A0 T0 : 0x10017a00 @_int_malloc+464    : cmpld      cr7, r31, r9    : IntAlu :  D=0x0000000022002024  flags=(IsInteger)
 763500: global: Decode: Decoded bc instruction: 0x409d048c
 763500: system.cpu: A0 T0 : 0x10017a04 @_int_malloc+468    : bc         29, 4, 0x10017e90 : IntAlu :  D=0x0000000000000000  flags=(IsInteger|IsControl|IsDirectControl|IsCondControl)
 763750: global: Decode: Decoded cmpli instruction: 0x2bbf03ff
 763750: system.cpu: A0 T0 : 0x10017a08 @_int_malloc+472    : cmpldi     cr7, r31, 1023  : IntAlu :  D=0x0000000022002028  flags=(IsInteger)
 764000: global: Decode: Decoded std instruction: 0xf9c100b0
 764000: system.cpu: A0 T0 : 0x10017a0c @_int_malloc+476    : std        r14, 176(r1)    : MemWrite :  D=0x0000000000000000 A=0x7fffffffe4b0  flags=(IsInteger|IsStore)
 764250: global: Decode: Decoded std instruction: 0xfa0100c0
 764250: system.cpu: A0 T0 : 0x10017a10 @_int_malloc+480    : std        r16, 192(r1)    : MemWrite :  D=0x0000000000000000 A=0x7fffffffe4c0  flags=(IsInteger|IsStore)
 764500: global: Decode: Decoded std instruction: 0xfa2100c8
 764500: system.cpu: A0 T0 : 0x10017a14 @_int_malloc+484    : std        r17, 200(r1)    : MemWrite :  D=0x0000000000000000 A=0x7fffffffe4c8  flags=(IsInteger|IsStore)
 764750: global: Decode: Decoded std instruction: 0xfaa100e8
 764750: system.cpu: A0 T0 : 0x10017a18 @_int_malloc+488    : std        r21, 232(r1)    : MemWrite :  D=0x0000000000000000 A=0x7fffffffe4e8  flags=(IsInteger|IsStore)
 765000: global: Decode: Decoded std instruction: 0xfac100f0
 765000: system.cpu: A0 T0 : 0x10017a1c @_int_malloc+492    : std        r22, 240(r1)    : MemWrite :  D=0x00000000100b2b70 A=0x7fffffffe4f0  flags=(IsInteger|IsStore)
 765250: global: Decode: Decoded std instruction: 0xfb210108
 765250: system.cpu: A0 T0 : 0x10017a20 @_int_malloc+496    : std        r25, 264(r1)    : MemWrite :  D=0x0000000000000040 A=0x7fffffffe508  flags=(IsInteger|IsStore)
 765500: global: Decode: Decoded std instruction: 0xfb810120
 765500: system.cpu: A0 T0 : 0x10017a24 @_int_malloc+500    : std        r28, 288(r1)    : MemWrite :  D=0x0000000000000003 A=0x7fffffffe520  flags=(IsInteger|IsStore)
 765750: global: Decode: Decoded bc instruction: 0x409d0b98
 765750: system.cpu: A0 T0 : 0x10017a28 @_int_malloc+504    : bc         29, 4, 0x100185c0 : IntAlu :  D=0x0000000000000000  flags=(IsInteger|IsControl|IsDirectControl|IsCondControl)
 766000: global: Decode: Decoded rlwinm instruction: 0x554a083c
 766000: system.cpu: A0 T0 : 0x100185c0 @_int_malloc+3472    : rlwinm     r10, r10, 1, 0, 30 : IntAlu :  D=0x000000000000004a  flags=(IsInteger)
 766250: global: Decode: Decoded ld instruction: 0xe9c100b0
 766250: system.cpu: A0 T0 : 0x100185c4 @_int_malloc+3476    : ld         r14, 176(r1)    : MemRead :  D=0x0000000000000000 A=0x7fffffffe4b0  flags=(IsInteger|IsLoad)
 766500: global: Decode: Decoded ld instruction: 0xea0100c0
 766500: system.cpu: A0 T0 : 0x100185c8 @_int_malloc+3480    : ld         r16, 192(r1)    : MemRead :  D=0x0000000000000000 A=0x7fffffffe4c0  flags=(IsInteger|IsLoad)
 766750: global: Decode: Decoded ld instruction: 0xea2100c8
 766750: system.cpu: A0 T0 : 0x100185cc @_int_malloc+3484    : ld         r17, 200(r1)    : MemRead :  D=0x0000000000000000 A=0x7fffffffe4c8  flags=(IsInteger|IsLoad)
 767000: global: Decode: Decoded ld instruction: 0xeaa100e8
 767000: system.cpu: A0 T0 : 0x100185d0 @_int_malloc+3488    : ld         r21, 232(r1)    : MemRead :  D=0x0000000000000000 A=0x7fffffffe4e8  flags=(IsInteger|IsLoad)
 767250: global: Decode: Decoded addi instruction: 0x394afffe
 767250: system.cpu: A0 T0 : 0x100185d4 @_int_malloc+3492    : subi       r10, r10, 2     : IntAlu :  D=0x0000000000000048  flags=(IsInteger)
 767500: global: Decode: Decoded ld instruction: 0xeac100f0
 767500: system.cpu: A0 T0 : 0x100185d8 @_int_malloc+3496    : ld         r22, 240(r1)    : MemRead :  D=0x00000000100b2b70 A=0x7fffffffe4f0  flags=(IsInteger|IsLoad)
 767750: global: Decode: Decoded ld instruction: 0xeb210108
 767750: system.cpu: A0 T0 : 0x100185dc @_int_malloc+3500    : ld         r25, 264(r1)    : MemRead :  D=0x0000000000000040 A=0x7fffffffe508  flags=(IsInteger|IsLoad)
 768000: global: Decode: Decoded ld instruction: 0xeb810120
 768000: system.cpu: A0 T0 : 0x100185e0 @_int_malloc+3504    : ld         r28, 288(r1)    : MemRead :  D=0x0000000000000003 A=0x7fffffffe520  flags=(IsInteger|IsLoad)
 768250: global: Decode: Decoded rldicl instruction: 0x794a0020
 768250: system.cpu: A0 T0 : 0x100185e4 @_int_malloc+3508    : clrldi     r10, r10, 32    : IntAlu :  D=0x0000000000000048  flags=(IsInteger)
 768500: global: Decode: Decoded addi instruction: 0x394a000e
 768500: system.cpu: A0 T0 : 0x100185e8 @_int_malloc+3512    : addi       r10, r10, 14    : IntAlu :  D=0x0000000000000056  flags=(IsInteger)
 768750: global: Decode: Decoded rldicr instruction: 0x794a1f24
 768750: system.cpu: A0 T0 : 0x100185ec @_int_malloc+3516    : rldicr     r10, r10, 3, 60 : IntAlu :  D=0x00000000000002b0  flags=(IsInteger)
 769000: global: Decode: Decoded b instruction: 0x4bfff6dc
 769000: system.cpu: A0 T0 : 0x100185f0 @_int_malloc+3520    : b          0x10017ccc      : IntAlu :   flags=(IsControl|IsDirectControl|IsUncondControl)
 769250: global: Decode: Decoded add instruction: 0x7d5e5214
 769250: system.cpu: A0 T0 : 0x10017ccc @_int_malloc+1180    : add        r10, r30, r10   : IntAlu :  D=0x00000000100b0aa8  flags=(IsInteger)
 769500: global: Decode: Decoded addi instruction: 0x38eafff0
 769500: system.cpu: A0 T0 : 0x10017cd0 @_int_malloc+1184    : subi       r7, r10, 16     : IntAlu :  D=0x00000000100b0a98  flags=(IsInteger)
 769750: global: Decode: Decoded ld instruction: 0xe92a0008
 769750: system.cpu: A0 T0 : 0x10017cd4 @_int_malloc+1188    : ld         r9, 8(r10)      : MemRead :  D=0x00000000100b0a98 A=0x100b0ab0  flags=(IsInteger|IsLoad)
 770000: global: Decode: Decoded cmpl instruction: 0x7fa74840
 770000: system.cpu: A0 T0 : 0x10017cd8 @_int_malloc+1192    : cmpld      cr7, r7, r9     : IntAlu :  D=0x0000000022002022  flags=(IsInteger)
 770250: global: Decode: Decoded bc instruction: 0x419e0224
 770250: system.cpu: A0 T0 : 0x10017cdc @_int_malloc+1196    : bc         30, 12, 0x10017f00 : IntAlu :  D=0x0000000000000000  flags=(IsInteger|IsControl|IsDirectControl|IsCondControl)
 770500: global: Decode: Decoded mflr instruction: 0x7c0802a6
 770500: system.cpu: A0 T0 : 0x10017f00 @_int_malloc+1744    : mflr       r0              : IntAlu :  D=0x0000000010018b54  flags=(IsInteger)
 770750: global: Decode: Decoded std instruction: 0xfaa100e8
 770750: system.cpu: A0 T0 : 0x10017f04 @_int_malloc+1748    : std        r21, 232(r1)    : MemWrite :  D=0x0000000000000000 A=0x7fffffffe4e8  flags=(IsInteger|IsStore)
 771000: global: Decode: Decoded rldicl instruction: 0x7bf5ba42
 771000: system.cpu: A0 T0 : 0x10017f08 @_int_malloc+1752    : rldicl     r21, r31, 55, 9 : IntAlu :  D=0x0000000000000001  flags=(IsInteger)
 771250: global: Decode: Decoded std instruction: 0xf9c100b0
 771250: system.cpu: A0 T0 : 0x10017f0c @_int_malloc+1756    : std        r14, 176(r1)    : MemWrite :  D=0x0000000000000000 A=0x7fffffffe4b0  flags=(IsInteger|IsStore)
 771500: global: Decode: Decoded addi instruction: 0x3935005b
 771500: system.cpu: A0 T0 : 0x10017f10 @_int_malloc+1760    : addi       r9, r21, 91     : IntAlu :  D=0x000000000000005c  flags=(IsInteger)
 771750: global: Decode: Decoded std instruction: 0xfac100f0
 771750: system.cpu: A0 T0 : 0x10017f14 @_int_malloc+1764    : std        r22, 240(r1)    : MemWrite :  D=0x00000000100b2b70 A=0x7fffffffe4f0  flags=(IsInteger|IsStore)
 772000: global: Decode: Decoded rldicl instruction: 0x7bf6d182
 772000: system.cpu: A0 T0 : 0x10017f18 @_int_malloc+1768    : rldicl     r22, r31, 58, 6 : IntAlu :  D=0x0000000000000009  flags=(IsInteger)
 772250: global: Decode: Decoded std instruction: 0xfb210108
 772250: system.cpu: A0 T0 : 0x10017f1c @_int_malloc+1772    : std        r25, 264(r1)    : MemWrite :  D=0x0000000000000040 A=0x7fffffffe508  flags=(IsInteger|IsStore)
 772500: global: Decode: Decoded rldicl instruction: 0x792e0020
 772500: system.cpu: A0 T0 : 0x10017f20 @_int_malloc+1776    : clrldi     r14, r9, 32     : IntAlu :  D=0x000000000000005c  flags=(IsInteger)
 772750: global: Decode: Decoded addi instruction: 0x3920007c
 772750: system.cpu: A0 T0 : 0x10017f24 @_int_malloc+1780    : li         r9, 124         : IntAlu :  D=0x000000000000007c  flags=(IsInteger)
 773000: global: Decode: Decoded std instruction: 0xfa0100c0
 773000: system.cpu: A0 T0 : 0x10017f28 @_int_malloc+1784    : std        r16, 192(r1)    : MemWrite :  D=0x0000000000000000 A=0x7fffffffe4c0  flags=(IsInteger|IsStore)
 773250: global: Decode: Decoded std instruction: 0xfa2100c8
 773250: system.cpu: A0 T0 : 0x10017f2c @_int_malloc+1788    : std        r17, 200(r1)    : MemWrite :  D=0x0000000000000000 A=0x7fffffffe4c8  flags=(IsInteger|IsStore)
 773500: global: Decode: Decoded addi instruction: 0x3b360030
 773500: system.cpu: A0 T0 : 0x10017f30 @_int_malloc+1792    : addi       r25, r22, 48    : IntAlu :  D=0x0000000000000039  flags=(IsInteger)
 773750: global: Decode: Decoded std instruction: 0xfb810120
 773750: system.cpu: A0 T0 : 0x10017f34 @_int_malloc+1796    : std        r28, 288(r1)    : MemWrite :  D=0x0000000000000003 A=0x7fffffffe520  flags=(IsInteger|IsStore)
 774000: global: Decode: Decoded std instruction: 0xf9e100b8
 774000: system.cpu: A0 T0 : 0x10017f38 @_int_malloc+1800    : std        r15, 184(r1)    : MemWrite :  D=0x0000000000000000 A=0x7fffffffe4b8  flags=(IsInteger|IsStore)
 774250: global: Decode: Decoded or instruction: 0x7efcbb78
 774250: system.cpu: A0 T0 : 0x10017f3c @_int_malloc+1804    : mr         r28, r23        : IntAlu :  D=0x0000000000000025  flags=(IsInteger)
 774500: global: Decode: Decoded std instruction: 0xf9210088
 774500: system.cpu: A0 T0 : 0x10017f40 @_int_malloc+1808    : std        r9, 136(r1)     : MemWrite :  D=0x000000000000007c A=0x7fffffffe488  flags=(IsInteger|IsStore)
 774750: global: Decode: Decoded addi instruction: 0x39200077
 774750: system.cpu: A0 T0 : 0x10017f44 @_int_malloc+1812    : li         r9, 119         : IntAlu :  D=0x0000000000000077  flags=(IsInteger)
 775000: global: Decode: Decoded std instruction: 0xfa4100d0
 775000: system.cpu: A0 T0 : 0x10017f48 @_int_malloc+1816    : std        r18, 208(r1)    : MemWrite :  D=0x0000000000000000 A=0x7fffffffe4d0  flags=(IsInteger|IsStore)
 775250: global: Decode: Decoded rldicl instruction: 0x7b390020
 775250: system.cpu: A0 T0 : 0x10017f4c @_int_malloc+1820    : clrldi     r25, r25, 32    : IntAlu :  D=0x0000000000000039  flags=(IsInteger)
 775500: global: Decode: Decoded std instruction: 0xf8010150
 775500: system.cpu: A0 T0 : 0x10017f50 @_int_malloc+1824    : std        r0, 336(r1)     : MemWrite :  D=0x0000000010018b54 A=0x7fffffffe550  flags=(IsInteger|IsStore)
 775750: global: Decode: Decoded std instruction: 0xfa6100d8
 775750: system.cpu: A0 T0 : 0x10017f54 @_int_malloc+1828    : std        r19, 216(r1)    : MemWrite :  D=0x0000000000000000 A=0x7fffffffe4d8  flags=(IsInteger|IsStore)
 776000: global: Decode: Decoded addi instruction: 0x3a000000
 776000: system.cpu: A0 T0 : 0x10017f58 @_int_malloc+1832    : li         r16, 0          : IntAlu :  D=0x0000000000000000  flags=(IsInteger)
 776250: global: Decode: Decoded addi instruction: 0x3a200000
 776250: system.cpu: A0 T0 : 0x10017f5c @_int_malloc+1836    : li         r17, 0          : IntAlu :  D=0x0000000000000000  flags=(IsInteger)
 776500: global: Decode: Decoded std instruction: 0xf9210078
 776500: system.cpu: A0 T0 : 0x10017f60 @_int_malloc+1840    : std        r9, 120(r1)     : MemWrite :  D=0x0000000000000077 A=0x7fffffffe478  flags=(IsInteger|IsStore)
 776750: global: Decode: Decoded addi instruction: 0x3920006e
 776750: system.cpu: A0 T0 : 0x10017f64 @_int_malloc+1844    : li         r9, 110         : IntAlu :  D=0x000000000000006e  flags=(IsInteger)
 777000: global: Decode: Decoded std instruction: 0xfa8100e0
 777000: system.cpu: A0 T0 : 0x10017f68 @_int_malloc+1848    : std        r20, 224(r1)    : MemWrite :  D=0x0000000000000004 A=0x7fffffffe4e0  flags=(IsInteger|IsStore)
 777250: global: Decode: Decoded std instruction: 0xfb010100
 777250: system.cpu: A0 T0 : 0x10017f6c @_int_malloc+1852    : std        r24, 256(r1)    : MemWrite :  D=0x0000000000000003 A=0x7fffffffe500  flags=(IsInteger|IsStore)
 777500: global: Decode: Decoded std instruction: 0xfb410110
 777500: system.cpu: A0 T0 : 0x10017f70 @_int_malloc+1856    : std        r26, 272(r1)    : MemWrite :  D=0x0000000000000002 A=0x7fffffffe510  flags=(IsInteger|IsStore)
 777750: global: Decode: Decoded std instruction: 0xfb610118
 777750: system.cpu: A0 T0 : 0x10017f74 @_int_malloc+1860    : std        r27, 280(r1)    : MemWrite :  D=0x00007fffffffe750 A=0x7fffffffe518  flags=(IsInteger|IsStore)
 778000: global: Decode: Decoded std instruction: 0xf9210070
 778000: system.cpu: A0 T0 : 0x10017f78 @_int_malloc+1864    : std        r9, 112(r1)     : MemWrite :  D=0x000000000000006e A=0x7fffffffe470  flags=(IsInteger|IsStore)
 778250: global: Decode: Decoded b instruction: 0x4bfffb60
 778250: system.cpu: A0 T0 : 0x10017f7c @_int_malloc+1868    : b          0x10017adc      : IntAlu :   flags=(IsControl|IsDirectControl|IsUncondControl)
 778500: global: Decode: Decoded ori instruction: 0x60000000
 778500: system.cpu: A0 T0 : 0x10017adc @_int_malloc+684    : nop                        : IntAlu :  D=0x0000000010018b54  flags=(IsInteger)
 778750: global: Decode: Decoded addi instruction: 0x3a9fffef
 778750: system.cpu: A0 T0 : 0x10017ae0 @_int_malloc+688    : subi       r20, r31, 17    : IntAlu :  D=0x000000000000023f  flags=(IsInteger)
 779000: global: Decode: Decoded addi instruction: 0x394d9028
 779000: system.cpu: A0 T0 : 0x10017ae4 @_int_malloc+692    : subi       r10, r13, 28632 : IntAlu :  D=0x00000000100b4798  flags=(IsInteger)
 779250: global: Decode: Decoded rldicl instruction: 0x7a98e102
 779250: system.cpu: A0 T0 : 0x10017ae8 @_int_malloc+696    : rldicl     r24, r20, 60, 4 : IntAlu :  D=0x0000000000000023  flags=(IsInteger)
 779500: global: Decode: Decoded addi instruction: 0x39200000
 779500: system.cpu: A0 T0 : 0x10017aec @_int_malloc+700    : li         r9, 0           : IntAlu :  D=0x0000000000000000  flags=(IsInteger)
 779750: global: Decode: Decoded ld instruction: 0xe8ea0000
 779750: system.cpu: A0 T0 : 0x10017af0 @_int_malloc+704    : ld         r7, 0(r10)      : MemRead :  D=0x0000000000000000 A=0x100b4798  flags=(IsInteger|IsLoad)
 780000: global: Decode: Decoded cmpi instruction: 0x2fa70000
 780000: system.cpu: A0 T0 : 0x10017af4 @_int_malloc+708    : cmpdi      cr7, r7, 0      : IntAlu :  D=0x0000000022002022  flags=(IsInteger)
 780250: global: Decode: Decoded bc instruction: 0x419e0018
 780250: system.cpu: A0 T0 : 0x10017af8 @_int_malloc+712    : bc         30, 12, 0x10017b10 : IntAlu :  D=0x0000000000000000  flags=(IsInteger|IsControl|IsDirectControl|IsCondControl)
 780500: global: Decode: Decoded ori instruction: 0x60000000
 780500: system.cpu: A0 T0 : 0x10017b10 @_int_malloc+736    : nop                        : IntAlu :  D=0x0000000010018b54  flags=(IsInteger)
 780750: global: Decode: Decoded cmpi instruction: 0x2e290000
 780750: system.cpu: A0 T0 : 0x10017b14 @_int_malloc+740    : cmpdi      cr4, r9, 0      : IntAlu :  D=0x0000000022002022  flags=(IsInteger)
 781000: global: Decode: Decoded std instruction: 0xfa210090
 781000: system.cpu: A0 T0 : 0x10017b18 @_int_malloc+744    : std        r17, 144(r1)    : MemWrite :  D=0x0000000000000000 A=0x7fffffffe490  flags=(IsInteger|IsStore)
 781250: global: Decode: Decoded std instruction: 0xfaa10098
 781250: system.cpu: A0 T0 : 0x10017b1c @_int_malloc+748    : std        r21, 152(r1)    : MemWrite :  D=0x0000000000000001 A=0x7fffffffe498  flags=(IsInteger|IsStore)
 781500: global: Decode: Decoded addi instruction: 0x3b428a88
 781500: system.cpu: A0 T0 : 0x10017b20 @_int_malloc+752    : subi       r26, r2, 30072  : IntAlu :  D=0x00000000100b0788  flags=(IsInteger)
 781750: global: Decode: Decoded addi instruction: 0x3b7e0060
 781750: system.cpu: A0 T0 : 0x10017b24 @_int_malloc+756    : addi       r27, r30, 96    : IntAlu :  D=0x00000000100b0858  flags=(IsInteger)
 782000: global: Decode: Decoded addi instruction: 0x393a0070
 782000: system.cpu: A0 T0 : 0x10017b28 @_int_malloc+760    : addi       r9, r26, 112    : IntAlu :  D=0x00000000100b07f8  flags=(IsInteger)
 782250: global: Decode: Decoded addi instruction: 0x3a400000
 782250: system.cpu: A0 T0 : 0x10017b2c @_int_malloc+764    : li         r18, 0          : IntAlu :  D=0x0000000000000000  flags=(IsInteger)
 782500: global: Decode: Decoded cmp instruction: 0x7dbe4800
 782500: system.cpu: A0 T0 : 0x10017b30 @_int_malloc+768    : cmpd       cr3, r30, r9    : IntAlu :  D=0x0000000022022022  flags=(IsInteger)
 782750: global: Decode: Decoded addi instruction: 0x393f0020
 782750: system.cpu: A0 T0 : 0x10017b34 @_int_malloc+772    : addi       r9, r31, 32     : IntAlu :  D=0x0000000000000270  flags=(IsInteger)
 783000: global: Decode: Decoded addi instruction: 0x39e00001
 783000: system.cpu: A0 T0 : 0x10017b38 @_int_malloc+776    : li         r15, 1          : IntAlu :  D=0x0000000000000001  flags=(IsInteger)
 783250: global: Decode: Decoded rldicr instruction: 0x7b131f24
 783250: system.cpu: A0 T0 : 0x10017b3c @_int_malloc+780    : rldicr     r19, r24, 3, 60 : IntAlu :  D=0x0000000000000118  flags=(IsInteger)
 783500: global: Decode: Decoded std instruction: 0xf9210080
 783500: system.cpu: A0 T0 : 0x10017b40 @_int_malloc+784    : std        r9, 128(r1)     : MemWrite :  D=0x0000000000000270 A=0x7fffffffe480  flags=(IsInteger|IsStore)
 783750: global: Decode: Decoded ld instruction: 0xe89a0068
 783750: system.cpu: A0 T0 : 0x10017b44 @_int_malloc+788    : ld         r4, 104(r26)    : MemRead :  D=0x0000000000000000 A=0x100b07f0  flags=(IsInteger|IsLoad)
 784000: global: Decode: Decoded ld instruction: 0xea3a0060
 784000: system.cpu: A0 T0 : 0x10017b48 @_int_malloc+792    : ld         r17, 96(r26)    : MemRead :  D=0x0000000000000007 A=0x100b07e8  flags=(IsInteger|IsLoad)
 784250: global: Decode: Decoded ld instruction: 0xe95e0078
 784250: system.cpu: A0 T0 : 0x10017b4c @_int_malloc+796    : ld         r10, 120(r30)   : MemRead :  D=0x00000000100b0858 A=0x100b0870  flags=(IsInteger|IsLoad)
 784500: global: Decode: Decoded addi instruction: 0x38c00000
 784500: system.cpu: A0 T0 : 0x10017b50 @_int_malloc+800    : li         r6, 0           : IntAlu :  D=0x0000000000000000  flags=(IsInteger)
 784750: global: Decode: Decoded addi instruction: 0x38000000
 784750: system.cpu: A0 T0 : 0x10017b54 @_int_malloc+804    : li         r0, 0           : IntAlu :  D=0x0000000000000000  flags=(IsInteger)
 785000: global: Decode: Decoded add instruction: 0x7ea79a14
 785000: system.cpu: A0 T0 : 0x10017b58 @_int_malloc+808    : add        r21, r7, r19    : IntAlu :  D=0x0000000000000118  flags=(IsInteger)
 785250: global: Decode: Decoded cmpi instruction: 0x2ea40000
 785250: system.cpu: A0 T0 : 0x10017b5c @_int_malloc+812    : cmpdi      cr5, r4, 0      : IntAlu :  D=0x0000000022022222  flags=(IsInteger)
 785500: global: Decode: Decoded cmpl instruction: 0x7fbb5040
 785500: system.cpu: A0 T0 : 0x10017b60 @_int_malloc+816    : cmpld      cr7, r27, r10   : IntAlu :  D=0x0000000022022222  flags=(IsInteger)
 785750: global: Decode: Decoded bc instruction: 0x419e0b6c
 785750: system.cpu: A0 T0 : 0x10017b64 @_int_malloc+820    : bc         30, 12, 0x100186d0 : IntAlu :  D=0x0000000000000000  flags=(IsInteger|IsControl|IsDirectControl|IsCondControl)
 786000: global: Decode: Decoded cmpi instruction: 0x2fa00000
 786000: system.cpu: A0 T0 : 0x100186d0 @_int_malloc+3744    : cmpdi      cr7, r0, 0      : IntAlu :  D=0x0000000022022222  flags=(IsInteger)
 786250: global: Decode: Decoded bc instruction: 0x419ef93c
 786250: system.cpu: A0 T0 : 0x100186d4 @_int_malloc+3748    : bc         30, 12, 0x10018010 : IntAlu :  D=0x0000000000000000  flags=(IsInteger|IsControl|IsDirectControl|IsCondControl)
 786500: global: Decode: Decoded cmpli instruction: 0x2bbf03ff
 786500: system.cpu: A0 T0 : 0x10018010 @_int_malloc+2016    : cmpldi     cr7, r31, 1023  : IntAlu :  D=0x0000000022022228  flags=(IsInteger)
 786750: global: Decode: Decoded bc instruction: 0x409d0038
 786750: system.cpu: A0 T0 : 0x10018014 @_int_malloc+2020    : bc         29, 4, 0x1001804c : IntAlu :  D=0x0000000000000000  flags=(IsInteger|IsControl|IsDirectControl|IsCondControl)
 787000: global: Decode: Decoded addi instruction: 0x393c0001
 787000: system.cpu: A0 T0 : 0x1001804c @_int_malloc+2076    : addi       r9, r28, 1      : IntAlu :  D=0x0000000000000026  flags=(IsInteger)
 787250: global: Decode: Decoded rldic instruction: 0x7b862748
 787250: system.cpu: A0 T0 : 0x10018050 @_int_malloc+2080    : rldic      r6, r28, 4, 29  : IntAlu :  D=0x0000000000000250  flags=(IsInteger)
 787500: global: Decode: Decoded rldicl instruction: 0x7928d962
 787500: system.cpu: A0 T0 : 0x10018054 @_int_malloc+2084    : rldicl     r8, r9, 59, 37  : IntAlu :  D=0x0000000000000001  flags=(IsInteger)
 787750: global: Decode: Decoded addi instruction: 0x38c60060
 787750: system.cpu: A0 T0 : 0x10018058 @_int_malloc+2088    : addi       r6, r6, 96      : IntAlu :  D=0x00000000000002b0  flags=(IsInteger)
 788000: global: Decode: Decoded addi instruction: 0x38a80218
 788000: system.cpu: A0 T0 : 0x1001805c @_int_malloc+2092    : addi       r5, r8, 536     : IntAlu :  D=0x0000000000000219  flags=(IsInteger)
 788250: global: Decode: Decoded rlwinm instruction: 0x552906fe
 788250: system.cpu: A0 T0 : 0x10018060 @_int_malloc+2096    : clrlwi     r9, r9, 27      : IntAlu :  D=0x0000000000000006  flags=(IsInteger)
 788500: global: Decode: Decoded rldicr instruction: 0x78aa1764
 788500: system.cpu: A0 T0 : 0x10018064 @_int_malloc+2100    : rldicr     r10, r5, 2, 61  : IntAlu :  D=0x0000000000000864  flags=(IsInteger)
 788750: global: Decode: Decoded add instruction: 0x7cde3214
 788750: system.cpu: A0 T0 : 0x10018068 @_int_malloc+2104    : add        r6, r30, r6     : IntAlu :  D=0x00000000100b0aa8  flags=(IsInteger)
 789000: global: Decode: Decoded slw instruction: 0x7de94830
 789000: system.cpu: A0 T0 : 0x1001806c @_int_malloc+2108    : slw        r9, r15, r9     : IntAlu :  D=0x0000000000000040  flags=(IsInteger)
 789250: global: Decode: Decoded lwzx instruction: 0x7cfe502e
 789250: system.cpu: A0 T0 : 0x10018070 @_int_malloc+2112    : lwzx       r7, r30, r10    : MemRead :  D=0x0000000000000000 A=0x100b105c  flags=(IsInteger|IsLoad)
 789500: global: Decode: Decoded cmpl instruction: 0x7f893840
 789500: system.cpu: A0 T0 : 0x10018074 @_int_malloc+2116    : cmplw      cr7, r9, r7     : IntAlu :  D=0x0000000022022224  flags=(IsInteger)
 789750: global: Decode: Decoded bc instruction: 0x419d03e8
 789750: system.cpu: A0 T0 : 0x10018078 @_int_malloc+2120    : bc         29, 12, 0x10018460 : IntAlu :  D=0x0000000000000000  flags=(IsInteger|IsControl|IsDirectControl|IsCondControl)
 790000: global: Decode: Decoded subfic instruction: 0x21280003
 790000: system.cpu: A0 T0 : 0x10018460 @_int_malloc+3120    : subfic     r9, r8, 3       : IntAlu :  D=0x0000000020040000  flags=(IsInteger)
 790250: global: Decode: Decoded rldicl instruction: 0x79290020
 790250: system.cpu: A0 T0 : 0x10018464 @_int_malloc+3124    : clrldi     r9, r9, 32      : IntAlu :  D=0x0000000000000002  flags=(IsInteger)
 790500: global: Decode: Decoded addi instruction: 0x39290001
 790500: system.cpu: A0 T0 : 0x10018468 @_int_malloc+3128    : addi       r9, r9, 1       : IntAlu :  D=0x0000000000000003  flags=(IsInteger)
 790750: global: Decode: Decoded mtctr instruction: 0x7d2903a6
 790750: system.cpu: A0 T0 : 0x1001846c @_int_malloc+3132    : mtctr      r9              : IntAlu :  D=0x0000000000000003  flags=(IsInteger)
 791000: global: Decode: Decoded b instruction: 0x48000024
 791000: system.cpu: A0 T0 : 0x10018470 @_int_malloc+3136    : b          0x10018494      : IntAlu :   flags=(IsControl|IsDirectControl|IsUncondControl)
 791250: global: Decode: Decoded addi instruction: 0x39080001
 791250: system.cpu: A0 T0 : 0x10018494 @_int_malloc+3172    : addi       r8, r8, 1       : IntAlu :  D=0x0000000000000002  flags=(IsInteger)
 791500: global: Decode: Decoded rldicl instruction: 0x79080020
 791500: system.cpu: A0 T0 : 0x10018498 @_int_malloc+3176    : clrldi     r8, r8, 32      : IntAlu :  D=0x0000000000000002  flags=(IsInteger)
 791750: global: Decode: Decoded bc instruction: 0x4200ffe4
 791750: system.cpu: A0 T0 : 0x1001849c @_int_malloc+3180    : bc         0, 16, 0x10018480 : IntAlu :  D=0x0000000000000002  flags=(IsInteger|IsControl|IsDirectControl|IsCondControl)
 792000: global: Decode: Decoded addi instruction: 0x38a80218
 792000: system.cpu: A0 T0 : 0x10018480 @_int_malloc+3152    : addi       r5, r8, 536     : IntAlu :  D=0x000000000000021a  flags=(IsInteger)
 792250: global: Decode: Decoded rldicr instruction: 0x78a91764
 792250: system.cpu: A0 T0 : 0x10018484 @_int_malloc+3156    : rldicr     r9, r5, 2, 61   : IntAlu :  D=0x0000000000000868  flags=(IsInteger)
 792500: global: Decode: Decoded lwzx instruction: 0x7cfe482e
 792500: system.cpu: A0 T0 : 0x10018488 @_int_malloc+3160    : lwzx       r7, r30, r9     : MemRead :  D=0x0000000000000000 A=0x100b1060  flags=(IsInteger|IsLoad)
 792750: global: Decode: Decoded cmpi instruction: 0x2fa70000
 792750: system.cpu: A0 T0 : 0x1001848c @_int_malloc+3164    : cmpdi      cr7, r7, 0      : IntAlu :  D=0x0000000022022222  flags=(IsInteger)
 793000: global: Decode: Decoded bc instruction: 0x409e0220
 793000: system.cpu: A0 T0 : 0x10018490 @_int_malloc+3168    : bc         30, 4, 0x100186b0 : IntAlu :  D=0x0000000000000002  flags=(IsInteger|IsControl|IsDirectControl|IsCondControl)
 793250: global: Decode: Decoded addi instruction: 0x39080001
 793250: system.cpu: A0 T0 : 0x10018494 @_int_malloc+3172    : addi       r8, r8, 1       : IntAlu :  D=0x0000000000000003  flags=(IsInteger)
 793500: global: Decode: Decoded rldicl instruction: 0x79080020
 793500: system.cpu: A0 T0 : 0x10018498 @_int_malloc+3176    : clrldi     r8, r8, 32      : IntAlu :  D=0x0000000000000003  flags=(IsInteger)
 793750: global: Decode: Decoded bc instruction: 0x4200ffe4
 793750: system.cpu: A0 T0 : 0x1001849c @_int_malloc+3180    : bc         0, 16, 0x10018480 : IntAlu :  D=0x0000000000000001  flags=(IsInteger|IsControl|IsDirectControl|IsCondControl)
 794000: global: Decode: Decoded addi instruction: 0x38a80218
 794000: system.cpu: A0 T0 : 0x10018480 @_int_malloc+3152    : addi       r5, r8, 536     : IntAlu :  D=0x000000000000021b  flags=(IsInteger)
 794250: global: Decode: Decoded rldicr instruction: 0x78a91764
 794250: system.cpu: A0 T0 : 0x10018484 @_int_malloc+3156    : rldicr     r9, r5, 2, 61   : IntAlu :  D=0x000000000000086c  flags=(IsInteger)
 794500: global: Decode: Decoded lwzx instruction: 0x7cfe482e
 794500: system.cpu: A0 T0 : 0x10018488 @_int_malloc+3160    : lwzx       r7, r30, r9     : MemRead :  D=0x0000000000000000 A=0x100b1064  flags=(IsInteger|IsLoad)
 794750: global: Decode: Decoded cmpi instruction: 0x2fa70000
 794750: system.cpu: A0 T0 : 0x1001848c @_int_malloc+3164    : cmpdi      cr7, r7, 0      : IntAlu :  D=0x0000000022022222  flags=(IsInteger)
 795000: global: Decode: Decoded bc instruction: 0x409e0220
 795000: system.cpu: A0 T0 : 0x10018490 @_int_malloc+3168    : bc         30, 4, 0x100186b0 : IntAlu :  D=0x0000000000000001  flags=(IsInteger|IsControl|IsDirectControl|IsCondControl)
 795250: global: Decode: Decoded addi instruction: 0x39080001
 795250: system.cpu: A0 T0 : 0x10018494 @_int_malloc+3172    : addi       r8, r8, 1       : IntAlu :  D=0x0000000000000004  flags=(IsInteger)
 795500: global: Decode: Decoded rldicl instruction: 0x79080020
 795500: system.cpu: A0 T0 : 0x10018498 @_int_malloc+3176    : clrldi     r8, r8, 32      : IntAlu :  D=0x0000000000000004  flags=(IsInteger)
 795750: global: Decode: Decoded bc instruction: 0x4200ffe4
 795750: system.cpu: A0 T0 : 0x1001849c @_int_malloc+3180    : bc         0, 16, 0x10018480 : IntAlu :  D=0x0000000000000000  flags=(IsInteger|IsControl|IsDirectControl|IsCondControl)
 796000: global: Decode: Decoded ld instruction: 0xe91e0060
 796000: system.cpu: A0 T0 : 0x100184a0 @_int_malloc+3184    : ld         r8, 96(r30)     : MemRead :  D=0x00000000100b0858 A=0x100b0858  flags=(IsInteger|IsLoad)
 796250: global: Decode: Decoded ld instruction: 0xe95e0888
 796250: system.cpu: A0 T0 : 0x100184a4 @_int_malloc+3188    : ld         r10, 2184(r30)  : MemRead :  D=0x0000000000000000 A=0x100b1080  flags=(IsInteger|IsLoad)
 796500: global: Decode: Decoded ld instruction: 0xe9280008
 796500: system.cpu: A0 T0 : 0x100184a8 @_int_malloc+3192    : ld         r9, 8(r8)       : MemRead :  D=0x0000000000000000 A=0x100b0860  flags=(IsInteger|IsLoad)
 796750: global: Decode: Decoded rldicr instruction: 0x79290724
 796750: system.cpu: A0 T0 : 0x100184ac @_int_malloc+3196    : rldicr     r9, r9, 0, 60   : IntAlu :  D=0x0000000000000000  flags=(IsInteger)
 797000: global: Decode: Decoded cmpl instruction: 0x7faa4840
 797000: system.cpu: A0 T0 : 0x100184b0 @_int_malloc+3200    : cmpld      cr7, r10, r9    : IntAlu :  D=0x0000000022022222  flags=(IsInteger)
 797250: global: Decode: Decoded bc instruction: 0x419c033c
 797250: system.cpu: A0 T0 : 0x100184b4 @_int_malloc+3204    : bc         28, 12, 0x100187f0 : IntAlu :  D=0x0000000000000000  flags=(IsInteger|IsControl|IsDirectControl|IsCondControl)
 797500: global: Decode: Decoded ld instruction: 0xe9410080
 797500: system.cpu: A0 T0 : 0x100184b8 @_int_malloc+3208    : ld         r10, 128(r1)    : MemRead :  D=0x0000000000000270 A=0x7fffffffe480  flags=(IsInteger|IsLoad)
 797750: global: Decode: Decoded cmpl instruction: 0x7faa4840
 797750: system.cpu: A0 T0 : 0x100184bc @_int_malloc+3212    : cmpld      cr7, r10, r9    : IntAlu :  D=0x0000000022022224  flags=(IsInteger)
 798000: global: Decode: Decoded bc instruction: 0x409d03a0
 798000: system.cpu: A0 T0 : 0x100184c0 @_int_malloc+3216    : bc         29, 4, 0x10018860 : IntAlu :  D=0x0000000000000000  flags=(IsInteger|IsControl|IsDirectControl|IsCondControl)
 798250: global: Decode: Decoded lwz instruction: 0x813e0008
 798250: system.cpu: A0 T0 : 0x100184c4 @_int_malloc+3220    : lwz        r9, 8(r30)      : MemRead :  D=0x0000000000000000 A=0x100b0800  flags=(IsInteger|IsLoad)
 798500: global: Decode: Decoded cmpi instruction: 0x2f890000
 798500: system.cpu: A0 T0 : 0x100184c8 @_int_malloc+3224    : cmpwi      cr7, r9, 0      : IntAlu :  D=0x0000000022022222  flags=(IsInteger)
 798750: global: Decode: Decoded bc instruction: 0x419e03f8
 798750: system.cpu: A0 T0 : 0x100184cc @_int_malloc+3228    : bc         30, 12, 0x100188c4 : IntAlu :  D=0x0000000000000000  flags=(IsInteger|IsControl|IsDirectControl|IsCondControl)
 799000: global: Decode: Decoded or instruction: 0x7fc4f378
 799000: system.cpu: A0 T0 : 0x100188c4 @_int_malloc+4244    : mr         r4, r30         : IntAlu :  D=0x00000000100b07f8  flags=(IsInteger)
 799250: global: Decode: Decoded or instruction: 0x7fe3fb78
 799250: system.cpu: A0 T0 : 0x100188c8 @_int_malloc+4248    : mr         r3, r31         : IntAlu :  D=0x0000000000000250  flags=(IsInteger)
 799500: global: Decode: Decoded b instruction: 0x4bffe555
 799500: system.cpu: A0 T0 : 0x100188cc @_int_malloc+4252    : bl         sysmalloc       : IntAlu :  D=0x00000000100188d0  flags=(IsInteger|IsControl|IsDirectControl|IsUncondControl)
 799750: global: Decode: Decoded mfcr instruction: 0x7d800026
 799750: system.cpu: A0 T0 : 0x10016e20 @sysmalloc    : mfcr       r12             : IntAlu :  D=0x0000000022022222  flags=(IsInteger)
 800000: global: Decode: Decoded std instruction: 0xfb81ffe0
 800000: system.cpu: A0 T0 : 0x10016e24 @sysmalloc+4    : std        r28, -32(r1)    : MemWrite :  D=0x0000000000000025 A=0x7fffffffe3e0  flags=(IsInteger|IsStore)
 800250: global: Decode: Decoded or instruction: 0x7c9c2379
 800250: system.cpu: A0 T0 : 0x10016e28 @sysmalloc+8    : or.        r28, r4, r4     : IntAlu :  D=0x0000000042022222  flags=(IsInteger)
 800500: global: Decode: Decoded std instruction: 0xfb21ffc8
 800500: system.cpu: A0 T0 : 0x10016e2c @sysmalloc+12    : std        r25, -56(r1)    : MemWrite :  D=0x0000000000000039 A=0x7fffffffe3c8  flags=(IsInteger|IsStore)
 800750: global: Decode: Decoded ori instruction: 0x60000000
 800750: system.cpu: A0 T0 : 0x10016e30 @sysmalloc+16    : nop                        : IntAlu :  D=0x0000000000000000  flags=(IsInteger)
 801000: global: Decode: Decoded addi instruction: 0x3b2293e0
 801000: system.cpu: A0 T0 : 0x10016e34 @sysmalloc+20    : subi       r25, r2, 27680  : IntAlu :  D=0x00000000100b10e0  flags=(IsInteger)
 801250: global: Decode: Decoded std instruction: 0xfbc1fff0
 801250: system.cpu: A0 T0 : 0x10016e38 @sysmalloc+24    : std        r30, -16(r1)    : MemWrite :  D=0x00000000100b07f8 A=0x7fffffffe3f0  flags=(IsInteger|IsStore)
 801500: global: Decode: Decoded std instruction: 0xfbe1fff8
 801500: system.cpu: A0 T0 : 0x10016e3c @sysmalloc+28    : std        r31, -8(r1)     : MemWrite :  D=0x0000000000000250 A=0x7fffffffe3f8  flags=(IsInteger|IsStore)
 801750: global: Decode: Decoded std instruction: 0xfb61ffd8
 801750: system.cpu: A0 T0 : 0x10016e40 @sysmalloc+32    : std        r27, -40(r1)    : MemWrite :  D=0x00000000100b0858 A=0x7fffffffe3d8  flags=(IsInteger|IsStore)
 802000: global: Decode: Decoded or instruction: 0x7c7f1b78
 802000: system.cpu: A0 T0 : 0x10016e44 @sysmalloc+36    : mr         r31, r3         : IntAlu :  D=0x0000000000000250  flags=(IsInteger)
 802250: global: Decode: Decoded stw instruction: 0x91810008
 802250: system.cpu: A0 T0 : 0x10016e48 @sysmalloc+40    : stw        r12, 8(r1)      : MemWrite :  D=0x0000000022022222 A=0x7fffffffe408  flags=(IsInteger|IsStore)
 802500: global: Decode: Decoded ld instruction: 0xebd90000
 802500: system.cpu: A0 T0 : 0x10016e4c @sysmalloc+44    : ld         r30, 0(r25)     : MemRead :  D=0x0000000000001000 A=0x100b10e0  flags=(IsInteger|IsLoad)
 802750: global: Decode: Decoded stdu instruction: 0xf821ff01
 802750: system.cpu: A0 T0 : 0x10016e50 @sysmalloc+48    : stdu       r1, -256(r1)    : MemWrite :  D=0x00007fffffffe300 A=0x7fffffffe300  flags=(IsInteger|IsStore)
 803000: global: Decode: Decoded bc instruction: 0x4182026c
 803000: system.cpu: A0 T0 : 0x10016e54 @sysmalloc+52    : bc         2, 12, 0x100170c0 : IntAlu :  D=0x0000000000000000  flags=(IsInteger|IsControl|IsDirectControl|IsCondControl)
 803250: global: Decode: Decoded mflr instruction: 0x7c0802a6
 803250: system.cpu: A0 T0 : 0x10016e58 @sysmalloc+56    : mflr       r0              : IntAlu :  D=0x00000000100188d0  flags=(IsInteger)
 803500: global: Decode: Decoded ori instruction: 0x60000000
 803500: system.cpu: A0 T0 : 0x10016e5c @sysmalloc+60    : nop                        : IntAlu :  D=0x00000000100188d0  flags=(IsInteger)
 803750: global: Decode: Decoded ld instruction: 0xe9228a98
 803750: system.cpu: A0 T0 : 0x10016e60 @sysmalloc+64    : ld         r9, -30056(r2)  : MemRead :  D=0x0000000000020000 A=0x100b0798  flags=(IsInteger|IsLoad)
 804000: global: Decode: Decoded std instruction: 0xfa610098
 804000: system.cpu: A0 T0 : 0x10016e64 @sysmalloc+68    : std        r19, 152(r1)    : MemWrite :  D=0x0000000000000118 A=0x7fffffffe398  flags=(IsInteger|IsStore)
 804250: global: Decode: Decoded cmpl instruction: 0x7fa91840
 804250: system.cpu: A0 T0 : 0x10016e68 @sysmalloc+72    : cmpld      cr7, r9, r3     : IntAlu :  D=0x0000000042022224  flags=(IsInteger)
 804500: global: Decode: Decoded std instruction: 0xf8010110
 804500: system.cpu: A0 T0 : 0x10016e6c @sysmalloc+76    : std        r0, 272(r1)     : MemWrite :  D=0x00000000100188d0 A=0x7fffffffe410  flags=(IsInteger|IsStore)
 804750: global: Decode: Decoded bc instruction: 0x409d01e0
 804750: system.cpu: A0 T0 : 0x10016e70 @sysmalloc+80    : bc         29, 4, 0x10017050 : IntAlu :  D=0x0000000000000000  flags=(IsInteger|IsControl|IsDirectControl|IsCondControl)
 805000: global: Decode: Decoded std instruction: 0xf8410028
 805000: system.cpu: A0 T0 : 0x10016e74 @sysmalloc+84    : std        r2, 40(r1)      : MemWrite :  D=0x00000000100b7d00 A=0x7fffffffe328  flags=(IsInteger|IsStore)
 805250: global: Decode: Decoded std instruction: 0xf9c10070
 805250: system.cpu: A0 T0 : 0x10016e78 @sysmalloc+88    : std        r14, 112(r1)    : MemWrite :  D=0x000000000000005c A=0x7fffffffe370  flags=(IsInteger|IsStore)
 805500: global: Decode: Decoded addi instruction: 0x3a600000
 805500: system.cpu: A0 T0 : 0x10016e7c @sysmalloc+92    : li         r19, 0          : IntAlu :  D=0x0000000000000000  flags=(IsInteger)
 805750: global: Decode: Decoded std instruction: 0xf9e10078
 805750: system.cpu: A0 T0 : 0x10016e80 @sysmalloc+96    : std        r15, 120(r1)    : MemWrite :  D=0x0000000000000001 A=0x7fffffffe378  flags=(IsInteger|IsStore)
 806000: global: Decode: Decoded std instruction: 0xfa010080
 806000: system.cpu: A0 T0 : 0x10016e84 @sysmalloc+100    : std        r16, 128(r1)    : MemWrite :  D=0x0000000000000000 A=0x7fffffffe380  flags=(IsInteger|IsStore)
 806250: global: Decode: Decoded std instruction: 0xfa210088
 806250: system.cpu: A0 T0 : 0x10016e88 @sysmalloc+104    : std        r17, 136(r1)    : MemWrite :  D=0x0000000000000007 A=0x7fffffffe388  flags=(IsInteger|IsStore)
 806500: global: Decode: Decoded std instruction: 0xfa410090
 806500: system.cpu: A0 T0 : 0x10016e8c @sysmalloc+108    : std        r18, 144(r1)    : MemWrite :  D=0x0000000000000000 A=0x7fffffffe390  flags=(IsInteger|IsStore)
 806750: global: Decode: Decoded std instruction: 0xfa8100a0
 806750: system.cpu: A0 T0 : 0x10016e90 @sysmalloc+112    : std        r20, 160(r1)    : MemWrite :  D=0x000000000000023f A=0x7fffffffe3a0  flags=(IsInteger|IsStore)
 807000: global: Decode: Decoded std instruction: 0xfaa100a8
 807000: system.cpu: A0 T0 : 0x10016e94 @sysmalloc+116    : std        r21, 168(r1)    : MemWrite :  D=0x0000000000000118 A=0x7fffffffe3a8  flags=(IsInteger|IsStore)
 807250: global: Decode: Decoded std instruction: 0xfac100b0
 807250: system.cpu: A0 T0 : 0x10016e98 @sysmalloc+120    : std        r22, 176(r1)    : MemWrite :  D=0x0000000000000009 A=0x7fffffffe3b0  flags=(IsInteger|IsStore)
 807500: global: Decode: Decoded std instruction: 0xfae100b8
 807500: system.cpu: A0 T0 : 0x10016e9c @sysmalloc+124    : std        r23, 184(r1)    : MemWrite :  D=0x0000000000000025 A=0x7fffffffe3b8  flags=(IsInteger|IsStore)
 807750: global: Decode: Decoded std instruction: 0xfb0100c0
 807750: system.cpu: A0 T0 : 0x10016ea0 @sysmalloc+128    : std        r24, 192(r1)    : MemWrite :  D=0x0000000000000023 A=0x7fffffffe3c0  flags=(IsInteger|IsStore)
 808000: global: Decode: Decoded std instruction: 0xfb4100d0
 808000: system.cpu: A0 T0 : 0x10016ea4 @sysmalloc+132    : std        r26, 208(r1)    : MemWrite :  D=0x00000000100b0788 A=0x7fffffffe3d0  flags=(IsInteger|IsStore)
 808250: global: Decode: Decoded std instruction: 0xfba100e8
 808250: system.cpu: A0 T0 : 0x10016ea8 @sysmalloc+136    : std        r29, 232(r1)    : MemWrite :  D=0x0000000000000240 A=0x7fffffffe3e8  flags=(IsInteger|IsStore)
 808500: global: Decode: Decoded ori instruction: 0x60000000
 808500: system.cpu: A0 T0 : 0x10016eac @sysmalloc+140    : nop                        : IntAlu :  D=0x00000000100188d0  flags=(IsInteger)
 808750: global: Decode: Decoded addi instruction: 0x393e0007
 808750: system.cpu: A0 T0 : 0x10016eb0 @sysmalloc+144    : addi       r9, r30, 7      : IntAlu :  D=0x0000000000001007  flags=(IsInteger)
 809000: global: Decode: Decoded addi instruction: 0x3ac28a88
 809000: system.cpu: A0 T0 : 0x10016eb4 @sysmalloc+148    : subi       r22, r2, 30072  : IntAlu :  D=0x00000000100b0788  flags=(IsInteger)
 809250: global: Decode: Decoded add instruction: 0x7d29fa14
 809250: system.cpu: A0 T0 : 0x10016eb8 @sysmalloc+152    : add        r9, r9, r31     : IntAlu :  D=0x0000000000001257  flags=(IsInteger)
 809500: global: Decode: Decoded addi instruction: 0x3af60070
 809500: system.cpu: A0 T0 : 0x10016ebc @sysmalloc+156    : addi       r23, r22, 112   : IntAlu :  D=0x00000000100b07f8  flags=(IsInteger)
 809750: global: Decode: Decoded neg instruction: 0x7fbe00d0
 809750: system.cpu: A0 T0 : 0x10016ec0 @sysmalloc+160    : neg        r29, r30        : IntAlu :  D=0xfffffffffffff000  flags=(IsInteger)
 810000: global: Decode: Decoded cmp instruction: 0x7dbcb800
 810000: system.cpu: A0 T0 : 0x10016ec4 @sysmalloc+164    : cmpd       cr3, r28, r23   : IntAlu :  D=0x0000000042022224  flags=(IsInteger)
 810250: global: Decode: Decoded and instruction: 0x7d3de838
 810250: system.cpu: A0 T0 : 0x10016ec8 @sysmalloc+168    : and        r29, r9, r29    : IntAlu :  D=0x0000000000001000  flags=(IsInteger)
 810500: global: Decode: Decoded addi instruction: 0x3a9c0060
 810500: system.cpu: A0 T0 : 0x10016ecc @sysmalloc+172    : addi       r20, r28, 96    : IntAlu :  D=0x00000000100b0858  flags=(IsInteger)
 810750: global: Decode: Decoded addi instruction: 0x3a5effff
 810750: system.cpu: A0 T0 : 0x10016ed0 @sysmalloc+176    : subi       r18, r30, 1     : IntAlu :  D=0x0000000000000fff  flags=(IsInteger)
 811000: global: Decode: Decoded addi instruction: 0x3abf0020
 811000: system.cpu: A0 T0 : 0x10016ed4 @sysmalloc+180    : addi       r21, r31, 32    : IntAlu :  D=0x0000000000000270  flags=(IsInteger)
 811250: global: Decode: Decoded addis instruction: 0x3e000400
 811250: system.cpu: A0 T0 : 0x10016ed8 @sysmalloc+184    : lis        r16, 1024       : IntAlu :  D=0x0000000004000000  flags=(IsInteger)
 811500: global: Decode: Decoded addi instruction: 0x3a3f0040
 811500: system.cpu: A0 T0 : 0x10016edc @sysmalloc+188    : addi       r17, r31, 64    : IntAlu :  D=0x0000000000000290  flags=(IsInteger)
 811750: global: Decode: Decoded ld instruction: 0xeb7c0060
 811750: system.cpu: A0 T0 : 0x10016ee0 @sysmalloc+192    : ld         r27, 96(r28)    : MemRead :  D=0x00000000100b0858 A=0x100b0858  flags=(IsInteger|IsLoad)
 812000: global: Decode: Decoded ld instruction: 0xe93b0008
 812000: system.cpu: A0 T0 : 0x10016ee4 @sysmalloc+196    : ld         r9, 8(r27)      : MemRead :  D=0x0000000000000000 A=0x100b0860  flags=(IsInteger|IsLoad)
 812250: global: Decode: Decoded cmp instruction: 0x7fbba000
 812250: system.cpu: A0 T0 : 0x10016ee8 @sysmalloc+200    : cmpd       cr7, r27, r20   : IntAlu :  D=0x0000000042022222  flags=(IsInteger)
 812500: global: Decode: Decoded rldicr instruction: 0x79380724
 812500: system.cpu: A0 T0 : 0x10016eec @sysmalloc+204    : rldicr     r24, r9, 0, 60  : IntAlu :  D=0x0000000000000000  flags=(IsInteger)
 812750: global: Decode: Decoded add instruction: 0x7f5bc214
 812750: system.cpu: A0 T0 : 0x10016ef0 @sysmalloc+208    : add        r26, r27, r24   : IntAlu :  D=0x00000000100b0858  flags=(IsInteger)
 813000: global: Decode: Decoded bc instruction: 0x419e030c
 813000: system.cpu: A0 T0 : 0x10016ef4 @sysmalloc+212    : bc         30, 12, 0x10017200 : IntAlu :  D=0x0000000000000000  flags=(IsInteger|IsControl|IsDirectControl|IsCondControl)
 813250: global: Decode: Decoded cmpi instruction: 0x2e380000
 813250: system.cpu: A0 T0 : 0x10017200 @sysmalloc+992    : cmpdi      cr4, r24, 0     : IntAlu :  D=0x0000000042022222  flags=(IsInteger)
 813500: global: Decode: Decoded bc instruction: 0x4092fcf4
 813500: system.cpu: A0 T0 : 0x10017204 @sysmalloc+996    : bc         18, 4, 0x10016ef8 : IntAlu :  D=0x0000000000000000  flags=(IsInteger|IsControl|IsDirectControl|IsCondControl)
 813750: global: Decode: Decoded cmpl instruction: 0x7fb5c040
 813750: system.cpu: A0 T0 : 0x10017208 @sysmalloc+1000    : cmpld      cr7, r21, r24   : IntAlu :  D=0x0000000042022224  flags=(IsInteger)
 814000: global: Decode: Decoded bc instruction: 0x419dfd0c
 814000: system.cpu: A0 T0 : 0x1001720c @sysmalloc+1004    : bc         29, 12, 0x10016f18 : IntAlu :  D=0x0000000000000000  flags=(IsInteger|IsControl|IsDirectControl|IsCondControl)
 814250: global: Decode: Decoded bc instruction: 0x418e0498
 814250: system.cpu: A0 T0 : 0x10016f18 @sysmalloc+248    : bc         14, 12, 0x100173b0 : IntAlu :  D=0x0000000000000000  flags=(IsInteger|IsControl|IsDirectControl|IsCondControl)
 814500: global: Decode: Decoded lwz instruction: 0x81560074
 814500: system.cpu: A0 T0 : 0x100173b0 @sysmalloc+1424    : lwz        r10, 116(r22)   : MemRead :  D=0x0000000000000000 A=0x100b07fc  flags=(IsInteger|IsLoad)
 814750: global: Decode: Decoded ld instruction: 0xe9360008
 814750: system.cpu: A0 T0 : 0x100173b4 @sysmalloc+1428    : ld         r9, 8(r22)      : MemRead :  D=0x0000000000020000 A=0x100b0790  flags=(IsInteger|IsLoad)
 815000: global: Decode: Decoded neg instruction: 0x7f3e00d0
 815000: system.cpu: A0 T0 : 0x100173b8 @sysmalloc+1432    : neg        r25, r30        : IntAlu :  D=0xfffffffffffff000  flags=(IsInteger)
 815250: global: Decode: Decoded addi instruction: 0x3bdeffff
 815250: system.cpu: A0 T0 : 0x100173bc @sysmalloc+1436    : subi       r30, r30, 1     : IntAlu :  D=0x0000000000000fff  flags=(IsInteger)
 815500: global: Decode: Decoded andi_ instruction: 0x714a0002
 815500: system.cpu: A0 T0 : 0x100173c0 @sysmalloc+1440    : andi.      r10, r10, 2     : IntAlu :  D=0x0000000022022224  flags=(IsInteger)
 815750: global: Decode: Decoded addi instruction: 0x39290020
 815750: system.cpu: A0 T0 : 0x100173c4 @sysmalloc+1444    : addi       r9, r9, 32      : IntAlu :  D=0x0000000000020020  flags=(IsInteger)
 816000: global: Decode: Decoded add instruction: 0x7d29fa14
 816000: system.cpu: A0 T0 : 0x100173c8 @sysmalloc+1448    : add        r9, r9, r31     : IntAlu :  D=0x0000000000020270  flags=(IsInteger)
 816250: global: Decode: Decoded add instruction: 0x7d29f214
 816250: system.cpu: A0 T0 : 0x100173cc @sysmalloc+1452    : add        r9, r9, r30     : IntAlu :  D=0x000000000002126f  flags=(IsInteger)
 816500: global: Decode: Decoded bc instruction: 0x40820190
 816500: system.cpu: A0 T0 : 0x100173d0 @sysmalloc+1456    : bc         2, 4, 0x10017560 : IntAlu :  D=0x0000000000000000  flags=(IsInteger|IsControl|IsDirectControl|IsCondControl)
 816750: global: Decode: Decoded subf instruction: 0x7fb84850
 816750: system.cpu: A0 T0 : 0x100173d4 @sysmalloc+1460    : subf       r29, r24, r9    : IntAlu :  D=0x000000000002126f  flags=(IsInteger)
 817000: global: Decode: Decoded and instruction: 0x7fbdc839
 817000: system.cpu: A0 T0 : 0x100173d8 @sysmalloc+1464    : and.       r29, r29, r25   : IntAlu :  D=0x0000000042022224  flags=(IsInteger)
 817250: global: Decode: Decoded bc instruction: 0x4081024c
 817250: system.cpu: A0 T0 : 0x100173dc @sysmalloc+1468    : bc         1, 4, 0x10017628 : IntAlu :  D=0x0000000000000000  flags=(IsInteger|IsControl|IsDirectControl|IsCondControl)
 817500: global: Decode: Decoded ori instruction: 0x60000000
 817500: system.cpu: A0 T0 : 0x100173e0 @sysmalloc+1472    : nop                        : IntAlu :  D=0x00000000100188d0  flags=(IsInteger)
 817750: global: Decode: Decoded ld instruction: 0xe92293a0
 817750: system.cpu: A0 T0 : 0x100173e4 @sysmalloc+1476    : ld         r9, -27744(r2)  : MemRead :  D=0x00000000100ac880 A=0x100b10a0  flags=(IsInteger|IsLoad)
 818000: global: Decode: Decoded or instruction: 0x7fa3eb78
 818000: system.cpu: A0 T0 : 0x100173e8 @sysmalloc+1480    : mr         r3, r29         : IntAlu :  D=0x0000000000021000  flags=(IsInteger)
 818250: global: Decode: Decoded ld instruction: 0xe9490000
 818250: system.cpu: A0 T0 : 0x100173ec @sysmalloc+1484    : ld         r10, 0(r9)      : MemRead :  D=0x000000001001bee0 A=0x100ac880  flags=(IsInteger|IsLoad)
 818500: global: Decode: Decoded ld instruction: 0xe9690010
 818500: system.cpu: A0 T0 : 0x100173f0 @sysmalloc+1488    : ld         r11, 16(r9)     : MemRead :  D=0x0000000000000000 A=0x100ac890  flags=(IsInteger|IsLoad)
 818750: global: Decode: Decoded mtctr instruction: 0x7d4903a6
 818750: system.cpu: A0 T0 : 0x100173f4 @sysmalloc+1492    : mtctr      r10             : IntAlu :  D=0x000000001001bee0  flags=(IsInteger)
 819000: global: Decode: Decoded ld instruction: 0xe8490008
 819000: system.cpu: A0 T0 : 0x100173f8 @sysmalloc+1496    : ld         r2, 8(r9)       : MemRead :  D=0x00000000100b7d00 A=0x100ac888  flags=(IsInteger|IsLoad)
 819250: global: Decode: Decoded bcctr instruction: 0x4e800421
 819250: system.cpu: A0 T0 : 0x100173fc @sysmalloc+1500    : bcctrl     0, 20           : IntAlu :  D=0x0000000010017400  flags=(IsInteger|IsControl|IsIndirectControl|IsCondControl|IsCall)
 819500: global: Decode: Decoded mflr instruction: 0x7c0802a6
 819500: system.cpu: A0 T0 : 0x1001bee0 @__default_morecore    : mflr       r0              : IntAlu :  D=0x0000000010017400  flags=(IsInteger)
 819750: global: Decode: Decoded std instruction: 0xf8010010
 819750: system.cpu: A0 T0 : 0x1001bee4 @__default_morecore+4    : std        r0, 16(r1)      : MemWrite :  D=0x0000000010017400 A=0x7fffffffe310  flags=(IsInteger|IsStore)
 820000: global: Decode: Decoded stdu instruction: 0xf821ff91
 820000: system.cpu: A0 T0 : 0x1001bee8 @__default_morecore+8    : stdu       r1, -112(r1)    : MemWrite :  D=0x00007fffffffe290 A=0x7fffffffe290  flags=(IsInteger|IsStore)
 820250: global: Decode: Decoded b instruction: 0x48006105
 820250: system.cpu: A0 T0 : 0x1001beec @__default_morecore+12    : bl         sbrk            : IntAlu :  D=0x000000001001bef0  flags=(IsInteger|IsControl|IsDirectControl|IsUncondControl)
 820500: global: Decode: Decoded std instruction: 0xfba1ffe8
 820500: system.cpu: A0 T0 : 0x10021ff0 @__sbrk    : std        r29, -24(r1)    : MemWrite :  D=0x0000000000021000 A=0x7fffffffe278  flags=(IsInteger|IsStore)
 820750: global: Decode: Decoded ori instruction: 0x60000000
 820750: system.cpu: A0 T0 : 0x10021ff4 @__sbrk+4    : nop                        : IntAlu :  D=0x0000000010017400  flags=(IsInteger)
 821000: global: Decode: Decoded addi instruction: 0x3ba2ba00
 821000: system.cpu: A0 T0 : 0x10021ff8 @__sbrk+8    : subi       r29, r2, 17920  : IntAlu :  D=0x00000000100b3700  flags=(IsInteger)
 821250: global: Decode: Decoded std instruction: 0xfbe1fff8
 821250: system.cpu: A0 T0 : 0x10021ffc @__sbrk+12    : std        r31, -8(r1)     : MemWrite :  D=0x0000000000000250 A=0x7fffffffe288  flags=(IsInteger|IsStore)
 821500: global: Decode: Decoded std instruction: 0xfbc1fff0
 821500: system.cpu: A0 T0 : 0x10022000 @__sbrk+16    : std        r30, -16(r1)    : MemWrite :  D=0x0000000000000fff A=0x7fffffffe280  flags=(IsInteger|IsStore)
 821750: global: Decode: Decoded or instruction: 0x7c7e1b78
 821750: system.cpu: A0 T0 : 0x10022004 @__sbrk+20    : mr         r30, r3         : IntAlu :  D=0x0000000000021000  flags=(IsInteger)
 822000: global: Decode: Decoded stdu instruction: 0xf821ff71
 822000: system.cpu: A0 T0 : 0x10022008 @__sbrk+24    : stdu       r1, -144(r1)    : MemWrite :  D=0x00007fffffffe200 A=0x7fffffffe200  flags=(IsInteger|IsStore)
 822250: global: Decode: Decoded ld instruction: 0xebfd0000
 822250: system.cpu: A0 T0 : 0x1002200c @__sbrk+28    : ld         r31, 0(r29)     : MemRead :  D=0x00000000100b4fe0 A=0x100b3700  flags=(IsInteger|IsLoad)
 822500: global: Decode: Decoded cmpi instruction: 0x2fbf0000
 822500: system.cpu: A0 T0 : 0x10022010 @__sbrk+32    : cmpdi      cr7, r31, 0     : IntAlu :  D=0x0000000042022224  flags=(IsInteger)
 822750: global: Decode: Decoded bc instruction: 0x419e007c
 822750: system.cpu: A0 T0 : 0x10022014 @__sbrk+36    : bc         30, 12, 0x10022090 : IntAlu :  D=0x000000001001bee0  flags=(IsInteger|IsControl|IsDirectControl|IsCondControl)
 823000: global: Decode: Decoded ori instruction: 0x60000000
 823000: system.cpu: A0 T0 : 0x10022018 @__sbrk+40    : nop                        : IntAlu :  D=0x0000000010017400  flags=(IsInteger)
 823250: global: Decode: Decoded addi instruction: 0x392299b8
 823250: system.cpu: A0 T0 : 0x1002201c @__sbrk+44    : subi       r9, r2, 26184   : IntAlu :  D=0x00000000100b16b8  flags=(IsInteger)
 823500: global: Decode: Decoded lwz instruction: 0x81290000
 823500: system.cpu: A0 T0 : 0x10022020 @__sbrk+48    : lwz        r9, 0(r9)       : MemRead :  D=0x0000000000000000 A=0x100b16b8  flags=(IsInteger|IsLoad)
 823750: global: Decode: Decoded cmpi instruction: 0x2f890000
 823750: system.cpu: A0 T0 : 0x10022024 @__sbrk+52    : cmpwi      cr7, r9, 0      : IntAlu :  D=0x0000000042022222  flags=(IsInteger)
 824000: global: Decode: Decoded bc instruction: 0x409e0068
 824000: system.cpu: A0 T0 : 0x10022028 @__sbrk+56    : bc         30, 4, 0x10022090 : IntAlu :  D=0x000000001001bee0  flags=(IsInteger|IsControl|IsDirectControl|IsCondControl)
 824250: global: Decode: Decoded cmpi instruction: 0x2fbe0000
 824250: system.cpu: A0 T0 : 0x1002202c @__sbrk+60    : cmpdi      cr7, r30, 0     : IntAlu :  D=0x0000000042022224  flags=(IsInteger)
 824500: global: Decode: Decoded bc instruction: 0x419e003c
 824500: system.cpu: A0 T0 : 0x10022030 @__sbrk+64    : bc         30, 12, 0x1002206c : IntAlu :  D=0x000000001001bee0  flags=(IsInteger|IsControl|IsDirectControl|IsCondControl)
 824750: global: Decode: Decoded bc instruction: 0x409d008c
 824750: system.cpu: A0 T0 : 0x10022034 @__sbrk+68    : bc         29, 4, 0x100220c0 : IntAlu :  D=0x000000001001bee0  flags=(IsInteger|IsControl|IsDirectControl|IsCondControl)
 825000: global: Decode: Decoded add instruction: 0x7d3efa14
 825000: system.cpu: A0 T0 : 0x10022038 @__sbrk+72    : add        r9, r30, r31    : IntAlu :  D=0x00000000100d5fe0  flags=(IsInteger)
 825250: global: Decode: Decoded subfc instruction: 0x7d3f4810
 825250: system.cpu: A0 T0 : 0x1002203c @__sbrk+76    : subfc      r9, r31, r9     : IntAlu :  D=0x0000000020040000  flags=(IsInteger)
 825500: global: Decode: Decoded subfe instruction: 0x7d294910
 825500: system.cpu: A0 T0 : 0x10022040 @__sbrk+80    : subfe      r9, r9, r9      : IntAlu :  D=0x0000000020040000  flags=(IsInteger)
 825750: global: Decode: Decoded neg instruction: 0x7d2900d0
 825750: system.cpu: A0 T0 : 0x10022044 @__sbrk+84    : neg        r9, r9          : IntAlu :  D=0x0000000000000000  flags=(IsInteger)
 826000: global: Decode: Decoded rlwinm instruction: 0x5529063e
 826000: system.cpu: A0 T0 : 0x10022048 @__sbrk+88    : clrlwi     r9, r9, 24      : IntAlu :  D=0x0000000000000000  flags=(IsInteger)
 826250: global: Decode: Decoded cmpi instruction: 0x2fa90000
 826250: system.cpu: A0 T0 : 0x1002204c @__sbrk+92    : cmpdi      cr7, r9, 0      : IntAlu :  D=0x0000000042022222  flags=(IsInteger)
 826500: global: Decode: Decoded bc instruction: 0x419e008c
 826500: system.cpu: A0 T0 : 0x10022050 @__sbrk+96    : bc         30, 12, 0x100220dc : IntAlu :  D=0x000000001001bee0  flags=(IsInteger|IsControl|IsDirectControl|IsCondControl)
 826750: global: Decode: Decoded mflr instruction: 0x7c0802a6
 826750: system.cpu: A0 T0 : 0x100220dc @__sbrk+236    : mflr       r0              : IntAlu :  D=0x000000001001bef0  flags=(IsInteger)
 827000: global: Decode: Decoded add instruction: 0x7c7ff214
 827000: system.cpu: A0 T0 : 0x100220e0 @__sbrk+240    : add        r3, r31, r30    : IntAlu :  D=0x00000000100d5fe0  flags=(IsInteger)
 827250: global: Decode: Decoded std instruction: 0xf80100a0
 827250: system.cpu: A0 T0 : 0x100220e4 @__sbrk+244    : std        r0, 160(r1)     : MemWrite :  D=0x000000001001bef0 A=0x7fffffffe2a0  flags=(IsInteger|IsStore)
 827500: global: Decode: Decoded b instruction: 0x480289dd
 827500: system.cpu: A0 T0 : 0x100220e8 @__sbrk+248    : bl         __brk           : IntAlu :  D=0x00000000100220ec  flags=(IsInteger|IsControl|IsDirectControl|IsUncondControl)
 827750: global: Decode: Decoded std instruction: 0xf861fff8
 827750: system.cpu: A0 T0 : 0x1004aac4 @brk    : std        r3, -8(r1)      : MemWrite :  D=0x00000000100d5fe0 A=0x7fffffffe1f8  flags=(IsInteger|IsStore)
 828000: global: Decode: Decoded addi instruction: 0x3800002d
 828000: system.cpu: A0 T0 : 0x1004aac8 @brk+4    : li         r0, 45          : IntAlu :  D=0x000000000000002d  flags=(IsInteger)
 828250: global: Decode: Decoded sc instruction: 0x44000002
 828250: system.cpu: A0 T0 : 0x1004aacc @brk+8    : sc                         : IntAlu :   flags=()
 828500: global: Decode: Decoded ld instruction: 0xe8c1fff8
 828500: system.cpu: A0 T0 : 0x1004aad0 @brk+12    : ld         r6, -8(r1)      : MemRead :  D=0x00000000100d5fe0 A=0x7fffffffe1f8  flags=(IsInteger|IsLoad)
 828750: global: Decode: Decoded ld instruction: 0xe8a28038
 828750: system.cpu: A0 T0 : 0x1004aad4 @brk+16    : ld         r5, -32712(r2)  : MemRead :  D=0x00000000100b3700 A=0x100afd38  flags=(IsInteger|IsLoad)
 829000: global: Decode: Decoded std instruction: 0xf8650000
 829000: system.cpu: A0 T0 : 0x1004aad8 @brk+20    : std        r3, 0(r5)       : MemWrite :  D=0x00000000100d5fe0 A=0x100b3700  flags=(IsInteger|IsStore)
 829250: global: Decode: Decoded cmpl instruction: 0x7c261840
 829250: system.cpu: A0 T0 : 0x1004aadc @brk+24    : cmpld      r6, r3          : IntAlu :  D=0x0000000022022222  flags=(IsInteger)
 829500: global: Decode: Decoded addi instruction: 0x38600000
 829500: system.cpu: A0 T0 : 0x1004aae0 @brk+28    : li         r3, 0           : IntAlu :  D=0x0000000000000000  flags=(IsInteger)
 829750: global: Decode: Decoded bclr instruction: 0x4ca10020
 829750: system.cpu: A0 T0 : 0x1004aae4 @brk+32    : bclr       1, 5            : IntAlu :  D=0x000000001001bee0  flags=(IsInteger|IsControl|IsIndirectControl|IsCondControl|IsReturn)
 830000: global: Decode: Decoded ori instruction: 0x60000000
 830000: system.cpu: A0 T0 : 0x100220ec @__sbrk+252    : nop                        : IntAlu :  D=0x000000000000002d  flags=(IsInteger)
 830250: global: Decode: Decoded cmpi instruction: 0x2f830000
 830250: system.cpu: A0 T0 : 0x100220f0 @__sbrk+256    : cmpwi      cr7, r3, 0      : IntAlu :  D=0x0000000022022222  flags=(IsInteger)
 830500: global: Decode: Decoded bc instruction: 0x419c002c
 830500: system.cpu: A0 T0 : 0x100220f4 @__sbrk+260    : bc         28, 12, 0x10022120 : IntAlu :  D=0x000000001001bee0  flags=(IsInteger|IsControl|IsDirectControl|IsCondControl)
 830750: global: Decode: Decoded ld instruction: 0xe80100a0
 830750: system.cpu: A0 T0 : 0x100220f8 @__sbrk+264    : ld         r0, 160(r1)     : MemRead :  D=0x000000001001bef0 A=0x7fffffffe2a0  flags=(IsInteger|IsLoad)
 831000: global: Decode: Decoded addi instruction: 0x38210090
 831000: system.cpu: A0 T0 : 0x100220fc @__sbrk+268    : addi       r1, r1, 144     : IntAlu :  D=0x00007fffffffe290  flags=(IsInteger)
 831250: global: Decode: Decoded or instruction: 0x7fe3fb78
 831250: system.cpu: A0 T0 : 0x10022100 @__sbrk+272    : mr         r3, r31         : IntAlu :  D=0x00000000100b4fe0  flags=(IsInteger)
 831500: global: Decode: Decoded ld instruction: 0xeba1ffe8
 831500: system.cpu: A0 T0 : 0x10022104 @__sbrk+276    : ld         r29, -24(r1)    : MemRead :  D=0x0000000000021000 A=0x7fffffffe278  flags=(IsInteger|IsLoad)
 831750: global: Decode: Decoded ld instruction: 0xebc1fff0
 831750: system.cpu: A0 T0 : 0x10022108 @__sbrk+280    : ld         r30, -16(r1)    : MemRead :  D=0x0000000000000fff A=0x7fffffffe280  flags=(IsInteger|IsLoad)
 832000: global: Decode: Decoded ld instruction: 0xebe1fff8
 832000: system.cpu: A0 T0 : 0x1002210c @__sbrk+284    : ld         r31, -8(r1)     : MemRead :  D=0x0000000000000250 A=0x7fffffffe288  flags=(IsInteger|IsLoad)
 832250: global: Decode: Decoded mtlr instruction: 0x7c0803a6
 832250: system.cpu: A0 T0 : 0x10022110 @__sbrk+288    : mtlr       r0              : IntAlu :  D=0x000000001001bef0  flags=(IsInteger)
 832500: global: Decode: Decoded bclr instruction: 0x4e800020
 832500: system.cpu: A0 T0 : 0x10022114 @__sbrk+292    : bclr       0, 20           : IntAlu :  D=0x000000001001bee0  flags=(IsInteger|IsControl|IsIndirectControl|IsCondControl|IsReturn)
 832750: global: Decode: Decoded ori instruction: 0x60000000
 832750: system.cpu: A0 T0 : 0x1001bef0 @__default_morecore+16    : nop                        : IntAlu :  D=0x000000001001bef0  flags=(IsInteger)
 833000: global: Decode: Decoded addi instruction: 0x38210070
 833000: system.cpu: A0 T0 : 0x1001bef4 @__default_morecore+20    : addi       r1, r1, 112     : IntAlu :  D=0x00007fffffffe300  flags=(IsInteger)
 833250: global: Decode: Decoded addi instruction: 0x39230001
 833250: system.cpu: A0 T0 : 0x1001bef8 @__default_morecore+24    : addi       r9, r3, 1       : IntAlu :  D=0x00000000100b4fe1  flags=(IsInteger)
 833500: global: Decode: Decoded ld instruction: 0xe8010010
 833500: system.cpu: A0 T0 : 0x1001befc @__default_morecore+28    : ld         r0, 16(r1)      : MemRead :  D=0x0000000010017400 A=0x7fffffffe310  flags=(IsInteger|IsLoad)
 833750: global: Decode: Decoded subfic instruction: 0x21290000
 833750: system.cpu: A0 T0 : 0x1001bf00 @__default_morecore+32    : subfic     r9, r9, 0       : IntAlu :  D=0x0000000000000000  flags=(IsInteger)
 834000: global: Decode: Decoded subfe instruction: 0x7d294910
 834000: system.cpu: A0 T0 : 0x1001bf04 @__default_morecore+36    : subfe      r9, r9, r9      : IntAlu :  D=0x0000000000000000  flags=(IsInteger)
 834250: global: Decode: Decoded mtlr instruction: 0x7c0803a6
 834250: system.cpu: A0 T0 : 0x1001bf08 @__default_morecore+40    : mtlr       r0              : IntAlu :  D=0x0000000010017400  flags=(IsInteger)
 834500: global: Decode: Decoded and instruction: 0x7c634838
 834500: system.cpu: A0 T0 : 0x1001bf0c @__default_morecore+44    : and        r3, r3, r9      : IntAlu :  D=0x00000000100b4fe0  flags=(IsInteger)
 834750: global: Decode: Decoded bclr instruction: 0x4e800020
 834750: system.cpu: A0 T0 : 0x1001bf10 @__default_morecore+48    : bclr       0, 20           : IntAlu :  D=0x000000001001bee0  flags=(IsInteger|IsControl|IsIndirectControl|IsCondControl|IsReturn)
 835000: global: Decode: Decoded ld instruction: 0xe8410028
 835000: system.cpu: A0 T0 : 0x10017400 @sysmalloc+1504    : ld         r2, 40(r1)      : MemRead :  D=0x00000000100b7d00 A=0x7fffffffe328  flags=(IsInteger|IsLoad)
 835250: global: Decode: Decoded or instruction: 0x7c741b79
 835250: system.cpu: A0 T0 : 0x10017404 @sysmalloc+1508    : or.        r20, r3, r3     : IntAlu :  D=0x0000000042022222  flags=(IsInteger)
 835500: global: Decode: Decoded bc instruction: 0x41820214
 835500: system.cpu: A0 T0 : 0x10017408 @sysmalloc+1512    : bc         2, 12, 0x1001761c : IntAlu :  D=0x000000001001bee0  flags=(IsInteger|IsControl|IsDirectControl|IsCondControl)
 835750: global: Decode: Decoded ori instruction: 0x60000000
 835750: system.cpu: A0 T0 : 0x1001740c @sysmalloc+1516    : nop                        : IntAlu :  D=0x0000000010017400  flags=(IsInteger)
 836000: global: Decode: Decoded ld instruction: 0xe922ae38
 836000: system.cpu: A0 T0 : 0x10017410 @sysmalloc+1520    : ld         r9, -20936(r2)  : MemRead :  D=0x0000000000000000 A=0x100b2b38  flags=(IsInteger|IsLoad)
 836250: global: Decode: Decoded addi instruction: 0x3a600000
 836250: system.cpu: A0 T0 : 0x10017414 @sysmalloc+1524    : li         r19, 0          : IntAlu :  D=0x0000000000000000  flags=(IsInteger)
 836500: global: Decode: Decoded cmpi instruction: 0x2fa90000
 836500: system.cpu: A0 T0 : 0x10017418 @sysmalloc+1528    : cmpdi      cr7, r9, 0      : IntAlu :  D=0x0000000042022222  flags=(IsInteger)
 836750: global: Decode: Decoded bc instruction: 0x409e02f8
 836750: system.cpu: A0 T0 : 0x1001741c @sysmalloc+1532    : bc         30, 4, 0x10017714 : IntAlu :  D=0x000000001001bee0  flags=(IsInteger|IsControl|IsDirectControl|IsCondControl)
 837000: global: Decode: Decoded ori instruction: 0x60000000
 837000: system.cpu: A0 T0 : 0x10017420 @sysmalloc+1536    : nop                        : IntAlu :  D=0x0000000010017400  flags=(IsInteger)
 837250: global: Decode: Decoded ld instruction: 0xe9228ad0
 837250: system.cpu: A0 T0 : 0x10017424 @sysmalloc+1540    : ld         r9, -30000(r2)  : MemRead :  D=0x0000000000000000 A=0x100b07d0  flags=(IsInteger|IsLoad)
 837500: global: Decode: Decoded cmpi instruction: 0x2fa90000
 837500: system.cpu: A0 T0 : 0x10017428 @sysmalloc+1544    : cmpdi      cr7, r9, 0      : IntAlu :  D=0x0000000042022222  flags=(IsInteger)
 837750: global: Decode: Decoded bc instruction: 0x419e0234
 837750: system.cpu: A0 T0 : 0x1001742c @sysmalloc+1548    : bc         30, 12, 0x10017660 : IntAlu :  D=0x000000001001bee0  flags=(IsInteger|IsControl|IsDirectControl|IsCondControl)
 838000: global: Decode: Decoded ori instruction: 0x60000000
 838000: system.cpu: A0 T0 : 0x10017660 @sysmalloc+2112    : nop                        : IntAlu :  D=0x0000000010017400  flags=(IsInteger)
 838250: global: Decode: Decoded std instruction: 0xfa828ad0
 838250: system.cpu: A0 T0 : 0x10017664 @sysmalloc+2116    : std        r20, -30000(r2) : MemWrite :  D=0x00000000100b4fe0 A=0x100b07d0  flags=(IsInteger|IsStore)
 838500: global: Decode: Decoded b instruction: 0x4bfffdc8
 838500: system.cpu: A0 T0 : 0x10017668 @sysmalloc+2120    : b          0x10017430      : IntAlu :   flags=(IsControl|IsDirectControl|IsUncondControl)
 838750: global: Decode: Decoded ori instruction: 0x60000000
 838750: system.cpu: A0 T0 : 0x10017430 @sysmalloc+1552    : nop                        : IntAlu :  D=0x0000000010017400  flags=(IsInteger)
 839000: global: Decode: Decoded cmpl instruction: 0x7fbaa040
 839000: system.cpu: A0 T0 : 0x10017434 @sysmalloc+1556    : cmpld      cr7, r26, r20   : IntAlu :  D=0x0000000042022228  flags=(IsInteger)
 839250: global: Decode: Decoded ld instruction: 0xe9229380
 839250: system.cpu: A0 T0 : 0x10017438 @sysmalloc+1560    : ld         r9, -27776(r2)  : MemRead :  D=0x0000000000000000 A=0x100b1080  flags=(IsInteger|IsLoad)
 839500: global: Decode: Decoded add instruction: 0x7d3d4a14
 839500: system.cpu: A0 T0 : 0x1001743c @sysmalloc+1564    : add        r9, r29, r9     : IntAlu :  D=0x0000000000021000  flags=(IsInteger)
 839750: global: Decode: Decoded std instruction: 0xf9229380
 839750: system.cpu: A0 T0 : 0x10017440 @sysmalloc+1568    : std        r9, -27776(r2)  : MemWrite :  D=0x0000000000021000 A=0x100b1080  flags=(IsInteger|IsStore)
 840000: global: Decode: Decoded bc instruction: 0x419e01fc
 840000: system.cpu: A0 T0 : 0x10017444 @sysmalloc+1572    : bc         30, 12, 0x10017640 : IntAlu :  D=0x000000001001bee0  flags=(IsInteger|IsControl|IsDirectControl|IsCondControl)
 840250: global: Decode: Decoded ori instruction: 0x60000000
 840250: system.cpu: A0 T0 : 0x10017448 @sysmalloc+1576    : nop                        : IntAlu :  D=0x0000000010017400  flags=(IsInteger)
 840500: global: Decode: Decoded lwz instruction: 0x81428afc
 840500: system.cpu: A0 T0 : 0x1001744c @sysmalloc+1580    : lwz        r10, -29956(r2) : MemRead :  D=0x0000000000000000 A=0x100b07fc  flags=(IsInteger|IsLoad)
 840750: global: Decode: Decoded andi_ instruction: 0x714a0002
 840750: system.cpu: A0 T0 : 0x10017450 @sysmalloc+1584    : andi.      r10, r10, 2     : IntAlu :  D=0x0000000022022228  flags=(IsInteger)
 841000: global: Decode: Decoded bc instruction: 0x4082016c
 841000: system.cpu: A0 T0 : 0x10017454 @sysmalloc+1588    : bc         2, 4, 0x100175c0 : IntAlu :  D=0x000000001001bee0  flags=(IsInteger|IsControl|IsDirectControl|IsCondControl)
 841250: global: Decode: Decoded cmpi instruction: 0x2e380000
 841250: system.cpu: A0 T0 : 0x10017458 @sysmalloc+1592    : cmpdi      cr4, r24, 0     : IntAlu :  D=0x0000000022022228  flags=(IsInteger)
 841500: global: Decode: Decoded bc instruction: 0x41920018
 841500: system.cpu: A0 T0 : 0x1001745c @sysmalloc+1596    : bc         18, 12, 0x10017474 : IntAlu :  D=0x000000001001bee0  flags=(IsInteger|IsControl|IsDirectControl|IsCondControl)
 841750: global: Decode: Decoded andi_ instruction: 0x7289000f
 841750: system.cpu: A0 T0 : 0x10017474 @sysmalloc+1620    : andi.      r9, r20, 15     : IntAlu :  D=0x0000000022022228  flags=(IsInteger)
 842000: global: Decode: Decoded bc instruction: 0x41820248
 842000: system.cpu: A0 T0 : 0x10017478 @sysmalloc+1624    : bc         2, 12, 0x100176c0 : IntAlu :  D=0x000000001001bee0  flags=(IsInteger|IsControl|IsDirectControl|IsCondControl)
 842250: global: Decode: Decoded or instruction: 0x7f0ac378
 842250: system.cpu: A0 T0 : 0x100176c0 @sysmalloc+2208    : mr         r10, r24        : IntAlu :  D=0x0000000000000000  flags=(IsInteger)
 842500: global: Decode: Decoded or instruction: 0x7e9aa378
 842500: system.cpu: A0 T0 : 0x100176c4 @sysmalloc+2212    : mr         r26, r20        : IntAlu :  D=0x00000000100b4fe0  flags=(IsInteger)
 842750: global: Decode: Decoded b instruction: 0x4bfffdc0
 842750: system.cpu: A0 T0 : 0x100176c8 @sysmalloc+2216    : b          0x10017488      : IntAlu :   flags=(IsControl|IsDirectControl|IsUncondControl)
 843000: global: Decode: Decoded add instruction: 0x7d3d5214
 843000: system.cpu: A0 T0 : 0x10017488 @sysmalloc+1640    : add        r9, r29, r10    : IntAlu :  D=0x0000000000021000  flags=(IsInteger)
 843250: global: Decode: Decoded add instruction: 0x7d344a14
 843250: system.cpu: A0 T0 : 0x1001748c @sysmalloc+1644    : add        r9, r20, r9     : IntAlu :  D=0x00000000100d5fe0  flags=(IsInteger)
 843500: global: Decode: Decoded add instruction: 0x7fc9f214
 843500: system.cpu: A0 T0 : 0x10017490 @sysmalloc+1648    : add        r30, r9, r30    : IntAlu :  D=0x00000000100d6fdf  flags=(IsInteger)
 843750: global: Decode: Decoded subf instruction: 0x7d295050
 843750: system.cpu: A0 T0 : 0x10017494 @sysmalloc+1652    : subf       r9, r9, r10     : IntAlu :  D=0xffffffffeff2a020  flags=(IsInteger)
 844000: global: Decode: Decoded and instruction: 0x7fcac838
 844000: system.cpu: A0 T0 : 0x10017498 @sysmalloc+1656    : and        r10, r30, r25   : IntAlu :  D=0x00000000100d6000  flags=(IsInteger)
 844250: global: Decode: Decoded add instruction: 0x7fca4a15
 844250: system.cpu: A0 T0 : 0x1001749c @sysmalloc+1660    : add.       r30, r10, r9    : IntAlu :  D=0x0000000042022228  flags=(IsInteger)
 844500: global: Decode: Decoded bc instruction: 0x4180024c
 844500: system.cpu: A0 T0 : 0x100174a0 @sysmalloc+1664    : bc         0, 12, 0x100176ec : IntAlu :  D=0x000000001001bee0  flags=(IsInteger|IsControl|IsDirectControl|IsCondControl)
 844750: global: Decode: Decoded ori instruction: 0x60000000
 844750: system.cpu: A0 T0 : 0x100174a4 @sysmalloc+1668    : nop                        : IntAlu :  D=0x0000000010017400  flags=(IsInteger)
 845000: global: Decode: Decoded ld instruction: 0xe92293a0
 845000: system.cpu: A0 T0 : 0x100174a8 @sysmalloc+1672    : ld         r9, -27744(r2)  : MemRead :  D=0x00000000100ac880 A=0x100b10a0  flags=(IsInteger|IsLoad)
 845250: global: Decode: Decoded or instruction: 0x7fc3f378
 845250: system.cpu: A0 T0 : 0x100174ac @sysmalloc+1676    : mr         r3, r30         : IntAlu :  D=0x0000000000000020  flags=(IsInteger)
 845500: global: Decode: Decoded ld instruction: 0xe9490000
 845500: system.cpu: A0 T0 : 0x100174b0 @sysmalloc+1680    : ld         r10, 0(r9)      : MemRead :  D=0x000000001001bee0 A=0x100ac880  flags=(IsInteger|IsLoad)
 845750: global: Decode: Decoded ld instruction: 0xe9690010
 845750: system.cpu: A0 T0 : 0x100174b4 @sysmalloc+1684    : ld         r11, 16(r9)     : MemRead :  D=0x0000000000000000 A=0x100ac890  flags=(IsInteger|IsLoad)
 846000: global: Decode: Decoded mtctr instruction: 0x7d4903a6
 846000: system.cpu: A0 T0 : 0x100174b8 @sysmalloc+1688    : mtctr      r10             : IntAlu :  D=0x000000001001bee0  flags=(IsInteger)
 846250: global: Decode: Decoded ld instruction: 0xe8490008
 846250: system.cpu: A0 T0 : 0x100174bc @sysmalloc+1692    : ld         r2, 8(r9)       : MemRead :  D=0x00000000100b7d00 A=0x100ac888  flags=(IsInteger|IsLoad)
 846500: global: Decode: Decoded bcctr instruction: 0x4e800421
 846500: system.cpu: A0 T0 : 0x100174c0 @sysmalloc+1696    : bcctrl     0, 20           : IntAlu :  D=0x00000000100174c4  flags=(IsInteger|IsControl|IsIndirectControl|IsCondControl|IsCall)
 846750: global: Decode: Decoded mflr instruction: 0x7c0802a6
 846750: system.cpu: A0 T0 : 0x1001bee0 @__default_morecore    : mflr       r0              : IntAlu :  D=0x00000000100174c4  flags=(IsInteger)
 847000: global: Decode: Decoded std instruction: 0xf8010010
 847000: system.cpu: A0 T0 : 0x1001bee4 @__default_morecore+4    : std        r0, 16(r1)      : MemWrite :  D=0x00000000100174c4 A=0x7fffffffe310  flags=(IsInteger|IsStore)
 847250: global: Decode: Decoded stdu instruction: 0xf821ff91
 847250: system.cpu: A0 T0 : 0x1001bee8 @__default_morecore+8    : stdu       r1, -112(r1)    : MemWrite :  D=0x00007fffffffe290 A=0x7fffffffe290  flags=(IsInteger|IsStore)
 847500: global: Decode: Decoded b instruction: 0x48006105
 847500: system.cpu: A0 T0 : 0x1001beec @__default_morecore+12    : bl         sbrk            : IntAlu :  D=0x000000001001bef0  flags=(IsInteger|IsControl|IsDirectControl|IsUncondControl)
 847750: global: Decode: Decoded std instruction: 0xfba1ffe8
 847750: system.cpu: A0 T0 : 0x10021ff0 @__sbrk    : std        r29, -24(r1)    : MemWrite :  D=0x0000000000021000 A=0x7fffffffe278  flags=(IsInteger|IsStore)
 848000: global: Decode: Decoded ori instruction: 0x60000000
 848000: system.cpu: A0 T0 : 0x10021ff4 @__sbrk+4    : nop                        : IntAlu :  D=0x00000000100174c4  flags=(IsInteger)
 848250: global: Decode: Decoded addi instruction: 0x3ba2ba00
 848250: system.cpu: A0 T0 : 0x10021ff8 @__sbrk+8    : subi       r29, r2, 17920  : IntAlu :  D=0x00000000100b3700  flags=(IsInteger)
 848500: global: Decode: Decoded std instruction: 0xfbe1fff8
 848500: system.cpu: A0 T0 : 0x10021ffc @__sbrk+12    : std        r31, -8(r1)     : MemWrite :  D=0x0000000000000250 A=0x7fffffffe288  flags=(IsInteger|IsStore)
 848750: global: Decode: Decoded std instruction: 0xfbc1fff0
 848750: system.cpu: A0 T0 : 0x10022000 @__sbrk+16    : std        r30, -16(r1)    : MemWrite :  D=0x0000000000000020 A=0x7fffffffe280  flags=(IsInteger|IsStore)
 849000: global: Decode: Decoded or instruction: 0x7c7e1b78
 849000: system.cpu: A0 T0 : 0x10022004 @__sbrk+20    : mr         r30, r3         : IntAlu :  D=0x0000000000000020  flags=(IsInteger)
 849250: global: Decode: Decoded stdu instruction: 0xf821ff71
 849250: system.cpu: A0 T0 : 0x10022008 @__sbrk+24    : stdu       r1, -144(r1)    : MemWrite :  D=0x00007fffffffe200 A=0x7fffffffe200  flags=(IsInteger|IsStore)
 849500: global: Decode: Decoded ld instruction: 0xebfd0000
 849500: system.cpu: A0 T0 : 0x1002200c @__sbrk+28    : ld         r31, 0(r29)     : MemRead :  D=0x00000000100d5fe0 A=0x100b3700  flags=(IsInteger|IsLoad)
 849750: global: Decode: Decoded cmpi instruction: 0x2fbf0000
 849750: system.cpu: A0 T0 : 0x10022010 @__sbrk+32    : cmpdi      cr7, r31, 0     : IntAlu :  D=0x0000000042022224  flags=(IsInteger)
 850000: global: Decode: Decoded bc instruction: 0x419e007c
 850000: system.cpu: A0 T0 : 0x10022014 @__sbrk+36    : bc         30, 12, 0x10022090 : IntAlu :  D=0x000000001001bee0  flags=(IsInteger|IsControl|IsDirectControl|IsCondControl)
 850250: global: Decode: Decoded ori instruction: 0x60000000
 850250: system.cpu: A0 T0 : 0x10022018 @__sbrk+40    : nop                        : IntAlu :  D=0x00000000100174c4  flags=(IsInteger)
 850500: global: Decode: Decoded addi instruction: 0x392299b8
 850500: system.cpu: A0 T0 : 0x1002201c @__sbrk+44    : subi       r9, r2, 26184   : IntAlu :  D=0x00000000100b16b8  flags=(IsInteger)
 850750: global: Decode: Decoded lwz instruction: 0x81290000
 850750: system.cpu: A0 T0 : 0x10022020 @__sbrk+48    : lwz        r9, 0(r9)       : MemRead :  D=0x0000000000000000 A=0x100b16b8  flags=(IsInteger|IsLoad)
 851000: global: Decode: Decoded cmpi instruction: 0x2f890000
 851000: system.cpu: A0 T0 : 0x10022024 @__sbrk+52    : cmpwi      cr7, r9, 0      : IntAlu :  D=0x0000000042022222  flags=(IsInteger)
 851250: global: Decode: Decoded bc instruction: 0x409e0068
 851250: system.cpu: A0 T0 : 0x10022028 @__sbrk+56    : bc         30, 4, 0x10022090 : IntAlu :  D=0x000000001001bee0  flags=(IsInteger|IsControl|IsDirectControl|IsCondControl)
 851500: global: Decode: Decoded cmpi instruction: 0x2fbe0000
 851500: system.cpu: A0 T0 : 0x1002202c @__sbrk+60    : cmpdi      cr7, r30, 0     : IntAlu :  D=0x0000000042022224  flags=(IsInteger)
 851750: global: Decode: Decoded bc instruction: 0x419e003c
 851750: system.cpu: A0 T0 : 0x10022030 @__sbrk+64    : bc         30, 12, 0x1002206c : IntAlu :  D=0x000000001001bee0  flags=(IsInteger|IsControl|IsDirectControl|IsCondControl)
 852000: global: Decode: Decoded bc instruction: 0x409d008c
 852000: system.cpu: A0 T0 : 0x10022034 @__sbrk+68    : bc         29, 4, 0x100220c0 : IntAlu :  D=0x000000001001bee0  flags=(IsInteger|IsControl|IsDirectControl|IsCondControl)
 852250: global: Decode: Decoded add instruction: 0x7d3efa14
 852250: system.cpu: A0 T0 : 0x10022038 @__sbrk+72    : add        r9, r30, r31    : IntAlu :  D=0x00000000100d6000  flags=(IsInteger)
 852500: global: Decode: Decoded subfc instruction: 0x7d3f4810
 852500: system.cpu: A0 T0 : 0x1002203c @__sbrk+76    : subfc      r9, r31, r9     : IntAlu :  D=0x0000000020040000  flags=(IsInteger)
 852750: global: Decode: Decoded subfe instruction: 0x7d294910
 852750: system.cpu: A0 T0 : 0x10022040 @__sbrk+80    : subfe      r9, r9, r9      : IntAlu :  D=0x0000000020040000  flags=(IsInteger)
 853000: global: Decode: Decoded neg instruction: 0x7d2900d0
 853000: system.cpu: A0 T0 : 0x10022044 @__sbrk+84    : neg        r9, r9          : IntAlu :  D=0x0000000000000000  flags=(IsInteger)
 853250: global: Decode: Decoded rlwinm instruction: 0x5529063e
 853250: system.cpu: A0 T0 : 0x10022048 @__sbrk+88    : clrlwi     r9, r9, 24      : IntAlu :  D=0x0000000000000000  flags=(IsInteger)
 853500: global: Decode: Decoded cmpi instruction: 0x2fa90000
 853500: system.cpu: A0 T0 : 0x1002204c @__sbrk+92    : cmpdi      cr7, r9, 0      : IntAlu :  D=0x0000000042022222  flags=(IsInteger)
 853750: global: Decode: Decoded bc instruction: 0x419e008c
 853750: system.cpu: A0 T0 : 0x10022050 @__sbrk+96    : bc         30, 12, 0x100220dc : IntAlu :  D=0x000000001001bee0  flags=(IsInteger|IsControl|IsDirectControl|IsCondControl)
 854000: global: Decode: Decoded mflr instruction: 0x7c0802a6
 854000: system.cpu: A0 T0 : 0x100220dc @__sbrk+236    : mflr       r0              : IntAlu :  D=0x000000001001bef0  flags=(IsInteger)
 854250: global: Decode: Decoded add instruction: 0x7c7ff214
 854250: system.cpu: A0 T0 : 0x100220e0 @__sbrk+240    : add        r3, r31, r30    : IntAlu :  D=0x00000000100d6000  flags=(IsInteger)
 854500: global: Decode: Decoded std instruction: 0xf80100a0
 854500: system.cpu: A0 T0 : 0x100220e4 @__sbrk+244    : std        r0, 160(r1)     : MemWrite :  D=0x000000001001bef0 A=0x7fffffffe2a0  flags=(IsInteger|IsStore)
 854750: global: Decode: Decoded b instruction: 0x480289dd
 854750: system.cpu: A0 T0 : 0x100220e8 @__sbrk+248    : bl         __brk           : IntAlu :  D=0x00000000100220ec  flags=(IsInteger|IsControl|IsDirectControl|IsUncondControl)
 855000: global: Decode: Decoded std instruction: 0xf861fff8
 855000: system.cpu: A0 T0 : 0x1004aac4 @brk    : std        r3, -8(r1)      : MemWrite :  D=0x00000000100d6000 A=0x7fffffffe1f8  flags=(IsInteger|IsStore)
 855250: global: Decode: Decoded addi instruction: 0x3800002d
 855250: system.cpu: A0 T0 : 0x1004aac8 @brk+4    : li         r0, 45          : IntAlu :  D=0x000000000000002d  flags=(IsInteger)
 855500: global: Decode: Decoded sc instruction: 0x44000002
 855500: system.cpu: A0 T0 : 0x1004aacc @brk+8    : sc                         : IntAlu :   flags=()
 855750: global: Decode: Decoded ld instruction: 0xe8c1fff8
 855750: system.cpu: A0 T0 : 0x1004aad0 @brk+12    : ld         r6, -8(r1)      : MemRead :  D=0x00000000100d6000 A=0x7fffffffe1f8  flags=(IsInteger|IsLoad)
 856000: global: Decode: Decoded ld instruction: 0xe8a28038
 856000: system.cpu: A0 T0 : 0x1004aad4 @brk+16    : ld         r5, -32712(r2)  : MemRead :  D=0x00000000100b3700 A=0x100afd38  flags=(IsInteger|IsLoad)
 856250: global: Decode: Decoded std instruction: 0xf8650000
 856250: system.cpu: A0 T0 : 0x1004aad8 @brk+20    : std        r3, 0(r5)       : MemWrite :  D=0x00000000100d6000 A=0x100b3700  flags=(IsInteger|IsStore)
 856500: global: Decode: Decoded cmpl instruction: 0x7c261840
 856500: system.cpu: A0 T0 : 0x1004aadc @brk+24    : cmpld      r6, r3          : IntAlu :  D=0x0000000022022222  flags=(IsInteger)
 856750: global: Decode: Decoded addi instruction: 0x38600000
 856750: system.cpu: A0 T0 : 0x1004aae0 @brk+28    : li         r3, 0           : IntAlu :  D=0x0000000000000000  flags=(IsInteger)
 857000: global: Decode: Decoded bclr instruction: 0x4ca10020
 857000: system.cpu: A0 T0 : 0x1004aae4 @brk+32    : bclr       1, 5            : IntAlu :  D=0x000000001001bee0  flags=(IsInteger|IsControl|IsIndirectControl|IsCondControl|IsReturn)
 857250: global: Decode: Decoded ori instruction: 0x60000000
 857250: system.cpu: A0 T0 : 0x100220ec @__sbrk+252    : nop                        : IntAlu :  D=0x000000000000002d  flags=(IsInteger)
 857500: global: Decode: Decoded cmpi instruction: 0x2f830000
 857500: system.cpu: A0 T0 : 0x100220f0 @__sbrk+256    : cmpwi      cr7, r3, 0      : IntAlu :  D=0x0000000022022222  flags=(IsInteger)
 857750: global: Decode: Decoded bc instruction: 0x419c002c
 857750: system.cpu: A0 T0 : 0x100220f4 @__sbrk+260    : bc         28, 12, 0x10022120 : IntAlu :  D=0x000000001001bee0  flags=(IsInteger|IsControl|IsDirectControl|IsCondControl)
 858000: global: Decode: Decoded ld instruction: 0xe80100a0
 858000: system.cpu: A0 T0 : 0x100220f8 @__sbrk+264    : ld         r0, 160(r1)     : MemRead :  D=0x000000001001bef0 A=0x7fffffffe2a0  flags=(IsInteger|IsLoad)
 858250: global: Decode: Decoded addi instruction: 0x38210090
 858250: system.cpu: A0 T0 : 0x100220fc @__sbrk+268    : addi       r1, r1, 144     : IntAlu :  D=0x00007fffffffe290  flags=(IsInteger)
 858500: global: Decode: Decoded or instruction: 0x7fe3fb78
 858500: system.cpu: A0 T0 : 0x10022100 @__sbrk+272    : mr         r3, r31         : IntAlu :  D=0x00000000100d5fe0  flags=(IsInteger)
 858750: global: Decode: Decoded ld instruction: 0xeba1ffe8
 858750: system.cpu: A0 T0 : 0x10022104 @__sbrk+276    : ld         r29, -24(r1)    : MemRead :  D=0x0000000000021000 A=0x7fffffffe278  flags=(IsInteger|IsLoad)
 859000: global: Decode: Decoded ld instruction: 0xebc1fff0
 859000: system.cpu: A0 T0 : 0x10022108 @__sbrk+280    : ld         r30, -16(r1)    : MemRead :  D=0x0000000000000020 A=0x7fffffffe280  flags=(IsInteger|IsLoad)
 859250: global: Decode: Decoded ld instruction: 0xebe1fff8
 859250: system.cpu: A0 T0 : 0x1002210c @__sbrk+284    : ld         r31, -8(r1)     : MemRead :  D=0x0000000000000250 A=0x7fffffffe288  flags=(IsInteger|IsLoad)
 859500: global: Decode: Decoded mtlr instruction: 0x7c0803a6
 859500: system.cpu: A0 T0 : 0x10022110 @__sbrk+288    : mtlr       r0              : IntAlu :  D=0x000000001001bef0  flags=(IsInteger)
 859750: global: Decode: Decoded bclr instruction: 0x4e800020
 859750: system.cpu: A0 T0 : 0x10022114 @__sbrk+292    : bclr       0, 20           : IntAlu :  D=0x000000001001bee0  flags=(IsInteger|IsControl|IsIndirectControl|IsCondControl|IsReturn)
 860000: global: Decode: Decoded ori instruction: 0x60000000
 860000: system.cpu: A0 T0 : 0x1001bef0 @__default_morecore+16    : nop                        : IntAlu :  D=0x000000001001bef0  flags=(IsInteger)
 860250: global: Decode: Decoded addi instruction: 0x38210070
 860250: system.cpu: A0 T0 : 0x1001bef4 @__default_morecore+20    : addi       r1, r1, 112     : IntAlu :  D=0x00007fffffffe300  flags=(IsInteger)
 860500: global: Decode: Decoded addi instruction: 0x39230001
 860500: system.cpu: A0 T0 : 0x1001bef8 @__default_morecore+24    : addi       r9, r3, 1       : IntAlu :  D=0x00000000100d5fe1  flags=(IsInteger)
 860750: global: Decode: Decoded ld instruction: 0xe8010010
 860750: system.cpu: A0 T0 : 0x1001befc @__default_morecore+28    : ld         r0, 16(r1)      : MemRead :  D=0x00000000100174c4 A=0x7fffffffe310  flags=(IsInteger|IsLoad)
 861000: global: Decode: Decoded subfic instruction: 0x21290000
 861000: system.cpu: A0 T0 : 0x1001bf00 @__default_morecore+32    : subfic     r9, r9, 0       : IntAlu :  D=0x0000000000000000  flags=(IsInteger)
 861250: global: Decode: Decoded subfe instruction: 0x7d294910
 861250: system.cpu: A0 T0 : 0x1001bf04 @__default_morecore+36    : subfe      r9, r9, r9      : IntAlu :  D=0x0000000000000000  flags=(IsInteger)
 861500: global: Decode: Decoded mtlr instruction: 0x7c0803a6
 861500: system.cpu: A0 T0 : 0x1001bf08 @__default_morecore+40    : mtlr       r0              : IntAlu :  D=0x00000000100174c4  flags=(IsInteger)
 861750: global: Decode: Decoded and instruction: 0x7c634838
 861750: system.cpu: A0 T0 : 0x1001bf0c @__default_morecore+44    : and        r3, r3, r9      : IntAlu :  D=0x00000000100d5fe0  flags=(IsInteger)
 862000: global: Decode: Decoded bclr instruction: 0x4e800020
 862000: system.cpu: A0 T0 : 0x1001bf10 @__default_morecore+48    : bclr       0, 20           : IntAlu :  D=0x000000001001bee0  flags=(IsInteger|IsControl|IsIndirectControl|IsCondControl|IsReturn)
 862250: global: Decode: Decoded ld instruction: 0xe8410028
 862250: system.cpu: A0 T0 : 0x100174c4 @sysmalloc+1700    : ld         r2, 40(r1)      : MemRead :  D=0x00000000100b7d00 A=0x7fffffffe328  flags=(IsInteger|IsLoad)
 862500: global: Decode: Decoded or instruction: 0x7c731b79
 862500: system.cpu: A0 T0 : 0x100174c8 @sysmalloc+1704    : or.        r19, r3, r3     : IntAlu :  D=0x0000000042022222  flags=(IsInteger)
 862750: global: Decode: Decoded bc instruction: 0x41820240
 862750: system.cpu: A0 T0 : 0x100174cc @sysmalloc+1708    : bc         2, 12, 0x1001770c : IntAlu :  D=0x000000001001bee0  flags=(IsInteger|IsControl|IsDirectControl|IsCondControl)
 863000: global: Decode: Decoded ori instruction: 0x60000000
 863000: system.cpu: A0 T0 : 0x100174d0 @sysmalloc+1712    : nop                        : IntAlu :  D=0x00000000100174c4  flags=(IsInteger)
 863250: global: Decode: Decoded ld instruction: 0xe922ae38
 863250: system.cpu: A0 T0 : 0x100174d4 @sysmalloc+1716    : ld         r9, -20936(r2)  : MemRead :  D=0x0000000000000000 A=0x100b2b38  flags=(IsInteger|IsLoad)
 863500: global: Decode: Decoded cmpi instruction: 0x2fa90000
 863500: system.cpu: A0 T0 : 0x100174d8 @sysmalloc+1720    : cmpdi      cr7, r9, 0      : IntAlu :  D=0x0000000042022222  flags=(IsInteger)
 863750: global: Decode: Decoded bc instruction: 0x409e0254
 863750: system.cpu: A0 T0 : 0x100174dc @sysmalloc+1724    : bc         30, 4, 0x10017730 : IntAlu :  D=0x000000001001bee0  flags=(IsInteger|IsControl|IsDirectControl|IsCondControl)
 864000: global: Decode: Decoded ld instruction: 0xe93608f8
 864000: system.cpu: A0 T0 : 0x100174e0 @sysmalloc+1728    : ld         r9, 2296(r22)   : MemRead :  D=0x0000000000021000 A=0x100b1080  flags=(IsInteger|IsLoad)
 864250: global: Decode: Decoded or instruction: 0x7f54d378
 864250: system.cpu: A0 T0 : 0x100174e4 @sysmalloc+1732    : mr         r20, r26        : IntAlu :  D=0x00000000100b4fe0  flags=(IsInteger)
 864500: global: Decode: Decoded add instruction: 0x7d3e4a14
 864500: system.cpu: A0 T0 : 0x100174e8 @sysmalloc+1736    : add        r9, r30, r9     : IntAlu :  D=0x0000000000021020  flags=(IsInteger)
 864750: global: Decode: Decoded subf instruction: 0x7d549850
 864750: system.cpu: A0 T0 : 0x100174ec @sysmalloc+1740    : subf       r10, r20, r19   : IntAlu :  D=0x0000000000021000  flags=(IsInteger)
 865000: global: Decode: Decoded ori instruction: 0x60000000
 865000: system.cpu: A0 T0 : 0x100174f0 @sysmalloc+1744    : nop                        : IntAlu :  D=0x00000000100174c4  flags=(IsInteger)
 865250: global: Decode: Decoded add instruction: 0x7d4af214
 865250: system.cpu: A0 T0 : 0x100174f4 @sysmalloc+1748    : add        r10, r10, r30   : IntAlu :  D=0x0000000000021020  flags=(IsInteger)
 865500: global: Decode: Decoded ori instruction: 0x614a0001
 865500: system.cpu: A0 T0 : 0x100174f8 @sysmalloc+1752    : ori        r10, r10, 1     : IntAlu :  D=0x0000000000021021  flags=(IsInteger)
 865750: global: Decode: Decoded std instruction: 0xfa828b58
 865750: system.cpu: A0 T0 : 0x100174fc @sysmalloc+1756    : std        r20, -29864(r2) : MemWrite :  D=0x00000000100b4fe0 A=0x100b0858  flags=(IsInteger|IsStore)
 866000: global: Decode: Decoded std instruction: 0xf9540008
 866000: system.cpu: A0 T0 : 0x10017500 @sysmalloc+1760    : std        r10, 8(r20)     : MemWrite :  D=0x0000000000021021 A=0x100b4fe8  flags=(IsInteger|IsStore)
 866250: global: Decode: Decoded ori instruction: 0x60000000
 866250: system.cpu: A0 T0 : 0x10017504 @sysmalloc+1764    : nop                        : IntAlu :  D=0x00000000100174c4  flags=(IsInteger)
 866500: global: Decode: Decoded std instruction: 0xf9229380
 866500: system.cpu: A0 T0 : 0x10017508 @sysmalloc+1768    : std        r9, -27776(r2)  : MemWrite :  D=0x0000000000021020 A=0x100b1080  flags=(IsInteger|IsStore)
 866750: global: Decode: Decoded bc instruction: 0x4192fa74
 866750: system.cpu: A0 T0 : 0x1001750c @sysmalloc+1772    : bc         18, 12, 0x10016f80 : IntAlu :  D=0x000000001001bee0  flags=(IsInteger|IsControl|IsDirectControl|IsCondControl)
 867000: global: Decode: Decoded ld instruction: 0xe95c0890
 867000: system.cpu: A0 T0 : 0x10016f80 @sysmalloc+352    : ld         r10, 2192(r28)  : MemRead :  D=0x0000000000000000 A=0x100b1088  flags=(IsInteger|IsLoad)
 867250: global: Decode: Decoded cmpl instruction: 0x7faa4840
 867250: system.cpu: A0 T0 : 0x10016f84 @sysmalloc+356    : cmpld      cr7, r10, r9    : IntAlu :  D=0x0000000042022228  flags=(IsInteger)
 867500: global: Decode: Decoded bc instruction: 0x409c0008
 867500: system.cpu: A0 T0 : 0x10016f88 @sysmalloc+360    : bc         28, 4, 0x10016f90 : IntAlu :  D=0x000000001001bee0  flags=(IsInteger|IsControl|IsDirectControl|IsCondControl)
 867750: global: Decode: Decoded std instruction: 0xf93c0890
 867750: system.cpu: A0 T0 : 0x10016f8c @sysmalloc+364    : std        r9, 2192(r28)   : MemWrite :  D=0x0000000000021020 A=0x100b1088  flags=(IsInteger|IsStore)
 868000: global: Decode: Decoded ld instruction: 0xe9340008
 868000: system.cpu: A0 T0 : 0x10016f90 @sysmalloc+368    : ld         r9, 8(r20)      : MemRead :  D=0x0000000000021021 A=0x100b4fe8  flags=(IsInteger|IsLoad)
 868250: global: Decode: Decoded rldicr instruction: 0x79290724
 868250: system.cpu: A0 T0 : 0x10016f94 @sysmalloc+372    : rldicr     r9, r9, 0, 60   : IntAlu :  D=0x0000000000021020  flags=(IsInteger)
 868500: global: Decode: Decoded cmpl instruction: 0x7fb54840
 868500: system.cpu: A0 T0 : 0x10016f98 @sysmalloc+376    : cmpld      cr7, r21, r9    : IntAlu :  D=0x0000000042022228  flags=(IsInteger)
 868750: global: Decode: Decoded bc instruction: 0x419d03f4
 868750: system.cpu: A0 T0 : 0x10016f9c @sysmalloc+380    : bc         29, 12, 0x10017390 : IntAlu :  D=0x000000001001bee0  flags=(IsInteger|IsControl|IsDirectControl|IsCondControl)
 869000: global: Decode: Decoded cmp instruction: 0x7fbcb800
 869000: system.cpu: A0 T0 : 0x10016fa0 @sysmalloc+384    : cmpd       cr7, r28, r23   : IntAlu :  D=0x0000000042022222  flags=(IsInteger)
 869250: global: Decode: Decoded add instruction: 0x7d54fa14
 869250: system.cpu: A0 T0 : 0x10016fa4 @sysmalloc+388    : add        r10, r20, r31   : IntAlu :  D=0x00000000100b5230  flags=(IsInteger)
 869500: global: Decode: Decoded subf instruction: 0x7d3f4850
 869500: system.cpu: A0 T0 : 0x10016fa8 @sysmalloc+392    : subf       r9, r31, r9     : IntAlu :  D=0x0000000000020dd0  flags=(IsInteger)
 869750: global: Decode: Decoded std instruction: 0xf95c0060
 869750: system.cpu: A0 T0 : 0x10016fac @sysmalloc+396    : std        r10, 96(r28)    : MemWrite :  D=0x00000000100b5230 A=0x100b0858  flags=(IsInteger|IsStore)
 870000: global: Decode: Decoded bc instruction: 0x419e0008
 870000: system.cpu: A0 T0 : 0x10016fb0 @sysmalloc+400    : bc         30, 12, 0x10016fb8 : IntAlu :  D=0x000000001001bee0  flags=(IsInteger|IsControl|IsDirectControl|IsCondControl)
 870250: global: Decode: Decoded ori instruction: 0x63ff0001
 870250: system.cpu: A0 T0 : 0x10016fb8 @sysmalloc+408    : ori        r31, r31, 1     : IntAlu :  D=0x0000000000000251  flags=(IsInteger)
 870500: global: Decode: Decoded ori instruction: 0x61290001
 870500: system.cpu: A0 T0 : 0x10016fbc @sysmalloc+412    : ori        r9, r9, 1       : IntAlu :  D=0x0000000000020dd1  flags=(IsInteger)
 870750: global: Decode: Decoded addi instruction: 0x38740010
 870750: system.cpu: A0 T0 : 0x10016fc0 @sysmalloc+416    : addi       r3, r20, 16     : IntAlu :  D=0x00000000100b4ff0  flags=(IsInteger)
 871000: global: Decode: Decoded std instruction: 0xfbf40008
 871000: system.cpu: A0 T0 : 0x10016fc4 @sysmalloc+420    : std        r31, 8(r20)     : MemWrite :  D=0x0000000000000251 A=0x100b4fe8  flags=(IsInteger|IsStore)
 871250: global: Decode: Decoded std instruction: 0xf92a0008
 871250: system.cpu: A0 T0 : 0x10016fc8 @sysmalloc+424    : std        r9, 8(r10)      : MemWrite :  D=0x0000000000020dd1 A=0x100b5238  flags=(IsInteger|IsStore)
 871500: global: Decode: Decoded std instruction: 0xf92a0008
 871500: system.cpu: A0 T0 : 0x10016fc8 @sysmalloc+424    : std        r9, 8(r10)      : MemWrite :  D=0x0000000000020dd1 A=0x100b5238  flags=(IsInteger|IsStore)
 871750: global: Decode: Decoded ld instruction: 0xe8010110
 871750: system.cpu: A0 T0 : 0x10016fcc @sysmalloc+428    : ld         r0, 272(r1)     : MemRead :  D=0x00000000100188d0 A=0x7fffffffe410  flags=(IsInteger|IsLoad)
 872000: global: Decode: Decoded ld instruction: 0xe9c10070
 872000: system.cpu: A0 T0 : 0x10016fd0 @sysmalloc+432    : ld         r14, 112(r1)    : MemRead :  D=0x000000000000005c A=0x7fffffffe370  flags=(IsInteger|IsLoad)
 872250: global: Decode: Decoded ld instruction: 0xe9e10078
 872250: system.cpu: A0 T0 : 0x10016fd4 @sysmalloc+436    : ld         r15, 120(r1)    : MemRead :  D=0x0000000000000001 A=0x7fffffffe378  flags=(IsInteger|IsLoad)
 872500: global: Decode: Decoded ld instruction: 0xea010080
 872500: system.cpu: A0 T0 : 0x10016fd8 @sysmalloc+440    : ld         r16, 128(r1)    : MemRead :  D=0x0000000000000000 A=0x7fffffffe380  flags=(IsInteger|IsLoad)
 872750: global: Decode: Decoded ld instruction: 0xea210088
 872750: system.cpu: A0 T0 : 0x10016fdc @sysmalloc+444    : ld         r17, 136(r1)    : MemRead :  D=0x0000000000000007 A=0x7fffffffe388  flags=(IsInteger|IsLoad)
 873000: global: Decode: Decoded ld instruction: 0xea410090
 873000: system.cpu: A0 T0 : 0x10016fe0 @sysmalloc+448    : ld         r18, 144(r1)    : MemRead :  D=0x0000000000000000 A=0x7fffffffe390  flags=(IsInteger|IsLoad)
 873250: global: Decode: Decoded ld instruction: 0xea610098
 873250: system.cpu: A0 T0 : 0x10016fe4 @sysmalloc+452    : ld         r19, 152(r1)    : MemRead :  D=0x0000000000000118 A=0x7fffffffe398  flags=(IsInteger|IsLoad)
 873500: global: Decode: Decoded ld instruction: 0xea8100a0
 873500: system.cpu: A0 T0 : 0x10016fe8 @sysmalloc+456    : ld         r20, 160(r1)    : MemRead :  D=0x000000000000023f A=0x7fffffffe3a0  flags=(IsInteger|IsLoad)
 873750: global: Decode: Decoded ld instruction: 0xeaa100a8
 873750: system.cpu: A0 T0 : 0x10016fec @sysmalloc+460    : ld         r21, 168(r1)    : MemRead :  D=0x0000000000000118 A=0x7fffffffe3a8  flags=(IsInteger|IsLoad)
 874000: global: Decode: Decoded ld instruction: 0xeac100b0
 874000: system.cpu: A0 T0 : 0x10016ff0 @sysmalloc+464    : ld         r22, 176(r1)    : MemRead :  D=0x0000000000000009 A=0x7fffffffe3b0  flags=(IsInteger|IsLoad)
 874250: global: Decode: Decoded ld instruction: 0xeae100b8
 874250: system.cpu: A0 T0 : 0x10016ff4 @sysmalloc+468    : ld         r23, 184(r1)    : MemRead :  D=0x0000000000000025 A=0x7fffffffe3b8  flags=(IsInteger|IsLoad)
 874500: global: Decode: Decoded ld instruction: 0xeb0100c0
 874500: system.cpu: A0 T0 : 0x10016ff8 @sysmalloc+472    : ld         r24, 192(r1)    : MemRead :  D=0x0000000000000023 A=0x7fffffffe3c0  flags=(IsInteger|IsLoad)
 874750: global: Decode: Decoded mtlr instruction: 0x7c0803a6
 874750: system.cpu: A0 T0 : 0x10016ffc @sysmalloc+476    : mtlr       r0              : IntAlu :  D=0x00000000100188d0  flags=(IsInteger)
 875000: global: Decode: Decoded ld instruction: 0xeb4100d0
 875000: system.cpu: A0 T0 : 0x10017000 @sysmalloc+480    : ld         r26, 208(r1)    : MemRead :  D=0x00000000100b0788 A=0x7fffffffe3d0  flags=(IsInteger|IsLoad)
 875250: global: Decode: Decoded ld instruction: 0xeba100e8
 875250: system.cpu: A0 T0 : 0x10017004 @sysmalloc+484    : ld         r29, 232(r1)    : MemRead :  D=0x0000000000000240 A=0x7fffffffe3e8  flags=(IsInteger|IsLoad)
 875500: global: Decode: Decoded addi instruction: 0x38210100
 875500: system.cpu: A0 T0 : 0x10017008 @sysmalloc+488    : addi       r1, r1, 256     : IntAlu :  D=0x00007fffffffe400  flags=(IsInteger)
 875750: global: Decode: Decoded lwz instruction: 0x81810008
 875750: system.cpu: A0 T0 : 0x1001700c @sysmalloc+492    : lwz        r12, 8(r1)      : MemRead :  D=0x0000000022022222 A=0x7fffffffe408  flags=(IsInteger|IsLoad)
 876000: global: Decode: Decoded ld instruction: 0xeb21ffc8
 876000: system.cpu: A0 T0 : 0x10017010 @sysmalloc+496    : ld         r25, -56(r1)    : MemRead :  D=0x0000000000000039 A=0x7fffffffe3c8  flags=(IsInteger|IsLoad)
 876250: global: Decode: Decoded ld instruction: 0xeb61ffd8
 876250: system.cpu: A0 T0 : 0x10017014 @sysmalloc+500    : ld         r27, -40(r1)    : MemRead :  D=0x00000000100b0858 A=0x7fffffffe3d8  flags=(IsInteger|IsLoad)
 876500: global: Decode: Decoded ld instruction: 0xeb81ffe0
 876500: system.cpu: A0 T0 : 0x10017018 @sysmalloc+504    : ld         r28, -32(r1)    : MemRead :  D=0x0000000000000025 A=0x7fffffffe3e0  flags=(IsInteger|IsLoad)
 876750: global: Decode: Decoded ld instruction: 0xebc1fff0
 876750: system.cpu: A0 T0 : 0x1001701c @sysmalloc+508    : ld         r30, -16(r1)    : MemRead :  D=0x00000000100b07f8 A=0x7fffffffe3f0  flags=(IsInteger|IsLoad)
 877000: global: Decode: Decoded ld instruction: 0xebe1fff8
 877000: system.cpu: A0 T0 : 0x10017020 @sysmalloc+512    : ld         r31, -8(r1)     : MemRead :  D=0x0000000000000250 A=0x7fffffffe3f8  flags=(IsInteger|IsLoad)
 877250: global: Decode: Decoded mtocrf instruction: 0x7d910120
 877250: system.cpu: A0 T0 : 0x10017024 @sysmalloc+516    : mtocrf     r32, r12, r32   : IntAlu :  D=0x0000000042022222  flags=(IsInteger)
 877500: global: Decode: Decoded mtocrf instruction: 0x7d908120
 877500: system.cpu: A0 T0 : 0x10017028 @sysmalloc+520    : mtocrf     r32, r12, r32   : IntAlu :  D=0x0000000042022222  flags=(IsInteger)
 877750: global: Decode: Decoded bclr instruction: 0x4e800020
 877750: system.cpu: A0 T0 : 0x1001702c @sysmalloc+524    : bclr       0, 20           : IntAlu :  D=0x000000001001bee0  flags=(IsInteger|IsControl|IsIndirectControl|IsCondControl|IsReturn)
 878000: global: Decode: Decoded or instruction: 0x7c691b79
 878000: system.cpu: A0 T0 : 0x100188d0 @_int_malloc+4256    : or.        r9, r3, r3      : IntAlu :  D=0x0000000042022222  flags=(IsInteger)
 878250: global: Decode: Decoded bc instruction: 0x4182fac4
 878250: system.cpu: A0 T0 : 0x100188d4 @_int_malloc+4260    : bc         2, 12, 0x10018398 : IntAlu :  D=0x000000001001bee0  flags=(IsInteger|IsControl|IsDirectControl|IsCondControl)
 878500: global: Decode: Decoded ori instruction: 0x60000000
 878500: system.cpu: A0 T0 : 0x100188d8 @_int_malloc+4264    : nop                        : IntAlu :  D=0x00000000100188d0  flags=(IsInteger)
 878750: global: Decode: Decoded lwa instruction: 0xe942adf2
 878750: system.cpu: A0 T0 : 0x100188dc @_int_malloc+4268    : lwa        r10, -21008(r2) : MemRead :  D=0x0000000000000000 A=0x100b2af0  flags=(IsInteger|IsLoad)
 879000: global: Decode: Decoded cmpi instruction: 0x2faa0000
 879000: system.cpu: A0 T0 : 0x100188e0 @_int_malloc+4272    : cmpdi      cr7, r10, 0     : IntAlu :  D=0x0000000042022222  flags=(IsInteger)
 879250: global: Decode: Decoded bc instruction: 0x419ef6d8
 879250: system.cpu: A0 T0 : 0x100188e4 @_int_malloc+4276    : bc         30, 12, 0x10017fbc : IntAlu :  D=0x000000001001bee0  flags=(IsInteger|IsControl|IsDirectControl|IsCondControl)
 879500: global: Decode: Decoded ld instruction: 0xe9c100b0
 879500: system.cpu: A0 T0 : 0x10017fbc @_int_malloc+1932    : ld         r14, 176(r1)    : MemRead :  D=0x0000000000000000 A=0x7fffffffe4b0  flags=(IsInteger|IsLoad)
 879750: global: Decode: Decoded ld instruction: 0xe9e100b8
 879750: system.cpu: A0 T0 : 0x10017fc0 @_int_malloc+1936    : ld         r15, 184(r1)    : MemRead :  D=0x0000000000000000 A=0x7fffffffe4b8  flags=(IsInteger|IsLoad)
 880000: global: Decode: Decoded ld instruction: 0xea0100c0
 880000: system.cpu: A0 T0 : 0x10017fc4 @_int_malloc+1940    : ld         r16, 192(r1)    : MemRead :  D=0x0000000000000000 A=0x7fffffffe4c0  flags=(IsInteger|IsLoad)
 880250: global: Decode: Decoded ld instruction: 0xea2100c8
 880250: system.cpu: A0 T0 : 0x10017fc8 @_int_malloc+1944    : ld         r17, 200(r1)    : MemRead :  D=0x0000000000000000 A=0x7fffffffe4c8  flags=(IsInteger|IsLoad)
 880500: global: Decode: Decoded ld instruction: 0xea4100d0
 880500: system.cpu: A0 T0 : 0x10017fcc @_int_malloc+1948    : ld         r18, 208(r1)    : MemRead :  D=0x0000000000000000 A=0x7fffffffe4d0  flags=(IsInteger|IsLoad)
 880750: global: Decode: Decoded ld instruction: 0xea6100d8
 880750: system.cpu: A0 T0 : 0x10017fd0 @_int_malloc+1952    : ld         r19, 216(r1)    : MemRead :  D=0x0000000000000000 A=0x7fffffffe4d8  flags=(IsInteger|IsLoad)
 881000: global: Decode: Decoded ld instruction: 0xea8100e0
 881000: system.cpu: A0 T0 : 0x10017fd4 @_int_malloc+1956    : ld         r20, 224(r1)    : MemRead :  D=0x0000000000000004 A=0x7fffffffe4e0  flags=(IsInteger|IsLoad)
 881250: global: Decode: Decoded ld instruction: 0xeaa100e8
 881250: system.cpu: A0 T0 : 0x10017fd8 @_int_malloc+1960    : ld         r21, 232(r1)    : MemRead :  D=0x0000000000000000 A=0x7fffffffe4e8  flags=(IsInteger|IsLoad)
 881500: global: Decode: Decoded ld instruction: 0xeac100f0
 881500: system.cpu: A0 T0 : 0x10017fdc @_int_malloc+1964    : ld         r22, 240(r1)    : MemRead :  D=0x00000000100b2b70 A=0x7fffffffe4f0  flags=(IsInteger|IsLoad)
 881750: global: Decode: Decoded ld instruction: 0xeb010100
 881750: system.cpu: A0 T0 : 0x10017fe0 @_int_malloc+1968    : ld         r24, 256(r1)    : MemRead :  D=0x0000000000000003 A=0x7fffffffe500  flags=(IsInteger|IsLoad)
 882000: global: Decode: Decoded ld instruction: 0xeb210108
 882000: system.cpu: A0 T0 : 0x10017fe4 @_int_malloc+1972    : ld         r25, 264(r1)    : MemRead :  D=0x0000000000000040 A=0x7fffffffe508  flags=(IsInteger|IsLoad)
 882250: global: Decode: Decoded ld instruction: 0xeb410110
 882250: system.cpu: A0 T0 : 0x10017fe8 @_int_malloc+1976    : ld         r26, 272(r1)    : MemRead :  D=0x0000000000000002 A=0x7fffffffe510  flags=(IsInteger|IsLoad)
 882500: global: Decode: Decoded ld instruction: 0xeb610118
 882500: system.cpu: A0 T0 : 0x10017fec @_int_malloc+1980    : ld         r27, 280(r1)    : MemRead :  D=0x00007fffffffe750 A=0x7fffffffe518  flags=(IsInteger|IsLoad)
 882750: global: Decode: Decoded ld instruction: 0xeb810120
 882750: system.cpu: A0 T0 : 0x10017ff0 @_int_malloc+1984    : ld         r28, 288(r1)    : MemRead :  D=0x0000000000000003 A=0x7fffffffe520  flags=(IsInteger|IsLoad)
 883000: global: Decode: Decoded ld instruction: 0xe8010150
 883000: system.cpu: A0 T0 : 0x10017ff4 @_int_malloc+1988    : ld         r0, 336(r1)     : MemRead :  D=0x0000000010018b54 A=0x7fffffffe550  flags=(IsInteger|IsLoad)
 883250: global: Decode: Decoded mtlr instruction: 0x7c0803a6
 883250: system.cpu: A0 T0 : 0x10017ff8 @_int_malloc+1992    : mtlr       r0              : IntAlu :  D=0x0000000010018b54  flags=(IsInteger)
 883500: global: Decode: Decoded b instruction: 0x4bfff9ac
 883500: system.cpu: A0 T0 : 0x10017ffc @_int_malloc+1996    : b          0x100179a8      : IntAlu :   flags=(IsControl|IsDirectControl|IsUncondControl)
 883750: global: Decode: Decoded addi instruction: 0x38210140
 883750: system.cpu: A0 T0 : 0x100179a8 @_int_malloc+376    : addi       r1, r1, 320     : IntAlu :  D=0x00007fffffffe540  flags=(IsInteger)
 884000: global: Decode: Decoded or instruction: 0x7d234b78
 884000: system.cpu: A0 T0 : 0x100179ac @_int_malloc+380    : mr         r3, r9          : IntAlu :  D=0x00000000100b4ff0  flags=(IsInteger)
 884250: global: Decode: Decoded lwz instruction: 0x81810008
 884250: system.cpu: A0 T0 : 0x100179b0 @_int_malloc+384    : lwz        r12, 8(r1)      : MemRead :  D=0x0000000022002022 A=0x7fffffffe548  flags=(IsInteger|IsLoad)
 884500: global: Decode: Decoded ld instruction: 0xeae1ffb8
 884500: system.cpu: A0 T0 : 0x100179b4 @_int_malloc+388    : ld         r23, -72(r1)    : MemRead :  D=0x0000000000000001 A=0x7fffffffe4f8  flags=(IsInteger|IsLoad)
 884750: global: Decode: Decoded ld instruction: 0xeba1ffe8
 884750: system.cpu: A0 T0 : 0x100179b8 @_int_malloc+392    : ld         r29, -24(r1)    : MemRead :  D=0x00007fffffffe770 A=0x7fffffffe528  flags=(IsInteger|IsLoad)
 885000: global: Decode: Decoded ld instruction: 0xebc1fff0
 885000: system.cpu: A0 T0 : 0x100179bc @_int_malloc+396    : ld         r30, -16(r1)    : MemRead :  D=0x0000000000000045 A=0x7fffffffe530  flags=(IsInteger|IsLoad)
 885250: global: Decode: Decoded ld instruction: 0xebe1fff8
 885250: system.cpu: A0 T0 : 0x100179c0 @_int_malloc+400    : ld         r31, -8(r1)     : MemRead :  D=0x00000000100b07f8 A=0x7fffffffe538  flags=(IsInteger|IsLoad)
 885500: global: Decode: Decoded mtocrf instruction: 0x7d910120
 885500: system.cpu: A0 T0 : 0x100179c4 @_int_malloc+404    : mtocrf     r32, r12, r32   : IntAlu :  D=0x0000000042002222  flags=(IsInteger)
 885750: global: Decode: Decoded mtocrf instruction: 0x7d908120
 885750: system.cpu: A0 T0 : 0x100179c8 @_int_malloc+408    : mtocrf     r32, r12, r32   : IntAlu :  D=0x0000000042002222  flags=(IsInteger)
 886000: global: Decode: Decoded bclr instruction: 0x4e800020
 886000: system.cpu: A0 T0 : 0x100179cc @_int_malloc+412    : bclr       0, 20           : IntAlu :  D=0x000000001001bee0  flags=(IsInteger|IsControl|IsIndirectControl|IsCondControl|IsReturn)
 886250: global: Decode: Decoded cmpi instruction: 0x2fa30000
 886250: system.cpu: A0 T0 : 0x10018b54 @tcache_init.part.5+100    : cmpdi      cr7, r3, 0      : IntAlu :  D=0x0000000042002224  flags=(IsInteger)
 886500: global: Decode: Decoded or instruction: 0x7c7e1b78
 886500: system.cpu: A0 T0 : 0x10018b58 @tcache_init.part.5+104    : mr         r30, r3         : IntAlu :  D=0x00000000100b4ff0  flags=(IsInteger)
 886750: global: Decode: Decoded bc instruction: 0x419e00d4
 886750: system.cpu: A0 T0 : 0x10018b5c @tcache_init.part.5+108    : bc         30, 12, 0x10018c30 : IntAlu :  D=0x000000001001bee0  flags=(IsInteger|IsControl|IsDirectControl|IsCondControl)
 887000: global: Decode: Decoded addi instruction: 0x39400000
 887000: system.cpu: A0 T0 : 0x10018b60 @tcache_init.part.5+112    : li         r10, 0          : IntAlu :  D=0x0000000000000000  flags=(IsInteger)
 887250: global: Decode: Decoded sync instruction: 0x7c2004ac
 887250: system.cpu: A0 T0 : 0x10018b64 @tcache_init.part.5+116    : synco                      : IntAlu :   flags=(IsWriteBarrier|IsReadBarrier)
 887500: global: Decode: Decoded lwarx instruction: 0x7d20f828
 887500: system.cpu: A0 T0 : 0x10018b68 @tcache_init.part.5+120    : lwarx      r41, 0, r31     : MemRead :  D=0x00000000100b07f8 A=0x100b07f8  flags=(IsInteger|IsLoad)
 887750: global: Decode: Decoded stwcx instruction: 0x7d40f92d
 887750: system.cpu: A0 T0 : 0x10018b6c @tcache_init.part.5+124    : stwcx      r10, r31, r39   : MemWrite :  D=0x0000000022002224 A=0x100b07f8  flags=(IsInteger|IsStore)
 888000: global: Decode: Decoded bc instruction: 0x40c2fff8
 888000: system.cpu: A0 T0 : 0x10018b70 @tcache_init.part.5+128    : bc         2, 6, 0x10018b68 : IntAlu :  D=0x000000001001bee0  flags=(IsInteger|IsControl|IsDirectControl|IsCondControl)
 888250: global: Decode: Decoded cmpi instruction: 0x2e890001
 888250: system.cpu: A0 T0 : 0x10018b74 @tcache_init.part.5+132    : cmpwi      cr5, r9, 1      : IntAlu :  D=0x0000000022002224  flags=(IsInteger)
 888500: global: Decode: Decoded bc instruction: 0x41950048
 888500: system.cpu: A0 T0 : 0x10018b78 @tcache_init.part.5+136    : bc         21, 12, 0x10018bc0 : IntAlu :  D=0x000000001001bee0  flags=(IsInteger|IsControl|IsDirectControl|IsCondControl)
 888750: global: Decode: Decoded bc instruction: 0x419e0024
 888750: system.cpu: A0 T0 : 0x10018b7c @tcache_init.part.5+140    : bc         30, 12, 0x10018ba0 : IntAlu :  D=0x000000001001bee0  flags=(IsInteger|IsControl|IsDirectControl|IsCondControl)
 889000: global: Decode: Decoded ori instruction: 0x60000000
 889000: system.cpu: A0 T0 : 0x10018b80 @tcache_init.part.5+144    : nop                        : IntAlu :  D=0x0000000010018b54  flags=(IsInteger)
 889250: global: Decode: Decoded or instruction: 0x7fc3f378
 889250: system.cpu: A0 T0 : 0x10018b84 @tcache_init.part.5+148    : mr         r3, r30         : IntAlu :  D=0x00000000100b4ff0  flags=(IsInteger)
 889500: global: Decode: Decoded addi instruction: 0x392d9028
 889500: system.cpu: A0 T0 : 0x10018b88 @tcache_init.part.5+152    : subi       r9, r13, 28632  : IntAlu :  D=0x00000000100b4798  flags=(IsInteger)
 889750: global: Decode: Decoded addi instruction: 0x38a00240
 889750: system.cpu: A0 T0 : 0x10018b8c @tcache_init.part.5+156    : li         r5, 576         : IntAlu :  D=0x0000000000000240  flags=(IsInteger)
 890000: global: Decode: Decoded addi instruction: 0x38800000
 890000: system.cpu: A0 T0 : 0x10018b90 @tcache_init.part.5+160    : li         r4, 0           : IntAlu :  D=0x0000000000000000  flags=(IsInteger)
 890250: global: Decode: Decoded std instruction: 0xfbc90000
 890250: system.cpu: A0 T0 : 0x10018b94 @tcache_init.part.5+164    : std        r30, 0(r9)      : MemWrite :  D=0x00000000100b4ff0 A=0x100b4798  flags=(IsInteger|IsStore)
 890500: global: Decode: Decoded b instruction: 0x48004429
 890500: system.cpu: A0 T0 : 0x10018b98 @tcache_init.part.5+168    : bl         memset          : IntAlu :  D=0x0000000010018b9c  flags=(IsInteger|IsControl|IsDirectControl|IsUncondControl)
 890750: global: Decode: Decoded cmpli instruction: 0x28a50008
 890750: system.cpu: A0 T0 : 0x1001cfc0 @memset    : cmpldi     cr1, r5, 8      : IntAlu :  D=0x0000000024002224  flags=(IsInteger)
 891000: global: Decode: Decoded andi_ instruction: 0x70670007
 891000: system.cpu: A0 T0 : 0x1001cfc4 @memset+4    : andi.      r7, r3, 7       : IntAlu :  D=0x0000000024002224  flags=(IsInteger)
 891250: global: Decode: Decoded or instruction: 0x7c661b78
 891250: system.cpu: A0 T0 : 0x1001cfc8 @memset+8    : mr         r6, r3          : IntAlu :  D=0x00000000100b4ff0  flags=(IsInteger)
 891500: global: Decode: Decoded bc instruction: 0x40850194
 891500: system.cpu: A0 T0 : 0x1001cfcc @memset+12    : bc         5, 4, 0x1001d160 : IntAlu :  D=0x000000001001bee0  flags=(IsInteger|IsControl|IsDirectControl|IsCondControl)
 891750: global: Decode: Decoded cmpli instruction: 0x2aa5001f
 891750: system.cpu: A0 T0 : 0x1001cfd0 @memset+16    : cmpldi     cr5, r5, 31     : IntAlu :  D=0x0000000024002424  flags=(IsInteger)
 892000: global: Decode: Decoded rldimi instruction: 0x7884442c
 892000: system.cpu: A0 T0 : 0x1001cfd4 @memset+20    : rldimi     r4, r4, 8, 48   : IntAlu :  D=0x0000000000000000  flags=(IsInteger)
 892250: global: Decode: Decoded bc instruction: 0x41a2004c
 892250: system.cpu: A0 T0 : 0x1001cfd8 @memset+24    : bc         2, 13, 0x1001d024 : IntAlu :  D=0x000000001001bee0  flags=(IsInteger|IsControl|IsDirectControl|IsCondControl)
 892500: global: Decode: Decoded rldimi instruction: 0x7884802c
 892500: system.cpu: A0 T0 : 0x1001d024 @memset+100    : rldimi     r4, r4, 16, 32  : IntAlu :  D=0x0000000000000000  flags=(IsInteger)
 892750: global: Decode: Decoded mtcrf instruction: 0x7ca01120
 892750: system.cpu: A0 T0 : 0x1001d028 @memset+104    : mtcrf      r5, r32         : IntAlu :  D=0x0000000024002420  flags=(IsInteger)
 893000: global: Decode: Decoded bc instruction: 0x40950194
 893000: system.cpu: A0 T0 : 0x1001d02c @memset+108    : bc         21, 4, 0x1001d1c0 : IntAlu :  D=0x000000001001bee0  flags=(IsInteger|IsControl|IsDirectControl|IsCondControl)
 893250: global: Decode: Decoded andi_ instruction: 0x70c70018
 893250: system.cpu: A0 T0 : 0x1001d030 @memset+112    : andi.      r7, r6, 24      : IntAlu :  D=0x0000000044002420  flags=(IsInteger)
 893500: global: Decode: Decoded subfic instruction: 0x20e70020
 893500: system.cpu: A0 T0 : 0x1001d034 @memset+116    : subfic     r7, r7, 32      : IntAlu :  D=0x0000000020040000  flags=(IsInteger)
 893750: global: Decode: Decoded rldimi instruction: 0x7884000e
 893750: system.cpu: A0 T0 : 0x1001d038 @memset+120    : rldimi     r4, r4, 32, 0   : IntAlu :  D=0x0000000000000000  flags=(IsInteger)
 894000: global: Decode: Decoded bc instruction: 0x4182002c
 894000: system.cpu: A0 T0 : 0x1001d03c @memset+124    : bc         2, 12, 0x1001d068 : IntAlu :  D=0x000000001001bee0  flags=(IsInteger|IsControl|IsDirectControl|IsCondControl)
 894250: global: Decode: Decoded mtcrf instruction: 0x7ce01120
 894250: system.cpu: A0 T0 : 0x1001d040 @memset+128    : mtcrf      r7, r32         : IntAlu :  D=0x0000000044002420  flags=(IsInteger)
 894500: global: Decode: Decoded add instruction: 0x7cc63a14
 894500: system.cpu: A0 T0 : 0x1001d044 @memset+132    : add        r6, r6, r7      : IntAlu :  D=0x00000000100b5000  flags=(IsInteger)
 894750: global: Decode: Decoded subf instruction: 0x7ca72850
 894750: system.cpu: A0 T0 : 0x1001d048 @memset+136    : subf       r5, r7, r5      : IntAlu :  D=0x0000000000000230  flags=(IsInteger)
 895000: global: Decode: Decoded cmpli instruction: 0x28870010
 895000: system.cpu: A0 T0 : 0x1001d04c @memset+140    : cmplwi     cr1, r7, 16     : IntAlu :  D=0x0000000042002420  flags=(IsInteger)
 895250: global: Decode: Decoded or instruction: 0x7cc83378
 895250: system.cpu: A0 T0 : 0x1001d050 @memset+144    : mr         r8, r6          : IntAlu :  D=0x00000000100b5000  flags=(IsInteger)
 895500: global: Decode: Decoded bc instruction: 0x409c0008
 895500: system.cpu: A0 T0 : 0x1001d054 @memset+148    : bc         28, 4, 0x1001d05c : IntAlu :  D=0x000000001001bee0  flags=(IsInteger|IsControl|IsDirectControl|IsCondControl)
 895750: global: Decode: Decoded bc instruction: 0x4184000c
 895750: system.cpu: A0 T0 : 0x1001d05c @memset+156    : bc         4, 12, 0x1001d068 : IntAlu :  D=0x000000001001bee0  flags=(IsInteger|IsControl|IsDirectControl|IsCondControl)
 896000: global: Decode: Decoded std instruction: 0xf888fff8
 896000: system.cpu: A0 T0 : 0x1001d060 @memset+160    : std        r4, -8(r8)      : MemWrite :  D=0x0000000000000000 A=0x100b4ff8  flags=(IsInteger|IsStore)
 896250: global: Decode: Decoded stdu instruction: 0xf888fff1
 896250: system.cpu: A0 T0 : 0x1001d064 @memset+164    : stdu       r4, -16(r8)     : MemWrite :  D=0x00000000100b4ff0 A=0x100b4ff0  flags=(IsInteger|IsStore)
 896500: global: Decode: Decoded cmpli instruction: 0x28a40000
 896500: system.cpu: A0 T0 : 0x1001d068 @memset+168    : cmpldi     cr1, r4, 0      : IntAlu :  D=0x0000000042002420  flags=(IsInteger)
 896750: global: Decode: Decoded rldicr instruction: 0x78a706a5
 896750: system.cpu: A0 T0 : 0x1001d06c @memset+172    : rldicr.    r7, r5, 0, 58   : IntAlu :  D=0x0000000042002420  flags=(IsInteger)
 897000: global: Decode: Decoded mtcrf instruction: 0x7ca01120
 897000: system.cpu: A0 T0 : 0x1001d070 @memset+176    : mtcrf      r5, r32         : IntAlu :  D=0x0000000042002420  flags=(IsInteger)
 897250: global: Decode: Decoded bc instruction: 0x4186006c
 897250: system.cpu: A0 T0 : 0x1001d074 @memset+180    : bc         6, 12, 0x1001d0e0 : IntAlu :  D=0x000000001001bee0  flags=(IsInteger|IsControl|IsDirectControl|IsCondControl)
 897500: global: Decode: Decoded bc instruction: 0x418200e0
 897500: system.cpu: A0 T0 : 0x1001d0e0 @memset+288    : bc         2, 12, 0x1001d1c0 : IntAlu :  D=0x000000001001bee0  flags=(IsInteger|IsControl|IsDirectControl|IsCondControl)
 897750: global: Decode: Decoded ld instruction: 0xe9028030
 897750: system.cpu: A0 T0 : 0x1001d0e4 @memset+292    : ld         r8, -32720(r2)  : MemRead :  D=0x00000000100b30b8 A=0x100afd30  flags=(IsInteger|IsLoad)
 898000: global: Decode: Decoded lwz instruction: 0x81080000
 898000: system.cpu: A0 T0 : 0x1001d0e8 @memset+296    : lwz        r8, 0(r8)       : MemRead :  D=0x0000000000000000 A=0x100b30b8  flags=(IsInteger|IsLoad)
 898250: global: Decode: Decoded cmpli instruction: 0x28a80000
 898250: system.cpu: A0 T0 : 0x1001d0ec @memset+300    : cmpldi     cr1, r8, 0      : IntAlu :  D=0x0000000042002420  flags=(IsInteger)
 898500: global: Decode: Decoded bc instruction: 0x4186ff88
 898500: system.cpu: A0 T0 : 0x1001d0f0 @memset+304    : bc         6, 12, 0x1001d078 : IntAlu :  D=0x000000001001bee0  flags=(IsInteger|IsControl|IsDirectControl|IsCondControl)
 898750: global: Decode: Decoded rldicl instruction: 0x78e0d942
 898750: system.cpu: A0 T0 : 0x1001d078 @memset+184    : rldicl     r0, r7, 59, 5   : IntAlu :  D=0x0000000000000011  flags=(IsInteger)
 899000: global: Decode: Decoded mtctr instruction: 0x7c0903a6
 899000: system.cpu: A0 T0 : 0x1001d07c @memset+188    : mtctr      r0              : IntAlu :  D=0x0000000000000011  flags=(IsInteger)
 899250: global: Decode: Decoded bc instruction: 0x41820140
 899250: system.cpu: A0 T0 : 0x1001d080 @memset+192    : bc         2, 12, 0x1001d1c0 : IntAlu :  D=0x0000000000000011  flags=(IsInteger|IsControl|IsDirectControl|IsCondControl)
 899500: global: Decode: Decoded rldicl instruction: 0x78a506e1
 899500: system.cpu: A0 T0 : 0x1001d084 @memset+196    : clrldi.    r5, r5, 59      : IntAlu :  D=0x0000000042002420  flags=(IsInteger)
 899750: global: Decode: Decoded add instruction: 0x7cc63a14
 899750: system.cpu: A0 T0 : 0x1001d088 @memset+200    : add        r6, r6, r7      : IntAlu :  D=0x00000000100b5220  flags=(IsInteger)
 900000: global: Decode: Decoded addi instruction: 0x3900ffc0
 900000: system.cpu: A0 T0 : 0x1001d08c @memset+204    : li         r8, -64         : IntAlu :  D=0xffffffffffffffc0  flags=(IsInteger)
 900250: global: Decode: Decoded bc instruction: 0x4240001c
 900250: system.cpu: A0 T0 : 0x1001d090 @memset+208    : bc         0, 18, 0x1001d0ac : IntAlu :  D=0x0000000000000010  flags=(IsInteger|IsControl|IsDirectControl|IsCondControl)
 900500: global: Decode: Decoded dcbtst instruction: 0x7c0831ec
 900500: system.cpu: A0 T0 : 0x1001d094 @memset+212    : dcbtst                     : IntAlu :   flags=()
 900750: global: Decode: Decoded std instruction: 0xf886fff8
 900750: system.cpu: A0 T0 : 0x1001d098 @memset+216    : std        r4, -8(r6)      : MemWrite :  D=0x0000000000000000 A=0x100b5218  flags=(IsInteger|IsStore)
 901000: global: Decode: Decoded std instruction: 0xf886fff0
 901000: system.cpu: A0 T0 : 0x1001d09c @memset+220    : std        r4, -16(r6)     : MemWrite :  D=0x0000000000000000 A=0x100b5210  flags=(IsInteger|IsStore)
 901250: global: Decode: Decoded std instruction: 0xf886ffe8
 901250: system.cpu: A0 T0 : 0x1001d0a0 @memset+224    : std        r4, -24(r6)     : MemWrite :  D=0x0000000000000000 A=0x100b5208  flags=(IsInteger|IsStore)
 901500: global: Decode: Decoded stdu instruction: 0xf886ffe1
 901500: system.cpu: A0 T0 : 0x1001d0a4 @memset+228    : stdu       r4, -32(r6)     : MemWrite :  D=0x00000000100b5200 A=0x100b5200  flags=(IsInteger|IsStore)
 901750: global: Decode: Decoded bc instruction: 0x4200ffec
 901750: system.cpu: A0 T0 : 0x1001d0a8 @memset+232    : bc         0, 16, 0x1001d094 : IntAlu :  D=0x000000000000000f  flags=(IsInteger|IsControl|IsDirectControl|IsCondControl)
 902000: global: Decode: Decoded dcbtst instruction: 0x7c0831ec
 902000: system.cpu: A0 T0 : 0x1001d094 @memset+212    : dcbtst                     : IntAlu :   flags=()
 902250: global: Decode: Decoded std instruction: 0xf886fff8
 902250: system.cpu: A0 T0 : 0x1001d098 @memset+216    : std        r4, -8(r6)      : MemWrite :  D=0x0000000000000000 A=0x100b51f8  flags=(IsInteger|IsStore)
 902500: global: Decode: Decoded std instruction: 0xf886fff0
 902500: system.cpu: A0 T0 : 0x1001d09c @memset+220    : std        r4, -16(r6)     : MemWrite :  D=0x0000000000000000 A=0x100b51f0  flags=(IsInteger|IsStore)
 902750: global: Decode: Decoded std instruction: 0xf886ffe8
 902750: system.cpu: A0 T0 : 0x1001d0a0 @memset+224    : std        r4, -24(r6)     : MemWrite :  D=0x0000000000000000 A=0x100b51e8  flags=(IsInteger|IsStore)
 903000: global: Decode: Decoded stdu instruction: 0xf886ffe1
 903000: system.cpu: A0 T0 : 0x1001d0a4 @memset+228    : stdu       r4, -32(r6)     : MemWrite :  D=0x00000000100b51e0 A=0x100b51e0  flags=(IsInteger|IsStore)
 903250: global: Decode: Decoded bc instruction: 0x4200ffec
 903250: system.cpu: A0 T0 : 0x1001d0a8 @memset+232    : bc         0, 16, 0x1001d094 : IntAlu :  D=0x000000000000000e  flags=(IsInteger|IsControl|IsDirectControl|IsCondControl)
 903500: global: Decode: Decoded dcbtst instruction: 0x7c0831ec
 903500: system.cpu: A0 T0 : 0x1001d094 @memset+212    : dcbtst                     : IntAlu :   flags=()
 903750: global: Decode: Decoded std instruction: 0xf886fff8
 903750: system.cpu: A0 T0 : 0x1001d098 @memset+216    : std        r4, -8(r6)      : MemWrite :  D=0x0000000000000000 A=0x100b51d8  flags=(IsInteger|IsStore)
 904000: global: Decode: Decoded std instruction: 0xf886fff0
 904000: system.cpu: A0 T0 : 0x1001d09c @memset+220    : std        r4, -16(r6)     : MemWrite :  D=0x0000000000000000 A=0x100b51d0  flags=(IsInteger|IsStore)
 904250: global: Decode: Decoded std instruction: 0xf886ffe8
 904250: system.cpu: A0 T0 : 0x1001d0a0 @memset+224    : std        r4, -24(r6)     : MemWrite :  D=0x0000000000000000 A=0x100b51c8  flags=(IsInteger|IsStore)
 904500: global: Decode: Decoded stdu instruction: 0xf886ffe1
 904500: system.cpu: A0 T0 : 0x1001d0a4 @memset+228    : stdu       r4, -32(r6)     : MemWrite :  D=0x00000000100b51c0 A=0x100b51c0  flags=(IsInteger|IsStore)
 904750: global: Decode: Decoded bc instruction: 0x4200ffec
 904750: system.cpu: A0 T0 : 0x1001d0a8 @memset+232    : bc         0, 16, 0x1001d094 : IntAlu :  D=0x000000000000000d  flags=(IsInteger|IsControl|IsDirectControl|IsCondControl)
 905000: global: Decode: Decoded dcbtst instruction: 0x7c0831ec
 905000: system.cpu: A0 T0 : 0x1001d094 @memset+212    : dcbtst                     : IntAlu :   flags=()
 905250: global: Decode: Decoded std instruction: 0xf886fff8
 905250: system.cpu: A0 T0 : 0x1001d098 @memset+216    : std        r4, -8(r6)      : MemWrite :  D=0x0000000000000000 A=0x100b51b8  flags=(IsInteger|IsStore)
 905500: global: Decode: Decoded std instruction: 0xf886fff0
 905500: system.cpu: A0 T0 : 0x1001d09c @memset+220    : std        r4, -16(r6)     : MemWrite :  D=0x0000000000000000 A=0x100b51b0  flags=(IsInteger|IsStore)
 905750: global: Decode: Decoded std instruction: 0xf886ffe8
 905750: system.cpu: A0 T0 : 0x1001d0a0 @memset+224    : std        r4, -24(r6)     : MemWrite :  D=0x0000000000000000 A=0x100b51a8  flags=(IsInteger|IsStore)
 906000: global: Decode: Decoded stdu instruction: 0xf886ffe1
 906000: system.cpu: A0 T0 : 0x1001d0a4 @memset+228    : stdu       r4, -32(r6)     : MemWrite :  D=0x00000000100b51a0 A=0x100b51a0  flags=(IsInteger|IsStore)
 906250: global: Decode: Decoded bc instruction: 0x4200ffec
 906250: system.cpu: A0 T0 : 0x1001d0a8 @memset+232    : bc         0, 16, 0x1001d094 : IntAlu :  D=0x000000000000000c  flags=(IsInteger|IsControl|IsDirectControl|IsCondControl)
 906500: global: Decode: Decoded dcbtst instruction: 0x7c0831ec
 906500: system.cpu: A0 T0 : 0x1001d094 @memset+212    : dcbtst                     : IntAlu :   flags=()
 906750: global: Decode: Decoded std instruction: 0xf886fff8
 906750: system.cpu: A0 T0 : 0x1001d098 @memset+216    : std        r4, -8(r6)      : MemWrite :  D=0x0000000000000000 A=0x100b5198  flags=(IsInteger|IsStore)
 907000: global: Decode: Decoded std instruction: 0xf886fff0
 907000: system.cpu: A0 T0 : 0x1001d09c @memset+220    : std        r4, -16(r6)     : MemWrite :  D=0x0000000000000000 A=0x100b5190  flags=(IsInteger|IsStore)
 907250: global: Decode: Decoded std instruction: 0xf886ffe8
 907250: system.cpu: A0 T0 : 0x1001d0a0 @memset+224    : std        r4, -24(r6)     : MemWrite :  D=0x0000000000000000 A=0x100b5188  flags=(IsInteger|IsStore)
 907500: global: Decode: Decoded stdu instruction: 0xf886ffe1
 907500: system.cpu: A0 T0 : 0x1001d0a4 @memset+228    : stdu       r4, -32(r6)     : MemWrite :  D=0x00000000100b5180 A=0x100b5180  flags=(IsInteger|IsStore)
 907750: global: Decode: Decoded bc instruction: 0x4200ffec
 907750: system.cpu: A0 T0 : 0x1001d0a8 @memset+232    : bc         0, 16, 0x1001d094 : IntAlu :  D=0x000000000000000b  flags=(IsInteger|IsControl|IsDirectControl|IsCondControl)
 908000: global: Decode: Decoded dcbtst instruction: 0x7c0831ec
 908000: system.cpu: A0 T0 : 0x1001d094 @memset+212    : dcbtst                     : IntAlu :   flags=()
 908250: global: Decode: Decoded std instruction: 0xf886fff8
 908250: system.cpu: A0 T0 : 0x1001d098 @memset+216    : std        r4, -8(r6)      : MemWrite :  D=0x0000000000000000 A=0x100b5178  flags=(IsInteger|IsStore)
 908500: global: Decode: Decoded std instruction: 0xf886fff0
 908500: system.cpu: A0 T0 : 0x1001d09c @memset+220    : std        r4, -16(r6)     : MemWrite :  D=0x0000000000000000 A=0x100b5170  flags=(IsInteger|IsStore)
 908750: global: Decode: Decoded std instruction: 0xf886ffe8
 908750: system.cpu: A0 T0 : 0x1001d0a0 @memset+224    : std        r4, -24(r6)     : MemWrite :  D=0x0000000000000000 A=0x100b5168  flags=(IsInteger|IsStore)
 909000: global: Decode: Decoded stdu instruction: 0xf886ffe1
 909000: system.cpu: A0 T0 : 0x1001d0a4 @memset+228    : stdu       r4, -32(r6)     : MemWrite :  D=0x00000000100b5160 A=0x100b5160  flags=(IsInteger|IsStore)
 909250: global: Decode: Decoded bc instruction: 0x4200ffec
 909250: system.cpu: A0 T0 : 0x1001d0a8 @memset+232    : bc         0, 16, 0x1001d094 : IntAlu :  D=0x000000000000000a  flags=(IsInteger|IsControl|IsDirectControl|IsCondControl)
 909500: global: Decode: Decoded dcbtst instruction: 0x7c0831ec
 909500: system.cpu: A0 T0 : 0x1001d094 @memset+212    : dcbtst                     : IntAlu :   flags=()
 909750: global: Decode: Decoded std instruction: 0xf886fff8
 909750: system.cpu: A0 T0 : 0x1001d098 @memset+216    : std        r4, -8(r6)      : MemWrite :  D=0x0000000000000000 A=0x100b5158  flags=(IsInteger|IsStore)
 910000: global: Decode: Decoded std instruction: 0xf886fff0
 910000: system.cpu: A0 T0 : 0x1001d09c @memset+220    : std        r4, -16(r6)     : MemWrite :  D=0x0000000000000000 A=0x100b5150  flags=(IsInteger|IsStore)
 910250: global: Decode: Decoded std instruction: 0xf886ffe8
 910250: system.cpu: A0 T0 : 0x1001d0a0 @memset+224    : std        r4, -24(r6)     : MemWrite :  D=0x0000000000000000 A=0x100b5148  flags=(IsInteger|IsStore)
 910500: global: Decode: Decoded stdu instruction: 0xf886ffe1
 910500: system.cpu: A0 T0 : 0x1001d0a4 @memset+228    : stdu       r4, -32(r6)     : MemWrite :  D=0x00000000100b5140 A=0x100b5140  flags=(IsInteger|IsStore)
 910750: global: Decode: Decoded bc instruction: 0x4200ffec
 910750: system.cpu: A0 T0 : 0x1001d0a8 @memset+232    : bc         0, 16, 0x1001d094 : IntAlu :  D=0x0000000000000009  flags=(IsInteger|IsControl|IsDirectControl|IsCondControl)
 911000: global: Decode: Decoded dcbtst instruction: 0x7c0831ec
 911000: system.cpu: A0 T0 : 0x1001d094 @memset+212    : dcbtst                     : IntAlu :   flags=()
 911250: global: Decode: Decoded std instruction: 0xf886fff8
 911250: system.cpu: A0 T0 : 0x1001d098 @memset+216    : std        r4, -8(r6)      : MemWrite :  D=0x0000000000000000 A=0x100b5138  flags=(IsInteger|IsStore)
 911500: global: Decode: Decoded std instruction: 0xf886fff0
 911500: system.cpu: A0 T0 : 0x1001d09c @memset+220    : std        r4, -16(r6)     : MemWrite :  D=0x0000000000000000 A=0x100b5130  flags=(IsInteger|IsStore)
 911750: global: Decode: Decoded std instruction: 0xf886ffe8
 911750: system.cpu: A0 T0 : 0x1001d0a0 @memset+224    : std        r4, -24(r6)     : MemWrite :  D=0x0000000000000000 A=0x100b5128  flags=(IsInteger|IsStore)
 912000: global: Decode: Decoded stdu instruction: 0xf886ffe1
 912000: system.cpu: A0 T0 : 0x1001d0a4 @memset+228    : stdu       r4, -32(r6)     : MemWrite :  D=0x00000000100b5120 A=0x100b5120  flags=(IsInteger|IsStore)
 912250: global: Decode: Decoded bc instruction: 0x4200ffec
 912250: system.cpu: A0 T0 : 0x1001d0a8 @memset+232    : bc         0, 16, 0x1001d094 : IntAlu :  D=0x0000000000000008  flags=(IsInteger|IsControl|IsDirectControl|IsCondControl)
 912500: global: Decode: Decoded dcbtst instruction: 0x7c0831ec
 912500: system.cpu: A0 T0 : 0x1001d094 @memset+212    : dcbtst                     : IntAlu :   flags=()
 912750: global: Decode: Decoded std instruction: 0xf886fff8
 912750: system.cpu: A0 T0 : 0x1001d098 @memset+216    : std        r4, -8(r6)      : MemWrite :  D=0x0000000000000000 A=0x100b5118  flags=(IsInteger|IsStore)
 913000: global: Decode: Decoded std instruction: 0xf886fff0
 913000: system.cpu: A0 T0 : 0x1001d09c @memset+220    : std        r4, -16(r6)     : MemWrite :  D=0x0000000000000000 A=0x100b5110  flags=(IsInteger|IsStore)
 913250: global: Decode: Decoded std instruction: 0xf886ffe8
 913250: system.cpu: A0 T0 : 0x1001d0a0 @memset+224    : std        r4, -24(r6)     : MemWrite :  D=0x0000000000000000 A=0x100b5108  flags=(IsInteger|IsStore)
 913500: global: Decode: Decoded stdu instruction: 0xf886ffe1
 913500: system.cpu: A0 T0 : 0x1001d0a4 @memset+228    : stdu       r4, -32(r6)     : MemWrite :  D=0x00000000100b5100 A=0x100b5100  flags=(IsInteger|IsStore)
 913750: global: Decode: Decoded bc instruction: 0x4200ffec
 913750: system.cpu: A0 T0 : 0x1001d0a8 @memset+232    : bc         0, 16, 0x1001d094 : IntAlu :  D=0x0000000000000007  flags=(IsInteger|IsControl|IsDirectControl|IsCondControl)
 914000: global: Decode: Decoded dcbtst instruction: 0x7c0831ec
 914000: system.cpu: A0 T0 : 0x1001d094 @memset+212    : dcbtst                     : IntAlu :   flags=()
 914250: global: Decode: Decoded std instruction: 0xf886fff8
 914250: system.cpu: A0 T0 : 0x1001d098 @memset+216    : std        r4, -8(r6)      : MemWrite :  D=0x0000000000000000 A=0x100b50f8  flags=(IsInteger|IsStore)
 914500: global: Decode: Decoded std instruction: 0xf886fff0
 914500: system.cpu: A0 T0 : 0x1001d09c @memset+220    : std        r4, -16(r6)     : MemWrite :  D=0x0000000000000000 A=0x100b50f0  flags=(IsInteger|IsStore)
 914750: global: Decode: Decoded std instruction: 0xf886ffe8
 914750: system.cpu: A0 T0 : 0x1001d0a0 @memset+224    : std        r4, -24(r6)     : MemWrite :  D=0x0000000000000000 A=0x100b50e8  flags=(IsInteger|IsStore)
 915000: global: Decode: Decoded stdu instruction: 0xf886ffe1
 915000: system.cpu: A0 T0 : 0x1001d0a4 @memset+228    : stdu       r4, -32(r6)     : MemWrite :  D=0x00000000100b50e0 A=0x100b50e0  flags=(IsInteger|IsStore)
 915250: global: Decode: Decoded bc instruction: 0x4200ffec
 915250: system.cpu: A0 T0 : 0x1001d0a8 @memset+232    : bc         0, 16, 0x1001d094 : IntAlu :  D=0x0000000000000006  flags=(IsInteger|IsControl|IsDirectControl|IsCondControl)
 915500: global: Decode: Decoded dcbtst instruction: 0x7c0831ec
 915500: system.cpu: A0 T0 : 0x1001d094 @memset+212    : dcbtst                     : IntAlu :   flags=()
 915750: global: Decode: Decoded std instruction: 0xf886fff8
 915750: system.cpu: A0 T0 : 0x1001d098 @memset+216    : std        r4, -8(r6)      : MemWrite :  D=0x0000000000000000 A=0x100b50d8  flags=(IsInteger|IsStore)
 916000: global: Decode: Decoded std instruction: 0xf886fff0
 916000: system.cpu: A0 T0 : 0x1001d09c @memset+220    : std        r4, -16(r6)     : MemWrite :  D=0x0000000000000000 A=0x100b50d0  flags=(IsInteger|IsStore)
 916250: global: Decode: Decoded std instruction: 0xf886ffe8
 916250: system.cpu: A0 T0 : 0x1001d0a0 @memset+224    : std        r4, -24(r6)     : MemWrite :  D=0x0000000000000000 A=0x100b50c8  flags=(IsInteger|IsStore)
 916500: global: Decode: Decoded stdu instruction: 0xf886ffe1
 916500: system.cpu: A0 T0 : 0x1001d0a4 @memset+228    : stdu       r4, -32(r6)     : MemWrite :  D=0x00000000100b50c0 A=0x100b50c0  flags=(IsInteger|IsStore)
 916750: global: Decode: Decoded bc instruction: 0x4200ffec
 916750: system.cpu: A0 T0 : 0x1001d0a8 @memset+232    : bc         0, 16, 0x1001d094 : IntAlu :  D=0x0000000000000005  flags=(IsInteger|IsControl|IsDirectControl|IsCondControl)
 917000: global: Decode: Decoded dcbtst instruction: 0x7c0831ec
 917000: system.cpu: A0 T0 : 0x1001d094 @memset+212    : dcbtst                     : IntAlu :   flags=()
 917250: global: Decode: Decoded std instruction: 0xf886fff8
 917250: system.cpu: A0 T0 : 0x1001d098 @memset+216    : std        r4, -8(r6)      : MemWrite :  D=0x0000000000000000 A=0x100b50b8  flags=(IsInteger|IsStore)
 917500: global: Decode: Decoded std instruction: 0xf886fff0
 917500: system.cpu: A0 T0 : 0x1001d09c @memset+220    : std        r4, -16(r6)     : MemWrite :  D=0x0000000000000000 A=0x100b50b0  flags=(IsInteger|IsStore)
 917750: global: Decode: Decoded std instruction: 0xf886ffe8
 917750: system.cpu: A0 T0 : 0x1001d0a0 @memset+224    : std        r4, -24(r6)     : MemWrite :  D=0x0000000000000000 A=0x100b50a8  flags=(IsInteger|IsStore)
 918000: global: Decode: Decoded stdu instruction: 0xf886ffe1
 918000: system.cpu: A0 T0 : 0x1001d0a4 @memset+228    : stdu       r4, -32(r6)     : MemWrite :  D=0x00000000100b50a0 A=0x100b50a0  flags=(IsInteger|IsStore)
 918250: global: Decode: Decoded bc instruction: 0x4200ffec
 918250: system.cpu: A0 T0 : 0x1001d0a8 @memset+232    : bc         0, 16, 0x1001d094 : IntAlu :  D=0x0000000000000004  flags=(IsInteger|IsControl|IsDirectControl|IsCondControl)
 918500: global: Decode: Decoded dcbtst instruction: 0x7c0831ec
 918500: system.cpu: A0 T0 : 0x1001d094 @memset+212    : dcbtst                     : IntAlu :   flags=()
 918750: global: Decode: Decoded std instruction: 0xf886fff8
 918750: system.cpu: A0 T0 : 0x1001d098 @memset+216    : std        r4, -8(r6)      : MemWrite :  D=0x0000000000000000 A=0x100b5098  flags=(IsInteger|IsStore)
 919000: global: Decode: Decoded std instruction: 0xf886fff0
 919000: system.cpu: A0 T0 : 0x1001d09c @memset+220    : std        r4, -16(r6)     : MemWrite :  D=0x0000000000000000 A=0x100b5090  flags=(IsInteger|IsStore)
 919250: global: Decode: Decoded std instruction: 0xf886ffe8
 919250: system.cpu: A0 T0 : 0x1001d0a0 @memset+224    : std        r4, -24(r6)     : MemWrite :  D=0x0000000000000000 A=0x100b5088  flags=(IsInteger|IsStore)
 919500: global: Decode: Decoded stdu instruction: 0xf886ffe1
 919500: system.cpu: A0 T0 : 0x1001d0a4 @memset+228    : stdu       r4, -32(r6)     : MemWrite :  D=0x00000000100b5080 A=0x100b5080  flags=(IsInteger|IsStore)
 919750: global: Decode: Decoded bc instruction: 0x4200ffec
 919750: system.cpu: A0 T0 : 0x1001d0a8 @memset+232    : bc         0, 16, 0x1001d094 : IntAlu :  D=0x0000000000000003  flags=(IsInteger|IsControl|IsDirectControl|IsCondControl)
 920000: global: Decode: Decoded dcbtst instruction: 0x7c0831ec
 920000: system.cpu: A0 T0 : 0x1001d094 @memset+212    : dcbtst                     : IntAlu :   flags=()
 920250: global: Decode: Decoded std instruction: 0xf886fff8
 920250: system.cpu: A0 T0 : 0x1001d098 @memset+216    : std        r4, -8(r6)      : MemWrite :  D=0x0000000000000000 A=0x100b5078  flags=(IsInteger|IsStore)
 920500: global: Decode: Decoded std instruction: 0xf886fff0
 920500: system.cpu: A0 T0 : 0x1001d09c @memset+220    : std        r4, -16(r6)     : MemWrite :  D=0x0000000000000000 A=0x100b5070  flags=(IsInteger|IsStore)
 920750: global: Decode: Decoded std instruction: 0xf886ffe8
 920750: system.cpu: A0 T0 : 0x1001d0a0 @memset+224    : std        r4, -24(r6)     : MemWrite :  D=0x0000000000000000 A=0x100b5068  flags=(IsInteger|IsStore)
 921000: global: Decode: Decoded stdu instruction: 0xf886ffe1
 921000: system.cpu: A0 T0 : 0x1001d0a4 @memset+228    : stdu       r4, -32(r6)     : MemWrite :  D=0x00000000100b5060 A=0x100b5060  flags=(IsInteger|IsStore)
 921250: global: Decode: Decoded bc instruction: 0x4200ffec
 921250: system.cpu: A0 T0 : 0x1001d0a8 @memset+232    : bc         0, 16, 0x1001d094 : IntAlu :  D=0x0000000000000002  flags=(IsInteger|IsControl|IsDirectControl|IsCondControl)
 921500: global: Decode: Decoded dcbtst instruction: 0x7c0831ec
 921500: system.cpu: A0 T0 : 0x1001d094 @memset+212    : dcbtst                     : IntAlu :   flags=()
 921750: global: Decode: Decoded std instruction: 0xf886fff8
 921750: system.cpu: A0 T0 : 0x1001d098 @memset+216    : std        r4, -8(r6)      : MemWrite :  D=0x0000000000000000 A=0x100b5058  flags=(IsInteger|IsStore)
 922000: global: Decode: Decoded std instruction: 0xf886fff0
 922000: system.cpu: A0 T0 : 0x1001d09c @memset+220    : std        r4, -16(r6)     : MemWrite :  D=0x0000000000000000 A=0x100b5050  flags=(IsInteger|IsStore)
 922250: global: Decode: Decoded std instruction: 0xf886ffe8
 922250: system.cpu: A0 T0 : 0x1001d0a0 @memset+224    : std        r4, -24(r6)     : MemWrite :  D=0x0000000000000000 A=0x100b5048  flags=(IsInteger|IsStore)
 922500: global: Decode: Decoded stdu instruction: 0xf886ffe1
 922500: system.cpu: A0 T0 : 0x1001d0a4 @memset+228    : stdu       r4, -32(r6)     : MemWrite :  D=0x00000000100b5040 A=0x100b5040  flags=(IsInteger|IsStore)
 922750: global: Decode: Decoded bc instruction: 0x4200ffec
 922750: system.cpu: A0 T0 : 0x1001d0a8 @memset+232    : bc         0, 16, 0x1001d094 : IntAlu :  D=0x0000000000000001  flags=(IsInteger|IsControl|IsDirectControl|IsCondControl)
 923000: global: Decode: Decoded dcbtst instruction: 0x7c0831ec
 923000: system.cpu: A0 T0 : 0x1001d094 @memset+212    : dcbtst                     : IntAlu :   flags=()
 923250: global: Decode: Decoded std instruction: 0xf886fff8
 923250: system.cpu: A0 T0 : 0x1001d098 @memset+216    : std        r4, -8(r6)      : MemWrite :  D=0x0000000000000000 A=0x100b5038  flags=(IsInteger|IsStore)
 923500: global: Decode: Decoded std instruction: 0xf886fff0
 923500: system.cpu: A0 T0 : 0x1001d09c @memset+220    : std        r4, -16(r6)     : MemWrite :  D=0x0000000000000000 A=0x100b5030  flags=(IsInteger|IsStore)
 923750: global: Decode: Decoded std instruction: 0xf886ffe8
 923750: system.cpu: A0 T0 : 0x1001d0a0 @memset+224    : std        r4, -24(r6)     : MemWrite :  D=0x0000000000000000 A=0x100b5028  flags=(IsInteger|IsStore)
 924000: global: Decode: Decoded stdu instruction: 0xf886ffe1
 924000: system.cpu: A0 T0 : 0x1001d0a4 @memset+228    : stdu       r4, -32(r6)     : MemWrite :  D=0x00000000100b5020 A=0x100b5020  flags=(IsInteger|IsStore)
 924250: global: Decode: Decoded bc instruction: 0x4200ffec
 924250: system.cpu: A0 T0 : 0x1001d0a8 @memset+232    : bc         0, 16, 0x1001d094 : IntAlu :  D=0x0000000000000000  flags=(IsInteger|IsControl|IsDirectControl|IsCondControl)
 924500: global: Decode: Decoded std instruction: 0xf886fff8
 924500: system.cpu: A0 T0 : 0x1001d0ac @memset+236    : std        r4, -8(r6)      : MemWrite :  D=0x0000000000000000 A=0x100b5018  flags=(IsInteger|IsStore)
 924750: global: Decode: Decoded std instruction: 0xf886fff0
 924750: system.cpu: A0 T0 : 0x1001d0b0 @memset+240    : std        r4, -16(r6)     : MemWrite :  D=0x0000000000000000 A=0x100b5010  flags=(IsInteger|IsStore)
 925000: global: Decode: Decoded cmpli instruction: 0x28a50010
 925000: system.cpu: A0 T0 : 0x1001d0b4 @memset+244    : cmpldi     cr1, r5, 16     : IntAlu :  D=0x0000000042002420  flags=(IsInteger)
 925250: global: Decode: Decoded std instruction: 0xf886ffe8
 925250: system.cpu: A0 T0 : 0x1001d0b8 @memset+248    : std        r4, -24(r6)     : MemWrite :  D=0x0000000000000000 A=0x100b5008  flags=(IsInteger|IsStore)
 925500: global: Decode: Decoded stdu instruction: 0xf886ffe1
 925500: system.cpu: A0 T0 : 0x1001d0bc @memset+252    : stdu       r4, -32(r6)     : MemWrite :  D=0x00000000100b5000 A=0x100b5000  flags=(IsInteger|IsStore)
 925750: global: Decode: Decoded bclr instruction: 0x4d820020
 925750: system.cpu: A0 T0 : 0x1001d0c0 @memset+256    : bclr       2, 12           : IntAlu :  D=0x0000000000000000  flags=(IsInteger|IsControl|IsIndirectControl|IsCondControl|IsReturn)
 926000: global: Decode: Decoded add instruction: 0x7cc63a14
 926000: system.cpu: A0 T0 : 0x1001d0c4 @memset+260    : add        r6, r6, r7      : IntAlu :  D=0x00000000100b5220  flags=(IsInteger)
 926250: global: Decode: Decoded b instruction: 0x48000100
 926250: system.cpu: A0 T0 : 0x1001d0c8 @memset+264    : b          0x1001d1c8      : IntAlu :   flags=(IsControl|IsDirectControl|IsUncondControl)
 926500: global: Decode: Decoded add instruction: 0x7cc62a14
 926500: system.cpu: A0 T0 : 0x1001d1c8 @memset+520    : add        r6, r6, r5      : IntAlu :  D=0x00000000100b5230  flags=(IsInteger)
 926750: global: Decode: Decoded bc instruction: 0x419f001c
 926750: system.cpu: A0 T0 : 0x1001d1cc @memset+524    : bc         31, 12, 0x1001d1e8 : IntAlu :  D=0x0000000000000000  flags=(IsInteger|IsControl|IsDirectControl|IsCondControl)
 927000: global: Decode: Decoded bc instruction: 0x419e0020
 927000: system.cpu: A0 T0 : 0x1001d1d0 @memset+528    : bc         30, 12, 0x1001d1f0 : IntAlu :  D=0x0000000000000000  flags=(IsInteger|IsControl|IsDirectControl|IsCondControl)
 927250: global: Decode: Decoded bc instruction: 0x419d0024
 927250: system.cpu: A0 T0 : 0x1001d1d4 @memset+532    : bc         29, 12, 0x1001d1f8 : IntAlu :  D=0x0000000000000000  flags=(IsInteger|IsControl|IsDirectControl|IsCondControl)
 927500: global: Decode: Decoded bc instruction: 0x40840028
 927500: system.cpu: A0 T0 : 0x1001d1d8 @memset+536    : bc         4, 4, 0x1001d200 : IntAlu :  D=0x0000000000000000  flags=(IsInteger|IsControl|IsDirectControl|IsCondControl)
 927750: global: Decode: Decoded std instruction: 0xf886fff8
 927750: system.cpu: A0 T0 : 0x1001d200 @memset+576    : std        r4, -8(r6)      : MemWrite :  D=0x0000000000000000 A=0x100b5228  flags=(IsInteger|IsStore)
 928000: global: Decode: Decoded stdu instruction: 0xf886fff1
 928000: system.cpu: A0 T0 : 0x1001d204 @memset+580    : stdu       r4, -16(r6)     : MemWrite :  D=0x00000000100b5220 A=0x100b5220  flags=(IsInteger|IsStore)
 928250: global: Decode: Decoded bclr instruction: 0x4c9c0020
 928250: system.cpu: A0 T0 : 0x1001d208 @memset+584    : bclr       28, 4           : IntAlu :  D=0x0000000000000000  flags=(IsInteger|IsControl|IsIndirectControl|IsCondControl|IsReturn)
 928500: global: Decode: Decoded ori instruction: 0x60000000
 928500: system.cpu: A0 T0 : 0x10018b9c @tcache_init.part.5+172    : nop                        : IntAlu :  D=0x0000000000000011  flags=(IsInteger)
 928750: global: Decode: Decoded addi instruction: 0x38210080
 928750: system.cpu: A0 T0 : 0x10018ba0 @tcache_init.part.5+176    : addi       r1, r1, 128     : IntAlu :  D=0x00007fffffffe5c0  flags=(IsInteger)
 929000: global: Decode: Decoded ld instruction: 0xe8010010
 929000: system.cpu: A0 T0 : 0x10018ba4 @tcache_init.part.5+180    : ld         r0, 16(r1)      : MemRead :  D=0x0000000010019d30 A=0x7fffffffe5d0  flags=(IsInteger|IsLoad)
 929250: global: Decode: Decoded ld instruction: 0xebc1fff0
 929250: system.cpu: A0 T0 : 0x10018ba8 @tcache_init.part.5+184    : ld         r30, -16(r1)    : MemRead :  D=0x0000000000000045 A=0x7fffffffe5b0  flags=(IsInteger|IsLoad)
 929500: global: Decode: Decoded ld instruction: 0xebe1fff8
 929500: system.cpu: A0 T0 : 0x10018bac @tcache_init.part.5+188    : ld         r31, -8(r1)     : MemRead :  D=0x000000000000003f A=0x7fffffffe5b8  flags=(IsInteger|IsLoad)
 929750: global: Decode: Decoded mtlr instruction: 0x7c0803a6
 929750: system.cpu: A0 T0 : 0x10018bb0 @tcache_init.part.5+192    : mtlr       r0              : IntAlu :  D=0x0000000010019d30  flags=(IsInteger)
 930000: global: Decode: Decoded bclr instruction: 0x4e800020
 930000: system.cpu: A0 T0 : 0x10018bb4 @tcache_init.part.5+196    : bclr       0, 20           : IntAlu :  D=0x0000000000000000  flags=(IsInteger|IsControl|IsIndirectControl|IsCondControl|IsReturn)
 930250: global: Decode: Decoded ori instruction: 0x60000000
 930250: system.cpu: A0 T0 : 0x10019d30 @__libc_malloc+352    : nop                        : IntAlu :  D=0x0000000010019d30  flags=(IsInteger)
 930500: global: Decode: Decoded ld instruction: 0xe9228ad8
 930500: system.cpu: A0 T0 : 0x10019d34 @__libc_malloc+356    : ld         r9, -29992(r2)  : MemRead :  D=0x0000000000000040 A=0x100b07d8  flags=(IsInteger|IsLoad)
 930750: global: Decode: Decoded cmpl instruction: 0x7fa9e040
 930750: system.cpu: A0 T0 : 0x10019d38 @__libc_malloc+360    : cmpld      cr7, r9, r28    : IntAlu :  D=0x0000000042002424  flags=(IsInteger)
 931000: global: Decode: Decoded bc instruction: 0x409dff04
 931000: system.cpu: A0 T0 : 0x10019d3c @__libc_malloc+364    : bc         29, 4, 0x10019c40 : IntAlu :  D=0x0000000000000000  flags=(IsInteger|IsControl|IsDirectControl|IsCondControl)
 931250: global: Decode: Decoded ori instruction: 0x60000000
 931250: system.cpu: A0 T0 : 0x10019d40 @__libc_malloc+368    : nop                        : IntAlu :  D=0x0000000010019d30  flags=(IsInteger)
 931500: global: Decode: Decoded addi instruction: 0x392d9028
 931500: system.cpu: A0 T0 : 0x10019d44 @__libc_malloc+372    : subi       r9, r13, 28632  : IntAlu :  D=0x00000000100b4798  flags=(IsInteger)
 931750: global: Decode: Decoded ld instruction: 0xe9490000
 931750: system.cpu: A0 T0 : 0x10019d48 @__libc_malloc+376    : ld         r10, 0(r9)      : MemRead :  D=0x00000000100b4ff0 A=0x100b4798  flags=(IsInteger|IsLoad)
 932000: global: Decode: Decoded cmpi instruction: 0x2faa0000
 932000: system.cpu: A0 T0 : 0x10019d4c @__libc_malloc+380    : cmpdi      cr7, r10, 0     : IntAlu :  D=0x0000000042002424  flags=(IsInteger)
 932250: global: Decode: Decoded bc instruction: 0x419efef0
 932250: system.cpu: A0 T0 : 0x10019d50 @__libc_malloc+384    : bc         30, 12, 0x10019c40 : IntAlu :  D=0x0000000000000000  flags=(IsInteger|IsControl|IsDirectControl|IsCondControl)
 932500: global: Decode: Decoded ld instruction: 0xe80100a0
 932500: system.cpu: A0 T0 : 0x10019d54 @__libc_malloc+388    : ld         r0, 160(r1)     : MemRead :  D=0x0000000010019e34 A=0x7fffffffe660  flags=(IsInteger|IsLoad)
 932750: global: Decode: Decoded mtlr instruction: 0x7c0803a6
 932750: system.cpu: A0 T0 : 0x10019d58 @__libc_malloc+392    : mtlr       r0              : IntAlu :  D=0x0000000010019e34  flags=(IsInteger)
 933000: global: Decode: Decoded ori instruction: 0x60000000
 933000: system.cpu: A0 T0 : 0x10019d5c @__libc_malloc+396    : nop                        : IntAlu :  D=0x0000000010019e34  flags=(IsInteger)
 933250: global: Decode: Decoded rldicr instruction: 0x7b891f24
 933250: system.cpu: A0 T0 : 0x10019d60 @__libc_malloc+400    : rldicr     r9, r28, 3, 60  : IntAlu :  D=0x0000000000000018  flags=(IsInteger)
 933500: global: Decode: Decoded add instruction: 0x7d2a4a14
 933500: system.cpu: A0 T0 : 0x10019d64 @__libc_malloc+404    : add        r9, r10, r9     : IntAlu :  D=0x00000000100b5008  flags=(IsInteger)
 933750: global: Decode: Decoded ld instruction: 0xeba90040
 933750: system.cpu: A0 T0 : 0x10019d68 @__libc_malloc+408    : ld         r29, 64(r9)     : MemRead :  D=0x0000000000000000 A=0x100b5048  flags=(IsInteger|IsLoad)
 934000: global: Decode: Decoded cmpi instruction: 0x2fbd0000
 934000: system.cpu: A0 T0 : 0x10019d6c @__libc_malloc+412    : cmpdi      cr7, r29, 0     : IntAlu :  D=0x0000000042002422  flags=(IsInteger)
 934250: global: Decode: Decoded bc instruction: 0x419efec8
 934250: system.cpu: A0 T0 : 0x10019d70 @__libc_malloc+416    : bc         30, 12, 0x10019c38 : IntAlu :  D=0x0000000000000000  flags=(IsInteger|IsControl|IsDirectControl|IsCondControl)
 934500: global: Decode: Decoded mflr instruction: 0x7c0802a6
 934500: system.cpu: A0 T0 : 0x10019c38 @__libc_malloc+104    : mflr       r0              : IntAlu :  D=0x0000000010019e34  flags=(IsInteger)
 934750: global: Decode: Decoded std instruction: 0xf80100a0
 934750: system.cpu: A0 T0 : 0x10019c3c @__libc_malloc+108    : std        r0, 160(r1)     : MemWrite :  D=0x0000000010019e34 A=0x7fffffffe660  flags=(IsInteger|IsStore)
 935000: global: Decode: Decoded lwz instruction: 0x812d8890
 935000: system.cpu: A0 T0 : 0x10019c40 @__libc_malloc+112    : lwz        r9, -30576(r13) : MemRead :  D=0x0000000000000000 A=0x100b4000  flags=(IsInteger|IsLoad)
 935250: global: Decode: Decoded cmpi instruction: 0x2f890000
 935250: system.cpu: A0 T0 : 0x10019c44 @__libc_malloc+116    : cmpwi      cr7, r9, 0      : IntAlu :  D=0x0000000042002422  flags=(IsInteger)
 935500: global: Decode: Decoded bc instruction: 0x409e0208
 935500: system.cpu: A0 T0 : 0x10019c48 @__libc_malloc+120    : bc         30, 4, 0x10019e50 : IntAlu :  D=0x0000000000000000  flags=(IsInteger|IsControl|IsDirectControl|IsCondControl)
 935750: global: Decode: Decoded ori instruction: 0x60000000
 935750: system.cpu: A0 T0 : 0x10019c4c @__libc_malloc+124    : nop                        : IntAlu :  D=0x0000000010019e34  flags=(IsInteger)
 936000: global: Decode: Decoded or instruction: 0x7fc4f378
 936000: system.cpu: A0 T0 : 0x10019c50 @__libc_malloc+128    : mr         r4, r30         : IntAlu :  D=0x0000000000000045  flags=(IsInteger)
 936250: global: Decode: Decoded addi instruction: 0x3be28af8
 936250: system.cpu: A0 T0 : 0x10019c54 @__libc_malloc+132    : subi       r31, r2, 29960  : IntAlu :  D=0x00000000100b07f8  flags=(IsInteger)
 936500: global: Decode: Decoded or instruction: 0x7fe3fb78
 936500: system.cpu: A0 T0 : 0x10019c58 @__libc_malloc+136    : mr         r3, r31         : IntAlu :  D=0x00000000100b07f8  flags=(IsInteger)
 936750: global: Decode: Decoded b instruction: 0x4bffdbd5
 936750: system.cpu: A0 T0 : 0x10019c5c @__libc_malloc+140    : bl         _int_malloc     : IntAlu :  D=0x0000000010019c60  flags=(IsInteger|IsControl|IsDirectControl|IsUncondControl)
 937000: global: Decode: Decoded mfcr instruction: 0x7d800026
 937000: system.cpu: A0 T0 : 0x10017830 @_int_malloc    : mfcr       r12             : IntAlu :  D=0x0000000042002422  flags=(IsInteger)
 937250: global: Decode: Decoded std instruction: 0xfbe1fff8
 937250: system.cpu: A0 T0 : 0x10017834 @_int_malloc+4    : std        r31, -8(r1)     : MemWrite :  D=0x00000000100b07f8 A=0x7fffffffe5b8  flags=(IsInteger|IsStore)
 937500: global: Decode: Decoded addi instruction: 0x3be40017
 937500: system.cpu: A0 T0 : 0x10017838 @_int_malloc+8    : addi       r31, r4, 23     : IntAlu :  D=0x000000000000005c  flags=(IsInteger)
 937750: global: Decode: Decoded std instruction: 0xfba1ffe8
 937750: system.cpu: A0 T0 : 0x1001783c @_int_malloc+12    : std        r29, -24(r1)    : MemWrite :  D=0x0000000000000000 A=0x7fffffffe5a8  flags=(IsInteger|IsStore)
 938000: global: Decode: Decoded or instruction: 0x7c9d2378
 938000: system.cpu: A0 T0 : 0x10017840 @_int_malloc+16    : mr         r29, r4         : IntAlu :  D=0x0000000000000045  flags=(IsInteger)
 938250: global: Decode: Decoded cmpli instruction: 0x2bbf001f
 938250: system.cpu: A0 T0 : 0x10017844 @_int_malloc+20    : cmpldi     cr7, r31, 31    : IntAlu :  D=0x0000000042002424  flags=(IsInteger)
 938500: global: Decode: Decoded std instruction: 0xfbc1fff0
 938500: system.cpu: A0 T0 : 0x10017848 @_int_malloc+24    : std        r30, -16(r1)    : MemWrite :  D=0x0000000000000045 A=0x7fffffffe5b0  flags=(IsInteger|IsStore)
 938750: global: Decode: Decoded std instruction: 0xfae1ffb8
 938750: system.cpu: A0 T0 : 0x1001784c @_int_malloc+28    : std        r23, -72(r1)    : MemWrite :  D=0x0000000000000001 A=0x7fffffffe578  flags=(IsInteger|IsStore)
 939000: global: Decode: Decoded or instruction: 0x7c7e1b78
 939000: system.cpu: A0 T0 : 0x10017850 @_int_malloc+32    : mr         r30, r3         : IntAlu :  D=0x00000000100b07f8  flags=(IsInteger)
 939250: global: Decode: Decoded stw instruction: 0x91810008
 939250: system.cpu: A0 T0 : 0x10017854 @_int_malloc+36    : stw        r12, 8(r1)      : MemWrite :  D=0x0000000042002422 A=0x7fffffffe5c8  flags=(IsInteger|IsStore)
 939500: global: Decode: Decoded stdu instruction: 0xf821fec1
 939500: system.cpu: A0 T0 : 0x10017858 @_int_malloc+40    : stdu       r1, -320(r1)    : MemWrite :  D=0x00007fffffffe480 A=0x7fffffffe480  flags=(IsInteger|IsStore)
 939750: global: Decode: Decoded bc instruction: 0x419d0174
 939750: system.cpu: A0 T0 : 0x1001785c @_int_malloc+44    : bc         29, 12, 0x100179d0 : IntAlu :  D=0x0000000000000000  flags=(IsInteger|IsControl|IsDirectControl|IsCondControl)
 940000: global: Decode: Decoded rldicr instruction: 0x7bff06e4
 940000: system.cpu: A0 T0 : 0x100179d0 @_int_malloc+416    : rldicr     r31, r31, 0, 59 : IntAlu :  D=0x0000000000000050  flags=(IsInteger)
 940250: global: Decode: Decoded cmpl instruction: 0x7fa4f840
 940250: system.cpu: A0 T0 : 0x100179d4 @_int_malloc+420    : cmpld      cr7, r4, r31    : IntAlu :  D=0x0000000042002428  flags=(IsInteger)
 940500: global: Decode: Decoded bc instruction: 0x419dffb8
 940500: system.cpu: A0 T0 : 0x100179d8 @_int_malloc+424    : bc         29, 12, 0x10017990 : IntAlu :  D=0x0000000000000000  flags=(IsInteger|IsControl|IsDirectControl|IsCondControl)
 940750: global: Decode: Decoded addi instruction: 0x3920ffbf
 940750: system.cpu: A0 T0 : 0x100179dc @_int_malloc+428    : li         r9, -65         : IntAlu :  D=0xffffffffffffffbf  flags=(IsInteger)
 941000: global: Decode: Decoded cmpl instruction: 0x7fbf4840
 941000: system.cpu: A0 T0 : 0x100179e0 @_int_malloc+432    : cmpld      cr7, r31, r9    : IntAlu :  D=0x0000000042002428  flags=(IsInteger)
 941250: global: Decode: Decoded bc instruction: 0x419dffac
 941250: system.cpu: A0 T0 : 0x100179e4 @_int_malloc+436    : bc         29, 12, 0x10017990 : IntAlu :  D=0x0000000000000000  flags=(IsInteger|IsControl|IsDirectControl|IsCondControl)
 941500: global: Decode: Decoded cmpi instruction: 0x2fa30000
 941500: system.cpu: A0 T0 : 0x100179e8 @_int_malloc+440    : cmpdi      cr7, r3, 0      : IntAlu :  D=0x0000000042002424  flags=(IsInteger)
 941750: global: Decode: Decoded bc instruction: 0x419e0944
 941750: system.cpu: A0 T0 : 0x100179ec @_int_malloc+444    : bc         30, 12, 0x10018330 : IntAlu :  D=0x0000000000000000  flags=(IsInteger|IsControl|IsDirectControl|IsCondControl)
 942000: global: Decode: Decoded ori instruction: 0x60000000
 942000: system.cpu: A0 T0 : 0x100179f0 @_int_malloc+448    : nop                        : IntAlu :  D=0x0000000010019e34  flags=(IsInteger)
 942250: global: Decode: Decoded ld instruction: 0xe922ae10
 942250: system.cpu: A0 T0 : 0x100179f4 @_int_malloc+452    : ld         r9, -20976(r2)  : MemRead :  D=0x0000000000000080 A=0x100b2b10  flags=(IsInteger|IsLoad)
 942500: global: Decode: Decoded rlwinm instruction: 0x57eae13e
 942500: system.cpu: A0 T0 : 0x100179f8 @_int_malloc+456    : rlwinm     r10, r31, 28, 4, 31 : IntAlu :  D=0x0000000000000005  flags=(IsInteger)
 942750: global: Decode: Decoded rldicl instruction: 0x79570020
 942750: system.cpu: A0 T0 : 0x100179fc @_int_malloc+460    : clrldi     r23, r10, 32    : IntAlu :  D=0x0000000000000005  flags=(IsInteger)
 943000: global: Decode: Decoded cmpl instruction: 0x7fbf4840
 943000: system.cpu: A0 T0 : 0x10017a00 @_int_malloc+464    : cmpld      cr7, r31, r9    : IntAlu :  D=0x0000000042002428  flags=(IsInteger)
 943250: global: Decode: Decoded bc instruction: 0x409d048c
 943250: system.cpu: A0 T0 : 0x10017a04 @_int_malloc+468    : bc         29, 4, 0x10017e90 : IntAlu :  D=0x0000000000000000  flags=(IsInteger|IsControl|IsDirectControl|IsCondControl)
 943500: global: Decode: Decoded addi instruction: 0x394afffe
 943500: system.cpu: A0 T0 : 0x10017e90 @_int_malloc+1632    : subi       r10, r10, 2     : IntAlu :  D=0x0000000000000003  flags=(IsInteger)
 943750: global: Decode: Decoded rldicl instruction: 0x794a0020
 943750: system.cpu: A0 T0 : 0x10017e94 @_int_malloc+1636    : clrldi     r10, r10, 32    : IntAlu :  D=0x0000000000000003  flags=(IsInteger)
 944000: global: Decode: Decoded addi instruction: 0x388a0002
 944000: system.cpu: A0 T0 : 0x10017e98 @_int_malloc+1640    : addi       r4, r10, 2      : IntAlu :  D=0x0000000000000005  flags=(IsInteger)
 944250: global: Decode: Decoded rldicr instruction: 0x78841f24
 944250: system.cpu: A0 T0 : 0x10017e9c @_int_malloc+1644    : rldicr     r4, r4, 3, 60   : IntAlu :  D=0x0000000000000028  flags=(IsInteger)
 944500: global: Decode: Decoded b instruction: 0x4bfff9f0
 944500: system.cpu: A0 T0 : 0x10017ea0 @_int_malloc+1648    : b          0x10017890      : IntAlu :   flags=(IsControl|IsDirectControl|IsUncondControl)
 944750: global: Decode: Decoded rldicr instruction: 0x794a1f24
 944750: system.cpu: A0 T0 : 0x10017890 @_int_malloc+96    : rldicr     r10, r10, 3, 60 : IntAlu :  D=0x0000000000000018  flags=(IsInteger)
 945000: global: Decode: Decoded add instruction: 0x7d5e5214
 945000: system.cpu: A0 T0 : 0x10017894 @_int_malloc+100    : add        r10, r30, r10   : IntAlu :  D=0x00000000100b0810  flags=(IsInteger)
 945250: global: Decode: Decoded ld instruction: 0xe92a0010
 945250: system.cpu: A0 T0 : 0x10017898 @_int_malloc+104    : ld         r9, 16(r10)     : MemRead :  D=0x0000000000000000 A=0x100b0820  flags=(IsInteger|IsLoad)
 945500: global: Decode: Decoded cmpi instruction: 0x2fa90000
 945500: system.cpu: A0 T0 : 0x1001789c @_int_malloc+108    : cmpdi      cr7, r9, 0      : IntAlu :  D=0x0000000042002422  flags=(IsInteger)
 945750: global: Decode: Decoded bc instruction: 0x419e05d0
 945750: system.cpu: A0 T0 : 0x100178a0 @_int_malloc+112    : bc         30, 12, 0x10017e70 : IntAlu :  D=0x0000000000000000  flags=(IsInteger|IsControl|IsDirectControl|IsCondControl)
 946000: global: Decode: Decoded rlwinm instruction: 0x56ea083c
 946000: system.cpu: A0 T0 : 0x10017e70 @_int_malloc+1600    : rlwinm     r10, r23, 1, 0, 30 : IntAlu :  D=0x000000000000000a  flags=(IsInteger)
 946250: global: Decode: Decoded addi instruction: 0x394afffe
 946250: system.cpu: A0 T0 : 0x10017e74 @_int_malloc+1604    : subi       r10, r10, 2     : IntAlu :  D=0x0000000000000008  flags=(IsInteger)
 946500: global: Decode: Decoded rldicl instruction: 0x794a0020
 946500: system.cpu: A0 T0 : 0x10017e78 @_int_malloc+1608    : clrldi     r10, r10, 32    : IntAlu :  D=0x0000000000000008  flags=(IsInteger)
 946750: global: Decode: Decoded addi instruction: 0x394a000e
 946750: system.cpu: A0 T0 : 0x10017e7c @_int_malloc+1612    : addi       r10, r10, 14    : IntAlu :  D=0x0000000000000016  flags=(IsInteger)
 947000: global: Decode: Decoded rldicr instruction: 0x794a1f24
 947000: system.cpu: A0 T0 : 0x10017e80 @_int_malloc+1616    : rldicr     r10, r10, 3, 60 : IntAlu :  D=0x00000000000000b0  flags=(IsInteger)
 947250: global: Decode: Decoded b instruction: 0x4bfffe48
 947250: system.cpu: A0 T0 : 0x10017e84 @_int_malloc+1620    : b          0x10017ccc      : IntAlu :   flags=(IsControl|IsDirectControl|IsUncondControl)
 947500: global: Decode: Decoded add instruction: 0x7d5e5214
 947500: system.cpu: A0 T0 : 0x10017ccc @_int_malloc+1180    : add        r10, r30, r10   : IntAlu :  D=0x00000000100b08a8  flags=(IsInteger)
 947750: global: Decode: Decoded addi instruction: 0x38eafff0
 947750: system.cpu: A0 T0 : 0x10017cd0 @_int_malloc+1184    : subi       r7, r10, 16     : IntAlu :  D=0x00000000100b0898  flags=(IsInteger)
 948000: global: Decode: Decoded ld instruction: 0xe92a0008
 948000: system.cpu: A0 T0 : 0x10017cd4 @_int_malloc+1188    : ld         r9, 8(r10)      : MemRead :  D=0x00000000100b0898 A=0x100b08b0  flags=(IsInteger|IsLoad)
 948250: global: Decode: Decoded cmpl instruction: 0x7fa74840
 948250: system.cpu: A0 T0 : 0x10017cd8 @_int_malloc+1192    : cmpld      cr7, r7, r9     : IntAlu :  D=0x0000000042002422  flags=(IsInteger)
 948500: global: Decode: Decoded bc instruction: 0x419e0224
 948500: system.cpu: A0 T0 : 0x10017cdc @_int_malloc+1196    : bc         30, 12, 0x10017f00 : IntAlu :  D=0x0000000000000000  flags=(IsInteger|IsControl|IsDirectControl|IsCondControl)
 948750: global: Decode: Decoded mflr instruction: 0x7c0802a6
 948750: system.cpu: A0 T0 : 0x10017f00 @_int_malloc+1744    : mflr       r0              : IntAlu :  D=0x0000000010019c60  flags=(IsInteger)
 949000: global: Decode: Decoded std instruction: 0xfaa100e8
 949000: system.cpu: A0 T0 : 0x10017f04 @_int_malloc+1748    : std        r21, 232(r1)    : MemWrite :  D=0x0000000000000000 A=0x7fffffffe568  flags=(IsInteger|IsStore)
 949250: global: Decode: Decoded rldicl instruction: 0x7bf5ba42
 949250: system.cpu: A0 T0 : 0x10017f08 @_int_malloc+1752    : rldicl     r21, r31, 55, 9 : IntAlu :  D=0x0000000000000000  flags=(IsInteger)
 949500: global: Decode: Decoded std instruction: 0xf9c100b0
 949500: system.cpu: A0 T0 : 0x10017f0c @_int_malloc+1756    : std        r14, 176(r1)    : MemWrite :  D=0x0000000000000000 A=0x7fffffffe530  flags=(IsInteger|IsStore)
 949750: global: Decode: Decoded addi instruction: 0x3935005b
 949750: system.cpu: A0 T0 : 0x10017f10 @_int_malloc+1760    : addi       r9, r21, 91     : IntAlu :  D=0x000000000000005b  flags=(IsInteger)
 950000: global: Decode: Decoded std instruction: 0xfac100f0
 950000: system.cpu: A0 T0 : 0x10017f14 @_int_malloc+1764    : std        r22, 240(r1)    : MemWrite :  D=0x00000000100b2b70 A=0x7fffffffe570  flags=(IsInteger|IsStore)
 950250: global: Decode: Decoded rldicl instruction: 0x7bf6d182
 950250: system.cpu: A0 T0 : 0x10017f18 @_int_malloc+1768    : rldicl     r22, r31, 58, 6 : IntAlu :  D=0x0000000000000001  flags=(IsInteger)
 950500: global: Decode: Decoded std instruction: 0xfb210108
 950500: system.cpu: A0 T0 : 0x10017f1c @_int_malloc+1772    : std        r25, 264(r1)    : MemWrite :  D=0x0000000000000040 A=0x7fffffffe588  flags=(IsInteger|IsStore)
 950750: global: Decode: Decoded rldicl instruction: 0x792e0020
 950750: system.cpu: A0 T0 : 0x10017f20 @_int_malloc+1776    : clrldi     r14, r9, 32     : IntAlu :  D=0x000000000000005b  flags=(IsInteger)
 951000: global: Decode: Decoded addi instruction: 0x3920007c
 951000: system.cpu: A0 T0 : 0x10017f24 @_int_malloc+1780    : li         r9, 124         : IntAlu :  D=0x000000000000007c  flags=(IsInteger)
 951250: global: Decode: Decoded std instruction: 0xfa0100c0
 951250: system.cpu: A0 T0 : 0x10017f28 @_int_malloc+1784    : std        r16, 192(r1)    : MemWrite :  D=0x0000000000000000 A=0x7fffffffe540  flags=(IsInteger|IsStore)
 951500: global: Decode: Decoded std instruction: 0xfa2100c8
 951500: system.cpu: A0 T0 : 0x10017f2c @_int_malloc+1788    : std        r17, 200(r1)    : MemWrite :  D=0x0000000000000000 A=0x7fffffffe548  flags=(IsInteger|IsStore)
 951750: global: Decode: Decoded addi instruction: 0x3b360030
 951750: system.cpu: A0 T0 : 0x10017f30 @_int_malloc+1792    : addi       r25, r22, 48    : IntAlu :  D=0x0000000000000031  flags=(IsInteger)
 952000: global: Decode: Decoded std instruction: 0xfb810120
 952000: system.cpu: A0 T0 : 0x10017f34 @_int_malloc+1796    : std        r28, 288(r1)    : MemWrite :  D=0x0000000000000003 A=0x7fffffffe5a0  flags=(IsInteger|IsStore)
 952250: global: Decode: Decoded std instruction: 0xf9e100b8
 952250: system.cpu: A0 T0 : 0x10017f38 @_int_malloc+1800    : std        r15, 184(r1)    : MemWrite :  D=0x0000000000000000 A=0x7fffffffe538  flags=(IsInteger|IsStore)
 952500: global: Decode: Decoded or instruction: 0x7efcbb78
 952500: system.cpu: A0 T0 : 0x10017f3c @_int_malloc+1804    : mr         r28, r23        : IntAlu :  D=0x0000000000000005  flags=(IsInteger)
 952750: global: Decode: Decoded std instruction: 0xf9210088
 952750: system.cpu: A0 T0 : 0x10017f40 @_int_malloc+1808    : std        r9, 136(r1)     : MemWrite :  D=0x000000000000007c A=0x7fffffffe508  flags=(IsInteger|IsStore)
 953000: global: Decode: Decoded addi instruction: 0x39200077
 953000: system.cpu: A0 T0 : 0x10017f44 @_int_malloc+1812    : li         r9, 119         : IntAlu :  D=0x0000000000000077  flags=(IsInteger)
 953250: global: Decode: Decoded std instruction: 0xfa4100d0
 953250: system.cpu: A0 T0 : 0x10017f48 @_int_malloc+1816    : std        r18, 208(r1)    : MemWrite :  D=0x0000000000000000 A=0x7fffffffe550  flags=(IsInteger|IsStore)
 953500: global: Decode: Decoded rldicl instruction: 0x7b390020
 953500: system.cpu: A0 T0 : 0x10017f4c @_int_malloc+1820    : clrldi     r25, r25, 32    : IntAlu :  D=0x0000000000000031  flags=(IsInteger)
 953750: global: Decode: Decoded std instruction: 0xf8010150
 953750: system.cpu: A0 T0 : 0x10017f50 @_int_malloc+1824    : std        r0, 336(r1)     : MemWrite :  D=0x0000000010019c60 A=0x7fffffffe5d0  flags=(IsInteger|IsStore)
 954000: global: Decode: Decoded std instruction: 0xfa6100d8
 954000: system.cpu: A0 T0 : 0x10017f54 @_int_malloc+1828    : std        r19, 216(r1)    : MemWrite :  D=0x0000000000000000 A=0x7fffffffe558  flags=(IsInteger|IsStore)
 954250: global: Decode: Decoded addi instruction: 0x3a000000
 954250: system.cpu: A0 T0 : 0x10017f58 @_int_malloc+1832    : li         r16, 0          : IntAlu :  D=0x0000000000000000  flags=(IsInteger)
 954500: global: Decode: Decoded addi instruction: 0x3a200000
 954500: system.cpu: A0 T0 : 0x10017f5c @_int_malloc+1836    : li         r17, 0          : IntAlu :  D=0x0000000000000000  flags=(IsInteger)
 954750: global: Decode: Decoded std instruction: 0xf9210078
 954750: system.cpu: A0 T0 : 0x10017f60 @_int_malloc+1840    : std        r9, 120(r1)     : MemWrite :  D=0x0000000000000077 A=0x7fffffffe4f8  flags=(IsInteger|IsStore)
 955000: global: Decode: Decoded addi instruction: 0x3920006e
 955000: system.cpu: A0 T0 : 0x10017f64 @_int_malloc+1844    : li         r9, 110         : IntAlu :  D=0x000000000000006e  flags=(IsInteger)
 955250: global: Decode: Decoded std instruction: 0xfa8100e0
 955250: system.cpu: A0 T0 : 0x10017f68 @_int_malloc+1848    : std        r20, 224(r1)    : MemWrite :  D=0x0000000000000004 A=0x7fffffffe560  flags=(IsInteger|IsStore)
 955500: global: Decode: Decoded std instruction: 0xfb010100
 955500: system.cpu: A0 T0 : 0x10017f6c @_int_malloc+1852    : std        r24, 256(r1)    : MemWrite :  D=0x0000000000000003 A=0x7fffffffe580  flags=(IsInteger|IsStore)
 955750: global: Decode: Decoded std instruction: 0xfb410110
 955750: system.cpu: A0 T0 : 0x10017f70 @_int_malloc+1856    : std        r26, 272(r1)    : MemWrite :  D=0x0000000000000002 A=0x7fffffffe590  flags=(IsInteger|IsStore)
 956000: global: Decode: Decoded std instruction: 0xfb610118
 956000: system.cpu: A0 T0 : 0x10017f74 @_int_malloc+1860    : std        r27, 280(r1)    : MemWrite :  D=0x00007fffffffe750 A=0x7fffffffe598  flags=(IsInteger|IsStore)
 956250: global: Decode: Decoded std instruction: 0xf9210070
 956250: system.cpu: A0 T0 : 0x10017f78 @_int_malloc+1864    : std        r9, 112(r1)     : MemWrite :  D=0x000000000000006e A=0x7fffffffe4f0  flags=(IsInteger|IsStore)
 956500: global: Decode: Decoded b instruction: 0x4bfffb60
 956500: system.cpu: A0 T0 : 0x10017f7c @_int_malloc+1868    : b          0x10017adc      : IntAlu :   flags=(IsControl|IsDirectControl|IsUncondControl)
 956750: global: Decode: Decoded ori instruction: 0x60000000
 956750: system.cpu: A0 T0 : 0x10017adc @_int_malloc+684    : nop                        : IntAlu :  D=0x0000000010019c60  flags=(IsInteger)
 957000: global: Decode: Decoded addi instruction: 0x3a9fffef
 957000: system.cpu: A0 T0 : 0x10017ae0 @_int_malloc+688    : subi       r20, r31, 17    : IntAlu :  D=0x000000000000003f  flags=(IsInteger)
 957250: global: Decode: Decoded addi instruction: 0x394d9028
 957250: system.cpu: A0 T0 : 0x10017ae4 @_int_malloc+692    : subi       r10, r13, 28632 : IntAlu :  D=0x00000000100b4798  flags=(IsInteger)
 957500: global: Decode: Decoded rldicl instruction: 0x7a98e102
 957500: system.cpu: A0 T0 : 0x10017ae8 @_int_malloc+696    : rldicl     r24, r20, 60, 4 : IntAlu :  D=0x0000000000000003  flags=(IsInteger)
 957750: global: Decode: Decoded addi instruction: 0x39200000
 957750: system.cpu: A0 T0 : 0x10017aec @_int_malloc+700    : li         r9, 0           : IntAlu :  D=0x0000000000000000  flags=(IsInteger)
 958000: global: Decode: Decoded ld instruction: 0xe8ea0000
 958000: system.cpu: A0 T0 : 0x10017af0 @_int_malloc+704    : ld         r7, 0(r10)      : MemRead :  D=0x00000000100b4ff0 A=0x100b4798  flags=(IsInteger|IsLoad)
 958250: global: Decode: Decoded cmpi instruction: 0x2fa70000
 958250: system.cpu: A0 T0 : 0x10017af4 @_int_malloc+708    : cmpdi      cr7, r7, 0      : IntAlu :  D=0x0000000042002424  flags=(IsInteger)
 958500: global: Decode: Decoded bc instruction: 0x419e0018
 958500: system.cpu: A0 T0 : 0x10017af8 @_int_malloc+712    : bc         30, 12, 0x10017b10 : IntAlu :  D=0x0000000000000000  flags=(IsInteger|IsControl|IsDirectControl|IsCondControl)
 958750: global: Decode: Decoded ori instruction: 0x60000000
 958750: system.cpu: A0 T0 : 0x10017afc @_int_malloc+716    : nop                        : IntAlu :  D=0x0000000010019c60  flags=(IsInteger)
 959000: global: Decode: Decoded ld instruction: 0xe9228ad8
 959000: system.cpu: A0 T0 : 0x10017b00 @_int_malloc+720    : ld         r9, -29992(r2)  : MemRead :  D=0x0000000000000040 A=0x100b07d8  flags=(IsInteger|IsLoad)
 959250: global: Decode: Decoded subfc instruction: 0x7d29c010
 959250: system.cpu: A0 T0 : 0x10017b04 @_int_malloc+724    : subfc      r9, r9, r24     : IntAlu :  D=0x0000000000000000  flags=(IsInteger)
 959500: global: Decode: Decoded subfe instruction: 0x7d294910
 959500: system.cpu: A0 T0 : 0x10017b08 @_int_malloc+728    : subfe      r9, r9, r9      : IntAlu :  D=0x0000000000000000  flags=(IsInteger)
 959750: global: Decode: Decoded and instruction: 0x7fe94838
 959750: system.cpu: A0 T0 : 0x10017b0c @_int_malloc+732    : and        r9, r31, r9     : IntAlu :  D=0x0000000000000050  flags=(IsInteger)
 960000: global: Decode: Decoded ori instruction: 0x60000000
 960000: system.cpu: A0 T0 : 0x10017b10 @_int_malloc+736    : nop                        : IntAlu :  D=0x0000000010019c60  flags=(IsInteger)
 960250: global: Decode: Decoded cmpi instruction: 0x2e290000
 960250: system.cpu: A0 T0 : 0x10017b14 @_int_malloc+740    : cmpdi      cr4, r9, 0      : IntAlu :  D=0x0000000042004424  flags=(IsInteger)
 960500: global: Decode: Decoded std instruction: 0xfa210090
 960500: system.cpu: A0 T0 : 0x10017b18 @_int_malloc+744    : std        r17, 144(r1)    : MemWrite :  D=0x0000000000000000 A=0x7fffffffe510  flags=(IsInteger|IsStore)
 960750: global: Decode: Decoded std instruction: 0xfaa10098
 960750: system.cpu: A0 T0 : 0x10017b1c @_int_malloc+748    : std        r21, 152(r1)    : MemWrite :  D=0x0000000000000000 A=0x7fffffffe518  flags=(IsInteger|IsStore)
 961000: global: Decode: Decoded addi instruction: 0x3b428a88
 961000: system.cpu: A0 T0 : 0x10017b20 @_int_malloc+752    : subi       r26, r2, 30072  : IntAlu :  D=0x00000000100b0788  flags=(IsInteger)
 961250: global: Decode: Decoded addi instruction: 0x3b7e0060
 961250: system.cpu: A0 T0 : 0x10017b24 @_int_malloc+756    : addi       r27, r30, 96    : IntAlu :  D=0x00000000100b0858  flags=(IsInteger)
 961500: global: Decode: Decoded addi instruction: 0x393a0070
 961500: system.cpu: A0 T0 : 0x10017b28 @_int_malloc+760    : addi       r9, r26, 112    : IntAlu :  D=0x00000000100b07f8  flags=(IsInteger)
 961750: global: Decode: Decoded addi instruction: 0x3a400000
 961750: system.cpu: A0 T0 : 0x10017b2c @_int_malloc+764    : li         r18, 0          : IntAlu :  D=0x0000000000000000  flags=(IsInteger)
 962000: global: Decode: Decoded cmp instruction: 0x7dbe4800
 962000: system.cpu: A0 T0 : 0x10017b30 @_int_malloc+768    : cmpd       cr3, r30, r9    : IntAlu :  D=0x0000000042024424  flags=(IsInteger)
 962250: global: Decode: Decoded addi instruction: 0x393f0020
 962250: system.cpu: A0 T0 : 0x10017b34 @_int_malloc+772    : addi       r9, r31, 32     : IntAlu :  D=0x0000000000000070  flags=(IsInteger)
 962500: global: Decode: Decoded addi instruction: 0x39e00001
 962500: system.cpu: A0 T0 : 0x10017b38 @_int_malloc+776    : li         r15, 1          : IntAlu :  D=0x0000000000000001  flags=(IsInteger)
 962750: global: Decode: Decoded rldicr instruction: 0x7b131f24
 962750: system.cpu: A0 T0 : 0x10017b3c @_int_malloc+780    : rldicr     r19, r24, 3, 60 : IntAlu :  D=0x0000000000000018  flags=(IsInteger)
 963000: global: Decode: Decoded std instruction: 0xf9210080
 963000: system.cpu: A0 T0 : 0x10017b40 @_int_malloc+784    : std        r9, 128(r1)     : MemWrite :  D=0x0000000000000070 A=0x7fffffffe500  flags=(IsInteger|IsStore)
 963250: global: Decode: Decoded ld instruction: 0xe89a0068
 963250: system.cpu: A0 T0 : 0x10017b44 @_int_malloc+788    : ld         r4, 104(r26)    : MemRead :  D=0x0000000000000000 A=0x100b07f0  flags=(IsInteger|IsLoad)
 963500: global: Decode: Decoded ld instruction: 0xea3a0060
 963500: system.cpu: A0 T0 : 0x10017b48 @_int_malloc+792    : ld         r17, 96(r26)    : MemRead :  D=0x0000000000000007 A=0x100b07e8  flags=(IsInteger|IsLoad)
 963750: global: Decode: Decoded ld instruction: 0xe95e0078
 963750: system.cpu: A0 T0 : 0x10017b4c @_int_malloc+796    : ld         r10, 120(r30)   : MemRead :  D=0x00000000100b0858 A=0x100b0870  flags=(IsInteger|IsLoad)
 964000: global: Decode: Decoded addi instruction: 0x38c00000
 964000: system.cpu: A0 T0 : 0x10017b50 @_int_malloc+800    : li         r6, 0           : IntAlu :  D=0x0000000000000000  flags=(IsInteger)
 964250: global: Decode: Decoded addi instruction: 0x38000000
 964250: system.cpu: A0 T0 : 0x10017b54 @_int_malloc+804    : li         r0, 0           : IntAlu :  D=0x0000000000000000  flags=(IsInteger)
 964500: global: Decode: Decoded add instruction: 0x7ea79a14
 964500: system.cpu: A0 T0 : 0x10017b58 @_int_malloc+808    : add        r21, r7, r19    : IntAlu :  D=0x00000000100b5008  flags=(IsInteger)
 964750: global: Decode: Decoded cmpi instruction: 0x2ea40000
 964750: system.cpu: A0 T0 : 0x10017b5c @_int_malloc+812    : cmpdi      cr5, r4, 0      : IntAlu :  D=0x0000000042024224  flags=(IsInteger)
 965000: global: Decode: Decoded cmpl instruction: 0x7fbb5040
 965000: system.cpu: A0 T0 : 0x10017b60 @_int_malloc+816    : cmpld      cr7, r27, r10   : IntAlu :  D=0x0000000042024222  flags=(IsInteger)
 965250: global: Decode: Decoded bc instruction: 0x419e0b6c
 965250: system.cpu: A0 T0 : 0x10017b64 @_int_malloc+820    : bc         30, 12, 0x100186d0 : IntAlu :  D=0x0000000000000000  flags=(IsInteger|IsControl|IsDirectControl|IsCondControl)
 965500: global: Decode: Decoded cmpi instruction: 0x2fa00000
 965500: system.cpu: A0 T0 : 0x100186d0 @_int_malloc+3744    : cmpdi      cr7, r0, 0      : IntAlu :  D=0x0000000042024222  flags=(IsInteger)
 965750: global: Decode: Decoded bc instruction: 0x419ef93c
 965750: system.cpu: A0 T0 : 0x100186d4 @_int_malloc+3748    : bc         30, 12, 0x10018010 : IntAlu :  D=0x0000000000000000  flags=(IsInteger|IsControl|IsDirectControl|IsCondControl)
 966000: global: Decode: Decoded cmpli instruction: 0x2bbf03ff
 966000: system.cpu: A0 T0 : 0x10018010 @_int_malloc+2016    : cmpldi     cr7, r31, 1023  : IntAlu :  D=0x0000000042024228  flags=(IsInteger)
 966250: global: Decode: Decoded bc instruction: 0x409d0038
 966250: system.cpu: A0 T0 : 0x10018014 @_int_malloc+2020    : bc         29, 4, 0x1001804c : IntAlu :  D=0x0000000000000000  flags=(IsInteger|IsControl|IsDirectControl|IsCondControl)
 966500: global: Decode: Decoded addi instruction: 0x393c0001
 966500: system.cpu: A0 T0 : 0x1001804c @_int_malloc+2076    : addi       r9, r28, 1      : IntAlu :  D=0x0000000000000006  flags=(IsInteger)
 966750: global: Decode: Decoded rldic instruction: 0x7b862748
 966750: system.cpu: A0 T0 : 0x10018050 @_int_malloc+2080    : rldic      r6, r28, 4, 29  : IntAlu :  D=0x0000000000000050  flags=(IsInteger)
 967000: global: Decode: Decoded rldicl instruction: 0x7928d962
 967000: system.cpu: A0 T0 : 0x10018054 @_int_malloc+2084    : rldicl     r8, r9, 59, 37  : IntAlu :  D=0x0000000000000000  flags=(IsInteger)
 967250: global: Decode: Decoded addi instruction: 0x38c60060
 967250: system.cpu: A0 T0 : 0x10018058 @_int_malloc+2088    : addi       r6, r6, 96      : IntAlu :  D=0x00000000000000b0  flags=(IsInteger)
 967500: global: Decode: Decoded addi instruction: 0x38a80218
 967500: system.cpu: A0 T0 : 0x1001805c @_int_malloc+2092    : addi       r5, r8, 536     : IntAlu :  D=0x0000000000000218  flags=(IsInteger)
 967750: global: Decode: Decoded rlwinm instruction: 0x552906fe
 967750: system.cpu: A0 T0 : 0x10018060 @_int_malloc+2096    : clrlwi     r9, r9, 27      : IntAlu :  D=0x0000000000000006  flags=(IsInteger)
 968000: global: Decode: Decoded rldicr instruction: 0x78aa1764
 968000: system.cpu: A0 T0 : 0x10018064 @_int_malloc+2100    : rldicr     r10, r5, 2, 61  : IntAlu :  D=0x0000000000000860  flags=(IsInteger)
 968250: global: Decode: Decoded add instruction: 0x7cde3214
 968250: system.cpu: A0 T0 : 0x10018068 @_int_malloc+2104    : add        r6, r30, r6     : IntAlu :  D=0x00000000100b08a8  flags=(IsInteger)
 968500: global: Decode: Decoded slw instruction: 0x7de94830
 968500: system.cpu: A0 T0 : 0x1001806c @_int_malloc+2108    : slw        r9, r15, r9     : IntAlu :  D=0x0000000000000040  flags=(IsInteger)
 968750: global: Decode: Decoded lwzx instruction: 0x7cfe502e
 968750: system.cpu: A0 T0 : 0x10018070 @_int_malloc+2112    : lwzx       r7, r30, r10    : MemRead :  D=0x0000000000000000 A=0x100b1058  flags=(IsInteger|IsLoad)
 969000: global: Decode: Decoded cmpl instruction: 0x7f893840
 969000: system.cpu: A0 T0 : 0x10018074 @_int_malloc+2116    : cmplw      cr7, r9, r7     : IntAlu :  D=0x0000000042024224  flags=(IsInteger)
 969250: global: Decode: Decoded bc instruction: 0x419d03e8
 969250: system.cpu: A0 T0 : 0x10018078 @_int_malloc+2120    : bc         29, 12, 0x10018460 : IntAlu :  D=0x0000000000000000  flags=(IsInteger|IsControl|IsDirectControl|IsCondControl)
 969500: global: Decode: Decoded subfic instruction: 0x21280003
 969500: system.cpu: A0 T0 : 0x10018460 @_int_malloc+3120    : subfic     r9, r8, 3       : IntAlu :  D=0x0000000020040000  flags=(IsInteger)
 969750: global: Decode: Decoded rldicl instruction: 0x79290020
 969750: system.cpu: A0 T0 : 0x10018464 @_int_malloc+3124    : clrldi     r9, r9, 32      : IntAlu :  D=0x0000000000000003  flags=(IsInteger)
 970000: global: Decode: Decoded addi instruction: 0x39290001
 970000: system.cpu: A0 T0 : 0x10018468 @_int_malloc+3128    : addi       r9, r9, 1       : IntAlu :  D=0x0000000000000004  flags=(IsInteger)
 970250: global: Decode: Decoded mtctr instruction: 0x7d2903a6
 970250: system.cpu: A0 T0 : 0x1001846c @_int_malloc+3132    : mtctr      r9              : IntAlu :  D=0x0000000000000004  flags=(IsInteger)
 970500: global: Decode: Decoded b instruction: 0x48000024
 970500: system.cpu: A0 T0 : 0x10018470 @_int_malloc+3136    : b          0x10018494      : IntAlu :   flags=(IsControl|IsDirectControl|IsUncondControl)
 970750: global: Decode: Decoded addi instruction: 0x39080001
 970750: system.cpu: A0 T0 : 0x10018494 @_int_malloc+3172    : addi       r8, r8, 1       : IntAlu :  D=0x0000000000000001  flags=(IsInteger)
 971000: global: Decode: Decoded rldicl instruction: 0x79080020
 971000: system.cpu: A0 T0 : 0x10018498 @_int_malloc+3176    : clrldi     r8, r8, 32      : IntAlu :  D=0x0000000000000001  flags=(IsInteger)
 971250: global: Decode: Decoded bc instruction: 0x4200ffe4
 971250: system.cpu: A0 T0 : 0x1001849c @_int_malloc+3180    : bc         0, 16, 0x10018480 : IntAlu :  D=0x0000000000000003  flags=(IsInteger|IsControl|IsDirectControl|IsCondControl)
 971500: global: Decode: Decoded addi instruction: 0x38a80218
 971500: system.cpu: A0 T0 : 0x10018480 @_int_malloc+3152    : addi       r5, r8, 536     : IntAlu :  D=0x0000000000000219  flags=(IsInteger)
 971750: global: Decode: Decoded rldicr instruction: 0x78a91764
 971750: system.cpu: A0 T0 : 0x10018484 @_int_malloc+3156    : rldicr     r9, r5, 2, 61   : IntAlu :  D=0x0000000000000864  flags=(IsInteger)
 972000: global: Decode: Decoded lwzx instruction: 0x7cfe482e
 972000: system.cpu: A0 T0 : 0x10018488 @_int_malloc+3160    : lwzx       r7, r30, r9     : MemRead :  D=0x0000000000000000 A=0x100b105c  flags=(IsInteger|IsLoad)
 972250: global: Decode: Decoded cmpi instruction: 0x2fa70000
 972250: system.cpu: A0 T0 : 0x1001848c @_int_malloc+3164    : cmpdi      cr7, r7, 0      : IntAlu :  D=0x0000000042024222  flags=(IsInteger)
 972500: global: Decode: Decoded bc instruction: 0x409e0220
 972500: system.cpu: A0 T0 : 0x10018490 @_int_malloc+3168    : bc         30, 4, 0x100186b0 : IntAlu :  D=0x0000000000000003  flags=(IsInteger|IsControl|IsDirectControl|IsCondControl)
 972750: global: Decode: Decoded addi instruction: 0x39080001
 972750: system.cpu: A0 T0 : 0x10018494 @_int_malloc+3172    : addi       r8, r8, 1       : IntAlu :  D=0x0000000000000002  flags=(IsInteger)
 973000: global: Decode: Decoded rldicl instruction: 0x79080020
 973000: system.cpu: A0 T0 : 0x10018498 @_int_malloc+3176    : clrldi     r8, r8, 32      : IntAlu :  D=0x0000000000000002  flags=(IsInteger)
 973250: global: Decode: Decoded bc instruction: 0x4200ffe4
 973250: system.cpu: A0 T0 : 0x1001849c @_int_malloc+3180    : bc         0, 16, 0x10018480 : IntAlu :  D=0x0000000000000002  flags=(IsInteger|IsControl|IsDirectControl|IsCondControl)
 973500: global: Decode: Decoded addi instruction: 0x38a80218
 973500: system.cpu: A0 T0 : 0x10018480 @_int_malloc+3152    : addi       r5, r8, 536     : IntAlu :  D=0x000000000000021a  flags=(IsInteger)
 973750: global: Decode: Decoded rldicr instruction: 0x78a91764
 973750: system.cpu: A0 T0 : 0x10018484 @_int_malloc+3156    : rldicr     r9, r5, 2, 61   : IntAlu :  D=0x0000000000000868  flags=(IsInteger)
 974000: global: Decode: Decoded lwzx instruction: 0x7cfe482e
 974000: system.cpu: A0 T0 : 0x10018488 @_int_malloc+3160    : lwzx       r7, r30, r9     : MemRead :  D=0x0000000000000000 A=0x100b1060  flags=(IsInteger|IsLoad)
 974250: global: Decode: Decoded cmpi instruction: 0x2fa70000
 974250: system.cpu: A0 T0 : 0x1001848c @_int_malloc+3164    : cmpdi      cr7, r7, 0      : IntAlu :  D=0x0000000042024222  flags=(IsInteger)
 974500: global: Decode: Decoded bc instruction: 0x409e0220
 974500: system.cpu: A0 T0 : 0x10018490 @_int_malloc+3168    : bc         30, 4, 0x100186b0 : IntAlu :  D=0x0000000000000002  flags=(IsInteger|IsControl|IsDirectControl|IsCondControl)
 974750: global: Decode: Decoded addi instruction: 0x39080001
 974750: system.cpu: A0 T0 : 0x10018494 @_int_malloc+3172    : addi       r8, r8, 1       : IntAlu :  D=0x0000000000000003  flags=(IsInteger)
 975000: global: Decode: Decoded rldicl instruction: 0x79080020
 975000: system.cpu: A0 T0 : 0x10018498 @_int_malloc+3176    : clrldi     r8, r8, 32      : IntAlu :  D=0x0000000000000003  flags=(IsInteger)
 975250: global: Decode: Decoded bc instruction: 0x4200ffe4
 975250: system.cpu: A0 T0 : 0x1001849c @_int_malloc+3180    : bc         0, 16, 0x10018480 : IntAlu :  D=0x0000000000000001  flags=(IsInteger|IsControl|IsDirectControl|IsCondControl)
 975500: global: Decode: Decoded addi instruction: 0x38a80218
 975500: system.cpu: A0 T0 : 0x10018480 @_int_malloc+3152    : addi       r5, r8, 536     : IntAlu :  D=0x000000000000021b  flags=(IsInteger)
 975750: global: Decode: Decoded rldicr instruction: 0x78a91764
 975750: system.cpu: A0 T0 : 0x10018484 @_int_malloc+3156    : rldicr     r9, r5, 2, 61   : IntAlu :  D=0x000000000000086c  flags=(IsInteger)
 976000: global: Decode: Decoded lwzx instruction: 0x7cfe482e
 976000: system.cpu: A0 T0 : 0x10018488 @_int_malloc+3160    : lwzx       r7, r30, r9     : MemRead :  D=0x0000000000000000 A=0x100b1064  flags=(IsInteger|IsLoad)
 976250: global: Decode: Decoded cmpi instruction: 0x2fa70000
 976250: system.cpu: A0 T0 : 0x1001848c @_int_malloc+3164    : cmpdi      cr7, r7, 0      : IntAlu :  D=0x0000000042024222  flags=(IsInteger)
 976500: global: Decode: Decoded bc instruction: 0x409e0220
 976500: system.cpu: A0 T0 : 0x10018490 @_int_malloc+3168    : bc         30, 4, 0x100186b0 : IntAlu :  D=0x0000000000000001  flags=(IsInteger|IsControl|IsDirectControl|IsCondControl)
 976750: global: Decode: Decoded addi instruction: 0x39080001
 976750: system.cpu: A0 T0 : 0x10018494 @_int_malloc+3172    : addi       r8, r8, 1       : IntAlu :  D=0x0000000000000004  flags=(IsInteger)
 977000: global: Decode: Decoded rldicl instruction: 0x79080020
 977000: system.cpu: A0 T0 : 0x10018498 @_int_malloc+3176    : clrldi     r8, r8, 32      : IntAlu :  D=0x0000000000000004  flags=(IsInteger)
 977250: global: Decode: Decoded bc instruction: 0x4200ffe4
 977250: system.cpu: A0 T0 : 0x1001849c @_int_malloc+3180    : bc         0, 16, 0x10018480 : IntAlu :  D=0x0000000000000000  flags=(IsInteger|IsControl|IsDirectControl|IsCondControl)
 977500: global: Decode: Decoded ld instruction: 0xe91e0060
 977500: system.cpu: A0 T0 : 0x100184a0 @_int_malloc+3184    : ld         r8, 96(r30)     : MemRead :  D=0x00000000100b5230 A=0x100b0858  flags=(IsInteger|IsLoad)
 977750: global: Decode: Decoded ld instruction: 0xe95e0888
 977750: system.cpu: A0 T0 : 0x100184a4 @_int_malloc+3188    : ld         r10, 2184(r30)  : MemRead :  D=0x0000000000021020 A=0x100b1080  flags=(IsInteger|IsLoad)
 978000: global: Decode: Decoded ld instruction: 0xe9280008
 978000: system.cpu: A0 T0 : 0x100184a8 @_int_malloc+3192    : ld         r9, 8(r8)       : MemRead :  D=0x0000000000020dd1 A=0x100b5238  flags=(IsInteger|IsLoad)
 978250: global: Decode: Decoded rldicr instruction: 0x79290724
 978250: system.cpu: A0 T0 : 0x100184ac @_int_malloc+3196    : rldicr     r9, r9, 0, 60   : IntAlu :  D=0x0000000000020dd0  flags=(IsInteger)
 978500: global: Decode: Decoded cmpl instruction: 0x7faa4840
 978500: system.cpu: A0 T0 : 0x100184b0 @_int_malloc+3200    : cmpld      cr7, r10, r9    : IntAlu :  D=0x0000000042024224  flags=(IsInteger)
 978750: global: Decode: Decoded bc instruction: 0x419c033c
 978750: system.cpu: A0 T0 : 0x100184b4 @_int_malloc+3204    : bc         28, 12, 0x100187f0 : IntAlu :  D=0x0000000000000000  flags=(IsInteger|IsControl|IsDirectControl|IsCondControl)
 979000: global: Decode: Decoded ld instruction: 0xe9410080
 979000: system.cpu: A0 T0 : 0x100184b8 @_int_malloc+3208    : ld         r10, 128(r1)    : MemRead :  D=0x0000000000000070 A=0x7fffffffe500  flags=(IsInteger|IsLoad)
 979250: global: Decode: Decoded cmpl instruction: 0x7faa4840
 979250: system.cpu: A0 T0 : 0x100184bc @_int_malloc+3212    : cmpld      cr7, r10, r9    : IntAlu :  D=0x0000000042024228  flags=(IsInteger)
 979500: global: Decode: Decoded bc instruction: 0x409d03a0
 979500: system.cpu: A0 T0 : 0x100184c0 @_int_malloc+3216    : bc         29, 4, 0x10018860 : IntAlu :  D=0x0000000000000000  flags=(IsInteger|IsControl|IsDirectControl|IsCondControl)
 979750: global: Decode: Decoded addi instruction: 0x3b5a0070
 979750: system.cpu: A0 T0 : 0x10018860 @_int_malloc+4144    : addi       r26, r26, 112   : IntAlu :  D=0x00000000100b07f8  flags=(IsInteger)
 980000: global: Decode: Decoded add instruction: 0x7ca8fa14
 980000: system.cpu: A0 T0 : 0x10018864 @_int_malloc+4148    : add        r5, r8, r31     : IntAlu :  D=0x00000000100b5280  flags=(IsInteger)
 980250: global: Decode: Decoded cmp instruction: 0x7fbed000
 980250: system.cpu: A0 T0 : 0x10018868 @_int_malloc+4152    : cmpd       cr7, r30, r26   : IntAlu :  D=0x0000000042024222  flags=(IsInteger)
 980500: global: Decode: Decoded subf instruction: 0x7d3f4850
 980500: system.cpu: A0 T0 : 0x1001886c @_int_malloc+4156    : subf       r9, r31, r9     : IntAlu :  D=0x0000000000020d80  flags=(IsInteger)
 980750: global: Decode: Decoded std instruction: 0xf8be0060
 980750: system.cpu: A0 T0 : 0x10018870 @_int_malloc+4160    : std        r5, 96(r30)     : MemWrite :  D=0x00000000100b5280 A=0x100b0858  flags=(IsInteger|IsStore)
 981000: global: Decode: Decoded addi instruction: 0x39400004
 981000: system.cpu: A0 T0 : 0x10018874 @_int_malloc+4164    : li         r10, 4          : IntAlu :  D=0x0000000000000004  flags=(IsInteger)
 981250: global: Decode: Decoded bc instruction: 0x419e013c
 981250: system.cpu: A0 T0 : 0x10018878 @_int_malloc+4168    : bc         30, 12, 0x100189b4 : IntAlu :  D=0x0000000000000000  flags=(IsInteger|IsControl|IsDirectControl|IsCondControl)
 981500: global: Decode: Decoded addi instruction: 0x39400000
 981500: system.cpu: A0 T0 : 0x100189b4 @_int_malloc+4484    : li         r10, 0          : IntAlu :  D=0x0000000000000000  flags=(IsInteger)
 981750: global: Decode: Decoded b instruction: 0x4bfffec4
 981750: system.cpu: A0 T0 : 0x100189b8 @_int_malloc+4488    : b          0x1001887c      : IntAlu :   flags=(IsControl|IsDirectControl|IsUncondControl)
 982000: global: Decode: Decoded ori instruction: 0x60000000
 982000: system.cpu: A0 T0 : 0x1001887c @_int_malloc+4172    : nop                        : IntAlu :  D=0x0000000000000000  flags=(IsInteger)
 982250: global: Decode: Decoded lwa instruction: 0xe8c2adf2
 982250: system.cpu: A0 T0 : 0x10018880 @_int_malloc+4176    : lwa        r6, -21008(r2)  : MemRead :  D=0x0000000000000000 A=0x100b2af0  flags=(IsInteger|IsLoad)
 982500: global: Decode: Decoded or instruction: 0x7fe75378
 982500: system.cpu: A0 T0 : 0x10018884 @_int_malloc+4180    : or         r7, r31, r10    : IntAlu :  D=0x0000000000000050  flags=(IsInteger)
 982750: global: Decode: Decoded ori instruction: 0x612a0001
 982750: system.cpu: A0 T0 : 0x10018888 @_int_malloc+4184    : ori        r10, r9, 1      : IntAlu :  D=0x0000000000020d81  flags=(IsInteger)
 983000: global: Decode: Decoded ori instruction: 0x60e70001
 983000: system.cpu: A0 T0 : 0x1001888c @_int_malloc+4188    : ori        r7, r7, 1       : IntAlu :  D=0x0000000000000051  flags=(IsInteger)
 983250: global: Decode: Decoded addi instruction: 0x39280010
 983250: system.cpu: A0 T0 : 0x10018890 @_int_malloc+4192    : addi       r9, r8, 16      : IntAlu :  D=0x00000000100b5240  flags=(IsInteger)
 983500: global: Decode: Decoded cmpi instruction: 0x2fa60000
 983500: system.cpu: A0 T0 : 0x10018894 @_int_malloc+4196    : cmpdi      cr7, r6, 0      : IntAlu :  D=0x0000000042024222  flags=(IsInteger)
 983750: global: Decode: Decoded std instruction: 0xf8e80008
 983750: system.cpu: A0 T0 : 0x10018898 @_int_malloc+4200    : std        r7, 8(r8)       : MemWrite :  D=0x0000000000000051 A=0x100b5238  flags=(IsInteger|IsStore)
 984000: global: Decode: Decoded std instruction: 0xf9450008
 984000: system.cpu: A0 T0 : 0x1001889c @_int_malloc+4204    : std        r10, 8(r5)      : MemWrite :  D=0x0000000000020d81 A=0x100b5288  flags=(IsInteger|IsStore)
 984250: global: Decode: Decoded bc instruction: 0x419ef71c
 984250: system.cpu: A0 T0 : 0x100188a0 @_int_malloc+4208    : bc         30, 12, 0x10017fbc : IntAlu :  D=0x0000000000000000  flags=(IsInteger|IsControl|IsDirectControl|IsCondControl)
 984500: global: Decode: Decoded ld instruction: 0xe9c100b0
 984500: system.cpu: A0 T0 : 0x10017fbc @_int_malloc+1932    : ld         r14, 176(r1)    : MemRead :  D=0x0000000000000000 A=0x7fffffffe530  flags=(IsInteger|IsLoad)
 984750: global: Decode: Decoded ld instruction: 0xe9e100b8
 984750: system.cpu: A0 T0 : 0x10017fc0 @_int_malloc+1936    : ld         r15, 184(r1)    : MemRead :  D=0x0000000000000000 A=0x7fffffffe538  flags=(IsInteger|IsLoad)
 985000: global: Decode: Decoded ld instruction: 0xea0100c0
 985000: system.cpu: A0 T0 : 0x10017fc4 @_int_malloc+1940    : ld         r16, 192(r1)    : MemRead :  D=0x0000000000000000 A=0x7fffffffe540  flags=(IsInteger|IsLoad)
 985250: global: Decode: Decoded ld instruction: 0xea2100c8
 985250: system.cpu: A0 T0 : 0x10017fc8 @_int_malloc+1944    : ld         r17, 200(r1)    : MemRead :  D=0x0000000000000000 A=0x7fffffffe548  flags=(IsInteger|IsLoad)
 985500: global: Decode: Decoded ld instruction: 0xea4100d0
 985500: system.cpu: A0 T0 : 0x10017fcc @_int_malloc+1948    : ld         r18, 208(r1)    : MemRead :  D=0x0000000000000000 A=0x7fffffffe550  flags=(IsInteger|IsLoad)
 985750: global: Decode: Decoded ld instruction: 0xea6100d8
 985750: system.cpu: A0 T0 : 0x10017fd0 @_int_malloc+1952    : ld         r19, 216(r1)    : MemRead :  D=0x0000000000000000 A=0x7fffffffe558  flags=(IsInteger|IsLoad)
 986000: global: Decode: Decoded ld instruction: 0xea8100e0
 986000: system.cpu: A0 T0 : 0x10017fd4 @_int_malloc+1956    : ld         r20, 224(r1)    : MemRead :  D=0x0000000000000004 A=0x7fffffffe560  flags=(IsInteger|IsLoad)
 986250: global: Decode: Decoded ld instruction: 0xeaa100e8
 986250: system.cpu: A0 T0 : 0x10017fd8 @_int_malloc+1960    : ld         r21, 232(r1)    : MemRead :  D=0x0000000000000000 A=0x7fffffffe568  flags=(IsInteger|IsLoad)
 986500: global: Decode: Decoded ld instruction: 0xeac100f0
 986500: system.cpu: A0 T0 : 0x10017fdc @_int_malloc+1964    : ld         r22, 240(r1)    : MemRead :  D=0x00000000100b2b70 A=0x7fffffffe570  flags=(IsInteger|IsLoad)
 986750: global: Decode: Decoded ld instruction: 0xeb010100
 986750: system.cpu: A0 T0 : 0x10017fe0 @_int_malloc+1968    : ld         r24, 256(r1)    : MemRead :  D=0x0000000000000003 A=0x7fffffffe580  flags=(IsInteger|IsLoad)
 987000: global: Decode: Decoded ld instruction: 0xeb210108
 987000: system.cpu: A0 T0 : 0x10017fe4 @_int_malloc+1972    : ld         r25, 264(r1)    : MemRead :  D=0x0000000000000040 A=0x7fffffffe588  flags=(IsInteger|IsLoad)
 987250: global: Decode: Decoded ld instruction: 0xeb410110
 987250: system.cpu: A0 T0 : 0x10017fe8 @_int_malloc+1976    : ld         r26, 272(r1)    : MemRead :  D=0x0000000000000002 A=0x7fffffffe590  flags=(IsInteger|IsLoad)
 987500: global: Decode: Decoded ld instruction: 0xeb610118
 987500: system.cpu: A0 T0 : 0x10017fec @_int_malloc+1980    : ld         r27, 280(r1)    : MemRead :  D=0x00007fffffffe750 A=0x7fffffffe598  flags=(IsInteger|IsLoad)
 987750: global: Decode: Decoded ld instruction: 0xeb810120
 987750: system.cpu: A0 T0 : 0x10017ff0 @_int_malloc+1984    : ld         r28, 288(r1)    : MemRead :  D=0x0000000000000003 A=0x7fffffffe5a0  flags=(IsInteger|IsLoad)
 988000: global: Decode: Decoded ld instruction: 0xe8010150
 988000: system.cpu: A0 T0 : 0x10017ff4 @_int_malloc+1988    : ld         r0, 336(r1)     : MemRead :  D=0x0000000010019c60 A=0x7fffffffe5d0  flags=(IsInteger|IsLoad)
 988250: global: Decode: Decoded mtlr instruction: 0x7c0803a6
 988250: system.cpu: A0 T0 : 0x10017ff8 @_int_malloc+1992    : mtlr       r0              : IntAlu :  D=0x0000000010019c60  flags=(IsInteger)
 988500: global: Decode: Decoded b instruction: 0x4bfff9ac
 988500: system.cpu: A0 T0 : 0x10017ffc @_int_malloc+1996    : b          0x100179a8      : IntAlu :   flags=(IsControl|IsDirectControl|IsUncondControl)
 988750: global: Decode: Decoded addi instruction: 0x38210140
 988750: system.cpu: A0 T0 : 0x100179a8 @_int_malloc+376    : addi       r1, r1, 320     : IntAlu :  D=0x00007fffffffe5c0  flags=(IsInteger)
 989000: global: Decode: Decoded or instruction: 0x7d234b78
 989000: system.cpu: A0 T0 : 0x100179ac @_int_malloc+380    : mr         r3, r9          : IntAlu :  D=0x00000000100b5240  flags=(IsInteger)
 989250: global: Decode: Decoded lwz instruction: 0x81810008
 989250: system.cpu: A0 T0 : 0x100179b0 @_int_malloc+384    : lwz        r12, 8(r1)      : MemRead :  D=0x0000000042002422 A=0x7fffffffe5c8  flags=(IsInteger|IsLoad)
 989500: global: Decode: Decoded ld instruction: 0xeae1ffb8
 989500: system.cpu: A0 T0 : 0x100179b4 @_int_malloc+388    : ld         r23, -72(r1)    : MemRead :  D=0x0000000000000001 A=0x7fffffffe578  flags=(IsInteger|IsLoad)
 989750: global: Decode: Decoded ld instruction: 0xeba1ffe8
 989750: system.cpu: A0 T0 : 0x100179b8 @_int_malloc+392    : ld         r29, -24(r1)    : MemRead :  D=0x0000000000000000 A=0x7fffffffe5a8  flags=(IsInteger|IsLoad)
 990000: global: Decode: Decoded ld instruction: 0xebc1fff0
 990000: system.cpu: A0 T0 : 0x100179bc @_int_malloc+396    : ld         r30, -16(r1)    : MemRead :  D=0x0000000000000045 A=0x7fffffffe5b0  flags=(IsInteger|IsLoad)
 990250: global: Decode: Decoded ld instruction: 0xebe1fff8
 990250: system.cpu: A0 T0 : 0x100179c0 @_int_malloc+400    : ld         r31, -8(r1)     : MemRead :  D=0x00000000100b07f8 A=0x7fffffffe5b8  flags=(IsInteger|IsLoad)
 990500: global: Decode: Decoded mtocrf instruction: 0x7d910120
 990500: system.cpu: A0 T0 : 0x100179c4 @_int_malloc+404    : mtocrf     r32, r12, r32   : IntAlu :  D=0x0000000042004222  flags=(IsInteger)
 990750: global: Decode: Decoded mtocrf instruction: 0x7d908120
 990750: system.cpu: A0 T0 : 0x100179c8 @_int_malloc+408    : mtocrf     r32, r12, r32   : IntAlu :  D=0x0000000042002222  flags=(IsInteger)
 991000: global: Decode: Decoded bclr instruction: 0x4e800020
 991000: system.cpu: A0 T0 : 0x100179cc @_int_malloc+412    : bclr       0, 20           : IntAlu :  D=0x0000000000000000  flags=(IsInteger|IsControl|IsIndirectControl|IsCondControl|IsReturn)
 991250: global: Decode: Decoded or instruction: 0x7c7d1b79
 991250: system.cpu: A0 T0 : 0x10019c60 @__libc_malloc+144    : or.        r29, r3, r3     : IntAlu :  D=0x0000000042002222  flags=(IsInteger)
 991500: global: Decode: Decoded bc instruction: 0x4182019c
 991500: system.cpu: A0 T0 : 0x10019c64 @__libc_malloc+148    : bc         2, 12, 0x10019e00 : IntAlu :  D=0x0000000000000000  flags=(IsInteger|IsControl|IsDirectControl|IsCondControl)
 991750: global: Decode: Decoded ld instruction: 0xe93dfff8
 991750: system.cpu: A0 T0 : 0x10019c68 @__libc_malloc+152    : ld         r9, -8(r29)     : MemRead :  D=0x0000000000000051 A=0x100b5238  flags=(IsInteger|IsLoad)
 992000: global: Decode: Decoded andi_ instruction: 0x712a0002
 992000: system.cpu: A0 T0 : 0x10019c6c @__libc_malloc+156    : andi.      r10, r9, 2      : IntAlu :  D=0x0000000022002222  flags=(IsInteger)
 992250: global: Decode: Decoded bc instruction: 0x41820150
 992250: system.cpu: A0 T0 : 0x10019c70 @__libc_malloc+160    : bc         2, 12, 0x10019dc0 : IntAlu :  D=0x0000000000000000  flags=(IsInteger|IsControl|IsDirectControl|IsCondControl)
 992500: global: Decode: Decoded andi_ instruction: 0x71290004
 992500: system.cpu: A0 T0 : 0x10019dc0 @__libc_malloc+496    : andi.      r9, r9, 4       : IntAlu :  D=0x0000000022002222  flags=(IsInteger)
 992750: global: Decode: Decoded bc instruction: 0x4182feb0
 992750: system.cpu: A0 T0 : 0x10019dc4 @__libc_malloc+500    : bc         2, 12, 0x10019c74 : IntAlu :  D=0x0000000000000000  flags=(IsInteger|IsControl|IsDirectControl|IsCondControl)
 993000: global: Decode: Decoded ld instruction: 0xe80100a0
 993000: system.cpu: A0 T0 : 0x10019c74 @__libc_malloc+164    : ld         r0, 160(r1)     : MemRead :  D=0x0000000010019e34 A=0x7fffffffe660  flags=(IsInteger|IsLoad)
 993250: global: Decode: Decoded ld instruction: 0xeb810070
 993250: system.cpu: A0 T0 : 0x10019c78 @__libc_malloc+168    : ld         r28, 112(r1)    : MemRead :  D=0x00000000100aa540 A=0x7fffffffe630  flags=(IsInteger|IsLoad)
 993500: global: Decode: Decoded ld instruction: 0xebc10080
 993500: system.cpu: A0 T0 : 0x10019c7c @__libc_malloc+172    : ld         r30, 128(r1)    : MemRead :  D=0x0000000000000002 A=0x7fffffffe640  flags=(IsInteger|IsLoad)
 993750: global: Decode: Decoded ld instruction: 0xebe10088
 993750: system.cpu: A0 T0 : 0x10019c80 @__libc_malloc+176    : ld         r31, 136(r1)    : MemRead :  D=0x00007fffffffe700 A=0x7fffffffe648  flags=(IsInteger|IsLoad)
 994000: global: Decode: Decoded mtlr instruction: 0x7c0803a6
 994000: system.cpu: A0 T0 : 0x10019c84 @__libc_malloc+180    : mtlr       r0              : IntAlu :  D=0x0000000010019e34  flags=(IsInteger)
 994250: global: Decode: Decoded addi instruction: 0x38210090
 994250: system.cpu: A0 T0 : 0x10019c88 @__libc_malloc+184    : addi       r1, r1, 144     : IntAlu :  D=0x00007fffffffe650  flags=(IsInteger)
 994500: global: Decode: Decoded or instruction: 0x7fa3eb78
 994500: system.cpu: A0 T0 : 0x10019c8c @__libc_malloc+188    : mr         r3, r29         : IntAlu :  D=0x00000000100b5240  flags=(IsInteger)
 994750: global: Decode: Decoded ld instruction: 0xeba1ffe8
 994750: system.cpu: A0 T0 : 0x10019c90 @__libc_malloc+192    : ld         r29, -24(r1)    : MemRead :  D=0x00007fffffffe770 A=0x7fffffffe638  flags=(IsInteger|IsLoad)
 995000: global: Decode: Decoded bclr instruction: 0x4e800020
 995000: system.cpu: A0 T0 : 0x10019c94 @__libc_malloc+196    : bclr       0, 20           : IntAlu :  D=0x0000000000000000  flags=(IsInteger|IsControl|IsIndirectControl|IsCondControl|IsReturn)
 995250: global: Decode: Decoded ld instruction: 0xe8410028
 995250: system.cpu: A0 T0 : 0x10019e34 @__libc_malloc+612    : ld         r2, 40(r1)      : MemRead :  D=0x00000000100b7d00 A=0x7fffffffe678  flags=(IsInteger|IsLoad)
 995500: global: Decode: Decoded ld instruction: 0xe80100a0
 995500: system.cpu: A0 T0 : 0x10019e38 @__libc_malloc+616    : ld         r0, 160(r1)     : MemRead :  D=0x000000001005425c A=0x7fffffffe6f0  flags=(IsInteger|IsLoad)
 995750: global: Decode: Decoded or instruction: 0x7c7d1b78
 995750: system.cpu: A0 T0 : 0x10019e3c @__libc_malloc+620    : mr         r29, r3         : IntAlu :  D=0x00000000100b5240  flags=(IsInteger)
 996000: global: Decode: Decoded mtlr instruction: 0x7c0803a6
 996000: system.cpu: A0 T0 : 0x10019e40 @__libc_malloc+624    : mtlr       r0              : IntAlu :  D=0x000000001005425c  flags=(IsInteger)
 996250: global: Decode: Decoded b instruction: 0x4bfffe44
 996250: system.cpu: A0 T0 : 0x10019e44 @__libc_malloc+628    : b          0x10019c88      : IntAlu :   flags=(IsControl|IsDirectControl|IsUncondControl)
 996500: global: Decode: Decoded addi instruction: 0x38210090
 996500: system.cpu: A0 T0 : 0x10019c88 @__libc_malloc+184    : addi       r1, r1, 144     : IntAlu :  D=0x00007fffffffe6e0  flags=(IsInteger)
 996750: global: Decode: Decoded or instruction: 0x7fa3eb78
 996750: system.cpu: A0 T0 : 0x10019c8c @__libc_malloc+188    : mr         r3, r29         : IntAlu :  D=0x00000000100b5240  flags=(IsInteger)
 997000: global: Decode: Decoded ld instruction: 0xeba1ffe8
 997000: system.cpu: A0 T0 : 0x10019c90 @__libc_malloc+192    : ld         r29, -24(r1)    : MemRead :  D=0x00007fffffffe770 A=0x7fffffffe6c8  flags=(IsInteger|IsLoad)
 997250: global: Decode: Decoded bclr instruction: 0x4e800020
 997250: system.cpu: A0 T0 : 0x10019c94 @__libc_malloc+196    : bclr       0, 20           : IntAlu :  D=0x0000000000000000  flags=(IsInteger|IsControl|IsIndirectControl|IsCondControl|IsReturn)
 997500: global: Decode: Decoded ori instruction: 0x60000000
 997500: system.cpu: A0 T0 : 0x1005425c @_dl_important_hwcaps+988    : nop                        : IntAlu :  D=0x000000001005425c  flags=(IsInteger)
 997750: global: Decode: Decoded or instruction: 0x7c761b79
 997750: system.cpu: A0 T0 : 0x10054260 @_dl_important_hwcaps+992    : or.        r22, r3, r3     : IntAlu :  D=0x0000000042002222  flags=(IsInteger)
 998000: global: Decode: Decoded bc instruction: 0x4182037c
 998000: system.cpu: A0 T0 : 0x10054264 @_dl_important_hwcaps+996    : bc         2, 12, 0x100545e0 : IntAlu :  D=0x0000000000000000  flags=(IsInteger|IsControl|IsDirectControl|IsCondControl)
 998250: global: Decode: Decoded cmpli instruction: 0x2bbe0002
 998250: system.cpu: A0 T0 : 0x10054268 @_dl_important_hwcaps+1000    : cmpldi     cr7, r30, 2     : IntAlu :  D=0x0000000042002222  flags=(IsInteger)
 998500: global: Decode: Decoded addi instruction: 0x39200001
 998500: system.cpu: A0 T0 : 0x1005426c @_dl_important_hwcaps+1004    : li         r9, 1           : IntAlu :  D=0x0000000000000001  flags=(IsInteger)
 998750: global: Decode: Decoded ld instruction: 0xea5b0000
 998750: system.cpu: A0 T0 : 0x10054270 @_dl_important_hwcaps+1008    : ld         r18, 0(r27)     : MemRead :  D=0x00007fffffffef7f A=0x7fffffffe750  flags=(IsInteger|IsLoad)
 999000: global: Decode: Decoded add instruction: 0x7c76ca14
 999000: system.cpu: A0 T0 : 0x10054274 @_dl_important_hwcaps+1012    : add        r3, r22, r25    : IntAlu :  D=0x00000000100b5280  flags=(IsInteger)
 999250: global: Decode: Decoded addi instruction: 0x39faffff
 999250: system.cpu: A0 T0 : 0x10054278 @_dl_important_hwcaps+1016    : subi       r15, r26, 1     : IntAlu :  D=0x0000000000000001  flags=(IsInteger)
 999500: global: Decode: Decoded sld instruction: 0x7d29d036
 999500: system.cpu: A0 T0 : 0x1005427c @_dl_important_hwcaps+1020    : sld        r9, r9, r26     : IntAlu :  D=0x0000000000000004  flags=(IsInteger)
 999750: global: Decode: Decoded slw instruction: 0x7ef77830
 999750: system.cpu: A0 T0 : 0x10054280 @_dl_important_hwcaps+1024    : slw        r23, r23, r15   : IntAlu :  D=0x0000000000000002  flags=(IsInteger)
1000000: global: Decode: Decoded std instruction: 0xf8760000
1000000: system.cpu: A0 T0 : 0x10054284 @_dl_important_hwcaps+1028    : std        r3, 0(r22)      : MemWrite :  D=0x00000000100b5280 A=0x100b5240  flags=(IsInteger|IsStore)
1000250: global: Decode: Decoded std instruction: 0xf8760010
1000250: system.cpu: A0 T0 : 0x10054288 @_dl_important_hwcaps+1032    : std        r3, 16(r22)     : MemWrite :  D=0x00000000100b5280 A=0x100b5250  flags=(IsInteger|IsStore)
1000500: global: Decode: Decoded extsw instruction: 0x7ee807b4
1000500: system.cpu: A0 T0 : 0x1005428c @_dl_important_hwcaps+1036    : extsw      r8, r23         : IntAlu :  D=0x0000000000000002  flags=(IsInteger)
1000750: global: Decode: Decoded std instruction: 0xf93f0080
1000750: system.cpu: A0 T0 : 0x10054290 @_dl_important_hwcaps+1040    : std        r9, 128(r31)    : MemWrite :  D=0x0000000000000004 A=0x7fffffffe780  flags=(IsInteger|IsStore)
1001000: global: Decode: Decoded bc instruction: 0x419e0384
1001000: system.cpu: A0 T0 : 0x10054294 @_dl_important_hwcaps+1044    : bc         30, 12, 0x10054618 : IntAlu :  D=0x0000000000000000  flags=(IsInteger|IsControl|IsDirectControl|IsCondControl)
1001250: global: Decode: Decoded ld instruction: 0xe8bb0018
1001250: system.cpu: A0 T0 : 0x10054618 @_dl_important_hwcaps+1944    : ld         r5, 24(r27)     : MemRead :  D=0x0000000000000003 A=0x7fffffffe768  flags=(IsInteger|IsLoad)
1001500: global: Decode: Decoded ld instruction: 0xe89b0010
1001500: system.cpu: A0 T0 : 0x1005461c @_dl_important_hwcaps+1948    : ld         r4, 16(r27)     : MemRead :  D=0x000000001007f1c0 A=0x7fffffffe760  flags=(IsInteger|IsLoad)
1001750: global: Decode: Decoded addi instruction: 0x3b80002f
1001750: system.cpu: A0 T0 : 0x10054620 @_dl_important_hwcaps+1952    : li         r28, 47         : IntAlu :  D=0x000000000000002f  flags=(IsInteger)
1002000: global: Decode: Decoded b instruction: 0x4bfabdbd
1002000: system.cpu: A0 T0 : 0x10054624 @_dl_important_hwcaps+1956    : bl         0x100003e0      : IntAlu :  D=0x0000000010054628  flags=(IsInteger|IsControl|IsDirectControl|IsUncondControl)
1002250: global: Decode: Decoded std instruction: 0xf8410028
1002250: system.cpu: A0 T0 : 0x100003e0 @_init+376    : std        r2, 40(r1)      : MemWrite :  D=0x00000000100b7d00 A=0x7fffffffe708  flags=(IsInteger|IsStore)
1002500: global: Decode: Decoded ld instruction: 0xe98283a8
1002500: system.cpu: A0 T0 : 0x100003e4 @_init+380    : ld         r12, -31832(r2) : MemRead :  D=0x000000001001d6e0 A=0x100b00a8  flags=(IsInteger|IsLoad)
1002750: global: Decode: Decoded mtctr instruction: 0x7d8903a6
1002750: system.cpu: A0 T0 : 0x100003e8 @_init+384    : mtctr      r12             : IntAlu :  D=0x000000001001d6e0  flags=(IsInteger)
1003000: global: Decode: Decoded ld instruction: 0xe84283b0
1003000: system.cpu: A0 T0 : 0x100003ec @_init+388    : ld         r2, -31824(r2)  : MemRead :  D=0x00000000100b7d00 A=0x100b00b0  flags=(IsInteger|IsLoad)
1003250: global: Decode: Decoded bcctr instruction: 0x4e800420
1003250: system.cpu: A0 T0 : 0x100003f0 @_init+392    : bcctr      0, 20           : IntAlu :   flags=(IsInteger|IsControl|IsIndirectControl|IsCondControl)
1003500: global: Decode: Decoded mflr instruction: 0x7c0802a6
1003500: system.cpu: A0 T0 : 0x1001d6e0 @__mempcpy_ppc    : mflr       r0              : IntAlu :  D=0x0000000010054628  flags=(IsInteger)
1003750: global: Decode: Decoded std instruction: 0xfbe1fff8
1003750: system.cpu: A0 T0 : 0x1001d6e4 @__mempcpy_ppc+4    : std        r31, -8(r1)     : MemWrite :  D=0x00007fffffffe700 A=0x7fffffffe6d8  flags=(IsInteger|IsStore)
1004000: global: Decode: Decoded or instruction: 0x7cbf2b78
1004000: system.cpu: A0 T0 : 0x1001d6e8 @__mempcpy_ppc+8    : mr         r31, r5         : IntAlu :  D=0x0000000000000003  flags=(IsInteger)
1004250: global: Decode: Decoded std instruction: 0xf8010010
1004250: system.cpu: A0 T0 : 0x1001d6ec @__mempcpy_ppc+12    : std        r0, 16(r1)      : MemWrite :  D=0x0000000010054628 A=0x7fffffffe6f0  flags=(IsInteger|IsStore)
1004500: global: Decode: Decoded stdu instruction: 0xf821ff81
1004500: system.cpu: A0 T0 : 0x1001d6f0 @__mempcpy_ppc+16    : stdu       r1, -128(r1)    : MemWrite :  D=0x00007fffffffe660 A=0x7fffffffe660  flags=(IsInteger|IsStore)
1004750: global: Decode: Decoded b instruction: 0x4bfff4cd
1004750: system.cpu: A0 T0 : 0x1001d6f4 @__mempcpy_ppc+20    : bl         memcpy          : IntAlu :  D=0x000000001001d6f8  flags=(IsInteger|IsControl|IsDirectControl|IsUncondControl)
1005000: global: Decode: Decoded cmpli instruction: 0x28a5001f
1005000: system.cpu: A0 T0 : 0x1001cbc0 @memcpy    : cmpldi     cr1, r5, 31     : IntAlu :  D=0x0000000048002222  flags=(IsInteger)
1005250: global: Decode: Decoded neg instruction: 0x7c0300d0
1005250: system.cpu: A0 T0 : 0x1001cbc4 @memcpy+4    : neg        r0, r3          : IntAlu :  D=0xffffffffeff4ad80  flags=(IsInteger)
1005500: global: Decode: Decoded std instruction: 0xf861fff0
1005500: system.cpu: A0 T0 : 0x1001cbc8 @memcpy+8    : std        r3, -16(r1)     : MemWrite :  D=0x00000000100b5280 A=0x7fffffffe650  flags=(IsInteger|IsStore)
1005750: global: Decode: Decoded std instruction: 0xfbe1fff8
1005750: system.cpu: A0 T0 : 0x1001cbcc @memcpy+12    : std        r31, -8(r1)     : MemWrite :  D=0x0000000000000003 A=0x7fffffffe658  flags=(IsInteger|IsStore)
1006000: global: Decode: Decoded andi_ instruction: 0x706b0007
1006000: system.cpu: A0 T0 : 0x1001cbd0 @memcpy+16    : andi.      r11, r3, 7      : IntAlu :  D=0x0000000028002222  flags=(IsInteger)
1006250: global: Decode: Decoded rldicl instruction: 0x78000760
1006250: system.cpu: A0 T0 : 0x1001cbd4 @memcpy+20    : clrldi     r0, r0, 61      : IntAlu :  D=0x0000000000000000  flags=(IsInteger)
1006500: global: Decode: Decoded rldicl instruction: 0x788a0760
1006500: system.cpu: A0 T0 : 0x1001cbd8 @memcpy+24    : clrldi     r10, r4, 61     : IntAlu :  D=0x0000000000000000  flags=(IsInteger)
1006750: global: Decode: Decoded cmpli instruction: 0x2b250008
1006750: system.cpu: A0 T0 : 0x1001cbdc @memcpy+28    : cmpldi     cr6, r5, 8      : IntAlu :  D=0x0000000028002282  flags=(IsInteger)
1007000: global: Decode: Decoded bc instruction: 0x40850160
1007000: system.cpu: A0 T0 : 0x1001cbe0 @memcpy+32    : bc         5, 4, 0x1001cd40 : IntAlu :  D=0x000000001001d6e0  flags=(IsInteger|IsControl|IsDirectControl|IsCondControl)
1007250: global: Decode: Decoded mtcrf instruction: 0x7ca01120
1007250: system.cpu: A0 T0 : 0x1001cd40 @memcpy+384    : mtcrf      r5, r32         : IntAlu :  D=0x0000000028002283  flags=(IsInteger)
1007500: global: Decode: Decoded neg instruction: 0x7d0400d0
1007500: system.cpu: A0 T0 : 0x1001cd44 @memcpy+388    : neg        r8, r4          : IntAlu :  D=0xffffffffeff80e40  flags=(IsInteger)
1007750: global: Decode: Decoded rldicr instruction: 0x788b0764
1007750: system.cpu: A0 T0 : 0x1001cd48 @memcpy+392    : rldicr     r11, r4, 0, 61  : IntAlu :  D=0x000000001007f1c0  flags=(IsInteger)
1008000: global: Decode: Decoded andi_ instruction: 0x71000003
1008000: system.cpu: A0 T0 : 0x1001cd4c @memcpy+396    : andi.      r0, r8, 3       : IntAlu :  D=0x0000000028002283  flags=(IsInteger)
1008250: global: Decode: Decoded bc instruction: 0x409900f0
1008250: system.cpu: A0 T0 : 0x1001cd50 @memcpy+400    : bc         25, 4, 0x1001ce40 : IntAlu :  D=0x000000001001d6e0  flags=(IsInteger|IsControl|IsDirectControl|IsCondControl)
1008500: global: Decode: Decoded or instruction: 0x7c8c2378
1008500: system.cpu: A0 T0 : 0x1001ce40 @memcpy+640    : mr         r12, r4         : IntAlu :  D=0x000000001007f1c0  flags=(IsInteger)
1008750: global: Decode: Decoded bc instruction: 0x409a001c
1008750: system.cpu: A0 T0 : 0x1001ce44 @memcpy+644    : bc         26, 4, 0x1001ce60 : IntAlu :  D=0x000000001001d6e0  flags=(IsInteger|IsControl|IsDirectControl|IsCondControl)
1009000: global: Decode: Decoded bc instruction: 0x409dffac
1009000: system.cpu: A0 T0 : 0x1001ce60 @memcpy+672    : bc         29, 4, 0x1001ce0c : IntAlu :  D=0x000000001001d6e0  flags=(IsInteger|IsControl|IsDirectControl|IsCondControl)
1009250: global: Decode: Decoded bc instruction: 0x409e0020
1009250: system.cpu: A0 T0 : 0x1001ce0c @memcpy+588    : bc         30, 4, 0x1001ce2c : IntAlu :  D=0x000000001001d6e0  flags=(IsInteger|IsControl|IsDirectControl|IsCondControl)
1009500: global: Decode: Decoded lhz instruction: 0xa0cc0000
1009500: system.cpu: A0 T0 : 0x1001ce10 @memcpy+592    : lhz        r6, 0(r12)      : MemRead :  D=0x000000000000746c A=0x1007f1c0  flags=(IsInteger|IsLoad)
1009750: global: Decode: Decoded sth instruction: 0xb0c30000
1009750: system.cpu: A0 T0 : 0x1001ce14 @memcpy+596    : sth        r6, 0(r3)       : MemWrite :  D=0x000000000000746c A=0x100b5280  flags=(IsInteger|IsStore)
1010000: global: Decode: Decoded bc instruction: 0x409f0020
1010000: system.cpu: A0 T0 : 0x1001ce18 @memcpy+600    : bc         31, 4, 0x1001ce38 : IntAlu :  D=0x000000001001d6e0  flags=(IsInteger|IsControl|IsDirectControl|IsCondControl)
1010250: global: Decode: Decoded lbz instruction: 0x88ec0002
1010250: system.cpu: A0 T0 : 0x1001ce1c @memcpy+604    : lbz        r7, 2(r12)      : MemRead :  D=0x0000000000000073 A=0x1007f1c2  flags=(IsInteger|IsLoad)
1010500: global: Decode: Decoded stb instruction: 0x98e30002
1010500: system.cpu: A0 T0 : 0x1001ce20 @memcpy+608    : stb        r7, 2(r3)       : MemWrite :  D=0x0000000000000073 A=0x100b5282  flags=(IsInteger|IsStore)
1010750: global: Decode: Decoded ld instruction: 0xe861fff0
1010750: system.cpu: A0 T0 : 0x1001ce24 @memcpy+612    : ld         r3, -16(r1)     : MemRead :  D=0x00000000100b5280 A=0x7fffffffe650  flags=(IsInteger|IsLoad)
1011000: global: Decode: Decoded bclr instruction: 0x4e800020
1011000: system.cpu: A0 T0 : 0x1001ce28 @memcpy+616    : bclr       0, 20           : IntAlu :  D=0x000000001001d6e0  flags=(IsInteger|IsControl|IsIndirectControl|IsCondControl|IsReturn)
1011250: global: Decode: Decoded ori instruction: 0x60000000
1011250: system.cpu: A0 T0 : 0x1001d6f8 @__mempcpy_ppc+24    : nop                        : IntAlu :  D=0x0000000000000000  flags=(IsInteger)
1011500: global: Decode: Decoded addi instruction: 0x38210080
1011500: system.cpu: A0 T0 : 0x1001d6fc @__mempcpy_ppc+28    : addi       r1, r1, 128     : IntAlu :  D=0x00007fffffffe6e0  flags=(IsInteger)
1011750: global: Decode: Decoded ld instruction: 0xe8010010
1011750: system.cpu: A0 T0 : 0x1001d700 @__mempcpy_ppc+32    : ld         r0, 16(r1)      : MemRead :  D=0x0000000010054628 A=0x7fffffffe6f0  flags=(IsInteger|IsLoad)
1012000: global: Decode: Decoded add instruction: 0x7c63fa14
1012000: system.cpu: A0 T0 : 0x1001d704 @__mempcpy_ppc+36    : add        r3, r3, r31     : IntAlu :  D=0x00000000100b5283  flags=(IsInteger)
1012250: global: Decode: Decoded ld instruction: 0xebe1fff8
1012250: system.cpu: A0 T0 : 0x1001d708 @__mempcpy_ppc+40    : ld         r31, -8(r1)     : MemRead :  D=0x00007fffffffe700 A=0x7fffffffe6d8  flags=(IsInteger|IsLoad)
1012500: global: Decode: Decoded mtlr instruction: 0x7c0803a6
1012500: system.cpu: A0 T0 : 0x1001d70c @__mempcpy_ppc+44    : mtlr       r0              : IntAlu :  D=0x0000000010054628  flags=(IsInteger)
1012750: global: Decode: Decoded bclr instruction: 0x4e800020
1012750: system.cpu: A0 T0 : 0x1001d710 @__mempcpy_ppc+48    : bclr       0, 20           : IntAlu :  D=0x000000001001d6e0  flags=(IsInteger|IsControl|IsIndirectControl|IsCondControl|IsReturn)
1013000: global: Decode: Decoded ld instruction: 0xe8410028
1013000: system.cpu: A0 T0 : 0x10054628 @_dl_important_hwcaps+1960    : ld         r2, 40(r1)      : MemRead :  D=0x00000000100b7d00 A=0x7fffffffe708  flags=(IsInteger|IsLoad)
1013250: global: Decode: Decoded or instruction: 0x7e659b78
1013250: system.cpu: A0 T0 : 0x1005462c @_dl_important_hwcaps+1964    : mr         r5, r19         : IntAlu :  D=0x0000000000000000  flags=(IsInteger)
1013500: global: Decode: Decoded or instruction: 0x7e449378
1013500: system.cpu: A0 T0 : 0x10054630 @_dl_important_hwcaps+1968    : mr         r4, r18         : IntAlu :  D=0x00007fffffffef7f  flags=(IsInteger)
1013750: global: Decode: Decoded stb instruction: 0x9b830000
1013750: system.cpu: A0 T0 : 0x10054634 @_dl_important_hwcaps+1972    : stb        r28, 0(r3)      : MemWrite :  D=0x000000000000002f A=0x100b5283  flags=(IsInteger|IsStore)
1014000: global: Decode: Decoded addi instruction: 0x38630001
1014000: system.cpu: A0 T0 : 0x10054638 @_dl_important_hwcaps+1976    : addi       r3, r3, 1       : IntAlu :  D=0x00000000100b5284  flags=(IsInteger)
1014250: global: Decode: Decoded b instruction: 0x4bfabda5
1014250: system.cpu: A0 T0 : 0x1005463c @_dl_important_hwcaps+1980    : bl         0x100003e0      : IntAlu :  D=0x0000000010054640  flags=(IsInteger|IsControl|IsDirectControl|IsUncondControl)
1014500: global: Decode: Decoded std instruction: 0xf8410028
1014500: system.cpu: A0 T0 : 0x100003e0 @_init+376    : std        r2, 40(r1)      : MemWrite :  D=0x00000000100b7d00 A=0x7fffffffe708  flags=(IsInteger|IsStore)
1014750: global: Decode: Decoded ld instruction: 0xe98283a8
1014750: system.cpu: A0 T0 : 0x100003e4 @_init+380    : ld         r12, -31832(r2) : MemRead :  D=0x000000001001d6e0 A=0x100b00a8  flags=(IsInteger|IsLoad)
1015000: global: Decode: Decoded mtctr instruction: 0x7d8903a6
1015000: system.cpu: A0 T0 : 0x100003e8 @_init+384    : mtctr      r12             : IntAlu :  D=0x000000001001d6e0  flags=(IsInteger)
1015250: global: Decode: Decoded ld instruction: 0xe84283b0
1015250: system.cpu: A0 T0 : 0x100003ec @_init+388    : ld         r2, -31824(r2)  : MemRead :  D=0x00000000100b7d00 A=0x100b00b0  flags=(IsInteger|IsLoad)
1015500: global: Decode: Decoded bcctr instruction: 0x4e800420
1015500: system.cpu: A0 T0 : 0x100003f0 @_init+392    : bcctr      0, 20           : IntAlu :   flags=(IsInteger|IsControl|IsIndirectControl|IsCondControl)
1015750: global: Decode: Decoded mflr instruction: 0x7c0802a6
1015750: system.cpu: A0 T0 : 0x1001d6e0 @__mempcpy_ppc    : mflr       r0              : IntAlu :  D=0x0000000010054640  flags=(IsInteger)
1016000: global: Decode: Decoded std instruction: 0xfbe1fff8
1016000: system.cpu: A0 T0 : 0x1001d6e4 @__mempcpy_ppc+4    : std        r31, -8(r1)     : MemWrite :  D=0x00007fffffffe700 A=0x7fffffffe6d8  flags=(IsInteger|IsStore)
1016250: global: Decode: Decoded or instruction: 0x7cbf2b78
1016250: system.cpu: A0 T0 : 0x1001d6e8 @__mempcpy_ppc+8    : mr         r31, r5         : IntAlu :  D=0x0000000000000000  flags=(IsInteger)
1016500: global: Decode: Decoded std instruction: 0xf8010010
1016500: system.cpu: A0 T0 : 0x1001d6ec @__mempcpy_ppc+12    : std        r0, 16(r1)      : MemWrite :  D=0x0000000010054640 A=0x7fffffffe6f0  flags=(IsInteger|IsStore)
1016750: global: Decode: Decoded stdu instruction: 0xf821ff81
1016750: system.cpu: A0 T0 : 0x1001d6f0 @__mempcpy_ppc+16    : stdu       r1, -128(r1)    : MemWrite :  D=0x00007fffffffe660 A=0x7fffffffe660  flags=(IsInteger|IsStore)
1017000: global: Decode: Decoded b instruction: 0x4bfff4cd
1017000: system.cpu: A0 T0 : 0x1001d6f4 @__mempcpy_ppc+20    : bl         memcpy          : IntAlu :  D=0x000000001001d6f8  flags=(IsInteger|IsControl|IsDirectControl|IsUncondControl)
1017250: global: Decode: Decoded cmpli instruction: 0x28a5001f
1017250: system.cpu: A0 T0 : 0x1001cbc0 @memcpy    : cmpldi     cr1, r5, 31     : IntAlu :  D=0x0000000028002283  flags=(IsInteger)
1017500: global: Decode: Decoded neg instruction: 0x7c0300d0
1017500: system.cpu: A0 T0 : 0x1001cbc4 @memcpy+4    : neg        r0, r3          : IntAlu :  D=0xffffffffeff4ad7c  flags=(IsInteger)
1017750: global: Decode: Decoded std instruction: 0xf861fff0
1017750: system.cpu: A0 T0 : 0x1001cbc8 @memcpy+8    : std        r3, -16(r1)     : MemWrite :  D=0x00000000100b5284 A=0x7fffffffe650  flags=(IsInteger|IsStore)
1018000: global: Decode: Decoded std instruction: 0xfbe1fff8
1018000: system.cpu: A0 T0 : 0x1001cbcc @memcpy+12    : std        r31, -8(r1)     : MemWrite :  D=0x0000000000000000 A=0x7fffffffe658  flags=(IsInteger|IsStore)
1018250: global: Decode: Decoded andi_ instruction: 0x706b0007
1018250: system.cpu: A0 T0 : 0x1001cbd0 @memcpy+16    : andi.      r11, r3, 7      : IntAlu :  D=0x0000000048002283  flags=(IsInteger)
1018500: global: Decode: Decoded rldicl instruction: 0x78000760
1018500: system.cpu: A0 T0 : 0x1001cbd4 @memcpy+20    : clrldi     r0, r0, 61      : IntAlu :  D=0x0000000000000004  flags=(IsInteger)
1018750: global: Decode: Decoded rldicl instruction: 0x788a0760
1018750: system.cpu: A0 T0 : 0x1001cbd8 @memcpy+24    : clrldi     r10, r4, 61     : IntAlu :  D=0x0000000000000007  flags=(IsInteger)
1019000: global: Decode: Decoded cmpli instruction: 0x2b250008
1019000: system.cpu: A0 T0 : 0x1001cbdc @memcpy+28    : cmpldi     cr6, r5, 8      : IntAlu :  D=0x0000000048002283  flags=(IsInteger)
1019250: global: Decode: Decoded bc instruction: 0x40850160
1019250: system.cpu: A0 T0 : 0x1001cbe0 @memcpy+32    : bc         5, 4, 0x1001cd40 : IntAlu :  D=0x000000001001d6e0  flags=(IsInteger|IsControl|IsDirectControl|IsCondControl)
1019500: global: Decode: Decoded mtcrf instruction: 0x7ca01120
1019500: system.cpu: A0 T0 : 0x1001cd40 @memcpy+384    : mtcrf      r5, r32         : IntAlu :  D=0x0000000048002280  flags=(IsInteger)
1019750: global: Decode: Decoded neg instruction: 0x7d0400d0
1019750: system.cpu: A0 T0 : 0x1001cd44 @memcpy+388    : neg        r8, r4          : IntAlu :  D=0xffff800000001081  flags=(IsInteger)
1020000: global: Decode: Decoded rldicr instruction: 0x788b0764
1020000: system.cpu: A0 T0 : 0x1001cd48 @memcpy+392    : rldicr     r11, r4, 0, 61  : IntAlu :  D=0x00007fffffffef7c  flags=(IsInteger)
1020250: global: Decode: Decoded andi_ instruction: 0x71000003
1020250: system.cpu: A0 T0 : 0x1001cd4c @memcpy+396    : andi.      r0, r8, 3       : IntAlu :  D=0x0000000048002280  flags=(IsInteger)
1020500: global: Decode: Decoded bc instruction: 0x409900f0
1020500: system.cpu: A0 T0 : 0x1001cd50 @memcpy+400    : bc         25, 4, 0x1001ce40 : IntAlu :  D=0x000000001001d6e0  flags=(IsInteger|IsControl|IsDirectControl|IsCondControl)
1020750: global: Decode: Decoded or instruction: 0x7c8c2378
1020750: system.cpu: A0 T0 : 0x1001ce40 @memcpy+640    : mr         r12, r4         : IntAlu :  D=0x00007fffffffef7f  flags=(IsInteger)
1021000: global: Decode: Decoded bc instruction: 0x409a001c
1021000: system.cpu: A0 T0 : 0x1001ce44 @memcpy+644    : bc         26, 4, 0x1001ce60 : IntAlu :  D=0x000000001001d6e0  flags=(IsInteger|IsControl|IsDirectControl|IsCondControl)
1021250: global: Decode: Decoded bc instruction: 0x409dffac
1021250: system.cpu: A0 T0 : 0x1001ce60 @memcpy+672    : bc         29, 4, 0x1001ce0c : IntAlu :  D=0x000000001001d6e0  flags=(IsInteger|IsControl|IsDirectControl|IsCondControl)
1021500: global: Decode: Decoded bc instruction: 0x409e0020
1021500: system.cpu: A0 T0 : 0x1001ce0c @memcpy+588    : bc         30, 4, 0x1001ce2c : IntAlu :  D=0x000000001001d6e0  flags=(IsInteger|IsControl|IsDirectControl|IsCondControl)
1021750: global: Decode: Decoded bc instruction: 0x409f000c
1021750: system.cpu: A0 T0 : 0x1001ce2c @memcpy+620    : bc         31, 4, 0x1001ce38 : IntAlu :  D=0x000000001001d6e0  flags=(IsInteger|IsControl|IsDirectControl|IsCondControl)
1022000: global: Decode: Decoded ld instruction: 0xe861fff0
1022000: system.cpu: A0 T0 : 0x1001ce38 @memcpy+632    : ld         r3, -16(r1)     : MemRead :  D=0x00000000100b5284 A=0x7fffffffe650  flags=(IsInteger|IsLoad)
1022250: global: Decode: Decoded bclr instruction: 0x4e800020
1022250: system.cpu: A0 T0 : 0x1001ce3c @memcpy+636    : bclr       0, 20           : IntAlu :  D=0x000000001001d6e0  flags=(IsInteger|IsControl|IsIndirectControl|IsCondControl|IsReturn)
1022500: global: Decode: Decoded ori instruction: 0x60000000
1022500: system.cpu: A0 T0 : 0x1001d6f8 @__mempcpy_ppc+24    : nop                        : IntAlu :  D=0x0000000000000001  flags=(IsInteger)
1022750: global: Decode: Decoded addi instruction: 0x38210080
1022750: system.cpu: A0 T0 : 0x1001d6fc @__mempcpy_ppc+28    : addi       r1, r1, 128     : IntAlu :  D=0x00007fffffffe6e0  flags=(IsInteger)
1023000: global: Decode: Decoded ld instruction: 0xe8010010
1023000: system.cpu: A0 T0 : 0x1001d700 @__mempcpy_ppc+32    : ld         r0, 16(r1)      : MemRead :  D=0x0000000010054640 A=0x7fffffffe6f0  flags=(IsInteger|IsLoad)
1023250: global: Decode: Decoded add instruction: 0x7c63fa14
1023250: system.cpu: A0 T0 : 0x1001d704 @__mempcpy_ppc+36    : add        r3, r3, r31     : IntAlu :  D=0x00000000100b5284  flags=(IsInteger)
1023500: global: Decode: Decoded ld instruction: 0xebe1fff8
1023500: system.cpu: A0 T0 : 0x1001d708 @__mempcpy_ppc+40    : ld         r31, -8(r1)     : MemRead :  D=0x00007fffffffe700 A=0x7fffffffe6d8  flags=(IsInteger|IsLoad)
1023750: global: Decode: Decoded mtlr instruction: 0x7c0803a6
1023750: system.cpu: A0 T0 : 0x1001d70c @__mempcpy_ppc+44    : mtlr       r0              : IntAlu :  D=0x0000000010054640  flags=(IsInteger)
1024000: global: Decode: Decoded bclr instruction: 0x4e800020
1024000: system.cpu: A0 T0 : 0x1001d710 @__mempcpy_ppc+48    : bclr       0, 20           : IntAlu :  D=0x000000001001d6e0  flags=(IsInteger|IsControl|IsIndirectControl|IsCondControl|IsReturn)
1024250: global: Decode: Decoded ld instruction: 0xe8410028
1024250: system.cpu: A0 T0 : 0x10054640 @_dl_important_hwcaps+1984    : ld         r2, 40(r1)      : MemRead :  D=0x00000000100b7d00 A=0x7fffffffe708  flags=(IsInteger|IsLoad)
1024500: global: Decode: Decoded stb instruction: 0x9b830000
1024500: system.cpu: A0 T0 : 0x10054644 @_dl_important_hwcaps+1988    : stb        r28, 0(r3)      : MemWrite :  D=0x000000000000002f A=0x100b5284  flags=(IsInteger|IsStore)
1024750: global: Decode: Decoded b instruction: 0x4bfffcfc
1024750: system.cpu: A0 T0 : 0x10054648 @_dl_important_hwcaps+1992    : b          0x10054344      : IntAlu :   flags=(IsControl|IsDirectControl|IsUncondControl)
1025000: global: Decode: Decoded ld instruction: 0xe93f0080
1025000: system.cpu: A0 T0 : 0x10054344 @_dl_important_hwcaps+1220    : ld         r9, 128(r31)    : MemRead :  D=0x0000000000000004 A=0x7fffffffe780  flags=(IsInteger|IsLoad)
1025250: global: Decode: Decoded addi instruction: 0x39000000
1025250: system.cpu: A0 T0 : 0x10054348 @_dl_important_hwcaps+1224    : li         r8, 0           : IntAlu :  D=0x0000000000000000  flags=(IsInteger)
1025500: global: Decode: Decoded addi instruction: 0x38d60008
1025500: system.cpu: A0 T0 : 0x1005434c @_dl_important_hwcaps+1228    : addi       r6, r22, 8      : IntAlu :  D=0x00000000100b5248  flags=(IsInteger)
1025750: global: Decode: Decoded addi instruction: 0x38e00000
1025750: system.cpu: A0 T0 : 0x10054350 @_dl_important_hwcaps+1232    : li         r7, 0           : IntAlu :  D=0x0000000000000000  flags=(IsInteger)
1026000: global: Decode: Decoded cmpi instruction: 0x2fa90000
1026000: system.cpu: A0 T0 : 0x10054354 @_dl_important_hwcaps+1236    : cmpdi      cr7, r9, 0      : IntAlu :  D=0x0000000048002284  flags=(IsInteger)
1026250: global: Decode: Decoded bc instruction: 0x419e0228
1026250: system.cpu: A0 T0 : 0x10054358 @_dl_important_hwcaps+1240    : bc         30, 12, 0x10054580 : IntAlu :  D=0x000000001001d6e0  flags=(IsInteger|IsControl|IsDirectControl|IsCondControl)
1026500: global: Decode: Decoded cmpi instruction: 0x2c290001
1026500: system.cpu: A0 T0 : 0x1005435c @_dl_important_hwcaps+1244    : cmpdi      r9, 1           : IntAlu :  D=0x0000000048002284  flags=(IsInteger)
1026750: global: Decode: Decoded rldicr instruction: 0x790a26e4
1026750: system.cpu: A0 T0 : 0x10054360 @_dl_important_hwcaps+1248    : rldicr     r10, r8, 4, 59  : IntAlu :  D=0x0000000000000000  flags=(IsInteger)
1027000: global: Decode: Decoded addi instruction: 0x3929ffff
1027000: system.cpu: A0 T0 : 0x10054364 @_dl_important_hwcaps+1252    : subi       r9, r9, 1       : IntAlu :  D=0x0000000000000003  flags=(IsInteger)
1027250: global: Decode: Decoded addi instruction: 0x39080001
1027250: system.cpu: A0 T0 : 0x10054368 @_dl_important_hwcaps+1256    : addi       r8, r8, 1       : IntAlu :  D=0x0000000000000001  flags=(IsInteger)
1027500: global: Decode: Decoded stdx instruction: 0x7ce6512a
1027500: system.cpu: A0 T0 : 0x1005436c @_dl_important_hwcaps+1260    : stdx       r7, r6, r10     : MemWrite :  D=0x0000000000000000 A=0x100b5248  flags=(IsInteger|IsStore)
1027750: global: Decode: Decoded bc instruction: 0x4082ffec
1027750: system.cpu: A0 T0 : 0x10054370 @_dl_important_hwcaps+1264    : bc         2, 4, 0x1005435c : IntAlu :  D=0x000000001001d6e0  flags=(IsInteger|IsControl|IsDirectControl|IsCondControl)
1028000: global: Decode: Decoded cmpi instruction: 0x2c290001
1028000: system.cpu: A0 T0 : 0x1005435c @_dl_important_hwcaps+1244    : cmpdi      r9, 1           : IntAlu :  D=0x0000000048002284  flags=(IsInteger)
1028250: global: Decode: Decoded rldicr instruction: 0x790a26e4
1028250: system.cpu: A0 T0 : 0x10054360 @_dl_important_hwcaps+1248    : rldicr     r10, r8, 4, 59  : IntAlu :  D=0x0000000000000010  flags=(IsInteger)
1028500: global: Decode: Decoded addi instruction: 0x3929ffff
1028500: system.cpu: A0 T0 : 0x10054364 @_dl_important_hwcaps+1252    : subi       r9, r9, 1       : IntAlu :  D=0x0000000000000002  flags=(IsInteger)
1028750: global: Decode: Decoded addi instruction: 0x39080001
1028750: system.cpu: A0 T0 : 0x10054368 @_dl_important_hwcaps+1256    : addi       r8, r8, 1       : IntAlu :  D=0x0000000000000002  flags=(IsInteger)
1029000: global: Decode: Decoded stdx instruction: 0x7ce6512a
1029000: system.cpu: A0 T0 : 0x1005436c @_dl_important_hwcaps+1260    : stdx       r7, r6, r10     : MemWrite :  D=0x0000000000000000 A=0x100b5258  flags=(IsInteger|IsStore)
1029250: global: Decode: Decoded bc instruction: 0x4082ffec
1029250: system.cpu: A0 T0 : 0x10054370 @_dl_important_hwcaps+1264    : bc         2, 4, 0x1005435c : IntAlu :  D=0x000000001001d6e0  flags=(IsInteger|IsControl|IsDirectControl|IsCondControl)
1029500: global: Decode: Decoded cmpi instruction: 0x2c290001
1029500: system.cpu: A0 T0 : 0x1005435c @_dl_important_hwcaps+1244    : cmpdi      r9, 1           : IntAlu :  D=0x0000000048002284  flags=(IsInteger)
1029750: global: Decode: Decoded rldicr instruction: 0x790a26e4
1029750: system.cpu: A0 T0 : 0x10054360 @_dl_important_hwcaps+1248    : rldicr     r10, r8, 4, 59  : IntAlu :  D=0x0000000000000020  flags=(IsInteger)
1030000: global: Decode: Decoded addi instruction: 0x3929ffff
1030000: system.cpu: A0 T0 : 0x10054364 @_dl_important_hwcaps+1252    : subi       r9, r9, 1       : IntAlu :  D=0x0000000000000001  flags=(IsInteger)
1030250: global: Decode: Decoded addi instruction: 0x39080001
1030250: system.cpu: A0 T0 : 0x10054368 @_dl_important_hwcaps+1256    : addi       r8, r8, 1       : IntAlu :  D=0x0000000000000003  flags=(IsInteger)
1030500: global: Decode: Decoded stdx instruction: 0x7ce6512a
1030500: system.cpu: A0 T0 : 0x1005436c @_dl_important_hwcaps+1260    : stdx       r7, r6, r10     : MemWrite :  D=0x0000000000000000 A=0x100b5268  flags=(IsInteger|IsStore)
1030750: global: Decode: Decoded bc instruction: 0x4082ffec
1030750: system.cpu: A0 T0 : 0x10054370 @_dl_important_hwcaps+1264    : bc         2, 4, 0x1005435c : IntAlu :  D=0x000000001001d6e0  flags=(IsInteger|IsControl|IsDirectControl|IsCondControl)
1031000: global: Decode: Decoded cmpi instruction: 0x2c290001
1031000: system.cpu: A0 T0 : 0x1005435c @_dl_important_hwcaps+1244    : cmpdi      r9, 1           : IntAlu :  D=0x0000000028002284  flags=(IsInteger)
1031250: global: Decode: Decoded rldicr instruction: 0x790a26e4
1031250: system.cpu: A0 T0 : 0x10054360 @_dl_important_hwcaps+1248    : rldicr     r10, r8, 4, 59  : IntAlu :  D=0x0000000000000030  flags=(IsInteger)
1031500: global: Decode: Decoded addi instruction: 0x3929ffff
1031500: system.cpu: A0 T0 : 0x10054364 @_dl_important_hwcaps+1252    : subi       r9, r9, 1       : IntAlu :  D=0x0000000000000000  flags=(IsInteger)
1031750: global: Decode: Decoded addi instruction: 0x39080001
1031750: system.cpu: A0 T0 : 0x10054368 @_dl_important_hwcaps+1256    : addi       r8, r8, 1       : IntAlu :  D=0x0000000000000004  flags=(IsInteger)
1032000: global: Decode: Decoded stdx instruction: 0x7ce6512a
1032000: system.cpu: A0 T0 : 0x1005436c @_dl_important_hwcaps+1260    : stdx       r7, r6, r10     : MemWrite :  D=0x0000000000000000 A=0x100b5278  flags=(IsInteger|IsStore)
1032250: global: Decode: Decoded bc instruction: 0x4082ffec
1032250: system.cpu: A0 T0 : 0x10054370 @_dl_important_hwcaps+1264    : bc         2, 4, 0x1005435c : IntAlu :  D=0x000000001001d6e0  flags=(IsInteger|IsControl|IsDirectControl|IsCondControl)
1032500: global: Decode: Decoded cmpi instruction: 0x2eb40000
1032500: system.cpu: A0 T0 : 0x10054374 @_dl_important_hwcaps+1268    : cmpdi      cr5, r20, 0     : IntAlu :  D=0x0000000028002484  flags=(IsInteger)
1032750: global: Decode: Decoded addi instruction: 0x38a00001
1032750: system.cpu: A0 T0 : 0x10054378 @_dl_important_hwcaps+1272    : li         r5, 1           : IntAlu :  D=0x0000000000000001  flags=(IsInteger)
1033000: global: Decode: Decoded ori instruction: 0x60000000
1033000: system.cpu: A0 T0 : 0x1005437c @_dl_important_hwcaps+1276    : nop                        : IntAlu :  D=0x0000000010054640  flags=(IsInteger)
1033250: global: Decode: Decoded addi instruction: 0x3bdeffff
1033250: system.cpu: A0 T0 : 0x10054380 @_dl_important_hwcaps+1280    : subi       r30, r30, 1     : IntAlu :  D=0x0000000000000001  flags=(IsInteger)
1033500: global: Decode: Decoded slw instruction: 0x7ca7f030
1033500: system.cpu: A0 T0 : 0x10054384 @_dl_important_hwcaps+1284    : slw        r7, r5, r30     : IntAlu :  D=0x0000000000000002  flags=(IsInteger)
1033750: global: Decode: Decoded extsw instruction: 0x7ce707b4
1033750: system.cpu: A0 T0 : 0x10054388 @_dl_important_hwcaps+1288    : extsw      r7, r7          : IntAlu :  D=0x0000000000000002  flags=(IsInteger)
1034000: global: Decode: Decoded bc instruction: 0x41960048
1034000: system.cpu: A0 T0 : 0x1005438c @_dl_important_hwcaps+1292    : bc         22, 12, 0x100543d4 : IntAlu :  D=0x000000001001d6e0  flags=(IsInteger|IsControl|IsDirectControl|IsCondControl)
1034250: global: Decode: Decoded or instruction: 0x7ecab378
1034250: system.cpu: A0 T0 : 0x10054390 @_dl_important_hwcaps+1296    : mr         r10, r22        : IntAlu :  D=0x00000000100b5240  flags=(IsInteger)
1034500: global: Decode: Decoded or instruction: 0x7e89a378
1034500: system.cpu: A0 T0 : 0x10054394 @_dl_important_hwcaps+1300    : mr         r9, r20         : IntAlu :  D=0x0000000000000004  flags=(IsInteger)
1034750: global: Decode: Decoded addi instruction: 0x3929ffff
1034750: system.cpu: A0 T0 : 0x10054398 @_dl_important_hwcaps+1304    : subi       r9, r9, 1       : IntAlu :  D=0x0000000000000003  flags=(IsInteger)
1035000: global: Decode: Decoded addi instruction: 0x394a0010
1035000: system.cpu: A0 T0 : 0x1005439c @_dl_important_hwcaps+1308    : addi       r10, r10, 16    : IntAlu :  D=0x00000000100b5250  flags=(IsInteger)
1035250: global: Decode: Decoded and instruction: 0x7ce84839
1035250: system.cpu: A0 T0 : 0x100543a0 @_dl_important_hwcaps+1312    : and.       r8, r7, r9      : IntAlu :  D=0x0000000048002484  flags=(IsInteger)
1035500: global: Decode: Decoded bc instruction: 0x41820028
1035500: system.cpu: A0 T0 : 0x100543a4 @_dl_important_hwcaps+1316    : bc         2, 12, 0x100543cc : IntAlu :  D=0x000000001001d6e0  flags=(IsInteger|IsControl|IsDirectControl|IsCondControl)
1035750: global: Decode: Decoded ld instruction: 0xe90afff8
1035750: system.cpu: A0 T0 : 0x100543a8 @_dl_important_hwcaps+1320    : ld         r8, -8(r10)     : MemRead :  D=0x0000000000000000 A=0x100b5248  flags=(IsInteger|IsLoad)
1036000: global: Decode: Decoded ld instruction: 0xe8ddfff8
1036000: system.cpu: A0 T0 : 0x100543ac @_dl_important_hwcaps+1324    : ld         r6, -8(r29)     : MemRead :  D=0x0000000000000003 A=0x7fffffffe768  flags=(IsInteger|IsLoad)
1036250: global: Decode: Decoded addi instruction: 0x3929ffff
1036250: system.cpu: A0 T0 : 0x100543b0 @_dl_important_hwcaps+1328    : subi       r9, r9, 1       : IntAlu :  D=0x0000000000000002  flags=(IsInteger)
1036500: global: Decode: Decoded addi instruction: 0x394a0010
1036500: system.cpu: A0 T0 : 0x100543b4 @_dl_important_hwcaps+1332    : addi       r10, r10, 16    : IntAlu :  D=0x00000000100b5260  flags=(IsInteger)
1036750: global: Decode: Decoded addi instruction: 0x39080001
1036750: system.cpu: A0 T0 : 0x100543b8 @_dl_important_hwcaps+1336    : addi       r8, r8, 1       : IntAlu :  D=0x0000000000000001  flags=(IsInteger)
1037000: global: Decode: Decoded add instruction: 0x7d083214
1037000: system.cpu: A0 T0 : 0x100543bc @_dl_important_hwcaps+1340    : add        r8, r8, r6      : IntAlu :  D=0x0000000000000004  flags=(IsInteger)
1037250: global: Decode: Decoded std instruction: 0xf90affe8
1037250: system.cpu: A0 T0 : 0x100543c0 @_dl_important_hwcaps+1344    : std        r8, -24(r10)    : MemWrite :  D=0x0000000000000004 A=0x100b5248  flags=(IsInteger|IsStore)
1037500: global: Decode: Decoded and instruction: 0x7ce84839
1037500: system.cpu: A0 T0 : 0x100543c4 @_dl_important_hwcaps+1348    : and.       r8, r7, r9      : IntAlu :  D=0x0000000048002484  flags=(IsInteger)
1037750: global: Decode: Decoded bc instruction: 0x4082ffe0
1037750: system.cpu: A0 T0 : 0x100543c8 @_dl_important_hwcaps+1352    : bc         2, 4, 0x100543a8 : IntAlu :  D=0x000000001001d6e0  flags=(IsInteger|IsControl|IsDirectControl|IsCondControl)
1038000: global: Decode: Decoded ld instruction: 0xe90afff8
1038000: system.cpu: A0 T0 : 0x100543a8 @_dl_important_hwcaps+1320    : ld         r8, -8(r10)     : MemRead :  D=0x0000000000000000 A=0x100b5258  flags=(IsInteger|IsLoad)
1038250: global: Decode: Decoded ld instruction: 0xe8ddfff8
1038250: system.cpu: A0 T0 : 0x100543ac @_dl_important_hwcaps+1324    : ld         r6, -8(r29)     : MemRead :  D=0x0000000000000003 A=0x7fffffffe768  flags=(IsInteger|IsLoad)
1038500: global: Decode: Decoded addi instruction: 0x3929ffff
1038500: system.cpu: A0 T0 : 0x100543b0 @_dl_important_hwcaps+1328    : subi       r9, r9, 1       : IntAlu :  D=0x0000000000000001  flags=(IsInteger)
1038750: global: Decode: Decoded addi instruction: 0x394a0010
1038750: system.cpu: A0 T0 : 0x100543b4 @_dl_important_hwcaps+1332    : addi       r10, r10, 16    : IntAlu :  D=0x00000000100b5270  flags=(IsInteger)
1039000: global: Decode: Decoded addi instruction: 0x39080001
1039000: system.cpu: A0 T0 : 0x100543b8 @_dl_important_hwcaps+1336    : addi       r8, r8, 1       : IntAlu :  D=0x0000000000000001  flags=(IsInteger)
1039250: global: Decode: Decoded add instruction: 0x7d083214
1039250: system.cpu: A0 T0 : 0x100543bc @_dl_important_hwcaps+1340    : add        r8, r8, r6      : IntAlu :  D=0x0000000000000004  flags=(IsInteger)
1039500: global: Decode: Decoded std instruction: 0xf90affe8
1039500: system.cpu: A0 T0 : 0x100543c0 @_dl_important_hwcaps+1344    : std        r8, -24(r10)    : MemWrite :  D=0x0000000000000004 A=0x100b5258  flags=(IsInteger|IsStore)
1039750: global: Decode: Decoded and instruction: 0x7ce84839
1039750: system.cpu: A0 T0 : 0x100543c4 @_dl_important_hwcaps+1348    : and.       r8, r7, r9      : IntAlu :  D=0x0000000028002484  flags=(IsInteger)
1040000: global: Decode: Decoded bc instruction: 0x4082ffe0
1040000: system.cpu: A0 T0 : 0x100543c8 @_dl_important_hwcaps+1352    : bc         2, 4, 0x100543a8 : IntAlu :  D=0x000000001001d6e0  flags=(IsInteger|IsControl|IsDirectControl|IsCondControl)
1040250: global: Decode: Decoded cmpi instruction: 0x2fa90000
1040250: system.cpu: A0 T0 : 0x100543cc @_dl_important_hwcaps+1356    : cmpdi      cr7, r9, 0      : IntAlu :  D=0x0000000028002484  flags=(IsInteger)
1040500: global: Decode: Decoded bc instruction: 0x409effc8
1040500: system.cpu: A0 T0 : 0x100543d0 @_dl_important_hwcaps+1360    : bc         30, 4, 0x10054398 : IntAlu :  D=0x000000001001d6e0  flags=(IsInteger|IsControl|IsDirectControl|IsCondControl)
1040750: global: Decode: Decoded addi instruction: 0x3929ffff
1040750: system.cpu: A0 T0 : 0x10054398 @_dl_important_hwcaps+1304    : subi       r9, r9, 1       : IntAlu :  D=0x0000000000000000  flags=(IsInteger)
1041000: global: Decode: Decoded addi instruction: 0x394a0010
1041000: system.cpu: A0 T0 : 0x1005439c @_dl_important_hwcaps+1308    : addi       r10, r10, 16    : IntAlu :  D=0x00000000100b5280  flags=(IsInteger)
1041250: global: Decode: Decoded and instruction: 0x7ce84839
1041250: system.cpu: A0 T0 : 0x100543a0 @_dl_important_hwcaps+1312    : and.       r8, r7, r9      : IntAlu :  D=0x0000000028002484  flags=(IsInteger)
1041500: global: Decode: Decoded bc instruction: 0x41820028
1041500: system.cpu: A0 T0 : 0x100543a4 @_dl_important_hwcaps+1316    : bc         2, 12, 0x100543cc : IntAlu :  D=0x000000001001d6e0  flags=(IsInteger|IsControl|IsDirectControl|IsCondControl)
1041750: global: Decode: Decoded cmpi instruction: 0x2fa90000
1041750: system.cpu: A0 T0 : 0x100543cc @_dl_important_hwcaps+1356    : cmpdi      cr7, r9, 0      : IntAlu :  D=0x0000000028002482  flags=(IsInteger)
1042000: global: Decode: Decoded bc instruction: 0x409effc8
1042000: system.cpu: A0 T0 : 0x100543d0 @_dl_important_hwcaps+1360    : bc         30, 4, 0x10054398 : IntAlu :  D=0x000000001001d6e0  flags=(IsInteger|IsControl|IsDirectControl|IsCondControl)
1042250: global: Decode: Decoded cmpi instruction: 0x2fbe0000
1042250: system.cpu: A0 T0 : 0x100543d4 @_dl_important_hwcaps+1364    : cmpdi      cr7, r30, 0     : IntAlu :  D=0x0000000028002484  flags=(IsInteger)
1042500: global: Decode: Decoded addi instruction: 0x3bbdfff0
1042500: system.cpu: A0 T0 : 0x100543d8 @_dl_important_hwcaps+1368    : subi       r29, r29, 16    : IntAlu :  D=0x00007fffffffe760  flags=(IsInteger)
1042750: global: Decode: Decoded bc instruction: 0x409effa4
1042750: system.cpu: A0 T0 : 0x100543dc @_dl_important_hwcaps+1372    : bc         30, 4, 0x10054380 : IntAlu :  D=0x000000001001d6e0  flags=(IsInteger|IsControl|IsDirectControl|IsCondControl)
1043000: global: Decode: Decoded addi instruction: 0x3bdeffff
1043000: system.cpu: A0 T0 : 0x10054380 @_dl_important_hwcaps+1280    : subi       r30, r30, 1     : IntAlu :  D=0x0000000000000000  flags=(IsInteger)
1043250: global: Decode: Decoded slw instruction: 0x7ca7f030
1043250: system.cpu: A0 T0 : 0x10054384 @_dl_important_hwcaps+1284    : slw        r7, r5, r30     : IntAlu :  D=0x0000000000000001  flags=(IsInteger)
1043500: global: Decode: Decoded extsw instruction: 0x7ce707b4
1043500: system.cpu: A0 T0 : 0x10054388 @_dl_important_hwcaps+1288    : extsw      r7, r7          : IntAlu :  D=0x0000000000000001  flags=(IsInteger)
1043750: global: Decode: Decoded bc instruction: 0x41960048
1043750: system.cpu: A0 T0 : 0x1005438c @_dl_important_hwcaps+1292    : bc         22, 12, 0x100543d4 : IntAlu :  D=0x000000001001d6e0  flags=(IsInteger|IsControl|IsDirectControl|IsCondControl)
1044000: global: Decode: Decoded or instruction: 0x7ecab378
1044000: system.cpu: A0 T0 : 0x10054390 @_dl_important_hwcaps+1296    : mr         r10, r22        : IntAlu :  D=0x00000000100b5240  flags=(IsInteger)
1044250: global: Decode: Decoded or instruction: 0x7e89a378
1044250: system.cpu: A0 T0 : 0x10054394 @_dl_important_hwcaps+1300    : mr         r9, r20         : IntAlu :  D=0x0000000000000004  flags=(IsInteger)
1044500: global: Decode: Decoded addi instruction: 0x3929ffff
1044500: system.cpu: A0 T0 : 0x10054398 @_dl_important_hwcaps+1304    : subi       r9, r9, 1       : IntAlu :  D=0x0000000000000003  flags=(IsInteger)
1044750: global: Decode: Decoded addi instruction: 0x394a0010
1044750: system.cpu: A0 T0 : 0x1005439c @_dl_important_hwcaps+1308    : addi       r10, r10, 16    : IntAlu :  D=0x00000000100b5250  flags=(IsInteger)
1045000: global: Decode: Decoded and instruction: 0x7ce84839
1045000: system.cpu: A0 T0 : 0x100543a0 @_dl_important_hwcaps+1312    : and.       r8, r7, r9      : IntAlu :  D=0x0000000048002484  flags=(IsInteger)
1045250: global: Decode: Decoded bc instruction: 0x41820028
1045250: system.cpu: A0 T0 : 0x100543a4 @_dl_important_hwcaps+1316    : bc         2, 12, 0x100543cc : IntAlu :  D=0x000000001001d6e0  flags=(IsInteger|IsControl|IsDirectControl|IsCondControl)
1045500: global: Decode: Decoded ld instruction: 0xe90afff8
1045500: system.cpu: A0 T0 : 0x100543a8 @_dl_important_hwcaps+1320    : ld         r8, -8(r10)     : MemRead :  D=0x0000000000000004 A=0x100b5248  flags=(IsInteger|IsLoad)
1045750: global: Decode: Decoded ld instruction: 0xe8ddfff8
1045750: system.cpu: A0 T0 : 0x100543ac @_dl_important_hwcaps+1324    : ld         r6, -8(r29)     : MemRead :  D=0x0000000000000000 A=0x7fffffffe758  flags=(IsInteger|IsLoad)
1046000: global: Decode: Decoded addi instruction: 0x3929ffff
1046000: system.cpu: A0 T0 : 0x100543b0 @_dl_important_hwcaps+1328    : subi       r9, r9, 1       : IntAlu :  D=0x0000000000000002  flags=(IsInteger)
1046250: global: Decode: Decoded addi instruction: 0x394a0010
1046250: system.cpu: A0 T0 : 0x100543b4 @_dl_important_hwcaps+1332    : addi       r10, r10, 16    : IntAlu :  D=0x00000000100b5260  flags=(IsInteger)
1046500: global: Decode: Decoded addi instruction: 0x39080001
1046500: system.cpu: A0 T0 : 0x100543b8 @_dl_important_hwcaps+1336    : addi       r8, r8, 1       : IntAlu :  D=0x0000000000000005  flags=(IsInteger)
1046750: global: Decode: Decoded add instruction: 0x7d083214
1046750: system.cpu: A0 T0 : 0x100543bc @_dl_important_hwcaps+1340    : add        r8, r8, r6      : IntAlu :  D=0x0000000000000005  flags=(IsInteger)
1047000: global: Decode: Decoded std instruction: 0xf90affe8
1047000: system.cpu: A0 T0 : 0x100543c0 @_dl_important_hwcaps+1344    : std        r8, -24(r10)    : MemWrite :  D=0x0000000000000005 A=0x100b5248  flags=(IsInteger|IsStore)
1047250: global: Decode: Decoded and instruction: 0x7ce84839
1047250: system.cpu: A0 T0 : 0x100543c4 @_dl_important_hwcaps+1348    : and.       r8, r7, r9      : IntAlu :  D=0x0000000028002484  flags=(IsInteger)
1047500: global: Decode: Decoded bc instruction: 0x4082ffe0
1047500: system.cpu: A0 T0 : 0x100543c8 @_dl_important_hwcaps+1352    : bc         2, 4, 0x100543a8 : IntAlu :  D=0x000000001001d6e0  flags=(IsInteger|IsControl|IsDirectControl|IsCondControl)
1047750: global: Decode: Decoded cmpi instruction: 0x2fa90000
1047750: system.cpu: A0 T0 : 0x100543cc @_dl_important_hwcaps+1356    : cmpdi      cr7, r9, 0      : IntAlu :  D=0x0000000028002484  flags=(IsInteger)
1048000: global: Decode: Decoded bc instruction: 0x409effc8
1048000: system.cpu: A0 T0 : 0x100543d0 @_dl_important_hwcaps+1360    : bc         30, 4, 0x10054398 : IntAlu :  D=0x000000001001d6e0  flags=(IsInteger|IsControl|IsDirectControl|IsCondControl)
1048250: global: Decode: Decoded addi instruction: 0x3929ffff
1048250: system.cpu: A0 T0 : 0x10054398 @_dl_important_hwcaps+1304    : subi       r9, r9, 1       : IntAlu :  D=0x0000000000000001  flags=(IsInteger)
1048500: global: Decode: Decoded addi instruction: 0x394a0010
1048500: system.cpu: A0 T0 : 0x1005439c @_dl_important_hwcaps+1308    : addi       r10, r10, 16    : IntAlu :  D=0x00000000100b5270  flags=(IsInteger)
1048750: global: Decode: Decoded and instruction: 0x7ce84839
1048750: system.cpu: A0 T0 : 0x100543a0 @_dl_important_hwcaps+1312    : and.       r8, r7, r9      : IntAlu :  D=0x0000000048002484  flags=(IsInteger)
1049000: global: Decode: Decoded bc instruction: 0x41820028
1049000: system.cpu: A0 T0 : 0x100543a4 @_dl_important_hwcaps+1316    : bc         2, 12, 0x100543cc : IntAlu :  D=0x000000001001d6e0  flags=(IsInteger|IsControl|IsDirectControl|IsCondControl)
1049250: global: Decode: Decoded ld instruction: 0xe90afff8
1049250: system.cpu: A0 T0 : 0x100543a8 @_dl_important_hwcaps+1320    : ld         r8, -8(r10)     : MemRead :  D=0x0000000000000000 A=0x100b5268  flags=(IsInteger|IsLoad)
1049500: global: Decode: Decoded ld instruction: 0xe8ddfff8
1049500: system.cpu: A0 T0 : 0x100543ac @_dl_important_hwcaps+1324    : ld         r6, -8(r29)     : MemRead :  D=0x0000000000000000 A=0x7fffffffe758  flags=(IsInteger|IsLoad)
1049750: global: Decode: Decoded addi instruction: 0x3929ffff
1049750: system.cpu: A0 T0 : 0x100543b0 @_dl_important_hwcaps+1328    : subi       r9, r9, 1       : IntAlu :  D=0x0000000000000000  flags=(IsInteger)
1050000: global: Decode: Decoded addi instruction: 0x394a0010
1050000: system.cpu: A0 T0 : 0x100543b4 @_dl_important_hwcaps+1332    : addi       r10, r10, 16    : IntAlu :  D=0x00000000100b5280  flags=(IsInteger)
1050250: global: Decode: Decoded addi instruction: 0x39080001
1050250: system.cpu: A0 T0 : 0x100543b8 @_dl_important_hwcaps+1336    : addi       r8, r8, 1       : IntAlu :  D=0x0000000000000001  flags=(IsInteger)
1050500: global: Decode: Decoded add instruction: 0x7d083214
1050500: system.cpu: A0 T0 : 0x100543bc @_dl_important_hwcaps+1340    : add        r8, r8, r6      : IntAlu :  D=0x0000000000000001  flags=(IsInteger)
1050750: global: Decode: Decoded std instruction: 0xf90affe8
1050750: system.cpu: A0 T0 : 0x100543c0 @_dl_important_hwcaps+1344    : std        r8, -24(r10)    : MemWrite :  D=0x0000000000000001 A=0x100b5268  flags=(IsInteger|IsStore)
1051000: global: Decode: Decoded and instruction: 0x7ce84839
1051000: system.cpu: A0 T0 : 0x100543c4 @_dl_important_hwcaps+1348    : and.       r8, r7, r9      : IntAlu :  D=0x0000000028002484  flags=(IsInteger)
1051250: global: Decode: Decoded bc instruction: 0x4082ffe0
1051250: system.cpu: A0 T0 : 0x100543c8 @_dl_important_hwcaps+1352    : bc         2, 4, 0x100543a8 : IntAlu :  D=0x000000001001d6e0  flags=(IsInteger|IsControl|IsDirectControl|IsCondControl)
1051500: global: Decode: Decoded cmpi instruction: 0x2fa90000
1051500: system.cpu: A0 T0 : 0x100543cc @_dl_important_hwcaps+1356    : cmpdi      cr7, r9, 0      : IntAlu :  D=0x0000000028002482  flags=(IsInteger)
1051750: global: Decode: Decoded bc instruction: 0x409effc8
1051750: system.cpu: A0 T0 : 0x100543d0 @_dl_important_hwcaps+1360    : bc         30, 4, 0x10054398 : IntAlu :  D=0x000000001001d6e0  flags=(IsInteger|IsControl|IsDirectControl|IsCondControl)
1052000: global: Decode: Decoded cmpi instruction: 0x2fbe0000
1052000: system.cpu: A0 T0 : 0x100543d4 @_dl_important_hwcaps+1364    : cmpdi      cr7, r30, 0     : IntAlu :  D=0x0000000028002482  flags=(IsInteger)
1052250: global: Decode: Decoded addi instruction: 0x3bbdfff0
1052250: system.cpu: A0 T0 : 0x100543d8 @_dl_important_hwcaps+1368    : subi       r29, r29, 16    : IntAlu :  D=0x00007fffffffe750  flags=(IsInteger)
1052500: global: Decode: Decoded bc instruction: 0x409effa4
1052500: system.cpu: A0 T0 : 0x100543dc @_dl_important_hwcaps+1372    : bc         30, 4, 0x10054380 : IntAlu :  D=0x000000001001d6e0  flags=(IsInteger|IsControl|IsDirectControl|IsCondControl)
1052750: global: Decode: Decoded lwz instruction: 0x813f0088
1052750: system.cpu: A0 T0 : 0x100543e0 @_dl_important_hwcaps+1376    : lwz        r9, 136(r31)    : MemRead :  D=0x0000000000000004 A=0x7fffffffe788  flags=(IsInteger|IsLoad)
1053000: global: Decode: Decoded addi instruction: 0x38c9fffe
1053000: system.cpu: A0 T0 : 0x100543e4 @_dl_important_hwcaps+1380    : subi       r6, r9, 2       : IntAlu :  D=0x0000000000000002  flags=(IsInteger)
1053250: global: Decode: Decoded addi instruction: 0x39200001
1053250: system.cpu: A0 T0 : 0x100543e8 @_dl_important_hwcaps+1384    : li         r9, 1           : IntAlu :  D=0x0000000000000001  flags=(IsInteger)
1053500: global: Decode: Decoded sld instruction: 0x7d2f7836
1053500: system.cpu: A0 T0 : 0x100543ec @_dl_important_hwcaps+1388    : sld        r15, r9, r15    : IntAlu :  D=0x0000000000000002  flags=(IsInteger)
1053750: global: Decode: Decoded extsw instruction: 0x7cc607b4
1053750: system.cpu: A0 T0 : 0x100543f0 @_dl_important_hwcaps+1392    : extsw      r6, r6          : IntAlu :  D=0x0000000000000002  flags=(IsInteger)
1054000: global: Decode: Decoded cmpl instruction: 0x7fa67840
1054000: system.cpu: A0 T0 : 0x100543f4 @_dl_important_hwcaps+1396    : cmpld      cr7, r6, r15    : IntAlu :  D=0x0000000028002482  flags=(IsInteger)
1054250: global: Decode: Decoded addi instruction: 0x39360020
1054250: system.cpu: A0 T0 : 0x100543f8 @_dl_important_hwcaps+1400    : addi       r9, r22, 32     : IntAlu :  D=0x00000000100b5260  flags=(IsInteger)
1054500: global: Decode: Decoded bc instruction: 0x419e0064
1054500: system.cpu: A0 T0 : 0x100543fc @_dl_important_hwcaps+1404    : bc         30, 12, 0x10054460 : IntAlu :  D=0x000000001001d6e0  flags=(IsInteger|IsControl|IsDirectControl|IsCondControl)
1054750: global: Decode: Decoded mtctr instruction: 0x7de903a6
1054750: system.cpu: A0 T0 : 0x10054460 @_dl_important_hwcaps+1504    : mtctr      r15             : IntAlu :  D=0x0000000000000002  flags=(IsInteger)
1055000: global: Decode: Decoded neg instruction: 0x7d1700d0
1055000: system.cpu: A0 T0 : 0x10054464 @_dl_important_hwcaps+1508    : neg        r8, r23         : IntAlu :  D=0xfffffffffffffffe  flags=(IsInteger)
1055250: global: Decode: Decoded extsw instruction: 0x7d0807b4
1055250: system.cpu: A0 T0 : 0x10054468 @_dl_important_hwcaps+1512    : extsw      r8, r8          : IntAlu :  D=0xfffffffffffffffe  flags=(IsInteger)
1055500: global: Decode: Decoded addi instruction: 0x3b180001
1055500: system.cpu: A0 T0 : 0x1005446c @_dl_important_hwcaps+1516    : addi       r24, r24, 1     : IntAlu :  D=0x0000000000000004  flags=(IsInteger)
1055750: global: Decode: Decoded rldicr instruction: 0x790826e4
1055750: system.cpu: A0 T0 : 0x10054470 @_dl_important_hwcaps+1520    : rldicr     r8, r8, 4, 59   : IntAlu :  D=0xffffffffffffffe0  flags=(IsInteger)
1056000: global: Decode: Decoded ori instruction: 0x60000000
1056000: system.cpu: A0 T0 : 0x10054474 @_dl_important_hwcaps+1524    : nop                        : IntAlu :  D=0x0000000010054640  flags=(IsInteger)
1056250: global: Decode: Decoded ori instruction: 0x60000000
1056250: system.cpu: A0 T0 : 0x10054478 @_dl_important_hwcaps+1528    : nop                        : IntAlu :  D=0x0000000010054640  flags=(IsInteger)
1056500: global: Decode: Decoded ori instruction: 0x60000000
1056500: system.cpu: A0 T0 : 0x1005447c @_dl_important_hwcaps+1532    : nop                        : IntAlu :  D=0x0000000010054640  flags=(IsInteger)
1056750: global: Decode: Decoded ldx instruction: 0x7d49402a
1056750: system.cpu: A0 T0 : 0x10054480 @_dl_important_hwcaps+1536    : ldx        r10, r9, r8     : MemRead :  D=0x00000000100b5280 A=0x100b5240  flags=(IsInteger|IsLoad)
1057000: global: Decode: Decoded addi instruction: 0x39290010
1057000: system.cpu: A0 T0 : 0x10054484 @_dl_important_hwcaps+1540    : addi       r9, r9, 16      : IntAlu :  D=0x00000000100b5270  flags=(IsInteger)
1057250: global: Decode: Decoded add instruction: 0x7d4ac214
1057250: system.cpu: A0 T0 : 0x10054488 @_dl_important_hwcaps+1544    : add        r10, r10, r24   : IntAlu :  D=0x00000000100b5284  flags=(IsInteger)
1057500: global: Decode: Decoded std instruction: 0xf949fff0
1057500: system.cpu: A0 T0 : 0x1005448c @_dl_important_hwcaps+1548    : std        r10, -16(r9)    : MemWrite :  D=0x00000000100b5284 A=0x100b5260  flags=(IsInteger|IsStore)
1057750: global: Decode: Decoded bc instruction: 0x4200fff0
1057750: system.cpu: A0 T0 : 0x10054490 @_dl_important_hwcaps+1552    : bc         0, 16, 0x10054480 : IntAlu :  D=0x0000000000000001  flags=(IsInteger|IsControl|IsDirectControl|IsCondControl)
1058000: global: Decode: Decoded ldx instruction: 0x7d49402a
1058000: system.cpu: A0 T0 : 0x10054480 @_dl_important_hwcaps+1536    : ldx        r10, r9, r8     : MemRead :  D=0x00000000100b5280 A=0x100b5250  flags=(IsInteger|IsLoad)
1058250: global: Decode: Decoded addi instruction: 0x39290010
1058250: system.cpu: A0 T0 : 0x10054484 @_dl_important_hwcaps+1540    : addi       r9, r9, 16      : IntAlu :  D=0x00000000100b5280  flags=(IsInteger)
1058500: global: Decode: Decoded add instruction: 0x7d4ac214
1058500: system.cpu: A0 T0 : 0x10054488 @_dl_important_hwcaps+1544    : add        r10, r10, r24   : IntAlu :  D=0x00000000100b5284  flags=(IsInteger)
1058750: global: Decode: Decoded std instruction: 0xf949fff0
1058750: system.cpu: A0 T0 : 0x1005448c @_dl_important_hwcaps+1548    : std        r10, -16(r9)    : MemWrite :  D=0x00000000100b5284 A=0x100b5270  flags=(IsInteger|IsStore)
1059000: global: Decode: Decoded bc instruction: 0x4200fff0
1059000: system.cpu: A0 T0 : 0x10054490 @_dl_important_hwcaps+1552    : bc         0, 16, 0x10054480 : IntAlu :  D=0x0000000000000000  flags=(IsInteger|IsControl|IsDirectControl|IsCondControl)
1059250: global: Decode: Decoded ld instruction: 0xe9360008
1059250: system.cpu: A0 T0 : 0x10054494 @_dl_important_hwcaps+1556    : ld         r9, 8(r22)      : MemRead :  D=0x0000000000000005 A=0x100b5248  flags=(IsInteger|IsLoad)
1059500: global: Decode: Decoded ld instruction: 0xe95f0168
1059500: system.cpu: A0 T0 : 0x10054498 @_dl_important_hwcaps+1560    : ld         r10, 360(r31)   : MemRead :  D=0x00000000100aa538 A=0x7fffffffe868  flags=(IsInteger|IsLoad)
1059750: global: Decode: Decoded std instruction: 0xf92a0000
1059750: system.cpu: A0 T0 : 0x1005449c @_dl_important_hwcaps+1564    : std        r9, 0(r10)      : MemWrite :  D=0x0000000000000005 A=0x100aa538  flags=(IsInteger|IsStore)
1060000: global: Decode: Decoded addi instruction: 0x383f0120
1060000: system.cpu: A0 T0 : 0x100544a0 @_dl_important_hwcaps+1568    : addi       r1, r31, 288    : IntAlu :  D=0x00007fffffffe820  flags=(IsInteger)
1060250: global: Decode: Decoded or instruction: 0x7ec3b378
1060250: system.cpu: A0 T0 : 0x100544a4 @_dl_important_hwcaps+1572    : mr         r3, r22         : IntAlu :  D=0x00000000100b5240  flags=(IsInteger)
1060500: global: Decode: Decoded ld instruction: 0xe8010010
1060500: system.cpu: A0 T0 : 0x100544a8 @_dl_important_hwcaps+1576    : ld         r0, 16(r1)      : MemRead :  D=0x000000001004df68 A=0x7fffffffe830  flags=(IsInteger|IsLoad)
1060750: global: Decode: Decoded lwz instruction: 0x81810008
1060750: system.cpu: A0 T0 : 0x100544ac @_dl_important_hwcaps+1580    : lwz        r12, 8(r1)      : MemRead :  D=0x0000000042000022 A=0x7fffffffe828  flags=(IsInteger|IsLoad)
1061000: global: Decode: Decoded ld instruction: 0xe9c1ff70
1061000: system.cpu: A0 T0 : 0x100544b0 @_dl_important_hwcaps+1584    : ld         r14, -144(r1)   : MemRead :  D=0x0000000000000000 A=0x7fffffffe790  flags=(IsInteger|IsLoad)
1061250: global: Decode: Decoded ld instruction: 0xe9e1ff78
1061250: system.cpu: A0 T0 : 0x100544b4 @_dl_important_hwcaps+1588    : ld         r15, -136(r1)   : MemRead :  D=0x0000000000000000 A=0x7fffffffe798  flags=(IsInteger|IsLoad)
1061500: global: Decode: Decoded ld instruction: 0xea01ff80
1061500: system.cpu: A0 T0 : 0x100544b8 @_dl_important_hwcaps+1592    : ld         r16, -128(r1)   : MemRead :  D=0x0000000000000000 A=0x7fffffffe7a0  flags=(IsInteger|IsLoad)
1061750: global: Decode: Decoded ld instruction: 0xea21ff88
1061750: system.cpu: A0 T0 : 0x100544bc @_dl_important_hwcaps+1596    : ld         r17, -120(r1)   : MemRead :  D=0x0000000000000000 A=0x7fffffffe7a8  flags=(IsInteger|IsLoad)
1062000: global: Decode: Decoded ld instruction: 0xea41ff90
1062000: system.cpu: A0 T0 : 0x100544c0 @_dl_important_hwcaps+1600    : ld         r18, -112(r1)   : MemRead :  D=0x0000000000000000 A=0x7fffffffe7b0  flags=(IsInteger|IsLoad)
1062250: global: Decode: Decoded ld instruction: 0xea61ff98
1062250: system.cpu: A0 T0 : 0x100544c4 @_dl_important_hwcaps+1604    : ld         r19, -104(r1)   : MemRead :  D=0x0000000000000000 A=0x7fffffffe7b8  flags=(IsInteger|IsLoad)
1062500: global: Decode: Decoded ld instruction: 0xea81ffa0
1062500: system.cpu: A0 T0 : 0x100544c8 @_dl_important_hwcaps+1608    : ld         r20, -96(r1)    : MemRead :  D=0x0000000000000000 A=0x7fffffffe7c0  flags=(IsInteger|IsLoad)
1062750: global: Decode: Decoded ld instruction: 0xeaa1ffa8
1062750: system.cpu: A0 T0 : 0x100544cc @_dl_important_hwcaps+1612    : ld         r21, -88(r1)    : MemRead :  D=0x0000000000000000 A=0x7fffffffe7c8  flags=(IsInteger|IsLoad)
1063000: global: Decode: Decoded ld instruction: 0xeac1ffb0
1063000: system.cpu: A0 T0 : 0x100544d0 @_dl_important_hwcaps+1616    : ld         r22, -80(r1)    : MemRead :  D=0x0000000000000000 A=0x7fffffffe7d0  flags=(IsInteger|IsLoad)
1063250: global: Decode: Decoded ld instruction: 0xeae1ffb8
1063250: system.cpu: A0 T0 : 0x100544d4 @_dl_important_hwcaps+1620    : ld         r23, -72(r1)    : MemRead :  D=0x00000000100b3590 A=0x7fffffffe7d8  flags=(IsInteger|IsLoad)
1063500: global: Decode: Decoded mtlr instruction: 0x7c0803a6
1063500: system.cpu: A0 T0 : 0x100544d8 @_dl_important_hwcaps+1624    : mtlr       r0              : IntAlu :  D=0x000000001004df68  flags=(IsInteger)
1063750: global: Decode: Decoded ld instruction: 0xeb01ffc0
1063750: system.cpu: A0 T0 : 0x100544dc @_dl_important_hwcaps+1628    : ld         r24, -64(r1)    : MemRead :  D=0x00000000100b2b60 A=0x7fffffffe7e0  flags=(IsInteger|IsLoad)
1064000: global: Decode: Decoded ld instruction: 0xeb21ffc8
1064000: system.cpu: A0 T0 : 0x100544e0 @_dl_important_hwcaps+1632    : ld         r25, -56(r1)    : MemRead :  D=0x00000000100b2b70 A=0x7fffffffe7e8  flags=(IsInteger|IsLoad)
1064250: global: Decode: Decoded ld instruction: 0xeb41ffd0
1064250: system.cpu: A0 T0 : 0x100544e4 @_dl_important_hwcaps+1636    : ld         r26, -48(r1)    : MemRead :  D=0x0000000000000000 A=0x7fffffffe7f0  flags=(IsInteger|IsLoad)
1064500: global: Decode: Decoded ld instruction: 0xeb61ffd8
1064500: system.cpu: A0 T0 : 0x100544e8 @_dl_important_hwcaps+1640    : ld         r27, -40(r1)    : MemRead :  D=0x00000000100b00d8 A=0x7fffffffe7f8  flags=(IsInteger|IsLoad)
1064750: global: Decode: Decoded mtocrf instruction: 0x7d908120
1064750: system.cpu: A0 T0 : 0x100544ec @_dl_important_hwcaps+1644    : mtocrf     r32, r12, r32   : IntAlu :  D=0x0000000028000482  flags=(IsInteger)
1065000: global: Decode: Decoded ld instruction: 0xeb81ffe0
1065000: system.cpu: A0 T0 : 0x100544f0 @_dl_important_hwcaps+1648    : ld         r28, -32(r1)    : MemRead :  D=0x00000000100aa530 A=0x7fffffffe800  flags=(IsInteger|IsLoad)
1065250: global: Decode: Decoded ld instruction: 0xeba1ffe8
1065250: system.cpu: A0 T0 : 0x100544f4 @_dl_important_hwcaps+1652    : ld         r29, -24(r1)    : MemRead :  D=0x00000000100b35e8 A=0x7fffffffe808  flags=(IsInteger|IsLoad)
1065500: global: Decode: Decoded ld instruction: 0xebc1fff0
1065500: system.cpu: A0 T0 : 0x100544f8 @_dl_important_hwcaps+1656    : ld         r30, -16(r1)    : MemRead :  D=0x00000000100b35b0 A=0x7fffffffe810  flags=(IsInteger|IsLoad)
1065750: global: Decode: Decoded ld instruction: 0xebe1fff8
1065750: system.cpu: A0 T0 : 0x100544fc @_dl_important_hwcaps+1660    : ld         r31, -8(r1)     : MemRead :  D=0x00007fffffffe820 A=0x7fffffffe818  flags=(IsInteger|IsLoad)
1066000: global: Decode: Decoded bclr instruction: 0x4e800020
1066000: system.cpu: A0 T0 : 0x10054500 @_dl_important_hwcaps+1664    : bclr       0, 20           : IntAlu :  D=0x0000000000000000  flags=(IsInteger|IsControl|IsIndirectControl|IsCondControl|IsReturn)
1066250: global: Decode: Decoded ori instruction: 0x60000000
1066250: system.cpu: A0 T0 : 0x1004df68 @_dl_init_paths+88    : nop                        : IntAlu :  D=0x000000001004df68  flags=(IsInteger)
1066500: global: Decode: Decoded addis instruction: 0x3d22ffff
1066500: system.cpu: A0 T0 : 0x1004df6c @_dl_init_paths+92    : subis      r9, r2, 1       : IntAlu :  D=0x00000000100a7d00  flags=(IsInteger)
1066750: global: Decode: Decoded std instruction: 0xf8692848
1066750: system.cpu: A0 T0 : 0x1004df70 @_dl_init_paths+96    : std        r3, 10312(r9)   : MemWrite :  D=0x00000000100b5240 A=0x100aa548  flags=(IsInteger|IsStore)
1067000: global: Decode: Decoded addi instruction: 0x38600018
1067000: system.cpu: A0 T0 : 0x1004df74 @_dl_init_paths+100    : li         r3, 24          : IntAlu :  D=0x0000000000000018  flags=(IsInteger)
1067250: global: Decode: Decoded b instruction: 0x4bfcbc59
1067250: system.cpu: A0 T0 : 0x1004df78 @_dl_init_paths+104    : bl         malloc          : IntAlu :  D=0x000000001004df7c  flags=(IsInteger|IsControl|IsDirectControl|IsUncondControl)
1067500: global: Decode: Decoded ori instruction: 0x60000000
1067500: system.cpu: A0 T0 : 0x10019bd0 @__libc_malloc    : nop                        : IntAlu :  D=0x000000001004df68  flags=(IsInteger)
1067750: global: Decode: Decoded ld instruction: 0xe92293c0
1067750: system.cpu: A0 T0 : 0x10019bd4 @__libc_malloc+4    : ld         r9, -27712(r2)  : MemRead :  D=0x0000000000000000 A=0x100b10c0  flags=(IsInteger|IsLoad)
1068000: global: Decode: Decoded std instruction: 0xfba1ffe8
1068000: system.cpu: A0 T0 : 0x10019bd8 @__libc_malloc+8    : std        r29, -24(r1)    : MemWrite :  D=0x00000000100b35e8 A=0x7fffffffe808  flags=(IsInteger|IsStore)
1068250: global: Decode: Decoded cmpi instruction: 0x2fa90000
1068250: system.cpu: A0 T0 : 0x10019bdc @__libc_malloc+12    : cmpdi      cr7, r9, 0      : IntAlu :  D=0x0000000028000482  flags=(IsInteger)
1068500: global: Decode: Decoded stdu instruction: 0xf821ff71
1068500: system.cpu: A0 T0 : 0x10019be0 @__libc_malloc+16    : stdu       r1, -144(r1)    : MemWrite :  D=0x00007fffffffe790 A=0x7fffffffe790  flags=(IsInteger|IsStore)
1068750: global: Decode: Decoded bc instruction: 0x409e022c
1068750: system.cpu: A0 T0 : 0x10019be4 @__libc_malloc+20    : bc         30, 4, 0x10019e10 : IntAlu :  D=0x0000000000000000  flags=(IsInteger|IsControl|IsDirectControl|IsCondControl)
1069000: global: Decode: Decoded addi instruction: 0x39230017
1069000: system.cpu: A0 T0 : 0x10019be8 @__libc_malloc+24    : addi       r9, r3, 23      : IntAlu :  D=0x000000000000002f  flags=(IsInteger)
1069250: global: Decode: Decoded std instruction: 0xfbc10080
1069250: system.cpu: A0 T0 : 0x10019bec @__libc_malloc+28    : std        r30, 128(r1)    : MemWrite :  D=0x00000000100b35b0 A=0x7fffffffe810  flags=(IsInteger|IsStore)
1069500: global: Decode: Decoded std instruction: 0xfb810070
1069500: system.cpu: A0 T0 : 0x10019bf0 @__libc_malloc+32    : std        r28, 112(r1)    : MemWrite :  D=0x00000000100aa530 A=0x7fffffffe800  flags=(IsInteger|IsStore)
1069750: global: Decode: Decoded or instruction: 0x7c7e1b78
1069750: system.cpu: A0 T0 : 0x10019bf4 @__libc_malloc+36    : mr         r30, r3         : IntAlu :  D=0x0000000000000018  flags=(IsInteger)
1070000: global: Decode: Decoded cmpli instruction: 0x2ba9001f
1070000: system.cpu: A0 T0 : 0x10019bf8 @__libc_malloc+40    : cmpldi     cr7, r9, 31     : IntAlu :  D=0x0000000028000484  flags=(IsInteger)
1070250: global: Decode: Decoded std instruction: 0xfbe10088
1070250: system.cpu: A0 T0 : 0x10019bfc @__libc_malloc+44    : std        r31, 136(r1)    : MemWrite :  D=0x00007fffffffe820 A=0x7fffffffe818  flags=(IsInteger|IsStore)
1070500: global: Decode: Decoded bc instruction: 0x419d00a0
1070500: system.cpu: A0 T0 : 0x10019c00 @__libc_malloc+48    : bc         29, 12, 0x10019ca0 : IntAlu :  D=0x0000000000000000  flags=(IsInteger|IsControl|IsDirectControl|IsCondControl)
1070750: global: Decode: Decoded rldicr instruction: 0x792906e4
1070750: system.cpu: A0 T0 : 0x10019ca0 @__libc_malloc+208    : rldicr     r9, r9, 0, 59   : IntAlu :  D=0x0000000000000020  flags=(IsInteger)
1071000: global: Decode: Decoded cmpl instruction: 0x7fa34840
1071000: system.cpu: A0 T0 : 0x10019ca4 @__libc_malloc+212    : cmpld      cr7, r3, r9     : IntAlu :  D=0x0000000028000488  flags=(IsInteger)
1071250: global: Decode: Decoded bc instruction: 0x419d0028
1071250: system.cpu: A0 T0 : 0x10019ca8 @__libc_malloc+216    : bc         29, 12, 0x10019cd0 : IntAlu :  D=0x0000000000000000  flags=(IsInteger|IsControl|IsDirectControl|IsCondControl)
1071500: global: Decode: Decoded addi instruction: 0x3940ffbf
1071500: system.cpu: A0 T0 : 0x10019cac @__libc_malloc+220    : li         r10, -65        : IntAlu :  D=0xffffffffffffffbf  flags=(IsInteger)
1071750: global: Decode: Decoded cmpl instruction: 0x7fa95040
1071750: system.cpu: A0 T0 : 0x10019cb0 @__libc_malloc+224    : cmpld      cr7, r9, r10    : IntAlu :  D=0x0000000028000488  flags=(IsInteger)
1072000: global: Decode: Decoded bc instruction: 0x419d001c
1072000: system.cpu: A0 T0 : 0x10019cb4 @__libc_malloc+228    : bc         29, 12, 0x10019cd0 : IntAlu :  D=0x0000000000000000  flags=(IsInteger|IsControl|IsDirectControl|IsCondControl)
1072250: global: Decode: Decoded addi instruction: 0x3be9ffef
1072250: system.cpu: A0 T0 : 0x10019cb8 @__libc_malloc+232    : subi       r31, r9, 17     : IntAlu :  D=0x000000000000000f  flags=(IsInteger)
1072500: global: Decode: Decoded rldicl instruction: 0x7bfce102
1072500: system.cpu: A0 T0 : 0x10019cbc @__libc_malloc+236    : rldicl     r28, r31, 60, 4 : IntAlu :  D=0x0000000000000000  flags=(IsInteger)
1072750: global: Decode: Decoded b instruction: 0x4bffff54
1072750: system.cpu: A0 T0 : 0x10019cc0 @__libc_malloc+240    : b          0x10019c14      : IntAlu :   flags=(IsControl|IsDirectControl|IsUncondControl)
1073000: global: Decode: Decoded ori instruction: 0x60000000
1073000: system.cpu: A0 T0 : 0x10019c14 @__libc_malloc+68    : nop                        : IntAlu :  D=0x000000001004df68  flags=(IsInteger)
1073250: global: Decode: Decoded addi instruction: 0x392d9028
1073250: system.cpu: A0 T0 : 0x10019c18 @__libc_malloc+72    : subi       r9, r13, 28632  : IntAlu :  D=0x00000000100b4798  flags=(IsInteger)
1073500: global: Decode: Decoded ld instruction: 0xe9490000
1073500: system.cpu: A0 T0 : 0x10019c1c @__libc_malloc+76    : ld         r10, 0(r9)      : MemRead :  D=0x00000000100b4ff0 A=0x100b4798  flags=(IsInteger|IsLoad)
1073750: global: Decode: Decoded cmpi instruction: 0x2faa0000
1073750: system.cpu: A0 T0 : 0x10019c20 @__libc_malloc+80    : cmpdi      cr7, r10, 0     : IntAlu :  D=0x0000000028000484  flags=(IsInteger)
1074000: global: Decode: Decoded bc instruction: 0x419e00ec
1074000: system.cpu: A0 T0 : 0x10019c24 @__libc_malloc+84    : bc         30, 12, 0x10019d10 : IntAlu :  D=0x0000000000000000  flags=(IsInteger|IsControl|IsDirectControl|IsCondControl)
1074250: global: Decode: Decoded ori instruction: 0x60000000
1074250: system.cpu: A0 T0 : 0x10019c28 @__libc_malloc+88    : nop                        : IntAlu :  D=0x000000001004df68  flags=(IsInteger)
1074500: global: Decode: Decoded ld instruction: 0xe9228ad8
1074500: system.cpu: A0 T0 : 0x10019c2c @__libc_malloc+92    : ld         r9, -29992(r2)  : MemRead :  D=0x0000000000000040 A=0x100b07d8  flags=(IsInteger|IsLoad)
1074750: global: Decode: Decoded cmpl instruction: 0x7fa9e040
1074750: system.cpu: A0 T0 : 0x10019c30 @__libc_malloc+96    : cmpld      cr7, r9, r28    : IntAlu :  D=0x0000000028000484  flags=(IsInteger)
1075000: global: Decode: Decoded bc instruction: 0x419d012c
1075000: system.cpu: A0 T0 : 0x10019c34 @__libc_malloc+100    : bc         29, 12, 0x10019d60 : IntAlu :  D=0x0000000000000000  flags=(IsInteger|IsControl|IsDirectControl|IsCondControl)
1075250: global: Decode: Decoded rldicr instruction: 0x7b891f24
1075250: system.cpu: A0 T0 : 0x10019d60 @__libc_malloc+400    : rldicr     r9, r28, 3, 60  : IntAlu :  D=0x0000000000000000  flags=(IsInteger)
1075500: global: Decode: Decoded add instruction: 0x7d2a4a14
1075500: system.cpu: A0 T0 : 0x10019d64 @__libc_malloc+404    : add        r9, r10, r9     : IntAlu :  D=0x00000000100b4ff0  flags=(IsInteger)
1075750: global: Decode: Decoded ld instruction: 0xeba90040
1075750: system.cpu: A0 T0 : 0x10019d68 @__libc_malloc+408    : ld         r29, 64(r9)     : MemRead :  D=0x0000000000000000 A=0x100b5030  flags=(IsInteger|IsLoad)
1076000: global: Decode: Decoded cmpi instruction: 0x2fbd0000
1076000: system.cpu: A0 T0 : 0x10019d6c @__libc_malloc+412    : cmpdi      cr7, r29, 0     : IntAlu :  D=0x0000000028000482  flags=(IsInteger)
1076250: global: Decode: Decoded bc instruction: 0x419efec8
1076250: system.cpu: A0 T0 : 0x10019d70 @__libc_malloc+416    : bc         30, 12, 0x10019c38 : IntAlu :  D=0x0000000000000000  flags=(IsInteger|IsControl|IsDirectControl|IsCondControl)
1076500: global: Decode: Decoded mflr instruction: 0x7c0802a6
1076500: system.cpu: A0 T0 : 0x10019c38 @__libc_malloc+104    : mflr       r0              : IntAlu :  D=0x000000001004df7c  flags=(IsInteger)
1076750: global: Decode: Decoded std instruction: 0xf80100a0
1076750: system.cpu: A0 T0 : 0x10019c3c @__libc_malloc+108    : std        r0, 160(r1)     : MemWrite :  D=0x000000001004df7c A=0x7fffffffe830  flags=(IsInteger|IsStore)
1077000: global: Decode: Decoded lwz instruction: 0x812d8890
1077000: system.cpu: A0 T0 : 0x10019c40 @__libc_malloc+112    : lwz        r9, -30576(r13) : MemRead :  D=0x0000000000000000 A=0x100b4000  flags=(IsInteger|IsLoad)
1077250: global: Decode: Decoded cmpi instruction: 0x2f890000
1077250: system.cpu: A0 T0 : 0x10019c44 @__libc_malloc+116    : cmpwi      cr7, r9, 0      : IntAlu :  D=0x0000000028000482  flags=(IsInteger)
1077500: global: Decode: Decoded bc instruction: 0x409e0208
1077500: system.cpu: A0 T0 : 0x10019c48 @__libc_malloc+120    : bc         30, 4, 0x10019e50 : IntAlu :  D=0x0000000000000000  flags=(IsInteger|IsControl|IsDirectControl|IsCondControl)
1077750: global: Decode: Decoded ori instruction: 0x60000000
1077750: system.cpu: A0 T0 : 0x10019c4c @__libc_malloc+124    : nop                        : IntAlu :  D=0x000000001004df7c  flags=(IsInteger)
1078000: global: Decode: Decoded or instruction: 0x7fc4f378
1078000: system.cpu: A0 T0 : 0x10019c50 @__libc_malloc+128    : mr         r4, r30         : IntAlu :  D=0x0000000000000018  flags=(IsInteger)
1078250: global: Decode: Decoded addi instruction: 0x3be28af8
1078250: system.cpu: A0 T0 : 0x10019c54 @__libc_malloc+132    : subi       r31, r2, 29960  : IntAlu :  D=0x00000000100b07f8  flags=(IsInteger)
1078500: global: Decode: Decoded or instruction: 0x7fe3fb78
1078500: system.cpu: A0 T0 : 0x10019c58 @__libc_malloc+136    : mr         r3, r31         : IntAlu :  D=0x00000000100b07f8  flags=(IsInteger)
1078750: global: Decode: Decoded b instruction: 0x4bffdbd5
1078750: system.cpu: A0 T0 : 0x10019c5c @__libc_malloc+140    : bl         _int_malloc     : IntAlu :  D=0x0000000010019c60  flags=(IsInteger|IsControl|IsDirectControl|IsUncondControl)
1079000: global: Decode: Decoded mfcr instruction: 0x7d800026
1079000: system.cpu: A0 T0 : 0x10017830 @_int_malloc    : mfcr       r12             : IntAlu :  D=0x0000000028000482  flags=(IsInteger)
1079250: global: Decode: Decoded std instruction: 0xfbe1fff8
1079250: system.cpu: A0 T0 : 0x10017834 @_int_malloc+4    : std        r31, -8(r1)     : MemWrite :  D=0x00000000100b07f8 A=0x7fffffffe788  flags=(IsInteger|IsStore)
1079500: global: Decode: Decoded addi instruction: 0x3be40017
1079500: system.cpu: A0 T0 : 0x10017838 @_int_malloc+8    : addi       r31, r4, 23     : IntAlu :  D=0x000000000000002f  flags=(IsInteger)
1079750: global: Decode: Decoded std instruction: 0xfba1ffe8
1079750: system.cpu: A0 T0 : 0x1001783c @_int_malloc+12    : std        r29, -24(r1)    : MemWrite :  D=0x0000000000000000 A=0x7fffffffe778  flags=(IsInteger|IsStore)
1080000: global: Decode: Decoded or instruction: 0x7c9d2378
1080000: system.cpu: A0 T0 : 0x10017840 @_int_malloc+16    : mr         r29, r4         : IntAlu :  D=0x0000000000000018  flags=(IsInteger)
1080250: global: Decode: Decoded cmpli instruction: 0x2bbf001f
1080250: system.cpu: A0 T0 : 0x10017844 @_int_malloc+20    : cmpldi     cr7, r31, 31    : IntAlu :  D=0x0000000028000484  flags=(IsInteger)
1080500: global: Decode: Decoded std instruction: 0xfbc1fff0
1080500: system.cpu: A0 T0 : 0x10017848 @_int_malloc+24    : std        r30, -16(r1)    : MemWrite :  D=0x0000000000000018 A=0x7fffffffe780  flags=(IsInteger|IsStore)
1080750: global: Decode: Decoded std instruction: 0xfae1ffb8
1080750: system.cpu: A0 T0 : 0x1001784c @_int_malloc+28    : std        r23, -72(r1)    : MemWrite :  D=0x00000000100b3590 A=0x7fffffffe748  flags=(IsInteger|IsStore)
1081000: global: Decode: Decoded or instruction: 0x7c7e1b78
1081000: system.cpu: A0 T0 : 0x10017850 @_int_malloc+32    : mr         r30, r3         : IntAlu :  D=0x00000000100b07f8  flags=(IsInteger)
1081250: global: Decode: Decoded stw instruction: 0x91810008
1081250: system.cpu: A0 T0 : 0x10017854 @_int_malloc+36    : stw        r12, 8(r1)      : MemWrite :  D=0x0000000028000482 A=0x7fffffffe798  flags=(IsInteger|IsStore)
1081500: global: Decode: Decoded stdu instruction: 0xf821fec1
1081500: system.cpu: A0 T0 : 0x10017858 @_int_malloc+40    : stdu       r1, -320(r1)    : MemWrite :  D=0x00007fffffffe650 A=0x7fffffffe650  flags=(IsInteger|IsStore)
1081750: global: Decode: Decoded bc instruction: 0x419d0174
1081750: system.cpu: A0 T0 : 0x1001785c @_int_malloc+44    : bc         29, 12, 0x100179d0 : IntAlu :  D=0x0000000000000000  flags=(IsInteger|IsControl|IsDirectControl|IsCondControl)
1082000: global: Decode: Decoded rldicr instruction: 0x7bff06e4
1082000: system.cpu: A0 T0 : 0x100179d0 @_int_malloc+416    : rldicr     r31, r31, 0, 59 : IntAlu :  D=0x0000000000000020  flags=(IsInteger)
1082250: global: Decode: Decoded cmpl instruction: 0x7fa4f840
1082250: system.cpu: A0 T0 : 0x100179d4 @_int_malloc+420    : cmpld      cr7, r4, r31    : IntAlu :  D=0x0000000028000488  flags=(IsInteger)
1082500: global: Decode: Decoded bc instruction: 0x419dffb8
1082500: system.cpu: A0 T0 : 0x100179d8 @_int_malloc+424    : bc         29, 12, 0x10017990 : IntAlu :  D=0x0000000000000000  flags=(IsInteger|IsControl|IsDirectControl|IsCondControl)
1082750: global: Decode: Decoded addi instruction: 0x3920ffbf
1082750: system.cpu: A0 T0 : 0x100179dc @_int_malloc+428    : li         r9, -65         : IntAlu :  D=0xffffffffffffffbf  flags=(IsInteger)
1083000: global: Decode: Decoded cmpl instruction: 0x7fbf4840
1083000: system.cpu: A0 T0 : 0x100179e0 @_int_malloc+432    : cmpld      cr7, r31, r9    : IntAlu :  D=0x0000000028000488  flags=(IsInteger)
1083250: global: Decode: Decoded bc instruction: 0x419dffac
1083250: system.cpu: A0 T0 : 0x100179e4 @_int_malloc+436    : bc         29, 12, 0x10017990 : IntAlu :  D=0x0000000000000000  flags=(IsInteger|IsControl|IsDirectControl|IsCondControl)
1083500: global: Decode: Decoded cmpi instruction: 0x2fa30000
1083500: system.cpu: A0 T0 : 0x100179e8 @_int_malloc+440    : cmpdi      cr7, r3, 0      : IntAlu :  D=0x0000000028000484  flags=(IsInteger)
1083750: global: Decode: Decoded bc instruction: 0x419e0944
1083750: system.cpu: A0 T0 : 0x100179ec @_int_malloc+444    : bc         30, 12, 0x10018330 : IntAlu :  D=0x0000000000000000  flags=(IsInteger|IsControl|IsDirectControl|IsCondControl)
1084000: global: Decode: Decoded ori instruction: 0x60000000
1084000: system.cpu: A0 T0 : 0x100179f0 @_int_malloc+448    : nop                        : IntAlu :  D=0x000000001004df7c  flags=(IsInteger)
1084250: global: Decode: Decoded ld instruction: 0xe922ae10
1084250: system.cpu: A0 T0 : 0x100179f4 @_int_malloc+452    : ld         r9, -20976(r2)  : MemRead :  D=0x0000000000000080 A=0x100b2b10  flags=(IsInteger|IsLoad)
1084500: global: Decode: Decoded rlwinm instruction: 0x57eae13e
1084500: system.cpu: A0 T0 : 0x100179f8 @_int_malloc+456    : rlwinm     r10, r31, 28, 4, 31 : IntAlu :  D=0x0000000000000002  flags=(IsInteger)
1084750: global: Decode: Decoded rldicl instruction: 0x79570020
1084750: system.cpu: A0 T0 : 0x100179fc @_int_malloc+460    : clrldi     r23, r10, 32    : IntAlu :  D=0x0000000000000002  flags=(IsInteger)
1085000: global: Decode: Decoded cmpl instruction: 0x7fbf4840
1085000: system.cpu: A0 T0 : 0x10017a00 @_int_malloc+464    : cmpld      cr7, r31, r9    : IntAlu :  D=0x0000000028000488  flags=(IsInteger)
1085250: global: Decode: Decoded bc instruction: 0x409d048c
1085250: system.cpu: A0 T0 : 0x10017a04 @_int_malloc+468    : bc         29, 4, 0x10017e90 : IntAlu :  D=0x0000000000000000  flags=(IsInteger|IsControl|IsDirectControl|IsCondControl)
1085500: global: Decode: Decoded addi instruction: 0x394afffe
1085500: system.cpu: A0 T0 : 0x10017e90 @_int_malloc+1632    : subi       r10, r10, 2     : IntAlu :  D=0x0000000000000000  flags=(IsInteger)
1085750: global: Decode: Decoded rldicl instruction: 0x794a0020
1085750: system.cpu: A0 T0 : 0x10017e94 @_int_malloc+1636    : clrldi     r10, r10, 32    : IntAlu :  D=0x0000000000000000  flags=(IsInteger)
1086000: global: Decode: Decoded addi instruction: 0x388a0002
1086000: system.cpu: A0 T0 : 0x10017e98 @_int_malloc+1640    : addi       r4, r10, 2      : IntAlu :  D=0x0000000000000002  flags=(IsInteger)
1086250: global: Decode: Decoded rldicr instruction: 0x78841f24
1086250: system.cpu: A0 T0 : 0x10017e9c @_int_malloc+1644    : rldicr     r4, r4, 3, 60   : IntAlu :  D=0x0000000000000010  flags=(IsInteger)
1086500: global: Decode: Decoded b instruction: 0x4bfff9f0
1086500: system.cpu: A0 T0 : 0x10017ea0 @_int_malloc+1648    : b          0x10017890      : IntAlu :   flags=(IsControl|IsDirectControl|IsUncondControl)
1086750: global: Decode: Decoded rldicr instruction: 0x794a1f24
1086750: system.cpu: A0 T0 : 0x10017890 @_int_malloc+96    : rldicr     r10, r10, 3, 60 : IntAlu :  D=0x0000000000000000  flags=(IsInteger)
1087000: global: Decode: Decoded add instruction: 0x7d5e5214
1087000: system.cpu: A0 T0 : 0x10017894 @_int_malloc+100    : add        r10, r30, r10   : IntAlu :  D=0x00000000100b07f8  flags=(IsInteger)
1087250: global: Decode: Decoded ld instruction: 0xe92a0010
1087250: system.cpu: A0 T0 : 0x10017898 @_int_malloc+104    : ld         r9, 16(r10)     : MemRead :  D=0x0000000000000000 A=0x100b0808  flags=(IsInteger|IsLoad)
1087500: global: Decode: Decoded cmpi instruction: 0x2fa90000
1087500: system.cpu: A0 T0 : 0x1001789c @_int_malloc+108    : cmpdi      cr7, r9, 0      : IntAlu :  D=0x0000000028000482  flags=(IsInteger)
1087750: global: Decode: Decoded bc instruction: 0x419e05d0
1087750: system.cpu: A0 T0 : 0x100178a0 @_int_malloc+112    : bc         30, 12, 0x10017e70 : IntAlu :  D=0x0000000000000000  flags=(IsInteger|IsControl|IsDirectControl|IsCondControl)
1088000: global: Decode: Decoded rlwinm instruction: 0x56ea083c
1088000: system.cpu: A0 T0 : 0x10017e70 @_int_malloc+1600    : rlwinm     r10, r23, 1, 0, 30 : IntAlu :  D=0x0000000000000004  flags=(IsInteger)
1088250: global: Decode: Decoded addi instruction: 0x394afffe
1088250: system.cpu: A0 T0 : 0x10017e74 @_int_malloc+1604    : subi       r10, r10, 2     : IntAlu :  D=0x0000000000000002  flags=(IsInteger)
1088500: global: Decode: Decoded rldicl instruction: 0x794a0020
1088500: system.cpu: A0 T0 : 0x10017e78 @_int_malloc+1608    : clrldi     r10, r10, 32    : IntAlu :  D=0x0000000000000002  flags=(IsInteger)
1088750: global: Decode: Decoded addi instruction: 0x394a000e
1088750: system.cpu: A0 T0 : 0x10017e7c @_int_malloc+1612    : addi       r10, r10, 14    : IntAlu :  D=0x0000000000000010  flags=(IsInteger)
1089000: global: Decode: Decoded rldicr instruction: 0x794a1f24
1089000: system.cpu: A0 T0 : 0x10017e80 @_int_malloc+1616    : rldicr     r10, r10, 3, 60 : IntAlu :  D=0x0000000000000080  flags=(IsInteger)
1089250: global: Decode: Decoded b instruction: 0x4bfffe48
1089250: system.cpu: A0 T0 : 0x10017e84 @_int_malloc+1620    : b          0x10017ccc      : IntAlu :   flags=(IsControl|IsDirectControl|IsUncondControl)
1089500: global: Decode: Decoded add instruction: 0x7d5e5214
1089500: system.cpu: A0 T0 : 0x10017ccc @_int_malloc+1180    : add        r10, r30, r10   : IntAlu :  D=0x00000000100b0878  flags=(IsInteger)
1089750: global: Decode: Decoded addi instruction: 0x38eafff0
1089750: system.cpu: A0 T0 : 0x10017cd0 @_int_malloc+1184    : subi       r7, r10, 16     : IntAlu :  D=0x00000000100b0868  flags=(IsInteger)
1090000: global: Decode: Decoded ld instruction: 0xe92a0008
1090000: system.cpu: A0 T0 : 0x10017cd4 @_int_malloc+1188    : ld         r9, 8(r10)      : MemRead :  D=0x00000000100b0868 A=0x100b0880  flags=(IsInteger|IsLoad)
1090250: global: Decode: Decoded cmpl instruction: 0x7fa74840
1090250: system.cpu: A0 T0 : 0x10017cd8 @_int_malloc+1192    : cmpld      cr7, r7, r9     : IntAlu :  D=0x0000000028000482  flags=(IsInteger)
1090500: global: Decode: Decoded bc instruction: 0x419e0224
1090500: system.cpu: A0 T0 : 0x10017cdc @_int_malloc+1196    : bc         30, 12, 0x10017f00 : IntAlu :  D=0x0000000000000000  flags=(IsInteger|IsControl|IsDirectControl|IsCondControl)
1090750: global: Decode: Decoded mflr instruction: 0x7c0802a6
1090750: system.cpu: A0 T0 : 0x10017f00 @_int_malloc+1744    : mflr       r0              : IntAlu :  D=0x0000000010019c60  flags=(IsInteger)
1091000: global: Decode: Decoded std instruction: 0xfaa100e8
1091000: system.cpu: A0 T0 : 0x10017f04 @_int_malloc+1748    : std        r21, 232(r1)    : MemWrite :  D=0x0000000000000000 A=0x7fffffffe738  flags=(IsInteger|IsStore)
1091250: global: Decode: Decoded rldicl instruction: 0x7bf5ba42
1091250: system.cpu: A0 T0 : 0x10017f08 @_int_malloc+1752    : rldicl     r21, r31, 55, 9 : IntAlu :  D=0x0000000000000000  flags=(IsInteger)
1091500: global: Decode: Decoded std instruction: 0xf9c100b0
1091500: system.cpu: A0 T0 : 0x10017f0c @_int_malloc+1756    : std        r14, 176(r1)    : MemWrite :  D=0x0000000000000000 A=0x7fffffffe700  flags=(IsInteger|IsStore)
1091750: global: Decode: Decoded addi instruction: 0x3935005b
1091750: system.cpu: A0 T0 : 0x10017f10 @_int_malloc+1760    : addi       r9, r21, 91     : IntAlu :  D=0x000000000000005b  flags=(IsInteger)
1092000: global: Decode: Decoded std instruction: 0xfac100f0
1092000: system.cpu: A0 T0 : 0x10017f14 @_int_malloc+1764    : std        r22, 240(r1)    : MemWrite :  D=0x0000000000000000 A=0x7fffffffe740  flags=(IsInteger|IsStore)
1092250: global: Decode: Decoded rldicl instruction: 0x7bf6d182
1092250: system.cpu: A0 T0 : 0x10017f18 @_int_malloc+1768    : rldicl     r22, r31, 58, 6 : IntAlu :  D=0x0000000000000000  flags=(IsInteger)
1092500: global: Decode: Decoded std instruction: 0xfb210108
1092500: system.cpu: A0 T0 : 0x10017f1c @_int_malloc+1772    : std        r25, 264(r1)    : MemWrite :  D=0x00000000100b2b70 A=0x7fffffffe758  flags=(IsInteger|IsStore)
1092750: global: Decode: Decoded rldicl instruction: 0x792e0020
1092750: system.cpu: A0 T0 : 0x10017f20 @_int_malloc+1776    : clrldi     r14, r9, 32     : IntAlu :  D=0x000000000000005b  flags=(IsInteger)
1093000: global: Decode: Decoded addi instruction: 0x3920007c
1093000: system.cpu: A0 T0 : 0x10017f24 @_int_malloc+1780    : li         r9, 124         : IntAlu :  D=0x000000000000007c  flags=(IsInteger)
1093250: global: Decode: Decoded std instruction: 0xfa0100c0
1093250: system.cpu: A0 T0 : 0x10017f28 @_int_malloc+1784    : std        r16, 192(r1)    : MemWrite :  D=0x0000000000000000 A=0x7fffffffe710  flags=(IsInteger|IsStore)
1093500: global: Decode: Decoded std instruction: 0xfa2100c8
1093500: system.cpu: A0 T0 : 0x10017f2c @_int_malloc+1788    : std        r17, 200(r1)    : MemWrite :  D=0x0000000000000000 A=0x7fffffffe718  flags=(IsInteger|IsStore)
1093750: global: Decode: Decoded addi instruction: 0x3b360030
1093750: system.cpu: A0 T0 : 0x10017f30 @_int_malloc+1792    : addi       r25, r22, 48    : IntAlu :  D=0x0000000000000030  flags=(IsInteger)
1094000: global: Decode: Decoded std instruction: 0xfb810120
1094000: system.cpu: A0 T0 : 0x10017f34 @_int_malloc+1796    : std        r28, 288(r1)    : MemWrite :  D=0x0000000000000000 A=0x7fffffffe770  flags=(IsInteger|IsStore)
1094250: global: Decode: Decoded std instruction: 0xf9e100b8
1094250: system.cpu: A0 T0 : 0x10017f38 @_int_malloc+1800    : std        r15, 184(r1)    : MemWrite :  D=0x0000000000000000 A=0x7fffffffe708  flags=(IsInteger|IsStore)
1094500: global: Decode: Decoded or instruction: 0x7efcbb78
1094500: system.cpu: A0 T0 : 0x10017f3c @_int_malloc+1804    : mr         r28, r23        : IntAlu :  D=0x0000000000000002  flags=(IsInteger)
1094750: global: Decode: Decoded std instruction: 0xf9210088
1094750: system.cpu: A0 T0 : 0x10017f40 @_int_malloc+1808    : std        r9, 136(r1)     : MemWrite :  D=0x000000000000007c A=0x7fffffffe6d8  flags=(IsInteger|IsStore)
1095000: global: Decode: Decoded addi instruction: 0x39200077
1095000: system.cpu: A0 T0 : 0x10017f44 @_int_malloc+1812    : li         r9, 119         : IntAlu :  D=0x0000000000000077  flags=(IsInteger)
1095250: global: Decode: Decoded std instruction: 0xfa4100d0
1095250: system.cpu: A0 T0 : 0x10017f48 @_int_malloc+1816    : std        r18, 208(r1)    : MemWrite :  D=0x0000000000000000 A=0x7fffffffe720  flags=(IsInteger|IsStore)
1095500: global: Decode: Decoded rldicl instruction: 0x7b390020
1095500: system.cpu: A0 T0 : 0x10017f4c @_int_malloc+1820    : clrldi     r25, r25, 32    : IntAlu :  D=0x0000000000000030  flags=(IsInteger)
1095750: global: Decode: Decoded std instruction: 0xf8010150
1095750: system.cpu: A0 T0 : 0x10017f50 @_int_malloc+1824    : std        r0, 336(r1)     : MemWrite :  D=0x0000000010019c60 A=0x7fffffffe7a0  flags=(IsInteger|IsStore)
1096000: global: Decode: Decoded std instruction: 0xfa6100d8
1096000: system.cpu: A0 T0 : 0x10017f54 @_int_malloc+1828    : std        r19, 216(r1)    : MemWrite :  D=0x0000000000000000 A=0x7fffffffe728  flags=(IsInteger|IsStore)
1096250: global: Decode: Decoded addi instruction: 0x3a000000
1096250: system.cpu: A0 T0 : 0x10017f58 @_int_malloc+1832    : li         r16, 0          : IntAlu :  D=0x0000000000000000  flags=(IsInteger)
1096500: global: Decode: Decoded addi instruction: 0x3a200000
1096500: system.cpu: A0 T0 : 0x10017f5c @_int_malloc+1836    : li         r17, 0          : IntAlu :  D=0x0000000000000000  flags=(IsInteger)
1096750: global: Decode: Decoded std instruction: 0xf9210078
1096750: system.cpu: A0 T0 : 0x10017f60 @_int_malloc+1840    : std        r9, 120(r1)     : MemWrite :  D=0x0000000000000077 A=0x7fffffffe6c8  flags=(IsInteger|IsStore)
1097000: global: Decode: Decoded addi instruction: 0x3920006e
1097000: system.cpu: A0 T0 : 0x10017f64 @_int_malloc+1844    : li         r9, 110         : IntAlu :  D=0x000000000000006e  flags=(IsInteger)
1097250: global: Decode: Decoded std instruction: 0xfa8100e0
1097250: system.cpu: A0 T0 : 0x10017f68 @_int_malloc+1848    : std        r20, 224(r1)    : MemWrite :  D=0x0000000000000000 A=0x7fffffffe730  flags=(IsInteger|IsStore)
1097500: global: Decode: Decoded std instruction: 0xfb010100
1097500: system.cpu: A0 T0 : 0x10017f6c @_int_malloc+1852    : std        r24, 256(r1)    : MemWrite :  D=0x00000000100b2b60 A=0x7fffffffe750  flags=(IsInteger|IsStore)
1097750: global: Decode: Decoded std instruction: 0xfb410110
1097750: system.cpu: A0 T0 : 0x10017f70 @_int_malloc+1856    : std        r26, 272(r1)    : MemWrite :  D=0x0000000000000000 A=0x7fffffffe760  flags=(IsInteger|IsStore)
1098000: global: Decode: Decoded std instruction: 0xfb610118
1098000: system.cpu: A0 T0 : 0x10017f74 @_int_malloc+1860    : std        r27, 280(r1)    : MemWrite :  D=0x00000000100b00d8 A=0x7fffffffe768  flags=(IsInteger|IsStore)
1098250: global: Decode: Decoded std instruction: 0xf9210070
1098250: system.cpu: A0 T0 : 0x10017f78 @_int_malloc+1864    : std        r9, 112(r1)     : MemWrite :  D=0x000000000000006e A=0x7fffffffe6c0  flags=(IsInteger|IsStore)
1098500: global: Decode: Decoded b instruction: 0x4bfffb60
1098500: system.cpu: A0 T0 : 0x10017f7c @_int_malloc+1868    : b          0x10017adc      : IntAlu :   flags=(IsControl|IsDirectControl|IsUncondControl)
1098750: global: Decode: Decoded ori instruction: 0x60000000
1098750: system.cpu: A0 T0 : 0x10017adc @_int_malloc+684    : nop                        : IntAlu :  D=0x0000000010019c60  flags=(IsInteger)
1099000: global: Decode: Decoded addi instruction: 0x3a9fffef
1099000: system.cpu: A0 T0 : 0x10017ae0 @_int_malloc+688    : subi       r20, r31, 17    : IntAlu :  D=0x000000000000000f  flags=(IsInteger)
1099250: global: Decode: Decoded addi instruction: 0x394d9028
1099250: system.cpu: A0 T0 : 0x10017ae4 @_int_malloc+692    : subi       r10, r13, 28632 : IntAlu :  D=0x00000000100b4798  flags=(IsInteger)
1099500: global: Decode: Decoded rldicl instruction: 0x7a98e102
1099500: system.cpu: A0 T0 : 0x10017ae8 @_int_malloc+696    : rldicl     r24, r20, 60, 4 : IntAlu :  D=0x0000000000000000  flags=(IsInteger)
1099750: global: Decode: Decoded addi instruction: 0x39200000
1099750: system.cpu: A0 T0 : 0x10017aec @_int_malloc+700    : li         r9, 0           : IntAlu :  D=0x0000000000000000  flags=(IsInteger)
1100000: global: Decode: Decoded ld instruction: 0xe8ea0000
1100000: system.cpu: A0 T0 : 0x10017af0 @_int_malloc+704    : ld         r7, 0(r10)      : MemRead :  D=0x00000000100b4ff0 A=0x100b4798  flags=(IsInteger|IsLoad)
1100250: global: Decode: Decoded cmpi instruction: 0x2fa70000
1100250: system.cpu: A0 T0 : 0x10017af4 @_int_malloc+708    : cmpdi      cr7, r7, 0      : IntAlu :  D=0x0000000028000484  flags=(IsInteger)
1100500: global: Decode: Decoded bc instruction: 0x419e0018
1100500: system.cpu: A0 T0 : 0x10017af8 @_int_malloc+712    : bc         30, 12, 0x10017b10 : IntAlu :  D=0x0000000000000000  flags=(IsInteger|IsControl|IsDirectControl|IsCondControl)
1100750: global: Decode: Decoded ori instruction: 0x60000000
1100750: system.cpu: A0 T0 : 0x10017afc @_int_malloc+716    : nop                        : IntAlu :  D=0x0000000010019c60  flags=(IsInteger)
1101000: global: Decode: Decoded ld instruction: 0xe9228ad8
1101000: system.cpu: A0 T0 : 0x10017b00 @_int_malloc+720    : ld         r9, -29992(r2)  : MemRead :  D=0x0000000000000040 A=0x100b07d8  flags=(IsInteger|IsLoad)
1101250: global: Decode: Decoded subfc instruction: 0x7d29c010
1101250: system.cpu: A0 T0 : 0x10017b04 @_int_malloc+724    : subfc      r9, r9, r24     : IntAlu :  D=0x0000000000000000  flags=(IsInteger)
1101500: global: Decode: Decoded subfe instruction: 0x7d294910
1101500: system.cpu: A0 T0 : 0x10017b08 @_int_malloc+728    : subfe      r9, r9, r9      : IntAlu :  D=0x0000000000000000  flags=(IsInteger)
1101750: global: Decode: Decoded and instruction: 0x7fe94838
1101750: system.cpu: A0 T0 : 0x10017b0c @_int_malloc+732    : and        r9, r31, r9     : IntAlu :  D=0x0000000000000020  flags=(IsInteger)
1102000: global: Decode: Decoded ori instruction: 0x60000000
1102000: system.cpu: A0 T0 : 0x10017b10 @_int_malloc+736    : nop                        : IntAlu :  D=0x0000000010019c60  flags=(IsInteger)
1102250: global: Decode: Decoded cmpi instruction: 0x2e290000
1102250: system.cpu: A0 T0 : 0x10017b14 @_int_malloc+740    : cmpdi      cr4, r9, 0      : IntAlu :  D=0x0000000028004484  flags=(IsInteger)
1102500: global: Decode: Decoded std instruction: 0xfa210090
1102500: system.cpu: A0 T0 : 0x10017b18 @_int_malloc+744    : std        r17, 144(r1)    : MemWrite :  D=0x0000000000000000 A=0x7fffffffe6e0  flags=(IsInteger|IsStore)
1102750: global: Decode: Decoded std instruction: 0xfaa10098
1102750: system.cpu: A0 T0 : 0x10017b1c @_int_malloc+748    : std        r21, 152(r1)    : MemWrite :  D=0x0000000000000000 A=0x7fffffffe6e8  flags=(IsInteger|IsStore)
1103000: global: Decode: Decoded addi instruction: 0x3b428a88
1103000: system.cpu: A0 T0 : 0x10017b20 @_int_malloc+752    : subi       r26, r2, 30072  : IntAlu :  D=0x00000000100b0788  flags=(IsInteger)
1103250: global: Decode: Decoded addi instruction: 0x3b7e0060
1103250: system.cpu: A0 T0 : 0x10017b24 @_int_malloc+756    : addi       r27, r30, 96    : IntAlu :  D=0x00000000100b0858  flags=(IsInteger)
1103500: global: Decode: Decoded addi instruction: 0x393a0070
1103500: system.cpu: A0 T0 : 0x10017b28 @_int_malloc+760    : addi       r9, r26, 112    : IntAlu :  D=0x00000000100b07f8  flags=(IsInteger)
1103750: global: Decode: Decoded addi instruction: 0x3a400000
1103750: system.cpu: A0 T0 : 0x10017b2c @_int_malloc+764    : li         r18, 0          : IntAlu :  D=0x0000000000000000  flags=(IsInteger)
1104000: global: Decode: Decoded cmp instruction: 0x7dbe4800
1104000: system.cpu: A0 T0 : 0x10017b30 @_int_malloc+768    : cmpd       cr3, r30, r9    : IntAlu :  D=0x0000000028024484  flags=(IsInteger)
1104250: global: Decode: Decoded addi instruction: 0x393f0020
1104250: system.cpu: A0 T0 : 0x10017b34 @_int_malloc+772    : addi       r9, r31, 32     : IntAlu :  D=0x0000000000000040  flags=(IsInteger)
1104500: global: Decode: Decoded addi instruction: 0x39e00001
1104500: system.cpu: A0 T0 : 0x10017b38 @_int_malloc+776    : li         r15, 1          : IntAlu :  D=0x0000000000000001  flags=(IsInteger)
1104750: global: Decode: Decoded rldicr instruction: 0x7b131f24
1104750: system.cpu: A0 T0 : 0x10017b3c @_int_malloc+780    : rldicr     r19, r24, 3, 60 : IntAlu :  D=0x0000000000000000  flags=(IsInteger)
1105000: global: Decode: Decoded std instruction: 0xf9210080
1105000: system.cpu: A0 T0 : 0x10017b40 @_int_malloc+784    : std        r9, 128(r1)     : MemWrite :  D=0x0000000000000040 A=0x7fffffffe6d0  flags=(IsInteger|IsStore)
1105250: global: Decode: Decoded ld instruction: 0xe89a0068
1105250: system.cpu: A0 T0 : 0x10017b44 @_int_malloc+788    : ld         r4, 104(r26)    : MemRead :  D=0x0000000000000000 A=0x100b07f0  flags=(IsInteger|IsLoad)
1105500: global: Decode: Decoded ld instruction: 0xea3a0060
1105500: system.cpu: A0 T0 : 0x10017b48 @_int_malloc+792    : ld         r17, 96(r26)    : MemRead :  D=0x0000000000000007 A=0x100b07e8  flags=(IsInteger|IsLoad)
1105750: global: Decode: Decoded ld instruction: 0xe95e0078
1105750: system.cpu: A0 T0 : 0x10017b4c @_int_malloc+796    : ld         r10, 120(r30)   : MemRead :  D=0x00000000100b0858 A=0x100b0870  flags=(IsInteger|IsLoad)
1106000: global: Decode: Decoded addi instruction: 0x38c00000
1106000: system.cpu: A0 T0 : 0x10017b50 @_int_malloc+800    : li         r6, 0           : IntAlu :  D=0x0000000000000000  flags=(IsInteger)
1106250: global: Decode: Decoded addi instruction: 0x38000000
1106250: system.cpu: A0 T0 : 0x10017b54 @_int_malloc+804    : li         r0, 0           : IntAlu :  D=0x0000000000000000  flags=(IsInteger)
1106500: global: Decode: Decoded add instruction: 0x7ea79a14
1106500: system.cpu: A0 T0 : 0x10017b58 @_int_malloc+808    : add        r21, r7, r19    : IntAlu :  D=0x00000000100b4ff0  flags=(IsInteger)
1106750: global: Decode: Decoded cmpi instruction: 0x2ea40000
1106750: system.cpu: A0 T0 : 0x10017b5c @_int_malloc+812    : cmpdi      cr5, r4, 0      : IntAlu :  D=0x0000000028024284  flags=(IsInteger)
1107000: global: Decode: Decoded cmpl instruction: 0x7fbb5040
1107000: system.cpu: A0 T0 : 0x10017b60 @_int_malloc+816    : cmpld      cr7, r27, r10   : IntAlu :  D=0x0000000028024282  flags=(IsInteger)
1107250: global: Decode: Decoded bc instruction: 0x419e0b6c
1107250: system.cpu: A0 T0 : 0x10017b64 @_int_malloc+820    : bc         30, 12, 0x100186d0 : IntAlu :  D=0x0000000000000000  flags=(IsInteger|IsControl|IsDirectControl|IsCondControl)
1107500: global: Decode: Decoded cmpi instruction: 0x2fa00000
1107500: system.cpu: A0 T0 : 0x100186d0 @_int_malloc+3744    : cmpdi      cr7, r0, 0      : IntAlu :  D=0x0000000028024282  flags=(IsInteger)
1107750: global: Decode: Decoded bc instruction: 0x419ef93c
1107750: system.cpu: A0 T0 : 0x100186d4 @_int_malloc+3748    : bc         30, 12, 0x10018010 : IntAlu :  D=0x0000000000000000  flags=(IsInteger|IsControl|IsDirectControl|IsCondControl)
1108000: global: Decode: Decoded cmpli instruction: 0x2bbf03ff
1108000: system.cpu: A0 T0 : 0x10018010 @_int_malloc+2016    : cmpldi     cr7, r31, 1023  : IntAlu :  D=0x0000000028024288  flags=(IsInteger)
1108250: global: Decode: Decoded bc instruction: 0x409d0038
1108250: system.cpu: A0 T0 : 0x10018014 @_int_malloc+2020    : bc         29, 4, 0x1001804c : IntAlu :  D=0x0000000000000000  flags=(IsInteger|IsControl|IsDirectControl|IsCondControl)
1108500: global: Decode: Decoded addi instruction: 0x393c0001
1108500: system.cpu: A0 T0 : 0x1001804c @_int_malloc+2076    : addi       r9, r28, 1      : IntAlu :  D=0x0000000000000003  flags=(IsInteger)
1108750: global: Decode: Decoded rldic instruction: 0x7b862748
1108750: system.cpu: A0 T0 : 0x10018050 @_int_malloc+2080    : rldic      r6, r28, 4, 29  : IntAlu :  D=0x0000000000000020  flags=(IsInteger)
1109000: global: Decode: Decoded rldicl instruction: 0x7928d962
1109000: system.cpu: A0 T0 : 0x10018054 @_int_malloc+2084    : rldicl     r8, r9, 59, 37  : IntAlu :  D=0x0000000000000000  flags=(IsInteger)
1109250: global: Decode: Decoded addi instruction: 0x38c60060
1109250: system.cpu: A0 T0 : 0x10018058 @_int_malloc+2088    : addi       r6, r6, 96      : IntAlu :  D=0x0000000000000080  flags=(IsInteger)
1109500: global: Decode: Decoded addi instruction: 0x38a80218
1109500: system.cpu: A0 T0 : 0x1001805c @_int_malloc+2092    : addi       r5, r8, 536     : IntAlu :  D=0x0000000000000218  flags=(IsInteger)
1109750: global: Decode: Decoded rlwinm instruction: 0x552906fe
1109750: system.cpu: A0 T0 : 0x10018060 @_int_malloc+2096    : clrlwi     r9, r9, 27      : IntAlu :  D=0x0000000000000003  flags=(IsInteger)
1110000: global: Decode: Decoded rldicr instruction: 0x78aa1764
1110000: system.cpu: A0 T0 : 0x10018064 @_int_malloc+2100    : rldicr     r10, r5, 2, 61  : IntAlu :  D=0x0000000000000860  flags=(IsInteger)
1110250: global: Decode: Decoded add instruction: 0x7cde3214
1110250: system.cpu: A0 T0 : 0x10018068 @_int_malloc+2104    : add        r6, r30, r6     : IntAlu :  D=0x00000000100b0878  flags=(IsInteger)
1110500: global: Decode: Decoded slw instruction: 0x7de94830
1110500: system.cpu: A0 T0 : 0x1001806c @_int_malloc+2108    : slw        r9, r15, r9     : IntAlu :  D=0x0000000000000008  flags=(IsInteger)
1110750: global: Decode: Decoded lwzx instruction: 0x7cfe502e
1110750: system.cpu: A0 T0 : 0x10018070 @_int_malloc+2112    : lwzx       r7, r30, r10    : MemRead :  D=0x0000000000000000 A=0x100b1058  flags=(IsInteger|IsLoad)
1111000: global: Decode: Decoded cmpl instruction: 0x7f893840
1111000: system.cpu: A0 T0 : 0x10018074 @_int_malloc+2116    : cmplw      cr7, r9, r7     : IntAlu :  D=0x0000000028024284  flags=(IsInteger)
1111250: global: Decode: Decoded bc instruction: 0x419d03e8
1111250: system.cpu: A0 T0 : 0x10018078 @_int_malloc+2120    : bc         29, 12, 0x10018460 : IntAlu :  D=0x0000000000000000  flags=(IsInteger|IsControl|IsDirectControl|IsCondControl)
1111500: global: Decode: Decoded subfic instruction: 0x21280003
1111500: system.cpu: A0 T0 : 0x10018460 @_int_malloc+3120    : subfic     r9, r8, 3       : IntAlu :  D=0x0000000020040000  flags=(IsInteger)
1111750: global: Decode: Decoded rldicl instruction: 0x79290020
1111750: system.cpu: A0 T0 : 0x10018464 @_int_malloc+3124    : clrldi     r9, r9, 32      : IntAlu :  D=0x0000000000000003  flags=(IsInteger)
1112000: global: Decode: Decoded addi instruction: 0x39290001
1112000: system.cpu: A0 T0 : 0x10018468 @_int_malloc+3128    : addi       r9, r9, 1       : IntAlu :  D=0x0000000000000004  flags=(IsInteger)
1112250: global: Decode: Decoded mtctr instruction: 0x7d2903a6
1112250: system.cpu: A0 T0 : 0x1001846c @_int_malloc+3132    : mtctr      r9              : IntAlu :  D=0x0000000000000004  flags=(IsInteger)
1112500: global: Decode: Decoded b instruction: 0x48000024
1112500: system.cpu: A0 T0 : 0x10018470 @_int_malloc+3136    : b          0x10018494      : IntAlu :   flags=(IsControl|IsDirectControl|IsUncondControl)
1112750: global: Decode: Decoded addi instruction: 0x39080001
1112750: system.cpu: A0 T0 : 0x10018494 @_int_malloc+3172    : addi       r8, r8, 1       : IntAlu :  D=0x0000000000000001  flags=(IsInteger)
1113000: global: Decode: Decoded rldicl instruction: 0x79080020
1113000: system.cpu: A0 T0 : 0x10018498 @_int_malloc+3176    : clrldi     r8, r8, 32      : IntAlu :  D=0x0000000000000001  flags=(IsInteger)
1113250: global: Decode: Decoded bc instruction: 0x4200ffe4
1113250: system.cpu: A0 T0 : 0x1001849c @_int_malloc+3180    : bc         0, 16, 0x10018480 : IntAlu :  D=0x0000000000000003  flags=(IsInteger|IsControl|IsDirectControl|IsCondControl)
1113500: global: Decode: Decoded addi instruction: 0x38a80218
1113500: system.cpu: A0 T0 : 0x10018480 @_int_malloc+3152    : addi       r5, r8, 536     : IntAlu :  D=0x0000000000000219  flags=(IsInteger)
1113750: global: Decode: Decoded rldicr instruction: 0x78a91764
1113750: system.cpu: A0 T0 : 0x10018484 @_int_malloc+3156    : rldicr     r9, r5, 2, 61   : IntAlu :  D=0x0000000000000864  flags=(IsInteger)
1114000: global: Decode: Decoded lwzx instruction: 0x7cfe482e
1114000: system.cpu: A0 T0 : 0x10018488 @_int_malloc+3160    : lwzx       r7, r30, r9     : MemRead :  D=0x0000000000000000 A=0x100b105c  flags=(IsInteger|IsLoad)
1114250: global: Decode: Decoded cmpi instruction: 0x2fa70000
1114250: system.cpu: A0 T0 : 0x1001848c @_int_malloc+3164    : cmpdi      cr7, r7, 0      : IntAlu :  D=0x0000000028024282  flags=(IsInteger)
1114500: global: Decode: Decoded bc instruction: 0x409e0220
1114500: system.cpu: A0 T0 : 0x10018490 @_int_malloc+3168    : bc         30, 4, 0x100186b0 : IntAlu :  D=0x0000000000000003  flags=(IsInteger|IsControl|IsDirectControl|IsCondControl)
1114750: global: Decode: Decoded addi instruction: 0x39080001
1114750: system.cpu: A0 T0 : 0x10018494 @_int_malloc+3172    : addi       r8, r8, 1       : IntAlu :  D=0x0000000000000002  flags=(IsInteger)
1115000: global: Decode: Decoded rldicl instruction: 0x79080020
1115000: system.cpu: A0 T0 : 0x10018498 @_int_malloc+3176    : clrldi     r8, r8, 32      : IntAlu :  D=0x0000000000000002  flags=(IsInteger)
1115250: global: Decode: Decoded bc instruction: 0x4200ffe4
1115250: system.cpu: A0 T0 : 0x1001849c @_int_malloc+3180    : bc         0, 16, 0x10018480 : IntAlu :  D=0x0000000000000002  flags=(IsInteger|IsControl|IsDirectControl|IsCondControl)
1115500: global: Decode: Decoded addi instruction: 0x38a80218
1115500: system.cpu: A0 T0 : 0x10018480 @_int_malloc+3152    : addi       r5, r8, 536     : IntAlu :  D=0x000000000000021a  flags=(IsInteger)
1115750: global: Decode: Decoded rldicr instruction: 0x78a91764
1115750: system.cpu: A0 T0 : 0x10018484 @_int_malloc+3156    : rldicr     r9, r5, 2, 61   : IntAlu :  D=0x0000000000000868  flags=(IsInteger)
1116000: global: Decode: Decoded lwzx instruction: 0x7cfe482e
1116000: system.cpu: A0 T0 : 0x10018488 @_int_malloc+3160    : lwzx       r7, r30, r9     : MemRead :  D=0x0000000000000000 A=0x100b1060  flags=(IsInteger|IsLoad)
1116250: global: Decode: Decoded cmpi instruction: 0x2fa70000
1116250: system.cpu: A0 T0 : 0x1001848c @_int_malloc+3164    : cmpdi      cr7, r7, 0      : IntAlu :  D=0x0000000028024282  flags=(IsInteger)
1116500: global: Decode: Decoded bc instruction: 0x409e0220
1116500: system.cpu: A0 T0 : 0x10018490 @_int_malloc+3168    : bc         30, 4, 0x100186b0 : IntAlu :  D=0x0000000000000002  flags=(IsInteger|IsControl|IsDirectControl|IsCondControl)
1116750: global: Decode: Decoded addi instruction: 0x39080001
1116750: system.cpu: A0 T0 : 0x10018494 @_int_malloc+3172    : addi       r8, r8, 1       : IntAlu :  D=0x0000000000000003  flags=(IsInteger)
1117000: global: Decode: Decoded rldicl instruction: 0x79080020
1117000: system.cpu: A0 T0 : 0x10018498 @_int_malloc+3176    : clrldi     r8, r8, 32      : IntAlu :  D=0x0000000000000003  flags=(IsInteger)
1117250: global: Decode: Decoded bc instruction: 0x4200ffe4
1117250: system.cpu: A0 T0 : 0x1001849c @_int_malloc+3180    : bc         0, 16, 0x10018480 : IntAlu :  D=0x0000000000000001  flags=(IsInteger|IsControl|IsDirectControl|IsCondControl)
1117500: global: Decode: Decoded addi instruction: 0x38a80218
1117500: system.cpu: A0 T0 : 0x10018480 @_int_malloc+3152    : addi       r5, r8, 536     : IntAlu :  D=0x000000000000021b  flags=(IsInteger)
1117750: global: Decode: Decoded rldicr instruction: 0x78a91764
1117750: system.cpu: A0 T0 : 0x10018484 @_int_malloc+3156    : rldicr     r9, r5, 2, 61   : IntAlu :  D=0x000000000000086c  flags=(IsInteger)
1118000: global: Decode: Decoded lwzx instruction: 0x7cfe482e
1118000: system.cpu: A0 T0 : 0x10018488 @_int_malloc+3160    : lwzx       r7, r30, r9     : MemRead :  D=0x0000000000000000 A=0x100b1064  flags=(IsInteger|IsLoad)
1118250: global: Decode: Decoded cmpi instruction: 0x2fa70000
1118250: system.cpu: A0 T0 : 0x1001848c @_int_malloc+3164    : cmpdi      cr7, r7, 0      : IntAlu :  D=0x0000000028024282  flags=(IsInteger)
1118500: global: Decode: Decoded bc instruction: 0x409e0220
1118500: system.cpu: A0 T0 : 0x10018490 @_int_malloc+3168    : bc         30, 4, 0x100186b0 : IntAlu :  D=0x0000000000000001  flags=(IsInteger|IsControl|IsDirectControl|IsCondControl)
1118750: global: Decode: Decoded addi instruction: 0x39080001
1118750: system.cpu: A0 T0 : 0x10018494 @_int_malloc+3172    : addi       r8, r8, 1       : IntAlu :  D=0x0000000000000004  flags=(IsInteger)
1119000: global: Decode: Decoded rldicl instruction: 0x79080020
1119000: system.cpu: A0 T0 : 0x10018498 @_int_malloc+3176    : clrldi     r8, r8, 32      : IntAlu :  D=0x0000000000000004  flags=(IsInteger)
1119250: global: Decode: Decoded bc instruction: 0x4200ffe4
1119250: system.cpu: A0 T0 : 0x1001849c @_int_malloc+3180    : bc         0, 16, 0x10018480 : IntAlu :  D=0x0000000000000000  flags=(IsInteger|IsControl|IsDirectControl|IsCondControl)
1119500: global: Decode: Decoded ld instruction: 0xe91e0060
1119500: system.cpu: A0 T0 : 0x100184a0 @_int_malloc+3184    : ld         r8, 96(r30)     : MemRead :  D=0x00000000100b5280 A=0x100b0858  flags=(IsInteger|IsLoad)
1119750: global: Decode: Decoded ld instruction: 0xe95e0888
1119750: system.cpu: A0 T0 : 0x100184a4 @_int_malloc+3188    : ld         r10, 2184(r30)  : MemRead :  D=0x0000000000021020 A=0x100b1080  flags=(IsInteger|IsLoad)
1120000: global: Decode: Decoded ld instruction: 0xe9280008
1120000: system.cpu: A0 T0 : 0x100184a8 @_int_malloc+3192    : ld         r9, 8(r8)       : MemRead :  D=0x0000000000020d81 A=0x100b5288  flags=(IsInteger|IsLoad)
1120250: global: Decode: Decoded rldicr instruction: 0x79290724
1120250: system.cpu: A0 T0 : 0x100184ac @_int_malloc+3196    : rldicr     r9, r9, 0, 60   : IntAlu :  D=0x0000000000020d80  flags=(IsInteger)
1120500: global: Decode: Decoded cmpl instruction: 0x7faa4840
1120500: system.cpu: A0 T0 : 0x100184b0 @_int_malloc+3200    : cmpld      cr7, r10, r9    : IntAlu :  D=0x0000000028024284  flags=(IsInteger)
1120750: global: Decode: Decoded bc instruction: 0x419c033c
1120750: system.cpu: A0 T0 : 0x100184b4 @_int_malloc+3204    : bc         28, 12, 0x100187f0 : IntAlu :  D=0x0000000000000000  flags=(IsInteger|IsControl|IsDirectControl|IsCondControl)
1121000: global: Decode: Decoded ld instruction: 0xe9410080
1121000: system.cpu: A0 T0 : 0x100184b8 @_int_malloc+3208    : ld         r10, 128(r1)    : MemRead :  D=0x0000000000000040 A=0x7fffffffe6d0  flags=(IsInteger|IsLoad)
1121250: global: Decode: Decoded cmpl instruction: 0x7faa4840
1121250: system.cpu: A0 T0 : 0x100184bc @_int_malloc+3212    : cmpld      cr7, r10, r9    : IntAlu :  D=0x0000000028024288  flags=(IsInteger)
1121500: global: Decode: Decoded bc instruction: 0x409d03a0
1121500: system.cpu: A0 T0 : 0x100184c0 @_int_malloc+3216    : bc         29, 4, 0x10018860 : IntAlu :  D=0x0000000000000000  flags=(IsInteger|IsControl|IsDirectControl|IsCondControl)
1121750: global: Decode: Decoded addi instruction: 0x3b5a0070
1121750: system.cpu: A0 T0 : 0x10018860 @_int_malloc+4144    : addi       r26, r26, 112   : IntAlu :  D=0x00000000100b07f8  flags=(IsInteger)
1122000: global: Decode: Decoded add instruction: 0x7ca8fa14
1122000: system.cpu: A0 T0 : 0x10018864 @_int_malloc+4148    : add        r5, r8, r31     : IntAlu :  D=0x00000000100b52a0  flags=(IsInteger)
1122250: global: Decode: Decoded cmp instruction: 0x7fbed000
1122250: system.cpu: A0 T0 : 0x10018868 @_int_malloc+4152    : cmpd       cr7, r30, r26   : IntAlu :  D=0x0000000028024282  flags=(IsInteger)
1122500: global: Decode: Decoded subf instruction: 0x7d3f4850
1122500: system.cpu: A0 T0 : 0x1001886c @_int_malloc+4156    : subf       r9, r31, r9     : IntAlu :  D=0x0000000000020d60  flags=(IsInteger)
1122750: global: Decode: Decoded std instruction: 0xf8be0060
1122750: system.cpu: A0 T0 : 0x10018870 @_int_malloc+4160    : std        r5, 96(r30)     : MemWrite :  D=0x00000000100b52a0 A=0x100b0858  flags=(IsInteger|IsStore)
1123000: global: Decode: Decoded addi instruction: 0x39400004
1123000: system.cpu: A0 T0 : 0x10018874 @_int_malloc+4164    : li         r10, 4          : IntAlu :  D=0x0000000000000004  flags=(IsInteger)
1123250: global: Decode: Decoded bc instruction: 0x419e013c
1123250: system.cpu: A0 T0 : 0x10018878 @_int_malloc+4168    : bc         30, 12, 0x100189b4 : IntAlu :  D=0x0000000000000000  flags=(IsInteger|IsControl|IsDirectControl|IsCondControl)
1123500: global: Decode: Decoded addi instruction: 0x39400000
1123500: system.cpu: A0 T0 : 0x100189b4 @_int_malloc+4484    : li         r10, 0          : IntAlu :  D=0x0000000000000000  flags=(IsInteger)
1123750: global: Decode: Decoded b instruction: 0x4bfffec4
1123750: system.cpu: A0 T0 : 0x100189b8 @_int_malloc+4488    : b          0x1001887c      : IntAlu :   flags=(IsControl|IsDirectControl|IsUncondControl)
1124000: global: Decode: Decoded ori instruction: 0x60000000
1124000: system.cpu: A0 T0 : 0x1001887c @_int_malloc+4172    : nop                        : IntAlu :  D=0x0000000000000000  flags=(IsInteger)
1124250: global: Decode: Decoded lwa instruction: 0xe8c2adf2
1124250: system.cpu: A0 T0 : 0x10018880 @_int_malloc+4176    : lwa        r6, -21008(r2)  : MemRead :  D=0x0000000000000000 A=0x100b2af0  flags=(IsInteger|IsLoad)
1124500: global: Decode: Decoded or instruction: 0x7fe75378
1124500: system.cpu: A0 T0 : 0x10018884 @_int_malloc+4180    : or         r7, r31, r10    : IntAlu :  D=0x0000000000000020  flags=(IsInteger)
1124750: global: Decode: Decoded ori instruction: 0x612a0001
1124750: system.cpu: A0 T0 : 0x10018888 @_int_malloc+4184    : ori        r10, r9, 1      : IntAlu :  D=0x0000000000020d61  flags=(IsInteger)
1125000: global: Decode: Decoded ori instruction: 0x60e70001
1125000: system.cpu: A0 T0 : 0x1001888c @_int_malloc+4188    : ori        r7, r7, 1       : IntAlu :  D=0x0000000000000021  flags=(IsInteger)
1125250: global: Decode: Decoded addi instruction: 0x39280010
1125250: system.cpu: A0 T0 : 0x10018890 @_int_malloc+4192    : addi       r9, r8, 16      : IntAlu :  D=0x00000000100b5290  flags=(IsInteger)
1125500: global: Decode: Decoded cmpi instruction: 0x2fa60000
1125500: system.cpu: A0 T0 : 0x10018894 @_int_malloc+4196    : cmpdi      cr7, r6, 0      : IntAlu :  D=0x0000000028024282  flags=(IsInteger)
1125750: global: Decode: Decoded std instruction: 0xf8e80008
1125750: system.cpu: A0 T0 : 0x10018898 @_int_malloc+4200    : std        r7, 8(r8)       : MemWrite :  D=0x0000000000000021 A=0x100b5288  flags=(IsInteger|IsStore)
1126000: global: Decode: Decoded std instruction: 0xf9450008
1126000: system.cpu: A0 T0 : 0x1001889c @_int_malloc+4204    : std        r10, 8(r5)      : MemWrite :  D=0x0000000000020d61 A=0x100b52a8  flags=(IsInteger|IsStore)
1126250: global: Decode: Decoded bc instruction: 0x419ef71c
1126250: system.cpu: A0 T0 : 0x100188a0 @_int_malloc+4208    : bc         30, 12, 0x10017fbc : IntAlu :  D=0x0000000000000000  flags=(IsInteger|IsControl|IsDirectControl|IsCondControl)
1126500: global: Decode: Decoded ld instruction: 0xe9c100b0
1126500: system.cpu: A0 T0 : 0x10017fbc @_int_malloc+1932    : ld         r14, 176(r1)    : MemRead :  D=0x0000000000000000 A=0x7fffffffe700  flags=(IsInteger|IsLoad)
1126750: global: Decode: Decoded ld instruction: 0xe9e100b8
1126750: system.cpu: A0 T0 : 0x10017fc0 @_int_malloc+1936    : ld         r15, 184(r1)    : MemRead :  D=0x0000000000000000 A=0x7fffffffe708  flags=(IsInteger|IsLoad)
1127000: global: Decode: Decoded ld instruction: 0xea0100c0
1127000: system.cpu: A0 T0 : 0x10017fc4 @_int_malloc+1940    : ld         r16, 192(r1)    : MemRead :  D=0x0000000000000000 A=0x7fffffffe710  flags=(IsInteger|IsLoad)
1127250: global: Decode: Decoded ld instruction: 0xea2100c8
1127250: system.cpu: A0 T0 : 0x10017fc8 @_int_malloc+1944    : ld         r17, 200(r1)    : MemRead :  D=0x0000000000000000 A=0x7fffffffe718  flags=(IsInteger|IsLoad)
1127500: global: Decode: Decoded ld instruction: 0xea4100d0
1127500: system.cpu: A0 T0 : 0x10017fcc @_int_malloc+1948    : ld         r18, 208(r1)    : MemRead :  D=0x0000000000000000 A=0x7fffffffe720  flags=(IsInteger|IsLoad)
1127750: global: Decode: Decoded ld instruction: 0xea6100d8
1127750: system.cpu: A0 T0 : 0x10017fd0 @_int_malloc+1952    : ld         r19, 216(r1)    : MemRead :  D=0x0000000000000000 A=0x7fffffffe728  flags=(IsInteger|IsLoad)
1128000: global: Decode: Decoded ld instruction: 0xea8100e0
1128000: system.cpu: A0 T0 : 0x10017fd4 @_int_malloc+1956    : ld         r20, 224(r1)    : MemRead :  D=0x0000000000000000 A=0x7fffffffe730  flags=(IsInteger|IsLoad)
1128250: global: Decode: Decoded ld instruction: 0xeaa100e8
1128250: system.cpu: A0 T0 : 0x10017fd8 @_int_malloc+1960    : ld         r21, 232(r1)    : MemRead :  D=0x0000000000000000 A=0x7fffffffe738  flags=(IsInteger|IsLoad)
1128500: global: Decode: Decoded ld instruction: 0xeac100f0
1128500: system.cpu: A0 T0 : 0x10017fdc @_int_malloc+1964    : ld         r22, 240(r1)    : MemRead :  D=0x0000000000000000 A=0x7fffffffe740  flags=(IsInteger|IsLoad)
1128750: global: Decode: Decoded ld instruction: 0xeb010100
1128750: system.cpu: A0 T0 : 0x10017fe0 @_int_malloc+1968    : ld         r24, 256(r1)    : MemRead :  D=0x00000000100b2b60 A=0x7fffffffe750  flags=(IsInteger|IsLoad)
1129000: global: Decode: Decoded ld instruction: 0xeb210108
1129000: system.cpu: A0 T0 : 0x10017fe4 @_int_malloc+1972    : ld         r25, 264(r1)    : MemRead :  D=0x00000000100b2b70 A=0x7fffffffe758  flags=(IsInteger|IsLoad)
1129250: global: Decode: Decoded ld instruction: 0xeb410110
1129250: system.cpu: A0 T0 : 0x10017fe8 @_int_malloc+1976    : ld         r26, 272(r1)    : MemRead :  D=0x0000000000000000 A=0x7fffffffe760  flags=(IsInteger|IsLoad)
1129500: global: Decode: Decoded ld instruction: 0xeb610118
1129500: system.cpu: A0 T0 : 0x10017fec @_int_malloc+1980    : ld         r27, 280(r1)    : MemRead :  D=0x00000000100b00d8 A=0x7fffffffe768  flags=(IsInteger|IsLoad)
1129750: global: Decode: Decoded ld instruction: 0xeb810120
1129750: system.cpu: A0 T0 : 0x10017ff0 @_int_malloc+1984    : ld         r28, 288(r1)    : MemRead :  D=0x0000000000000000 A=0x7fffffffe770  flags=(IsInteger|IsLoad)
1130000: global: Decode: Decoded ld instruction: 0xe8010150
1130000: system.cpu: A0 T0 : 0x10017ff4 @_int_malloc+1988    : ld         r0, 336(r1)     : MemRead :  D=0x0000000010019c60 A=0x7fffffffe7a0  flags=(IsInteger|IsLoad)
1130250: global: Decode: Decoded mtlr instruction: 0x7c0803a6
1130250: system.cpu: A0 T0 : 0x10017ff8 @_int_malloc+1992    : mtlr       r0              : IntAlu :  D=0x0000000010019c60  flags=(IsInteger)
1130500: global: Decode: Decoded b instruction: 0x4bfff9ac
1130500: system.cpu: A0 T0 : 0x10017ffc @_int_malloc+1996    : b          0x100179a8      : IntAlu :   flags=(IsControl|IsDirectControl|IsUncondControl)
1130750: global: Decode: Decoded addi instruction: 0x38210140
1130750: system.cpu: A0 T0 : 0x100179a8 @_int_malloc+376    : addi       r1, r1, 320     : IntAlu :  D=0x00007fffffffe790  flags=(IsInteger)
1131000: global: Decode: Decoded or instruction: 0x7d234b78
1131000: system.cpu: A0 T0 : 0x100179ac @_int_malloc+380    : mr         r3, r9          : IntAlu :  D=0x00000000100b5290  flags=(IsInteger)
1131250: global: Decode: Decoded lwz instruction: 0x81810008
1131250: system.cpu: A0 T0 : 0x100179b0 @_int_malloc+384    : lwz        r12, 8(r1)      : MemRead :  D=0x0000000028000482 A=0x7fffffffe798  flags=(IsInteger|IsLoad)
1131500: global: Decode: Decoded ld instruction: 0xeae1ffb8
1131500: system.cpu: A0 T0 : 0x100179b4 @_int_malloc+388    : ld         r23, -72(r1)    : MemRead :  D=0x00000000100b3590 A=0x7fffffffe748  flags=(IsInteger|IsLoad)
1131750: global: Decode: Decoded ld instruction: 0xeba1ffe8
1131750: system.cpu: A0 T0 : 0x100179b8 @_int_malloc+392    : ld         r29, -24(r1)    : MemRead :  D=0x0000000000000000 A=0x7fffffffe778  flags=(IsInteger|IsLoad)
1132000: global: Decode: Decoded ld instruction: 0xebc1fff0
1132000: system.cpu: A0 T0 : 0x100179bc @_int_malloc+396    : ld         r30, -16(r1)    : MemRead :  D=0x0000000000000018 A=0x7fffffffe780  flags=(IsInteger|IsLoad)
1132250: global: Decode: Decoded ld instruction: 0xebe1fff8
1132250: system.cpu: A0 T0 : 0x100179c0 @_int_malloc+400    : ld         r31, -8(r1)     : MemRead :  D=0x00000000100b07f8 A=0x7fffffffe788  flags=(IsInteger|IsLoad)
1132500: global: Decode: Decoded mtocrf instruction: 0x7d910120
1132500: system.cpu: A0 T0 : 0x100179c4 @_int_malloc+404    : mtocrf     r32, r12, r32   : IntAlu :  D=0x0000000028004282  flags=(IsInteger)
1132750: global: Decode: Decoded mtocrf instruction: 0x7d908120
1132750: system.cpu: A0 T0 : 0x100179c8 @_int_malloc+408    : mtocrf     r32, r12, r32   : IntAlu :  D=0x0000000028000282  flags=(IsInteger)
1133000: global: Decode: Decoded bclr instruction: 0x4e800020
1133000: system.cpu: A0 T0 : 0x100179cc @_int_malloc+412    : bclr       0, 20           : IntAlu :  D=0x0000000000000000  flags=(IsInteger|IsControl|IsIndirectControl|IsCondControl|IsReturn)
1133250: global: Decode: Decoded or instruction: 0x7c7d1b79
1133250: system.cpu: A0 T0 : 0x10019c60 @__libc_malloc+144    : or.        r29, r3, r3     : IntAlu :  D=0x0000000048000282  flags=(IsInteger)
1133500: global: Decode: Decoded bc instruction: 0x4182019c
1133500: system.cpu: A0 T0 : 0x10019c64 @__libc_malloc+148    : bc         2, 12, 0x10019e00 : IntAlu :  D=0x0000000000000000  flags=(IsInteger|IsControl|IsDirectControl|IsCondControl)
1133750: global: Decode: Decoded ld instruction: 0xe93dfff8
1133750: system.cpu: A0 T0 : 0x10019c68 @__libc_malloc+152    : ld         r9, -8(r29)     : MemRead :  D=0x0000000000000021 A=0x100b5288  flags=(IsInteger|IsLoad)
1134000: global: Decode: Decoded andi_ instruction: 0x712a0002
1134000: system.cpu: A0 T0 : 0x10019c6c @__libc_malloc+156    : andi.      r10, r9, 2      : IntAlu :  D=0x0000000028000282  flags=(IsInteger)
1134250: global: Decode: Decoded bc instruction: 0x41820150
1134250: system.cpu: A0 T0 : 0x10019c70 @__libc_malloc+160    : bc         2, 12, 0x10019dc0 : IntAlu :  D=0x0000000000000000  flags=(IsInteger|IsControl|IsDirectControl|IsCondControl)
1134500: global: Decode: Decoded andi_ instruction: 0x71290004
1134500: system.cpu: A0 T0 : 0x10019dc0 @__libc_malloc+496    : andi.      r9, r9, 4       : IntAlu :  D=0x0000000028000282  flags=(IsInteger)
1134750: global: Decode: Decoded bc instruction: 0x4182feb0
1134750: system.cpu: A0 T0 : 0x10019dc4 @__libc_malloc+500    : bc         2, 12, 0x10019c74 : IntAlu :  D=0x0000000000000000  flags=(IsInteger|IsControl|IsDirectControl|IsCondControl)
1135000: global: Decode: Decoded ld instruction: 0xe80100a0
1135000: system.cpu: A0 T0 : 0x10019c74 @__libc_malloc+164    : ld         r0, 160(r1)     : MemRead :  D=0x000000001004df7c A=0x7fffffffe830  flags=(IsInteger|IsLoad)
1135250: global: Decode: Decoded ld instruction: 0xeb810070
1135250: system.cpu: A0 T0 : 0x10019c78 @__libc_malloc+168    : ld         r28, 112(r1)    : MemRead :  D=0x00000000100aa530 A=0x7fffffffe800  flags=(IsInteger|IsLoad)
1135500: global: Decode: Decoded ld instruction: 0xebc10080
1135500: system.cpu: A0 T0 : 0x10019c7c @__libc_malloc+172    : ld         r30, 128(r1)    : MemRead :  D=0x00000000100b35b0 A=0x7fffffffe810  flags=(IsInteger|IsLoad)
1135750: global: Decode: Decoded ld instruction: 0xebe10088
1135750: system.cpu: A0 T0 : 0x10019c80 @__libc_malloc+176    : ld         r31, 136(r1)    : MemRead :  D=0x00007fffffffe820 A=0x7fffffffe818  flags=(IsInteger|IsLoad)
1136000: global: Decode: Decoded mtlr instruction: 0x7c0803a6
1136000: system.cpu: A0 T0 : 0x10019c84 @__libc_malloc+180    : mtlr       r0              : IntAlu :  D=0x000000001004df7c  flags=(IsInteger)
1136250: global: Decode: Decoded addi instruction: 0x38210090
1136250: system.cpu: A0 T0 : 0x10019c88 @__libc_malloc+184    : addi       r1, r1, 144     : IntAlu :  D=0x00007fffffffe820  flags=(IsInteger)
1136500: global: Decode: Decoded or instruction: 0x7fa3eb78
1136500: system.cpu: A0 T0 : 0x10019c8c @__libc_malloc+188    : mr         r3, r29         : IntAlu :  D=0x00000000100b5290  flags=(IsInteger)
1136750: global: Decode: Decoded ld instruction: 0xeba1ffe8
1136750: system.cpu: A0 T0 : 0x10019c90 @__libc_malloc+192    : ld         r29, -24(r1)    : MemRead :  D=0x00000000100b35e8 A=0x7fffffffe808  flags=(IsInteger|IsLoad)
1137000: global: Decode: Decoded bclr instruction: 0x4e800020
1137000: system.cpu: A0 T0 : 0x10019c94 @__libc_malloc+196    : bclr       0, 20           : IntAlu :  D=0x0000000000000000  flags=(IsInteger|IsControl|IsIndirectControl|IsCondControl|IsReturn)
1137250: global: Decode: Decoded ori instruction: 0x60000000
1137250: system.cpu: A0 T0 : 0x1004df7c @_dl_init_paths+108    : nop                        : IntAlu :  D=0x000000001004df7c  flags=(IsInteger)
1137500: global: Decode: Decoded addis instruction: 0x3d22ffff
1137500: system.cpu: A0 T0 : 0x1004df80 @_dl_init_paths+112    : subis      r9, r2, 1       : IntAlu :  D=0x00000000100a7d00  flags=(IsInteger)
1137750: global: Decode: Decoded cmpi instruction: 0x2fa30000
1137750: system.cpu: A0 T0 : 0x1004df84 @_dl_init_paths+116    : cmpdi      cr7, r3, 0      : IntAlu :  D=0x0000000028000284  flags=(IsInteger)
1138000: global: Decode: Decoded std instruction: 0xf8692850
1138000: system.cpu: A0 T0 : 0x1004df88 @_dl_init_paths+120    : std        r3, 10320(r9)   : MemWrite :  D=0x00000000100b5290 A=0x100aa550  flags=(IsInteger|IsStore)
1138250: global: Decode: Decoded bc instruction: 0x419e02a0
1138250: system.cpu: A0 T0 : 0x1004df8c @_dl_init_paths+124    : bc         30, 12, 0x1004e22c : IntAlu :  D=0x0000000000000000  flags=(IsInteger|IsControl|IsDirectControl|IsCondControl)
1138500: global: Decode: Decoded addis instruction: 0x3fc2ffff
1138500: system.cpu: A0 T0 : 0x1004df90 @_dl_init_paths+128    : subis      r30, r2, 1      : IntAlu :  D=0x00000000100a7d00  flags=(IsInteger)
1138750: global: Decode: Decoded ld instruction: 0xebde2840
1138750: system.cpu: A0 T0 : 0x1004df94 @_dl_init_paths+132    : ld         r30, 10304(r30) : MemRead :  D=0x0000000000000004 A=0x100aa540  flags=(IsInteger|IsLoad)
1139000: global: Decode: Decoded addis instruction: 0x3d20cccc
1139000: system.cpu: A0 T0 : 0x1004df98 @_dl_init_paths+136    : lis        r9, -13108      : IntAlu :  D=0xffffffffcccc0000  flags=(IsInteger)
1139250: global: Decode: Decoded or instruction: 0x7c7b1b78
1139250: system.cpu: A0 T0 : 0x1004df9c @_dl_init_paths+140    : mr         r27, r3         : IntAlu :  D=0x00000000100b5290  flags=(IsInteger)
1139500: global: Decode: Decoded ori instruction: 0x6129cccc
1139500: system.cpu: A0 T0 : 0x1004dfa0 @_dl_init_paths+144    : ori        r9, r9, 52428   : IntAlu :  D=0xffffffffcccccccc  flags=(IsInteger)
1139750: global: Decode: Decoded rldicr instruction: 0x792907c6
1139750: system.cpu: A0 T0 : 0x1004dfa4 @_dl_init_paths+148    : rldicr     r9, r9, 32, 31  : IntAlu :  D=0xcccccccc00000000  flags=(IsInteger)
1140000: global: Decode: Decoded oris instruction: 0x6529cccc
1140000: system.cpu: A0 T0 : 0x1004dfa8 @_dl_init_paths+152    : oris       r9, r9, 52428   : IntAlu :  D=0xcccccccccccc0000  flags=(IsInteger)
1140250: global: Decode: Decoded rldicr instruction: 0x7bdd1764
1140250: system.cpu: A0 T0 : 0x1004dfac @_dl_init_paths+156    : rldicr     r29, r30, 2, 61 : IntAlu :  D=0x0000000000000010  flags=(IsInteger)
1140500: global: Decode: Decoded ori instruction: 0x6129cccd
1140500: system.cpu: A0 T0 : 0x1004dfb0 @_dl_init_paths+160    : ori        r9, r9, 52429   : IntAlu :  D=0xcccccccccccccccd  flags=(IsInteger)
1140750: global: Decode: Decoded addi instruction: 0x3bbd004f
1140750: system.cpu: A0 T0 : 0x1004dfb4 @_dl_init_paths+164    : addi       r29, r29, 79    : IntAlu :  D=0x000000000000005f  flags=(IsInteger)
1141000: global: Decode: Decoded mulhdu instruction: 0x7fbd4812
1141000: system.cpu: A0 T0 : 0x1004dfb8 @_dl_init_paths+168    : mulhdu     r29, r29, r9    : IntAlu :  D=0x000000000000004c  flags=(IsInteger)
1141250: global: Decode: Decoded rldicl instruction: 0x7bbdd942
1141250: system.cpu: A0 T0 : 0x1004dfbc @_dl_init_paths+172    : rldicl     r29, r29, 59, 5 : IntAlu :  D=0x0000000000000002  flags=(IsInteger)
1141500: global: Decode: Decoded mulli instruction: 0x1c7d0050
1141500: system.cpu: A0 T0 : 0x1004dfc0 @_dl_init_paths+176    : mulli      r3, r29, 80     : IntAlu :  D=0x00000000000000a0  flags=(IsInteger)
1141750: global: Decode: Decoded b instruction: 0x4bfcbc0d
1141750: system.cpu: A0 T0 : 0x1004dfc4 @_dl_init_paths+180    : bl         malloc          : IntAlu :  D=0x000000001004dfc8  flags=(IsInteger|IsControl|IsDirectControl|IsUncondControl)
1142000: global: Decode: Decoded ori instruction: 0x60000000
1142000: system.cpu: A0 T0 : 0x10019bd0 @__libc_malloc    : nop                        : IntAlu :  D=0x000000001004df7c  flags=(IsInteger)
1142250: global: Decode: Decoded ld instruction: 0xe92293c0
1142250: system.cpu: A0 T0 : 0x10019bd4 @__libc_malloc+4    : ld         r9, -27712(r2)  : MemRead :  D=0x0000000000000000 A=0x100b10c0  flags=(IsInteger|IsLoad)
1142500: global: Decode: Decoded std instruction: 0xfba1ffe8
1142500: system.cpu: A0 T0 : 0x10019bd8 @__libc_malloc+8    : std        r29, -24(r1)    : MemWrite :  D=0x0000000000000002 A=0x7fffffffe808  flags=(IsInteger|IsStore)
1142750: global: Decode: Decoded cmpi instruction: 0x2fa90000
1142750: system.cpu: A0 T0 : 0x10019bdc @__libc_malloc+12    : cmpdi      cr7, r9, 0      : IntAlu :  D=0x0000000028000282  flags=(IsInteger)
1143000: global: Decode: Decoded stdu instruction: 0xf821ff71
1143000: system.cpu: A0 T0 : 0x10019be0 @__libc_malloc+16    : stdu       r1, -144(r1)    : MemWrite :  D=0x00007fffffffe790 A=0x7fffffffe790  flags=(IsInteger|IsStore)
1143250: global: Decode: Decoded bc instruction: 0x409e022c
1143250: system.cpu: A0 T0 : 0x10019be4 @__libc_malloc+20    : bc         30, 4, 0x10019e10 : IntAlu :  D=0x0000000000000000  flags=(IsInteger|IsControl|IsDirectControl|IsCondControl)
1143500: global: Decode: Decoded addi instruction: 0x39230017
1143500: system.cpu: A0 T0 : 0x10019be8 @__libc_malloc+24    : addi       r9, r3, 23      : IntAlu :  D=0x00000000000000b7  flags=(IsInteger)
1143750: global: Decode: Decoded std instruction: 0xfbc10080
1143750: system.cpu: A0 T0 : 0x10019bec @__libc_malloc+28    : std        r30, 128(r1)    : MemWrite :  D=0x0000000000000004 A=0x7fffffffe810  flags=(IsInteger|IsStore)
1144000: global: Decode: Decoded std instruction: 0xfb810070
1144000: system.cpu: A0 T0 : 0x10019bf0 @__libc_malloc+32    : std        r28, 112(r1)    : MemWrite :  D=0x00000000100aa530 A=0x7fffffffe800  flags=(IsInteger|IsStore)
1144250: global: Decode: Decoded or instruction: 0x7c7e1b78
1144250: system.cpu: A0 T0 : 0x10019bf4 @__libc_malloc+36    : mr         r30, r3         : IntAlu :  D=0x00000000000000a0  flags=(IsInteger)
1144500: global: Decode: Decoded cmpli instruction: 0x2ba9001f
1144500: system.cpu: A0 T0 : 0x10019bf8 @__libc_malloc+40    : cmpldi     cr7, r9, 31     : IntAlu :  D=0x0000000028000284  flags=(IsInteger)
1144750: global: Decode: Decoded std instruction: 0xfbe10088
1144750: system.cpu: A0 T0 : 0x10019bfc @__libc_malloc+44    : std        r31, 136(r1)    : MemWrite :  D=0x00007fffffffe820 A=0x7fffffffe818  flags=(IsInteger|IsStore)
1145000: global: Decode: Decoded bc instruction: 0x419d00a0
1145000: system.cpu: A0 T0 : 0x10019c00 @__libc_malloc+48    : bc         29, 12, 0x10019ca0 : IntAlu :  D=0x0000000000000000  flags=(IsInteger|IsControl|IsDirectControl|IsCondControl)
1145250: global: Decode: Decoded rldicr instruction: 0x792906e4
1145250: system.cpu: A0 T0 : 0x10019ca0 @__libc_malloc+208    : rldicr     r9, r9, 0, 59   : IntAlu :  D=0x00000000000000b0  flags=(IsInteger)
1145500: global: Decode: Decoded cmpl instruction: 0x7fa34840
1145500: system.cpu: A0 T0 : 0x10019ca4 @__libc_malloc+212    : cmpld      cr7, r3, r9     : IntAlu :  D=0x0000000028000288  flags=(IsInteger)
1145750: global: Decode: Decoded bc instruction: 0x419d0028
1145750: system.cpu: A0 T0 : 0x10019ca8 @__libc_malloc+216    : bc         29, 12, 0x10019cd0 : IntAlu :  D=0x0000000000000000  flags=(IsInteger|IsControl|IsDirectControl|IsCondControl)
1146000: global: Decode: Decoded addi instruction: 0x3940ffbf
1146000: system.cpu: A0 T0 : 0x10019cac @__libc_malloc+220    : li         r10, -65        : IntAlu :  D=0xffffffffffffffbf  flags=(IsInteger)
1146250: global: Decode: Decoded cmpl instruction: 0x7fa95040
1146250: system.cpu: A0 T0 : 0x10019cb0 @__libc_malloc+224    : cmpld      cr7, r9, r10    : IntAlu :  D=0x0000000028000288  flags=(IsInteger)
1146500: global: Decode: Decoded bc instruction: 0x419d001c
1146500: system.cpu: A0 T0 : 0x10019cb4 @__libc_malloc+228    : bc         29, 12, 0x10019cd0 : IntAlu :  D=0x0000000000000000  flags=(IsInteger|IsControl|IsDirectControl|IsCondControl)
1146750: global: Decode: Decoded addi instruction: 0x3be9ffef
1146750: system.cpu: A0 T0 : 0x10019cb8 @__libc_malloc+232    : subi       r31, r9, 17     : IntAlu :  D=0x000000000000009f  flags=(IsInteger)
1147000: global: Decode: Decoded rldicl instruction: 0x7bfce102
1147000: system.cpu: A0 T0 : 0x10019cbc @__libc_malloc+236    : rldicl     r28, r31, 60, 4 : IntAlu :  D=0x0000000000000009  flags=(IsInteger)
1147250: global: Decode: Decoded b instruction: 0x4bffff54
1147250: system.cpu: A0 T0 : 0x10019cc0 @__libc_malloc+240    : b          0x10019c14      : IntAlu :   flags=(IsControl|IsDirectControl|IsUncondControl)
1147500: global: Decode: Decoded ori instruction: 0x60000000
1147500: system.cpu: A0 T0 : 0x10019c14 @__libc_malloc+68    : nop                        : IntAlu :  D=0x000000001004df7c  flags=(IsInteger)
1147750: global: Decode: Decoded addi instruction: 0x392d9028
1147750: system.cpu: A0 T0 : 0x10019c18 @__libc_malloc+72    : subi       r9, r13, 28632  : IntAlu :  D=0x00000000100b4798  flags=(IsInteger)
1148000: global: Decode: Decoded ld instruction: 0xe9490000
1148000: system.cpu: A0 T0 : 0x10019c1c @__libc_malloc+76    : ld         r10, 0(r9)      : MemRead :  D=0x00000000100b4ff0 A=0x100b4798  flags=(IsInteger|IsLoad)
1148250: global: Decode: Decoded cmpi instruction: 0x2faa0000
1148250: system.cpu: A0 T0 : 0x10019c20 @__libc_malloc+80    : cmpdi      cr7, r10, 0     : IntAlu :  D=0x0000000028000284  flags=(IsInteger)
1148500: global: Decode: Decoded bc instruction: 0x419e00ec
1148500: system.cpu: A0 T0 : 0x10019c24 @__libc_malloc+84    : bc         30, 12, 0x10019d10 : IntAlu :  D=0x0000000000000000  flags=(IsInteger|IsControl|IsDirectControl|IsCondControl)
1148750: global: Decode: Decoded ori instruction: 0x60000000
1148750: system.cpu: A0 T0 : 0x10019c28 @__libc_malloc+88    : nop                        : IntAlu :  D=0x000000001004df7c  flags=(IsInteger)
1149000: global: Decode: Decoded ld instruction: 0xe9228ad8
1149000: system.cpu: A0 T0 : 0x10019c2c @__libc_malloc+92    : ld         r9, -29992(r2)  : MemRead :  D=0x0000000000000040 A=0x100b07d8  flags=(IsInteger|IsLoad)
1149250: global: Decode: Decoded cmpl instruction: 0x7fa9e040
1149250: system.cpu: A0 T0 : 0x10019c30 @__libc_malloc+96    : cmpld      cr7, r9, r28    : IntAlu :  D=0x0000000028000284  flags=(IsInteger)
1149500: global: Decode: Decoded bc instruction: 0x419d012c
1149500: system.cpu: A0 T0 : 0x10019c34 @__libc_malloc+100    : bc         29, 12, 0x10019d60 : IntAlu :  D=0x0000000000000000  flags=(IsInteger|IsControl|IsDirectControl|IsCondControl)
1149750: global: Decode: Decoded rldicr instruction: 0x7b891f24
1149750: system.cpu: A0 T0 : 0x10019d60 @__libc_malloc+400    : rldicr     r9, r28, 3, 60  : IntAlu :  D=0x0000000000000048  flags=(IsInteger)
1150000: global: Decode: Decoded add instruction: 0x7d2a4a14
1150000: system.cpu: A0 T0 : 0x10019d64 @__libc_malloc+404    : add        r9, r10, r9     : IntAlu :  D=0x00000000100b5038  flags=(IsInteger)
1150250: global: Decode: Decoded ld instruction: 0xeba90040
1150250: system.cpu: A0 T0 : 0x10019d68 @__libc_malloc+408    : ld         r29, 64(r9)     : MemRead :  D=0x0000000000000000 A=0x100b5078  flags=(IsInteger|IsLoad)
1150500: global: Decode: Decoded cmpi instruction: 0x2fbd0000
1150500: system.cpu: A0 T0 : 0x10019d6c @__libc_malloc+412    : cmpdi      cr7, r29, 0     : IntAlu :  D=0x0000000028000282  flags=(IsInteger)
1150750: global: Decode: Decoded bc instruction: 0x419efec8
1150750: system.cpu: A0 T0 : 0x10019d70 @__libc_malloc+416    : bc         30, 12, 0x10019c38 : IntAlu :  D=0x0000000000000000  flags=(IsInteger|IsControl|IsDirectControl|IsCondControl)
1151000: global: Decode: Decoded mflr instruction: 0x7c0802a6
1151000: system.cpu: A0 T0 : 0x10019c38 @__libc_malloc+104    : mflr       r0              : IntAlu :  D=0x000000001004dfc8  flags=(IsInteger)
1151250: global: Decode: Decoded std instruction: 0xf80100a0
1151250: system.cpu: A0 T0 : 0x10019c3c @__libc_malloc+108    : std        r0, 160(r1)     : MemWrite :  D=0x000000001004dfc8 A=0x7fffffffe830  flags=(IsInteger|IsStore)
1151500: global: Decode: Decoded lwz instruction: 0x812d8890
1151500: system.cpu: A0 T0 : 0x10019c40 @__libc_malloc+112    : lwz        r9, -30576(r13) : MemRead :  D=0x0000000000000000 A=0x100b4000  flags=(IsInteger|IsLoad)
1151750: global: Decode: Decoded cmpi instruction: 0x2f890000
1151750: system.cpu: A0 T0 : 0x10019c44 @__libc_malloc+116    : cmpwi      cr7, r9, 0      : IntAlu :  D=0x0000000028000282  flags=(IsInteger)
1152000: global: Decode: Decoded bc instruction: 0x409e0208
1152000: system.cpu: A0 T0 : 0x10019c48 @__libc_malloc+120    : bc         30, 4, 0x10019e50 : IntAlu :  D=0x0000000000000000  flags=(IsInteger|IsControl|IsDirectControl|IsCondControl)
1152250: global: Decode: Decoded ori instruction: 0x60000000
1152250: system.cpu: A0 T0 : 0x10019c4c @__libc_malloc+124    : nop                        : IntAlu :  D=0x000000001004dfc8  flags=(IsInteger)
1152500: global: Decode: Decoded or instruction: 0x7fc4f378
1152500: system.cpu: A0 T0 : 0x10019c50 @__libc_malloc+128    : mr         r4, r30         : IntAlu :  D=0x00000000000000a0  flags=(IsInteger)
1152750: global: Decode: Decoded addi instruction: 0x3be28af8
1152750: system.cpu: A0 T0 : 0x10019c54 @__libc_malloc+132    : subi       r31, r2, 29960  : IntAlu :  D=0x00000000100b07f8  flags=(IsInteger)
1153000: global: Decode: Decoded or instruction: 0x7fe3fb78
1153000: system.cpu: A0 T0 : 0x10019c58 @__libc_malloc+136    : mr         r3, r31         : IntAlu :  D=0x00000000100b07f8  flags=(IsInteger)
1153250: global: Decode: Decoded b instruction: 0x4bffdbd5
1153250: system.cpu: A0 T0 : 0x10019c5c @__libc_malloc+140    : bl         _int_malloc     : IntAlu :  D=0x0000000010019c60  flags=(IsInteger|IsControl|IsDirectControl|IsUncondControl)
1153500: global: Decode: Decoded mfcr instruction: 0x7d800026
1153500: system.cpu: A0 T0 : 0x10017830 @_int_malloc    : mfcr       r12             : IntAlu :  D=0x0000000028000282  flags=(IsInteger)
1153750: global: Decode: Decoded std instruction: 0xfbe1fff8
1153750: system.cpu: A0 T0 : 0x10017834 @_int_malloc+4    : std        r31, -8(r1)     : MemWrite :  D=0x00000000100b07f8 A=0x7fffffffe788  flags=(IsInteger|IsStore)
1154000: global: Decode: Decoded addi instruction: 0x3be40017
1154000: system.cpu: A0 T0 : 0x10017838 @_int_malloc+8    : addi       r31, r4, 23     : IntAlu :  D=0x00000000000000b7  flags=(IsInteger)
1154250: global: Decode: Decoded std instruction: 0xfba1ffe8
1154250: system.cpu: A0 T0 : 0x1001783c @_int_malloc+12    : std        r29, -24(r1)    : MemWrite :  D=0x0000000000000000 A=0x7fffffffe778  flags=(IsInteger|IsStore)
1154500: global: Decode: Decoded or instruction: 0x7c9d2378
1154500: system.cpu: A0 T0 : 0x10017840 @_int_malloc+16    : mr         r29, r4         : IntAlu :  D=0x00000000000000a0  flags=(IsInteger)
1154750: global: Decode: Decoded cmpli instruction: 0x2bbf001f
1154750: system.cpu: A0 T0 : 0x10017844 @_int_malloc+20    : cmpldi     cr7, r31, 31    : IntAlu :  D=0x0000000028000284  flags=(IsInteger)
1155000: global: Decode: Decoded std instruction: 0xfbc1fff0
1155000: system.cpu: A0 T0 : 0x10017848 @_int_malloc+24    : std        r30, -16(r1)    : MemWrite :  D=0x00000000000000a0 A=0x7fffffffe780  flags=(IsInteger|IsStore)
1155250: global: Decode: Decoded std instruction: 0xfae1ffb8
1155250: system.cpu: A0 T0 : 0x1001784c @_int_malloc+28    : std        r23, -72(r1)    : MemWrite :  D=0x00000000100b3590 A=0x7fffffffe748  flags=(IsInteger|IsStore)
1155500: global: Decode: Decoded or instruction: 0x7c7e1b78
1155500: system.cpu: A0 T0 : 0x10017850 @_int_malloc+32    : mr         r30, r3         : IntAlu :  D=0x00000000100b07f8  flags=(IsInteger)
1155750: global: Decode: Decoded stw instruction: 0x91810008
1155750: system.cpu: A0 T0 : 0x10017854 @_int_malloc+36    : stw        r12, 8(r1)      : MemWrite :  D=0x0000000028000282 A=0x7fffffffe798  flags=(IsInteger|IsStore)
1156000: global: Decode: Decoded stdu instruction: 0xf821fec1
1156000: system.cpu: A0 T0 : 0x10017858 @_int_malloc+40    : stdu       r1, -320(r1)    : MemWrite :  D=0x00007fffffffe650 A=0x7fffffffe650  flags=(IsInteger|IsStore)
1156250: global: Decode: Decoded bc instruction: 0x419d0174
1156250: system.cpu: A0 T0 : 0x1001785c @_int_malloc+44    : bc         29, 12, 0x100179d0 : IntAlu :  D=0x0000000000000000  flags=(IsInteger|IsControl|IsDirectControl|IsCondControl)
1156500: global: Decode: Decoded rldicr instruction: 0x7bff06e4
1156500: system.cpu: A0 T0 : 0x100179d0 @_int_malloc+416    : rldicr     r31, r31, 0, 59 : IntAlu :  D=0x00000000000000b0  flags=(IsInteger)
1156750: global: Decode: Decoded cmpl instruction: 0x7fa4f840
1156750: system.cpu: A0 T0 : 0x100179d4 @_int_malloc+420    : cmpld      cr7, r4, r31    : IntAlu :  D=0x0000000028000288  flags=(IsInteger)
1157000: global: Decode: Decoded bc instruction: 0x419dffb8
1157000: system.cpu: A0 T0 : 0x100179d8 @_int_malloc+424    : bc         29, 12, 0x10017990 : IntAlu :  D=0x0000000000000000  flags=(IsInteger|IsControl|IsDirectControl|IsCondControl)
1157250: global: Decode: Decoded addi instruction: 0x3920ffbf
1157250: system.cpu: A0 T0 : 0x100179dc @_int_malloc+428    : li         r9, -65         : IntAlu :  D=0xffffffffffffffbf  flags=(IsInteger)
1157500: global: Decode: Decoded cmpl instruction: 0x7fbf4840
1157500: system.cpu: A0 T0 : 0x100179e0 @_int_malloc+432    : cmpld      cr7, r31, r9    : IntAlu :  D=0x0000000028000288  flags=(IsInteger)
1157750: global: Decode: Decoded bc instruction: 0x419dffac
1157750: system.cpu: A0 T0 : 0x100179e4 @_int_malloc+436    : bc         29, 12, 0x10017990 : IntAlu :  D=0x0000000000000000  flags=(IsInteger|IsControl|IsDirectControl|IsCondControl)
1158000: global: Decode: Decoded cmpi instruction: 0x2fa30000
1158000: system.cpu: A0 T0 : 0x100179e8 @_int_malloc+440    : cmpdi      cr7, r3, 0      : IntAlu :  D=0x0000000028000284  flags=(IsInteger)
1158250: global: Decode: Decoded bc instruction: 0x419e0944
1158250: system.cpu: A0 T0 : 0x100179ec @_int_malloc+444    : bc         30, 12, 0x10018330 : IntAlu :  D=0x0000000000000000  flags=(IsInteger|IsControl|IsDirectControl|IsCondControl)
1158500: global: Decode: Decoded ori instruction: 0x60000000
1158500: system.cpu: A0 T0 : 0x100179f0 @_int_malloc+448    : nop                        : IntAlu :  D=0x000000001004dfc8  flags=(IsInteger)
1158750: global: Decode: Decoded ld instruction: 0xe922ae10
1158750: system.cpu: A0 T0 : 0x100179f4 @_int_malloc+452    : ld         r9, -20976(r2)  : MemRead :  D=0x0000000000000080 A=0x100b2b10  flags=(IsInteger|IsLoad)
1159000: global: Decode: Decoded rlwinm instruction: 0x57eae13e
1159000: system.cpu: A0 T0 : 0x100179f8 @_int_malloc+456    : rlwinm     r10, r31, 28, 4, 31 : IntAlu :  D=0x000000000000000b  flags=(IsInteger)
1159250: global: Decode: Decoded rldicl instruction: 0x79570020
1159250: system.cpu: A0 T0 : 0x100179fc @_int_malloc+460    : clrldi     r23, r10, 32    : IntAlu :  D=0x000000000000000b  flags=(IsInteger)
1159500: global: Decode: Decoded cmpl instruction: 0x7fbf4840
1159500: system.cpu: A0 T0 : 0x10017a00 @_int_malloc+464    : cmpld      cr7, r31, r9    : IntAlu :  D=0x0000000028000284  flags=(IsInteger)
1159750: global: Decode: Decoded bc instruction: 0x409d048c
1159750: system.cpu: A0 T0 : 0x10017a04 @_int_malloc+468    : bc         29, 4, 0x10017e90 : IntAlu :  D=0x0000000000000000  flags=(IsInteger|IsControl|IsDirectControl|IsCondControl)
1160000: global: Decode: Decoded cmpli instruction: 0x2bbf03ff
1160000: system.cpu: A0 T0 : 0x10017a08 @_int_malloc+472    : cmpldi     cr7, r31, 1023  : IntAlu :  D=0x0000000028000288  flags=(IsInteger)
1160250: global: Decode: Decoded std instruction: 0xf9c100b0
1160250: system.cpu: A0 T0 : 0x10017a0c @_int_malloc+476    : std        r14, 176(r1)    : MemWrite :  D=0x0000000000000000 A=0x7fffffffe700  flags=(IsInteger|IsStore)
1160500: global: Decode: Decoded std instruction: 0xfa0100c0
1160500: system.cpu: A0 T0 : 0x10017a10 @_int_malloc+480    : std        r16, 192(r1)    : MemWrite :  D=0x0000000000000000 A=0x7fffffffe710  flags=(IsInteger|IsStore)
1160750: global: Decode: Decoded std instruction: 0xfa2100c8
1160750: system.cpu: A0 T0 : 0x10017a14 @_int_malloc+484    : std        r17, 200(r1)    : MemWrite :  D=0x0000000000000000 A=0x7fffffffe718  flags=(IsInteger|IsStore)
1161000: global: Decode: Decoded std instruction: 0xfaa100e8
1161000: system.cpu: A0 T0 : 0x10017a18 @_int_malloc+488    : std        r21, 232(r1)    : MemWrite :  D=0x0000000000000000 A=0x7fffffffe738  flags=(IsInteger|IsStore)
1161250: global: Decode: Decoded std instruction: 0xfac100f0
1161250: system.cpu: A0 T0 : 0x10017a1c @_int_malloc+492    : std        r22, 240(r1)    : MemWrite :  D=0x0000000000000000 A=0x7fffffffe740  flags=(IsInteger|IsStore)
1161500: global: Decode: Decoded std instruction: 0xfb210108
1161500: system.cpu: A0 T0 : 0x10017a20 @_int_malloc+496    : std        r25, 264(r1)    : MemWrite :  D=0x00000000100b2b70 A=0x7fffffffe758  flags=(IsInteger|IsStore)
1161750: global: Decode: Decoded std instruction: 0xfb810120
1161750: system.cpu: A0 T0 : 0x10017a24 @_int_malloc+500    : std        r28, 288(r1)    : MemWrite :  D=0x0000000000000009 A=0x7fffffffe770  flags=(IsInteger|IsStore)
1162000: global: Decode: Decoded bc instruction: 0x409d0b98
1162000: system.cpu: A0 T0 : 0x10017a28 @_int_malloc+504    : bc         29, 4, 0x100185c0 : IntAlu :  D=0x0000000000000000  flags=(IsInteger|IsControl|IsDirectControl|IsCondControl)
1162250: global: Decode: Decoded rlwinm instruction: 0x554a083c
1162250: system.cpu: A0 T0 : 0x100185c0 @_int_malloc+3472    : rlwinm     r10, r10, 1, 0, 30 : IntAlu :  D=0x0000000000000016  flags=(IsInteger)
1162500: global: Decode: Decoded ld instruction: 0xe9c100b0
1162500: system.cpu: A0 T0 : 0x100185c4 @_int_malloc+3476    : ld         r14, 176(r1)    : MemRead :  D=0x0000000000000000 A=0x7fffffffe700  flags=(IsInteger|IsLoad)
1162750: global: Decode: Decoded ld instruction: 0xea0100c0
1162750: system.cpu: A0 T0 : 0x100185c8 @_int_malloc+3480    : ld         r16, 192(r1)    : MemRead :  D=0x0000000000000000 A=0x7fffffffe710  flags=(IsInteger|IsLoad)
1163000: global: Decode: Decoded ld instruction: 0xea2100c8
1163000: system.cpu: A0 T0 : 0x100185cc @_int_malloc+3484    : ld         r17, 200(r1)    : MemRead :  D=0x0000000000000000 A=0x7fffffffe718  flags=(IsInteger|IsLoad)
1163250: global: Decode: Decoded ld instruction: 0xeaa100e8
1163250: system.cpu: A0 T0 : 0x100185d0 @_int_malloc+3488    : ld         r21, 232(r1)    : MemRead :  D=0x0000000000000000 A=0x7fffffffe738  flags=(IsInteger|IsLoad)
1163500: global: Decode: Decoded addi instruction: 0x394afffe
1163500: system.cpu: A0 T0 : 0x100185d4 @_int_malloc+3492    : subi       r10, r10, 2     : IntAlu :  D=0x0000000000000014  flags=(IsInteger)
1163750: global: Decode: Decoded ld instruction: 0xeac100f0
1163750: system.cpu: A0 T0 : 0x100185d8 @_int_malloc+3496    : ld         r22, 240(r1)    : MemRead :  D=0x0000000000000000 A=0x7fffffffe740  flags=(IsInteger|IsLoad)
1164000: global: Decode: Decoded ld instruction: 0xeb210108
1164000: system.cpu: A0 T0 : 0x100185dc @_int_malloc+3500    : ld         r25, 264(r1)    : MemRead :  D=0x00000000100b2b70 A=0x7fffffffe758  flags=(IsInteger|IsLoad)
1164250: global: Decode: Decoded ld instruction: 0xeb810120
1164250: system.cpu: A0 T0 : 0x100185e0 @_int_malloc+3504    : ld         r28, 288(r1)    : MemRead :  D=0x0000000000000009 A=0x7fffffffe770  flags=(IsInteger|IsLoad)
1164500: global: Decode: Decoded rldicl instruction: 0x794a0020
1164500: system.cpu: A0 T0 : 0x100185e4 @_int_malloc+3508    : clrldi     r10, r10, 32    : IntAlu :  D=0x0000000000000014  flags=(IsInteger)
1164750: global: Decode: Decoded addi instruction: 0x394a000e
1164750: system.cpu: A0 T0 : 0x100185e8 @_int_malloc+3512    : addi       r10, r10, 14    : IntAlu :  D=0x0000000000000022  flags=(IsInteger)
1165000: global: Decode: Decoded rldicr instruction: 0x794a1f24
1165000: system.cpu: A0 T0 : 0x100185ec @_int_malloc+3516    : rldicr     r10, r10, 3, 60 : IntAlu :  D=0x0000000000000110  flags=(IsInteger)
1165250: global: Decode: Decoded b instruction: 0x4bfff6dc
1165250: system.cpu: A0 T0 : 0x100185f0 @_int_malloc+3520    : b          0x10017ccc      : IntAlu :   flags=(IsControl|IsDirectControl|IsUncondControl)
1165500: global: Decode: Decoded add instruction: 0x7d5e5214
1165500: system.cpu: A0 T0 : 0x10017ccc @_int_malloc+1180    : add        r10, r30, r10   : IntAlu :  D=0x00000000100b0908  flags=(IsInteger)
1165750: global: Decode: Decoded addi instruction: 0x38eafff0
1165750: system.cpu: A0 T0 : 0x10017cd0 @_int_malloc+1184    : subi       r7, r10, 16     : IntAlu :  D=0x00000000100b08f8  flags=(IsInteger)
1166000: global: Decode: Decoded ld instruction: 0xe92a0008
1166000: system.cpu: A0 T0 : 0x10017cd4 @_int_malloc+1188    : ld         r9, 8(r10)      : MemRead :  D=0x00000000100b08f8 A=0x100b0910  flags=(IsInteger|IsLoad)
1166250: global: Decode: Decoded cmpl instruction: 0x7fa74840
1166250: system.cpu: A0 T0 : 0x10017cd8 @_int_malloc+1192    : cmpld      cr7, r7, r9     : IntAlu :  D=0x0000000028000282  flags=(IsInteger)
1166500: global: Decode: Decoded bc instruction: 0x419e0224
1166500: system.cpu: A0 T0 : 0x10017cdc @_int_malloc+1196    : bc         30, 12, 0x10017f00 : IntAlu :  D=0x0000000000000000  flags=(IsInteger|IsControl|IsDirectControl|IsCondControl)
1166750: global: Decode: Decoded mflr instruction: 0x7c0802a6
1166750: system.cpu: A0 T0 : 0x10017f00 @_int_malloc+1744    : mflr       r0              : IntAlu :  D=0x0000000010019c60  flags=(IsInteger)
1167000: global: Decode: Decoded std instruction: 0xfaa100e8
1167000: system.cpu: A0 T0 : 0x10017f04 @_int_malloc+1748    : std        r21, 232(r1)    : MemWrite :  D=0x0000000000000000 A=0x7fffffffe738  flags=(IsInteger|IsStore)
1167250: global: Decode: Decoded rldicl instruction: 0x7bf5ba42
1167250: system.cpu: A0 T0 : 0x10017f08 @_int_malloc+1752    : rldicl     r21, r31, 55, 9 : IntAlu :  D=0x0000000000000000  flags=(IsInteger)
1167500: global: Decode: Decoded std instruction: 0xf9c100b0
1167500: system.cpu: A0 T0 : 0x10017f0c @_int_malloc+1756    : std        r14, 176(r1)    : MemWrite :  D=0x0000000000000000 A=0x7fffffffe700  flags=(IsInteger|IsStore)
1167750: global: Decode: Decoded addi instruction: 0x3935005b
1167750: system.cpu: A0 T0 : 0x10017f10 @_int_malloc+1760    : addi       r9, r21, 91     : IntAlu :  D=0x000000000000005b  flags=(IsInteger)
1168000: global: Decode: Decoded std instruction: 0xfac100f0
1168000: system.cpu: A0 T0 : 0x10017f14 @_int_malloc+1764    : std        r22, 240(r1)    : MemWrite :  D=0x0000000000000000 A=0x7fffffffe740  flags=(IsInteger|IsStore)
1168250: global: Decode: Decoded rldicl instruction: 0x7bf6d182
1168250: system.cpu: A0 T0 : 0x10017f18 @_int_malloc+1768    : rldicl     r22, r31, 58, 6 : IntAlu :  D=0x0000000000000002  flags=(IsInteger)
1168500: global: Decode: Decoded std instruction: 0xfb210108
1168500: system.cpu: A0 T0 : 0x10017f1c @_int_malloc+1772    : std        r25, 264(r1)    : MemWrite :  D=0x00000000100b2b70 A=0x7fffffffe758  flags=(IsInteger|IsStore)
1168750: global: Decode: Decoded rldicl instruction: 0x792e0020
1168750: system.cpu: A0 T0 : 0x10017f20 @_int_malloc+1776    : clrldi     r14, r9, 32     : IntAlu :  D=0x000000000000005b  flags=(IsInteger)
1169000: global: Decode: Decoded addi instruction: 0x3920007c
1169000: system.cpu: A0 T0 : 0x10017f24 @_int_malloc+1780    : li         r9, 124         : IntAlu :  D=0x000000000000007c  flags=(IsInteger)
1169250: global: Decode: Decoded std instruction: 0xfa0100c0
1169250: system.cpu: A0 T0 : 0x10017f28 @_int_malloc+1784    : std        r16, 192(r1)    : MemWrite :  D=0x0000000000000000 A=0x7fffffffe710  flags=(IsInteger|IsStore)
1169500: global: Decode: Decoded std instruction: 0xfa2100c8
1169500: system.cpu: A0 T0 : 0x10017f2c @_int_malloc+1788    : std        r17, 200(r1)    : MemWrite :  D=0x0000000000000000 A=0x7fffffffe718  flags=(IsInteger|IsStore)
1169750: global: Decode: Decoded addi instruction: 0x3b360030
1169750: system.cpu: A0 T0 : 0x10017f30 @_int_malloc+1792    : addi       r25, r22, 48    : IntAlu :  D=0x0000000000000032  flags=(IsInteger)
1170000: global: Decode: Decoded std instruction: 0xfb810120
1170000: system.cpu: A0 T0 : 0x10017f34 @_int_malloc+1796    : std        r28, 288(r1)    : MemWrite :  D=0x0000000000000009 A=0x7fffffffe770  flags=(IsInteger|IsStore)
1170250: global: Decode: Decoded std instruction: 0xf9e100b8
1170250: system.cpu: A0 T0 : 0x10017f38 @_int_malloc+1800    : std        r15, 184(r1)    : MemWrite :  D=0x0000000000000000 A=0x7fffffffe708  flags=(IsInteger|IsStore)
1170500: global: Decode: Decoded or instruction: 0x7efcbb78
1170500: system.cpu: A0 T0 : 0x10017f3c @_int_malloc+1804    : mr         r28, r23        : IntAlu :  D=0x000000000000000b  flags=(IsInteger)
1170750: global: Decode: Decoded std instruction: 0xf9210088
1170750: system.cpu: A0 T0 : 0x10017f40 @_int_malloc+1808    : std        r9, 136(r1)     : MemWrite :  D=0x000000000000007c A=0x7fffffffe6d8  flags=(IsInteger|IsStore)
1171000: global: Decode: Decoded addi instruction: 0x39200077
1171000: system.cpu: A0 T0 : 0x10017f44 @_int_malloc+1812    : li         r9, 119         : IntAlu :  D=0x0000000000000077  flags=(IsInteger)
1171250: global: Decode: Decoded std instruction: 0xfa4100d0
1171250: system.cpu: A0 T0 : 0x10017f48 @_int_malloc+1816    : std        r18, 208(r1)    : MemWrite :  D=0x0000000000000000 A=0x7fffffffe720  flags=(IsInteger|IsStore)
1171500: global: Decode: Decoded rldicl instruction: 0x7b390020
1171500: system.cpu: A0 T0 : 0x10017f4c @_int_malloc+1820    : clrldi     r25, r25, 32    : IntAlu :  D=0x0000000000000032  flags=(IsInteger)
1171750: global: Decode: Decoded std instruction: 0xf8010150
1171750: system.cpu: A0 T0 : 0x10017f50 @_int_malloc+1824    : std        r0, 336(r1)     : MemWrite :  D=0x0000000010019c60 A=0x7fffffffe7a0  flags=(IsInteger|IsStore)
1172000: global: Decode: Decoded std instruction: 0xfa6100d8
1172000: system.cpu: A0 T0 : 0x10017f54 @_int_malloc+1828    : std        r19, 216(r1)    : MemWrite :  D=0x0000000000000000 A=0x7fffffffe728  flags=(IsInteger|IsStore)
1172250: global: Decode: Decoded addi instruction: 0x3a000000
1172250: system.cpu: A0 T0 : 0x10017f58 @_int_malloc+1832    : li         r16, 0          : IntAlu :  D=0x0000000000000000  flags=(IsInteger)
1172500: global: Decode: Decoded addi instruction: 0x3a200000
1172500: system.cpu: A0 T0 : 0x10017f5c @_int_malloc+1836    : li         r17, 0          : IntAlu :  D=0x0000000000000000  flags=(IsInteger)
1172750: global: Decode: Decoded std instruction: 0xf9210078
1172750: system.cpu: A0 T0 : 0x10017f60 @_int_malloc+1840    : std        r9, 120(r1)     : MemWrite :  D=0x0000000000000077 A=0x7fffffffe6c8  flags=(IsInteger|IsStore)
1173000: global: Decode: Decoded addi instruction: 0x3920006e
1173000: system.cpu: A0 T0 : 0x10017f64 @_int_malloc+1844    : li         r9, 110         : IntAlu :  D=0x000000000000006e  flags=(IsInteger)
1173250: global: Decode: Decoded std instruction: 0xfa8100e0
1173250: system.cpu: A0 T0 : 0x10017f68 @_int_malloc+1848    : std        r20, 224(r1)    : MemWrite :  D=0x0000000000000000 A=0x7fffffffe730  flags=(IsInteger|IsStore)
1173500: global: Decode: Decoded std instruction: 0xfb010100
1173500: system.cpu: A0 T0 : 0x10017f6c @_int_malloc+1852    : std        r24, 256(r1)    : MemWrite :  D=0x00000000100b2b60 A=0x7fffffffe750  flags=(IsInteger|IsStore)
1173750: global: Decode: Decoded std instruction: 0xfb410110
1173750: system.cpu: A0 T0 : 0x10017f70 @_int_malloc+1856    : std        r26, 272(r1)    : MemWrite :  D=0x0000000000000000 A=0x7fffffffe760  flags=(IsInteger|IsStore)
1174000: global: Decode: Decoded std instruction: 0xfb610118
1174000: system.cpu: A0 T0 : 0x10017f74 @_int_malloc+1860    : std        r27, 280(r1)    : MemWrite :  D=0x00000000100b5290 A=0x7fffffffe768  flags=(IsInteger|IsStore)
1174250: global: Decode: Decoded std instruction: 0xf9210070
1174250: system.cpu: A0 T0 : 0x10017f78 @_int_malloc+1864    : std        r9, 112(r1)     : MemWrite :  D=0x000000000000006e A=0x7fffffffe6c0  flags=(IsInteger|IsStore)
1174500: global: Decode: Decoded b instruction: 0x4bfffb60
1174500: system.cpu: A0 T0 : 0x10017f7c @_int_malloc+1868    : b          0x10017adc      : IntAlu :   flags=(IsControl|IsDirectControl|IsUncondControl)
1174750: global: Decode: Decoded ori instruction: 0x60000000
1174750: system.cpu: A0 T0 : 0x10017adc @_int_malloc+684    : nop                        : IntAlu :  D=0x0000000010019c60  flags=(IsInteger)
1175000: global: Decode: Decoded addi instruction: 0x3a9fffef
1175000: system.cpu: A0 T0 : 0x10017ae0 @_int_malloc+688    : subi       r20, r31, 17    : IntAlu :  D=0x000000000000009f  flags=(IsInteger)
1175250: global: Decode: Decoded addi instruction: 0x394d9028
1175250: system.cpu: A0 T0 : 0x10017ae4 @_int_malloc+692    : subi       r10, r13, 28632 : IntAlu :  D=0x00000000100b4798  flags=(IsInteger)
1175500: global: Decode: Decoded rldicl instruction: 0x7a98e102
1175500: system.cpu: A0 T0 : 0x10017ae8 @_int_malloc+696    : rldicl     r24, r20, 60, 4 : IntAlu :  D=0x0000000000000009  flags=(IsInteger)
1175750: global: Decode: Decoded addi instruction: 0x39200000
1175750: system.cpu: A0 T0 : 0x10017aec @_int_malloc+700    : li         r9, 0           : IntAlu :  D=0x0000000000000000  flags=(IsInteger)
1176000: global: Decode: Decoded ld instruction: 0xe8ea0000
1176000: system.cpu: A0 T0 : 0x10017af0 @_int_malloc+704    : ld         r7, 0(r10)      : MemRead :  D=0x00000000100b4ff0 A=0x100b4798  flags=(IsInteger|IsLoad)
1176250: global: Decode: Decoded cmpi instruction: 0x2fa70000
1176250: system.cpu: A0 T0 : 0x10017af4 @_int_malloc+708    : cmpdi      cr7, r7, 0      : IntAlu :  D=0x0000000028000284  flags=(IsInteger)
1176500: global: Decode: Decoded bc instruction: 0x419e0018
1176500: system.cpu: A0 T0 : 0x10017af8 @_int_malloc+712    : bc         30, 12, 0x10017b10 : IntAlu :  D=0x0000000000000000  flags=(IsInteger|IsControl|IsDirectControl|IsCondControl)
1176750: global: Decode: Decoded ori instruction: 0x60000000
1176750: system.cpu: A0 T0 : 0x10017afc @_int_malloc+716    : nop                        : IntAlu :  D=0x0000000010019c60  flags=(IsInteger)
1177000: global: Decode: Decoded ld instruction: 0xe9228ad8
1177000: system.cpu: A0 T0 : 0x10017b00 @_int_malloc+720    : ld         r9, -29992(r2)  : MemRead :  D=0x0000000000000040 A=0x100b07d8  flags=(IsInteger|IsLoad)
1177250: global: Decode: Decoded subfc instruction: 0x7d29c010
1177250: system.cpu: A0 T0 : 0x10017b04 @_int_malloc+724    : subfc      r9, r9, r24     : IntAlu :  D=0x0000000000000000  flags=(IsInteger)
1177500: global: Decode: Decoded subfe instruction: 0x7d294910
1177500: system.cpu: A0 T0 : 0x10017b08 @_int_malloc+728    : subfe      r9, r9, r9      : IntAlu :  D=0x0000000000000000  flags=(IsInteger)
1177750: global: Decode: Decoded and instruction: 0x7fe94838
1177750: system.cpu: A0 T0 : 0x10017b0c @_int_malloc+732    : and        r9, r31, r9     : IntAlu :  D=0x00000000000000b0  flags=(IsInteger)
1178000: global: Decode: Decoded ori instruction: 0x60000000
1178000: system.cpu: A0 T0 : 0x10017b10 @_int_malloc+736    : nop                        : IntAlu :  D=0x0000000010019c60  flags=(IsInteger)
1178250: global: Decode: Decoded cmpi instruction: 0x2e290000
1178250: system.cpu: A0 T0 : 0x10017b14 @_int_malloc+740    : cmpdi      cr4, r9, 0      : IntAlu :  D=0x0000000028004284  flags=(IsInteger)
1178500: global: Decode: Decoded std instruction: 0xfa210090
1178500: system.cpu: A0 T0 : 0x10017b18 @_int_malloc+744    : std        r17, 144(r1)    : MemWrite :  D=0x0000000000000000 A=0x7fffffffe6e0  flags=(IsInteger|IsStore)
1178750: global: Decode: Decoded std instruction: 0xfaa10098
1178750: system.cpu: A0 T0 : 0x10017b1c @_int_malloc+748    : std        r21, 152(r1)    : MemWrite :  D=0x0000000000000000 A=0x7fffffffe6e8  flags=(IsInteger|IsStore)
1179000: global: Decode: Decoded addi instruction: 0x3b428a88
1179000: system.cpu: A0 T0 : 0x10017b20 @_int_malloc+752    : subi       r26, r2, 30072  : IntAlu :  D=0x00000000100b0788  flags=(IsInteger)
1179250: global: Decode: Decoded addi instruction: 0x3b7e0060
1179250: system.cpu: A0 T0 : 0x10017b24 @_int_malloc+756    : addi       r27, r30, 96    : IntAlu :  D=0x00000000100b0858  flags=(IsInteger)
1179500: global: Decode: Decoded addi instruction: 0x393a0070
1179500: system.cpu: A0 T0 : 0x10017b28 @_int_malloc+760    : addi       r9, r26, 112    : IntAlu :  D=0x00000000100b07f8  flags=(IsInteger)
1179750: global: Decode: Decoded addi instruction: 0x3a400000
1179750: system.cpu: A0 T0 : 0x10017b2c @_int_malloc+764    : li         r18, 0          : IntAlu :  D=0x0000000000000000  flags=(IsInteger)
1180000: global: Decode: Decoded cmp instruction: 0x7dbe4800
1180000: system.cpu: A0 T0 : 0x10017b30 @_int_malloc+768    : cmpd       cr3, r30, r9    : IntAlu :  D=0x0000000028024284  flags=(IsInteger)
1180250: global: Decode: Decoded addi instruction: 0x393f0020
1180250: system.cpu: A0 T0 : 0x10017b34 @_int_malloc+772    : addi       r9, r31, 32     : IntAlu :  D=0x00000000000000d0  flags=(IsInteger)
1180500: global: Decode: Decoded addi instruction: 0x39e00001
1180500: system.cpu: A0 T0 : 0x10017b38 @_int_malloc+776    : li         r15, 1          : IntAlu :  D=0x0000000000000001  flags=(IsInteger)
1180750: global: Decode: Decoded rldicr instruction: 0x7b131f24
1180750: system.cpu: A0 T0 : 0x10017b3c @_int_malloc+780    : rldicr     r19, r24, 3, 60 : IntAlu :  D=0x0000000000000048  flags=(IsInteger)
1181000: global: Decode: Decoded std instruction: 0xf9210080
1181000: system.cpu: A0 T0 : 0x10017b40 @_int_malloc+784    : std        r9, 128(r1)     : MemWrite :  D=0x00000000000000d0 A=0x7fffffffe6d0  flags=(IsInteger|IsStore)
1181250: global: Decode: Decoded ld instruction: 0xe89a0068
1181250: system.cpu: A0 T0 : 0x10017b44 @_int_malloc+788    : ld         r4, 104(r26)    : MemRead :  D=0x0000000000000000 A=0x100b07f0  flags=(IsInteger|IsLoad)
1181500: global: Decode: Decoded ld instruction: 0xea3a0060
1181500: system.cpu: A0 T0 : 0x10017b48 @_int_malloc+792    : ld         r17, 96(r26)    : MemRead :  D=0x0000000000000007 A=0x100b07e8  flags=(IsInteger|IsLoad)
1181750: global: Decode: Decoded ld instruction: 0xe95e0078
1181750: system.cpu: A0 T0 : 0x10017b4c @_int_malloc+796    : ld         r10, 120(r30)   : MemRead :  D=0x00000000100b0858 A=0x100b0870  flags=(IsInteger|IsLoad)
1182000: global: Decode: Decoded addi instruction: 0x38c00000
1182000: system.cpu: A0 T0 : 0x10017b50 @_int_malloc+800    : li         r6, 0           : IntAlu :  D=0x0000000000000000  flags=(IsInteger)
1182250: global: Decode: Decoded addi instruction: 0x38000000
1182250: system.cpu: A0 T0 : 0x10017b54 @_int_malloc+804    : li         r0, 0           : IntAlu :  D=0x0000000000000000  flags=(IsInteger)
1182500: global: Decode: Decoded add instruction: 0x7ea79a14
1182500: system.cpu: A0 T0 : 0x10017b58 @_int_malloc+808    : add        r21, r7, r19    : IntAlu :  D=0x00000000100b5038  flags=(IsInteger)
1182750: global: Decode: Decoded cmpi instruction: 0x2ea40000
1182750: system.cpu: A0 T0 : 0x10017b5c @_int_malloc+812    : cmpdi      cr5, r4, 0      : IntAlu :  D=0x0000000028024284  flags=(IsInteger)
1183000: global: Decode: Decoded cmpl instruction: 0x7fbb5040
1183000: system.cpu: A0 T0 : 0x10017b60 @_int_malloc+816    : cmpld      cr7, r27, r10   : IntAlu :  D=0x0000000028024282  flags=(IsInteger)
1183250: global: Decode: Decoded bc instruction: 0x419e0b6c
1183250: system.cpu: A0 T0 : 0x10017b64 @_int_malloc+820    : bc         30, 12, 0x100186d0 : IntAlu :  D=0x0000000000000000  flags=(IsInteger|IsControl|IsDirectControl|IsCondControl)
1183500: global: Decode: Decoded cmpi instruction: 0x2fa00000
1183500: system.cpu: A0 T0 : 0x100186d0 @_int_malloc+3744    : cmpdi      cr7, r0, 0      : IntAlu :  D=0x0000000028024282  flags=(IsInteger)
1183750: global: Decode: Decoded bc instruction: 0x419ef93c
1183750: system.cpu: A0 T0 : 0x100186d4 @_int_malloc+3748    : bc         30, 12, 0x10018010 : IntAlu :  D=0x0000000000000000  flags=(IsInteger|IsControl|IsDirectControl|IsCondControl)
1184000: global: Decode: Decoded cmpli instruction: 0x2bbf03ff
1184000: system.cpu: A0 T0 : 0x10018010 @_int_malloc+2016    : cmpldi     cr7, r31, 1023  : IntAlu :  D=0x0000000028024288  flags=(IsInteger)
1184250: global: Decode: Decoded bc instruction: 0x409d0038
1184250: system.cpu: A0 T0 : 0x10018014 @_int_malloc+2020    : bc         29, 4, 0x1001804c : IntAlu :  D=0x0000000000000000  flags=(IsInteger|IsControl|IsDirectControl|IsCondControl)
1184500: global: Decode: Decoded addi instruction: 0x393c0001
1184500: system.cpu: A0 T0 : 0x1001804c @_int_malloc+2076    : addi       r9, r28, 1      : IntAlu :  D=0x000000000000000c  flags=(IsInteger)
1184750: global: Decode: Decoded rldic instruction: 0x7b862748
1184750: system.cpu: A0 T0 : 0x10018050 @_int_malloc+2080    : rldic      r6, r28, 4, 29  : IntAlu :  D=0x00000000000000b0  flags=(IsInteger)
1185000: global: Decode: Decoded rldicl instruction: 0x7928d962
1185000: system.cpu: A0 T0 : 0x10018054 @_int_malloc+2084    : rldicl     r8, r9, 59, 37  : IntAlu :  D=0x0000000000000000  flags=(IsInteger)
1185250: global: Decode: Decoded addi instruction: 0x38c60060
1185250: system.cpu: A0 T0 : 0x10018058 @_int_malloc+2088    : addi       r6, r6, 96      : IntAlu :  D=0x0000000000000110  flags=(IsInteger)
1185500: global: Decode: Decoded addi instruction: 0x38a80218
1185500: system.cpu: A0 T0 : 0x1001805c @_int_malloc+2092    : addi       r5, r8, 536     : IntAlu :  D=0x0000000000000218  flags=(IsInteger)
1185750: global: Decode: Decoded rlwinm instruction: 0x552906fe
1185750: system.cpu: A0 T0 : 0x10018060 @_int_malloc+2096    : clrlwi     r9, r9, 27      : IntAlu :  D=0x000000000000000c  flags=(IsInteger)
1186000: global: Decode: Decoded rldicr instruction: 0x78aa1764
1186000: system.cpu: A0 T0 : 0x10018064 @_int_malloc+2100    : rldicr     r10, r5, 2, 61  : IntAlu :  D=0x0000000000000860  flags=(IsInteger)
1186250: global: Decode: Decoded add instruction: 0x7cde3214
1186250: system.cpu: A0 T0 : 0x10018068 @_int_malloc+2104    : add        r6, r30, r6     : IntAlu :  D=0x00000000100b0908  flags=(IsInteger)
1186500: global: Decode: Decoded slw instruction: 0x7de94830
1186500: system.cpu: A0 T0 : 0x1001806c @_int_malloc+2108    : slw        r9, r15, r9     : IntAlu :  D=0x0000000000001000  flags=(IsInteger)
1186750: global: Decode: Decoded lwzx instruction: 0x7cfe502e
1186750: system.cpu: A0 T0 : 0x10018070 @_int_malloc+2112    : lwzx       r7, r30, r10    : MemRead :  D=0x0000000000000000 A=0x100b1058  flags=(IsInteger|IsLoad)
1187000: global: Decode: Decoded cmpl instruction: 0x7f893840
1187000: system.cpu: A0 T0 : 0x10018074 @_int_malloc+2116    : cmplw      cr7, r9, r7     : IntAlu :  D=0x0000000028024284  flags=(IsInteger)
1187250: global: Decode: Decoded bc instruction: 0x419d03e8
1187250: system.cpu: A0 T0 : 0x10018078 @_int_malloc+2120    : bc         29, 12, 0x10018460 : IntAlu :  D=0x0000000000000000  flags=(IsInteger|IsControl|IsDirectControl|IsCondControl)
1187500: global: Decode: Decoded subfic instruction: 0x21280003
1187500: system.cpu: A0 T0 : 0x10018460 @_int_malloc+3120    : subfic     r9, r8, 3       : IntAlu :  D=0x0000000020040000  flags=(IsInteger)
1187750: global: Decode: Decoded rldicl instruction: 0x79290020
1187750: system.cpu: A0 T0 : 0x10018464 @_int_malloc+3124    : clrldi     r9, r9, 32      : IntAlu :  D=0x0000000000000003  flags=(IsInteger)
1188000: global: Decode: Decoded addi instruction: 0x39290001
1188000: system.cpu: A0 T0 : 0x10018468 @_int_malloc+3128    : addi       r9, r9, 1       : IntAlu :  D=0x0000000000000004  flags=(IsInteger)
1188250: global: Decode: Decoded mtctr instruction: 0x7d2903a6
1188250: system.cpu: A0 T0 : 0x1001846c @_int_malloc+3132    : mtctr      r9              : IntAlu :  D=0x0000000000000004  flags=(IsInteger)
1188500: global: Decode: Decoded b instruction: 0x48000024
1188500: system.cpu: A0 T0 : 0x10018470 @_int_malloc+3136    : b          0x10018494      : IntAlu :   flags=(IsControl|IsDirectControl|IsUncondControl)
1188750: global: Decode: Decoded addi instruction: 0x39080001
1188750: system.cpu: A0 T0 : 0x10018494 @_int_malloc+3172    : addi       r8, r8, 1       : IntAlu :  D=0x0000000000000001  flags=(IsInteger)
1189000: global: Decode: Decoded rldicl instruction: 0x79080020
1189000: system.cpu: A0 T0 : 0x10018498 @_int_malloc+3176    : clrldi     r8, r8, 32      : IntAlu :  D=0x0000000000000001  flags=(IsInteger)
1189250: global: Decode: Decoded bc instruction: 0x4200ffe4
1189250: system.cpu: A0 T0 : 0x1001849c @_int_malloc+3180    : bc         0, 16, 0x10018480 : IntAlu :  D=0x0000000000000003  flags=(IsInteger|IsControl|IsDirectControl|IsCondControl)
1189500: global: Decode: Decoded addi instruction: 0x38a80218
1189500: system.cpu: A0 T0 : 0x10018480 @_int_malloc+3152    : addi       r5, r8, 536     : IntAlu :  D=0x0000000000000219  flags=(IsInteger)
1189750: global: Decode: Decoded rldicr instruction: 0x78a91764
1189750: system.cpu: A0 T0 : 0x10018484 @_int_malloc+3156    : rldicr     r9, r5, 2, 61   : IntAlu :  D=0x0000000000000864  flags=(IsInteger)
1190000: global: Decode: Decoded lwzx instruction: 0x7cfe482e
1190000: system.cpu: A0 T0 : 0x10018488 @_int_malloc+3160    : lwzx       r7, r30, r9     : MemRead :  D=0x0000000000000000 A=0x100b105c  flags=(IsInteger|IsLoad)
1190250: global: Decode: Decoded cmpi instruction: 0x2fa70000
1190250: system.cpu: A0 T0 : 0x1001848c @_int_malloc+3164    : cmpdi      cr7, r7, 0      : IntAlu :  D=0x0000000028024282  flags=(IsInteger)
1190500: global: Decode: Decoded bc instruction: 0x409e0220
1190500: system.cpu: A0 T0 : 0x10018490 @_int_malloc+3168    : bc         30, 4, 0x100186b0 : IntAlu :  D=0x0000000000000003  flags=(IsInteger|IsControl|IsDirectControl|IsCondControl)
1190750: global: Decode: Decoded addi instruction: 0x39080001
1190750: system.cpu: A0 T0 : 0x10018494 @_int_malloc+3172    : addi       r8, r8, 1       : IntAlu :  D=0x0000000000000002  flags=(IsInteger)
1191000: global: Decode: Decoded rldicl instruction: 0x79080020
1191000: system.cpu: A0 T0 : 0x10018498 @_int_malloc+3176    : clrldi     r8, r8, 32      : IntAlu :  D=0x0000000000000002  flags=(IsInteger)
1191250: global: Decode: Decoded bc instruction: 0x4200ffe4
1191250: system.cpu: A0 T0 : 0x1001849c @_int_malloc+3180    : bc         0, 16, 0x10018480 : IntAlu :  D=0x0000000000000002  flags=(IsInteger|IsControl|IsDirectControl|IsCondControl)
1191500: global: Decode: Decoded addi instruction: 0x38a80218
1191500: system.cpu: A0 T0 : 0x10018480 @_int_malloc+3152    : addi       r5, r8, 536     : IntAlu :  D=0x000000000000021a  flags=(IsInteger)
1191750: global: Decode: Decoded rldicr instruction: 0x78a91764
1191750: system.cpu: A0 T0 : 0x10018484 @_int_malloc+3156    : rldicr     r9, r5, 2, 61   : IntAlu :  D=0x0000000000000868  flags=(IsInteger)
1192000: global: Decode: Decoded lwzx instruction: 0x7cfe482e
1192000: system.cpu: A0 T0 : 0x10018488 @_int_malloc+3160    : lwzx       r7, r30, r9     : MemRead :  D=0x0000000000000000 A=0x100b1060  flags=(IsInteger|IsLoad)
1192250: global: Decode: Decoded cmpi instruction: 0x2fa70000
1192250: system.cpu: A0 T0 : 0x1001848c @_int_malloc+3164    : cmpdi      cr7, r7, 0      : IntAlu :  D=0x0000000028024282  flags=(IsInteger)
1192500: global: Decode: Decoded bc instruction: 0x409e0220
1192500: system.cpu: A0 T0 : 0x10018490 @_int_malloc+3168    : bc         30, 4, 0x100186b0 : IntAlu :  D=0x0000000000000002  flags=(IsInteger|IsControl|IsDirectControl|IsCondControl)
1192750: global: Decode: Decoded addi instruction: 0x39080001
1192750: system.cpu: A0 T0 : 0x10018494 @_int_malloc+3172    : addi       r8, r8, 1       : IntAlu :  D=0x0000000000000003  flags=(IsInteger)
1193000: global: Decode: Decoded rldicl instruction: 0x79080020
1193000: system.cpu: A0 T0 : 0x10018498 @_int_malloc+3176    : clrldi     r8, r8, 32      : IntAlu :  D=0x0000000000000003  flags=(IsInteger)
1193250: global: Decode: Decoded bc instruction: 0x4200ffe4
1193250: system.cpu: A0 T0 : 0x1001849c @_int_malloc+3180    : bc         0, 16, 0x10018480 : IntAlu :  D=0x0000000000000001  flags=(IsInteger|IsControl|IsDirectControl|IsCondControl)
1193500: global: Decode: Decoded addi instruction: 0x38a80218
1193500: system.cpu: A0 T0 : 0x10018480 @_int_malloc+3152    : addi       r5, r8, 536     : IntAlu :  D=0x000000000000021b  flags=(IsInteger)
1193750: global: Decode: Decoded rldicr instruction: 0x78a91764
1193750: system.cpu: A0 T0 : 0x10018484 @_int_malloc+3156    : rldicr     r9, r5, 2, 61   : IntAlu :  D=0x000000000000086c  flags=(IsInteger)
1194000: global: Decode: Decoded lwzx instruction: 0x7cfe482e
1194000: system.cpu: A0 T0 : 0x10018488 @_int_malloc+3160    : lwzx       r7, r30, r9     : MemRead :  D=0x0000000000000000 A=0x100b1064  flags=(IsInteger|IsLoad)
1194250: global: Decode: Decoded cmpi instruction: 0x2fa70000
1194250: system.cpu: A0 T0 : 0x1001848c @_int_malloc+3164    : cmpdi      cr7, r7, 0      : IntAlu :  D=0x0000000028024282  flags=(IsInteger)
1194500: global: Decode: Decoded bc instruction: 0x409e0220
1194500: system.cpu: A0 T0 : 0x10018490 @_int_malloc+3168    : bc         30, 4, 0x100186b0 : IntAlu :  D=0x0000000000000001  flags=(IsInteger|IsControl|IsDirectControl|IsCondControl)
1194750: global: Decode: Decoded addi instruction: 0x39080001
1194750: system.cpu: A0 T0 : 0x10018494 @_int_malloc+3172    : addi       r8, r8, 1       : IntAlu :  D=0x0000000000000004  flags=(IsInteger)
1195000: global: Decode: Decoded rldicl instruction: 0x79080020
1195000: system.cpu: A0 T0 : 0x10018498 @_int_malloc+3176    : clrldi     r8, r8, 32      : IntAlu :  D=0x0000000000000004  flags=(IsInteger)
1195250: global: Decode: Decoded bc instruction: 0x4200ffe4
1195250: system.cpu: A0 T0 : 0x1001849c @_int_malloc+3180    : bc         0, 16, 0x10018480 : IntAlu :  D=0x0000000000000000  flags=(IsInteger|IsControl|IsDirectControl|IsCondControl)
1195500: global: Decode: Decoded ld instruction: 0xe91e0060
1195500: system.cpu: A0 T0 : 0x100184a0 @_int_malloc+3184    : ld         r8, 96(r30)     : MemRead :  D=0x00000000100b52a0 A=0x100b0858  flags=(IsInteger|IsLoad)
1195750: global: Decode: Decoded ld instruction: 0xe95e0888
1195750: system.cpu: A0 T0 : 0x100184a4 @_int_malloc+3188    : ld         r10, 2184(r30)  : MemRead :  D=0x0000000000021020 A=0x100b1080  flags=(IsInteger|IsLoad)
1196000: global: Decode: Decoded ld instruction: 0xe9280008
1196000: system.cpu: A0 T0 : 0x100184a8 @_int_malloc+3192    : ld         r9, 8(r8)       : MemRead :  D=0x0000000000020d61 A=0x100b52a8  flags=(IsInteger|IsLoad)
1196250: global: Decode: Decoded rldicr instruction: 0x79290724
1196250: system.cpu: A0 T0 : 0x100184ac @_int_malloc+3196    : rldicr     r9, r9, 0, 60   : IntAlu :  D=0x0000000000020d60  flags=(IsInteger)
1196500: global: Decode: Decoded cmpl instruction: 0x7faa4840
1196500: system.cpu: A0 T0 : 0x100184b0 @_int_malloc+3200    : cmpld      cr7, r10, r9    : IntAlu :  D=0x0000000028024284  flags=(IsInteger)
1196750: global: Decode: Decoded bc instruction: 0x419c033c
1196750: system.cpu: A0 T0 : 0x100184b4 @_int_malloc+3204    : bc         28, 12, 0x100187f0 : IntAlu :  D=0x0000000000000000  flags=(IsInteger|IsControl|IsDirectControl|IsCondControl)
1197000: global: Decode: Decoded ld instruction: 0xe9410080
1197000: system.cpu: A0 T0 : 0x100184b8 @_int_malloc+3208    : ld         r10, 128(r1)    : MemRead :  D=0x00000000000000d0 A=0x7fffffffe6d0  flags=(IsInteger|IsLoad)
1197250: global: Decode: Decoded cmpl instruction: 0x7faa4840
1197250: system.cpu: A0 T0 : 0x100184bc @_int_malloc+3212    : cmpld      cr7, r10, r9    : IntAlu :  D=0x0000000028024288  flags=(IsInteger)
1197500: global: Decode: Decoded bc instruction: 0x409d03a0
1197500: system.cpu: A0 T0 : 0x100184c0 @_int_malloc+3216    : bc         29, 4, 0x10018860 : IntAlu :  D=0x0000000000000000  flags=(IsInteger|IsControl|IsDirectControl|IsCondControl)
1197750: global: Decode: Decoded addi instruction: 0x3b5a0070
1197750: system.cpu: A0 T0 : 0x10018860 @_int_malloc+4144    : addi       r26, r26, 112   : IntAlu :  D=0x00000000100b07f8  flags=(IsInteger)
1198000: global: Decode: Decoded add instruction: 0x7ca8fa14
1198000: system.cpu: A0 T0 : 0x10018864 @_int_malloc+4148    : add        r5, r8, r31     : IntAlu :  D=0x00000000100b5350  flags=(IsInteger)
1198250: global: Decode: Decoded cmp instruction: 0x7fbed000
1198250: system.cpu: A0 T0 : 0x10018868 @_int_malloc+4152    : cmpd       cr7, r30, r26   : IntAlu :  D=0x0000000028024282  flags=(IsInteger)
1198500: global: Decode: Decoded subf instruction: 0x7d3f4850
1198500: system.cpu: A0 T0 : 0x1001886c @_int_malloc+4156    : subf       r9, r31, r9     : IntAlu :  D=0x0000000000020cb0  flags=(IsInteger)
1198750: global: Decode: Decoded std instruction: 0xf8be0060
1198750: system.cpu: A0 T0 : 0x10018870 @_int_malloc+4160    : std        r5, 96(r30)     : MemWrite :  D=0x00000000100b5350 A=0x100b0858  flags=(IsInteger|IsStore)
1199000: global: Decode: Decoded addi instruction: 0x39400004
1199000: system.cpu: A0 T0 : 0x10018874 @_int_malloc+4164    : li         r10, 4          : IntAlu :  D=0x0000000000000004  flags=(IsInteger)
1199250: global: Decode: Decoded bc instruction: 0x419e013c
1199250: system.cpu: A0 T0 : 0x10018878 @_int_malloc+4168    : bc         30, 12, 0x100189b4 : IntAlu :  D=0x0000000000000000  flags=(IsInteger|IsControl|IsDirectControl|IsCondControl)
1199500: global: Decode: Decoded addi instruction: 0x39400000
1199500: system.cpu: A0 T0 : 0x100189b4 @_int_malloc+4484    : li         r10, 0          : IntAlu :  D=0x0000000000000000  flags=(IsInteger)
1199750: global: Decode: Decoded b instruction: 0x4bfffec4
1199750: system.cpu: A0 T0 : 0x100189b8 @_int_malloc+4488    : b          0x1001887c      : IntAlu :   flags=(IsControl|IsDirectControl|IsUncondControl)
1200000: global: Decode: Decoded ori instruction: 0x60000000
1200000: system.cpu: A0 T0 : 0x1001887c @_int_malloc+4172    : nop                        : IntAlu :  D=0x0000000000000000  flags=(IsInteger)
1200250: global: Decode: Decoded lwa instruction: 0xe8c2adf2
1200250: system.cpu: A0 T0 : 0x10018880 @_int_malloc+4176    : lwa        r6, -21008(r2)  : MemRead :  D=0x0000000000000000 A=0x100b2af0  flags=(IsInteger|IsLoad)
1200500: global: Decode: Decoded or instruction: 0x7fe75378
1200500: system.cpu: A0 T0 : 0x10018884 @_int_malloc+4180    : or         r7, r31, r10    : IntAlu :  D=0x00000000000000b0  flags=(IsInteger)
1200750: global: Decode: Decoded ori instruction: 0x612a0001
1200750: system.cpu: A0 T0 : 0x10018888 @_int_malloc+4184    : ori        r10, r9, 1      : IntAlu :  D=0x0000000000020cb1  flags=(IsInteger)
1201000: global: Decode: Decoded ori instruction: 0x60e70001
1201000: system.cpu: A0 T0 : 0x1001888c @_int_malloc+4188    : ori        r7, r7, 1       : IntAlu :  D=0x00000000000000b1  flags=(IsInteger)
1201250: global: Decode: Decoded addi instruction: 0x39280010
1201250: system.cpu: A0 T0 : 0x10018890 @_int_malloc+4192    : addi       r9, r8, 16      : IntAlu :  D=0x00000000100b52b0  flags=(IsInteger)
1201500: global: Decode: Decoded cmpi instruction: 0x2fa60000
1201500: system.cpu: A0 T0 : 0x10018894 @_int_malloc+4196    : cmpdi      cr7, r6, 0      : IntAlu :  D=0x0000000028024282  flags=(IsInteger)
1201750: global: Decode: Decoded std instruction: 0xf8e80008
1201750: system.cpu: A0 T0 : 0x10018898 @_int_malloc+4200    : std        r7, 8(r8)       : MemWrite :  D=0x00000000000000b1 A=0x100b52a8  flags=(IsInteger|IsStore)
1202000: global: Decode: Decoded std instruction: 0xf9450008
1202000: system.cpu: A0 T0 : 0x1001889c @_int_malloc+4204    : std        r10, 8(r5)      : MemWrite :  D=0x0000000000020cb1 A=0x100b5358  flags=(IsInteger|IsStore)
1202250: global: Decode: Decoded bc instruction: 0x419ef71c
1202250: system.cpu: A0 T0 : 0x100188a0 @_int_malloc+4208    : bc         30, 12, 0x10017fbc : IntAlu :  D=0x0000000000000000  flags=(IsInteger|IsControl|IsDirectControl|IsCondControl)
1202500: global: Decode: Decoded ld instruction: 0xe9c100b0
1202500: system.cpu: A0 T0 : 0x10017fbc @_int_malloc+1932    : ld         r14, 176(r1)    : MemRead :  D=0x0000000000000000 A=0x7fffffffe700  flags=(IsInteger|IsLoad)
1202750: global: Decode: Decoded ld instruction: 0xe9e100b8
1202750: system.cpu: A0 T0 : 0x10017fc0 @_int_malloc+1936    : ld         r15, 184(r1)    : MemRead :  D=0x0000000000000000 A=0x7fffffffe708  flags=(IsInteger|IsLoad)
1203000: global: Decode: Decoded ld instruction: 0xea0100c0
1203000: system.cpu: A0 T0 : 0x10017fc4 @_int_malloc+1940    : ld         r16, 192(r1)    : MemRead :  D=0x0000000000000000 A=0x7fffffffe710  flags=(IsInteger|IsLoad)
1203250: global: Decode: Decoded ld instruction: 0xea2100c8
1203250: system.cpu: A0 T0 : 0x10017fc8 @_int_malloc+1944    : ld         r17, 200(r1)    : MemRead :  D=0x0000000000000000 A=0x7fffffffe718  flags=(IsInteger|IsLoad)
1203500: global: Decode: Decoded ld instruction: 0xea4100d0
1203500: system.cpu: A0 T0 : 0x10017fcc @_int_malloc+1948    : ld         r18, 208(r1)    : MemRead :  D=0x0000000000000000 A=0x7fffffffe720  flags=(IsInteger|IsLoad)
1203750: global: Decode: Decoded ld instruction: 0xea6100d8
1203750: system.cpu: A0 T0 : 0x10017fd0 @_int_malloc+1952    : ld         r19, 216(r1)    : MemRead :  D=0x0000000000000000 A=0x7fffffffe728  flags=(IsInteger|IsLoad)
1204000: global: Decode: Decoded ld instruction: 0xea8100e0
1204000: system.cpu: A0 T0 : 0x10017fd4 @_int_malloc+1956    : ld         r20, 224(r1)    : MemRead :  D=0x0000000000000000 A=0x7fffffffe730  flags=(IsInteger|IsLoad)
1204250: global: Decode: Decoded ld instruction: 0xeaa100e8
1204250: system.cpu: A0 T0 : 0x10017fd8 @_int_malloc+1960    : ld         r21, 232(r1)    : MemRead :  D=0x0000000000000000 A=0x7fffffffe738  flags=(IsInteger|IsLoad)
1204500: global: Decode: Decoded ld instruction: 0xeac100f0
1204500: system.cpu: A0 T0 : 0x10017fdc @_int_malloc+1964    : ld         r22, 240(r1)    : MemRead :  D=0x0000000000000000 A=0x7fffffffe740  flags=(IsInteger|IsLoad)
1204750: global: Decode: Decoded ld instruction: 0xeb010100
1204750: system.cpu: A0 T0 : 0x10017fe0 @_int_malloc+1968    : ld         r24, 256(r1)    : MemRead :  D=0x00000000100b2b60 A=0x7fffffffe750  flags=(IsInteger|IsLoad)
1205000: global: Decode: Decoded ld instruction: 0xeb210108
1205000: system.cpu: A0 T0 : 0x10017fe4 @_int_malloc+1972    : ld         r25, 264(r1)    : MemRead :  D=0x00000000100b2b70 A=0x7fffffffe758  flags=(IsInteger|IsLoad)
1205250: global: Decode: Decoded ld instruction: 0xeb410110
1205250: system.cpu: A0 T0 : 0x10017fe8 @_int_malloc+1976    : ld         r26, 272(r1)    : MemRead :  D=0x0000000000000000 A=0x7fffffffe760  flags=(IsInteger|IsLoad)
1205500: global: Decode: Decoded ld instruction: 0xeb610118
1205500: system.cpu: A0 T0 : 0x10017fec @_int_malloc+1980    : ld         r27, 280(r1)    : MemRead :  D=0x00000000100b5290 A=0x7fffffffe768  flags=(IsInteger|IsLoad)
1205750: global: Decode: Decoded ld instruction: 0xeb810120
1205750: system.cpu: A0 T0 : 0x10017ff0 @_int_malloc+1984    : ld         r28, 288(r1)    : MemRead :  D=0x0000000000000009 A=0x7fffffffe770  flags=(IsInteger|IsLoad)
1206000: global: Decode: Decoded ld instruction: 0xe8010150
1206000: system.cpu: A0 T0 : 0x10017ff4 @_int_malloc+1988    : ld         r0, 336(r1)     : MemRead :  D=0x0000000010019c60 A=0x7fffffffe7a0  flags=(IsInteger|IsLoad)
1206250: global: Decode: Decoded mtlr instruction: 0x7c0803a6
1206250: system.cpu: A0 T0 : 0x10017ff8 @_int_malloc+1992    : mtlr       r0              : IntAlu :  D=0x0000000010019c60  flags=(IsInteger)
1206500: global: Decode: Decoded b instruction: 0x4bfff9ac
1206500: system.cpu: A0 T0 : 0x10017ffc @_int_malloc+1996    : b          0x100179a8      : IntAlu :   flags=(IsControl|IsDirectControl|IsUncondControl)
1206750: global: Decode: Decoded addi instruction: 0x38210140
1206750: system.cpu: A0 T0 : 0x100179a8 @_int_malloc+376    : addi       r1, r1, 320     : IntAlu :  D=0x00007fffffffe790  flags=(IsInteger)
1207000: global: Decode: Decoded or instruction: 0x7d234b78
1207000: system.cpu: A0 T0 : 0x100179ac @_int_malloc+380    : mr         r3, r9          : IntAlu :  D=0x00000000100b52b0  flags=(IsInteger)
1207250: global: Decode: Decoded lwz instruction: 0x81810008
1207250: system.cpu: A0 T0 : 0x100179b0 @_int_malloc+384    : lwz        r12, 8(r1)      : MemRead :  D=0x0000000028000282 A=0x7fffffffe798  flags=(IsInteger|IsLoad)
1207500: global: Decode: Decoded ld instruction: 0xeae1ffb8
1207500: system.cpu: A0 T0 : 0x100179b4 @_int_malloc+388    : ld         r23, -72(r1)    : MemRead :  D=0x00000000100b3590 A=0x7fffffffe748  flags=(IsInteger|IsLoad)
1207750: global: Decode: Decoded ld instruction: 0xeba1ffe8
1207750: system.cpu: A0 T0 : 0x100179b8 @_int_malloc+392    : ld         r29, -24(r1)    : MemRead :  D=0x0000000000000000 A=0x7fffffffe778  flags=(IsInteger|IsLoad)
1208000: global: Decode: Decoded ld instruction: 0xebc1fff0
1208000: system.cpu: A0 T0 : 0x100179bc @_int_malloc+396    : ld         r30, -16(r1)    : MemRead :  D=0x00000000000000a0 A=0x7fffffffe780  flags=(IsInteger|IsLoad)
1208250: global: Decode: Decoded ld instruction: 0xebe1fff8
1208250: system.cpu: A0 T0 : 0x100179c0 @_int_malloc+400    : ld         r31, -8(r1)     : MemRead :  D=0x00000000100b07f8 A=0x7fffffffe788  flags=(IsInteger|IsLoad)
1208500: global: Decode: Decoded mtocrf instruction: 0x7d910120
1208500: system.cpu: A0 T0 : 0x100179c4 @_int_malloc+404    : mtocrf     r32, r12, r32   : IntAlu :  D=0x0000000028004282  flags=(IsInteger)
1208750: global: Decode: Decoded mtocrf instruction: 0x7d908120
1208750: system.cpu: A0 T0 : 0x100179c8 @_int_malloc+408    : mtocrf     r32, r12, r32   : IntAlu :  D=0x0000000028000282  flags=(IsInteger)
1209000: global: Decode: Decoded bclr instruction: 0x4e800020
1209000: system.cpu: A0 T0 : 0x100179cc @_int_malloc+412    : bclr       0, 20           : IntAlu :  D=0x0000000000000000  flags=(IsInteger|IsControl|IsIndirectControl|IsCondControl|IsReturn)
1209250: global: Decode: Decoded or instruction: 0x7c7d1b79
1209250: system.cpu: A0 T0 : 0x10019c60 @__libc_malloc+144    : or.        r29, r3, r3     : IntAlu :  D=0x0000000048000282  flags=(IsInteger)
1209500: global: Decode: Decoded bc instruction: 0x4182019c
1209500: system.cpu: A0 T0 : 0x10019c64 @__libc_malloc+148    : bc         2, 12, 0x10019e00 : IntAlu :  D=0x0000000000000000  flags=(IsInteger|IsControl|IsDirectControl|IsCondControl)
1209750: global: Decode: Decoded ld instruction: 0xe93dfff8
1209750: system.cpu: A0 T0 : 0x10019c68 @__libc_malloc+152    : ld         r9, -8(r29)     : MemRead :  D=0x00000000000000b1 A=0x100b52a8  flags=(IsInteger|IsLoad)
1210000: global: Decode: Decoded andi_ instruction: 0x712a0002
1210000: system.cpu: A0 T0 : 0x10019c6c @__libc_malloc+156    : andi.      r10, r9, 2      : IntAlu :  D=0x0000000028000282  flags=(IsInteger)
1210250: global: Decode: Decoded bc instruction: 0x41820150
1210250: system.cpu: A0 T0 : 0x10019c70 @__libc_malloc+160    : bc         2, 12, 0x10019dc0 : IntAlu :  D=0x0000000000000000  flags=(IsInteger|IsControl|IsDirectControl|IsCondControl)
1210500: global: Decode: Decoded andi_ instruction: 0x71290004
1210500: system.cpu: A0 T0 : 0x10019dc0 @__libc_malloc+496    : andi.      r9, r9, 4       : IntAlu :  D=0x0000000028000282  flags=(IsInteger)
1210750: global: Decode: Decoded bc instruction: 0x4182feb0
1210750: system.cpu: A0 T0 : 0x10019dc4 @__libc_malloc+500    : bc         2, 12, 0x10019c74 : IntAlu :  D=0x0000000000000000  flags=(IsInteger|IsControl|IsDirectControl|IsCondControl)
1211000: global: Decode: Decoded ld instruction: 0xe80100a0
1211000: system.cpu: A0 T0 : 0x10019c74 @__libc_malloc+164    : ld         r0, 160(r1)     : MemRead :  D=0x000000001004dfc8 A=0x7fffffffe830  flags=(IsInteger|IsLoad)
1211250: global: Decode: Decoded ld instruction: 0xeb810070
1211250: system.cpu: A0 T0 : 0x10019c78 @__libc_malloc+168    : ld         r28, 112(r1)    : MemRead :  D=0x00000000100aa530 A=0x7fffffffe800  flags=(IsInteger|IsLoad)
1211500: global: Decode: Decoded ld instruction: 0xebc10080
1211500: system.cpu: A0 T0 : 0x10019c7c @__libc_malloc+172    : ld         r30, 128(r1)    : MemRead :  D=0x0000000000000004 A=0x7fffffffe810  flags=(IsInteger|IsLoad)
1211750: global: Decode: Decoded ld instruction: 0xebe10088
1211750: system.cpu: A0 T0 : 0x10019c80 @__libc_malloc+176    : ld         r31, 136(r1)    : MemRead :  D=0x00007fffffffe820 A=0x7fffffffe818  flags=(IsInteger|IsLoad)
1212000: global: Decode: Decoded mtlr instruction: 0x7c0803a6
1212000: system.cpu: A0 T0 : 0x10019c84 @__libc_malloc+180    : mtlr       r0              : IntAlu :  D=0x000000001004dfc8  flags=(IsInteger)
1212250: global: Decode: Decoded addi instruction: 0x38210090
1212250: system.cpu: A0 T0 : 0x10019c88 @__libc_malloc+184    : addi       r1, r1, 144     : IntAlu :  D=0x00007fffffffe820  flags=(IsInteger)
1212500: global: Decode: Decoded or instruction: 0x7fa3eb78
1212500: system.cpu: A0 T0 : 0x10019c8c @__libc_malloc+188    : mr         r3, r29         : IntAlu :  D=0x00000000100b52b0  flags=(IsInteger)
1212750: global: Decode: Decoded ld instruction: 0xeba1ffe8
1212750: system.cpu: A0 T0 : 0x10019c90 @__libc_malloc+192    : ld         r29, -24(r1)    : MemRead :  D=0x0000000000000002 A=0x7fffffffe808  flags=(IsInteger|IsLoad)
1213000: global: Decode: Decoded bclr instruction: 0x4e800020
1213000: system.cpu: A0 T0 : 0x10019c94 @__libc_malloc+196    : bclr       0, 20           : IntAlu :  D=0x0000000000000000  flags=(IsInteger|IsControl|IsIndirectControl|IsCondControl|IsReturn)
1213250: global: Decode: Decoded ori instruction: 0x60000000
1213250: system.cpu: A0 T0 : 0x1004dfc8 @_dl_init_paths+184    : nop                        : IntAlu :  D=0x000000001004dfc8  flags=(IsInteger)
1213500: global: Decode: Decoded cmpi instruction: 0x2fa30000
1213500: system.cpu: A0 T0 : 0x1004dfcc @_dl_init_paths+188    : cmpdi      cr7, r3, 0      : IntAlu :  D=0x0000000028000284  flags=(IsInteger)
1213750: global: Decode: Decoded std instruction: 0xf87b0000
1213750: system.cpu: A0 T0 : 0x1004dfd0 @_dl_init_paths+192    : std        r3, 0(r27)      : MemWrite :  D=0x00000000100b52b0 A=0x100b5290  flags=(IsInteger|IsStore)
1214000: global: Decode: Decoded bc instruction: 0x419e0274
1214000: system.cpu: A0 T0 : 0x1004dfd4 @_dl_init_paths+196    : bc         30, 12, 0x1004e248 : IntAlu :  D=0x0000000000000000  flags=(IsInteger|IsControl|IsDirectControl|IsCondControl)
1214250: global: Decode: Decoded addi instruction: 0x39400000
1214250: system.cpu: A0 T0 : 0x1004dfd8 @_dl_init_paths+200    : li         r10, 0          : IntAlu :  D=0x0000000000000000  flags=(IsInteger)
1214500: global: Decode: Decoded cmpi instruction: 0x2fbe0000
1214500: system.cpu: A0 T0 : 0x1004dfdc @_dl_init_paths+204    : cmpdi      cr7, r30, 0     : IntAlu :  D=0x0000000028000284  flags=(IsInteger)
1214750: global: Decode: Decoded ori instruction: 0x60000000
1214750: system.cpu: A0 T0 : 0x1004dfe0 @_dl_init_paths+208    : nop                        : IntAlu :  D=0x000000001004dfc8  flags=(IsInteger)
1215000: global: Decode: Decoded addi instruction: 0x38a2b900
1215000: system.cpu: A0 T0 : 0x1004dfe4 @_dl_init_paths+212    : subi       r5, r2, 18176   : IntAlu :  D=0x00000000100b3600  flags=(IsInteger)
1215250: global: Decode: Decoded addis instruction: 0x3cc2fffc
1215250: system.cpu: A0 T0 : 0x1004dfe8 @_dl_init_paths+216    : subis      r6, r2, 4       : IntAlu :  D=0x0000000010077d00  flags=(IsInteger)
1215500: global: Decode: Decoded addis instruction: 0x3ce2fffc
1215500: system.cpu: A0 T0 : 0x1004dfec @_dl_init_paths+220    : subis      r7, r2, 4       : IntAlu :  D=0x0000000010077d00  flags=(IsInteger)
1215750: global: Decode: Decoded addi instruction: 0x38c66d20
1215750: system.cpu: A0 T0 : 0x1004dff0 @_dl_init_paths+224    : addi       r6, r6, 27936   : IntAlu :  D=0x000000001007ea20  flags=(IsInteger)
1216000: global: Decode: Decoded addi instruction: 0x39000000
1216000: system.cpu: A0 T0 : 0x1004dff4 @_dl_init_paths+228    : li         r8, 0           : IntAlu :  D=0x0000000000000000  flags=(IsInteger)
1216250: global: Decode: Decoded stw instruction: 0x915c0028
1216250: system.cpu: A0 T0 : 0x1004dff8 @_dl_init_paths+232    : stw        r10, 40(r28)    : MemWrite :  D=0x0000000000000000 A=0x100aa558  flags=(IsInteger|IsStore)
1216500: global: Decode: Decoded addi instruction: 0x38e76680
1216500: system.cpu: A0 T0 : 0x1004dffc @_dl_init_paths+236    : addi       r7, r7, 26240   : IntAlu :  D=0x000000001007e380  flags=(IsInteger)
1216750: global: Decode: Decoded addi instruction: 0x39400007
1216750: system.cpu: A0 T0 : 0x1004e000 @_dl_init_paths+240    : li         r10, 7          : IntAlu :  D=0x0000000000000007  flags=(IsInteger)
1217000: global: Decode: Decoded std instruction: 0xf8650000
1217000: system.cpu: A0 T0 : 0x1004e004 @_dl_init_paths+244    : std        r3, 0(r5)       : MemWrite :  D=0x00000000100b52b0 A=0x100b3600  flags=(IsInteger|IsStore)
1217250: global: Decode: Decoded mulli instruction: 0x1d3d0028
1217250: system.cpu: A0 T0 : 0x1004e008 @_dl_init_paths+248    : mulli      r9, r29, 40     : IntAlu :  D=0x0000000000000050  flags=(IsInteger)
1217500: global: Decode: Decoded std instruction: 0xf8c30008
1217500: system.cpu: A0 T0 : 0x1004e00c @_dl_init_paths+252    : std        r6, 8(r3)       : MemWrite :  D=0x000000001007ea20 A=0x100b52b8  flags=(IsInteger|IsStore)
1217750: global: Decode: Decoded std instruction: 0xf9030010
1217750: system.cpu: A0 T0 : 0x1004e010 @_dl_init_paths+256    : std        r8, 16(r3)      : MemWrite :  D=0x0000000000000000 A=0x100b52c0  flags=(IsInteger|IsStore)
1218000: global: Decode: Decoded std instruction: 0xf8e30018
1218000: system.cpu: A0 T0 : 0x1004e014 @_dl_init_paths+260    : std        r7, 24(r3)      : MemWrite :  D=0x000000001007e380 A=0x100b52c8  flags=(IsInteger|IsStore)
1218250: global: Decode: Decoded std instruction: 0xf9430020
1218250: system.cpu: A0 T0 : 0x1004e018 @_dl_init_paths+264    : std        r10, 32(r3)     : MemWrite :  D=0x0000000000000007 A=0x100b52d0  flags=(IsInteger|IsStore)
1218500: global: Decode: Decoded bc instruction: 0x419e01c8
1218500: system.cpu: A0 T0 : 0x1004e01c @_dl_init_paths+268    : bc         30, 12, 0x1004e1e4 : IntAlu :  D=0x0000000000000000  flags=(IsInteger|IsControl|IsDirectControl|IsCondControl)
1218750: global: Decode: Decoded mtctr instruction: 0x7fc903a6
1218750: system.cpu: A0 T0 : 0x1004e020 @_dl_init_paths+272    : mtctr      r30             : IntAlu :  D=0x0000000000000004  flags=(IsInteger)
1219000: global: Decode: Decoded addi instruction: 0x39430024
1219000: system.cpu: A0 T0 : 0x1004e024 @_dl_init_paths+276    : addi       r10, r3, 36     : IntAlu :  D=0x00000000100b52d4  flags=(IsInteger)
1219250: global: Decode: Decoded ori instruction: 0x60000000
1219250: system.cpu: A0 T0 : 0x1004e028 @_dl_init_paths+280    : nop                        : IntAlu :  D=0x000000001004dfc8  flags=(IsInteger)
1219500: global: Decode: Decoded ori instruction: 0x60000000
1219500: system.cpu: A0 T0 : 0x1004e02c @_dl_init_paths+284    : nop                        : IntAlu :  D=0x000000001004dfc8  flags=(IsInteger)
1219750: global: Decode: Decoded stwu instruction: 0x950a0004
1219750: system.cpu: A0 T0 : 0x1004e030 @_dl_init_paths+288    : stwu       r8, 4(r10)      : MemWrite :  D=0x00000000100b52d8 A=0x100b52d8  flags=(IsInteger|IsStore)
1220000: global: Decode: Decoded bc instruction: 0x4200fffc
1220000: system.cpu: A0 T0 : 0x1004e034 @_dl_init_paths+292    : bc         0, 16, 0x1004e030 : IntAlu :  D=0x0000000000000003  flags=(IsInteger|IsControl|IsDirectControl|IsCondControl)
1220250: global: Decode: Decoded stwu instruction: 0x950a0004
1220250: system.cpu: A0 T0 : 0x1004e030 @_dl_init_paths+288    : stwu       r8, 4(r10)      : MemWrite :  D=0x00000000100b52dc A=0x100b52dc  flags=(IsInteger|IsStore)
1220500: global: Decode: Decoded bc instruction: 0x4200fffc
1220500: system.cpu: A0 T0 : 0x1004e034 @_dl_init_paths+292    : bc         0, 16, 0x1004e030 : IntAlu :  D=0x0000000000000002  flags=(IsInteger|IsControl|IsDirectControl|IsCondControl)
1220750: global: Decode: Decoded stwu instruction: 0x950a0004
1220750: system.cpu: A0 T0 : 0x1004e030 @_dl_init_paths+288    : stwu       r8, 4(r10)      : MemWrite :  D=0x00000000100b52e0 A=0x100b52e0  flags=(IsInteger|IsStore)
1221000: global: Decode: Decoded bc instruction: 0x4200fffc
1221000: system.cpu: A0 T0 : 0x1004e034 @_dl_init_paths+292    : bc         0, 16, 0x1004e030 : IntAlu :  D=0x0000000000000001  flags=(IsInteger|IsControl|IsDirectControl|IsCondControl)
1221250: global: Decode: Decoded stwu instruction: 0x950a0004
1221250: system.cpu: A0 T0 : 0x1004e030 @_dl_init_paths+288    : stwu       r8, 4(r10)      : MemWrite :  D=0x00000000100b52e4 A=0x100b52e4  flags=(IsInteger|IsStore)
1221500: global: Decode: Decoded bc instruction: 0x4200fffc
1221500: system.cpu: A0 T0 : 0x1004e034 @_dl_init_paths+292    : bc         0, 16, 0x1004e030 : IntAlu :  D=0x0000000000000000  flags=(IsInteger|IsControl|IsDirectControl|IsCondControl)
1221750: global: Decode: Decoded mtctr instruction: 0x7fc903a6
1221750: system.cpu: A0 T0 : 0x1004e038 @_dl_init_paths+296    : mtctr      r30             : IntAlu :  D=0x0000000000000004  flags=(IsInteger)
1222000: global: Decode: Decoded add instruction: 0x7d234a14
1222000: system.cpu: A0 T0 : 0x1004e03c @_dl_init_paths+300    : add        r9, r3, r9      : IntAlu :  D=0x00000000100b5300  flags=(IsInteger)
1222250: global: Decode: Decoded addi instruction: 0x38e70008
1222250: system.cpu: A0 T0 : 0x1004e040 @_dl_init_paths+304    : addi       r7, r7, 8       : IntAlu :  D=0x000000001007e388  flags=(IsInteger)
1222500: global: Decode: Decoded addi instruction: 0x39600000
1222500: system.cpu: A0 T0 : 0x1004e044 @_dl_init_paths+308    : li         r11, 0          : IntAlu :  D=0x0000000000000000  flags=(IsInteger)
1222750: global: Decode: Decoded addi instruction: 0x3880000b
1222750: system.cpu: A0 T0 : 0x1004e048 @_dl_init_paths+312    : li         r4, 11          : IntAlu :  D=0x000000000000000b  flags=(IsInteger)
1223000: global: Decode: Decoded std instruction: 0xf9230000
1223000: system.cpu: A0 T0 : 0x1004e04c @_dl_init_paths+316    : std        r9, 0(r3)       : MemWrite :  D=0x00000000100b5300 A=0x100b52b0  flags=(IsInteger|IsStore)
1223250: global: Decode: Decoded std instruction: 0xf93b0008
1223250: system.cpu: A0 T0 : 0x1004e050 @_dl_init_paths+320    : std        r9, 8(r27)      : MemWrite :  D=0x00000000100b5300 A=0x100b5298  flags=(IsInteger|IsStore)
1223500: global: Decode: Decoded addi instruction: 0x38bb0010
1223500: system.cpu: A0 T0 : 0x1004e054 @_dl_init_paths+324    : addi       r5, r27, 16     : IntAlu :  D=0x00000000100b52a0  flags=(IsInteger)
1223750: global: Decode: Decoded std instruction: 0xf8c90008
1223750: system.cpu: A0 T0 : 0x1004e058 @_dl_init_paths+328    : std        r6, 8(r9)       : MemWrite :  D=0x000000001007ea20 A=0x100b5308  flags=(IsInteger|IsStore)
1224000: global: Decode: Decoded std instruction: 0xf8e90018
1224000: system.cpu: A0 T0 : 0x1004e05c @_dl_init_paths+332    : std        r7, 24(r9)      : MemWrite :  D=0x000000001007e388 A=0x100b5318  flags=(IsInteger|IsStore)
1224250: global: Decode: Decoded addi instruction: 0x39490024
1224250: system.cpu: A0 T0 : 0x1004e060 @_dl_init_paths+336    : addi       r10, r9, 36     : IntAlu :  D=0x00000000100b5324  flags=(IsInteger)
1224500: global: Decode: Decoded addi instruction: 0x39000000
1224500: system.cpu: A0 T0 : 0x1004e064 @_dl_init_paths+340    : li         r8, 0           : IntAlu :  D=0x0000000000000000  flags=(IsInteger)
1224750: global: Decode: Decoded std instruction: 0xf9690010
1224750: system.cpu: A0 T0 : 0x1004e068 @_dl_init_paths+344    : std        r11, 16(r9)     : MemWrite :  D=0x0000000000000000 A=0x100b5310  flags=(IsInteger|IsStore)
1225000: global: Decode: Decoded std instruction: 0xf8890020
1225000: system.cpu: A0 T0 : 0x1004e06c @_dl_init_paths+348    : std        r4, 32(r9)      : MemWrite :  D=0x000000000000000b A=0x100b5320  flags=(IsInteger|IsStore)
1225250: global: Decode: Decoded stwu instruction: 0x950a0004
1225250: system.cpu: A0 T0 : 0x1004e070 @_dl_init_paths+352    : stwu       r8, 4(r10)      : MemWrite :  D=0x00000000100b5328 A=0x100b5328  flags=(IsInteger|IsStore)
1225500: global: Decode: Decoded bc instruction: 0x4200fffc
1225500: system.cpu: A0 T0 : 0x1004e074 @_dl_init_paths+356    : bc         0, 16, 0x1004e070 : IntAlu :  D=0x0000000000000003  flags=(IsInteger|IsControl|IsDirectControl|IsCondControl)
1225750: global: Decode: Decoded stwu instruction: 0x950a0004
1225750: system.cpu: A0 T0 : 0x1004e070 @_dl_init_paths+352    : stwu       r8, 4(r10)      : MemWrite :  D=0x00000000100b532c A=0x100b532c  flags=(IsInteger|IsStore)
1226000: global: Decode: Decoded bc instruction: 0x4200fffc
1226000: system.cpu: A0 T0 : 0x1004e074 @_dl_init_paths+356    : bc         0, 16, 0x1004e070 : IntAlu :  D=0x0000000000000002  flags=(IsInteger|IsControl|IsDirectControl|IsCondControl)
1226250: global: Decode: Decoded stwu instruction: 0x950a0004
1226250: system.cpu: A0 T0 : 0x1004e070 @_dl_init_paths+352    : stwu       r8, 4(r10)      : MemWrite :  D=0x00000000100b5330 A=0x100b5330  flags=(IsInteger|IsStore)
1226500: global: Decode: Decoded bc instruction: 0x4200fffc
1226500: system.cpu: A0 T0 : 0x1004e074 @_dl_init_paths+356    : bc         0, 16, 0x1004e070 : IntAlu :  D=0x0000000000000001  flags=(IsInteger|IsControl|IsDirectControl|IsCondControl)
1226750: global: Decode: Decoded stwu instruction: 0x950a0004
1226750: system.cpu: A0 T0 : 0x1004e070 @_dl_init_paths+352    : stwu       r8, 4(r10)      : MemWrite :  D=0x00000000100b5334 A=0x100b5334  flags=(IsInteger|IsStore)
1227000: global: Decode: Decoded bc instruction: 0x4200fffc
1227000: system.cpu: A0 T0 : 0x1004e074 @_dl_init_paths+356    : bc         0, 16, 0x1004e070 : IntAlu :  D=0x0000000000000000  flags=(IsInteger|IsControl|IsDirectControl|IsCondControl)
1227250: global: Decode: Decoded addi instruction: 0x39400000
1227250: system.cpu: A0 T0 : 0x1004e078 @_dl_init_paths+360    : li         r10, 0          : IntAlu :  D=0x0000000000000000  flags=(IsInteger)
1227500: global: Decode: Decoded cmpi instruction: 0x2fba0000
1227500: system.cpu: A0 T0 : 0x1004e07c @_dl_init_paths+364    : cmpdi      cr7, r26, 0     : IntAlu :  D=0x0000000028000282  flags=(IsInteger)
1227750: global: Decode: Decoded addi instruction: 0x3900000b
1227750: system.cpu: A0 T0 : 0x1004e080 @_dl_init_paths+368    : li         r8, 11          : IntAlu :  D=0x000000000000000b  flags=(IsInteger)
1228000: global: Decode: Decoded std instruction: 0xf9490000
1228000: system.cpu: A0 T0 : 0x1004e084 @_dl_init_paths+372    : std        r10, 0(r9)      : MemWrite :  D=0x0000000000000000 A=0x100b5300  flags=(IsInteger|IsStore)
1228250: global: Decode: Decoded ori instruction: 0x60000000
1228250: system.cpu: A0 T0 : 0x1004e088 @_dl_init_paths+376    : nop                        : IntAlu :  D=0x000000001004dfc8  flags=(IsInteger)
1228500: global: Decode: Decoded std instruction: 0xf9450000
1228500: system.cpu: A0 T0 : 0x1004e08c @_dl_init_paths+380    : std        r10, 0(r5)      : MemWrite :  D=0x0000000000000000 A=0x100b52a0  flags=(IsInteger|IsStore)
1228750: global: Decode: Decoded std instruction: 0xf902afe0
1228750: system.cpu: A0 T0 : 0x1004e090 @_dl_init_paths+384    : std        r8, -20512(r2)  : MemWrite :  D=0x000000000000000b A=0x100b2ce0  flags=(IsInteger|IsStore)
1229000: global: Decode: Decoded bc instruction: 0x419e0010
1229000: system.cpu: A0 T0 : 0x1004e094 @_dl_init_paths+388    : bc         30, 12, 0x1004e0a4 : IntAlu :  D=0x0000000000000000  flags=(IsInteger|IsControl|IsDirectControl|IsCondControl)
1229250: global: Decode: Decoded addi instruction: 0x383f00a0
1229250: system.cpu: A0 T0 : 0x1004e0a4 @_dl_init_paths+404    : addi       r1, r31, 160    : IntAlu :  D=0x00007fffffffe8c0  flags=(IsInteger)
1229500: global: Decode: Decoded addi instruction: 0x3920ffff
1229500: system.cpu: A0 T0 : 0x1004e0a8 @_dl_init_paths+408    : li         r9, -1          : IntAlu :  D=0xffffffffffffffff  flags=(IsInteger)
1229750: global: Decode: Decoded addis instruction: 0x3d42ffff
1229750: system.cpu: A0 T0 : 0x1004e0ac @_dl_init_paths+412    : subis      r10, r2, 1      : IntAlu :  D=0x00000000100a7d00  flags=(IsInteger)
1230000: global: Decode: Decoded ld instruction: 0xe8010010
1230000: system.cpu: A0 T0 : 0x1004e0b0 @_dl_init_paths+416    : ld         r0, 16(r1)      : MemRead :  D=0x00000000100256b8 A=0x7fffffffe8d0  flags=(IsInteger|IsLoad)
1230250: global: Decode: Decoded ld instruction: 0xeb41ffd0
1230250: system.cpu: A0 T0 : 0x1004e0b4 @_dl_init_paths+420    : ld         r26, -48(r1)    : MemRead :  D=0x0000000000000000 A=0x7fffffffe890  flags=(IsInteger|IsLoad)
1230500: global: Decode: Decoded ld instruction: 0xeb61ffd8
1230500: system.cpu: A0 T0 : 0x1004e0b8 @_dl_init_paths+424    : ld         r27, -40(r1)    : MemRead :  D=0x00000000100b00d8 A=0x7fffffffe898  flags=(IsInteger|IsLoad)
1230750: global: Decode: Decoded ld instruction: 0xeb81ffe0
1230750: system.cpu: A0 T0 : 0x1004e0bc @_dl_init_paths+428    : ld         r28, -32(r1)    : MemRead :  D=0x00000000100b35d0 A=0x7fffffffe8a0  flags=(IsInteger|IsLoad)
1231000: global: Decode: Decoded ld instruction: 0xeba1ffe8
1231000: system.cpu: A0 T0 : 0x1004e0c0 @_dl_init_paths+432    : ld         r29, -24(r1)    : MemRead :  D=0x00000000100b35e8 A=0x7fffffffe8a8  flags=(IsInteger|IsLoad)
1231250: global: Decode: Decoded ld instruction: 0xebc1fff0
1231250: system.cpu: A0 T0 : 0x1004e0c4 @_dl_init_paths+436    : ld         r30, -16(r1)    : MemRead :  D=0x00000000100b35b0 A=0x7fffffffe8b0  flags=(IsInteger|IsLoad)
1231500: global: Decode: Decoded ld instruction: 0xebe1fff8
1231500: system.cpu: A0 T0 : 0x1004e0c8 @_dl_init_paths+440    : ld         r31, -8(r1)     : MemRead :  D=0x0000000000000001 A=0x7fffffffe8b8  flags=(IsInteger|IsLoad)
1231750: global: Decode: Decoded std instruction: 0xf92a2860
1231750: system.cpu: A0 T0 : 0x1004e0cc @_dl_init_paths+444    : std        r9, 10336(r10)  : MemWrite :  D=0xffffffffffffffff A=0x100aa560  flags=(IsInteger|IsStore)
1232000: global: Decode: Decoded mtlr instruction: 0x7c0803a6
1232000: system.cpu: A0 T0 : 0x1004e0d0 @_dl_init_paths+448    : mtlr       r0              : IntAlu :  D=0x00000000100256b8  flags=(IsInteger)
1232250: global: Decode: Decoded bclr instruction: 0x4e800020
1232250: system.cpu: A0 T0 : 0x1004e0d4 @_dl_init_paths+452    : bclr       0, 20           : IntAlu :  D=0x0000000000000000  flags=(IsInteger|IsControl|IsIndirectControl|IsCondControl|IsReturn)
1232500: global: Decode: Decoded ori instruction: 0x60000000
1232500: system.cpu: A0 T0 : 0x100256b8 @_dl_non_dynamic_init+1448    : nop                        : IntAlu :  D=0x00000000100256b8  flags=(IsInteger)
1232750: global: Decode: Decoded ori instruction: 0x60000000
1232750: system.cpu: A0 T0 : 0x100256bc @_dl_non_dynamic_init+1452    : nop                        : IntAlu :  D=0x00000000100256b8  flags=(IsInteger)
1233000: global: Decode: Decoded addi instruction: 0x3942b900
1233000: system.cpu: A0 T0 : 0x100256c0 @_dl_non_dynamic_init+1456    : subi       r10, r2, 18176  : IntAlu :  D=0x00000000100b3600  flags=(IsInteger)
1233250: global: Decode: Decoded ori instruction: 0x60000000
1233250: system.cpu: A0 T0 : 0x100256c4 @_dl_non_dynamic_init+1460    : nop                        : IntAlu :  D=0x00000000100256b8  flags=(IsInteger)
1233500: global: Decode: Decoded addi instruction: 0x3922b8d8
1233500: system.cpu: A0 T0 : 0x100256c8 @_dl_non_dynamic_init+1464    : subi       r9, r2, 18216   : IntAlu :  D=0x00000000100b35d8  flags=(IsInteger)
1233750: global: Decode: Decoded addis instruction: 0x3c62fffc
1233750: system.cpu: A0 T0 : 0x100256cc @_dl_non_dynamic_init+1468    : subis      r3, r2, 4       : IntAlu :  D=0x0000000010077d00  flags=(IsInteger)
1234000: global: Decode: Decoded addi instruction: 0x386383d8
1234000: system.cpu: A0 T0 : 0x100256d0 @_dl_non_dynamic_init+1472    : subi       r3, r3, 31784   : IntAlu :  D=0x00000000100700d8  flags=(IsInteger)
1234250: global: Decode: Decoded ld instruction: 0xe94a0000
1234250: system.cpu: A0 T0 : 0x100256d4 @_dl_non_dynamic_init+1476    : ld         r10, 0(r10)     : MemRead :  D=0x00000000100b52b0 A=0x100b3600  flags=(IsInteger|IsLoad)
1234500: global: Decode: Decoded std instruction: 0xf9490000
1234500: system.cpu: A0 T0 : 0x100256d8 @_dl_non_dynamic_init+1480    : std        r10, 0(r9)      : MemWrite :  D=0x00000000100b52b0 A=0x100b35d8  flags=(IsInteger|IsStore)
1234750: global: Decode: Decoded b instruction: 0x4bfe26e5
1234750: system.cpu: A0 T0 : 0x100256dc @_dl_non_dynamic_init+1484    : bl         getenv          : IntAlu :  D=0x00000000100256e0  flags=(IsInteger|IsControl|IsDirectControl|IsUncondControl)
1235000: global: Decode: Decoded ori instruction: 0x60000000
1235000: system.cpu: A0 T0 : 0x10007dc0 @getenv    : nop                        : IntAlu :  D=0x00000000100256b8  flags=(IsInteger)
1235250: global: Decode: Decoded addi instruction: 0x3922ae50
1235250: system.cpu: A0 T0 : 0x10007dc4 @getenv+4    : subi       r9, r2, 20912   : IntAlu :  D=0x00000000100b2b50  flags=(IsInteger)
1235500: global: Decode: Decoded std instruction: 0xfbc1fff0
1235500: system.cpu: A0 T0 : 0x10007dc8 @getenv+8    : std        r30, -16(r1)    : MemWrite :  D=0x00000000100b35b0 A=0x7fffffffe8b0  flags=(IsInteger|IsStore)
1235750: global: Decode: Decoded std instruction: 0xfbe1fff8
1235750: system.cpu: A0 T0 : 0x10007dcc @getenv+12    : std        r31, -8(r1)     : MemWrite :  D=0x0000000000000001 A=0x7fffffffe8b8  flags=(IsInteger|IsStore)
1236000: global: Decode: Decoded stdu instruction: 0xf821ff61
1236000: system.cpu: A0 T0 : 0x10007dd0 @getenv+16    : stdu       r1, -160(r1)    : MemWrite :  D=0x00007fffffffe820 A=0x7fffffffe820  flags=(IsInteger|IsStore)
1236250: global: Decode: Decoded ld instruction: 0xebc90000
1236250: system.cpu: A0 T0 : 0x10007dd4 @getenv+20    : ld         r30, 0(r9)      : MemRead :  D=0x00007fffffffee48 A=0x100b2b50  flags=(IsInteger|IsLoad)
1236500: global: Decode: Decoded cmpi instruction: 0x2fbe0000
1236500: system.cpu: A0 T0 : 0x10007dd8 @getenv+24    : cmpdi      cr7, r30, 0     : IntAlu :  D=0x0000000028000284  flags=(IsInteger)
1236750: global: Decode: Decoded bc instruction: 0x419e01a4
1236750: system.cpu: A0 T0 : 0x10007ddc @getenv+28    : bc         30, 12, 0x10007f80 : IntAlu :  D=0x0000000000000000  flags=(IsInteger|IsControl|IsDirectControl|IsCondControl)
1237000: global: Decode: Decoded std instruction: 0xfb410070
1237000: system.cpu: A0 T0 : 0x10007de0 @getenv+32    : std        r26, 112(r1)    : MemWrite :  D=0x0000000000000000 A=0x7fffffffe890  flags=(IsInteger|IsStore)
1237250: global: Decode: Decoded or instruction: 0x7c7a1b78
1237250: system.cpu: A0 T0 : 0x10007de4 @getenv+36    : mr         r26, r3         : IntAlu :  D=0x00000000100700d8  flags=(IsInteger)
1237500: global: Decode: Decoded lbz instruction: 0x89230000
1237500: system.cpu: A0 T0 : 0x10007de8 @getenv+40    : lbz        r9, 0(r3)       : MemRead :  D=0x000000000000004c A=0x100700d8  flags=(IsInteger|IsLoad)
1237750: global: Decode: Decoded cmpi instruction: 0x2fa90000
1237750: system.cpu: A0 T0 : 0x10007dec @getenv+44    : cmpdi      cr7, r9, 0      : IntAlu :  D=0x0000000028000284  flags=(IsInteger)
1238000: global: Decode: Decoded bc instruction: 0x419e0170
1238000: system.cpu: A0 T0 : 0x10007df0 @getenv+48    : bc         30, 12, 0x10007f60 : IntAlu :  D=0x0000000000000000  flags=(IsInteger|IsControl|IsDirectControl|IsCondControl)
1238250: global: Decode: Decoded std instruction: 0xfb810080
1238250: system.cpu: A0 T0 : 0x10007df4 @getenv+52    : std        r28, 128(r1)    : MemWrite :  D=0x00000000100b35d0 A=0x7fffffffe8a0  flags=(IsInteger|IsStore)
1238500: global: Decode: Decoded std instruction: 0xfba10088
1238500: system.cpu: A0 T0 : 0x10007df8 @getenv+56    : std        r29, 136(r1)    : MemWrite :  D=0x00000000100b35e8 A=0x7fffffffe8a8  flags=(IsInteger|IsStore)
1238750: global: Decode: Decoded extsh instruction: 0x7d3c0734
1238750: system.cpu: A0 T0 : 0x10007dfc @getenv+60    : extsh      r28, r9         : IntAlu :  D=0x000000000000004c  flags=(IsInteger)
1239000: global: Decode: Decoded ld instruction: 0xebfe0000
1239000: system.cpu: A0 T0 : 0x10007e00 @getenv+64    : ld         r31, 0(r30)     : MemRead :  D=0x0000000000000000 A=0x7fffffffee48  flags=(IsInteger|IsLoad)
1239250: global: Decode: Decoded lbz instruction: 0x8ba30001
1239250: system.cpu: A0 T0 : 0x10007e04 @getenv+68    : lbz        r29, 1(r3)      : MemRead :  D=0x0000000000000044 A=0x100700d9  flags=(IsInteger|IsLoad)
1239500: global: Decode: Decoded cmpi instruction: 0x2fbd0000
1239500: system.cpu: A0 T0 : 0x10007e08 @getenv+72    : cmpdi      cr7, r29, 0     : IntAlu :  D=0x0000000028000284  flags=(IsInteger)
1239750: global: Decode: Decoded bc instruction: 0x409e0064
1239750: system.cpu: A0 T0 : 0x10007e0c @getenv+76    : bc         30, 4, 0x10007e70 : IntAlu :  D=0x0000000000000000  flags=(IsInteger|IsControl|IsDirectControl|IsCondControl)
1240000: global: Decode: Decoded mflr instruction: 0x7c0802a6
1240000: system.cpu: A0 T0 : 0x10007e70 @getenv+176    : mflr       r0              : IntAlu :  D=0x00000000100256e0  flags=(IsInteger)
1240250: global: Decode: Decoded std instruction: 0xfb610078
1240250: system.cpu: A0 T0 : 0x10007e74 @getenv+180    : std        r27, 120(r1)    : MemWrite :  D=0x00000000100b00d8 A=0x7fffffffe898  flags=(IsInteger|IsStore)
1240500: global: Decode: Decoded rlwinm instruction: 0x57bd402e
1240500: system.cpu: A0 T0 : 0x10007e78 @getenv+184    : rlwinm     r29, r29, 8, 0, 23 : IntAlu :  D=0x0000000000004400  flags=(IsInteger)
1240750: global: Decode: Decoded or instruction: 0x7fbde378
1240750: system.cpu: A0 T0 : 0x10007e7c @getenv+188    : or         r29, r29, r28   : IntAlu :  D=0x000000000000444c  flags=(IsInteger)
1241000: global: Decode: Decoded addi instruction: 0x3b5a0002
1241000: system.cpu: A0 T0 : 0x10007e80 @getenv+192    : addi       r26, r26, 2     : IntAlu :  D=0x00000000100700da  flags=(IsInteger)
1241250: global: Decode: Decoded extsh instruction: 0x7fbd0734
1241250: system.cpu: A0 T0 : 0x10007e84 @getenv+196    : extsh      r29, r29        : IntAlu :  D=0x000000000000444c  flags=(IsInteger)
1241500: global: Decode: Decoded std instruction: 0xf80100b0
1241500: system.cpu: A0 T0 : 0x10007e88 @getenv+200    : std        r0, 176(r1)     : MemWrite :  D=0x00000000100256e0 A=0x7fffffffe8d0  flags=(IsInteger|IsStore)
1241750: global: Decode: Decoded b instruction: 0x480159cd
1241750: system.cpu: A0 T0 : 0x10007e8c @getenv+204    : bl         strlen          : IntAlu :  D=0x0000000010007e90  flags=(IsInteger|IsControl|IsDirectControl|IsUncondControl)
1242000: global: Decode: Decoded dcbt instruction: 0x7c001a2c
1242000: system.cpu: A0 T0 : 0x1001d858 @strlen    : dcbt                       : IntAlu :   flags=()
1242250: global: Decode: Decoded rldicr instruction: 0x78640724
1242250: system.cpu: A0 T0 : 0x1001d85c @strlen+4    : rldicr     r4, r3, 0, 60   : IntAlu :  D=0x00000000100700d8  flags=(IsInteger)
1242500: global: Decode: Decoded addis instruction: 0x3ce07f7f
1242500: system.cpu: A0 T0 : 0x1001d860 @strlen+8    : lis        r7, 32639       : IntAlu :  D=0x000000007f7f0000  flags=(IsInteger)
1242750: global: Decode: Decoded rlwinm instruction: 0x54651eb8
1242750: system.cpu: A0 T0 : 0x1001d864 @strlen+12    : rlwinm     r5, r3, 3, 26, 28 : IntAlu :  D=0x0000000000000000  flags=(IsInteger)
1243000: global: Decode: Decoded ld instruction: 0xe9040000
1243000: system.cpu: A0 T0 : 0x1001d868 @strlen+16    : ld         r8, 0(r4)       : MemRead :  D=0x4c445f42494e445f A=0x100700d8  flags=(IsInteger|IsLoad)
1243250: global: Decode: Decoded addi instruction: 0x38e77f7f
1243250: system.cpu: A0 T0 : 0x1001d86c @strlen+20    : addi       r7, r7, 32639   : IntAlu :  D=0x000000007f7f7f7f  flags=(IsInteger)
1243500: global: Decode: Decoded addi instruction: 0x3920ffff
1243500: system.cpu: A0 T0 : 0x1001d870 @strlen+24    : li         r9, -1          : IntAlu :  D=0xffffffffffffffff  flags=(IsInteger)
1243750: global: Decode: Decoded rldimi instruction: 0x78e7000e
1243750: system.cpu: A0 T0 : 0x1001d874 @strlen+28    : rldimi     r7, r7, 32, 0   : IntAlu :  D=0x7f7f7f7f7f7f7f7f  flags=(IsInteger)
1244000: global: Decode: Decoded srd instruction: 0x7d292c36
1244000: system.cpu: A0 T0 : 0x1001d878 @strlen+32    : srd        r9, r9, r5      : IntAlu :  D=0xffffffffffffffff  flags=(IsInteger)
1244250: global: Decode: Decoded and instruction: 0x7cea4038
1244250: system.cpu: A0 T0 : 0x1001d87c @strlen+36    : and        r10, r7, r8     : IntAlu :  D=0x4c445f42494e445f  flags=(IsInteger)
1244500: global: Decode: Decoded or instruction: 0x7ceb4378
1244500: system.cpu: A0 T0 : 0x1001d880 @strlen+40    : or         r11, r7, r8     : IntAlu :  D=0x7f7f7f7f7f7f7f7f  flags=(IsInteger)
1244750: global: Decode: Decoded addis instruction: 0x3cc0feff
1244750: system.cpu: A0 T0 : 0x1001d884 @strlen+44    : lis        r6, -257        : IntAlu :  D=0xfffffffffeff0000  flags=(IsInteger)
1245000: global: Decode: Decoded add instruction: 0x7d4a3a14
1245000: system.cpu: A0 T0 : 0x1001d888 @strlen+48    : add        r10, r10, r7    : IntAlu :  D=0xcbc3dec1c8cdc3de  flags=(IsInteger)
1245250: global: Decode: Decoded addi instruction: 0x38c6feff
1245250: system.cpu: A0 T0 : 0x1001d88c @strlen+52    : subi       r6, r6, 257     : IntAlu :  D=0xfffffffffefefeff  flags=(IsInteger)
1245500: global: Decode: Decoded nor instruction: 0x7d6c50f8
1245500: system.cpu: A0 T0 : 0x1001d890 @strlen+56    : nor        r12, r11, r10   : IntAlu :  D=0x0000000000000000  flags=(IsInteger)
1245750: global: Decode: Decoded and instruction: 0x7d8c4839
1245750: system.cpu: A0 T0 : 0x1001d894 @strlen+60    : and.       r12, r12, r9    : IntAlu :  D=0x0000000028000284  flags=(IsInteger)
1246000: global: Decode: Decoded mtcrf instruction: 0x7c601120
1246000: system.cpu: A0 T0 : 0x1001d898 @strlen+64    : mtcrf      r3, r32         : IntAlu :  D=0x0000000028000288  flags=(IsInteger)
1246250: global: Decode: Decoded bc instruction: 0x40820070
1246250: system.cpu: A0 T0 : 0x1001d89c @strlen+68    : bc         2, 4, 0x1001d90c : IntAlu :  D=0x0000000000000000  flags=(IsInteger|IsControl|IsDirectControl|IsCondControl)
1246500: global: Decode: Decoded rldicr instruction: 0x78ca07c6
1246500: system.cpu: A0 T0 : 0x1001d8a0 @strlen+72    : rldicr     r10, r6, 32, 31 : IntAlu :  D=0xfefefeff00000000  flags=(IsInteger)
1246750: global: Decode: Decoded add instruction: 0x7cc65214
1246750: system.cpu: A0 T0 : 0x1001d8a4 @strlen+76    : add        r6, r6, r10     : IntAlu :  D=0xfefefefefefefeff  flags=(IsInteger)
1247000: global: Decode: Decoded bc instruction: 0x419c001c
1247000: system.cpu: A0 T0 : 0x1001d8a8 @strlen+80    : bc         28, 12, 0x1001d8c4 : IntAlu :  D=0x0000000000000000  flags=(IsInteger|IsControl|IsDirectControl|IsCondControl)
1247250: global: Decode: Decoded ld instruction: 0xe9040008
1247250: system.cpu: A0 T0 : 0x1001d8c4 @strlen+108    : ld         r8, 8(r4)       : MemRead :  D=0x4e4f570000000000 A=0x100700e0  flags=(IsInteger|IsLoad)
1247500: global: Decode: Decoded ldu instruction: 0xe9240011
1247500: system.cpu: A0 T0 : 0x1001d8c8 @strlen+112    : ldu        r9, 16(r4)      : MemRead :  D=0x4c445f42494e445f A=0x100700e8  flags=(IsInteger|IsLoad)
1247750: global: Decode: Decoded add instruction: 0x7d464214
1247750: system.cpu: A0 T0 : 0x1001d8cc @strlen+116    : add        r10, r6, r8     : IntAlu :  D=0x4d4e55fefefefeff  flags=(IsInteger)
1248000: global: Decode: Decoded nor instruction: 0x7ceb40f8
1248000: system.cpu: A0 T0 : 0x1001d8d0 @strlen+120    : nor        r11, r7, r8     : IntAlu :  D=0x8080808080808080  flags=(IsInteger)
1248250: global: Decode: Decoded and instruction: 0x7d4a5839
1248250: system.cpu: A0 T0 : 0x1001d8d4 @strlen+124    : and.       r10, r10, r11   : IntAlu :  D=0x0000000048000288  flags=(IsInteger)
1248500: global: Decode: Decoded add instruction: 0x7d864a14
1248500: system.cpu: A0 T0 : 0x1001d8d8 @strlen+128    : add        r12, r6, r9     : IntAlu :  D=0x4b435e41484d435e  flags=(IsInteger)
1248750: global: Decode: Decoded nor instruction: 0x7ce048f8
1248750: system.cpu: A0 T0 : 0x1001d8dc @strlen+132    : nor        r0, r7, r9      : IntAlu :  D=0x8080808080808080  flags=(IsInteger)
1249000: global: Decode: Decoded bc instruction: 0x4082001c
1249000: system.cpu: A0 T0 : 0x1001d8e0 @strlen+136    : bc         2, 4, 0x1001d8fc : IntAlu :  D=0x0000000000000000  flags=(IsInteger|IsControl|IsDirectControl|IsCondControl)
1249250: global: Decode: Decoded and instruction: 0x7cea4038
1249250: system.cpu: A0 T0 : 0x1001d8fc @strlen+164    : and        r10, r7, r8     : IntAlu :  D=0x4e4f570000000000  flags=(IsInteger)
1249500: global: Decode: Decoded addi instruction: 0x3884fff8
1249500: system.cpu: A0 T0 : 0x1001d900 @strlen+168    : subi       r4, r4, 8       : IntAlu :  D=0x00000000100700e0  flags=(IsInteger)
1249750: global: Decode: Decoded add instruction: 0x7d4a3a14
1249750: system.cpu: A0 T0 : 0x1001d904 @strlen+172    : add        r10, r10, r7    : IntAlu :  D=0xcdced67f7f7f7f7f  flags=(IsInteger)
1250000: global: Decode: Decoded andc instruction: 0x7d6c5078
1250000: system.cpu: A0 T0 : 0x1001d908 @strlen+176    : andc       r12, r11, r10   : IntAlu :  D=0x0000008080808080  flags=(IsInteger)
1250250: global: Decode: Decoded cntlzd instruction: 0x7d8c0074
1250250: system.cpu: A0 T0 : 0x1001d90c @strlen+180    : cntlzd     r12, r12        : IntAlu :  D=0x0000000000000018  flags=(IsInteger)
1250500: global: Decode: Decoded subf instruction: 0x7d432050
1250500: system.cpu: A0 T0 : 0x1001d910 @strlen+184    : subf       r10, r3, r4     : IntAlu :  D=0x0000000000000008  flags=(IsInteger)
1250750: global: Decode: Decoded rldicl instruction: 0x798ce8c2
1250750: system.cpu: A0 T0 : 0x1001d914 @strlen+188    : rldicl     r12, r12, 61, 3 : IntAlu :  D=0x0000000000000003  flags=(IsInteger)
1251000: global: Decode: Decoded add instruction: 0x7c6a6214
1251000: system.cpu: A0 T0 : 0x1001d918 @strlen+192    : add        r3, r10, r12    : IntAlu :  D=0x000000000000000b  flags=(IsInteger)
1251250: global: Decode: Decoded bclr instruction: 0x4e800020
1251250: system.cpu: A0 T0 : 0x1001d91c @strlen+196    : bclr       0, 20           : IntAlu :  D=0x0000000000000000  flags=(IsInteger|IsControl|IsIndirectControl|IsCondControl|IsReturn)
1251500: global: Decode: Decoded ori instruction: 0x60000000
1251500: system.cpu: A0 T0 : 0x10007e90 @getenv+208    : nop                        : IntAlu :  D=0x8080808080808080  flags=(IsInteger)
1251750: global: Decode: Decoded cmpi instruction: 0x2fbf0000
1251750: system.cpu: A0 T0 : 0x10007e94 @getenv+212    : cmpdi      cr7, r31, 0     : IntAlu :  D=0x0000000048000282  flags=(IsInteger)
1252000: global: Decode: Decoded or instruction: 0x7c7b1b78
1252000: system.cpu: A0 T0 : 0x10007e98 @getenv+216    : mr         r27, r3         : IntAlu :  D=0x000000000000000b  flags=(IsInteger)
1252250: global: Decode: Decoded addi instruction: 0x3b83fffe
1252250: system.cpu: A0 T0 : 0x10007e9c @getenv+220    : subi       r28, r3, 2      : IntAlu :  D=0x0000000000000009  flags=(IsInteger)
1252500: global: Decode: Decoded bc instruction: 0x409e001c
1252500: system.cpu: A0 T0 : 0x10007ea0 @getenv+224    : bc         30, 4, 0x10007ebc : IntAlu :  D=0x0000000000000000  flags=(IsInteger|IsControl|IsDirectControl|IsCondControl)
1252750: global: Decode: Decoded b instruction: 0x4800006c
1252750: system.cpu: A0 T0 : 0x10007ea4 @getenv+228    : b          0x10007f10      : IntAlu :   flags=(IsControl|IsDirectControl|IsUncondControl)
1253000: global: Decode: Decoded ld instruction: 0xe80100b0
1253000: system.cpu: A0 T0 : 0x10007f10 @getenv+336    : ld         r0, 176(r1)     : MemRead :  D=0x00000000100256e0 A=0x7fffffffe8d0  flags=(IsInteger|IsLoad)
1253250: global: Decode: Decoded ld instruction: 0xeb410070
1253250: system.cpu: A0 T0 : 0x10007f14 @getenv+340    : ld         r26, 112(r1)    : MemRead :  D=0x0000000000000000 A=0x7fffffffe890  flags=(IsInteger|IsLoad)
1253500: global: Decode: Decoded ld instruction: 0xeb610078
1253500: system.cpu: A0 T0 : 0x10007f18 @getenv+344    : ld         r27, 120(r1)    : MemRead :  D=0x00000000100b00d8 A=0x7fffffffe898  flags=(IsInteger|IsLoad)
1253750: global: Decode: Decoded ld instruction: 0xeb810080
1253750: system.cpu: A0 T0 : 0x10007f1c @getenv+348    : ld         r28, 128(r1)    : MemRead :  D=0x00000000100b35d0 A=0x7fffffffe8a0  flags=(IsInteger|IsLoad)
1254000: global: Decode: Decoded ld instruction: 0xeba10088
1254000: system.cpu: A0 T0 : 0x10007f20 @getenv+352    : ld         r29, 136(r1)    : MemRead :  D=0x00000000100b35e8 A=0x7fffffffe8a8  flags=(IsInteger|IsLoad)
1254250: global: Decode: Decoded mtlr instruction: 0x7c0803a6
1254250: system.cpu: A0 T0 : 0x10007f24 @getenv+356    : mtlr       r0              : IntAlu :  D=0x00000000100256e0  flags=(IsInteger)
1254500: global: Decode: Decoded addi instruction: 0x382100a0
1254500: system.cpu: A0 T0 : 0x10007f28 @getenv+360    : addi       r1, r1, 160     : IntAlu :  D=0x00007fffffffe8c0  flags=(IsInteger)
1254750: global: Decode: Decoded or instruction: 0x7fe3fb78
1254750: system.cpu: A0 T0 : 0x10007f2c @getenv+364    : mr         r3, r31         : IntAlu :  D=0x0000000000000000  flags=(IsInteger)
1255000: global: Decode: Decoded ld instruction: 0xebc1fff0
1255000: system.cpu: A0 T0 : 0x10007f30 @getenv+368    : ld         r30, -16(r1)    : MemRead :  D=0x00000000100b35b0 A=0x7fffffffe8b0  flags=(IsInteger|IsLoad)
1255250: global: Decode: Decoded ld instruction: 0xebe1fff8
1255250: system.cpu: A0 T0 : 0x10007f34 @getenv+372    : ld         r31, -8(r1)     : MemRead :  D=0x0000000000000001 A=0x7fffffffe8b8  flags=(IsInteger|IsLoad)
1255500: global: Decode: Decoded bclr instruction: 0x4e800020
1255500: system.cpu: A0 T0 : 0x10007f38 @getenv+376    : bclr       0, 20           : IntAlu :  D=0x0000000000000000  flags=(IsInteger|IsControl|IsIndirectControl|IsCondControl|IsReturn)
1255750: global: Decode: Decoded ori instruction: 0x60000000
1255750: system.cpu: A0 T0 : 0x100256e0 @_dl_non_dynamic_init+1488    : nop                        : IntAlu :  D=0x00000000100256e0  flags=(IsInteger)
1256000: global: Decode: Decoded addi instruction: 0x39200001
1256000: system.cpu: A0 T0 : 0x100256e4 @_dl_non_dynamic_init+1492    : li         r9, 1           : IntAlu :  D=0x0000000000000001  flags=(IsInteger)
1256250: global: Decode: Decoded cmpi instruction: 0x2c230000
1256250: system.cpu: A0 T0 : 0x100256e8 @_dl_non_dynamic_init+1496    : cmpdi      r3, 0           : IntAlu :  D=0x0000000028000282  flags=(IsInteger)
1256500: global: Decode: Decoded bc instruction: 0x41820010
1256500: system.cpu: A0 T0 : 0x100256ec @_dl_non_dynamic_init+1500    : bc         2, 12, 0x100256fc : IntAlu :  D=0x0000000000000000  flags=(IsInteger|IsControl|IsDirectControl|IsCondControl)
1256750: global: Decode: Decoded ori instruction: 0x60000000
1256750: system.cpu: A0 T0 : 0x100256fc @_dl_non_dynamic_init+1516    : nop                        : IntAlu :  D=0x00000000100256e0  flags=(IsInteger)
1257000: global: Decode: Decoded addi instruction: 0x3942b898
1257000: system.cpu: A0 T0 : 0x10025700 @_dl_non_dynamic_init+1520    : subi       r10, r2, 18280  : IntAlu :  D=0x00000000100b3598  flags=(IsInteger)
1257250: global: Decode: Decoded addis instruction: 0x3c62fffc
1257250: system.cpu: A0 T0 : 0x10025704 @_dl_non_dynamic_init+1524    : subis      r3, r2, 4       : IntAlu :  D=0x0000000010077d00  flags=(IsInteger)
1257500: global: Decode: Decoded addi instruction: 0x386383e8
1257500: system.cpu: A0 T0 : 0x10025708 @_dl_non_dynamic_init+1528    : subi       r3, r3, 31768   : IntAlu :  D=0x00000000100700e8  flags=(IsInteger)
1257750: global: Decode: Decoded stw instruction: 0x912a0000
1257750: system.cpu: A0 T0 : 0x1002570c @_dl_non_dynamic_init+1532    : stw        r9, 0(r10)      : MemWrite :  D=0x0000000000000001 A=0x100b3598  flags=(IsInteger|IsStore)
1258000: global: Decode: Decoded b instruction: 0x4bfe26b1
1258000: system.cpu: A0 T0 : 0x10025710 @_dl_non_dynamic_init+1536    : bl         getenv          : IntAlu :  D=0x0000000010025714  flags=(IsInteger|IsControl|IsDirectControl|IsUncondControl)
1258250: global: Decode: Decoded ori instruction: 0x60000000
1258250: system.cpu: A0 T0 : 0x10007dc0 @getenv    : nop                        : IntAlu :  D=0x00000000100256e0  flags=(IsInteger)
1258500: global: Decode: Decoded addi instruction: 0x3922ae50
1258500: system.cpu: A0 T0 : 0x10007dc4 @getenv+4    : subi       r9, r2, 20912   : IntAlu :  D=0x00000000100b2b50  flags=(IsInteger)
1258750: global: Decode: Decoded std instruction: 0xfbc1fff0
1258750: system.cpu: A0 T0 : 0x10007dc8 @getenv+8    : std        r30, -16(r1)    : MemWrite :  D=0x00000000100b35b0 A=0x7fffffffe8b0  flags=(IsInteger|IsStore)
1259000: global: Decode: Decoded std instruction: 0xfbe1fff8
1259000: system.cpu: A0 T0 : 0x10007dcc @getenv+12    : std        r31, -8(r1)     : MemWrite :  D=0x0000000000000001 A=0x7fffffffe8b8  flags=(IsInteger|IsStore)
1259250: global: Decode: Decoded stdu instruction: 0xf821ff61
1259250: system.cpu: A0 T0 : 0x10007dd0 @getenv+16    : stdu       r1, -160(r1)    : MemWrite :  D=0x00007fffffffe820 A=0x7fffffffe820  flags=(IsInteger|IsStore)
1259500: global: Decode: Decoded ld instruction: 0xebc90000
1259500: system.cpu: A0 T0 : 0x10007dd4 @getenv+20    : ld         r30, 0(r9)      : MemRead :  D=0x00007fffffffee48 A=0x100b2b50  flags=(IsInteger|IsLoad)
1259750: global: Decode: Decoded cmpi instruction: 0x2fbe0000
1259750: system.cpu: A0 T0 : 0x10007dd8 @getenv+24    : cmpdi      cr7, r30, 0     : IntAlu :  D=0x0000000028000284  flags=(IsInteger)
1260000: global: Decode: Decoded bc instruction: 0x419e01a4
1260000: system.cpu: A0 T0 : 0x10007ddc @getenv+28    : bc         30, 12, 0x10007f80 : IntAlu :  D=0x0000000000000000  flags=(IsInteger|IsControl|IsDirectControl|IsCondControl)
1260250: global: Decode: Decoded std instruction: 0xfb410070
1260250: system.cpu: A0 T0 : 0x10007de0 @getenv+32    : std        r26, 112(r1)    : MemWrite :  D=0x0000000000000000 A=0x7fffffffe890  flags=(IsInteger|IsStore)
1260500: global: Decode: Decoded or instruction: 0x7c7a1b78
1260500: system.cpu: A0 T0 : 0x10007de4 @getenv+36    : mr         r26, r3         : IntAlu :  D=0x00000000100700e8  flags=(IsInteger)
1260750: global: Decode: Decoded lbz instruction: 0x89230000
1260750: system.cpu: A0 T0 : 0x10007de8 @getenv+40    : lbz        r9, 0(r3)       : MemRead :  D=0x000000000000004c A=0x100700e8  flags=(IsInteger|IsLoad)
1261000: global: Decode: Decoded cmpi instruction: 0x2fa90000
1261000: system.cpu: A0 T0 : 0x10007dec @getenv+44    : cmpdi      cr7, r9, 0      : IntAlu :  D=0x0000000028000284  flags=(IsInteger)
1261250: global: Decode: Decoded bc instruction: 0x419e0170
1261250: system.cpu: A0 T0 : 0x10007df0 @getenv+48    : bc         30, 12, 0x10007f60 : IntAlu :  D=0x0000000000000000  flags=(IsInteger|IsControl|IsDirectControl|IsCondControl)
1261500: global: Decode: Decoded std instruction: 0xfb810080
1261500: system.cpu: A0 T0 : 0x10007df4 @getenv+52    : std        r28, 128(r1)    : MemWrite :  D=0x00000000100b35d0 A=0x7fffffffe8a0  flags=(IsInteger|IsStore)
1261750: global: Decode: Decoded std instruction: 0xfba10088
1261750: system.cpu: A0 T0 : 0x10007df8 @getenv+56    : std        r29, 136(r1)    : MemWrite :  D=0x00000000100b35e8 A=0x7fffffffe8a8  flags=(IsInteger|IsStore)
1262000: global: Decode: Decoded extsh instruction: 0x7d3c0734
1262000: system.cpu: A0 T0 : 0x10007dfc @getenv+60    : extsh      r28, r9         : IntAlu :  D=0x000000000000004c  flags=(IsInteger)
1262250: global: Decode: Decoded ld instruction: 0xebfe0000
1262250: system.cpu: A0 T0 : 0x10007e00 @getenv+64    : ld         r31, 0(r30)     : MemRead :  D=0x0000000000000000 A=0x7fffffffee48  flags=(IsInteger|IsLoad)
1262500: global: Decode: Decoded lbz instruction: 0x8ba30001
1262500: system.cpu: A0 T0 : 0x10007e04 @getenv+68    : lbz        r29, 1(r3)      : MemRead :  D=0x0000000000000044 A=0x100700e9  flags=(IsInteger|IsLoad)
1262750: global: Decode: Decoded cmpi instruction: 0x2fbd0000
1262750: system.cpu: A0 T0 : 0x10007e08 @getenv+72    : cmpdi      cr7, r29, 0     : IntAlu :  D=0x0000000028000284  flags=(IsInteger)
1263000: global: Decode: Decoded bc instruction: 0x409e0064
1263000: system.cpu: A0 T0 : 0x10007e0c @getenv+76    : bc         30, 4, 0x10007e70 : IntAlu :  D=0x0000000000000000  flags=(IsInteger|IsControl|IsDirectControl|IsCondControl)
1263250: global: Decode: Decoded mflr instruction: 0x7c0802a6
1263250: system.cpu: A0 T0 : 0x10007e70 @getenv+176    : mflr       r0              : IntAlu :  D=0x0000000010025714  flags=(IsInteger)
1263500: global: Decode: Decoded std instruction: 0xfb610078
1263500: system.cpu: A0 T0 : 0x10007e74 @getenv+180    : std        r27, 120(r1)    : MemWrite :  D=0x00000000100b00d8 A=0x7fffffffe898  flags=(IsInteger|IsStore)
1263750: global: Decode: Decoded rlwinm instruction: 0x57bd402e
1263750: system.cpu: A0 T0 : 0x10007e78 @getenv+184    : rlwinm     r29, r29, 8, 0, 23 : IntAlu :  D=0x0000000000004400  flags=(IsInteger)
1264000: global: Decode: Decoded or instruction: 0x7fbde378
1264000: system.cpu: A0 T0 : 0x10007e7c @getenv+188    : or         r29, r29, r28   : IntAlu :  D=0x000000000000444c  flags=(IsInteger)
1264250: global: Decode: Decoded addi instruction: 0x3b5a0002
1264250: system.cpu: A0 T0 : 0x10007e80 @getenv+192    : addi       r26, r26, 2     : IntAlu :  D=0x00000000100700ea  flags=(IsInteger)
1264500: global: Decode: Decoded extsh instruction: 0x7fbd0734
1264500: system.cpu: A0 T0 : 0x10007e84 @getenv+196    : extsh      r29, r29        : IntAlu :  D=0x000000000000444c  flags=(IsInteger)
1264750: global: Decode: Decoded std instruction: 0xf80100b0
1264750: system.cpu: A0 T0 : 0x10007e88 @getenv+200    : std        r0, 176(r1)     : MemWrite :  D=0x0000000010025714 A=0x7fffffffe8d0  flags=(IsInteger|IsStore)
1265000: global: Decode: Decoded b instruction: 0x480159cd
1265000: system.cpu: A0 T0 : 0x10007e8c @getenv+204    : bl         strlen          : IntAlu :  D=0x0000000010007e90  flags=(IsInteger|IsControl|IsDirectControl|IsUncondControl)
1265250: global: Decode: Decoded dcbt instruction: 0x7c001a2c
1265250: system.cpu: A0 T0 : 0x1001d858 @strlen    : dcbt                       : IntAlu :   flags=()
1265500: global: Decode: Decoded rldicr instruction: 0x78640724
1265500: system.cpu: A0 T0 : 0x1001d85c @strlen+4    : rldicr     r4, r3, 0, 60   : IntAlu :  D=0x00000000100700e8  flags=(IsInteger)
1265750: global: Decode: Decoded addis instruction: 0x3ce07f7f
1265750: system.cpu: A0 T0 : 0x1001d860 @strlen+8    : lis        r7, 32639       : IntAlu :  D=0x000000007f7f0000  flags=(IsInteger)
1266000: global: Decode: Decoded rlwinm instruction: 0x54651eb8
1266000: system.cpu: A0 T0 : 0x1001d864 @strlen+12    : rlwinm     r5, r3, 3, 26, 28 : IntAlu :  D=0x0000000000000000  flags=(IsInteger)
1266250: global: Decode: Decoded ld instruction: 0xe9040000
1266250: system.cpu: A0 T0 : 0x1001d868 @strlen+16    : ld         r8, 0(r4)       : MemRead :  D=0x4c445f42494e445f A=0x100700e8  flags=(IsInteger|IsLoad)
1266500: global: Decode: Decoded addi instruction: 0x38e77f7f
1266500: system.cpu: A0 T0 : 0x1001d86c @strlen+20    : addi       r7, r7, 32639   : IntAlu :  D=0x000000007f7f7f7f  flags=(IsInteger)
1266750: global: Decode: Decoded addi instruction: 0x3920ffff
1266750: system.cpu: A0 T0 : 0x1001d870 @strlen+24    : li         r9, -1          : IntAlu :  D=0xffffffffffffffff  flags=(IsInteger)
1267000: global: Decode: Decoded rldimi instruction: 0x78e7000e
1267000: system.cpu: A0 T0 : 0x1001d874 @strlen+28    : rldimi     r7, r7, 32, 0   : IntAlu :  D=0x7f7f7f7f7f7f7f7f  flags=(IsInteger)
1267250: global: Decode: Decoded srd instruction: 0x7d292c36
1267250: system.cpu: A0 T0 : 0x1001d878 @strlen+32    : srd        r9, r9, r5      : IntAlu :  D=0xffffffffffffffff  flags=(IsInteger)
1267500: global: Decode: Decoded and instruction: 0x7cea4038
1267500: system.cpu: A0 T0 : 0x1001d87c @strlen+36    : and        r10, r7, r8     : IntAlu :  D=0x4c445f42494e445f  flags=(IsInteger)
1267750: global: Decode: Decoded or instruction: 0x7ceb4378
1267750: system.cpu: A0 T0 : 0x1001d880 @strlen+40    : or         r11, r7, r8     : IntAlu :  D=0x7f7f7f7f7f7f7f7f  flags=(IsInteger)
1268000: global: Decode: Decoded addis instruction: 0x3cc0feff
1268000: system.cpu: A0 T0 : 0x1001d884 @strlen+44    : lis        r6, -257        : IntAlu :  D=0xfffffffffeff0000  flags=(IsInteger)
1268250: global: Decode: Decoded add instruction: 0x7d4a3a14
1268250: system.cpu: A0 T0 : 0x1001d888 @strlen+48    : add        r10, r10, r7    : IntAlu :  D=0xcbc3dec1c8cdc3de  flags=(IsInteger)
1268500: global: Decode: Decoded addi instruction: 0x38c6feff
1268500: system.cpu: A0 T0 : 0x1001d88c @strlen+52    : subi       r6, r6, 257     : IntAlu :  D=0xfffffffffefefeff  flags=(IsInteger)
1268750: global: Decode: Decoded nor instruction: 0x7d6c50f8
1268750: system.cpu: A0 T0 : 0x1001d890 @strlen+56    : nor        r12, r11, r10   : IntAlu :  D=0x0000000000000000  flags=(IsInteger)
1269000: global: Decode: Decoded and instruction: 0x7d8c4839
1269000: system.cpu: A0 T0 : 0x1001d894 @strlen+60    : and.       r12, r12, r9    : IntAlu :  D=0x0000000028000284  flags=(IsInteger)
1269250: global: Decode: Decoded mtcrf instruction: 0x7c601120
1269250: system.cpu: A0 T0 : 0x1001d898 @strlen+64    : mtcrf      r3, r32         : IntAlu :  D=0x0000000028000288  flags=(IsInteger)
1269500: global: Decode: Decoded bc instruction: 0x40820070
1269500: system.cpu: A0 T0 : 0x1001d89c @strlen+68    : bc         2, 4, 0x1001d90c : IntAlu :  D=0x0000000000000000  flags=(IsInteger|IsControl|IsDirectControl|IsCondControl)
1269750: global: Decode: Decoded rldicr instruction: 0x78ca07c6
1269750: system.cpu: A0 T0 : 0x1001d8a0 @strlen+72    : rldicr     r10, r6, 32, 31 : IntAlu :  D=0xfefefeff00000000  flags=(IsInteger)
1270000: global: Decode: Decoded add instruction: 0x7cc65214
1270000: system.cpu: A0 T0 : 0x1001d8a4 @strlen+76    : add        r6, r6, r10     : IntAlu :  D=0xfefefefefefefeff  flags=(IsInteger)
1270250: global: Decode: Decoded bc instruction: 0x419c001c
1270250: system.cpu: A0 T0 : 0x1001d8a8 @strlen+80    : bc         28, 12, 0x1001d8c4 : IntAlu :  D=0x0000000000000000  flags=(IsInteger|IsControl|IsDirectControl|IsCondControl)
1270500: global: Decode: Decoded ld instruction: 0xe9040008
1270500: system.cpu: A0 T0 : 0x1001d8c4 @strlen+108    : ld         r8, 8(r4)       : MemRead :  D=0x4e4f540000000000 A=0x100700f0  flags=(IsInteger|IsLoad)
1270750: global: Decode: Decoded ldu instruction: 0xe9240011
1270750: system.cpu: A0 T0 : 0x1001d8c8 @strlen+112    : ldu        r9, 16(r4)      : MemRead :  D=0x4c445f44594e414d A=0x100700f8  flags=(IsInteger|IsLoad)
1271000: global: Decode: Decoded add instruction: 0x7d464214
1271000: system.cpu: A0 T0 : 0x1001d8cc @strlen+116    : add        r10, r6, r8     : IntAlu :  D=0x4d4e52fefefefeff  flags=(IsInteger)
1271250: global: Decode: Decoded nor instruction: 0x7ceb40f8
1271250: system.cpu: A0 T0 : 0x1001d8d0 @strlen+120    : nor        r11, r7, r8     : IntAlu :  D=0x8080808080808080  flags=(IsInteger)
1271500: global: Decode: Decoded and instruction: 0x7d4a5839
1271500: system.cpu: A0 T0 : 0x1001d8d4 @strlen+124    : and.       r10, r10, r11   : IntAlu :  D=0x0000000048000288  flags=(IsInteger)
1271750: global: Decode: Decoded add instruction: 0x7d864a14
1271750: system.cpu: A0 T0 : 0x1001d8d8 @strlen+128    : add        r12, r6, r9     : IntAlu :  D=0x4b435e43584d404c  flags=(IsInteger)
1272000: global: Decode: Decoded nor instruction: 0x7ce048f8
1272000: system.cpu: A0 T0 : 0x1001d8dc @strlen+132    : nor        r0, r7, r9      : IntAlu :  D=0x8080808080808080  flags=(IsInteger)
1272250: global: Decode: Decoded bc instruction: 0x4082001c
1272250: system.cpu: A0 T0 : 0x1001d8e0 @strlen+136    : bc         2, 4, 0x1001d8fc : IntAlu :  D=0x0000000000000000  flags=(IsInteger|IsControl|IsDirectControl|IsCondControl)
1272500: global: Decode: Decoded and instruction: 0x7cea4038
1272500: system.cpu: A0 T0 : 0x1001d8fc @strlen+164    : and        r10, r7, r8     : IntAlu :  D=0x4e4f540000000000  flags=(IsInteger)
1272750: global: Decode: Decoded addi instruction: 0x3884fff8
1272750: system.cpu: A0 T0 : 0x1001d900 @strlen+168    : subi       r4, r4, 8       : IntAlu :  D=0x00000000100700f0  flags=(IsInteger)
1273000: global: Decode: Decoded add instruction: 0x7d4a3a14
1273000: system.cpu: A0 T0 : 0x1001d904 @strlen+172    : add        r10, r10, r7    : IntAlu :  D=0xcdced37f7f7f7f7f  flags=(IsInteger)
1273250: global: Decode: Decoded andc instruction: 0x7d6c5078
1273250: system.cpu: A0 T0 : 0x1001d908 @strlen+176    : andc       r12, r11, r10   : IntAlu :  D=0x0000008080808080  flags=(IsInteger)
1273500: global: Decode: Decoded cntlzd instruction: 0x7d8c0074
1273500: system.cpu: A0 T0 : 0x1001d90c @strlen+180    : cntlzd     r12, r12        : IntAlu :  D=0x0000000000000018  flags=(IsInteger)
1273750: global: Decode: Decoded subf instruction: 0x7d432050
1273750: system.cpu: A0 T0 : 0x1001d910 @strlen+184    : subf       r10, r3, r4     : IntAlu :  D=0x0000000000000008  flags=(IsInteger)
1274000: global: Decode: Decoded rldicl instruction: 0x798ce8c2
1274000: system.cpu: A0 T0 : 0x1001d914 @strlen+188    : rldicl     r12, r12, 61, 3 : IntAlu :  D=0x0000000000000003  flags=(IsInteger)
1274250: global: Decode: Decoded add instruction: 0x7c6a6214
1274250: system.cpu: A0 T0 : 0x1001d918 @strlen+192    : add        r3, r10, r12    : IntAlu :  D=0x000000000000000b  flags=(IsInteger)
1274500: global: Decode: Decoded bclr instruction: 0x4e800020
1274500: system.cpu: A0 T0 : 0x1001d91c @strlen+196    : bclr       0, 20           : IntAlu :  D=0x0000000000000000  flags=(IsInteger|IsControl|IsIndirectControl|IsCondControl|IsReturn)
1274750: global: Decode: Decoded ori instruction: 0x60000000
1274750: system.cpu: A0 T0 : 0x10007e90 @getenv+208    : nop                        : IntAlu :  D=0x8080808080808080  flags=(IsInteger)
1275000: global: Decode: Decoded cmpi instruction: 0x2fbf0000
1275000: system.cpu: A0 T0 : 0x10007e94 @getenv+212    : cmpdi      cr7, r31, 0     : IntAlu :  D=0x0000000048000282  flags=(IsInteger)
1275250: global: Decode: Decoded or instruction: 0x7c7b1b78
1275250: system.cpu: A0 T0 : 0x10007e98 @getenv+216    : mr         r27, r3         : IntAlu :  D=0x000000000000000b  flags=(IsInteger)
1275500: global: Decode: Decoded addi instruction: 0x3b83fffe
1275500: system.cpu: A0 T0 : 0x10007e9c @getenv+220    : subi       r28, r3, 2      : IntAlu :  D=0x0000000000000009  flags=(IsInteger)
1275750: global: Decode: Decoded bc instruction: 0x409e001c
1275750: system.cpu: A0 T0 : 0x10007ea0 @getenv+224    : bc         30, 4, 0x10007ebc : IntAlu :  D=0x0000000000000000  flags=(IsInteger|IsControl|IsDirectControl|IsCondControl)
1276000: global: Decode: Decoded b instruction: 0x4800006c
1276000: system.cpu: A0 T0 : 0x10007ea4 @getenv+228    : b          0x10007f10      : IntAlu :   flags=(IsControl|IsDirectControl|IsUncondControl)
1276250: global: Decode: Decoded ld instruction: 0xe80100b0
1276250: system.cpu: A0 T0 : 0x10007f10 @getenv+336    : ld         r0, 176(r1)     : MemRead :  D=0x0000000010025714 A=0x7fffffffe8d0  flags=(IsInteger|IsLoad)
1276500: global: Decode: Decoded ld instruction: 0xeb410070
1276500: system.cpu: A0 T0 : 0x10007f14 @getenv+340    : ld         r26, 112(r1)    : MemRead :  D=0x0000000000000000 A=0x7fffffffe890  flags=(IsInteger|IsLoad)
1276750: global: Decode: Decoded ld instruction: 0xeb610078
1276750: system.cpu: A0 T0 : 0x10007f18 @getenv+344    : ld         r27, 120(r1)    : MemRead :  D=0x00000000100b00d8 A=0x7fffffffe898  flags=(IsInteger|IsLoad)
1277000: global: Decode: Decoded ld instruction: 0xeb810080
1277000: system.cpu: A0 T0 : 0x10007f1c @getenv+348    : ld         r28, 128(r1)    : MemRead :  D=0x00000000100b35d0 A=0x7fffffffe8a0  flags=(IsInteger|IsLoad)
1277250: global: Decode: Decoded ld instruction: 0xeba10088
1277250: system.cpu: A0 T0 : 0x10007f20 @getenv+352    : ld         r29, 136(r1)    : MemRead :  D=0x00000000100b35e8 A=0x7fffffffe8a8  flags=(IsInteger|IsLoad)
1277500: global: Decode: Decoded mtlr instruction: 0x7c0803a6
1277500: system.cpu: A0 T0 : 0x10007f24 @getenv+356    : mtlr       r0              : IntAlu :  D=0x0000000010025714  flags=(IsInteger)
1277750: global: Decode: Decoded addi instruction: 0x382100a0
1277750: system.cpu: A0 T0 : 0x10007f28 @getenv+360    : addi       r1, r1, 160     : IntAlu :  D=0x00007fffffffe8c0  flags=(IsInteger)
1278000: global: Decode: Decoded or instruction: 0x7fe3fb78
1278000: system.cpu: A0 T0 : 0x10007f2c @getenv+364    : mr         r3, r31         : IntAlu :  D=0x0000000000000000  flags=(IsInteger)
1278250: global: Decode: Decoded ld instruction: 0xebc1fff0
1278250: system.cpu: A0 T0 : 0x10007f30 @getenv+368    : ld         r30, -16(r1)    : MemRead :  D=0x00000000100b35b0 A=0x7fffffffe8b0  flags=(IsInteger|IsLoad)
1278500: global: Decode: Decoded ld instruction: 0xebe1fff8
1278500: system.cpu: A0 T0 : 0x10007f34 @getenv+372    : ld         r31, -8(r1)     : MemRead :  D=0x0000000000000001 A=0x7fffffffe8b8  flags=(IsInteger|IsLoad)
1278750: global: Decode: Decoded bclr instruction: 0x4e800020
1278750: system.cpu: A0 T0 : 0x10007f38 @getenv+376    : bclr       0, 20           : IntAlu :  D=0x0000000000000000  flags=(IsInteger|IsControl|IsIndirectControl|IsCondControl|IsReturn)
1279000: global: Decode: Decoded ori instruction: 0x60000000
1279000: system.cpu: A0 T0 : 0x10025714 @_dl_non_dynamic_init+1540    : nop                        : IntAlu :  D=0x0000000010025714  flags=(IsInteger)
1279250: global: Decode: Decoded addi instruction: 0x39200000
1279250: system.cpu: A0 T0 : 0x10025718 @_dl_non_dynamic_init+1544    : li         r9, 0           : IntAlu :  D=0x0000000000000000  flags=(IsInteger)
1279500: global: Decode: Decoded cmpi instruction: 0x2c230000
1279500: system.cpu: A0 T0 : 0x1002571c @_dl_non_dynamic_init+1548    : cmpdi      r3, 0           : IntAlu :  D=0x0000000028000282  flags=(IsInteger)
1279750: global: Decode: Decoded bc instruction: 0x41820014
1279750: system.cpu: A0 T0 : 0x10025720 @_dl_non_dynamic_init+1552    : bc         2, 12, 0x10025734 : IntAlu :  D=0x0000000000000000  flags=(IsInteger|IsControl|IsDirectControl|IsCondControl)
1280000: global: Decode: Decoded ori instruction: 0x60000000
1280000: system.cpu: A0 T0 : 0x10025734 @_dl_non_dynamic_init+1572    : nop                        : IntAlu :  D=0x0000000010025714  flags=(IsInteger)
1280250: global: Decode: Decoded addi instruction: 0x3942b880
1280250: system.cpu: A0 T0 : 0x10025738 @_dl_non_dynamic_init+1576    : subi       r10, r2, 18304  : IntAlu :  D=0x00000000100b3580  flags=(IsInteger)
1280500: global: Decode: Decoded addis instruction: 0x3c62fffc
1280500: system.cpu: A0 T0 : 0x1002573c @_dl_non_dynamic_init+1580    : subis      r3, r2, 4       : IntAlu :  D=0x0000000010077d00  flags=(IsInteger)
1280750: global: Decode: Decoded addi instruction: 0x386383f8
1280750: system.cpu: A0 T0 : 0x10025740 @_dl_non_dynamic_init+1584    : subi       r3, r3, 31752   : IntAlu :  D=0x00000000100700f8  flags=(IsInteger)
1281000: global: Decode: Decoded stw instruction: 0x912a0000
1281000: system.cpu: A0 T0 : 0x10025744 @_dl_non_dynamic_init+1588    : stw        r9, 0(r10)      : MemWrite :  D=0x0000000000000000 A=0x100b3580  flags=(IsInteger|IsStore)
1281250: global: Decode: Decoded b instruction: 0x4bfe2679
1281250: system.cpu: A0 T0 : 0x10025748 @_dl_non_dynamic_init+1592    : bl         getenv          : IntAlu :  D=0x000000001002574c  flags=(IsInteger|IsControl|IsDirectControl|IsUncondControl)
1281500: global: Decode: Decoded ori instruction: 0x60000000
1281500: system.cpu: A0 T0 : 0x10007dc0 @getenv    : nop                        : IntAlu :  D=0x0000000010025714  flags=(IsInteger)
1281750: global: Decode: Decoded addi instruction: 0x3922ae50
1281750: system.cpu: A0 T0 : 0x10007dc4 @getenv+4    : subi       r9, r2, 20912   : IntAlu :  D=0x00000000100b2b50  flags=(IsInteger)
1282000: global: Decode: Decoded std instruction: 0xfbc1fff0
1282000: system.cpu: A0 T0 : 0x10007dc8 @getenv+8    : std        r30, -16(r1)    : MemWrite :  D=0x00000000100b35b0 A=0x7fffffffe8b0  flags=(IsInteger|IsStore)
1282250: global: Decode: Decoded std instruction: 0xfbe1fff8
1282250: system.cpu: A0 T0 : 0x10007dcc @getenv+12    : std        r31, -8(r1)     : MemWrite :  D=0x0000000000000001 A=0x7fffffffe8b8  flags=(IsInteger|IsStore)
1282500: global: Decode: Decoded stdu instruction: 0xf821ff61
1282500: system.cpu: A0 T0 : 0x10007dd0 @getenv+16    : stdu       r1, -160(r1)    : MemWrite :  D=0x00007fffffffe820 A=0x7fffffffe820  flags=(IsInteger|IsStore)
1282750: global: Decode: Decoded ld instruction: 0xebc90000
1282750: system.cpu: A0 T0 : 0x10007dd4 @getenv+20    : ld         r30, 0(r9)      : MemRead :  D=0x00007fffffffee48 A=0x100b2b50  flags=(IsInteger|IsLoad)
1283000: global: Decode: Decoded cmpi instruction: 0x2fbe0000
1283000: system.cpu: A0 T0 : 0x10007dd8 @getenv+24    : cmpdi      cr7, r30, 0     : IntAlu :  D=0x0000000028000284  flags=(IsInteger)
1283250: global: Decode: Decoded bc instruction: 0x419e01a4
1283250: system.cpu: A0 T0 : 0x10007ddc @getenv+28    : bc         30, 12, 0x10007f80 : IntAlu :  D=0x0000000000000000  flags=(IsInteger|IsControl|IsDirectControl|IsCondControl)
1283500: global: Decode: Decoded std instruction: 0xfb410070
1283500: system.cpu: A0 T0 : 0x10007de0 @getenv+32    : std        r26, 112(r1)    : MemWrite :  D=0x0000000000000000 A=0x7fffffffe890  flags=(IsInteger|IsStore)
1283750: global: Decode: Decoded or instruction: 0x7c7a1b78
1283750: system.cpu: A0 T0 : 0x10007de4 @getenv+36    : mr         r26, r3         : IntAlu :  D=0x00000000100700f8  flags=(IsInteger)
1284000: global: Decode: Decoded lbz instruction: 0x89230000
1284000: system.cpu: A0 T0 : 0x10007de8 @getenv+40    : lbz        r9, 0(r3)       : MemRead :  D=0x000000000000004c A=0x100700f8  flags=(IsInteger|IsLoad)
1284250: global: Decode: Decoded cmpi instruction: 0x2fa90000
1284250: system.cpu: A0 T0 : 0x10007dec @getenv+44    : cmpdi      cr7, r9, 0      : IntAlu :  D=0x0000000028000284  flags=(IsInteger)
1284500: global: Decode: Decoded bc instruction: 0x419e0170
1284500: system.cpu: A0 T0 : 0x10007df0 @getenv+48    : bc         30, 12, 0x10007f60 : IntAlu :  D=0x0000000000000000  flags=(IsInteger|IsControl|IsDirectControl|IsCondControl)
1284750: global: Decode: Decoded std instruction: 0xfb810080
1284750: system.cpu: A0 T0 : 0x10007df4 @getenv+52    : std        r28, 128(r1)    : MemWrite :  D=0x00000000100b35d0 A=0x7fffffffe8a0  flags=(IsInteger|IsStore)
1285000: global: Decode: Decoded std instruction: 0xfba10088
1285000: system.cpu: A0 T0 : 0x10007df8 @getenv+56    : std        r29, 136(r1)    : MemWrite :  D=0x00000000100b35e8 A=0x7fffffffe8a8  flags=(IsInteger|IsStore)
1285250: global: Decode: Decoded extsh instruction: 0x7d3c0734
1285250: system.cpu: A0 T0 : 0x10007dfc @getenv+60    : extsh      r28, r9         : IntAlu :  D=0x000000000000004c  flags=(IsInteger)
1285500: global: Decode: Decoded ld instruction: 0xebfe0000
1285500: system.cpu: A0 T0 : 0x10007e00 @getenv+64    : ld         r31, 0(r30)     : MemRead :  D=0x0000000000000000 A=0x7fffffffee48  flags=(IsInteger|IsLoad)
1285750: global: Decode: Decoded lbz instruction: 0x8ba30001
1285750: system.cpu: A0 T0 : 0x10007e04 @getenv+68    : lbz        r29, 1(r3)      : MemRead :  D=0x0000000000000044 A=0x100700f9  flags=(IsInteger|IsLoad)
1286000: global: Decode: Decoded cmpi instruction: 0x2fbd0000
1286000: system.cpu: A0 T0 : 0x10007e08 @getenv+72    : cmpdi      cr7, r29, 0     : IntAlu :  D=0x0000000028000284  flags=(IsInteger)
1286250: global: Decode: Decoded bc instruction: 0x409e0064
1286250: system.cpu: A0 T0 : 0x10007e0c @getenv+76    : bc         30, 4, 0x10007e70 : IntAlu :  D=0x0000000000000000  flags=(IsInteger|IsControl|IsDirectControl|IsCondControl)
1286500: global: Decode: Decoded mflr instruction: 0x7c0802a6
1286500: system.cpu: A0 T0 : 0x10007e70 @getenv+176    : mflr       r0              : IntAlu :  D=0x000000001002574c  flags=(IsInteger)
1286750: global: Decode: Decoded std instruction: 0xfb610078
1286750: system.cpu: A0 T0 : 0x10007e74 @getenv+180    : std        r27, 120(r1)    : MemWrite :  D=0x00000000100b00d8 A=0x7fffffffe898  flags=(IsInteger|IsStore)
1287000: global: Decode: Decoded rlwinm instruction: 0x57bd402e
1287000: system.cpu: A0 T0 : 0x10007e78 @getenv+184    : rlwinm     r29, r29, 8, 0, 23 : IntAlu :  D=0x0000000000004400  flags=(IsInteger)
1287250: global: Decode: Decoded or instruction: 0x7fbde378
1287250: system.cpu: A0 T0 : 0x10007e7c @getenv+188    : or         r29, r29, r28   : IntAlu :  D=0x000000000000444c  flags=(IsInteger)
1287500: global: Decode: Decoded addi instruction: 0x3b5a0002
1287500: system.cpu: A0 T0 : 0x10007e80 @getenv+192    : addi       r26, r26, 2     : IntAlu :  D=0x00000000100700fa  flags=(IsInteger)
1287750: global: Decode: Decoded extsh instruction: 0x7fbd0734
1287750: system.cpu: A0 T0 : 0x10007e84 @getenv+196    : extsh      r29, r29        : IntAlu :  D=0x000000000000444c  flags=(IsInteger)
1288000: global: Decode: Decoded std instruction: 0xf80100b0
1288000: system.cpu: A0 T0 : 0x10007e88 @getenv+200    : std        r0, 176(r1)     : MemWrite :  D=0x000000001002574c A=0x7fffffffe8d0  flags=(IsInteger|IsStore)
1288250: global: Decode: Decoded b instruction: 0x480159cd
1288250: system.cpu: A0 T0 : 0x10007e8c @getenv+204    : bl         strlen          : IntAlu :  D=0x0000000010007e90  flags=(IsInteger|IsControl|IsDirectControl|IsUncondControl)
1288500: global: Decode: Decoded dcbt instruction: 0x7c001a2c
1288500: system.cpu: A0 T0 : 0x1001d858 @strlen    : dcbt                       : IntAlu :   flags=()
1288750: global: Decode: Decoded rldicr instruction: 0x78640724
1288750: system.cpu: A0 T0 : 0x1001d85c @strlen+4    : rldicr     r4, r3, 0, 60   : IntAlu :  D=0x00000000100700f8  flags=(IsInteger)
1289000: global: Decode: Decoded addis instruction: 0x3ce07f7f
1289000: system.cpu: A0 T0 : 0x1001d860 @strlen+8    : lis        r7, 32639       : IntAlu :  D=0x000000007f7f0000  flags=(IsInteger)
1289250: global: Decode: Decoded rlwinm instruction: 0x54651eb8
1289250: system.cpu: A0 T0 : 0x1001d864 @strlen+12    : rlwinm     r5, r3, 3, 26, 28 : IntAlu :  D=0x0000000000000000  flags=(IsInteger)
1289500: global: Decode: Decoded ld instruction: 0xe9040000
1289500: system.cpu: A0 T0 : 0x1001d868 @strlen+16    : ld         r8, 0(r4)       : MemRead :  D=0x4c445f44594e414d A=0x100700f8  flags=(IsInteger|IsLoad)
1289750: global: Decode: Decoded addi instruction: 0x38e77f7f
1289750: system.cpu: A0 T0 : 0x1001d86c @strlen+20    : addi       r7, r7, 32639   : IntAlu :  D=0x000000007f7f7f7f  flags=(IsInteger)
1290000: global: Decode: Decoded addi instruction: 0x3920ffff
1290000: system.cpu: A0 T0 : 0x1001d870 @strlen+24    : li         r9, -1          : IntAlu :  D=0xffffffffffffffff  flags=(IsInteger)
1290250: global: Decode: Decoded rldimi instruction: 0x78e7000e
1290250: system.cpu: A0 T0 : 0x1001d874 @strlen+28    : rldimi     r7, r7, 32, 0   : IntAlu :  D=0x7f7f7f7f7f7f7f7f  flags=(IsInteger)
1290500: global: Decode: Decoded srd instruction: 0x7d292c36
1290500: system.cpu: A0 T0 : 0x1001d878 @strlen+32    : srd        r9, r9, r5      : IntAlu :  D=0xffffffffffffffff  flags=(IsInteger)
1290750: global: Decode: Decoded and instruction: 0x7cea4038
1290750: system.cpu: A0 T0 : 0x1001d87c @strlen+36    : and        r10, r7, r8     : IntAlu :  D=0x4c445f44594e414d  flags=(IsInteger)
1291000: global: Decode: Decoded or instruction: 0x7ceb4378
1291000: system.cpu: A0 T0 : 0x1001d880 @strlen+40    : or         r11, r7, r8     : IntAlu :  D=0x7f7f7f7f7f7f7f7f  flags=(IsInteger)
1291250: global: Decode: Decoded addis instruction: 0x3cc0feff
1291250: system.cpu: A0 T0 : 0x1001d884 @strlen+44    : lis        r6, -257        : IntAlu :  D=0xfffffffffeff0000  flags=(IsInteger)
1291500: global: Decode: Decoded add instruction: 0x7d4a3a14
1291500: system.cpu: A0 T0 : 0x1001d888 @strlen+48    : add        r10, r10, r7    : IntAlu :  D=0xcbc3dec3d8cdc0cc  flags=(IsInteger)
1291750: global: Decode: Decoded addi instruction: 0x38c6feff
1291750: system.cpu: A0 T0 : 0x1001d88c @strlen+52    : subi       r6, r6, 257     : IntAlu :  D=0xfffffffffefefeff  flags=(IsInteger)
1292000: global: Decode: Decoded nor instruction: 0x7d6c50f8
1292000: system.cpu: A0 T0 : 0x1001d890 @strlen+56    : nor        r12, r11, r10   : IntAlu :  D=0x0000000000000000  flags=(IsInteger)
1292250: global: Decode: Decoded and instruction: 0x7d8c4839
1292250: system.cpu: A0 T0 : 0x1001d894 @strlen+60    : and.       r12, r12, r9    : IntAlu :  D=0x0000000028000284  flags=(IsInteger)
1292500: global: Decode: Decoded mtcrf instruction: 0x7c601120
1292500: system.cpu: A0 T0 : 0x1001d898 @strlen+64    : mtcrf      r3, r32         : IntAlu :  D=0x0000000028000288  flags=(IsInteger)
1292750: global: Decode: Decoded bc instruction: 0x40820070
1292750: system.cpu: A0 T0 : 0x1001d89c @strlen+68    : bc         2, 4, 0x1001d90c : IntAlu :  D=0x0000000000000000  flags=(IsInteger|IsControl|IsDirectControl|IsCondControl)
1293000: global: Decode: Decoded rldicr instruction: 0x78ca07c6
1293000: system.cpu: A0 T0 : 0x1001d8a0 @strlen+72    : rldicr     r10, r6, 32, 31 : IntAlu :  D=0xfefefeff00000000  flags=(IsInteger)
1293250: global: Decode: Decoded add instruction: 0x7cc65214
1293250: system.cpu: A0 T0 : 0x1001d8a4 @strlen+76    : add        r6, r6, r10     : IntAlu :  D=0xfefefefefefefeff  flags=(IsInteger)
1293500: global: Decode: Decoded bc instruction: 0x419c001c
1293500: system.cpu: A0 T0 : 0x1001d8a8 @strlen+80    : bc         28, 12, 0x1001d8c4 : IntAlu :  D=0x0000000000000000  flags=(IsInteger|IsControl|IsDirectControl|IsCondControl)
1293750: global: Decode: Decoded ld instruction: 0xe9040008
1293750: system.cpu: A0 T0 : 0x1001d8c4 @strlen+108    : ld         r8, 8(r4)       : MemRead :  D=0x49435f5745414b00 A=0x10070100  flags=(IsInteger|IsLoad)
1294000: global: Decode: Decoded ldu instruction: 0xe9240011
1294000: system.cpu: A0 T0 : 0x1001d8c8 @strlen+112    : ldu        r9, 16(r4)      : MemRead :  D=0x4c445f50524f4649 A=0x10070108  flags=(IsInteger|IsLoad)
1294250: global: Decode: Decoded add instruction: 0x7d464214
1294250: system.cpu: A0 T0 : 0x1001d8cc @strlen+116    : add        r10, r6, r8     : IntAlu :  D=0x48425e56444049ff  flags=(IsInteger)
1294500: global: Decode: Decoded nor instruction: 0x7ceb40f8
1294500: system.cpu: A0 T0 : 0x1001d8d0 @strlen+120    : nor        r11, r7, r8     : IntAlu :  D=0x8080808080808080  flags=(IsInteger)
1294750: global: Decode: Decoded and instruction: 0x7d4a5839
1294750: system.cpu: A0 T0 : 0x1001d8d4 @strlen+124    : and.       r10, r10, r11   : IntAlu :  D=0x0000000048000288  flags=(IsInteger)
1295000: global: Decode: Decoded add instruction: 0x7d864a14
1295000: system.cpu: A0 T0 : 0x1001d8d8 @strlen+128    : add        r12, r6, r9     : IntAlu :  D=0x4b435e4f514e4548  flags=(IsInteger)
1295250: global: Decode: Decoded nor instruction: 0x7ce048f8
1295250: system.cpu: A0 T0 : 0x1001d8dc @strlen+132    : nor        r0, r7, r9      : IntAlu :  D=0x8080808080808080  flags=(IsInteger)
1295500: global: Decode: Decoded bc instruction: 0x4082001c
1295500: system.cpu: A0 T0 : 0x1001d8e0 @strlen+136    : bc         2, 4, 0x1001d8fc : IntAlu :  D=0x0000000000000000  flags=(IsInteger|IsControl|IsDirectControl|IsCondControl)
1295750: global: Decode: Decoded and instruction: 0x7cea4038
1295750: system.cpu: A0 T0 : 0x1001d8fc @strlen+164    : and        r10, r7, r8     : IntAlu :  D=0x49435f5745414b00  flags=(IsInteger)
1296000: global: Decode: Decoded addi instruction: 0x3884fff8
1296000: system.cpu: A0 T0 : 0x1001d900 @strlen+168    : subi       r4, r4, 8       : IntAlu :  D=0x0000000010070100  flags=(IsInteger)
1296250: global: Decode: Decoded add instruction: 0x7d4a3a14
1296250: system.cpu: A0 T0 : 0x1001d904 @strlen+172    : add        r10, r10, r7    : IntAlu :  D=0xc8c2ded6c4c0ca7f  flags=(IsInteger)
1296500: global: Decode: Decoded andc instruction: 0x7d6c5078
1296500: system.cpu: A0 T0 : 0x1001d908 @strlen+176    : andc       r12, r11, r10   : IntAlu :  D=0x0000000000000080  flags=(IsInteger)
1296750: global: Decode: Decoded cntlzd instruction: 0x7d8c0074
1296750: system.cpu: A0 T0 : 0x1001d90c @strlen+180    : cntlzd     r12, r12        : IntAlu :  D=0x0000000000000038  flags=(IsInteger)
1297000: global: Decode: Decoded subf instruction: 0x7d432050
1297000: system.cpu: A0 T0 : 0x1001d910 @strlen+184    : subf       r10, r3, r4     : IntAlu :  D=0x0000000000000008  flags=(IsInteger)
1297250: global: Decode: Decoded rldicl instruction: 0x798ce8c2
1297250: system.cpu: A0 T0 : 0x1001d914 @strlen+188    : rldicl     r12, r12, 61, 3 : IntAlu :  D=0x0000000000000007  flags=(IsInteger)
1297500: global: Decode: Decoded add instruction: 0x7c6a6214
1297500: system.cpu: A0 T0 : 0x1001d918 @strlen+192    : add        r3, r10, r12    : IntAlu :  D=0x000000000000000f  flags=(IsInteger)
1297750: global: Decode: Decoded bclr instruction: 0x4e800020
1297750: system.cpu: A0 T0 : 0x1001d91c @strlen+196    : bclr       0, 20           : IntAlu :  D=0x0000000000000000  flags=(IsInteger|IsControl|IsIndirectControl|IsCondControl|IsReturn)
1298000: global: Decode: Decoded ori instruction: 0x60000000
1298000: system.cpu: A0 T0 : 0x10007e90 @getenv+208    : nop                        : IntAlu :  D=0x8080808080808080  flags=(IsInteger)
1298250: global: Decode: Decoded cmpi instruction: 0x2fbf0000
1298250: system.cpu: A0 T0 : 0x10007e94 @getenv+212    : cmpdi      cr7, r31, 0     : IntAlu :  D=0x0000000048000282  flags=(IsInteger)
1298500: global: Decode: Decoded or instruction: 0x7c7b1b78
1298500: system.cpu: A0 T0 : 0x10007e98 @getenv+216    : mr         r27, r3         : IntAlu :  D=0x000000000000000f  flags=(IsInteger)
1298750: global: Decode: Decoded addi instruction: 0x3b83fffe
1298750: system.cpu: A0 T0 : 0x10007e9c @getenv+220    : subi       r28, r3, 2      : IntAlu :  D=0x000000000000000d  flags=(IsInteger)
1299000: global: Decode: Decoded bc instruction: 0x409e001c
1299000: system.cpu: A0 T0 : 0x10007ea0 @getenv+224    : bc         30, 4, 0x10007ebc : IntAlu :  D=0x0000000000000000  flags=(IsInteger|IsControl|IsDirectControl|IsCondControl)
1299250: global: Decode: Decoded b instruction: 0x4800006c
1299250: system.cpu: A0 T0 : 0x10007ea4 @getenv+228    : b          0x10007f10      : IntAlu :   flags=(IsControl|IsDirectControl|IsUncondControl)
1299500: global: Decode: Decoded ld instruction: 0xe80100b0
1299500: system.cpu: A0 T0 : 0x10007f10 @getenv+336    : ld         r0, 176(r1)     : MemRead :  D=0x000000001002574c A=0x7fffffffe8d0  flags=(IsInteger|IsLoad)
1299750: global: Decode: Decoded ld instruction: 0xeb410070
1299750: system.cpu: A0 T0 : 0x10007f14 @getenv+340    : ld         r26, 112(r1)    : MemRead :  D=0x0000000000000000 A=0x7fffffffe890  flags=(IsInteger|IsLoad)
1300000: global: Decode: Decoded ld instruction: 0xeb610078
1300000: system.cpu: A0 T0 : 0x10007f18 @getenv+344    : ld         r27, 120(r1)    : MemRead :  D=0x00000000100b00d8 A=0x7fffffffe898  flags=(IsInteger|IsLoad)
1300250: global: Decode: Decoded ld instruction: 0xeb810080
1300250: system.cpu: A0 T0 : 0x10007f1c @getenv+348    : ld         r28, 128(r1)    : MemRead :  D=0x00000000100b35d0 A=0x7fffffffe8a0  flags=(IsInteger|IsLoad)
1300500: global: Decode: Decoded ld instruction: 0xeba10088
1300500: system.cpu: A0 T0 : 0x10007f20 @getenv+352    : ld         r29, 136(r1)    : MemRead :  D=0x00000000100b35e8 A=0x7fffffffe8a8  flags=(IsInteger|IsLoad)
1300750: global: Decode: Decoded mtlr instruction: 0x7c0803a6
1300750: system.cpu: A0 T0 : 0x10007f24 @getenv+356    : mtlr       r0              : IntAlu :  D=0x000000001002574c  flags=(IsInteger)
1301000: global: Decode: Decoded addi instruction: 0x382100a0
1301000: system.cpu: A0 T0 : 0x10007f28 @getenv+360    : addi       r1, r1, 160     : IntAlu :  D=0x00007fffffffe8c0  flags=(IsInteger)
1301250: global: Decode: Decoded or instruction: 0x7fe3fb78
1301250: system.cpu: A0 T0 : 0x10007f2c @getenv+364    : mr         r3, r31         : IntAlu :  D=0x0000000000000000  flags=(IsInteger)
1301500: global: Decode: Decoded ld instruction: 0xebc1fff0
1301500: system.cpu: A0 T0 : 0x10007f30 @getenv+368    : ld         r30, -16(r1)    : MemRead :  D=0x00000000100b35b0 A=0x7fffffffe8b0  flags=(IsInteger|IsLoad)
1301750: global: Decode: Decoded ld instruction: 0xebe1fff8
1301750: system.cpu: A0 T0 : 0x10007f34 @getenv+372    : ld         r31, -8(r1)     : MemRead :  D=0x0000000000000001 A=0x7fffffffe8b8  flags=(IsInteger|IsLoad)
1302000: global: Decode: Decoded bclr instruction: 0x4e800020
1302000: system.cpu: A0 T0 : 0x10007f38 @getenv+376    : bclr       0, 20           : IntAlu :  D=0x0000000000000000  flags=(IsInteger|IsControl|IsIndirectControl|IsCondControl|IsReturn)
1302250: global: Decode: Decoded ori instruction: 0x60000000
1302250: system.cpu: A0 T0 : 0x1002574c @_dl_non_dynamic_init+1596    : nop                        : IntAlu :  D=0x000000001002574c  flags=(IsInteger)
1302500: global: Decode: Decoded addi instruction: 0x39200001
1302500: system.cpu: A0 T0 : 0x10025750 @_dl_non_dynamic_init+1600    : li         r9, 1           : IntAlu :  D=0x0000000000000001  flags=(IsInteger)
1302750: global: Decode: Decoded cmpi instruction: 0x2c230000
1302750: system.cpu: A0 T0 : 0x10025754 @_dl_non_dynamic_init+1604    : cmpdi      r3, 0           : IntAlu :  D=0x0000000028000282  flags=(IsInteger)
1303000: global: Decode: Decoded bc instruction: 0x41820010
1303000: system.cpu: A0 T0 : 0x10025758 @_dl_non_dynamic_init+1608    : bc         2, 12, 0x10025768 : IntAlu :  D=0x0000000000000000  flags=(IsInteger|IsControl|IsDirectControl|IsCondControl)
1303250: global: Decode: Decoded ori instruction: 0x60000000
1303250: system.cpu: A0 T0 : 0x10025768 @_dl_non_dynamic_init+1624    : nop                        : IntAlu :  D=0x000000001002574c  flags=(IsInteger)
1303500: global: Decode: Decoded addi instruction: 0x3942b8cc
1303500: system.cpu: A0 T0 : 0x1002576c @_dl_non_dynamic_init+1628    : subi       r10, r2, 18228  : IntAlu :  D=0x00000000100b35cc  flags=(IsInteger)
1303750: global: Decode: Decoded addis instruction: 0x3c62fffc
1303750: system.cpu: A0 T0 : 0x10025770 @_dl_non_dynamic_init+1632    : subis      r3, r2, 4       : IntAlu :  D=0x0000000010077d00  flags=(IsInteger)
1304000: global: Decode: Decoded addi instruction: 0x38638408
1304000: system.cpu: A0 T0 : 0x10025774 @_dl_non_dynamic_init+1636    : subi       r3, r3, 31736   : IntAlu :  D=0x0000000010070108  flags=(IsInteger)
1304250: global: Decode: Decoded stw instruction: 0x912a0000
1304250: system.cpu: A0 T0 : 0x10025778 @_dl_non_dynamic_init+1640    : stw        r9, 0(r10)      : MemWrite :  D=0x0000000000000001 A=0x100b35cc  flags=(IsInteger|IsStore)
1304500: global: Decode: Decoded b instruction: 0x4bfe2645
1304500: system.cpu: A0 T0 : 0x1002577c @_dl_non_dynamic_init+1644    : bl         getenv          : IntAlu :  D=0x0000000010025780  flags=(IsInteger|IsControl|IsDirectControl|IsUncondControl)
1304750: global: Decode: Decoded ori instruction: 0x60000000
1304750: system.cpu: A0 T0 : 0x10007dc0 @getenv    : nop                        : IntAlu :  D=0x000000001002574c  flags=(IsInteger)
1305000: global: Decode: Decoded addi instruction: 0x3922ae50
1305000: system.cpu: A0 T0 : 0x10007dc4 @getenv+4    : subi       r9, r2, 20912   : IntAlu :  D=0x00000000100b2b50  flags=(IsInteger)
1305250: global: Decode: Decoded std instruction: 0xfbc1fff0
1305250: system.cpu: A0 T0 : 0x10007dc8 @getenv+8    : std        r30, -16(r1)    : MemWrite :  D=0x00000000100b35b0 A=0x7fffffffe8b0  flags=(IsInteger|IsStore)
1305500: global: Decode: Decoded std instruction: 0xfbe1fff8
1305500: system.cpu: A0 T0 : 0x10007dcc @getenv+12    : std        r31, -8(r1)     : MemWrite :  D=0x0000000000000001 A=0x7fffffffe8b8  flags=(IsInteger|IsStore)
1305750: global: Decode: Decoded stdu instruction: 0xf821ff61
1305750: system.cpu: A0 T0 : 0x10007dd0 @getenv+16    : stdu       r1, -160(r1)    : MemWrite :  D=0x00007fffffffe820 A=0x7fffffffe820  flags=(IsInteger|IsStore)
1306000: global: Decode: Decoded ld instruction: 0xebc90000
1306000: system.cpu: A0 T0 : 0x10007dd4 @getenv+20    : ld         r30, 0(r9)      : MemRead :  D=0x00007fffffffee48 A=0x100b2b50  flags=(IsInteger|IsLoad)
1306250: global: Decode: Decoded cmpi instruction: 0x2fbe0000
1306250: system.cpu: A0 T0 : 0x10007dd8 @getenv+24    : cmpdi      cr7, r30, 0     : IntAlu :  D=0x0000000028000284  flags=(IsInteger)
1306500: global: Decode: Decoded bc instruction: 0x419e01a4
1306500: system.cpu: A0 T0 : 0x10007ddc @getenv+28    : bc         30, 12, 0x10007f80 : IntAlu :  D=0x0000000000000000  flags=(IsInteger|IsControl|IsDirectControl|IsCondControl)
1306750: global: Decode: Decoded std instruction: 0xfb410070
1306750: system.cpu: A0 T0 : 0x10007de0 @getenv+32    : std        r26, 112(r1)    : MemWrite :  D=0x0000000000000000 A=0x7fffffffe890  flags=(IsInteger|IsStore)
1307000: global: Decode: Decoded or instruction: 0x7c7a1b78
1307000: system.cpu: A0 T0 : 0x10007de4 @getenv+36    : mr         r26, r3         : IntAlu :  D=0x0000000010070108  flags=(IsInteger)
1307250: global: Decode: Decoded lbz instruction: 0x89230000
1307250: system.cpu: A0 T0 : 0x10007de8 @getenv+40    : lbz        r9, 0(r3)       : MemRead :  D=0x000000000000004c A=0x10070108  flags=(IsInteger|IsLoad)
1307500: global: Decode: Decoded cmpi instruction: 0x2fa90000
1307500: system.cpu: A0 T0 : 0x10007dec @getenv+44    : cmpdi      cr7, r9, 0      : IntAlu :  D=0x0000000028000284  flags=(IsInteger)
1307750: global: Decode: Decoded bc instruction: 0x419e0170
1307750: system.cpu: A0 T0 : 0x10007df0 @getenv+48    : bc         30, 12, 0x10007f60 : IntAlu :  D=0x0000000000000000  flags=(IsInteger|IsControl|IsDirectControl|IsCondControl)
1308000: global: Decode: Decoded std instruction: 0xfb810080
1308000: system.cpu: A0 T0 : 0x10007df4 @getenv+52    : std        r28, 128(r1)    : MemWrite :  D=0x00000000100b35d0 A=0x7fffffffe8a0  flags=(IsInteger|IsStore)
1308250: global: Decode: Decoded std instruction: 0xfba10088
1308250: system.cpu: A0 T0 : 0x10007df8 @getenv+56    : std        r29, 136(r1)    : MemWrite :  D=0x00000000100b35e8 A=0x7fffffffe8a8  flags=(IsInteger|IsStore)
1308500: global: Decode: Decoded extsh instruction: 0x7d3c0734
1308500: system.cpu: A0 T0 : 0x10007dfc @getenv+60    : extsh      r28, r9         : IntAlu :  D=0x000000000000004c  flags=(IsInteger)
1308750: global: Decode: Decoded ld instruction: 0xebfe0000
1308750: system.cpu: A0 T0 : 0x10007e00 @getenv+64    : ld         r31, 0(r30)     : MemRead :  D=0x0000000000000000 A=0x7fffffffee48  flags=(IsInteger|IsLoad)
1309000: global: Decode: Decoded lbz instruction: 0x8ba30001
1309000: system.cpu: A0 T0 : 0x10007e04 @getenv+68    : lbz        r29, 1(r3)      : MemRead :  D=0x0000000000000044 A=0x10070109  flags=(IsInteger|IsLoad)
1309250: global: Decode: Decoded cmpi instruction: 0x2fbd0000
1309250: system.cpu: A0 T0 : 0x10007e08 @getenv+72    : cmpdi      cr7, r29, 0     : IntAlu :  D=0x0000000028000284  flags=(IsInteger)
1309500: global: Decode: Decoded bc instruction: 0x409e0064
1309500: system.cpu: A0 T0 : 0x10007e0c @getenv+76    : bc         30, 4, 0x10007e70 : IntAlu :  D=0x0000000000000000  flags=(IsInteger|IsControl|IsDirectControl|IsCondControl)
1309750: global: Decode: Decoded mflr instruction: 0x7c0802a6
1309750: system.cpu: A0 T0 : 0x10007e70 @getenv+176    : mflr       r0              : IntAlu :  D=0x0000000010025780  flags=(IsInteger)
1310000: global: Decode: Decoded std instruction: 0xfb610078
1310000: system.cpu: A0 T0 : 0x10007e74 @getenv+180    : std        r27, 120(r1)    : MemWrite :  D=0x00000000100b00d8 A=0x7fffffffe898  flags=(IsInteger|IsStore)
1310250: global: Decode: Decoded rlwinm instruction: 0x57bd402e
1310250: system.cpu: A0 T0 : 0x10007e78 @getenv+184    : rlwinm     r29, r29, 8, 0, 23 : IntAlu :  D=0x0000000000004400  flags=(IsInteger)
1310500: global: Decode: Decoded or instruction: 0x7fbde378
1310500: system.cpu: A0 T0 : 0x10007e7c @getenv+188    : or         r29, r29, r28   : IntAlu :  D=0x000000000000444c  flags=(IsInteger)
1310750: global: Decode: Decoded addi instruction: 0x3b5a0002
1310750: system.cpu: A0 T0 : 0x10007e80 @getenv+192    : addi       r26, r26, 2     : IntAlu :  D=0x000000001007010a  flags=(IsInteger)
1311000: global: Decode: Decoded extsh instruction: 0x7fbd0734
1311000: system.cpu: A0 T0 : 0x10007e84 @getenv+196    : extsh      r29, r29        : IntAlu :  D=0x000000000000444c  flags=(IsInteger)
1311250: global: Decode: Decoded std instruction: 0xf80100b0
1311250: system.cpu: A0 T0 : 0x10007e88 @getenv+200    : std        r0, 176(r1)     : MemWrite :  D=0x0000000010025780 A=0x7fffffffe8d0  flags=(IsInteger|IsStore)
1311500: global: Decode: Decoded b instruction: 0x480159cd
1311500: system.cpu: A0 T0 : 0x10007e8c @getenv+204    : bl         strlen          : IntAlu :  D=0x0000000010007e90  flags=(IsInteger|IsControl|IsDirectControl|IsUncondControl)
1311750: global: Decode: Decoded dcbt instruction: 0x7c001a2c
1311750: system.cpu: A0 T0 : 0x1001d858 @strlen    : dcbt                       : IntAlu :   flags=()
1312000: global: Decode: Decoded rldicr instruction: 0x78640724
1312000: system.cpu: A0 T0 : 0x1001d85c @strlen+4    : rldicr     r4, r3, 0, 60   : IntAlu :  D=0x0000000010070108  flags=(IsInteger)
1312250: global: Decode: Decoded addis instruction: 0x3ce07f7f
1312250: system.cpu: A0 T0 : 0x1001d860 @strlen+8    : lis        r7, 32639       : IntAlu :  D=0x000000007f7f0000  flags=(IsInteger)
1312500: global: Decode: Decoded rlwinm instruction: 0x54651eb8
1312500: system.cpu: A0 T0 : 0x1001d864 @strlen+12    : rlwinm     r5, r3, 3, 26, 28 : IntAlu :  D=0x0000000000000000  flags=(IsInteger)
1312750: global: Decode: Decoded ld instruction: 0xe9040000
1312750: system.cpu: A0 T0 : 0x1001d868 @strlen+16    : ld         r8, 0(r4)       : MemRead :  D=0x4c445f50524f4649 A=0x10070108  flags=(IsInteger|IsLoad)
1313000: global: Decode: Decoded addi instruction: 0x38e77f7f
1313000: system.cpu: A0 T0 : 0x1001d86c @strlen+20    : addi       r7, r7, 32639   : IntAlu :  D=0x000000007f7f7f7f  flags=(IsInteger)
1313250: global: Decode: Decoded addi instruction: 0x3920ffff
1313250: system.cpu: A0 T0 : 0x1001d870 @strlen+24    : li         r9, -1          : IntAlu :  D=0xffffffffffffffff  flags=(IsInteger)
1313500: global: Decode: Decoded rldimi instruction: 0x78e7000e
1313500: system.cpu: A0 T0 : 0x1001d874 @strlen+28    : rldimi     r7, r7, 32, 0   : IntAlu :  D=0x7f7f7f7f7f7f7f7f  flags=(IsInteger)
1313750: global: Decode: Decoded srd instruction: 0x7d292c36
1313750: system.cpu: A0 T0 : 0x1001d878 @strlen+32    : srd        r9, r9, r5      : IntAlu :  D=0xffffffffffffffff  flags=(IsInteger)
1314000: global: Decode: Decoded and instruction: 0x7cea4038
1314000: system.cpu: A0 T0 : 0x1001d87c @strlen+36    : and        r10, r7, r8     : IntAlu :  D=0x4c445f50524f4649  flags=(IsInteger)
1314250: global: Decode: Decoded or instruction: 0x7ceb4378
1314250: system.cpu: A0 T0 : 0x1001d880 @strlen+40    : or         r11, r7, r8     : IntAlu :  D=0x7f7f7f7f7f7f7f7f  flags=(IsInteger)
1314500: global: Decode: Decoded addis instruction: 0x3cc0feff
1314500: system.cpu: A0 T0 : 0x1001d884 @strlen+44    : lis        r6, -257        : IntAlu :  D=0xfffffffffeff0000  flags=(IsInteger)
1314750: global: Decode: Decoded add instruction: 0x7d4a3a14
1314750: system.cpu: A0 T0 : 0x1001d888 @strlen+48    : add        r10, r10, r7    : IntAlu :  D=0xcbc3decfd1cec5c8  flags=(IsInteger)
1315000: global: Decode: Decoded addi instruction: 0x38c6feff
1315000: system.cpu: A0 T0 : 0x1001d88c @strlen+52    : subi       r6, r6, 257     : IntAlu :  D=0xfffffffffefefeff  flags=(IsInteger)
1315250: global: Decode: Decoded nor instruction: 0x7d6c50f8
1315250: system.cpu: A0 T0 : 0x1001d890 @strlen+56    : nor        r12, r11, r10   : IntAlu :  D=0x0000000000000000  flags=(IsInteger)
1315500: global: Decode: Decoded and instruction: 0x7d8c4839
1315500: system.cpu: A0 T0 : 0x1001d894 @strlen+60    : and.       r12, r12, r9    : IntAlu :  D=0x0000000028000284  flags=(IsInteger)
1315750: global: Decode: Decoded mtcrf instruction: 0x7c601120
1315750: system.cpu: A0 T0 : 0x1001d898 @strlen+64    : mtcrf      r3, r32         : IntAlu :  D=0x0000000028000288  flags=(IsInteger)
1316000: global: Decode: Decoded bc instruction: 0x40820070
1316000: system.cpu: A0 T0 : 0x1001d89c @strlen+68    : bc         2, 4, 0x1001d90c : IntAlu :  D=0x0000000000000000  flags=(IsInteger|IsControl|IsDirectControl|IsCondControl)
1316250: global: Decode: Decoded rldicr instruction: 0x78ca07c6
1316250: system.cpu: A0 T0 : 0x1001d8a0 @strlen+72    : rldicr     r10, r6, 32, 31 : IntAlu :  D=0xfefefeff00000000  flags=(IsInteger)
1316500: global: Decode: Decoded add instruction: 0x7cc65214
1316500: system.cpu: A0 T0 : 0x1001d8a4 @strlen+76    : add        r6, r6, r10     : IntAlu :  D=0xfefefefefefefeff  flags=(IsInteger)
1316750: global: Decode: Decoded bc instruction: 0x419c001c
1316750: system.cpu: A0 T0 : 0x1001d8a8 @strlen+80    : bc         28, 12, 0x1001d8c4 : IntAlu :  D=0x0000000000000000  flags=(IsInteger|IsControl|IsDirectControl|IsCondControl)
1317000: global: Decode: Decoded ld instruction: 0xe9040008
1317000: system.cpu: A0 T0 : 0x1001d8c4 @strlen+108    : ld         r8, 8(r4)       : MemRead :  D=0x4c455f4f55545055 A=0x10070110  flags=(IsInteger|IsLoad)
1317250: global: Decode: Decoded ldu instruction: 0xe9240011
1317250: system.cpu: A0 T0 : 0x1001d8c8 @strlen+112    : ldu        r9, 16(r4)      : MemRead :  D=0x5400000000000000 A=0x10070118  flags=(IsInteger|IsLoad)
1317500: global: Decode: Decoded add instruction: 0x7d464214
1317500: system.cpu: A0 T0 : 0x1001d8cc @strlen+116    : add        r10, r6, r8     : IntAlu :  D=0x4b445e4e54534f54  flags=(IsInteger)
1317750: global: Decode: Decoded nor instruction: 0x7ceb40f8
1317750: system.cpu: A0 T0 : 0x1001d8d0 @strlen+120    : nor        r11, r7, r8     : IntAlu :  D=0x8080808080808080  flags=(IsInteger)
1318000: global: Decode: Decoded and instruction: 0x7d4a5839
1318000: system.cpu: A0 T0 : 0x1001d8d4 @strlen+124    : and.       r10, r10, r11   : IntAlu :  D=0x0000000028000288  flags=(IsInteger)
1318250: global: Decode: Decoded add instruction: 0x7d864a14
1318250: system.cpu: A0 T0 : 0x1001d8d8 @strlen+128    : add        r12, r6, r9     : IntAlu :  D=0x52fefefefefefeff  flags=(IsInteger)
1318500: global: Decode: Decoded nor instruction: 0x7ce048f8
1318500: system.cpu: A0 T0 : 0x1001d8dc @strlen+132    : nor        r0, r7, r9      : IntAlu :  D=0x8080808080808080  flags=(IsInteger)
1318750: global: Decode: Decoded bc instruction: 0x4082001c
1318750: system.cpu: A0 T0 : 0x1001d8e0 @strlen+136    : bc         2, 4, 0x1001d8fc : IntAlu :  D=0x0000000000000000  flags=(IsInteger|IsControl|IsDirectControl|IsCondControl)
1319000: global: Decode: Decoded and instruction: 0x7d8c0039
1319000: system.cpu: A0 T0 : 0x1001d8e4 @strlen+140    : and.       r12, r12, r0    : IntAlu :  D=0x0000000048000288  flags=(IsInteger)
1319250: global: Decode: Decoded bc instruction: 0x4182ffdc
1319250: system.cpu: A0 T0 : 0x1001d8e8 @strlen+144    : bc         2, 12, 0x1001d8c4 : IntAlu :  D=0x0000000000000000  flags=(IsInteger|IsControl|IsDirectControl|IsCondControl)
1319500: global: Decode: Decoded and instruction: 0x7cea4838
1319500: system.cpu: A0 T0 : 0x1001d8ec @strlen+148    : and        r10, r7, r9     : IntAlu :  D=0x5400000000000000  flags=(IsInteger)
1319750: global: Decode: Decoded add instruction: 0x7d4a3a14
1319750: system.cpu: A0 T0 : 0x1001d8f0 @strlen+152    : add        r10, r10, r7    : IntAlu :  D=0xd37f7f7f7f7f7f7f  flags=(IsInteger)
1320000: global: Decode: Decoded andc instruction: 0x7c0c5078
1320000: system.cpu: A0 T0 : 0x1001d8f4 @strlen+156    : andc       r12, r0, r10    : IntAlu :  D=0x0080808080808080  flags=(IsInteger)
1320250: global: Decode: Decoded b instruction: 0x48000014
1320250: system.cpu: A0 T0 : 0x1001d8f8 @strlen+160    : b          0x1001d90c      : IntAlu :   flags=(IsControl|IsDirectControl|IsUncondControl)
1320500: global: Decode: Decoded cntlzd instruction: 0x7d8c0074
1320500: system.cpu: A0 T0 : 0x1001d90c @strlen+180    : cntlzd     r12, r12        : IntAlu :  D=0x0000000000000008  flags=(IsInteger)
1320750: global: Decode: Decoded subf instruction: 0x7d432050
1320750: system.cpu: A0 T0 : 0x1001d910 @strlen+184    : subf       r10, r3, r4     : IntAlu :  D=0x0000000000000010  flags=(IsInteger)
1321000: global: Decode: Decoded rldicl instruction: 0x798ce8c2
1321000: system.cpu: A0 T0 : 0x1001d914 @strlen+188    : rldicl     r12, r12, 61, 3 : IntAlu :  D=0x0000000000000001  flags=(IsInteger)
1321250: global: Decode: Decoded add instruction: 0x7c6a6214
1321250: system.cpu: A0 T0 : 0x1001d918 @strlen+192    : add        r3, r10, r12    : IntAlu :  D=0x0000000000000011  flags=(IsInteger)
1321500: global: Decode: Decoded bclr instruction: 0x4e800020
1321500: system.cpu: A0 T0 : 0x1001d91c @strlen+196    : bclr       0, 20           : IntAlu :  D=0x0000000000000000  flags=(IsInteger|IsControl|IsIndirectControl|IsCondControl|IsReturn)
1321750: global: Decode: Decoded ori instruction: 0x60000000
1321750: system.cpu: A0 T0 : 0x10007e90 @getenv+208    : nop                        : IntAlu :  D=0x8080808080808080  flags=(IsInteger)
1322000: global: Decode: Decoded cmpi instruction: 0x2fbf0000
1322000: system.cpu: A0 T0 : 0x10007e94 @getenv+212    : cmpdi      cr7, r31, 0     : IntAlu :  D=0x0000000048000282  flags=(IsInteger)
1322250: global: Decode: Decoded or instruction: 0x7c7b1b78
1322250: system.cpu: A0 T0 : 0x10007e98 @getenv+216    : mr         r27, r3         : IntAlu :  D=0x0000000000000011  flags=(IsInteger)
1322500: global: Decode: Decoded addi instruction: 0x3b83fffe
1322500: system.cpu: A0 T0 : 0x10007e9c @getenv+220    : subi       r28, r3, 2      : IntAlu :  D=0x000000000000000f  flags=(IsInteger)
1322750: global: Decode: Decoded bc instruction: 0x409e001c
1322750: system.cpu: A0 T0 : 0x10007ea0 @getenv+224    : bc         30, 4, 0x10007ebc : IntAlu :  D=0x0000000000000000  flags=(IsInteger|IsControl|IsDirectControl|IsCondControl)
1323000: global: Decode: Decoded b instruction: 0x4800006c
1323000: system.cpu: A0 T0 : 0x10007ea4 @getenv+228    : b          0x10007f10      : IntAlu :   flags=(IsControl|IsDirectControl|IsUncondControl)
1323250: global: Decode: Decoded ld instruction: 0xe80100b0
1323250: system.cpu: A0 T0 : 0x10007f10 @getenv+336    : ld         r0, 176(r1)     : MemRead :  D=0x0000000010025780 A=0x7fffffffe8d0  flags=(IsInteger|IsLoad)
1323500: global: Decode: Decoded ld instruction: 0xeb410070
1323500: system.cpu: A0 T0 : 0x10007f14 @getenv+340    : ld         r26, 112(r1)    : MemRead :  D=0x0000000000000000 A=0x7fffffffe890  flags=(IsInteger|IsLoad)
1323750: global: Decode: Decoded ld instruction: 0xeb610078
1323750: system.cpu: A0 T0 : 0x10007f18 @getenv+344    : ld         r27, 120(r1)    : MemRead :  D=0x00000000100b00d8 A=0x7fffffffe898  flags=(IsInteger|IsLoad)
1324000: global: Decode: Decoded ld instruction: 0xeb810080
1324000: system.cpu: A0 T0 : 0x10007f1c @getenv+348    : ld         r28, 128(r1)    : MemRead :  D=0x00000000100b35d0 A=0x7fffffffe8a0  flags=(IsInteger|IsLoad)
1324250: global: Decode: Decoded ld instruction: 0xeba10088
1324250: system.cpu: A0 T0 : 0x10007f20 @getenv+352    : ld         r29, 136(r1)    : MemRead :  D=0x00000000100b35e8 A=0x7fffffffe8a8  flags=(IsInteger|IsLoad)
1324500: global: Decode: Decoded mtlr instruction: 0x7c0803a6
1324500: system.cpu: A0 T0 : 0x10007f24 @getenv+356    : mtlr       r0              : IntAlu :  D=0x0000000010025780  flags=(IsInteger)
1324750: global: Decode: Decoded addi instruction: 0x382100a0
1324750: system.cpu: A0 T0 : 0x10007f28 @getenv+360    : addi       r1, r1, 160     : IntAlu :  D=0x00007fffffffe8c0  flags=(IsInteger)
1325000: global: Decode: Decoded or instruction: 0x7fe3fb78
1325000: system.cpu: A0 T0 : 0x10007f2c @getenv+364    : mr         r3, r31         : IntAlu :  D=0x0000000000000000  flags=(IsInteger)
1325250: global: Decode: Decoded ld instruction: 0xebc1fff0
1325250: system.cpu: A0 T0 : 0x10007f30 @getenv+368    : ld         r30, -16(r1)    : MemRead :  D=0x00000000100b35b0 A=0x7fffffffe8b0  flags=(IsInteger|IsLoad)
1325500: global: Decode: Decoded ld instruction: 0xebe1fff8
1325500: system.cpu: A0 T0 : 0x10007f34 @getenv+372    : ld         r31, -8(r1)     : MemRead :  D=0x0000000000000001 A=0x7fffffffe8b8  flags=(IsInteger|IsLoad)
1325750: global: Decode: Decoded bclr instruction: 0x4e800020
1325750: system.cpu: A0 T0 : 0x10007f38 @getenv+376    : bclr       0, 20           : IntAlu :  D=0x0000000000000000  flags=(IsInteger|IsControl|IsIndirectControl|IsCondControl|IsReturn)
1326000: global: Decode: Decoded ori instruction: 0x60000000
1326000: system.cpu: A0 T0 : 0x10025780 @_dl_non_dynamic_init+1648    : nop                        : IntAlu :  D=0x0000000010025780  flags=(IsInteger)
1326250: global: Decode: Decoded ori instruction: 0x60000000
1326250: system.cpu: A0 T0 : 0x10025784 @_dl_non_dynamic_init+1652    : nop                        : IntAlu :  D=0x0000000010025780  flags=(IsInteger)
1326500: global: Decode: Decoded addi instruction: 0x3942b850
1326500: system.cpu: A0 T0 : 0x10025788 @_dl_non_dynamic_init+1656    : subi       r10, r2, 18352  : IntAlu :  D=0x00000000100b3550  flags=(IsInteger)
1326750: global: Decode: Decoded cmpi instruction: 0x2fa30000
1326750: system.cpu: A0 T0 : 0x1002578c @_dl_non_dynamic_init+1660    : cmpdi      cr7, r3, 0      : IntAlu :  D=0x0000000048000282  flags=(IsInteger)
1327000: global: Decode: Decoded std instruction: 0xf86a0000
1327000: system.cpu: A0 T0 : 0x10025790 @_dl_non_dynamic_init+1664    : std        r3, 0(r10)      : MemWrite :  D=0x0000000000000000 A=0x100b3550  flags=(IsInteger|IsStore)
1327250: global: Decode: Decoded bc instruction: 0x419e02ac
1327250: system.cpu: A0 T0 : 0x10025794 @_dl_non_dynamic_init+1668    : bc         30, 12, 0x10025a40 : IntAlu :  D=0x0000000000000000  flags=(IsInteger|IsControl|IsDirectControl|IsCondControl)
1327500: global: Decode: Decoded addis instruction: 0x3d22ffff
1327500: system.cpu: A0 T0 : 0x10025a40 @_dl_non_dynamic_init+2352    : subis      r9, r2, 1       : IntAlu :  D=0x00000000100a7d00  flags=(IsInteger)
1327750: global: Decode: Decoded addi instruction: 0x39292198
1327750: system.cpu: A0 T0 : 0x10025a44 @_dl_non_dynamic_init+2356    : addi       r9, r9, 8600    : IntAlu :  D=0x00000000100a9e98  flags=(IsInteger)
1328000: global: Decode: Decoded lwa instruction: 0xe9290002
1328000: system.cpu: A0 T0 : 0x10025a48 @_dl_non_dynamic_init+2360    : lwa        r9, 0(r9)       : MemRead :  D=0x0000000000000000 A=0x100a9e98  flags=(IsInteger|IsLoad)
1328250: global: Decode: Decoded cmpi instruction: 0x2fa90000
1328250: system.cpu: A0 T0 : 0x10025a4c @_dl_non_dynamic_init+2364    : cmpdi      cr7, r9, 0      : IntAlu :  D=0x0000000048000282  flags=(IsInteger)
1328500: global: Decode: Decoded addis instruction: 0x3d22fffb
1328500: system.cpu: A0 T0 : 0x10025a50 @_dl_non_dynamic_init+2368    : subis      r9, r2, 5       : IntAlu :  D=0x0000000010067d00  flags=(IsInteger)
1328750: global: Decode: Decoded addi instruction: 0x39297de0
1328750: system.cpu: A0 T0 : 0x10025a54 @_dl_non_dynamic_init+2372    : addi       r9, r9, 32224   : IntAlu :  D=0x000000001006fae0  flags=(IsInteger)
1329000: global: Decode: Decoded bc instruction: 0x419efd70
1329000: system.cpu: A0 T0 : 0x10025a58 @_dl_non_dynamic_init+2376    : bc         30, 12, 0x100257c8 : IntAlu :  D=0x0000000000000000  flags=(IsInteger|IsControl|IsDirectControl|IsCondControl)
1329250: global: Decode: Decoded std instruction: 0xf92a0000
1329250: system.cpu: A0 T0 : 0x100257c8 @_dl_non_dynamic_init+1720    : std        r9, 0(r10)      : MemWrite :  D=0x000000001006fae0 A=0x100b3550  flags=(IsInteger|IsStore)
1329500: global: Decode: Decoded bc instruction: 0x409e01d4
1329500: system.cpu: A0 T0 : 0x100257cc @_dl_non_dynamic_init+1724    : bc         30, 4, 0x100259a0 : IntAlu :  D=0x0000000000000000  flags=(IsInteger|IsControl|IsDirectControl|IsCondControl)
1329750: global: Decode: Decoded addis instruction: 0x3c62fffc
1329750: system.cpu: A0 T0 : 0x100257d0 @_dl_non_dynamic_init+1728    : subis      r3, r2, 4       : IntAlu :  D=0x0000000010077d00  flags=(IsInteger)
1330000: global: Decode: Decoded addi instruction: 0x3b600000
1330000: system.cpu: A0 T0 : 0x100257d4 @_dl_non_dynamic_init+1732    : li         r27, 0          : IntAlu :  D=0x0000000000000000  flags=(IsInteger)
1330250: global: Decode: Decoded addi instruction: 0x38638420
1330250: system.cpu: A0 T0 : 0x100257d8 @_dl_non_dynamic_init+1736    : subi       r3, r3, 31712   : IntAlu :  D=0x0000000010070120  flags=(IsInteger)
1330500: global: Decode: Decoded addi instruction: 0x3b800000
1330500: system.cpu: A0 T0 : 0x100257dc @_dl_non_dynamic_init+1740    : li         r28, 0          : IntAlu :  D=0x0000000000000000  flags=(IsInteger)
1330750: global: Decode: Decoded b instruction: 0x4bfe25e1
1330750: system.cpu: A0 T0 : 0x100257e0 @_dl_non_dynamic_init+1744    : bl         getenv          : IntAlu :  D=0x00000000100257e4  flags=(IsInteger|IsControl|IsDirectControl|IsUncondControl)
1331000: global: Decode: Decoded ori instruction: 0x60000000
1331000: system.cpu: A0 T0 : 0x10007dc0 @getenv    : nop                        : IntAlu :  D=0x0000000010025780  flags=(IsInteger)
1331250: global: Decode: Decoded addi instruction: 0x3922ae50
1331250: system.cpu: A0 T0 : 0x10007dc4 @getenv+4    : subi       r9, r2, 20912   : IntAlu :  D=0x00000000100b2b50  flags=(IsInteger)
1331500: global: Decode: Decoded std instruction: 0xfbc1fff0
1331500: system.cpu: A0 T0 : 0x10007dc8 @getenv+8    : std        r30, -16(r1)    : MemWrite :  D=0x00000000100b35b0 A=0x7fffffffe8b0  flags=(IsInteger|IsStore)
1331750: global: Decode: Decoded std instruction: 0xfbe1fff8
1331750: system.cpu: A0 T0 : 0x10007dcc @getenv+12    : std        r31, -8(r1)     : MemWrite :  D=0x0000000000000001 A=0x7fffffffe8b8  flags=(IsInteger|IsStore)
1332000: global: Decode: Decoded stdu instruction: 0xf821ff61
1332000: system.cpu: A0 T0 : 0x10007dd0 @getenv+16    : stdu       r1, -160(r1)    : MemWrite :  D=0x00007fffffffe820 A=0x7fffffffe820  flags=(IsInteger|IsStore)
1332250: global: Decode: Decoded ld instruction: 0xebc90000
1332250: system.cpu: A0 T0 : 0x10007dd4 @getenv+20    : ld         r30, 0(r9)      : MemRead :  D=0x00007fffffffee48 A=0x100b2b50  flags=(IsInteger|IsLoad)
1332500: global: Decode: Decoded cmpi instruction: 0x2fbe0000
1332500: system.cpu: A0 T0 : 0x10007dd8 @getenv+24    : cmpdi      cr7, r30, 0     : IntAlu :  D=0x0000000048000284  flags=(IsInteger)
1332750: global: Decode: Decoded bc instruction: 0x419e01a4
1332750: system.cpu: A0 T0 : 0x10007ddc @getenv+28    : bc         30, 12, 0x10007f80 : IntAlu :  D=0x0000000000000000  flags=(IsInteger|IsControl|IsDirectControl|IsCondControl)
1333000: global: Decode: Decoded std instruction: 0xfb410070
1333000: system.cpu: A0 T0 : 0x10007de0 @getenv+32    : std        r26, 112(r1)    : MemWrite :  D=0x0000000000000000 A=0x7fffffffe890  flags=(IsInteger|IsStore)
1333250: global: Decode: Decoded or instruction: 0x7c7a1b78
1333250: system.cpu: A0 T0 : 0x10007de4 @getenv+36    : mr         r26, r3         : IntAlu :  D=0x0000000010070120  flags=(IsInteger)
1333500: global: Decode: Decoded lbz instruction: 0x89230000
1333500: system.cpu: A0 T0 : 0x10007de8 @getenv+40    : lbz        r9, 0(r3)       : MemRead :  D=0x000000000000004c A=0x10070120  flags=(IsInteger|IsLoad)
1333750: global: Decode: Decoded cmpi instruction: 0x2fa90000
1333750: system.cpu: A0 T0 : 0x10007dec @getenv+44    : cmpdi      cr7, r9, 0      : IntAlu :  D=0x0000000048000284  flags=(IsInteger)
1334000: global: Decode: Decoded bc instruction: 0x419e0170
1334000: system.cpu: A0 T0 : 0x10007df0 @getenv+48    : bc         30, 12, 0x10007f60 : IntAlu :  D=0x0000000000000000  flags=(IsInteger|IsControl|IsDirectControl|IsCondControl)
1334250: global: Decode: Decoded std instruction: 0xfb810080
1334250: system.cpu: A0 T0 : 0x10007df4 @getenv+52    : std        r28, 128(r1)    : MemWrite :  D=0x0000000000000000 A=0x7fffffffe8a0  flags=(IsInteger|IsStore)
1334500: global: Decode: Decoded std instruction: 0xfba10088
1334500: system.cpu: A0 T0 : 0x10007df8 @getenv+56    : std        r29, 136(r1)    : MemWrite :  D=0x00000000100b35e8 A=0x7fffffffe8a8  flags=(IsInteger|IsStore)
1334750: global: Decode: Decoded extsh instruction: 0x7d3c0734
1334750: system.cpu: A0 T0 : 0x10007dfc @getenv+60    : extsh      r28, r9         : IntAlu :  D=0x000000000000004c  flags=(IsInteger)
1335000: global: Decode: Decoded ld instruction: 0xebfe0000
1335000: system.cpu: A0 T0 : 0x10007e00 @getenv+64    : ld         r31, 0(r30)     : MemRead :  D=0x0000000000000000 A=0x7fffffffee48  flags=(IsInteger|IsLoad)
1335250: global: Decode: Decoded lbz instruction: 0x8ba30001
1335250: system.cpu: A0 T0 : 0x10007e04 @getenv+68    : lbz        r29, 1(r3)      : MemRead :  D=0x0000000000000044 A=0x10070121  flags=(IsInteger|IsLoad)
1335500: global: Decode: Decoded cmpi instruction: 0x2fbd0000
1335500: system.cpu: A0 T0 : 0x10007e08 @getenv+72    : cmpdi      cr7, r29, 0     : IntAlu :  D=0x0000000048000284  flags=(IsInteger)
1335750: global: Decode: Decoded bc instruction: 0x409e0064
1335750: system.cpu: A0 T0 : 0x10007e0c @getenv+76    : bc         30, 4, 0x10007e70 : IntAlu :  D=0x0000000000000000  flags=(IsInteger|IsControl|IsDirectControl|IsCondControl)
1336000: global: Decode: Decoded mflr instruction: 0x7c0802a6
1336000: system.cpu: A0 T0 : 0x10007e70 @getenv+176    : mflr       r0              : IntAlu :  D=0x00000000100257e4  flags=(IsInteger)
1336250: global: Decode: Decoded std instruction: 0xfb610078
1336250: system.cpu: A0 T0 : 0x10007e74 @getenv+180    : std        r27, 120(r1)    : MemWrite :  D=0x0000000000000000 A=0x7fffffffe898  flags=(IsInteger|IsStore)
1336500: global: Decode: Decoded rlwinm instruction: 0x57bd402e
1336500: system.cpu: A0 T0 : 0x10007e78 @getenv+184    : rlwinm     r29, r29, 8, 0, 23 : IntAlu :  D=0x0000000000004400  flags=(IsInteger)
1336750: global: Decode: Decoded or instruction: 0x7fbde378
1336750: system.cpu: A0 T0 : 0x10007e7c @getenv+188    : or         r29, r29, r28   : IntAlu :  D=0x000000000000444c  flags=(IsInteger)
1337000: global: Decode: Decoded addi instruction: 0x3b5a0002
1337000: system.cpu: A0 T0 : 0x10007e80 @getenv+192    : addi       r26, r26, 2     : IntAlu :  D=0x0000000010070122  flags=(IsInteger)
1337250: global: Decode: Decoded extsh instruction: 0x7fbd0734
1337250: system.cpu: A0 T0 : 0x10007e84 @getenv+196    : extsh      r29, r29        : IntAlu :  D=0x000000000000444c  flags=(IsInteger)
1337500: global: Decode: Decoded std instruction: 0xf80100b0
1337500: system.cpu: A0 T0 : 0x10007e88 @getenv+200    : std        r0, 176(r1)     : MemWrite :  D=0x00000000100257e4 A=0x7fffffffe8d0  flags=(IsInteger|IsStore)
1337750: global: Decode: Decoded b instruction: 0x480159cd
1337750: system.cpu: A0 T0 : 0x10007e8c @getenv+204    : bl         strlen          : IntAlu :  D=0x0000000010007e90  flags=(IsInteger|IsControl|IsDirectControl|IsUncondControl)
1338000: global: Decode: Decoded dcbt instruction: 0x7c001a2c
1338000: system.cpu: A0 T0 : 0x1001d858 @strlen    : dcbt                       : IntAlu :   flags=()
1338250: global: Decode: Decoded rldicr instruction: 0x78640724
1338250: system.cpu: A0 T0 : 0x1001d85c @strlen+4    : rldicr     r4, r3, 0, 60   : IntAlu :  D=0x0000000010070120  flags=(IsInteger)
1338500: global: Decode: Decoded addis instruction: 0x3ce07f7f
1338500: system.cpu: A0 T0 : 0x1001d860 @strlen+8    : lis        r7, 32639       : IntAlu :  D=0x000000007f7f0000  flags=(IsInteger)
1338750: global: Decode: Decoded rlwinm instruction: 0x54651eb8
1338750: system.cpu: A0 T0 : 0x1001d864 @strlen+12    : rlwinm     r5, r3, 3, 26, 28 : IntAlu :  D=0x0000000000000000  flags=(IsInteger)
1339000: global: Decode: Decoded ld instruction: 0xe9040000
1339000: system.cpu: A0 T0 : 0x1001d868 @strlen+16    : ld         r8, 0(r4)       : MemRead :  D=0x4c445f415353554d A=0x10070120  flags=(IsInteger|IsLoad)
1339250: global: Decode: Decoded addi instruction: 0x38e77f7f
1339250: system.cpu: A0 T0 : 0x1001d86c @strlen+20    : addi       r7, r7, 32639   : IntAlu :  D=0x000000007f7f7f7f  flags=(IsInteger)
1339500: global: Decode: Decoded addi instruction: 0x3920ffff
1339500: system.cpu: A0 T0 : 0x1001d870 @strlen+24    : li         r9, -1          : IntAlu :  D=0xffffffffffffffff  flags=(IsInteger)
1339750: global: Decode: Decoded rldimi instruction: 0x78e7000e
1339750: system.cpu: A0 T0 : 0x1001d874 @strlen+28    : rldimi     r7, r7, 32, 0   : IntAlu :  D=0x7f7f7f7f7f7f7f7f  flags=(IsInteger)
1340000: global: Decode: Decoded srd instruction: 0x7d292c36
1340000: system.cpu: A0 T0 : 0x1001d878 @strlen+32    : srd        r9, r9, r5      : IntAlu :  D=0xffffffffffffffff  flags=(IsInteger)
1340250: global: Decode: Decoded and instruction: 0x7cea4038
1340250: system.cpu: A0 T0 : 0x1001d87c @strlen+36    : and        r10, r7, r8     : IntAlu :  D=0x4c445f415353554d  flags=(IsInteger)
1340500: global: Decode: Decoded or instruction: 0x7ceb4378
1340500: system.cpu: A0 T0 : 0x1001d880 @strlen+40    : or         r11, r7, r8     : IntAlu :  D=0x7f7f7f7f7f7f7f7f  flags=(IsInteger)
1340750: global: Decode: Decoded addis instruction: 0x3cc0feff
1340750: system.cpu: A0 T0 : 0x1001d884 @strlen+44    : lis        r6, -257        : IntAlu :  D=0xfffffffffeff0000  flags=(IsInteger)
1341000: global: Decode: Decoded add instruction: 0x7d4a3a14
1341000: system.cpu: A0 T0 : 0x1001d888 @strlen+48    : add        r10, r10, r7    : IntAlu :  D=0xcbc3dec0d2d2d4cc  flags=(IsInteger)
1341250: global: Decode: Decoded addi instruction: 0x38c6feff
1341250: system.cpu: A0 T0 : 0x1001d88c @strlen+52    : subi       r6, r6, 257     : IntAlu :  D=0xfffffffffefefeff  flags=(IsInteger)
1341500: global: Decode: Decoded nor instruction: 0x7d6c50f8
1341500: system.cpu: A0 T0 : 0x1001d890 @strlen+56    : nor        r12, r11, r10   : IntAlu :  D=0x0000000000000000  flags=(IsInteger)
1341750: global: Decode: Decoded and instruction: 0x7d8c4839
1341750: system.cpu: A0 T0 : 0x1001d894 @strlen+60    : and.       r12, r12, r9    : IntAlu :  D=0x0000000028000284  flags=(IsInteger)
1342000: global: Decode: Decoded mtcrf instruction: 0x7c601120
1342000: system.cpu: A0 T0 : 0x1001d898 @strlen+64    : mtcrf      r3, r32         : IntAlu :  D=0x0000000028000280  flags=(IsInteger)
1342250: global: Decode: Decoded bc instruction: 0x40820070
1342250: system.cpu: A0 T0 : 0x1001d89c @strlen+68    : bc         2, 4, 0x1001d90c : IntAlu :  D=0x0000000000000000  flags=(IsInteger|IsControl|IsDirectControl|IsCondControl)
1342500: global: Decode: Decoded rldicr instruction: 0x78ca07c6
1342500: system.cpu: A0 T0 : 0x1001d8a0 @strlen+72    : rldicr     r10, r6, 32, 31 : IntAlu :  D=0xfefefeff00000000  flags=(IsInteger)
1342750: global: Decode: Decoded add instruction: 0x7cc65214
1342750: system.cpu: A0 T0 : 0x1001d8a4 @strlen+76    : add        r6, r6, r10     : IntAlu :  D=0xfefefefefefefeff  flags=(IsInteger)
1343000: global: Decode: Decoded bc instruction: 0x419c001c
1343000: system.cpu: A0 T0 : 0x1001d8a8 @strlen+80    : bc         28, 12, 0x1001d8c4 : IntAlu :  D=0x0000000000000000  flags=(IsInteger|IsControl|IsDirectControl|IsCondControl)
1343250: global: Decode: Decoded ldu instruction: 0xe9040009
1343250: system.cpu: A0 T0 : 0x1001d8ac @strlen+84    : ldu        r8, 8(r4)       : MemRead :  D=0x455f4b45524e454c A=0x10070128  flags=(IsInteger|IsLoad)
1343500: global: Decode: Decoded and instruction: 0x7cea4038
1343500: system.cpu: A0 T0 : 0x1001d8b0 @strlen+88    : and        r10, r7, r8     : IntAlu :  D=0x455f4b45524e454c  flags=(IsInteger)
1343750: global: Decode: Decoded or instruction: 0x7ceb4378
1343750: system.cpu: A0 T0 : 0x1001d8b4 @strlen+92    : or         r11, r7, r8     : IntAlu :  D=0x7f7f7f7f7f7f7f7f  flags=(IsInteger)
1344000: global: Decode: Decoded add instruction: 0x7d4a3a14
1344000: system.cpu: A0 T0 : 0x1001d8b8 @strlen+96    : add        r10, r10, r7    : IntAlu :  D=0xc4decac4d1cdc4cb  flags=(IsInteger)
1344250: global: Decode: Decoded nor instruction: 0x7d6c50f9
1344250: system.cpu: A0 T0 : 0x1001d8bc @strlen+100    : nor.       r12, r11, r10   : IntAlu :  D=0x0000000028000280  flags=(IsInteger)
1344500: global: Decode: Decoded bc instruction: 0x4082004c
1344500: system.cpu: A0 T0 : 0x1001d8c0 @strlen+104    : bc         2, 4, 0x1001d90c : IntAlu :  D=0x0000000000000000  flags=(IsInteger|IsControl|IsDirectControl|IsCondControl)
1344750: global: Decode: Decoded ld instruction: 0xe9040008
1344750: system.cpu: A0 T0 : 0x1001d8c4 @strlen+108    : ld         r8, 8(r4)       : MemRead :  D=0x0000000000000000 A=0x10070130  flags=(IsInteger|IsLoad)
1345000: global: Decode: Decoded ldu instruction: 0xe9240011
1345000: system.cpu: A0 T0 : 0x1001d8c8 @strlen+112    : ldu        r9, 16(r4)      : MemRead :  D=0x656c665f6765745f A=0x10070138  flags=(IsInteger|IsLoad)
1345250: global: Decode: Decoded add instruction: 0x7d464214
1345250: system.cpu: A0 T0 : 0x1001d8cc @strlen+116    : add        r10, r6, r8     : IntAlu :  D=0xfefefefefefefeff  flags=(IsInteger)
1345500: global: Decode: Decoded nor instruction: 0x7ceb40f8
1345500: system.cpu: A0 T0 : 0x1001d8d0 @strlen+120    : nor        r11, r7, r8     : IntAlu :  D=0x8080808080808080  flags=(IsInteger)
1345750: global: Decode: Decoded and instruction: 0x7d4a5839
1345750: system.cpu: A0 T0 : 0x1001d8d4 @strlen+124    : and.       r10, r10, r11   : IntAlu :  D=0x0000000088000280  flags=(IsInteger)
1346000: global: Decode: Decoded add instruction: 0x7d864a14
1346000: system.cpu: A0 T0 : 0x1001d8d8 @strlen+128    : add        r12, r6, r9     : IntAlu :  D=0x646b655e6664735e  flags=(IsInteger)
1346250: global: Decode: Decoded nor instruction: 0x7ce048f8
1346250: system.cpu: A0 T0 : 0x1001d8dc @strlen+132    : nor        r0, r7, r9      : IntAlu :  D=0x8080808080808080  flags=(IsInteger)
1346500: global: Decode: Decoded bc instruction: 0x4082001c
1346500: system.cpu: A0 T0 : 0x1001d8e0 @strlen+136    : bc         2, 4, 0x1001d8fc : IntAlu :  D=0x0000000000000000  flags=(IsInteger|IsControl|IsDirectControl|IsCondControl)
1346750: global: Decode: Decoded and instruction: 0x7cea4038
1346750: system.cpu: A0 T0 : 0x1001d8fc @strlen+164    : and        r10, r7, r8     : IntAlu :  D=0x0000000000000000  flags=(IsInteger)
1347000: global: Decode: Decoded addi instruction: 0x3884fff8
1347000: system.cpu: A0 T0 : 0x1001d900 @strlen+168    : subi       r4, r4, 8       : IntAlu :  D=0x0000000010070130  flags=(IsInteger)
1347250: global: Decode: Decoded add instruction: 0x7d4a3a14
1347250: system.cpu: A0 T0 : 0x1001d904 @strlen+172    : add        r10, r10, r7    : IntAlu :  D=0x7f7f7f7f7f7f7f7f  flags=(IsInteger)
1347500: global: Decode: Decoded andc instruction: 0x7d6c5078
1347500: system.cpu: A0 T0 : 0x1001d908 @strlen+176    : andc       r12, r11, r10   : IntAlu :  D=0x8080808080808080  flags=(IsInteger)
1347750: global: Decode: Decoded cntlzd instruction: 0x7d8c0074
1347750: system.cpu: A0 T0 : 0x1001d90c @strlen+180    : cntlzd     r12, r12        : IntAlu :  D=0x0000000000000000  flags=(IsInteger)
1348000: global: Decode: Decoded subf instruction: 0x7d432050
1348000: system.cpu: A0 T0 : 0x1001d910 @strlen+184    : subf       r10, r3, r4     : IntAlu :  D=0x0000000000000010  flags=(IsInteger)
1348250: global: Decode: Decoded rldicl instruction: 0x798ce8c2
1348250: system.cpu: A0 T0 : 0x1001d914 @strlen+188    : rldicl     r12, r12, 61, 3 : IntAlu :  D=0x0000000000000000  flags=(IsInteger)
1348500: global: Decode: Decoded add instruction: 0x7c6a6214
1348500: system.cpu: A0 T0 : 0x1001d918 @strlen+192    : add        r3, r10, r12    : IntAlu :  D=0x0000000000000010  flags=(IsInteger)
1348750: global: Decode: Decoded bclr instruction: 0x4e800020
1348750: system.cpu: A0 T0 : 0x1001d91c @strlen+196    : bclr       0, 20           : IntAlu :  D=0x0000000000000000  flags=(IsInteger|IsControl|IsIndirectControl|IsCondControl|IsReturn)
1349000: global: Decode: Decoded ori instruction: 0x60000000
1349000: system.cpu: A0 T0 : 0x10007e90 @getenv+208    : nop                        : IntAlu :  D=0x8080808080808080  flags=(IsInteger)
1349250: global: Decode: Decoded cmpi instruction: 0x2fbf0000
1349250: system.cpu: A0 T0 : 0x10007e94 @getenv+212    : cmpdi      cr7, r31, 0     : IntAlu :  D=0x0000000088000282  flags=(IsInteger)
1349500: global: Decode: Decoded or instruction: 0x7c7b1b78
1349500: system.cpu: A0 T0 : 0x10007e98 @getenv+216    : mr         r27, r3         : IntAlu :  D=0x0000000000000010  flags=(IsInteger)
1349750: global: Decode: Decoded addi instruction: 0x3b83fffe
1349750: system.cpu: A0 T0 : 0x10007e9c @getenv+220    : subi       r28, r3, 2      : IntAlu :  D=0x000000000000000e  flags=(IsInteger)
1350000: global: Decode: Decoded bc instruction: 0x409e001c
1350000: system.cpu: A0 T0 : 0x10007ea0 @getenv+224    : bc         30, 4, 0x10007ebc : IntAlu :  D=0x0000000000000000  flags=(IsInteger|IsControl|IsDirectControl|IsCondControl)
1350250: global: Decode: Decoded b instruction: 0x4800006c
1350250: system.cpu: A0 T0 : 0x10007ea4 @getenv+228    : b          0x10007f10      : IntAlu :   flags=(IsControl|IsDirectControl|IsUncondControl)
1350500: global: Decode: Decoded ld instruction: 0xe80100b0
1350500: system.cpu: A0 T0 : 0x10007f10 @getenv+336    : ld         r0, 176(r1)     : MemRead :  D=0x00000000100257e4 A=0x7fffffffe8d0  flags=(IsInteger|IsLoad)
1350750: global: Decode: Decoded ld instruction: 0xeb410070
1350750: system.cpu: A0 T0 : 0x10007f14 @getenv+340    : ld         r26, 112(r1)    : MemRead :  D=0x0000000000000000 A=0x7fffffffe890  flags=(IsInteger|IsLoad)
1351000: global: Decode: Decoded ld instruction: 0xeb610078
1351000: system.cpu: A0 T0 : 0x10007f18 @getenv+344    : ld         r27, 120(r1)    : MemRead :  D=0x0000000000000000 A=0x7fffffffe898  flags=(IsInteger|IsLoad)
1351250: global: Decode: Decoded ld instruction: 0xeb810080
1351250: system.cpu: A0 T0 : 0x10007f1c @getenv+348    : ld         r28, 128(r1)    : MemRead :  D=0x0000000000000000 A=0x7fffffffe8a0  flags=(IsInteger|IsLoad)
1351500: global: Decode: Decoded ld instruction: 0xeba10088
1351500: system.cpu: A0 T0 : 0x10007f20 @getenv+352    : ld         r29, 136(r1)    : MemRead :  D=0x00000000100b35e8 A=0x7fffffffe8a8  flags=(IsInteger|IsLoad)
1351750: global: Decode: Decoded mtlr instruction: 0x7c0803a6
1351750: system.cpu: A0 T0 : 0x10007f24 @getenv+356    : mtlr       r0              : IntAlu :  D=0x00000000100257e4  flags=(IsInteger)
1352000: global: Decode: Decoded addi instruction: 0x382100a0
1352000: system.cpu: A0 T0 : 0x10007f28 @getenv+360    : addi       r1, r1, 160     : IntAlu :  D=0x00007fffffffe8c0  flags=(IsInteger)
1352250: global: Decode: Decoded or instruction: 0x7fe3fb78
1352250: system.cpu: A0 T0 : 0x10007f2c @getenv+364    : mr         r3, r31         : IntAlu :  D=0x0000000000000000  flags=(IsInteger)
1352500: global: Decode: Decoded ld instruction: 0xebc1fff0
1352500: system.cpu: A0 T0 : 0x10007f30 @getenv+368    : ld         r30, -16(r1)    : MemRead :  D=0x00000000100b35b0 A=0x7fffffffe8b0  flags=(IsInteger|IsLoad)
1352750: global: Decode: Decoded ld instruction: 0xebe1fff8
1352750: system.cpu: A0 T0 : 0x10007f34 @getenv+372    : ld         r31, -8(r1)     : MemRead :  D=0x0000000000000001 A=0x7fffffffe8b8  flags=(IsInteger|IsLoad)
1353000: global: Decode: Decoded bclr instruction: 0x4e800020
1353000: system.cpu: A0 T0 : 0x10007f38 @getenv+376    : bclr       0, 20           : IntAlu :  D=0x0000000000000000  flags=(IsInteger|IsControl|IsIndirectControl|IsCondControl|IsReturn)
1353250: global: Decode: Decoded ori instruction: 0x60000000
1353250: system.cpu: A0 T0 : 0x100257e4 @_dl_non_dynamic_init+1748    : nop                        : IntAlu :  D=0x00000000100257e4  flags=(IsInteger)
1353500: global: Decode: Decoded or instruction: 0x7c7f1b79
1353500: system.cpu: A0 T0 : 0x100257e8 @_dl_non_dynamic_init+1752    : or.        r31, r3, r3     : IntAlu :  D=0x0000000028000282  flags=(IsInteger)
1353750: global: Decode: Decoded bc instruction: 0x41820060
1353750: system.cpu: A0 T0 : 0x100257ec @_dl_non_dynamic_init+1756    : bc         2, 12, 0x1002584c : IntAlu :  D=0x0000000000000000  flags=(IsInteger|IsControl|IsDirectControl|IsCondControl)
1354000: global: Decode: Decoded ori instruction: 0x60000000
1354000: system.cpu: A0 T0 : 0x1002584c @_dl_non_dynamic_init+1852    : nop                        : IntAlu :  D=0x00000000100257e4  flags=(IsInteger)
1354250: global: Decode: Decoded addi instruction: 0x3922b890
1354250: system.cpu: A0 T0 : 0x10025850 @_dl_non_dynamic_init+1856    : subi       r9, r2, 18288   : IntAlu :  D=0x00000000100b3590  flags=(IsInteger)
1354500: global: Decode: Decoded ld instruction: 0xe8690000
1354500: system.cpu: A0 T0 : 0x10025854 @_dl_non_dynamic_init+1860    : ld         r3, 0(r9)       : MemRead :  D=0x00007fffffffef7f A=0x100b3590  flags=(IsInteger|IsLoad)
1354750: global: Decode: Decoded cmpi instruction: 0x2fa30000
1354750: system.cpu: A0 T0 : 0x10025858 @_dl_non_dynamic_init+1864    : cmpdi      cr7, r3, 0      : IntAlu :  D=0x0000000028000284  flags=(IsInteger)
1355000: global: Decode: Decoded bc instruction: 0x419e0018
1355000: system.cpu: A0 T0 : 0x1002585c @_dl_non_dynamic_init+1868    : bc         30, 12, 0x10025874 : IntAlu :  D=0x0000000000000000  flags=(IsInteger|IsControl|IsDirectControl|IsCondControl)
1355250: global: Decode: Decoded b instruction: 0x4bff7ff9
1355250: system.cpu: A0 T0 : 0x10025860 @_dl_non_dynamic_init+1872    : bl         strlen          : IntAlu :  D=0x0000000010025864  flags=(IsInteger|IsControl|IsDirectControl|IsUncondControl)
1355500: global: Decode: Decoded dcbt instruction: 0x7c001a2c
1355500: system.cpu: A0 T0 : 0x1001d858 @strlen    : dcbt                       : IntAlu :   flags=()
1355750: global: Decode: Decoded rldicr instruction: 0x78640724
1355750: system.cpu: A0 T0 : 0x1001d85c @strlen+4    : rldicr     r4, r3, 0, 60   : IntAlu :  D=0x00007fffffffef78  flags=(IsInteger)
1356000: global: Decode: Decoded addis instruction: 0x3ce07f7f
1356000: system.cpu: A0 T0 : 0x1001d860 @strlen+8    : lis        r7, 32639       : IntAlu :  D=0x000000007f7f0000  flags=(IsInteger)
1356250: global: Decode: Decoded rlwinm instruction: 0x54651eb8
1356250: system.cpu: A0 T0 : 0x1001d864 @strlen+12    : rlwinm     r5, r3, 3, 26, 28 : IntAlu :  D=0x0000000000000038  flags=(IsInteger)
1356500: global: Decode: Decoded ld instruction: 0xe9040000
1356500: system.cpu: A0 T0 : 0x1001d868 @strlen+16    : ld         r8, 0(r4)       : MemRead :  D=0x0000000000000070 A=0x7fffffffef78  flags=(IsInteger|IsLoad)
1356750: global: Decode: Decoded addi instruction: 0x38e77f7f
1356750: system.cpu: A0 T0 : 0x1001d86c @strlen+20    : addi       r7, r7, 32639   : IntAlu :  D=0x000000007f7f7f7f  flags=(IsInteger)
1357000: global: Decode: Decoded addi instruction: 0x3920ffff
1357000: system.cpu: A0 T0 : 0x1001d870 @strlen+24    : li         r9, -1          : IntAlu :  D=0xffffffffffffffff  flags=(IsInteger)
1357250: global: Decode: Decoded rldimi instruction: 0x78e7000e
1357250: system.cpu: A0 T0 : 0x1001d874 @strlen+28    : rldimi     r7, r7, 32, 0   : IntAlu :  D=0x7f7f7f7f7f7f7f7f  flags=(IsInteger)
1357500: global: Decode: Decoded srd instruction: 0x7d292c36
1357500: system.cpu: A0 T0 : 0x1001d878 @strlen+32    : srd        r9, r9, r5      : IntAlu :  D=0x00000000000000ff  flags=(IsInteger)
1357750: global: Decode: Decoded and instruction: 0x7cea4038
1357750: system.cpu: A0 T0 : 0x1001d87c @strlen+36    : and        r10, r7, r8     : IntAlu :  D=0x0000000000000070  flags=(IsInteger)
1358000: global: Decode: Decoded or instruction: 0x7ceb4378
1358000: system.cpu: A0 T0 : 0x1001d880 @strlen+40    : or         r11, r7, r8     : IntAlu :  D=0x7f7f7f7f7f7f7f7f  flags=(IsInteger)
1358250: global: Decode: Decoded addis instruction: 0x3cc0feff
1358250: system.cpu: A0 T0 : 0x1001d884 @strlen+44    : lis        r6, -257        : IntAlu :  D=0xfffffffffeff0000  flags=(IsInteger)
1358500: global: Decode: Decoded add instruction: 0x7d4a3a14
1358500: system.cpu: A0 T0 : 0x1001d888 @strlen+48    : add        r10, r10, r7    : IntAlu :  D=0x7f7f7f7f7f7f7fef  flags=(IsInteger)
1358750: global: Decode: Decoded addi instruction: 0x38c6feff
1358750: system.cpu: A0 T0 : 0x1001d88c @strlen+52    : subi       r6, r6, 257     : IntAlu :  D=0xfffffffffefefeff  flags=(IsInteger)
1359000: global: Decode: Decoded nor instruction: 0x7d6c50f8
1359000: system.cpu: A0 T0 : 0x1001d890 @strlen+56    : nor        r12, r11, r10   : IntAlu :  D=0x8080808080808000  flags=(IsInteger)
1359250: global: Decode: Decoded and instruction: 0x7d8c4839
1359250: system.cpu: A0 T0 : 0x1001d894 @strlen+60    : and.       r12, r12, r9    : IntAlu :  D=0x0000000028000284  flags=(IsInteger)
1359500: global: Decode: Decoded mtcrf instruction: 0x7c601120
1359500: system.cpu: A0 T0 : 0x1001d898 @strlen+64    : mtcrf      r3, r32         : IntAlu :  D=0x000000002800028f  flags=(IsInteger)
1359750: global: Decode: Decoded bc instruction: 0x40820070
1359750: system.cpu: A0 T0 : 0x1001d89c @strlen+68    : bc         2, 4, 0x1001d90c : IntAlu :  D=0x0000000000000000  flags=(IsInteger|IsControl|IsDirectControl|IsCondControl)
1360000: global: Decode: Decoded rldicr instruction: 0x78ca07c6
1360000: system.cpu: A0 T0 : 0x1001d8a0 @strlen+72    : rldicr     r10, r6, 32, 31 : IntAlu :  D=0xfefefeff00000000  flags=(IsInteger)
1360250: global: Decode: Decoded add instruction: 0x7cc65214
1360250: system.cpu: A0 T0 : 0x1001d8a4 @strlen+76    : add        r6, r6, r10     : IntAlu :  D=0xfefefefefefefeff  flags=(IsInteger)
1360500: global: Decode: Decoded bc instruction: 0x419c001c
1360500: system.cpu: A0 T0 : 0x1001d8a8 @strlen+80    : bc         28, 12, 0x1001d8c4 : IntAlu :  D=0x0000000000000000  flags=(IsInteger|IsControl|IsDirectControl|IsCondControl)
1360750: global: Decode: Decoded ld instruction: 0xe9040008
1360750: system.cpu: A0 T0 : 0x1001d8c4 @strlen+108    : ld         r8, 8(r4)       : MemRead :  D=0x6f77657238007465 A=0x7fffffffef80  flags=(IsInteger|IsLoad)
1361000: global: Decode: Decoded ldu instruction: 0xe9240011
1361000: system.cpu: A0 T0 : 0x1001d8c8 @strlen+112    : ldu        r9, 16(r4)      : MemRead :  D=0x7374732f74657374 A=0x7fffffffef88  flags=(IsInteger|IsLoad)
1361250: global: Decode: Decoded add instruction: 0x7d464214
1361250: system.cpu: A0 T0 : 0x1001d8cc @strlen+116    : add        r10, r6, r8     : IntAlu :  D=0x6e76647136ff7364  flags=(IsInteger)
1361500: global: Decode: Decoded nor instruction: 0x7ceb40f8
1361500: system.cpu: A0 T0 : 0x1001d8d0 @strlen+120    : nor        r11, r7, r8     : IntAlu :  D=0x8080808080808080  flags=(IsInteger)
1361750: global: Decode: Decoded and instruction: 0x7d4a5839
1361750: system.cpu: A0 T0 : 0x1001d8d4 @strlen+124    : and.       r10, r10, r11   : IntAlu :  D=0x000000004800028f  flags=(IsInteger)
1362000: global: Decode: Decoded add instruction: 0x7d864a14
1362000: system.cpu: A0 T0 : 0x1001d8d8 @strlen+128    : add        r12, r6, r9     : IntAlu :  D=0x7273722e73647273  flags=(IsInteger)
1362250: global: Decode: Decoded nor instruction: 0x7ce048f8
1362250: system.cpu: A0 T0 : 0x1001d8dc @strlen+132    : nor        r0, r7, r9      : IntAlu :  D=0x8080808080808080  flags=(IsInteger)
1362500: global: Decode: Decoded bc instruction: 0x4082001c
1362500: system.cpu: A0 T0 : 0x1001d8e0 @strlen+136    : bc         2, 4, 0x1001d8fc : IntAlu :  D=0x0000000000000000  flags=(IsInteger|IsControl|IsDirectControl|IsCondControl)
1362750: global: Decode: Decoded and instruction: 0x7cea4038
1362750: system.cpu: A0 T0 : 0x1001d8fc @strlen+164    : and        r10, r7, r8     : IntAlu :  D=0x6f77657238007465  flags=(IsInteger)
1363000: global: Decode: Decoded addi instruction: 0x3884fff8
1363000: system.cpu: A0 T0 : 0x1001d900 @strlen+168    : subi       r4, r4, 8       : IntAlu :  D=0x00007fffffffef80  flags=(IsInteger)
1363250: global: Decode: Decoded add instruction: 0x7d4a3a14
1363250: system.cpu: A0 T0 : 0x1001d904 @strlen+172    : add        r10, r10, r7    : IntAlu :  D=0xeef6e4f1b77ff3e4  flags=(IsInteger)
1363500: global: Decode: Decoded andc instruction: 0x7d6c5078
1363500: system.cpu: A0 T0 : 0x1001d908 @strlen+176    : andc       r12, r11, r10   : IntAlu :  D=0x0000000000800000  flags=(IsInteger)
1363750: global: Decode: Decoded cntlzd instruction: 0x7d8c0074
1363750: system.cpu: A0 T0 : 0x1001d90c @strlen+180    : cntlzd     r12, r12        : IntAlu :  D=0x0000000000000028  flags=(IsInteger)
1364000: global: Decode: Decoded subf instruction: 0x7d432050
1364000: system.cpu: A0 T0 : 0x1001d910 @strlen+184    : subf       r10, r3, r4     : IntAlu :  D=0x0000000000000001  flags=(IsInteger)
1364250: global: Decode: Decoded rldicl instruction: 0x798ce8c2
1364250: system.cpu: A0 T0 : 0x1001d914 @strlen+188    : rldicl     r12, r12, 61, 3 : IntAlu :  D=0x0000000000000005  flags=(IsInteger)
1364500: global: Decode: Decoded add instruction: 0x7c6a6214
1364500: system.cpu: A0 T0 : 0x1001d918 @strlen+192    : add        r3, r10, r12    : IntAlu :  D=0x0000000000000006  flags=(IsInteger)
1364750: global: Decode: Decoded bclr instruction: 0x4e800020
1364750: system.cpu: A0 T0 : 0x1001d91c @strlen+196    : bclr       0, 20           : IntAlu :  D=0x0000000000000000  flags=(IsInteger|IsControl|IsIndirectControl|IsCondControl|IsReturn)
1365000: global: Decode: Decoded ori instruction: 0x60000000
1365000: system.cpu: A0 T0 : 0x10025864 @_dl_non_dynamic_init+1876    : nop                        : IntAlu :  D=0x8080808080808080  flags=(IsInteger)
1365250: global: Decode: Decoded ori instruction: 0x60000000
1365250: system.cpu: A0 T0 : 0x10025868 @_dl_non_dynamic_init+1880    : nop                        : IntAlu :  D=0x8080808080808080  flags=(IsInteger)
1365500: global: Decode: Decoded addi instruction: 0x3922b858
1365500: system.cpu: A0 T0 : 0x1002586c @_dl_non_dynamic_init+1884    : subi       r9, r2, 18344   : IntAlu :  D=0x00000000100b3558  flags=(IsInteger)
1365750: global: Decode: Decoded std instruction: 0xf8690000
1365750: system.cpu: A0 T0 : 0x10025870 @_dl_non_dynamic_init+1888    : std        r3, 0(r9)       : MemWrite :  D=0x0000000000000006 A=0x100b3558  flags=(IsInteger|IsStore)
1366000: global: Decode: Decoded ld instruction: 0xe8fe0000
1366000: system.cpu: A0 T0 : 0x10025874 @_dl_non_dynamic_init+1892    : ld         r7, 0(r30)      : MemRead :  D=0x0000000010000040 A=0x100b35b0  flags=(IsInteger|IsLoad)
1366250: global: Decode: Decoded cmpi instruction: 0x2fa70000
1366250: system.cpu: A0 T0 : 0x10025878 @_dl_non_dynamic_init+1896    : cmpdi      cr7, r7, 0      : IntAlu :  D=0x0000000048000284  flags=(IsInteger)
1366500: global: Decode: Decoded bc instruction: 0x419e0068
1366500: system.cpu: A0 T0 : 0x1002587c @_dl_non_dynamic_init+1900    : bc         30, 12, 0x100258e4 : IntAlu :  D=0x0000000000000000  flags=(IsInteger|IsControl|IsDirectControl|IsCondControl)
1366750: global: Decode: Decoded ld instruction: 0xe95d0000
1366750: system.cpu: A0 T0 : 0x10025880 @_dl_non_dynamic_init+1904    : ld         r10, 0(r29)     : MemRead :  D=0x0000000000000005 A=0x100b35e8  flags=(IsInteger|IsLoad)
1367000: global: Decode: Decoded cmpi instruction: 0x2faa0000
1367000: system.cpu: A0 T0 : 0x10025884 @_dl_non_dynamic_init+1908    : cmpdi      cr7, r10, 0     : IntAlu :  D=0x0000000048000284  flags=(IsInteger)
1367250: global: Decode: Decoded bc instruction: 0x419e005c
1367250: system.cpu: A0 T0 : 0x10025888 @_dl_non_dynamic_init+1912    : bc         30, 12, 0x100258e4 : IntAlu :  D=0x0000000000000000  flags=(IsInteger|IsControl|IsDirectControl|IsCondControl)
1367500: global: Decode: Decoded lwz instruction: 0x81270000
1367500: system.cpu: A0 T0 : 0x1002588c @_dl_non_dynamic_init+1916    : lwz        r9, 0(r7)       : MemRead :  D=0x0000000000000001 A=0x10000040  flags=(IsInteger|IsLoad)
1367750: global: Decode: Decoded addis instruction: 0x3d006474
1367750: system.cpu: A0 T0 : 0x10025890 @_dl_non_dynamic_init+1920    : lis        r8, 25716       : IntAlu :  D=0x0000000064740000  flags=(IsInteger)
1368000: global: Decode: Decoded ori instruction: 0x6108e551
1368000: system.cpu: A0 T0 : 0x10025894 @_dl_non_dynamic_init+1924    : ori        r8, r8, 58705   : IntAlu :  D=0x000000006474e551  flags=(IsInteger)
1368250: global: Decode: Decoded cmp instruction: 0x7f894000
1368250: system.cpu: A0 T0 : 0x10025898 @_dl_non_dynamic_init+1928    : cmpw       cr7, r9, r8     : IntAlu :  D=0x0000000048000288  flags=(IsInteger)
1368500: global: Decode: Decoded bc instruction: 0x419e003c
1368500: system.cpu: A0 T0 : 0x1002589c @_dl_non_dynamic_init+1932    : bc         30, 12, 0x100258d8 : IntAlu :  D=0x0000000000000000  flags=(IsInteger|IsControl|IsDirectControl|IsCondControl)
1368750: global: Decode: Decoded mtctr instruction: 0x7d4903a6
1368750: system.cpu: A0 T0 : 0x100258a0 @_dl_non_dynamic_init+1936    : mtctr      r10             : IntAlu :  D=0x0000000000000005  flags=(IsInteger)
1369000: global: Decode: Decoded addi instruction: 0x39270038
1369000: system.cpu: A0 T0 : 0x100258a4 @_dl_non_dynamic_init+1940    : addi       r9, r7, 56      : IntAlu :  D=0x0000000010000078  flags=(IsInteger)
1369250: global: Decode: Decoded b instruction: 0x48000018
1369250: system.cpu: A0 T0 : 0x100258a8 @_dl_non_dynamic_init+1944    : b          0x100258c0      : IntAlu :   flags=(IsControl|IsDirectControl|IsUncondControl)
1369500: global: Decode: Decoded bc instruction: 0x42400024
1369500: system.cpu: A0 T0 : 0x100258c0 @_dl_non_dynamic_init+1968    : bc         0, 18, 0x100258e4 : IntAlu :  D=0x0000000000000004  flags=(IsInteger|IsControl|IsDirectControl|IsCondControl)
1369750: global: Decode: Decoded or instruction: 0x7d274b78
1369750: system.cpu: A0 T0 : 0x100258c4 @_dl_non_dynamic_init+1972    : mr         r7, r9          : IntAlu :  D=0x0000000010000078  flags=(IsInteger)
1370000: global: Decode: Decoded addi instruction: 0x39290038
1370000: system.cpu: A0 T0 : 0x100258c8 @_dl_non_dynamic_init+1976    : addi       r9, r9, 56      : IntAlu :  D=0x00000000100000b0  flags=(IsInteger)
1370250: global: Decode: Decoded lwz instruction: 0x8149ffc8
1370250: system.cpu: A0 T0 : 0x100258cc @_dl_non_dynamic_init+1980    : lwz        r10, -56(r9)    : MemRead :  D=0x0000000000000001 A=0x10000078  flags=(IsInteger|IsLoad)
1370500: global: Decode: Decoded cmp instruction: 0x7f8a4000
1370500: system.cpu: A0 T0 : 0x100258d0 @_dl_non_dynamic_init+1984    : cmpw       cr7, r10, r8    : IntAlu :  D=0x0000000048000288  flags=(IsInteger)
1370750: global: Decode: Decoded bc instruction: 0x409effec
1370750: system.cpu: A0 T0 : 0x100258d4 @_dl_non_dynamic_init+1988    : bc         30, 4, 0x100258c0 : IntAlu :  D=0x0000000000000004  flags=(IsInteger|IsControl|IsDirectControl|IsCondControl)
1371000: global: Decode: Decoded bc instruction: 0x42400024
1371000: system.cpu: A0 T0 : 0x100258c0 @_dl_non_dynamic_init+1968    : bc         0, 18, 0x100258e4 : IntAlu :  D=0x0000000000000003  flags=(IsInteger|IsControl|IsDirectControl|IsCondControl)
1371250: global: Decode: Decoded or instruction: 0x7d274b78
1371250: system.cpu: A0 T0 : 0x100258c4 @_dl_non_dynamic_init+1972    : mr         r7, r9          : IntAlu :  D=0x00000000100000b0  flags=(IsInteger)
1371500: global: Decode: Decoded addi instruction: 0x39290038
1371500: system.cpu: A0 T0 : 0x100258c8 @_dl_non_dynamic_init+1976    : addi       r9, r9, 56      : IntAlu :  D=0x00000000100000e8  flags=(IsInteger)
1371750: global: Decode: Decoded lwz instruction: 0x8149ffc8
1371750: system.cpu: A0 T0 : 0x100258cc @_dl_non_dynamic_init+1980    : lwz        r10, -56(r9)    : MemRead :  D=0x0000000000000004 A=0x100000b0  flags=(IsInteger|IsLoad)
1372000: global: Decode: Decoded cmp instruction: 0x7f8a4000
1372000: system.cpu: A0 T0 : 0x100258d0 @_dl_non_dynamic_init+1984    : cmpw       cr7, r10, r8    : IntAlu :  D=0x0000000048000288  flags=(IsInteger)
1372250: global: Decode: Decoded bc instruction: 0x409effec
1372250: system.cpu: A0 T0 : 0x100258d4 @_dl_non_dynamic_init+1988    : bc         30, 4, 0x100258c0 : IntAlu :  D=0x0000000000000003  flags=(IsInteger|IsControl|IsDirectControl|IsCondControl)
1372500: global: Decode: Decoded bc instruction: 0x42400024
1372500: system.cpu: A0 T0 : 0x100258c0 @_dl_non_dynamic_init+1968    : bc         0, 18, 0x100258e4 : IntAlu :  D=0x0000000000000002  flags=(IsInteger|IsControl|IsDirectControl|IsCondControl)
1372750: global: Decode: Decoded or instruction: 0x7d274b78
1372750: system.cpu: A0 T0 : 0x100258c4 @_dl_non_dynamic_init+1972    : mr         r7, r9          : IntAlu :  D=0x00000000100000e8  flags=(IsInteger)
1373000: global: Decode: Decoded addi instruction: 0x39290038
1373000: system.cpu: A0 T0 : 0x100258c8 @_dl_non_dynamic_init+1976    : addi       r9, r9, 56      : IntAlu :  D=0x0000000010000120  flags=(IsInteger)
1373250: global: Decode: Decoded lwz instruction: 0x8149ffc8
1373250: system.cpu: A0 T0 : 0x100258cc @_dl_non_dynamic_init+1980    : lwz        r10, -56(r9)    : MemRead :  D=0x0000000000000007 A=0x100000e8  flags=(IsInteger|IsLoad)
1373500: global: Decode: Decoded cmp instruction: 0x7f8a4000
1373500: system.cpu: A0 T0 : 0x100258d0 @_dl_non_dynamic_init+1984    : cmpw       cr7, r10, r8    : IntAlu :  D=0x0000000048000288  flags=(IsInteger)
1373750: global: Decode: Decoded bc instruction: 0x409effec
1373750: system.cpu: A0 T0 : 0x100258d4 @_dl_non_dynamic_init+1988    : bc         30, 4, 0x100258c0 : IntAlu :  D=0x0000000000000002  flags=(IsInteger|IsControl|IsDirectControl|IsCondControl)
1374000: global: Decode: Decoded bc instruction: 0x42400024
1374000: system.cpu: A0 T0 : 0x100258c0 @_dl_non_dynamic_init+1968    : bc         0, 18, 0x100258e4 : IntAlu :  D=0x0000000000000001  flags=(IsInteger|IsControl|IsDirectControl|IsCondControl)
1374250: global: Decode: Decoded or instruction: 0x7d274b78
1374250: system.cpu: A0 T0 : 0x100258c4 @_dl_non_dynamic_init+1972    : mr         r7, r9          : IntAlu :  D=0x0000000010000120  flags=(IsInteger)
1374500: global: Decode: Decoded addi instruction: 0x39290038
1374500: system.cpu: A0 T0 : 0x100258c8 @_dl_non_dynamic_init+1976    : addi       r9, r9, 56      : IntAlu :  D=0x0000000010000158  flags=(IsInteger)
1374750: global: Decode: Decoded lwz instruction: 0x8149ffc8
1374750: system.cpu: A0 T0 : 0x100258cc @_dl_non_dynamic_init+1980    : lwz        r10, -56(r9)    : MemRead :  D=0x000000006474e552 A=0x10000120  flags=(IsInteger|IsLoad)
1375000: global: Decode: Decoded cmp instruction: 0x7f8a4000
1375000: system.cpu: A0 T0 : 0x100258d0 @_dl_non_dynamic_init+1984    : cmpw       cr7, r10, r8    : IntAlu :  D=0x0000000048000284  flags=(IsInteger)
1375250: global: Decode: Decoded bc instruction: 0x409effec
1375250: system.cpu: A0 T0 : 0x100258d4 @_dl_non_dynamic_init+1988    : bc         30, 4, 0x100258c0 : IntAlu :  D=0x0000000000000001  flags=(IsInteger|IsControl|IsDirectControl|IsCondControl)
1375500: global: Decode: Decoded bc instruction: 0x42400024
1375500: system.cpu: A0 T0 : 0x100258c0 @_dl_non_dynamic_init+1968    : bc         0, 18, 0x100258e4 : IntAlu :  D=0x0000000000000000  flags=(IsInteger|IsControl|IsDirectControl|IsCondControl)
1375750: global: Decode: Decoded addi instruction: 0x382100b0
1375750: system.cpu: A0 T0 : 0x100258e4 @_dl_non_dynamic_init+2004    : addi       r1, r1, 176     : IntAlu :  D=0x00007fffffffe970  flags=(IsInteger)
1376000: global: Decode: Decoded ld instruction: 0xe8010010
1376000: system.cpu: A0 T0 : 0x100258e8 @_dl_non_dynamic_init+2008    : ld         r0, 16(r1)      : MemRead :  D=0x0000000010025eb4 A=0x7fffffffe980  flags=(IsInteger|IsLoad)
1376250: global: Decode: Decoded ld instruction: 0xeb61ffd8
1376250: system.cpu: A0 T0 : 0x100258ec @_dl_non_dynamic_init+2012    : ld         r27, -40(r1)    : MemRead :  D=0x00000000100b00d8 A=0x7fffffffe948  flags=(IsInteger|IsLoad)
1376500: global: Decode: Decoded ld instruction: 0xeb81ffe0
1376500: system.cpu: A0 T0 : 0x100258f0 @_dl_non_dynamic_init+2016    : ld         r28, -32(r1)    : MemRead :  D=0x0000000010000268 A=0x7fffffffe950  flags=(IsInteger|IsLoad)
1376750: global: Decode: Decoded ld instruction: 0xeba1ffe8
1376750: system.cpu: A0 T0 : 0x100258f4 @_dl_non_dynamic_init+2020    : ld         r29, -24(r1)    : MemRead :  D=0x00007fffffffee48 A=0x7fffffffe958  flags=(IsInteger|IsLoad)
1377000: global: Decode: Decoded ld instruction: 0xebc1fff0
1377000: system.cpu: A0 T0 : 0x100258f8 @_dl_non_dynamic_init+2024    : ld         r30, -16(r1)    : MemRead :  D=0x00007fffffffee38 A=0x7fffffffe960  flags=(IsInteger|IsLoad)
1377250: global: Decode: Decoded ld instruction: 0xebe1fff8
1377250: system.cpu: A0 T0 : 0x100258fc @_dl_non_dynamic_init+2028    : ld         r31, -8(r1)     : MemRead :  D=0x0000000000000001 A=0x7fffffffe968  flags=(IsInteger|IsLoad)
1377500: global: Decode: Decoded mtlr instruction: 0x7c0803a6
1377500: system.cpu: A0 T0 : 0x10025900 @_dl_non_dynamic_init+2032    : mtlr       r0              : IntAlu :  D=0x0000000010025eb4  flags=(IsInteger)
1377750: global: Decode: Decoded bclr instruction: 0x4e800020
1377750: system.cpu: A0 T0 : 0x10025904 @_dl_non_dynamic_init+2036    : bclr       0, 20           : IntAlu :  D=0x0000000000000000  flags=(IsInteger|IsControl|IsIndirectControl|IsCondControl|IsReturn)
1378000: global: Decode: Decoded ori instruction: 0x60000000
1378000: system.cpu: A0 T0 : 0x10025eb4 @__libc_init_first+116    : nop                        : IntAlu :  D=0x0000000010025eb4  flags=(IsInteger)
1378250: global: Decode: Decoded addis instruction: 0x3d00075f
1378250: system.cpu: A0 T0 : 0x10025eb8 @__libc_init_first+120    : lis        r8, 1887        : IntAlu :  D=0x00000000075f0000  flags=(IsInteger)
1378500: global: Decode: Decoded addis instruction: 0x3d22fffc
1378500: system.cpu: A0 T0 : 0x10025ebc @__libc_init_first+124    : subis      r9, r2, 4       : IntAlu :  D=0x0000000010077d00  flags=(IsInteger)
1378750: global: Decode: Decoded ori instruction: 0x6108cba5
1378750: system.cpu: A0 T0 : 0x10025ec0 @__libc_init_first+128    : ori        r8, r8, 52133   : IntAlu :  D=0x00000000075fcba5  flags=(IsInteger)
1379000: global: Decode: Decoded addi instruction: 0x39298480
1379000: system.cpu: A0 T0 : 0x10025ec4 @__libc_init_first+132    : subi       r9, r9, 31616   : IntAlu :  D=0x0000000010070180  flags=(IsInteger)
1379250: global: Decode: Decoded rldicr instruction: 0x790807c6
1379250: system.cpu: A0 T0 : 0x10025ec8 @__libc_init_first+136    : rldicr     r8, r8, 32, 31  : IntAlu :  D=0x075fcba500000000  flags=(IsInteger)
1379500: global: Decode: Decoded addi instruction: 0x38e90006
1379500: system.cpu: A0 T0 : 0x10025ecc @__libc_init_first+140    : addi       r7, r9, 6       : IntAlu :  D=0x0000000010070186  flags=(IsInteger)
1379750: global: Decode: Decoded ori instruction: 0x61080001
1379750: system.cpu: A0 T0 : 0x10025ed0 @__libc_init_first+144    : ori        r8, r8, 1       : IntAlu :  D=0x075fcba500000001  flags=(IsInteger)
1380000: global: Decode: Decoded std instruction: 0xf9210070
1380000: system.cpu: A0 T0 : 0x10025ed4 @__libc_init_first+148    : std        r9, 112(r1)     : MemWrite :  D=0x0000000010070180 A=0x7fffffffe9e0  flags=(IsInteger|IsStore)
1380250: global: Decode: Decoded addis instruction: 0x3d200050
1380250: system.cpu: A0 T0 : 0x10025ed8 @__libc_init_first+152    : lis        r9, 80          : IntAlu :  D=0x0000000000500000  flags=(IsInteger)
1380500: global: Decode: Decoded addi instruction: 0x39400032
1380500: system.cpu: A0 T0 : 0x10025edc @__libc_init_first+156    : li         r10, 50         : IntAlu :  D=0x0000000000000032  flags=(IsInteger)
1380750: global: Decode: Decoded ori instruction: 0x6129e3a8
1380750: system.cpu: A0 T0 : 0x10025ee0 @__libc_init_first+160    : ori        r9, r9, 58280   : IntAlu :  D=0x000000000050e3a8  flags=(IsInteger)
1381000: global: Decode: Decoded std instruction: 0xf9010078
1381000: system.cpu: A0 T0 : 0x10025ee4 @__libc_init_first+164    : std        r8, 120(r1)     : MemWrite :  D=0x075fcba500000001 A=0x7fffffffe9e8  flags=(IsInteger|IsStore)
1381250: global: Decode: Decoded addi instruction: 0x3900005f
1381250: system.cpu: A0 T0 : 0x10025ee8 @__libc_init_first+168    : li         r8, 95          : IntAlu :  D=0x000000000000005f  flags=(IsInteger)
1381500: global: Decode: Decoded cmpi instruction: 0x2faa0000
1381500: system.cpu: A0 T0 : 0x10025eec @__libc_init_first+172    : cmpdi      cr7, r10, 0     : IntAlu :  D=0x0000000048000284  flags=(IsInteger)
1381750: global: Decode: Decoded rldicr instruction: 0x792926e4
1381750: system.cpu: A0 T0 : 0x10025ef0 @__libc_init_first+176    : rldicr     r9, r9, 4, 59   : IntAlu :  D=0x00000000050e3a80  flags=(IsInteger)
1382000: global: Decode: Decoded add instruction: 0x7d084a14
1382000: system.cpu: A0 T0 : 0x10025ef4 @__libc_init_first+180    : add        r8, r8, r9      : IntAlu :  D=0x00000000050e3adf  flags=(IsInteger)
1382250: global: Decode: Decoded rlwinm instruction: 0x55094636
1382250: system.cpu: A0 T0 : 0x10025ef8 @__libc_init_first+184    : rlwinm     r9, r8, 8, 24, 27 : IntAlu :  D=0x0000000000000000  flags=(IsInteger)
1382500: global: Decode: Decoded xor instruction: 0x7d094a78
1382500: system.cpu: A0 T0 : 0x10025efc @__libc_init_first+188    : xor        r9, r8, r9      : IntAlu :  D=0x00000000050e3adf  flags=(IsInteger)
1382750: global: Decode: Decoded bc instruction: 0x419e0050
1382750: system.cpu: A0 T0 : 0x10025f00 @__libc_init_first+192    : bc         30, 12, 0x10025f50 : IntAlu :  D=0x0000000000000000  flags=(IsInteger|IsControl|IsDirectControl|IsCondControl)
1383000: global: Decode: Decoded or instruction: 0x7d485378
1383000: system.cpu: A0 T0 : 0x10025f04 @__libc_init_first+196    : mr         r8, r10         : IntAlu :  D=0x0000000000000032  flags=(IsInteger)
1383250: global: Decode: Decoded lbzu instruction: 0x8d470001
1383250: system.cpu: A0 T0 : 0x10025f08 @__libc_init_first+200    : lbzu       r10, 1(r7)      : MemRead :  D=0x000000000000002e A=0x10070187  flags=(IsInteger|IsLoad)
1383500: global: Decode: Decoded b instruction: 0x4bffffe0
1383500: system.cpu: A0 T0 : 0x10025f0c @__libc_init_first+204    : b          0x10025eec      : IntAlu :   flags=(IsControl|IsDirectControl|IsUncondControl)
1383750: global: Decode: Decoded cmpi instruction: 0x2faa0000
1383750: system.cpu: A0 T0 : 0x10025eec @__libc_init_first+172    : cmpdi      cr7, r10, 0     : IntAlu :  D=0x0000000048000284  flags=(IsInteger)
1384000: global: Decode: Decoded rldicr instruction: 0x792926e4
1384000: system.cpu: A0 T0 : 0x10025ef0 @__libc_init_first+176    : rldicr     r9, r9, 4, 59   : IntAlu :  D=0x0000000050e3adf0  flags=(IsInteger)
1384250: global: Decode: Decoded add instruction: 0x7d084a14
1384250: system.cpu: A0 T0 : 0x10025ef4 @__libc_init_first+180    : add        r8, r8, r9      : IntAlu :  D=0x0000000050e3ae22  flags=(IsInteger)
1384500: global: Decode: Decoded rlwinm instruction: 0x55094636
1384500: system.cpu: A0 T0 : 0x10025ef8 @__libc_init_first+184    : rlwinm     r9, r8, 8, 24, 27 : IntAlu :  D=0x0000000000000050  flags=(IsInteger)
1384750: global: Decode: Decoded xor instruction: 0x7d094a78
1384750: system.cpu: A0 T0 : 0x10025efc @__libc_init_first+188    : xor        r9, r8, r9      : IntAlu :  D=0x0000000050e3ae72  flags=(IsInteger)
1385000: global: Decode: Decoded bc instruction: 0x419e0050
1385000: system.cpu: A0 T0 : 0x10025f00 @__libc_init_first+192    : bc         30, 12, 0x10025f50 : IntAlu :  D=0x0000000000000000  flags=(IsInteger|IsControl|IsDirectControl|IsCondControl)
1385250: global: Decode: Decoded or instruction: 0x7d485378
1385250: system.cpu: A0 T0 : 0x10025f04 @__libc_init_first+196    : mr         r8, r10         : IntAlu :  D=0x000000000000002e  flags=(IsInteger)
1385500: global: Decode: Decoded lbzu instruction: 0x8d470001
1385500: system.cpu: A0 T0 : 0x10025f08 @__libc_init_first+200    : lbzu       r10, 1(r7)      : MemRead :  D=0x0000000000000036 A=0x10070188  flags=(IsInteger|IsLoad)
1385750: global: Decode: Decoded b instruction: 0x4bffffe0
1385750: system.cpu: A0 T0 : 0x10025f0c @__libc_init_first+204    : b          0x10025eec      : IntAlu :   flags=(IsControl|IsDirectControl|IsUncondControl)
1386000: global: Decode: Decoded cmpi instruction: 0x2faa0000
1386000: system.cpu: A0 T0 : 0x10025eec @__libc_init_first+172    : cmpdi      cr7, r10, 0     : IntAlu :  D=0x0000000048000284  flags=(IsInteger)
1386250: global: Decode: Decoded rldicr instruction: 0x792926e4
1386250: system.cpu: A0 T0 : 0x10025ef0 @__libc_init_first+176    : rldicr     r9, r9, 4, 59   : IntAlu :  D=0x000000050e3ae720  flags=(IsInteger)
1386500: global: Decode: Decoded add instruction: 0x7d084a14
1386500: system.cpu: A0 T0 : 0x10025ef4 @__libc_init_first+180    : add        r8, r8, r9      : IntAlu :  D=0x000000050e3ae74e  flags=(IsInteger)
1386750: global: Decode: Decoded rlwinm instruction: 0x55094636
1386750: system.cpu: A0 T0 : 0x10025ef8 @__libc_init_first+184    : rlwinm     r9, r8, 8, 24, 27 : IntAlu :  D=0x0000000000000000  flags=(IsInteger)
1387000: global: Decode: Decoded xor instruction: 0x7d094a78
1387000: system.cpu: A0 T0 : 0x10025efc @__libc_init_first+188    : xor        r9, r8, r9      : IntAlu :  D=0x000000050e3ae74e  flags=(IsInteger)
1387250: global: Decode: Decoded bc instruction: 0x419e0050
1387250: system.cpu: A0 T0 : 0x10025f00 @__libc_init_first+192    : bc         30, 12, 0x10025f50 : IntAlu :  D=0x0000000000000000  flags=(IsInteger|IsControl|IsDirectControl|IsCondControl)
1387500: global: Decode: Decoded or instruction: 0x7d485378
1387500: system.cpu: A0 T0 : 0x10025f04 @__libc_init_first+196    : mr         r8, r10         : IntAlu :  D=0x0000000000000036  flags=(IsInteger)
1387750: global: Decode: Decoded lbzu instruction: 0x8d470001
1387750: system.cpu: A0 T0 : 0x10025f08 @__libc_init_first+200    : lbzu       r10, 1(r7)      : MemRead :  D=0x000000000000002e A=0x10070189  flags=(IsInteger|IsLoad)
1388000: global: Decode: Decoded b instruction: 0x4bffffe0
1388000: system.cpu: A0 T0 : 0x10025f0c @__libc_init_first+204    : b          0x10025eec      : IntAlu :   flags=(IsControl|IsDirectControl|IsUncondControl)
1388250: global: Decode: Decoded cmpi instruction: 0x2faa0000
1388250: system.cpu: A0 T0 : 0x10025eec @__libc_init_first+172    : cmpdi      cr7, r10, 0     : IntAlu :  D=0x0000000048000284  flags=(IsInteger)
1388500: global: Decode: Decoded rldicr instruction: 0x792926e4
1388500: system.cpu: A0 T0 : 0x10025ef0 @__libc_init_first+176    : rldicr     r9, r9, 4, 59   : IntAlu :  D=0x00000050e3ae74e0  flags=(IsInteger)
1388750: global: Decode: Decoded add instruction: 0x7d084a14
1388750: system.cpu: A0 T0 : 0x10025ef4 @__libc_init_first+180    : add        r8, r8, r9      : IntAlu :  D=0x00000050e3ae7516  flags=(IsInteger)
1389000: global: Decode: Decoded rlwinm instruction: 0x55094636
1389000: system.cpu: A0 T0 : 0x10025ef8 @__libc_init_first+184    : rlwinm     r9, r8, 8, 24, 27 : IntAlu :  D=0x00000000000000e0  flags=(IsInteger)
1389250: global: Decode: Decoded xor instruction: 0x7d094a78
1389250: system.cpu: A0 T0 : 0x10025efc @__libc_init_first+188    : xor        r9, r8, r9      : IntAlu :  D=0x00000050e3ae75f6  flags=(IsInteger)
1389500: global: Decode: Decoded bc instruction: 0x419e0050
1389500: system.cpu: A0 T0 : 0x10025f00 @__libc_init_first+192    : bc         30, 12, 0x10025f50 : IntAlu :  D=0x0000000000000000  flags=(IsInteger|IsControl|IsDirectControl|IsCondControl)
1389750: global: Decode: Decoded or instruction: 0x7d485378
1389750: system.cpu: A0 T0 : 0x10025f04 @__libc_init_first+196    : mr         r8, r10         : IntAlu :  D=0x000000000000002e  flags=(IsInteger)
1390000: global: Decode: Decoded lbzu instruction: 0x8d470001
1390000: system.cpu: A0 T0 : 0x10025f08 @__libc_init_first+200    : lbzu       r10, 1(r7)      : MemRead :  D=0x0000000000000031 A=0x1007018a  flags=(IsInteger|IsLoad)
1390250: global: Decode: Decoded b instruction: 0x4bffffe0
1390250: system.cpu: A0 T0 : 0x10025f0c @__libc_init_first+204    : b          0x10025eec      : IntAlu :   flags=(IsControl|IsDirectControl|IsUncondControl)
1390500: global: Decode: Decoded cmpi instruction: 0x2faa0000
1390500: system.cpu: A0 T0 : 0x10025eec @__libc_init_first+172    : cmpdi      cr7, r10, 0     : IntAlu :  D=0x0000000048000284  flags=(IsInteger)
1390750: global: Decode: Decoded rldicr instruction: 0x792926e4
1390750: system.cpu: A0 T0 : 0x10025ef0 @__libc_init_first+176    : rldicr     r9, r9, 4, 59   : IntAlu :  D=0x0000050e3ae75f60  flags=(IsInteger)
1391000: global: Decode: Decoded add instruction: 0x7d084a14
1391000: system.cpu: A0 T0 : 0x10025ef4 @__libc_init_first+180    : add        r8, r8, r9      : IntAlu :  D=0x0000050e3ae75f8e  flags=(IsInteger)
1391250: global: Decode: Decoded rlwinm instruction: 0x55094636
1391250: system.cpu: A0 T0 : 0x10025ef8 @__libc_init_first+184    : rlwinm     r9, r8, 8, 24, 27 : IntAlu :  D=0x0000000000000030  flags=(IsInteger)
1391500: global: Decode: Decoded xor instruction: 0x7d094a78
1391500: system.cpu: A0 T0 : 0x10025efc @__libc_init_first+188    : xor        r9, r8, r9      : IntAlu :  D=0x0000050e3ae75fbe  flags=(IsInteger)
1391750: global: Decode: Decoded bc instruction: 0x419e0050
1391750: system.cpu: A0 T0 : 0x10025f00 @__libc_init_first+192    : bc         30, 12, 0x10025f50 : IntAlu :  D=0x0000000000000000  flags=(IsInteger|IsControl|IsDirectControl|IsCondControl)
1392000: global: Decode: Decoded or instruction: 0x7d485378
1392000: system.cpu: A0 T0 : 0x10025f04 @__libc_init_first+196    : mr         r8, r10         : IntAlu :  D=0x0000000000000031  flags=(IsInteger)
1392250: global: Decode: Decoded lbzu instruction: 0x8d470001
1392250: system.cpu: A0 T0 : 0x10025f08 @__libc_init_first+200    : lbzu       r10, 1(r7)      : MemRead :  D=0x0000000000000035 A=0x1007018b  flags=(IsInteger|IsLoad)
1392500: global: Decode: Decoded b instruction: 0x4bffffe0
1392500: system.cpu: A0 T0 : 0x10025f0c @__libc_init_first+204    : b          0x10025eec      : IntAlu :   flags=(IsControl|IsDirectControl|IsUncondControl)
1392750: global: Decode: Decoded cmpi instruction: 0x2faa0000
1392750: system.cpu: A0 T0 : 0x10025eec @__libc_init_first+172    : cmpdi      cr7, r10, 0     : IntAlu :  D=0x0000000048000284  flags=(IsInteger)
1393000: global: Decode: Decoded rldicr instruction: 0x792926e4
1393000: system.cpu: A0 T0 : 0x10025ef0 @__libc_init_first+176    : rldicr     r9, r9, 4, 59   : IntAlu :  D=0x000050e3ae75fbe0  flags=(IsInteger)
1393250: global: Decode: Decoded add instruction: 0x7d084a14
1393250: system.cpu: A0 T0 : 0x10025ef4 @__libc_init_first+180    : add        r8, r8, r9      : IntAlu :  D=0x000050e3ae75fc11  flags=(IsInteger)
1393500: global: Decode: Decoded rlwinm instruction: 0x55094636
1393500: system.cpu: A0 T0 : 0x10025ef8 @__libc_init_first+184    : rlwinm     r9, r8, 8, 24, 27 : IntAlu :  D=0x00000000000000a0  flags=(IsInteger)
1393750: global: Decode: Decoded xor instruction: 0x7d094a78
1393750: system.cpu: A0 T0 : 0x10025efc @__libc_init_first+188    : xor        r9, r8, r9      : IntAlu :  D=0x000050e3ae75fcb1  flags=(IsInteger)
1394000: global: Decode: Decoded bc instruction: 0x419e0050
1394000: system.cpu: A0 T0 : 0x10025f00 @__libc_init_first+192    : bc         30, 12, 0x10025f50 : IntAlu :  D=0x0000000000000000  flags=(IsInteger|IsControl|IsDirectControl|IsCondControl)
1394250: global: Decode: Decoded or instruction: 0x7d485378
1394250: system.cpu: A0 T0 : 0x10025f04 @__libc_init_first+196    : mr         r8, r10         : IntAlu :  D=0x0000000000000035  flags=(IsInteger)
1394500: global: Decode: Decoded lbzu instruction: 0x8d470001
1394500: system.cpu: A0 T0 : 0x10025f08 @__libc_init_first+200    : lbzu       r10, 1(r7)      : MemRead :  D=0x0000000000000000 A=0x1007018c  flags=(IsInteger|IsLoad)
1394750: global: Decode: Decoded b instruction: 0x4bffffe0
1394750: system.cpu: A0 T0 : 0x10025f0c @__libc_init_first+204    : b          0x10025eec      : IntAlu :   flags=(IsControl|IsDirectControl|IsUncondControl)
1395000: global: Decode: Decoded cmpi instruction: 0x2faa0000
1395000: system.cpu: A0 T0 : 0x10025eec @__libc_init_first+172    : cmpdi      cr7, r10, 0     : IntAlu :  D=0x0000000048000282  flags=(IsInteger)
1395250: global: Decode: Decoded rldicr instruction: 0x792926e4
1395250: system.cpu: A0 T0 : 0x10025ef0 @__libc_init_first+176    : rldicr     r9, r9, 4, 59   : IntAlu :  D=0x00050e3ae75fcb10  flags=(IsInteger)
1395500: global: Decode: Decoded add instruction: 0x7d084a14
1395500: system.cpu: A0 T0 : 0x10025ef4 @__libc_init_first+180    : add        r8, r8, r9      : IntAlu :  D=0x00050e3ae75fcb45  flags=(IsInteger)
1395750: global: Decode: Decoded rlwinm instruction: 0x55094636
1395750: system.cpu: A0 T0 : 0x10025ef8 @__libc_init_first+184    : rlwinm     r9, r8, 8, 24, 27 : IntAlu :  D=0x00000000000000e0  flags=(IsInteger)
1396000: global: Decode: Decoded xor instruction: 0x7d094a78
1396000: system.cpu: A0 T0 : 0x10025efc @__libc_init_first+188    : xor        r9, r8, r9      : IntAlu :  D=0x00050e3ae75fcba5  flags=(IsInteger)
1396250: global: Decode: Decoded bc instruction: 0x419e0050
1396250: system.cpu: A0 T0 : 0x10025f00 @__libc_init_first+192    : bc         30, 12, 0x10025f50 : IntAlu :  D=0x0000000000000000  flags=(IsInteger|IsControl|IsDirectControl|IsCondControl)
1396500: global: Decode: Decoded addis instruction: 0x3d00075f
1396500: system.cpu: A0 T0 : 0x10025f50 @__libc_init_first+272    : lis        r8, 1887        : IntAlu :  D=0x00000000075f0000  flags=(IsInteger)
1396750: global: Decode: Decoded rldicl instruction: 0x79290120
1396750: system.cpu: A0 T0 : 0x10025f54 @__libc_init_first+276    : clrldi     r9, r9, 36      : IntAlu :  D=0x00000000075fcba5  flags=(IsInteger)
1397000: global: Decode: Decoded ori instruction: 0x6108cba5
1397000: system.cpu: A0 T0 : 0x10025f58 @__libc_init_first+280    : ori        r8, r8, 52133   : IntAlu :  D=0x00000000075fcba5  flags=(IsInteger)
1397250: global: Decode: Decoded cmp instruction: 0x7fa94000
1397250: system.cpu: A0 T0 : 0x10025f5c @__libc_init_first+284    : cmpd       cr7, r9, r8     : IntAlu :  D=0x0000000048000282  flags=(IsInteger)
1397500: global: Decode: Decoded bc instruction: 0x409e0150
1397500: system.cpu: A0 T0 : 0x10025f60 @__libc_init_first+288    : bc         30, 4, 0x100260b0 : IntAlu :  D=0x0000000000000000  flags=(IsInteger|IsControl|IsDirectControl|IsCondControl)
1397750: global: Decode: Decoded addis instruction: 0x3c62fffc
1397750: system.cpu: A0 T0 : 0x10025f64 @__libc_init_first+292    : subis      r3, r2, 4       : IntAlu :  D=0x0000000010077d00  flags=(IsInteger)
1398000: global: Decode: Decoded addi instruction: 0x38810070
1398000: system.cpu: A0 T0 : 0x10025f68 @__libc_init_first+296    : addi       r4, r1, 112     : IntAlu :  D=0x00007fffffffe9e0  flags=(IsInteger)
1398250: global: Decode: Decoded std instruction: 0xf9410080
1398250: system.cpu: A0 T0 : 0x10025f6c @__libc_init_first+300    : std        r10, 128(r1)    : MemWrite :  D=0x0000000000000000 A=0x7fffffffe9f0  flags=(IsInteger|IsStore)
1398500: global: Decode: Decoded addi instruction: 0x386384f0
1398500: system.cpu: A0 T0 : 0x10025f70 @__libc_init_first+304    : subi       r3, r3, 31504   : IntAlu :  D=0x00000000100701f0  flags=(IsInteger)
1398750: global: Decode: Decoded b instruction: 0x48032ecd
1398750: system.cpu: A0 T0 : 0x10025f74 @__libc_init_first+308    : bl         _dl_vdso_vsym   : IntAlu :  D=0x0000000010025f78  flags=(IsInteger|IsControl|IsDirectControl|IsUncondControl)
1399000: global: Decode: Decoded ori instruction: 0x60000000
1399000: system.cpu: A0 T0 : 0x10058e40 @_dl_vdso_vsym    : nop                        : IntAlu :  D=0x0000000010025eb4  flags=(IsInteger)
1399250: global: Decode: Decoded addi instruction: 0x3922b8a0
1399250: system.cpu: A0 T0 : 0x10058e44 @_dl_vdso_vsym+4    : subi       r9, r2, 18272   : IntAlu :  D=0x00000000100b35a0  flags=(IsInteger)
1399500: global: Decode: Decoded ld instruction: 0xe8a90000
1399500: system.cpu: A0 T0 : 0x10058e48 @_dl_vdso_vsym+8    : ld         r5, 0(r9)       : MemRead :  D=0x0000000000000000 A=0x100b35a0  flags=(IsInteger|IsLoad)
1399750: global: Decode: Decoded cmpi instruction: 0x2fa50000
1399750: system.cpu: A0 T0 : 0x10058e4c @_dl_vdso_vsym+12    : cmpdi      cr7, r5, 0      : IntAlu :  D=0x0000000048000282  flags=(IsInteger)
1400000: global: Decode: Decoded bc instruction: 0x419e00a0
1400000: system.cpu: A0 T0 : 0x10058e50 @_dl_vdso_vsym+16    : bc         30, 12, 0x10058ef0 : IntAlu :  D=0x0000000000000000  flags=(IsInteger|IsControl|IsDirectControl|IsCondControl)
1400250: global: Decode: Decoded or instruction: 0x7ca32b78
1400250: system.cpu: A0 T0 : 0x10058ef0 @_dl_vdso_vsym+176    : mr         r3, r5          : IntAlu :  D=0x0000000000000000  flags=(IsInteger)
1400500: global: Decode: Decoded bclr instruction: 0x4e800020
1400500: system.cpu: A0 T0 : 0x10058ef4 @_dl_vdso_vsym+180    : bclr       0, 20           : IntAlu :  D=0x0000000000000000  flags=(IsInteger|IsControl|IsIndirectControl|IsCondControl|IsReturn)
1400750: global: Decode: Decoded ori instruction: 0x60000000
1400750: system.cpu: A0 T0 : 0x10025f78 @__libc_init_first+312    : nop                        : IntAlu :  D=0x0000000010025eb4  flags=(IsInteger)
1401000: global: Decode: Decoded ori instruction: 0x60000000
1401000: system.cpu: A0 T0 : 0x10025f7c @__libc_init_first+316    : nop                        : IntAlu :  D=0x0000000010025eb4  flags=(IsInteger)
1401250: global: Decode: Decoded addi instruction: 0x3942b928
1401250: system.cpu: A0 T0 : 0x10025f80 @__libc_init_first+320    : subi       r10, r2, 18136  : IntAlu :  D=0x00000000100b3628  flags=(IsInteger)
1401500: global: Decode: Decoded addi instruction: 0x38810070
1401500: system.cpu: A0 T0 : 0x10025f84 @__libc_init_first+324    : addi       r4, r1, 112     : IntAlu :  D=0x00007fffffffe9e0  flags=(IsInteger)
1401750: global: Decode: Decoded ld instruction: 0xe92d8fe8
1401750: system.cpu: A0 T0 : 0x10025f88 @__libc_init_first+328    : ld         r9, -28696(r13) : MemRead :  D=0x73742d70726f6773 A=0x100b4758  flags=(IsInteger|IsLoad)
1402000: global: Decode: Decoded xor instruction: 0x7c694a78
1402000: system.cpu: A0 T0 : 0x10025f8c @__libc_init_first+332    : xor        r9, r3, r9      : IntAlu :  D=0x73742d70726f6773  flags=(IsInteger)
1402250: global: Decode: Decoded addis instruction: 0x3c62fffc
1402250: system.cpu: A0 T0 : 0x10025f90 @__libc_init_first+336    : subis      r3, r2, 4       : IntAlu :  D=0x0000000010077d00  flags=(IsInteger)
1402500: global: Decode: Decoded addi instruction: 0x38638508
1402500: system.cpu: A0 T0 : 0x10025f94 @__libc_init_first+340    : subi       r3, r3, 31480   : IntAlu :  D=0x0000000010070208  flags=(IsInteger)
1402750: global: Decode: Decoded std instruction: 0xf92a0000
1402750: system.cpu: A0 T0 : 0x10025f98 @__libc_init_first+344    : std        r9, 0(r10)      : MemWrite :  D=0x73742d70726f6773 A=0x100b3628  flags=(IsInteger|IsStore)
1403000: global: Decode: Decoded b instruction: 0x48032ea5
1403000: system.cpu: A0 T0 : 0x10025f9c @__libc_init_first+348    : bl         _dl_vdso_vsym   : IntAlu :  D=0x0000000010025fa0  flags=(IsInteger|IsControl|IsDirectControl|IsUncondControl)
1403250: global: Decode: Decoded ori instruction: 0x60000000
1403250: system.cpu: A0 T0 : 0x10058e40 @_dl_vdso_vsym    : nop                        : IntAlu :  D=0x0000000010025eb4  flags=(IsInteger)
1403500: global: Decode: Decoded addi instruction: 0x3922b8a0
1403500: system.cpu: A0 T0 : 0x10058e44 @_dl_vdso_vsym+4    : subi       r9, r2, 18272   : IntAlu :  D=0x00000000100b35a0  flags=(IsInteger)
1403750: global: Decode: Decoded ld instruction: 0xe8a90000
1403750: system.cpu: A0 T0 : 0x10058e48 @_dl_vdso_vsym+8    : ld         r5, 0(r9)       : MemRead :  D=0x0000000000000000 A=0x100b35a0  flags=(IsInteger|IsLoad)
1404000: global: Decode: Decoded cmpi instruction: 0x2fa50000
1404000: system.cpu: A0 T0 : 0x10058e4c @_dl_vdso_vsym+12    : cmpdi      cr7, r5, 0      : IntAlu :  D=0x0000000048000282  flags=(IsInteger)
1404250: global: Decode: Decoded bc instruction: 0x419e00a0
1404250: system.cpu: A0 T0 : 0x10058e50 @_dl_vdso_vsym+16    : bc         30, 12, 0x10058ef0 : IntAlu :  D=0x0000000000000000  flags=(IsInteger|IsControl|IsDirectControl|IsCondControl)
1404500: global: Decode: Decoded or instruction: 0x7ca32b78
1404500: system.cpu: A0 T0 : 0x10058ef0 @_dl_vdso_vsym+176    : mr         r3, r5          : IntAlu :  D=0x0000000000000000  flags=(IsInteger)
1404750: global: Decode: Decoded bclr instruction: 0x4e800020
1404750: system.cpu: A0 T0 : 0x10058ef4 @_dl_vdso_vsym+180    : bclr       0, 20           : IntAlu :  D=0x0000000000000000  flags=(IsInteger|IsControl|IsIndirectControl|IsCondControl|IsReturn)
1405000: global: Decode: Decoded ori instruction: 0x60000000
1405000: system.cpu: A0 T0 : 0x10025fa0 @__libc_init_first+352    : nop                        : IntAlu :  D=0x0000000010025eb4  flags=(IsInteger)
1405250: global: Decode: Decoded ori instruction: 0x60000000
1405250: system.cpu: A0 T0 : 0x10025fa4 @__libc_init_first+356    : nop                        : IntAlu :  D=0x0000000010025eb4  flags=(IsInteger)
1405500: global: Decode: Decoded addi instruction: 0x3942b948
1405500: system.cpu: A0 T0 : 0x10025fa8 @__libc_init_first+360    : subi       r10, r2, 18104  : IntAlu :  D=0x00000000100b3648  flags=(IsInteger)
1405750: global: Decode: Decoded addi instruction: 0x38810070
1405750: system.cpu: A0 T0 : 0x10025fac @__libc_init_first+364    : addi       r4, r1, 112     : IntAlu :  D=0x00007fffffffe9e0  flags=(IsInteger)
1406000: global: Decode: Decoded ld instruction: 0xe92d8fe8
1406000: system.cpu: A0 T0 : 0x10025fb0 @__libc_init_first+368    : ld         r9, -28696(r13) : MemRead :  D=0x73742d70726f6773 A=0x100b4758  flags=(IsInteger|IsLoad)
1406250: global: Decode: Decoded xor instruction: 0x7c694a78
1406250: system.cpu: A0 T0 : 0x10025fb4 @__libc_init_first+372    : xor        r9, r3, r9      : IntAlu :  D=0x73742d70726f6773  flags=(IsInteger)
1406500: global: Decode: Decoded addis instruction: 0x3c62fffc
1406500: system.cpu: A0 T0 : 0x10025fb8 @__libc_init_first+376    : subis      r3, r2, 4       : IntAlu :  D=0x0000000010077d00  flags=(IsInteger)
1406750: global: Decode: Decoded addi instruction: 0x38638520
1406750: system.cpu: A0 T0 : 0x10025fbc @__libc_init_first+380    : subi       r3, r3, 31456   : IntAlu :  D=0x0000000010070220  flags=(IsInteger)
1407000: global: Decode: Decoded std instruction: 0xf92a0000
1407000: system.cpu: A0 T0 : 0x10025fc0 @__libc_init_first+384    : std        r9, 0(r10)      : MemWrite :  D=0x73742d70726f6773 A=0x100b3648  flags=(IsInteger|IsStore)
1407250: global: Decode: Decoded b instruction: 0x48032e7d
1407250: system.cpu: A0 T0 : 0x10025fc4 @__libc_init_first+388    : bl         _dl_vdso_vsym   : IntAlu :  D=0x0000000010025fc8  flags=(IsInteger|IsControl|IsDirectControl|IsUncondControl)
1407500: global: Decode: Decoded ori instruction: 0x60000000
1407500: system.cpu: A0 T0 : 0x10058e40 @_dl_vdso_vsym    : nop                        : IntAlu :  D=0x0000000010025eb4  flags=(IsInteger)
1407750: global: Decode: Decoded addi instruction: 0x3922b8a0
1407750: system.cpu: A0 T0 : 0x10058e44 @_dl_vdso_vsym+4    : subi       r9, r2, 18272   : IntAlu :  D=0x00000000100b35a0  flags=(IsInteger)
1408000: global: Decode: Decoded ld instruction: 0xe8a90000
1408000: system.cpu: A0 T0 : 0x10058e48 @_dl_vdso_vsym+8    : ld         r5, 0(r9)       : MemRead :  D=0x0000000000000000 A=0x100b35a0  flags=(IsInteger|IsLoad)
1408250: global: Decode: Decoded cmpi instruction: 0x2fa50000
1408250: system.cpu: A0 T0 : 0x10058e4c @_dl_vdso_vsym+12    : cmpdi      cr7, r5, 0      : IntAlu :  D=0x0000000048000282  flags=(IsInteger)
1408500: global: Decode: Decoded bc instruction: 0x419e00a0
1408500: system.cpu: A0 T0 : 0x10058e50 @_dl_vdso_vsym+16    : bc         30, 12, 0x10058ef0 : IntAlu :  D=0x0000000000000000  flags=(IsInteger|IsControl|IsDirectControl|IsCondControl)
1408750: global: Decode: Decoded or instruction: 0x7ca32b78
1408750: system.cpu: A0 T0 : 0x10058ef0 @_dl_vdso_vsym+176    : mr         r3, r5          : IntAlu :  D=0x0000000000000000  flags=(IsInteger)
1409000: global: Decode: Decoded bclr instruction: 0x4e800020
1409000: system.cpu: A0 T0 : 0x10058ef4 @_dl_vdso_vsym+180    : bclr       0, 20           : IntAlu :  D=0x0000000000000000  flags=(IsInteger|IsControl|IsIndirectControl|IsCondControl|IsReturn)
1409250: global: Decode: Decoded ori instruction: 0x60000000
1409250: system.cpu: A0 T0 : 0x10025fc8 @__libc_init_first+392    : nop                        : IntAlu :  D=0x0000000010025eb4  flags=(IsInteger)
1409500: global: Decode: Decoded ori instruction: 0x60000000
1409500: system.cpu: A0 T0 : 0x10025fcc @__libc_init_first+396    : nop                        : IntAlu :  D=0x0000000010025eb4  flags=(IsInteger)
1409750: global: Decode: Decoded addi instruction: 0x3942b940
1409750: system.cpu: A0 T0 : 0x10025fd0 @__libc_init_first+400    : subi       r10, r2, 18112  : IntAlu :  D=0x00000000100b3640  flags=(IsInteger)
1410000: global: Decode: Decoded addi instruction: 0x38810070
1410000: system.cpu: A0 T0 : 0x10025fd4 @__libc_init_first+404    : addi       r4, r1, 112     : IntAlu :  D=0x00007fffffffe9e0  flags=(IsInteger)
1410250: global: Decode: Decoded ld instruction: 0xe92d8fe8
1410250: system.cpu: A0 T0 : 0x10025fd8 @__libc_init_first+408    : ld         r9, -28696(r13) : MemRead :  D=0x73742d70726f6773 A=0x100b4758  flags=(IsInteger|IsLoad)
1410500: global: Decode: Decoded xor instruction: 0x7c694a78
1410500: system.cpu: A0 T0 : 0x10025fdc @__libc_init_first+412    : xor        r9, r3, r9      : IntAlu :  D=0x73742d70726f6773  flags=(IsInteger)
1410750: global: Decode: Decoded addis instruction: 0x3c62fffc
1410750: system.cpu: A0 T0 : 0x10025fe0 @__libc_init_first+416    : subis      r3, r2, 4       : IntAlu :  D=0x0000000010077d00  flags=(IsInteger)
1411000: global: Decode: Decoded addi instruction: 0x38638538
1411000: system.cpu: A0 T0 : 0x10025fe4 @__libc_init_first+420    : subi       r3, r3, 31432   : IntAlu :  D=0x0000000010070238  flags=(IsInteger)
1411250: global: Decode: Decoded std instruction: 0xf92a0000
1411250: system.cpu: A0 T0 : 0x10025fe8 @__libc_init_first+424    : std        r9, 0(r10)      : MemWrite :  D=0x73742d70726f6773 A=0x100b3640  flags=(IsInteger|IsStore)
1411500: global: Decode: Decoded b instruction: 0x48032e55
1411500: system.cpu: A0 T0 : 0x10025fec @__libc_init_first+428    : bl         _dl_vdso_vsym   : IntAlu :  D=0x0000000010025ff0  flags=(IsInteger|IsControl|IsDirectControl|IsUncondControl)
1411750: global: Decode: Decoded ori instruction: 0x60000000
1411750: system.cpu: A0 T0 : 0x10058e40 @_dl_vdso_vsym    : nop                        : IntAlu :  D=0x0000000010025eb4  flags=(IsInteger)
1412000: global: Decode: Decoded addi instruction: 0x3922b8a0
1412000: system.cpu: A0 T0 : 0x10058e44 @_dl_vdso_vsym+4    : subi       r9, r2, 18272   : IntAlu :  D=0x00000000100b35a0  flags=(IsInteger)
1412250: global: Decode: Decoded ld instruction: 0xe8a90000
1412250: system.cpu: A0 T0 : 0x10058e48 @_dl_vdso_vsym+8    : ld         r5, 0(r9)       : MemRead :  D=0x0000000000000000 A=0x100b35a0  flags=(IsInteger|IsLoad)
1412500: global: Decode: Decoded cmpi instruction: 0x2fa50000
1412500: system.cpu: A0 T0 : 0x10058e4c @_dl_vdso_vsym+12    : cmpdi      cr7, r5, 0      : IntAlu :  D=0x0000000048000282  flags=(IsInteger)
1412750: global: Decode: Decoded bc instruction: 0x419e00a0
1412750: system.cpu: A0 T0 : 0x10058e50 @_dl_vdso_vsym+16    : bc         30, 12, 0x10058ef0 : IntAlu :  D=0x0000000000000000  flags=(IsInteger|IsControl|IsDirectControl|IsCondControl)
1413000: global: Decode: Decoded or instruction: 0x7ca32b78
1413000: system.cpu: A0 T0 : 0x10058ef0 @_dl_vdso_vsym+176    : mr         r3, r5          : IntAlu :  D=0x0000000000000000  flags=(IsInteger)
1413250: global: Decode: Decoded bclr instruction: 0x4e800020
1413250: system.cpu: A0 T0 : 0x10058ef4 @_dl_vdso_vsym+180    : bclr       0, 20           : IntAlu :  D=0x0000000000000000  flags=(IsInteger|IsControl|IsIndirectControl|IsCondControl|IsReturn)
1413500: global: Decode: Decoded ori instruction: 0x60000000
1413500: system.cpu: A0 T0 : 0x10025ff0 @__libc_init_first+432    : nop                        : IntAlu :  D=0x0000000010025eb4  flags=(IsInteger)
1413750: global: Decode: Decoded ori instruction: 0x60000000
1413750: system.cpu: A0 T0 : 0x10025ff4 @__libc_init_first+436    : nop                        : IntAlu :  D=0x0000000010025eb4  flags=(IsInteger)
1414000: global: Decode: Decoded addi instruction: 0x3942b960
1414000: system.cpu: A0 T0 : 0x10025ff8 @__libc_init_first+440    : subi       r10, r2, 18080  : IntAlu :  D=0x00000000100b3660  flags=(IsInteger)
1414250: global: Decode: Decoded addi instruction: 0x38810070
1414250: system.cpu: A0 T0 : 0x10025ffc @__libc_init_first+444    : addi       r4, r1, 112     : IntAlu :  D=0x00007fffffffe9e0  flags=(IsInteger)
1414500: global: Decode: Decoded ld instruction: 0xe92d8fe8
1414500: system.cpu: A0 T0 : 0x10026000 @__libc_init_first+448    : ld         r9, -28696(r13) : MemRead :  D=0x73742d70726f6773 A=0x100b4758  flags=(IsInteger|IsLoad)
1414750: global: Decode: Decoded xor instruction: 0x7c694a78
1414750: system.cpu: A0 T0 : 0x10026004 @__libc_init_first+452    : xor        r9, r3, r9      : IntAlu :  D=0x73742d70726f6773  flags=(IsInteger)
1415000: global: Decode: Decoded addis instruction: 0x3c62fffc
1415000: system.cpu: A0 T0 : 0x10026008 @__libc_init_first+456    : subis      r3, r2, 4       : IntAlu :  D=0x0000000010077d00  flags=(IsInteger)
1415250: global: Decode: Decoded addi instruction: 0x38638550
1415250: system.cpu: A0 T0 : 0x1002600c @__libc_init_first+460    : subi       r3, r3, 31408   : IntAlu :  D=0x0000000010070250  flags=(IsInteger)
1415500: global: Decode: Decoded std instruction: 0xf92a0000
1415500: system.cpu: A0 T0 : 0x10026010 @__libc_init_first+464    : std        r9, 0(r10)      : MemWrite :  D=0x73742d70726f6773 A=0x100b3660  flags=(IsInteger|IsStore)
1415750: global: Decode: Decoded b instruction: 0x48032e2d
1415750: system.cpu: A0 T0 : 0x10026014 @__libc_init_first+468    : bl         _dl_vdso_vsym   : IntAlu :  D=0x0000000010026018  flags=(IsInteger|IsControl|IsDirectControl|IsUncondControl)
1416000: global: Decode: Decoded ori instruction: 0x60000000
1416000: system.cpu: A0 T0 : 0x10058e40 @_dl_vdso_vsym    : nop                        : IntAlu :  D=0x0000000010025eb4  flags=(IsInteger)
1416250: global: Decode: Decoded addi instruction: 0x3922b8a0
1416250: system.cpu: A0 T0 : 0x10058e44 @_dl_vdso_vsym+4    : subi       r9, r2, 18272   : IntAlu :  D=0x00000000100b35a0  flags=(IsInteger)
1416500: global: Decode: Decoded ld instruction: 0xe8a90000
1416500: system.cpu: A0 T0 : 0x10058e48 @_dl_vdso_vsym+8    : ld         r5, 0(r9)       : MemRead :  D=0x0000000000000000 A=0x100b35a0  flags=(IsInteger|IsLoad)
1416750: global: Decode: Decoded cmpi instruction: 0x2fa50000
1416750: system.cpu: A0 T0 : 0x10058e4c @_dl_vdso_vsym+12    : cmpdi      cr7, r5, 0      : IntAlu :  D=0x0000000048000282  flags=(IsInteger)
1417000: global: Decode: Decoded bc instruction: 0x419e00a0
1417000: system.cpu: A0 T0 : 0x10058e50 @_dl_vdso_vsym+16    : bc         30, 12, 0x10058ef0 : IntAlu :  D=0x0000000000000000  flags=(IsInteger|IsControl|IsDirectControl|IsCondControl)
1417250: global: Decode: Decoded or instruction: 0x7ca32b78
1417250: system.cpu: A0 T0 : 0x10058ef0 @_dl_vdso_vsym+176    : mr         r3, r5          : IntAlu :  D=0x0000000000000000  flags=(IsInteger)
1417500: global: Decode: Decoded bclr instruction: 0x4e800020
1417500: system.cpu: A0 T0 : 0x10058ef4 @_dl_vdso_vsym+180    : bclr       0, 20           : IntAlu :  D=0x0000000000000000  flags=(IsInteger|IsControl|IsIndirectControl|IsCondControl|IsReturn)
1417750: global: Decode: Decoded ori instruction: 0x60000000
1417750: system.cpu: A0 T0 : 0x10026018 @__libc_init_first+472    : nop                        : IntAlu :  D=0x0000000010025eb4  flags=(IsInteger)
1418000: global: Decode: Decoded ori instruction: 0x60000000
1418000: system.cpu: A0 T0 : 0x1002601c @__libc_init_first+476    : nop                        : IntAlu :  D=0x0000000010025eb4  flags=(IsInteger)
1418250: global: Decode: Decoded addi instruction: 0x3942b930
1418250: system.cpu: A0 T0 : 0x10026020 @__libc_init_first+480    : subi       r10, r2, 18128  : IntAlu :  D=0x00000000100b3630  flags=(IsInteger)
1418500: global: Decode: Decoded addi instruction: 0x38810070
1418500: system.cpu: A0 T0 : 0x10026024 @__libc_init_first+484    : addi       r4, r1, 112     : IntAlu :  D=0x00007fffffffe9e0  flags=(IsInteger)
1418750: global: Decode: Decoded ld instruction: 0xe92d8fe8
1418750: system.cpu: A0 T0 : 0x10026028 @__libc_init_first+488    : ld         r9, -28696(r13) : MemRead :  D=0x73742d70726f6773 A=0x100b4758  flags=(IsInteger|IsLoad)
1419000: global: Decode: Decoded xor instruction: 0x7c694a78
1419000: system.cpu: A0 T0 : 0x1002602c @__libc_init_first+492    : xor        r9, r3, r9      : IntAlu :  D=0x73742d70726f6773  flags=(IsInteger)
1419250: global: Decode: Decoded addis instruction: 0x3c62fffc
1419250: system.cpu: A0 T0 : 0x10026030 @__libc_init_first+496    : subis      r3, r2, 4       : IntAlu :  D=0x0000000010077d00  flags=(IsInteger)
1419500: global: Decode: Decoded addi instruction: 0x38638560
1419500: system.cpu: A0 T0 : 0x10026034 @__libc_init_first+500    : subi       r3, r3, 31392   : IntAlu :  D=0x0000000010070260  flags=(IsInteger)
1419750: global: Decode: Decoded std instruction: 0xf92a0000
1419750: system.cpu: A0 T0 : 0x10026038 @__libc_init_first+504    : std        r9, 0(r10)      : MemWrite :  D=0x73742d70726f6773 A=0x100b3630  flags=(IsInteger|IsStore)
1420000: global: Decode: Decoded b instruction: 0x48032e05
1420000: system.cpu: A0 T0 : 0x1002603c @__libc_init_first+508    : bl         _dl_vdso_vsym   : IntAlu :  D=0x0000000010026040  flags=(IsInteger|IsControl|IsDirectControl|IsUncondControl)
1420250: global: Decode: Decoded ori instruction: 0x60000000
1420250: system.cpu: A0 T0 : 0x10058e40 @_dl_vdso_vsym    : nop                        : IntAlu :  D=0x0000000010025eb4  flags=(IsInteger)
1420500: global: Decode: Decoded addi instruction: 0x3922b8a0
1420500: system.cpu: A0 T0 : 0x10058e44 @_dl_vdso_vsym+4    : subi       r9, r2, 18272   : IntAlu :  D=0x00000000100b35a0  flags=(IsInteger)
1420750: global: Decode: Decoded ld instruction: 0xe8a90000
1420750: system.cpu: A0 T0 : 0x10058e48 @_dl_vdso_vsym+8    : ld         r5, 0(r9)       : MemRead :  D=0x0000000000000000 A=0x100b35a0  flags=(IsInteger|IsLoad)
1421000: global: Decode: Decoded cmpi instruction: 0x2fa50000
1421000: system.cpu: A0 T0 : 0x10058e4c @_dl_vdso_vsym+12    : cmpdi      cr7, r5, 0      : IntAlu :  D=0x0000000048000282  flags=(IsInteger)
1421250: global: Decode: Decoded bc instruction: 0x419e00a0
1421250: system.cpu: A0 T0 : 0x10058e50 @_dl_vdso_vsym+16    : bc         30, 12, 0x10058ef0 : IntAlu :  D=0x0000000000000000  flags=(IsInteger|IsControl|IsDirectControl|IsCondControl)
1421500: global: Decode: Decoded or instruction: 0x7ca32b78
1421500: system.cpu: A0 T0 : 0x10058ef0 @_dl_vdso_vsym+176    : mr         r3, r5          : IntAlu :  D=0x0000000000000000  flags=(IsInteger)
1421750: global: Decode: Decoded bclr instruction: 0x4e800020
1421750: system.cpu: A0 T0 : 0x10058ef4 @_dl_vdso_vsym+180    : bclr       0, 20           : IntAlu :  D=0x0000000000000000  flags=(IsInteger|IsControl|IsIndirectControl|IsCondControl|IsReturn)
1422000: global: Decode: Decoded ori instruction: 0x60000000
1422000: system.cpu: A0 T0 : 0x10026040 @__libc_init_first+512    : nop                        : IntAlu :  D=0x0000000010025eb4  flags=(IsInteger)
1422250: global: Decode: Decoded ori instruction: 0x60000000
1422250: system.cpu: A0 T0 : 0x10026044 @__libc_init_first+516    : nop                        : IntAlu :  D=0x0000000010025eb4  flags=(IsInteger)
1422500: global: Decode: Decoded addi instruction: 0x3942b958
1422500: system.cpu: A0 T0 : 0x10026048 @__libc_init_first+520    : subi       r10, r2, 18088  : IntAlu :  D=0x00000000100b3658  flags=(IsInteger)
1422750: global: Decode: Decoded addi instruction: 0x38810070
1422750: system.cpu: A0 T0 : 0x1002604c @__libc_init_first+524    : addi       r4, r1, 112     : IntAlu :  D=0x00007fffffffe9e0  flags=(IsInteger)
1423000: global: Decode: Decoded ld instruction: 0xe92d8fe8
1423000: system.cpu: A0 T0 : 0x10026050 @__libc_init_first+528    : ld         r9, -28696(r13) : MemRead :  D=0x73742d70726f6773 A=0x100b4758  flags=(IsInteger|IsLoad)
1423250: global: Decode: Decoded xor instruction: 0x7c694a78
1423250: system.cpu: A0 T0 : 0x10026054 @__libc_init_first+532    : xor        r9, r3, r9      : IntAlu :  D=0x73742d70726f6773  flags=(IsInteger)
1423500: global: Decode: Decoded addis instruction: 0x3c62fffc
1423500: system.cpu: A0 T0 : 0x10026058 @__libc_init_first+536    : subis      r3, r2, 4       : IntAlu :  D=0x0000000010077d00  flags=(IsInteger)
1423750: global: Decode: Decoded addi instruction: 0x38638570
1423750: system.cpu: A0 T0 : 0x1002605c @__libc_init_first+540    : subi       r3, r3, 31376   : IntAlu :  D=0x0000000010070270  flags=(IsInteger)
1424000: global: Decode: Decoded std instruction: 0xf92a0000
1424000: system.cpu: A0 T0 : 0x10026060 @__libc_init_first+544    : std        r9, 0(r10)      : MemWrite :  D=0x73742d70726f6773 A=0x100b3658  flags=(IsInteger|IsStore)
1424250: global: Decode: Decoded b instruction: 0x48032ddd
1424250: system.cpu: A0 T0 : 0x10026064 @__libc_init_first+548    : bl         _dl_vdso_vsym   : IntAlu :  D=0x0000000010026068  flags=(IsInteger|IsControl|IsDirectControl|IsUncondControl)
1424500: global: Decode: Decoded ori instruction: 0x60000000
1424500: system.cpu: A0 T0 : 0x10058e40 @_dl_vdso_vsym    : nop                        : IntAlu :  D=0x0000000010025eb4  flags=(IsInteger)
1424750: global: Decode: Decoded addi instruction: 0x3922b8a0
1424750: system.cpu: A0 T0 : 0x10058e44 @_dl_vdso_vsym+4    : subi       r9, r2, 18272   : IntAlu :  D=0x00000000100b35a0  flags=(IsInteger)
1425000: global: Decode: Decoded ld instruction: 0xe8a90000
1425000: system.cpu: A0 T0 : 0x10058e48 @_dl_vdso_vsym+8    : ld         r5, 0(r9)       : MemRead :  D=0x0000000000000000 A=0x100b35a0  flags=(IsInteger|IsLoad)
1425250: global: Decode: Decoded cmpi instruction: 0x2fa50000
1425250: system.cpu: A0 T0 : 0x10058e4c @_dl_vdso_vsym+12    : cmpdi      cr7, r5, 0      : IntAlu :  D=0x0000000048000282  flags=(IsInteger)
1425500: global: Decode: Decoded bc instruction: 0x419e00a0
1425500: system.cpu: A0 T0 : 0x10058e50 @_dl_vdso_vsym+16    : bc         30, 12, 0x10058ef0 : IntAlu :  D=0x0000000000000000  flags=(IsInteger|IsControl|IsDirectControl|IsCondControl)
1425750: global: Decode: Decoded or instruction: 0x7ca32b78
1425750: system.cpu: A0 T0 : 0x10058ef0 @_dl_vdso_vsym+176    : mr         r3, r5          : IntAlu :  D=0x0000000000000000  flags=(IsInteger)
1426000: global: Decode: Decoded bclr instruction: 0x4e800020
1426000: system.cpu: A0 T0 : 0x10058ef4 @_dl_vdso_vsym+180    : bclr       0, 20           : IntAlu :  D=0x0000000000000000  flags=(IsInteger|IsControl|IsIndirectControl|IsCondControl|IsReturn)
1426250: global: Decode: Decoded ori instruction: 0x60000000
1426250: system.cpu: A0 T0 : 0x10026068 @__libc_init_first+552    : nop                        : IntAlu :  D=0x0000000010025eb4  flags=(IsInteger)
1426500: global: Decode: Decoded ori instruction: 0x60000000
1426500: system.cpu: A0 T0 : 0x1002606c @__libc_init_first+556    : nop                        : IntAlu :  D=0x0000000010025eb4  flags=(IsInteger)
1426750: global: Decode: Decoded addi instruction: 0x3922b938
1426750: system.cpu: A0 T0 : 0x10026070 @__libc_init_first+560    : subi       r9, r2, 18120   : IntAlu :  D=0x00000000100b3638  flags=(IsInteger)
1427000: global: Decode: Decoded or instruction: 0x7fa5eb78
1427000: system.cpu: A0 T0 : 0x10026074 @__libc_init_first+564    : mr         r5, r29         : IntAlu :  D=0x00007fffffffee48  flags=(IsInteger)
1427250: global: Decode: Decoded or instruction: 0x7fc4f378
1427250: system.cpu: A0 T0 : 0x10026078 @__libc_init_first+568    : mr         r4, r30         : IntAlu :  D=0x00007fffffffee38  flags=(IsInteger)
1427500: global: Decode: Decoded std instruction: 0xf8690000
1427500: system.cpu: A0 T0 : 0x1002607c @__libc_init_first+572    : std        r3, 0(r9)       : MemWrite :  D=0x0000000000000000 A=0x100b3638  flags=(IsInteger|IsStore)
1427750: global: Decode: Decoded or instruction: 0x7fe3fb78
1427750: system.cpu: A0 T0 : 0x10026080 @__libc_init_first+576    : mr         r3, r31         : IntAlu :  D=0x0000000000000001  flags=(IsInteger)
1428000: global: Decode: Decoded b instruction: 0x4bffdadd
1428000: system.cpu: A0 T0 : 0x10026084 @__libc_init_first+580    : bl         __init_misc     : IntAlu :  D=0x0000000010026088  flags=(IsInteger|IsControl|IsDirectControl|IsUncondControl)
1428250: global: Decode: Decoded std instruction: 0xfbe1fff8
1428250: system.cpu: A0 T0 : 0x10023b60 @__init_misc    : std        r31, -8(r1)     : MemWrite :  D=0x0000000000000001 A=0x7fffffffe968  flags=(IsInteger|IsStore)
1428500: global: Decode: Decoded or instruction: 0x7c9f2379
1428500: system.cpu: A0 T0 : 0x10023b64 @__init_misc+4    : or.        r31, r4, r4     : IntAlu :  D=0x0000000048000282  flags=(IsInteger)
1428750: global: Decode: Decoded stdu instruction: 0xf821ff81
1428750: system.cpu: A0 T0 : 0x10023b68 @__init_misc+8    : stdu       r1, -128(r1)    : MemWrite :  D=0x00007fffffffe8f0 A=0x7fffffffe8f0  flags=(IsInteger|IsStore)
1429000: global: Decode: Decoded bc instruction: 0x41820058
1429000: system.cpu: A0 T0 : 0x10023b6c @__init_misc+12    : bc         2, 12, 0x10023bc4 : IntAlu :  D=0x0000000000000000  flags=(IsInteger|IsControl|IsDirectControl|IsCondControl)
1429250: global: Decode: Decoded std instruction: 0xfbc10070
1429250: system.cpu: A0 T0 : 0x10023b70 @__init_misc+16    : std        r30, 112(r1)    : MemWrite :  D=0x00007fffffffee38 A=0x7fffffffe960  flags=(IsInteger|IsStore)
1429500: global: Decode: Decoded ld instruction: 0xebdf0000
1429500: system.cpu: A0 T0 : 0x10023b74 @__init_misc+20    : ld         r30, 0(r31)     : MemRead :  D=0x00007fffffffef86 A=0x7fffffffee38  flags=(IsInteger|IsLoad)
1429750: global: Decode: Decoded cmpi instruction: 0x2fbe0000
1429750: system.cpu: A0 T0 : 0x10023b78 @__init_misc+24    : cmpdi      cr7, r30, 0     : IntAlu :  D=0x0000000048000284  flags=(IsInteger)
1430000: global: Decode: Decoded bc instruction: 0x419e0054
1430000: system.cpu: A0 T0 : 0x10023b7c @__init_misc+28    : bc         30, 12, 0x10023bd0 : IntAlu :  D=0x0000000000000000  flags=(IsInteger|IsControl|IsDirectControl|IsCondControl)
1430250: global: Decode: Decoded mflr instruction: 0x7c0802a6
1430250: system.cpu: A0 T0 : 0x10023b80 @__init_misc+32    : mflr       r0              : IntAlu :  D=0x0000000010026088  flags=(IsInteger)
1430500: global: Decode: Decoded addi instruction: 0x3880002f
1430500: system.cpu: A0 T0 : 0x10023b84 @__init_misc+36    : li         r4, 47          : IntAlu :  D=0x000000000000002f  flags=(IsInteger)
1430750: global: Decode: Decoded or instruction: 0x7fc3f378
1430750: system.cpu: A0 T0 : 0x10023b88 @__init_misc+40    : mr         r3, r30         : IntAlu :  D=0x00007fffffffef86  flags=(IsInteger)
1431000: global: Decode: Decoded std instruction: 0xf8010090
1431000: system.cpu: A0 T0 : 0x10023b8c @__init_misc+44    : std        r0, 144(r1)     : MemWrite :  D=0x0000000010026088 A=0x7fffffffe980  flags=(IsInteger|IsStore)
1431250: global: Decode: Decoded b instruction: 0x4bfdc831
1431250: system.cpu: A0 T0 : 0x10023b90 @__init_misc+48    : bl         0x100003c0      : IntAlu :  D=0x0000000010023b94  flags=(IsInteger|IsControl|IsDirectControl|IsUncondControl)
1431500: global: Decode: Decoded std instruction: 0xf8410028
1431500: system.cpu: A0 T0 : 0x100003c0 @_init+344    : std        r2, 40(r1)      : MemWrite :  D=0x00000000100b7d00 A=0x7fffffffe918  flags=(IsInteger|IsStore)
1431750: global: Decode: Decoded ld instruction: 0xe9828330
1431750: system.cpu: A0 T0 : 0x100003c4 @_init+348    : ld         r12, -31952(r2) : MemRead :  D=0x00000000100493d0 A=0x100b0030  flags=(IsInteger|IsLoad)
1432000: global: Decode: Decoded mtctr instruction: 0x7d8903a6
1432000: system.cpu: A0 T0 : 0x100003c8 @_init+352    : mtctr      r12             : IntAlu :  D=0x00000000100493d0  flags=(IsInteger)
1432250: global: Decode: Decoded ld instruction: 0xe8428338
1432250: system.cpu: A0 T0 : 0x100003cc @_init+356    : ld         r2, -31944(r2)  : MemRead :  D=0x00000000100b7d00 A=0x100b0038  flags=(IsInteger|IsLoad)
1432500: global: Decode: Decoded bcctr instruction: 0x4e800420
1432500: system.cpu: A0 T0 : 0x100003d0 @_init+360    : bcctr      0, 20           : IntAlu :   flags=(IsInteger|IsControl|IsIndirectControl|IsCondControl)
1432750: global: Decode: Decoded mflr instruction: 0x7c0802a6
1432750: system.cpu: A0 T0 : 0x100493d0 @__strrchr_ppc    : mflr       r0              : IntAlu :  D=0x0000000010023b94  flags=(IsInteger)
1433000: global: Decode: Decoded std instruction: 0xfba1ffe8
1433000: system.cpu: A0 T0 : 0x100493d4 @__strrchr_ppc+4    : std        r29, -24(r1)    : MemWrite :  D=0x00007fffffffee48 A=0x7fffffffe8d8  flags=(IsInteger|IsStore)
1433250: global: Decode: Decoded andi_ instruction: 0x709d00ff
1433250: system.cpu: A0 T0 : 0x100493d8 @__strrchr_ppc+8    : andi.      r29, r4, 255    : IntAlu :  D=0x0000000048000284  flags=(IsInteger)
1433500: global: Decode: Decoded std instruction: 0xfbc1fff0
1433500: system.cpu: A0 T0 : 0x100493dc @__strrchr_ppc+12    : std        r30, -16(r1)    : MemWrite :  D=0x00007fffffffef86 A=0x7fffffffe8e0  flags=(IsInteger|IsStore)
1433750: global: Decode: Decoded std instruction: 0xfbe1fff8
1433750: system.cpu: A0 T0 : 0x100493e0 @__strrchr_ppc+16    : std        r31, -8(r1)     : MemWrite :  D=0x00007fffffffee38 A=0x7fffffffe8e8  flags=(IsInteger|IsStore)
1434000: global: Decode: Decoded addi instruction: 0x3bc00000
1434000: system.cpu: A0 T0 : 0x100493e4 @__strrchr_ppc+20    : li         r30, 0          : IntAlu :  D=0x0000000000000000  flags=(IsInteger)
1434250: global: Decode: Decoded or instruction: 0x7c7f1b78
1434250: system.cpu: A0 T0 : 0x100493e8 @__strrchr_ppc+24    : mr         r31, r3         : IntAlu :  D=0x00007fffffffef86  flags=(IsInteger)
1434500: global: Decode: Decoded std instruction: 0xf8010010
1434500: system.cpu: A0 T0 : 0x100493ec @__strrchr_ppc+28    : std        r0, 16(r1)      : MemWrite :  D=0x0000000010023b94 A=0x7fffffffe900  flags=(IsInteger|IsStore)
1434750: global: Decode: Decoded stdu instruction: 0xf821ff71
1434750: system.cpu: A0 T0 : 0x100493f0 @__strrchr_ppc+32    : stdu       r1, -144(r1)    : MemWrite :  D=0x00007fffffffe860 A=0x7fffffffe860  flags=(IsInteger|IsStore)
1435000: global: Decode: Decoded bc instruction: 0x40820010
1435000: system.cpu: A0 T0 : 0x100493f4 @__strrchr_ppc+36    : bc         2, 4, 0x10049404 : IntAlu :  D=0x00000000100493d0  flags=(IsInteger|IsControl|IsDirectControl|IsCondControl)
1435250: global: Decode: Decoded or instruction: 0x7fe3fb78
1435250: system.cpu: A0 T0 : 0x10049404 @__strrchr_ppc+52    : mr         r3, r31         : IntAlu :  D=0x00007fffffffef86  flags=(IsInteger)
1435500: global: Decode: Decoded or instruction: 0x7fa4eb78
1435500: system.cpu: A0 T0 : 0x10049408 @__strrchr_ppc+56    : mr         r4, r29         : IntAlu :  D=0x000000000000002f  flags=(IsInteger)
1435750: global: Decode: Decoded b instruction: 0x4bfd47c5
1435750: system.cpu: A0 T0 : 0x1004940c @__strrchr_ppc+60    : bl         index           : IntAlu :  D=0x0000000010049410  flags=(IsInteger|IsControl|IsDirectControl|IsUncondControl)
1436000: global: Decode: Decoded dcbt instruction: 0x7c001a2c
1436000: system.cpu: A0 T0 : 0x1001dbd0 @strchr    : dcbt                       : IntAlu :   flags=()
1436250: global: Decode: Decoded rldimi instruction: 0x7884442c
1436250: system.cpu: A0 T0 : 0x1001dbd4 @strchr+4    : rldimi     r4, r4, 8, 48   : IntAlu :  D=0x0000000000002f2f  flags=(IsInteger)
1436500: global: Decode: Decoded addi instruction: 0x3960ffff
1436500: system.cpu: A0 T0 : 0x1001dbd8 @strchr+8    : li         r11, -1         : IntAlu :  D=0xffffffffffffffff  flags=(IsInteger)
1436750: global: Decode: Decoded rldimi instruction: 0x7884802c
1436750: system.cpu: A0 T0 : 0x1001dbdc @strchr+12    : rldimi     r4, r4, 16, 32  : IntAlu :  D=0x000000002f2f2f2f  flags=(IsInteger)
1437000: global: Decode: Decoded rlwinm instruction: 0x546a1eb8
1437000: system.cpu: A0 T0 : 0x1001dbe0 @strchr+16    : rlwinm     r10, r3, 3, 26, 28 : IntAlu :  D=0x0000000000000030  flags=(IsInteger)
1437250: global: Decode: Decoded rldimi instruction: 0x7884000e
1437250: system.cpu: A0 T0 : 0x1001dbe4 @strchr+20    : rldimi     r4, r4, 32, 0   : IntAlu :  D=0x2f2f2f2f2f2f2f2f  flags=(IsInteger)
1437500: global: Decode: Decoded addis instruction: 0x3cc0feff
1437500: system.cpu: A0 T0 : 0x1001dbe8 @strchr+24    : lis        r6, -257        : IntAlu :  D=0xfffffffffeff0000  flags=(IsInteger)
1437750: global: Decode: Decoded addis instruction: 0x3ce07f7f
1437750: system.cpu: A0 T0 : 0x1001dbec @strchr+28    : lis        r7, 32639       : IntAlu :  D=0x000000007f7f0000  flags=(IsInteger)
1438000: global: Decode: Decoded rldicr instruction: 0x78680724
1438000: system.cpu: A0 T0 : 0x1001dbf0 @strchr+32    : rldicr     r8, r3, 0, 60   : IntAlu :  D=0x00007fffffffef80  flags=(IsInteger)
1438250: global: Decode: Decoded addi instruction: 0x38c6feff
1438250: system.cpu: A0 T0 : 0x1001dbf4 @strchr+36    : subi       r6, r6, 257     : IntAlu :  D=0xfffffffffefefeff  flags=(IsInteger)
1438500: global: Decode: Decoded addi instruction: 0x38e77f7f
1438500: system.cpu: A0 T0 : 0x1001dbf8 @strchr+40    : addi       r7, r7, 32639   : IntAlu :  D=0x000000007f7f7f7f  flags=(IsInteger)
1438750: global: Decode: Decoded rldicr instruction: 0x78c007c6
1438750: system.cpu: A0 T0 : 0x1001dbfc @strchr+44    : rldicr     r0, r6, 32, 31  : IntAlu :  D=0xfefefeff00000000  flags=(IsInteger)
1439000: global: Decode: Decoded rldimi instruction: 0x78e7000e
1439000: system.cpu: A0 T0 : 0x1001dc00 @strchr+48    : rldimi     r7, r7, 32, 0   : IntAlu :  D=0x7f7f7f7f7f7f7f7f  flags=(IsInteger)
1439250: global: Decode: Decoded add instruction: 0x7cc60214
1439250: system.cpu: A0 T0 : 0x1001dc04 @strchr+52    : add        r6, r6, r0      : IntAlu :  D=0xfefefefefefefeff  flags=(IsInteger)
1439500: global: Decode: Decoded ld instruction: 0xe8a80000
1439500: system.cpu: A0 T0 : 0x1001dc08 @strchr+56    : ld         r5, 0(r8)       : MemRead :  D=0x6f77657238007465 A=0x7fffffffef80  flags=(IsInteger|IsLoad)
1439750: global: Decode: Decoded srd instruction: 0x7d6b5436
1439750: system.cpu: A0 T0 : 0x1001dc0c @strchr+60    : srd        r11, r11, r10   : IntAlu :  D=0x000000000000ffff  flags=(IsInteger)
1440000: global: Decode: Decoded orc instruction: 0x7ca55b38
1440000: system.cpu: A0 T0 : 0x1001dc10 @strchr+64    : orc        r5, r5, r11     : IntAlu :  D=0xffffffffffff7465  flags=(IsInteger)
1440250: global: Decode: Decoded add instruction: 0x7c062a14
1440250: system.cpu: A0 T0 : 0x1001dc14 @strchr+68    : add        r0, r6, r5      : IntAlu :  D=0xfefefefefefe7364  flags=(IsInteger)
1440500: global: Decode: Decoded nor instruction: 0x7ce928f8
1440500: system.cpu: A0 T0 : 0x1001dc18 @strchr+72    : nor        r9, r7, r5      : IntAlu :  D=0x0000000000008080  flags=(IsInteger)
1440750: global: Decode: Decoded and instruction: 0x7c0a4839
1440750: system.cpu: A0 T0 : 0x1001dc1c @strchr+76    : and.       r10, r0, r9     : IntAlu :  D=0x0000000028000284  flags=(IsInteger)
1441000: global: Decode: Decoded xor instruction: 0x7c8c2a78
1441000: system.cpu: A0 T0 : 0x1001dc20 @strchr+80    : xor        r12, r4, r5     : IntAlu :  D=0xd0d0d0d0d0d05b4a  flags=(IsInteger)
1441250: global: Decode: Decoded orc instruction: 0x7d8c5b38
1441250: system.cpu: A0 T0 : 0x1001dc24 @strchr+84    : orc        r12, r12, r11   : IntAlu :  D=0xffffffffffff5b4a  flags=(IsInteger)
1441500: global: Decode: Decoded b instruction: 0x48000020
1441500: system.cpu: A0 T0 : 0x1001dc28 @strchr+88    : b          0x1001dc48      : IntAlu :   flags=(IsControl|IsDirectControl|IsUncondControl)
1441750: global: Decode: Decoded add instruction: 0x7c066214
1441750: system.cpu: A0 T0 : 0x1001dc48 @strchr+120    : add        r0, r6, r12     : IntAlu :  D=0xfefefefefefe5a49  flags=(IsInteger)
1442000: global: Decode: Decoded nor instruction: 0x7ce960f8
1442000: system.cpu: A0 T0 : 0x1001dc4c @strchr+124    : nor        r9, r7, r12     : IntAlu :  D=0x0000000000008080  flags=(IsInteger)
1442250: global: Decode: Decoded bc instruction: 0x4182ffdc
1442250: system.cpu: A0 T0 : 0x1001dc50 @strchr+128    : bc         2, 12, 0x1001dc2c : IntAlu :  D=0x00000000100493d0  flags=(IsInteger|IsControl|IsDirectControl|IsCondControl)
1442500: global: Decode: Decoded ldu instruction: 0xe8a80009
1442500: system.cpu: A0 T0 : 0x1001dc2c @strchr+92    : ldu        r5, 8(r8)       : MemRead :  D=0x7374732f74657374 A=0x7fffffffef88  flags=(IsInteger|IsLoad)
1442750: global: Decode: Decoded and instruction: 0x7c0b4839
1442750: system.cpu: A0 T0 : 0x1001dc30 @strchr+96    : and.       r11, r0, r9     : IntAlu :  D=0x0000000028000284  flags=(IsInteger)
1443000: global: Decode: Decoded add instruction: 0x7c062a14
1443000: system.cpu: A0 T0 : 0x1001dc34 @strchr+100    : add        r0, r6, r5      : IntAlu :  D=0x7273722e73647273  flags=(IsInteger)
1443250: global: Decode: Decoded nor instruction: 0x7ce928f8
1443250: system.cpu: A0 T0 : 0x1001dc38 @strchr+104    : nor        r9, r7, r5      : IntAlu :  D=0x8080808080808080  flags=(IsInteger)
1443500: global: Decode: Decoded bc instruction: 0x4082005c
1443500: system.cpu: A0 T0 : 0x1001dc3c @strchr+108    : bc         2, 4, 0x1001dc98 : IntAlu :  D=0x00000000100493d0  flags=(IsInteger|IsControl|IsDirectControl|IsCondControl)
1443750: global: Decode: Decoded and instruction: 0x7c0a4839
1443750: system.cpu: A0 T0 : 0x1001dc40 @strchr+112    : and.       r10, r0, r9     : IntAlu :  D=0x0000000028000284  flags=(IsInteger)
1444000: global: Decode: Decoded xor instruction: 0x7c8c2a78
1444000: system.cpu: A0 T0 : 0x1001dc44 @strchr+116    : xor        r12, r4, r5     : IntAlu :  D=0x5c5b5c005b4a5c5b  flags=(IsInteger)
1444250: global: Decode: Decoded add instruction: 0x7c066214
1444250: system.cpu: A0 T0 : 0x1001dc48 @strchr+120    : add        r0, r6, r12     : IntAlu :  D=0x5b5a5aff5a495b5a  flags=(IsInteger)
1444500: global: Decode: Decoded nor instruction: 0x7ce960f8
1444500: system.cpu: A0 T0 : 0x1001dc4c @strchr+124    : nor        r9, r7, r12     : IntAlu :  D=0x8080808080808080  flags=(IsInteger)
1444750: global: Decode: Decoded bc instruction: 0x4182ffdc
1444750: system.cpu: A0 T0 : 0x1001dc50 @strchr+128    : bc         2, 12, 0x1001dc2c : IntAlu :  D=0x00000000100493d0  flags=(IsInteger|IsControl|IsDirectControl|IsCondControl)
1445000: global: Decode: Decoded ldu instruction: 0xe8a80009
1445000: system.cpu: A0 T0 : 0x1001dc2c @strchr+92    : ldu        r5, 8(r8)       : MemRead :  D=0x2d70726f67732f68 A=0x7fffffffef90  flags=(IsInteger|IsLoad)
1445250: global: Decode: Decoded and instruction: 0x7c0b4839
1445250: system.cpu: A0 T0 : 0x1001dc30 @strchr+96    : and.       r11, r0, r9     : IntAlu :  D=0x0000000048000284  flags=(IsInteger)
1445500: global: Decode: Decoded add instruction: 0x7c062a14
1445500: system.cpu: A0 T0 : 0x1001dc34 @strchr+100    : add        r0, r6, r5      : IntAlu :  D=0x2c6f716e66722e67  flags=(IsInteger)
1445750: global: Decode: Decoded nor instruction: 0x7ce928f8
1445750: system.cpu: A0 T0 : 0x1001dc38 @strchr+104    : nor        r9, r7, r5      : IntAlu :  D=0x8080808080808080  flags=(IsInteger)
1446000: global: Decode: Decoded bc instruction: 0x4082005c
1446000: system.cpu: A0 T0 : 0x1001dc3c @strchr+108    : bc         2, 4, 0x1001dc98 : IntAlu :  D=0x00000000100493d0  flags=(IsInteger|IsControl|IsDirectControl|IsCondControl)
1446250: global: Decode: Decoded and instruction: 0x7ce06038
1446250: system.cpu: A0 T0 : 0x1001dc98 @strchr+200    : and        r0, r7, r12     : IntAlu :  D=0x5c5b5c005b4a5c5b  flags=(IsInteger)
1446500: global: Decode: Decoded or instruction: 0x7cea6378
1446500: system.cpu: A0 T0 : 0x1001dc9c @strchr+204    : or         r10, r7, r12    : IntAlu :  D=0x7f7f7f7f7f7f7f7f  flags=(IsInteger)
1446750: global: Decode: Decoded add instruction: 0x7c003a14
1446750: system.cpu: A0 T0 : 0x1001dca0 @strchr+208    : add        r0, r0, r7      : IntAlu :  D=0xdbdadb7fdac9dbda  flags=(IsInteger)
1447000: global: Decode: Decoded nor instruction: 0x7d4900f8
1447000: system.cpu: A0 T0 : 0x1001dca4 @strchr+212    : nor        r9, r10, r0     : IntAlu :  D=0x0000008000000000  flags=(IsInteger)
1447250: global: Decode: Decoded cntlzd instruction: 0x7d240074
1447250: system.cpu: A0 T0 : 0x1001dca8 @strchr+216    : cntlzd     r4, r9          : IntAlu :  D=0x0000000000000018  flags=(IsInteger)
1447500: global: Decode: Decoded addi instruction: 0x3908fff8
1447500: system.cpu: A0 T0 : 0x1001dcac @strchr+220    : subi       r8, r8, 8       : IntAlu :  D=0x00007fffffffef88  flags=(IsInteger)
1447750: global: Decode: Decoded rldicl instruction: 0x7884e8c2
1447750: system.cpu: A0 T0 : 0x1001dcb0 @strchr+224    : rldicl     r4, r4, 61, 3   : IntAlu :  D=0x0000000000000003  flags=(IsInteger)
1448000: global: Decode: Decoded add instruction: 0x7c682214
1448000: system.cpu: A0 T0 : 0x1001dcb4 @strchr+228    : add        r3, r8, r4      : IntAlu :  D=0x00007fffffffef8b  flags=(IsInteger)
1448250: global: Decode: Decoded bclr instruction: 0x4e800020
1448250: system.cpu: A0 T0 : 0x1001dcb8 @strchr+232    : bclr       0, 20           : IntAlu :  D=0x00000000100493d0  flags=(IsInteger|IsControl|IsIndirectControl|IsCondControl|IsReturn)
1448500: global: Decode: Decoded ori instruction: 0x60000000
1448500: system.cpu: A0 T0 : 0x10049410 @__strrchr_ppc+64    : nop                        : IntAlu :  D=0xdbdadb7fdac9dbda  flags=(IsInteger)
1448750: global: Decode: Decoded cmpi instruction: 0x2c230000
1448750: system.cpu: A0 T0 : 0x10049414 @__strrchr_ppc+68    : cmpdi      r3, 0           : IntAlu :  D=0x0000000048000284  flags=(IsInteger)
1449000: global: Decode: Decoded addi instruction: 0x3be30001
1449000: system.cpu: A0 T0 : 0x10049418 @__strrchr_ppc+72    : addi       r31, r3, 1      : IntAlu :  D=0x00007fffffffef8c  flags=(IsInteger)
1449250: global: Decode: Decoded bc instruction: 0x4082ffe4
1449250: system.cpu: A0 T0 : 0x1004941c @__strrchr_ppc+76    : bc         2, 4, 0x10049400 : IntAlu :  D=0x00000000100493d0  flags=(IsInteger|IsControl|IsDirectControl|IsCondControl)
1449500: global: Decode: Decoded or instruction: 0x7c7e1b78
1449500: system.cpu: A0 T0 : 0x10049400 @__strrchr_ppc+48    : mr         r30, r3         : IntAlu :  D=0x00007fffffffef8b  flags=(IsInteger)
1449750: global: Decode: Decoded or instruction: 0x7fe3fb78
1449750: system.cpu: A0 T0 : 0x10049404 @__strrchr_ppc+52    : mr         r3, r31         : IntAlu :  D=0x00007fffffffef8c  flags=(IsInteger)
1450000: global: Decode: Decoded or instruction: 0x7fa4eb78
1450000: system.cpu: A0 T0 : 0x10049408 @__strrchr_ppc+56    : mr         r4, r29         : IntAlu :  D=0x000000000000002f  flags=(IsInteger)
1450250: global: Decode: Decoded b instruction: 0x4bfd47c5
1450250: system.cpu: A0 T0 : 0x1004940c @__strrchr_ppc+60    : bl         index           : IntAlu :  D=0x0000000010049410  flags=(IsInteger|IsControl|IsDirectControl|IsUncondControl)
1450500: global: Decode: Decoded dcbt instruction: 0x7c001a2c
1450500: system.cpu: A0 T0 : 0x1001dbd0 @strchr    : dcbt                       : IntAlu :   flags=()
1450750: global: Decode: Decoded rldimi instruction: 0x7884442c
1450750: system.cpu: A0 T0 : 0x1001dbd4 @strchr+4    : rldimi     r4, r4, 8, 48   : IntAlu :  D=0x0000000000002f2f  flags=(IsInteger)
1451000: global: Decode: Decoded addi instruction: 0x3960ffff
1451000: system.cpu: A0 T0 : 0x1001dbd8 @strchr+8    : li         r11, -1         : IntAlu :  D=0xffffffffffffffff  flags=(IsInteger)
1451250: global: Decode: Decoded rldimi instruction: 0x7884802c
1451250: system.cpu: A0 T0 : 0x1001dbdc @strchr+12    : rldimi     r4, r4, 16, 32  : IntAlu :  D=0x000000002f2f2f2f  flags=(IsInteger)
1451500: global: Decode: Decoded rlwinm instruction: 0x546a1eb8
1451500: system.cpu: A0 T0 : 0x1001dbe0 @strchr+16    : rlwinm     r10, r3, 3, 26, 28 : IntAlu :  D=0x0000000000000020  flags=(IsInteger)
1451750: global: Decode: Decoded rldimi instruction: 0x7884000e
1451750: system.cpu: A0 T0 : 0x1001dbe4 @strchr+20    : rldimi     r4, r4, 32, 0   : IntAlu :  D=0x2f2f2f2f2f2f2f2f  flags=(IsInteger)
1452000: global: Decode: Decoded addis instruction: 0x3cc0feff
1452000: system.cpu: A0 T0 : 0x1001dbe8 @strchr+24    : lis        r6, -257        : IntAlu :  D=0xfffffffffeff0000  flags=(IsInteger)
1452250: global: Decode: Decoded addis instruction: 0x3ce07f7f
1452250: system.cpu: A0 T0 : 0x1001dbec @strchr+28    : lis        r7, 32639       : IntAlu :  D=0x000000007f7f0000  flags=(IsInteger)
1452500: global: Decode: Decoded rldicr instruction: 0x78680724
1452500: system.cpu: A0 T0 : 0x1001dbf0 @strchr+32    : rldicr     r8, r3, 0, 60   : IntAlu :  D=0x00007fffffffef88  flags=(IsInteger)
1452750: global: Decode: Decoded addi instruction: 0x38c6feff
1452750: system.cpu: A0 T0 : 0x1001dbf4 @strchr+36    : subi       r6, r6, 257     : IntAlu :  D=0xfffffffffefefeff  flags=(IsInteger)
1453000: global: Decode: Decoded addi instruction: 0x38e77f7f
1453000: system.cpu: A0 T0 : 0x1001dbf8 @strchr+40    : addi       r7, r7, 32639   : IntAlu :  D=0x000000007f7f7f7f  flags=(IsInteger)
1453250: global: Decode: Decoded rldicr instruction: 0x78c007c6
1453250: system.cpu: A0 T0 : 0x1001dbfc @strchr+44    : rldicr     r0, r6, 32, 31  : IntAlu :  D=0xfefefeff00000000  flags=(IsInteger)
1453500: global: Decode: Decoded rldimi instruction: 0x78e7000e
1453500: system.cpu: A0 T0 : 0x1001dc00 @strchr+48    : rldimi     r7, r7, 32, 0   : IntAlu :  D=0x7f7f7f7f7f7f7f7f  flags=(IsInteger)
1453750: global: Decode: Decoded add instruction: 0x7cc60214
1453750: system.cpu: A0 T0 : 0x1001dc04 @strchr+52    : add        r6, r6, r0      : IntAlu :  D=0xfefefefefefefeff  flags=(IsInteger)
1454000: global: Decode: Decoded ld instruction: 0xe8a80000
1454000: system.cpu: A0 T0 : 0x1001dc08 @strchr+56    : ld         r5, 0(r8)       : MemRead :  D=0x7374732f74657374 A=0x7fffffffef88  flags=(IsInteger|IsLoad)
1454250: global: Decode: Decoded srd instruction: 0x7d6b5436
1454250: system.cpu: A0 T0 : 0x1001dc0c @strchr+60    : srd        r11, r11, r10   : IntAlu :  D=0x00000000ffffffff  flags=(IsInteger)
1454500: global: Decode: Decoded orc instruction: 0x7ca55b38
1454500: system.cpu: A0 T0 : 0x1001dc10 @strchr+64    : orc        r5, r5, r11     : IntAlu :  D=0xffffffff74657374  flags=(IsInteger)
1454750: global: Decode: Decoded add instruction: 0x7c062a14
1454750: system.cpu: A0 T0 : 0x1001dc14 @strchr+68    : add        r0, r6, r5      : IntAlu :  D=0xfefefefe73647273  flags=(IsInteger)
1455000: global: Decode: Decoded nor instruction: 0x7ce928f8
1455000: system.cpu: A0 T0 : 0x1001dc18 @strchr+72    : nor        r9, r7, r5      : IntAlu :  D=0x0000000080808080  flags=(IsInteger)
1455250: global: Decode: Decoded and instruction: 0x7c0a4839
1455250: system.cpu: A0 T0 : 0x1001dc1c @strchr+76    : and.       r10, r0, r9     : IntAlu :  D=0x0000000028000284  flags=(IsInteger)
1455500: global: Decode: Decoded xor instruction: 0x7c8c2a78
1455500: system.cpu: A0 T0 : 0x1001dc20 @strchr+80    : xor        r12, r4, r5     : IntAlu :  D=0xd0d0d0d05b4a5c5b  flags=(IsInteger)
1455750: global: Decode: Decoded orc instruction: 0x7d8c5b38
1455750: system.cpu: A0 T0 : 0x1001dc24 @strchr+84    : orc        r12, r12, r11   : IntAlu :  D=0xffffffff5b4a5c5b  flags=(IsInteger)
1456000: global: Decode: Decoded b instruction: 0x48000020
1456000: system.cpu: A0 T0 : 0x1001dc28 @strchr+88    : b          0x1001dc48      : IntAlu :   flags=(IsControl|IsDirectControl|IsUncondControl)
1456250: global: Decode: Decoded add instruction: 0x7c066214
1456250: system.cpu: A0 T0 : 0x1001dc48 @strchr+120    : add        r0, r6, r12     : IntAlu :  D=0xfefefefe5a495b5a  flags=(IsInteger)
1456500: global: Decode: Decoded nor instruction: 0x7ce960f8
1456500: system.cpu: A0 T0 : 0x1001dc4c @strchr+124    : nor        r9, r7, r12     : IntAlu :  D=0x0000000080808080  flags=(IsInteger)
1456750: global: Decode: Decoded bc instruction: 0x4182ffdc
1456750: system.cpu: A0 T0 : 0x1001dc50 @strchr+128    : bc         2, 12, 0x1001dc2c : IntAlu :  D=0x00000000100493d0  flags=(IsInteger|IsControl|IsDirectControl|IsCondControl)
1457000: global: Decode: Decoded ldu instruction: 0xe8a80009
1457000: system.cpu: A0 T0 : 0x1001dc2c @strchr+92    : ldu        r5, 8(r8)       : MemRead :  D=0x2d70726f67732f68 A=0x7fffffffef90  flags=(IsInteger|IsLoad)
1457250: global: Decode: Decoded and instruction: 0x7c0b4839
1457250: system.cpu: A0 T0 : 0x1001dc30 @strchr+96    : and.       r11, r0, r9     : IntAlu :  D=0x0000000028000284  flags=(IsInteger)
1457500: global: Decode: Decoded add instruction: 0x7c062a14
1457500: system.cpu: A0 T0 : 0x1001dc34 @strchr+100    : add        r0, r6, r5      : IntAlu :  D=0x2c6f716e66722e67  flags=(IsInteger)
1457750: global: Decode: Decoded nor instruction: 0x7ce928f8
1457750: system.cpu: A0 T0 : 0x1001dc38 @strchr+104    : nor        r9, r7, r5      : IntAlu :  D=0x8080808080808080  flags=(IsInteger)
1458000: global: Decode: Decoded bc instruction: 0x4082005c
1458000: system.cpu: A0 T0 : 0x1001dc3c @strchr+108    : bc         2, 4, 0x1001dc98 : IntAlu :  D=0x00000000100493d0  flags=(IsInteger|IsControl|IsDirectControl|IsCondControl)
1458250: global: Decode: Decoded and instruction: 0x7c0a4839
1458250: system.cpu: A0 T0 : 0x1001dc40 @strchr+112    : and.       r10, r0, r9     : IntAlu :  D=0x0000000028000284  flags=(IsInteger)
1458500: global: Decode: Decoded xor instruction: 0x7c8c2a78
1458500: system.cpu: A0 T0 : 0x1001dc44 @strchr+116    : xor        r12, r4, r5     : IntAlu :  D=0x025f5d40485c0047  flags=(IsInteger)
1458750: global: Decode: Decoded add instruction: 0x7c066214
1458750: system.cpu: A0 T0 : 0x1001dc48 @strchr+120    : add        r0, r6, r12     : IntAlu :  D=0x015e5c3f475aff46  flags=(IsInteger)
1459000: global: Decode: Decoded nor instruction: 0x7ce960f8
1459000: system.cpu: A0 T0 : 0x1001dc4c @strchr+124    : nor        r9, r7, r12     : IntAlu :  D=0x8080808080808080  flags=(IsInteger)
1459250: global: Decode: Decoded bc instruction: 0x4182ffdc
1459250: system.cpu: A0 T0 : 0x1001dc50 @strchr+128    : bc         2, 12, 0x1001dc2c : IntAlu :  D=0x00000000100493d0  flags=(IsInteger|IsControl|IsDirectControl|IsCondControl)
1459500: global: Decode: Decoded ldu instruction: 0xe8a80009
1459500: system.cpu: A0 T0 : 0x1001dc2c @strchr+92    : ldu        r5, 8(r8)       : MemRead :  D=0x656c6c6f2f62696e A=0x7fffffffef98  flags=(IsInteger|IsLoad)
1459750: global: Decode: Decoded and instruction: 0x7c0b4839
1459750: system.cpu: A0 T0 : 0x1001dc30 @strchr+96    : and.       r11, r0, r9     : IntAlu :  D=0x0000000048000284  flags=(IsInteger)
1460000: global: Decode: Decoded add instruction: 0x7c062a14
1460000: system.cpu: A0 T0 : 0x1001dc34 @strchr+100    : add        r0, r6, r5      : IntAlu :  D=0x646b6b6e2e61686d  flags=(IsInteger)
1460250: global: Decode: Decoded nor instruction: 0x7ce928f8
1460250: system.cpu: A0 T0 : 0x1001dc38 @strchr+104    : nor        r9, r7, r5      : IntAlu :  D=0x8080808080808080  flags=(IsInteger)
1460500: global: Decode: Decoded bc instruction: 0x4082005c
1460500: system.cpu: A0 T0 : 0x1001dc3c @strchr+108    : bc         2, 4, 0x1001dc98 : IntAlu :  D=0x00000000100493d0  flags=(IsInteger|IsControl|IsDirectControl|IsCondControl)
1460750: global: Decode: Decoded and instruction: 0x7ce06038
1460750: system.cpu: A0 T0 : 0x1001dc98 @strchr+200    : and        r0, r7, r12     : IntAlu :  D=0x025f5d40485c0047  flags=(IsInteger)
1461000: global: Decode: Decoded or instruction: 0x7cea6378
1461000: system.cpu: A0 T0 : 0x1001dc9c @strchr+204    : or         r10, r7, r12    : IntAlu :  D=0x7f7f7f7f7f7f7f7f  flags=(IsInteger)
1461250: global: Decode: Decoded add instruction: 0x7c003a14
1461250: system.cpu: A0 T0 : 0x1001dca0 @strchr+208    : add        r0, r0, r7      : IntAlu :  D=0x81dedcbfc7db7fc6  flags=(IsInteger)
1461500: global: Decode: Decoded nor instruction: 0x7d4900f8
1461500: system.cpu: A0 T0 : 0x1001dca4 @strchr+212    : nor        r9, r10, r0     : IntAlu :  D=0x0000000000008000  flags=(IsInteger)
1461750: global: Decode: Decoded cntlzd instruction: 0x7d240074
1461750: system.cpu: A0 T0 : 0x1001dca8 @strchr+216    : cntlzd     r4, r9          : IntAlu :  D=0x0000000000000030  flags=(IsInteger)
1462000: global: Decode: Decoded addi instruction: 0x3908fff8
1462000: system.cpu: A0 T0 : 0x1001dcac @strchr+220    : subi       r8, r8, 8       : IntAlu :  D=0x00007fffffffef90  flags=(IsInteger)
1462250: global: Decode: Decoded rldicl instruction: 0x7884e8c2
1462250: system.cpu: A0 T0 : 0x1001dcb0 @strchr+224    : rldicl     r4, r4, 61, 3   : IntAlu :  D=0x0000000000000006  flags=(IsInteger)
1462500: global: Decode: Decoded add instruction: 0x7c682214
1462500: system.cpu: A0 T0 : 0x1001dcb4 @strchr+228    : add        r3, r8, r4      : IntAlu :  D=0x00007fffffffef96  flags=(IsInteger)
1462750: global: Decode: Decoded bclr instruction: 0x4e800020
1462750: system.cpu: A0 T0 : 0x1001dcb8 @strchr+232    : bclr       0, 20           : IntAlu :  D=0x00000000100493d0  flags=(IsInteger|IsControl|IsIndirectControl|IsCondControl|IsReturn)
1463000: global: Decode: Decoded ori instruction: 0x60000000
1463000: system.cpu: A0 T0 : 0x10049410 @__strrchr_ppc+64    : nop                        : IntAlu :  D=0x81dedcbfc7db7fc6  flags=(IsInteger)
1463250: global: Decode: Decoded cmpi instruction: 0x2c230000
1463250: system.cpu: A0 T0 : 0x10049414 @__strrchr_ppc+68    : cmpdi      r3, 0           : IntAlu :  D=0x0000000048000284  flags=(IsInteger)
1463500: global: Decode: Decoded addi instruction: 0x3be30001
1463500: system.cpu: A0 T0 : 0x10049418 @__strrchr_ppc+72    : addi       r31, r3, 1      : IntAlu :  D=0x00007fffffffef97  flags=(IsInteger)
1463750: global: Decode: Decoded bc instruction: 0x4082ffe4
1463750: system.cpu: A0 T0 : 0x1004941c @__strrchr_ppc+76    : bc         2, 4, 0x10049400 : IntAlu :  D=0x00000000100493d0  flags=(IsInteger|IsControl|IsDirectControl|IsCondControl)
1464000: global: Decode: Decoded or instruction: 0x7c7e1b78
1464000: system.cpu: A0 T0 : 0x10049400 @__strrchr_ppc+48    : mr         r30, r3         : IntAlu :  D=0x00007fffffffef96  flags=(IsInteger)
1464250: global: Decode: Decoded or instruction: 0x7fe3fb78
1464250: system.cpu: A0 T0 : 0x10049404 @__strrchr_ppc+52    : mr         r3, r31         : IntAlu :  D=0x00007fffffffef97  flags=(IsInteger)
1464500: global: Decode: Decoded or instruction: 0x7fa4eb78
1464500: system.cpu: A0 T0 : 0x10049408 @__strrchr_ppc+56    : mr         r4, r29         : IntAlu :  D=0x000000000000002f  flags=(IsInteger)
1464750: global: Decode: Decoded b instruction: 0x4bfd47c5
1464750: system.cpu: A0 T0 : 0x1004940c @__strrchr_ppc+60    : bl         index           : IntAlu :  D=0x0000000010049410  flags=(IsInteger|IsControl|IsDirectControl|IsUncondControl)
1465000: global: Decode: Decoded dcbt instruction: 0x7c001a2c
1465000: system.cpu: A0 T0 : 0x1001dbd0 @strchr    : dcbt                       : IntAlu :   flags=()
1465250: global: Decode: Decoded rldimi instruction: 0x7884442c
1465250: system.cpu: A0 T0 : 0x1001dbd4 @strchr+4    : rldimi     r4, r4, 8, 48   : IntAlu :  D=0x0000000000002f2f  flags=(IsInteger)
1465500: global: Decode: Decoded addi instruction: 0x3960ffff
1465500: system.cpu: A0 T0 : 0x1001dbd8 @strchr+8    : li         r11, -1         : IntAlu :  D=0xffffffffffffffff  flags=(IsInteger)
1465750: global: Decode: Decoded rldimi instruction: 0x7884802c
1465750: system.cpu: A0 T0 : 0x1001dbdc @strchr+12    : rldimi     r4, r4, 16, 32  : IntAlu :  D=0x000000002f2f2f2f  flags=(IsInteger)
1466000: global: Decode: Decoded rlwinm instruction: 0x546a1eb8
1466000: system.cpu: A0 T0 : 0x1001dbe0 @strchr+16    : rlwinm     r10, r3, 3, 26, 28 : IntAlu :  D=0x0000000000000038  flags=(IsInteger)
1466250: global: Decode: Decoded rldimi instruction: 0x7884000e
1466250: system.cpu: A0 T0 : 0x1001dbe4 @strchr+20    : rldimi     r4, r4, 32, 0   : IntAlu :  D=0x2f2f2f2f2f2f2f2f  flags=(IsInteger)
1466500: global: Decode: Decoded addis instruction: 0x3cc0feff
1466500: system.cpu: A0 T0 : 0x1001dbe8 @strchr+24    : lis        r6, -257        : IntAlu :  D=0xfffffffffeff0000  flags=(IsInteger)
1466750: global: Decode: Decoded addis instruction: 0x3ce07f7f
1466750: system.cpu: A0 T0 : 0x1001dbec @strchr+28    : lis        r7, 32639       : IntAlu :  D=0x000000007f7f0000  flags=(IsInteger)
1467000: global: Decode: Decoded rldicr instruction: 0x78680724
1467000: system.cpu: A0 T0 : 0x1001dbf0 @strchr+32    : rldicr     r8, r3, 0, 60   : IntAlu :  D=0x00007fffffffef90  flags=(IsInteger)
1467250: global: Decode: Decoded addi instruction: 0x38c6feff
1467250: system.cpu: A0 T0 : 0x1001dbf4 @strchr+36    : subi       r6, r6, 257     : IntAlu :  D=0xfffffffffefefeff  flags=(IsInteger)
1467500: global: Decode: Decoded addi instruction: 0x38e77f7f
1467500: system.cpu: A0 T0 : 0x1001dbf8 @strchr+40    : addi       r7, r7, 32639   : IntAlu :  D=0x000000007f7f7f7f  flags=(IsInteger)
1467750: global: Decode: Decoded rldicr instruction: 0x78c007c6
1467750: system.cpu: A0 T0 : 0x1001dbfc @strchr+44    : rldicr     r0, r6, 32, 31  : IntAlu :  D=0xfefefeff00000000  flags=(IsInteger)
1468000: global: Decode: Decoded rldimi instruction: 0x78e7000e
1468000: system.cpu: A0 T0 : 0x1001dc00 @strchr+48    : rldimi     r7, r7, 32, 0   : IntAlu :  D=0x7f7f7f7f7f7f7f7f  flags=(IsInteger)
1468250: global: Decode: Decoded add instruction: 0x7cc60214
1468250: system.cpu: A0 T0 : 0x1001dc04 @strchr+52    : add        r6, r6, r0      : IntAlu :  D=0xfefefefefefefeff  flags=(IsInteger)
1468500: global: Decode: Decoded ld instruction: 0xe8a80000
1468500: system.cpu: A0 T0 : 0x1001dc08 @strchr+56    : ld         r5, 0(r8)       : MemRead :  D=0x2d70726f67732f68 A=0x7fffffffef90  flags=(IsInteger|IsLoad)
1468750: global: Decode: Decoded srd instruction: 0x7d6b5436
1468750: system.cpu: A0 T0 : 0x1001dc0c @strchr+60    : srd        r11, r11, r10   : IntAlu :  D=0x00000000000000ff  flags=(IsInteger)
1469000: global: Decode: Decoded orc instruction: 0x7ca55b38
1469000: system.cpu: A0 T0 : 0x1001dc10 @strchr+64    : orc        r5, r5, r11     : IntAlu :  D=0xffffffffffffff68  flags=(IsInteger)
1469250: global: Decode: Decoded add instruction: 0x7c062a14
1469250: system.cpu: A0 T0 : 0x1001dc14 @strchr+68    : add        r0, r6, r5      : IntAlu :  D=0xfefefefefefefe67  flags=(IsInteger)
1469500: global: Decode: Decoded nor instruction: 0x7ce928f8
1469500: system.cpu: A0 T0 : 0x1001dc18 @strchr+72    : nor        r9, r7, r5      : IntAlu :  D=0x0000000000000080  flags=(IsInteger)
1469750: global: Decode: Decoded and instruction: 0x7c0a4839
1469750: system.cpu: A0 T0 : 0x1001dc1c @strchr+76    : and.       r10, r0, r9     : IntAlu :  D=0x0000000028000284  flags=(IsInteger)
1470000: global: Decode: Decoded xor instruction: 0x7c8c2a78
1470000: system.cpu: A0 T0 : 0x1001dc20 @strchr+80    : xor        r12, r4, r5     : IntAlu :  D=0xd0d0d0d0d0d0d047  flags=(IsInteger)
1470250: global: Decode: Decoded orc instruction: 0x7d8c5b38
1470250: system.cpu: A0 T0 : 0x1001dc24 @strchr+84    : orc        r12, r12, r11   : IntAlu :  D=0xffffffffffffff47  flags=(IsInteger)
1470500: global: Decode: Decoded b instruction: 0x48000020
1470500: system.cpu: A0 T0 : 0x1001dc28 @strchr+88    : b          0x1001dc48      : IntAlu :   flags=(IsControl|IsDirectControl|IsUncondControl)
1470750: global: Decode: Decoded add instruction: 0x7c066214
1470750: system.cpu: A0 T0 : 0x1001dc48 @strchr+120    : add        r0, r6, r12     : IntAlu :  D=0xfefefefefefefe46  flags=(IsInteger)
1471000: global: Decode: Decoded nor instruction: 0x7ce960f8
1471000: system.cpu: A0 T0 : 0x1001dc4c @strchr+124    : nor        r9, r7, r12     : IntAlu :  D=0x0000000000000080  flags=(IsInteger)
1471250: global: Decode: Decoded bc instruction: 0x4182ffdc
1471250: system.cpu: A0 T0 : 0x1001dc50 @strchr+128    : bc         2, 12, 0x1001dc2c : IntAlu :  D=0x00000000100493d0  flags=(IsInteger|IsControl|IsDirectControl|IsCondControl)
1471500: global: Decode: Decoded ldu instruction: 0xe8a80009
1471500: system.cpu: A0 T0 : 0x1001dc2c @strchr+92    : ldu        r5, 8(r8)       : MemRead :  D=0x656c6c6f2f62696e A=0x7fffffffef98  flags=(IsInteger|IsLoad)
1471750: global: Decode: Decoded and instruction: 0x7c0b4839
1471750: system.cpu: A0 T0 : 0x1001dc30 @strchr+96    : and.       r11, r0, r9     : IntAlu :  D=0x0000000028000284  flags=(IsInteger)
1472000: global: Decode: Decoded add instruction: 0x7c062a14
1472000: system.cpu: A0 T0 : 0x1001dc34 @strchr+100    : add        r0, r6, r5      : IntAlu :  D=0x646b6b6e2e61686d  flags=(IsInteger)
1472250: global: Decode: Decoded nor instruction: 0x7ce928f8
1472250: system.cpu: A0 T0 : 0x1001dc38 @strchr+104    : nor        r9, r7, r5      : IntAlu :  D=0x8080808080808080  flags=(IsInteger)
1472500: global: Decode: Decoded bc instruction: 0x4082005c
1472500: system.cpu: A0 T0 : 0x1001dc3c @strchr+108    : bc         2, 4, 0x1001dc98 : IntAlu :  D=0x00000000100493d0  flags=(IsInteger|IsControl|IsDirectControl|IsCondControl)
1472750: global: Decode: Decoded and instruction: 0x7c0a4839
1472750: system.cpu: A0 T0 : 0x1001dc40 @strchr+112    : and.       r10, r0, r9     : IntAlu :  D=0x0000000028000284  flags=(IsInteger)
1473000: global: Decode: Decoded xor instruction: 0x7c8c2a78
1473000: system.cpu: A0 T0 : 0x1001dc44 @strchr+116    : xor        r12, r4, r5     : IntAlu :  D=0x4a434340004d4641  flags=(IsInteger)
1473250: global: Decode: Decoded add instruction: 0x7c066214
1473250: system.cpu: A0 T0 : 0x1001dc48 @strchr+120    : add        r0, r6, r12     : IntAlu :  D=0x4942423eff4c4540  flags=(IsInteger)
1473500: global: Decode: Decoded nor instruction: 0x7ce960f8
1473500: system.cpu: A0 T0 : 0x1001dc4c @strchr+124    : nor        r9, r7, r12     : IntAlu :  D=0x8080808080808080  flags=(IsInteger)
1473750: global: Decode: Decoded bc instruction: 0x4182ffdc
1473750: system.cpu: A0 T0 : 0x1001dc50 @strchr+128    : bc         2, 12, 0x1001dc2c : IntAlu :  D=0x00000000100493d0  flags=(IsInteger|IsControl|IsDirectControl|IsCondControl)
1474000: global: Decode: Decoded ldu instruction: 0xe8a80009
1474000: system.cpu: A0 T0 : 0x1001dc2c @strchr+92    : ldu        r5, 8(r8)       : MemRead :  D=0x2f706f7765722f6c A=0x7fffffffefa0  flags=(IsInteger|IsLoad)
1474250: global: Decode: Decoded and instruction: 0x7c0b4839
1474250: system.cpu: A0 T0 : 0x1001dc30 @strchr+96    : and.       r11, r0, r9     : IntAlu :  D=0x0000000048000284  flags=(IsInteger)
1474500: global: Decode: Decoded add instruction: 0x7c062a14
1474500: system.cpu: A0 T0 : 0x1001dc34 @strchr+100    : add        r0, r6, r5      : IntAlu :  D=0x2e6f6e7664712e6b  flags=(IsInteger)
1474750: global: Decode: Decoded nor instruction: 0x7ce928f8
1474750: system.cpu: A0 T0 : 0x1001dc38 @strchr+104    : nor        r9, r7, r5      : IntAlu :  D=0x8080808080808080  flags=(IsInteger)
1475000: global: Decode: Decoded bc instruction: 0x4082005c
1475000: system.cpu: A0 T0 : 0x1001dc3c @strchr+108    : bc         2, 4, 0x1001dc98 : IntAlu :  D=0x00000000100493d0  flags=(IsInteger|IsControl|IsDirectControl|IsCondControl)
1475250: global: Decode: Decoded and instruction: 0x7ce06038
1475250: system.cpu: A0 T0 : 0x1001dc98 @strchr+200    : and        r0, r7, r12     : IntAlu :  D=0x4a434340004d4641  flags=(IsInteger)
1475500: global: Decode: Decoded or instruction: 0x7cea6378
1475500: system.cpu: A0 T0 : 0x1001dc9c @strchr+204    : or         r10, r7, r12    : IntAlu :  D=0x7f7f7f7f7f7f7f7f  flags=(IsInteger)
1475750: global: Decode: Decoded add instruction: 0x7c003a14
1475750: system.cpu: A0 T0 : 0x1001dca0 @strchr+208    : add        r0, r0, r7      : IntAlu :  D=0xc9c2c2bf7fccc5c0  flags=(IsInteger)
1476000: global: Decode: Decoded nor instruction: 0x7d4900f8
1476000: system.cpu: A0 T0 : 0x1001dca4 @strchr+212    : nor        r9, r10, r0     : IntAlu :  D=0x0000000080000000  flags=(IsInteger)
1476250: global: Decode: Decoded cntlzd instruction: 0x7d240074
1476250: system.cpu: A0 T0 : 0x1001dca8 @strchr+216    : cntlzd     r4, r9          : IntAlu :  D=0x0000000000000020  flags=(IsInteger)
1476500: global: Decode: Decoded addi instruction: 0x3908fff8
1476500: system.cpu: A0 T0 : 0x1001dcac @strchr+220    : subi       r8, r8, 8       : IntAlu :  D=0x00007fffffffef98  flags=(IsInteger)
1476750: global: Decode: Decoded rldicl instruction: 0x7884e8c2
1476750: system.cpu: A0 T0 : 0x1001dcb0 @strchr+224    : rldicl     r4, r4, 61, 3   : IntAlu :  D=0x0000000000000004  flags=(IsInteger)
1477000: global: Decode: Decoded add instruction: 0x7c682214
1477000: system.cpu: A0 T0 : 0x1001dcb4 @strchr+228    : add        r3, r8, r4      : IntAlu :  D=0x00007fffffffef9c  flags=(IsInteger)
1477250: global: Decode: Decoded bclr instruction: 0x4e800020
1477250: system.cpu: A0 T0 : 0x1001dcb8 @strchr+232    : bclr       0, 20           : IntAlu :  D=0x00000000100493d0  flags=(IsInteger|IsControl|IsIndirectControl|IsCondControl|IsReturn)
1477500: global: Decode: Decoded ori instruction: 0x60000000
1477500: system.cpu: A0 T0 : 0x10049410 @__strrchr_ppc+64    : nop                        : IntAlu :  D=0xc9c2c2bf7fccc5c0  flags=(IsInteger)
1477750: global: Decode: Decoded cmpi instruction: 0x2c230000
1477750: system.cpu: A0 T0 : 0x10049414 @__strrchr_ppc+68    : cmpdi      r3, 0           : IntAlu :  D=0x0000000048000284  flags=(IsInteger)
1478000: global: Decode: Decoded addi instruction: 0x3be30001
1478000: system.cpu: A0 T0 : 0x10049418 @__strrchr_ppc+72    : addi       r31, r3, 1      : IntAlu :  D=0x00007fffffffef9d  flags=(IsInteger)
1478250: global: Decode: Decoded bc instruction: 0x4082ffe4
1478250: system.cpu: A0 T0 : 0x1004941c @__strrchr_ppc+76    : bc         2, 4, 0x10049400 : IntAlu :  D=0x00000000100493d0  flags=(IsInteger|IsControl|IsDirectControl|IsCondControl)
1478500: global: Decode: Decoded or instruction: 0x7c7e1b78
1478500: system.cpu: A0 T0 : 0x10049400 @__strrchr_ppc+48    : mr         r30, r3         : IntAlu :  D=0x00007fffffffef9c  flags=(IsInteger)
1478750: global: Decode: Decoded or instruction: 0x7fe3fb78
1478750: system.cpu: A0 T0 : 0x10049404 @__strrchr_ppc+52    : mr         r3, r31         : IntAlu :  D=0x00007fffffffef9d  flags=(IsInteger)
1479000: global: Decode: Decoded or instruction: 0x7fa4eb78
1479000: system.cpu: A0 T0 : 0x10049408 @__strrchr_ppc+56    : mr         r4, r29         : IntAlu :  D=0x000000000000002f  flags=(IsInteger)
1479250: global: Decode: Decoded b instruction: 0x4bfd47c5
1479250: system.cpu: A0 T0 : 0x1004940c @__strrchr_ppc+60    : bl         index           : IntAlu :  D=0x0000000010049410  flags=(IsInteger|IsControl|IsDirectControl|IsUncondControl)
1479500: global: Decode: Decoded dcbt instruction: 0x7c001a2c
1479500: system.cpu: A0 T0 : 0x1001dbd0 @strchr    : dcbt                       : IntAlu :   flags=()
1479750: global: Decode: Decoded rldimi instruction: 0x7884442c
1479750: system.cpu: A0 T0 : 0x1001dbd4 @strchr+4    : rldimi     r4, r4, 8, 48   : IntAlu :  D=0x0000000000002f2f  flags=(IsInteger)
1480000: global: Decode: Decoded addi instruction: 0x3960ffff
1480000: system.cpu: A0 T0 : 0x1001dbd8 @strchr+8    : li         r11, -1         : IntAlu :  D=0xffffffffffffffff  flags=(IsInteger)
1480250: global: Decode: Decoded rldimi instruction: 0x7884802c
1480250: system.cpu: A0 T0 : 0x1001dbdc @strchr+12    : rldimi     r4, r4, 16, 32  : IntAlu :  D=0x000000002f2f2f2f  flags=(IsInteger)
1480500: global: Decode: Decoded rlwinm instruction: 0x546a1eb8
1480500: system.cpu: A0 T0 : 0x1001dbe0 @strchr+16    : rlwinm     r10, r3, 3, 26, 28 : IntAlu :  D=0x0000000000000028  flags=(IsInteger)
1480750: global: Decode: Decoded rldimi instruction: 0x7884000e
1480750: system.cpu: A0 T0 : 0x1001dbe4 @strchr+20    : rldimi     r4, r4, 32, 0   : IntAlu :  D=0x2f2f2f2f2f2f2f2f  flags=(IsInteger)
1481000: global: Decode: Decoded addis instruction: 0x3cc0feff
1481000: system.cpu: A0 T0 : 0x1001dbe8 @strchr+24    : lis        r6, -257        : IntAlu :  D=0xfffffffffeff0000  flags=(IsInteger)
1481250: global: Decode: Decoded addis instruction: 0x3ce07f7f
1481250: system.cpu: A0 T0 : 0x1001dbec @strchr+28    : lis        r7, 32639       : IntAlu :  D=0x000000007f7f0000  flags=(IsInteger)
1481500: global: Decode: Decoded rldicr instruction: 0x78680724
1481500: system.cpu: A0 T0 : 0x1001dbf0 @strchr+32    : rldicr     r8, r3, 0, 60   : IntAlu :  D=0x00007fffffffef98  flags=(IsInteger)
1481750: global: Decode: Decoded addi instruction: 0x38c6feff
1481750: system.cpu: A0 T0 : 0x1001dbf4 @strchr+36    : subi       r6, r6, 257     : IntAlu :  D=0xfffffffffefefeff  flags=(IsInteger)
1482000: global: Decode: Decoded addi instruction: 0x38e77f7f
1482000: system.cpu: A0 T0 : 0x1001dbf8 @strchr+40    : addi       r7, r7, 32639   : IntAlu :  D=0x000000007f7f7f7f  flags=(IsInteger)
1482250: global: Decode: Decoded rldicr instruction: 0x78c007c6
1482250: system.cpu: A0 T0 : 0x1001dbfc @strchr+44    : rldicr     r0, r6, 32, 31  : IntAlu :  D=0xfefefeff00000000  flags=(IsInteger)
1482500: global: Decode: Decoded rldimi instruction: 0x78e7000e
1482500: system.cpu: A0 T0 : 0x1001dc00 @strchr+48    : rldimi     r7, r7, 32, 0   : IntAlu :  D=0x7f7f7f7f7f7f7f7f  flags=(IsInteger)
1482750: global: Decode: Decoded add instruction: 0x7cc60214
1482750: system.cpu: A0 T0 : 0x1001dc04 @strchr+52    : add        r6, r6, r0      : IntAlu :  D=0xfefefefefefefeff  flags=(IsInteger)
1483000: global: Decode: Decoded ld instruction: 0xe8a80000
1483000: system.cpu: A0 T0 : 0x1001dc08 @strchr+56    : ld         r5, 0(r8)       : MemRead :  D=0x656c6c6f2f62696e A=0x7fffffffef98  flags=(IsInteger|IsLoad)
1483250: global: Decode: Decoded srd instruction: 0x7d6b5436
1483250: system.cpu: A0 T0 : 0x1001dc0c @strchr+60    : srd        r11, r11, r10   : IntAlu :  D=0x0000000000ffffff  flags=(IsInteger)
1483500: global: Decode: Decoded orc instruction: 0x7ca55b38
1483500: system.cpu: A0 T0 : 0x1001dc10 @strchr+64    : orc        r5, r5, r11     : IntAlu :  D=0xffffffffff62696e  flags=(IsInteger)
1483750: global: Decode: Decoded add instruction: 0x7c062a14
1483750: system.cpu: A0 T0 : 0x1001dc14 @strchr+68    : add        r0, r6, r5      : IntAlu :  D=0xfefefefefe61686d  flags=(IsInteger)
1484000: global: Decode: Decoded nor instruction: 0x7ce928f8
1484000: system.cpu: A0 T0 : 0x1001dc18 @strchr+72    : nor        r9, r7, r5      : IntAlu :  D=0x0000000000808080  flags=(IsInteger)
1484250: global: Decode: Decoded and instruction: 0x7c0a4839
1484250: system.cpu: A0 T0 : 0x1001dc1c @strchr+76    : and.       r10, r0, r9     : IntAlu :  D=0x0000000028000284  flags=(IsInteger)
1484500: global: Decode: Decoded xor instruction: 0x7c8c2a78
1484500: system.cpu: A0 T0 : 0x1001dc20 @strchr+80    : xor        r12, r4, r5     : IntAlu :  D=0xd0d0d0d0d04d4641  flags=(IsInteger)
1484750: global: Decode: Decoded orc instruction: 0x7d8c5b38
1484750: system.cpu: A0 T0 : 0x1001dc24 @strchr+84    : orc        r12, r12, r11   : IntAlu :  D=0xffffffffff4d4641  flags=(IsInteger)
1485000: global: Decode: Decoded b instruction: 0x48000020
1485000: system.cpu: A0 T0 : 0x1001dc28 @strchr+88    : b          0x1001dc48      : IntAlu :   flags=(IsControl|IsDirectControl|IsUncondControl)
1485250: global: Decode: Decoded add instruction: 0x7c066214
1485250: system.cpu: A0 T0 : 0x1001dc48 @strchr+120    : add        r0, r6, r12     : IntAlu :  D=0xfefefefefe4c4540  flags=(IsInteger)
1485500: global: Decode: Decoded nor instruction: 0x7ce960f8
1485500: system.cpu: A0 T0 : 0x1001dc4c @strchr+124    : nor        r9, r7, r12     : IntAlu :  D=0x0000000000808080  flags=(IsInteger)
1485750: global: Decode: Decoded bc instruction: 0x4182ffdc
1485750: system.cpu: A0 T0 : 0x1001dc50 @strchr+128    : bc         2, 12, 0x1001dc2c : IntAlu :  D=0x00000000100493d0  flags=(IsInteger|IsControl|IsDirectControl|IsCondControl)
1486000: global: Decode: Decoded ldu instruction: 0xe8a80009
1486000: system.cpu: A0 T0 : 0x1001dc2c @strchr+92    : ldu        r5, 8(r8)       : MemRead :  D=0x2f706f7765722f6c A=0x7fffffffefa0  flags=(IsInteger|IsLoad)
1486250: global: Decode: Decoded and instruction: 0x7c0b4839
1486250: system.cpu: A0 T0 : 0x1001dc30 @strchr+96    : and.       r11, r0, r9     : IntAlu :  D=0x0000000028000284  flags=(IsInteger)
1486500: global: Decode: Decoded add instruction: 0x7c062a14
1486500: system.cpu: A0 T0 : 0x1001dc34 @strchr+100    : add        r0, r6, r5      : IntAlu :  D=0x2e6f6e7664712e6b  flags=(IsInteger)
1486750: global: Decode: Decoded nor instruction: 0x7ce928f8
1486750: system.cpu: A0 T0 : 0x1001dc38 @strchr+104    : nor        r9, r7, r5      : IntAlu :  D=0x8080808080808080  flags=(IsInteger)
1487000: global: Decode: Decoded bc instruction: 0x4082005c
1487000: system.cpu: A0 T0 : 0x1001dc3c @strchr+108    : bc         2, 4, 0x1001dc98 : IntAlu :  D=0x00000000100493d0  flags=(IsInteger|IsControl|IsDirectControl|IsCondControl)
1487250: global: Decode: Decoded and instruction: 0x7c0a4839
1487250: system.cpu: A0 T0 : 0x1001dc40 @strchr+112    : and.       r10, r0, r9     : IntAlu :  D=0x0000000028000284  flags=(IsInteger)
1487500: global: Decode: Decoded xor instruction: 0x7c8c2a78
1487500: system.cpu: A0 T0 : 0x1001dc44 @strchr+116    : xor        r12, r4, r5     : IntAlu :  D=0x005f40584a5d0043  flags=(IsInteger)
1487750: global: Decode: Decoded add instruction: 0x7c066214
1487750: system.cpu: A0 T0 : 0x1001dc48 @strchr+120    : add        r0, r6, r12     : IntAlu :  D=0xff5e3f57495bff42  flags=(IsInteger)
1488000: global: Decode: Decoded nor instruction: 0x7ce960f8
1488000: system.cpu: A0 T0 : 0x1001dc4c @strchr+124    : nor        r9, r7, r12     : IntAlu :  D=0x8080808080808080  flags=(IsInteger)
1488250: global: Decode: Decoded bc instruction: 0x4182ffdc
1488250: system.cpu: A0 T0 : 0x1001dc50 @strchr+128    : bc         2, 12, 0x1001dc2c : IntAlu :  D=0x00000000100493d0  flags=(IsInteger|IsControl|IsDirectControl|IsCondControl)
1488500: global: Decode: Decoded ldu instruction: 0xe8a80009
1488500: system.cpu: A0 T0 : 0x1001dc2c @strchr+92    : ldu        r5, 8(r8)       : MemRead :  D=0x696e75782f68656c A=0x7fffffffefa8  flags=(IsInteger|IsLoad)
1488750: global: Decode: Decoded and instruction: 0x7c0b4839
1488750: system.cpu: A0 T0 : 0x1001dc30 @strchr+96    : and.       r11, r0, r9     : IntAlu :  D=0x0000000088000284  flags=(IsInteger)
1489000: global: Decode: Decoded add instruction: 0x7c062a14
1489000: system.cpu: A0 T0 : 0x1001dc34 @strchr+100    : add        r0, r6, r5      : IntAlu :  D=0x686d74772e67646b  flags=(IsInteger)
1489250: global: Decode: Decoded nor instruction: 0x7ce928f8
1489250: system.cpu: A0 T0 : 0x1001dc38 @strchr+104    : nor        r9, r7, r5      : IntAlu :  D=0x8080808080808080  flags=(IsInteger)
1489500: global: Decode: Decoded bc instruction: 0x4082005c
1489500: system.cpu: A0 T0 : 0x1001dc3c @strchr+108    : bc         2, 4, 0x1001dc98 : IntAlu :  D=0x00000000100493d0  flags=(IsInteger|IsControl|IsDirectControl|IsCondControl)
1489750: global: Decode: Decoded and instruction: 0x7ce06038
1489750: system.cpu: A0 T0 : 0x1001dc98 @strchr+200    : and        r0, r7, r12     : IntAlu :  D=0x005f40584a5d0043  flags=(IsInteger)
1490000: global: Decode: Decoded or instruction: 0x7cea6378
1490000: system.cpu: A0 T0 : 0x1001dc9c @strchr+204    : or         r10, r7, r12    : IntAlu :  D=0x7f7f7f7f7f7f7f7f  flags=(IsInteger)
1490250: global: Decode: Decoded add instruction: 0x7c003a14
1490250: system.cpu: A0 T0 : 0x1001dca0 @strchr+208    : add        r0, r0, r7      : IntAlu :  D=0x7fdebfd7c9dc7fc2  flags=(IsInteger)
1490500: global: Decode: Decoded nor instruction: 0x7d4900f8
1490500: system.cpu: A0 T0 : 0x1001dca4 @strchr+212    : nor        r9, r10, r0     : IntAlu :  D=0x8000000000008000  flags=(IsInteger)
1490750: global: Decode: Decoded cntlzd instruction: 0x7d240074
1490750: system.cpu: A0 T0 : 0x1001dca8 @strchr+216    : cntlzd     r4, r9          : IntAlu :  D=0x0000000000000000  flags=(IsInteger)
1491000: global: Decode: Decoded addi instruction: 0x3908fff8
1491000: system.cpu: A0 T0 : 0x1001dcac @strchr+220    : subi       r8, r8, 8       : IntAlu :  D=0x00007fffffffefa0  flags=(IsInteger)
1491250: global: Decode: Decoded rldicl instruction: 0x7884e8c2
1491250: system.cpu: A0 T0 : 0x1001dcb0 @strchr+224    : rldicl     r4, r4, 61, 3   : IntAlu :  D=0x0000000000000000  flags=(IsInteger)
1491500: global: Decode: Decoded add instruction: 0x7c682214
1491500: system.cpu: A0 T0 : 0x1001dcb4 @strchr+228    : add        r3, r8, r4      : IntAlu :  D=0x00007fffffffefa0  flags=(IsInteger)
1491750: global: Decode: Decoded bclr instruction: 0x4e800020
1491750: system.cpu: A0 T0 : 0x1001dcb8 @strchr+232    : bclr       0, 20           : IntAlu :  D=0x00000000100493d0  flags=(IsInteger|IsControl|IsIndirectControl|IsCondControl|IsReturn)
1492000: global: Decode: Decoded ori instruction: 0x60000000
1492000: system.cpu: A0 T0 : 0x10049410 @__strrchr_ppc+64    : nop                        : IntAlu :  D=0x7fdebfd7c9dc7fc2  flags=(IsInteger)
1492250: global: Decode: Decoded cmpi instruction: 0x2c230000
1492250: system.cpu: A0 T0 : 0x10049414 @__strrchr_ppc+68    : cmpdi      r3, 0           : IntAlu :  D=0x0000000048000284  flags=(IsInteger)
1492500: global: Decode: Decoded addi instruction: 0x3be30001
1492500: system.cpu: A0 T0 : 0x10049418 @__strrchr_ppc+72    : addi       r31, r3, 1      : IntAlu :  D=0x00007fffffffefa1  flags=(IsInteger)
1492750: global: Decode: Decoded bc instruction: 0x4082ffe4
1492750: system.cpu: A0 T0 : 0x1004941c @__strrchr_ppc+76    : bc         2, 4, 0x10049400 : IntAlu :  D=0x00000000100493d0  flags=(IsInteger|IsControl|IsDirectControl|IsCondControl)
1493000: global: Decode: Decoded or instruction: 0x7c7e1b78
1493000: system.cpu: A0 T0 : 0x10049400 @__strrchr_ppc+48    : mr         r30, r3         : IntAlu :  D=0x00007fffffffefa0  flags=(IsInteger)
1493250: global: Decode: Decoded or instruction: 0x7fe3fb78
1493250: system.cpu: A0 T0 : 0x10049404 @__strrchr_ppc+52    : mr         r3, r31         : IntAlu :  D=0x00007fffffffefa1  flags=(IsInteger)
1493500: global: Decode: Decoded or instruction: 0x7fa4eb78
1493500: system.cpu: A0 T0 : 0x10049408 @__strrchr_ppc+56    : mr         r4, r29         : IntAlu :  D=0x000000000000002f  flags=(IsInteger)
1493750: global: Decode: Decoded b instruction: 0x4bfd47c5
1493750: system.cpu: A0 T0 : 0x1004940c @__strrchr_ppc+60    : bl         index           : IntAlu :  D=0x0000000010049410  flags=(IsInteger|IsControl|IsDirectControl|IsUncondControl)
1494000: global: Decode: Decoded dcbt instruction: 0x7c001a2c
1494000: system.cpu: A0 T0 : 0x1001dbd0 @strchr    : dcbt                       : IntAlu :   flags=()
1494250: global: Decode: Decoded rldimi instruction: 0x7884442c
1494250: system.cpu: A0 T0 : 0x1001dbd4 @strchr+4    : rldimi     r4, r4, 8, 48   : IntAlu :  D=0x0000000000002f2f  flags=(IsInteger)
1494500: global: Decode: Decoded addi instruction: 0x3960ffff
1494500: system.cpu: A0 T0 : 0x1001dbd8 @strchr+8    : li         r11, -1         : IntAlu :  D=0xffffffffffffffff  flags=(IsInteger)
1494750: global: Decode: Decoded rldimi instruction: 0x7884802c
1494750: system.cpu: A0 T0 : 0x1001dbdc @strchr+12    : rldimi     r4, r4, 16, 32  : IntAlu :  D=0x000000002f2f2f2f  flags=(IsInteger)
1495000: global: Decode: Decoded rlwinm instruction: 0x546a1eb8
1495000: system.cpu: A0 T0 : 0x1001dbe0 @strchr+16    : rlwinm     r10, r3, 3, 26, 28 : IntAlu :  D=0x0000000000000008  flags=(IsInteger)
1495250: global: Decode: Decoded rldimi instruction: 0x7884000e
1495250: system.cpu: A0 T0 : 0x1001dbe4 @strchr+20    : rldimi     r4, r4, 32, 0   : IntAlu :  D=0x2f2f2f2f2f2f2f2f  flags=(IsInteger)
1495500: global: Decode: Decoded addis instruction: 0x3cc0feff
1495500: system.cpu: A0 T0 : 0x1001dbe8 @strchr+24    : lis        r6, -257        : IntAlu :  D=0xfffffffffeff0000  flags=(IsInteger)
1495750: global: Decode: Decoded addis instruction: 0x3ce07f7f
1495750: system.cpu: A0 T0 : 0x1001dbec @strchr+28    : lis        r7, 32639       : IntAlu :  D=0x000000007f7f0000  flags=(IsInteger)
1496000: global: Decode: Decoded rldicr instruction: 0x78680724
1496000: system.cpu: A0 T0 : 0x1001dbf0 @strchr+32    : rldicr     r8, r3, 0, 60   : IntAlu :  D=0x00007fffffffefa0  flags=(IsInteger)
1496250: global: Decode: Decoded addi instruction: 0x38c6feff
1496250: system.cpu: A0 T0 : 0x1001dbf4 @strchr+36    : subi       r6, r6, 257     : IntAlu :  D=0xfffffffffefefeff  flags=(IsInteger)
1496500: global: Decode: Decoded addi instruction: 0x38e77f7f
1496500: system.cpu: A0 T0 : 0x1001dbf8 @strchr+40    : addi       r7, r7, 32639   : IntAlu :  D=0x000000007f7f7f7f  flags=(IsInteger)
1496750: global: Decode: Decoded rldicr instruction: 0x78c007c6
1496750: system.cpu: A0 T0 : 0x1001dbfc @strchr+44    : rldicr     r0, r6, 32, 31  : IntAlu :  D=0xfefefeff00000000  flags=(IsInteger)
1497000: global: Decode: Decoded rldimi instruction: 0x78e7000e
1497000: system.cpu: A0 T0 : 0x1001dc00 @strchr+48    : rldimi     r7, r7, 32, 0   : IntAlu :  D=0x7f7f7f7f7f7f7f7f  flags=(IsInteger)
1497250: global: Decode: Decoded add instruction: 0x7cc60214
1497250: system.cpu: A0 T0 : 0x1001dc04 @strchr+52    : add        r6, r6, r0      : IntAlu :  D=0xfefefefefefefeff  flags=(IsInteger)
1497500: global: Decode: Decoded ld instruction: 0xe8a80000
1497500: system.cpu: A0 T0 : 0x1001dc08 @strchr+56    : ld         r5, 0(r8)       : MemRead :  D=0x2f706f7765722f6c A=0x7fffffffefa0  flags=(IsInteger|IsLoad)
1497750: global: Decode: Decoded srd instruction: 0x7d6b5436
1497750: system.cpu: A0 T0 : 0x1001dc0c @strchr+60    : srd        r11, r11, r10   : IntAlu :  D=0x00ffffffffffffff  flags=(IsInteger)
1498000: global: Decode: Decoded orc instruction: 0x7ca55b38
1498000: system.cpu: A0 T0 : 0x1001dc10 @strchr+64    : orc        r5, r5, r11     : IntAlu :  D=0xff706f7765722f6c  flags=(IsInteger)
1498250: global: Decode: Decoded add instruction: 0x7c062a14
1498250: system.cpu: A0 T0 : 0x1001dc14 @strchr+68    : add        r0, r6, r5      : IntAlu :  D=0xfe6f6e7664712e6b  flags=(IsInteger)
1498500: global: Decode: Decoded nor instruction: 0x7ce928f8
1498500: system.cpu: A0 T0 : 0x1001dc18 @strchr+72    : nor        r9, r7, r5      : IntAlu :  D=0x0080808080808080  flags=(IsInteger)
1498750: global: Decode: Decoded and instruction: 0x7c0a4839
1498750: system.cpu: A0 T0 : 0x1001dc1c @strchr+76    : and.       r10, r0, r9     : IntAlu :  D=0x0000000028000284  flags=(IsInteger)
1499000: global: Decode: Decoded xor instruction: 0x7c8c2a78
1499000: system.cpu: A0 T0 : 0x1001dc20 @strchr+80    : xor        r12, r4, r5     : IntAlu :  D=0xd05f40584a5d0043  flags=(IsInteger)
1499250: global: Decode: Decoded orc instruction: 0x7d8c5b38
1499250: system.cpu: A0 T0 : 0x1001dc24 @strchr+84    : orc        r12, r12, r11   : IntAlu :  D=0xff5f40584a5d0043  flags=(IsInteger)
1499500: global: Decode: Decoded b instruction: 0x48000020
1499500: system.cpu: A0 T0 : 0x1001dc28 @strchr+88    : b          0x1001dc48      : IntAlu :   flags=(IsControl|IsDirectControl|IsUncondControl)
1499750: global: Decode: Decoded add instruction: 0x7c066214
1499750: system.cpu: A0 T0 : 0x1001dc48 @strchr+120    : add        r0, r6, r12     : IntAlu :  D=0xfe5e3f57495bff42  flags=(IsInteger)
1500000: global: Decode: Decoded nor instruction: 0x7ce960f8
1500000: system.cpu: A0 T0 : 0x1001dc4c @strchr+124    : nor        r9, r7, r12     : IntAlu :  D=0x0080808080808080  flags=(IsInteger)
1500250: global: Decode: Decoded bc instruction: 0x4182ffdc
1500250: system.cpu: A0 T0 : 0x1001dc50 @strchr+128    : bc         2, 12, 0x1001dc2c : IntAlu :  D=0x00000000100493d0  flags=(IsInteger|IsControl|IsDirectControl|IsCondControl)
1500500: global: Decode: Decoded ldu instruction: 0xe8a80009
1500500: system.cpu: A0 T0 : 0x1001dc2c @strchr+92    : ldu        r5, 8(r8)       : MemRead :  D=0x696e75782f68656c A=0x7fffffffefa8  flags=(IsInteger|IsLoad)
1500750: global: Decode: Decoded and instruction: 0x7c0b4839
1500750: system.cpu: A0 T0 : 0x1001dc30 @strchr+96    : and.       r11, r0, r9     : IntAlu :  D=0x0000000048000284  flags=(IsInteger)
1501000: global: Decode: Decoded add instruction: 0x7c062a14
1501000: system.cpu: A0 T0 : 0x1001dc34 @strchr+100    : add        r0, r6, r5      : IntAlu :  D=0x686d74772e67646b  flags=(IsInteger)
1501250: global: Decode: Decoded nor instruction: 0x7ce928f8
1501250: system.cpu: A0 T0 : 0x1001dc38 @strchr+104    : nor        r9, r7, r5      : IntAlu :  D=0x8080808080808080  flags=(IsInteger)
1501500: global: Decode: Decoded bc instruction: 0x4082005c
1501500: system.cpu: A0 T0 : 0x1001dc3c @strchr+108    : bc         2, 4, 0x1001dc98 : IntAlu :  D=0x00000000100493d0  flags=(IsInteger|IsControl|IsDirectControl|IsCondControl)
1501750: global: Decode: Decoded and instruction: 0x7ce06038
1501750: system.cpu: A0 T0 : 0x1001dc98 @strchr+200    : and        r0, r7, r12     : IntAlu :  D=0x7f5f40584a5d0043  flags=(IsInteger)
1502000: global: Decode: Decoded or instruction: 0x7cea6378
1502000: system.cpu: A0 T0 : 0x1001dc9c @strchr+204    : or         r10, r7, r12    : IntAlu :  D=0xff7f7f7f7f7f7f7f  flags=(IsInteger)
1502250: global: Decode: Decoded add instruction: 0x7c003a14
1502250: system.cpu: A0 T0 : 0x1001dca0 @strchr+208    : add        r0, r0, r7      : IntAlu :  D=0xfedebfd7c9dc7fc2  flags=(IsInteger)
1502500: global: Decode: Decoded nor instruction: 0x7d4900f8
1502500: system.cpu: A0 T0 : 0x1001dca4 @strchr+212    : nor        r9, r10, r0     : IntAlu :  D=0x0000000000008000  flags=(IsInteger)
1502750: global: Decode: Decoded cntlzd instruction: 0x7d240074
1502750: system.cpu: A0 T0 : 0x1001dca8 @strchr+216    : cntlzd     r4, r9          : IntAlu :  D=0x0000000000000030  flags=(IsInteger)
1503000: global: Decode: Decoded addi instruction: 0x3908fff8
1503000: system.cpu: A0 T0 : 0x1001dcac @strchr+220    : subi       r8, r8, 8       : IntAlu :  D=0x00007fffffffefa0  flags=(IsInteger)
1503250: global: Decode: Decoded rldicl instruction: 0x7884e8c2
1503250: system.cpu: A0 T0 : 0x1001dcb0 @strchr+224    : rldicl     r4, r4, 61, 3   : IntAlu :  D=0x0000000000000006  flags=(IsInteger)
1503500: global: Decode: Decoded add instruction: 0x7c682214
1503500: system.cpu: A0 T0 : 0x1001dcb4 @strchr+228    : add        r3, r8, r4      : IntAlu :  D=0x00007fffffffefa6  flags=(IsInteger)
1503750: global: Decode: Decoded bclr instruction: 0x4e800020
1503750: system.cpu: A0 T0 : 0x1001dcb8 @strchr+232    : bclr       0, 20           : IntAlu :  D=0x00000000100493d0  flags=(IsInteger|IsControl|IsIndirectControl|IsCondControl|IsReturn)
1504000: global: Decode: Decoded ori instruction: 0x60000000
1504000: system.cpu: A0 T0 : 0x10049410 @__strrchr_ppc+64    : nop                        : IntAlu :  D=0xfedebfd7c9dc7fc2  flags=(IsInteger)
1504250: global: Decode: Decoded cmpi instruction: 0x2c230000
1504250: system.cpu: A0 T0 : 0x10049414 @__strrchr_ppc+68    : cmpdi      r3, 0           : IntAlu :  D=0x0000000048000284  flags=(IsInteger)
1504500: global: Decode: Decoded addi instruction: 0x3be30001
1504500: system.cpu: A0 T0 : 0x10049418 @__strrchr_ppc+72    : addi       r31, r3, 1      : IntAlu :  D=0x00007fffffffefa7  flags=(IsInteger)
1504750: global: Decode: Decoded bc instruction: 0x4082ffe4
1504750: system.cpu: A0 T0 : 0x1004941c @__strrchr_ppc+76    : bc         2, 4, 0x10049400 : IntAlu :  D=0x00000000100493d0  flags=(IsInteger|IsControl|IsDirectControl|IsCondControl)
1505000: global: Decode: Decoded or instruction: 0x7c7e1b78
1505000: system.cpu: A0 T0 : 0x10049400 @__strrchr_ppc+48    : mr         r30, r3         : IntAlu :  D=0x00007fffffffefa6  flags=(IsInteger)
1505250: global: Decode: Decoded or instruction: 0x7fe3fb78
1505250: system.cpu: A0 T0 : 0x10049404 @__strrchr_ppc+52    : mr         r3, r31         : IntAlu :  D=0x00007fffffffefa7  flags=(IsInteger)
1505500: global: Decode: Decoded or instruction: 0x7fa4eb78
1505500: system.cpu: A0 T0 : 0x10049408 @__strrchr_ppc+56    : mr         r4, r29         : IntAlu :  D=0x000000000000002f  flags=(IsInteger)
1505750: global: Decode: Decoded b instruction: 0x4bfd47c5
1505750: system.cpu: A0 T0 : 0x1004940c @__strrchr_ppc+60    : bl         index           : IntAlu :  D=0x0000000010049410  flags=(IsInteger|IsControl|IsDirectControl|IsUncondControl)
1506000: global: Decode: Decoded dcbt instruction: 0x7c001a2c
1506000: system.cpu: A0 T0 : 0x1001dbd0 @strchr    : dcbt                       : IntAlu :   flags=()
1506250: global: Decode: Decoded rldimi instruction: 0x7884442c
1506250: system.cpu: A0 T0 : 0x1001dbd4 @strchr+4    : rldimi     r4, r4, 8, 48   : IntAlu :  D=0x0000000000002f2f  flags=(IsInteger)
1506500: global: Decode: Decoded addi instruction: 0x3960ffff
1506500: system.cpu: A0 T0 : 0x1001dbd8 @strchr+8    : li         r11, -1         : IntAlu :  D=0xffffffffffffffff  flags=(IsInteger)
1506750: global: Decode: Decoded rldimi instruction: 0x7884802c
1506750: system.cpu: A0 T0 : 0x1001dbdc @strchr+12    : rldimi     r4, r4, 16, 32  : IntAlu :  D=0x000000002f2f2f2f  flags=(IsInteger)
1507000: global: Decode: Decoded rlwinm instruction: 0x546a1eb8
1507000: system.cpu: A0 T0 : 0x1001dbe0 @strchr+16    : rlwinm     r10, r3, 3, 26, 28 : IntAlu :  D=0x0000000000000038  flags=(IsInteger)
1507250: global: Decode: Decoded rldimi instruction: 0x7884000e
1507250: system.cpu: A0 T0 : 0x1001dbe4 @strchr+20    : rldimi     r4, r4, 32, 0   : IntAlu :  D=0x2f2f2f2f2f2f2f2f  flags=(IsInteger)
1507500: global: Decode: Decoded addis instruction: 0x3cc0feff
1507500: system.cpu: A0 T0 : 0x1001dbe8 @strchr+24    : lis        r6, -257        : IntAlu :  D=0xfffffffffeff0000  flags=(IsInteger)
1507750: global: Decode: Decoded addis instruction: 0x3ce07f7f
1507750: system.cpu: A0 T0 : 0x1001dbec @strchr+28    : lis        r7, 32639       : IntAlu :  D=0x000000007f7f0000  flags=(IsInteger)
1508000: global: Decode: Decoded rldicr instruction: 0x78680724
1508000: system.cpu: A0 T0 : 0x1001dbf0 @strchr+32    : rldicr     r8, r3, 0, 60   : IntAlu :  D=0x00007fffffffefa0  flags=(IsInteger)
1508250: global: Decode: Decoded addi instruction: 0x38c6feff
1508250: system.cpu: A0 T0 : 0x1001dbf4 @strchr+36    : subi       r6, r6, 257     : IntAlu :  D=0xfffffffffefefeff  flags=(IsInteger)
1508500: global: Decode: Decoded addi instruction: 0x38e77f7f
1508500: system.cpu: A0 T0 : 0x1001dbf8 @strchr+40    : addi       r7, r7, 32639   : IntAlu :  D=0x000000007f7f7f7f  flags=(IsInteger)
1508750: global: Decode: Decoded rldicr instruction: 0x78c007c6
1508750: system.cpu: A0 T0 : 0x1001dbfc @strchr+44    : rldicr     r0, r6, 32, 31  : IntAlu :  D=0xfefefeff00000000  flags=(IsInteger)
1509000: global: Decode: Decoded rldimi instruction: 0x78e7000e
1509000: system.cpu: A0 T0 : 0x1001dc00 @strchr+48    : rldimi     r7, r7, 32, 0   : IntAlu :  D=0x7f7f7f7f7f7f7f7f  flags=(IsInteger)
1509250: global: Decode: Decoded add instruction: 0x7cc60214
1509250: system.cpu: A0 T0 : 0x1001dc04 @strchr+52    : add        r6, r6, r0      : IntAlu :  D=0xfefefefefefefeff  flags=(IsInteger)
1509500: global: Decode: Decoded ld instruction: 0xe8a80000
1509500: system.cpu: A0 T0 : 0x1001dc08 @strchr+56    : ld         r5, 0(r8)       : MemRead :  D=0x2f706f7765722f6c A=0x7fffffffefa0  flags=(IsInteger|IsLoad)
1509750: global: Decode: Decoded srd instruction: 0x7d6b5436
1509750: system.cpu: A0 T0 : 0x1001dc0c @strchr+60    : srd        r11, r11, r10   : IntAlu :  D=0x00000000000000ff  flags=(IsInteger)
1510000: global: Decode: Decoded orc instruction: 0x7ca55b38
1510000: system.cpu: A0 T0 : 0x1001dc10 @strchr+64    : orc        r5, r5, r11     : IntAlu :  D=0xffffffffffffff6c  flags=(IsInteger)
1510250: global: Decode: Decoded add instruction: 0x7c062a14
1510250: system.cpu: A0 T0 : 0x1001dc14 @strchr+68    : add        r0, r6, r5      : IntAlu :  D=0xfefefefefefefe6b  flags=(IsInteger)
1510500: global: Decode: Decoded nor instruction: 0x7ce928f8
1510500: system.cpu: A0 T0 : 0x1001dc18 @strchr+72    : nor        r9, r7, r5      : IntAlu :  D=0x0000000000000080  flags=(IsInteger)
1510750: global: Decode: Decoded and instruction: 0x7c0a4839
1510750: system.cpu: A0 T0 : 0x1001dc1c @strchr+76    : and.       r10, r0, r9     : IntAlu :  D=0x0000000028000284  flags=(IsInteger)
1511000: global: Decode: Decoded xor instruction: 0x7c8c2a78
1511000: system.cpu: A0 T0 : 0x1001dc20 @strchr+80    : xor        r12, r4, r5     : IntAlu :  D=0xd0d0d0d0d0d0d043  flags=(IsInteger)
1511250: global: Decode: Decoded orc instruction: 0x7d8c5b38
1511250: system.cpu: A0 T0 : 0x1001dc24 @strchr+84    : orc        r12, r12, r11   : IntAlu :  D=0xffffffffffffff43  flags=(IsInteger)
1511500: global: Decode: Decoded b instruction: 0x48000020
1511500: system.cpu: A0 T0 : 0x1001dc28 @strchr+88    : b          0x1001dc48      : IntAlu :   flags=(IsControl|IsDirectControl|IsUncondControl)
1511750: global: Decode: Decoded add instruction: 0x7c066214
1511750: system.cpu: A0 T0 : 0x1001dc48 @strchr+120    : add        r0, r6, r12     : IntAlu :  D=0xfefefefefefefe42  flags=(IsInteger)
1512000: global: Decode: Decoded nor instruction: 0x7ce960f8
1512000: system.cpu: A0 T0 : 0x1001dc4c @strchr+124    : nor        r9, r7, r12     : IntAlu :  D=0x0000000000000080  flags=(IsInteger)
1512250: global: Decode: Decoded bc instruction: 0x4182ffdc
1512250: system.cpu: A0 T0 : 0x1001dc50 @strchr+128    : bc         2, 12, 0x1001dc2c : IntAlu :  D=0x00000000100493d0  flags=(IsInteger|IsControl|IsDirectControl|IsCondControl)
1512500: global: Decode: Decoded ldu instruction: 0xe8a80009
1512500: system.cpu: A0 T0 : 0x1001dc2c @strchr+92    : ldu        r5, 8(r8)       : MemRead :  D=0x696e75782f68656c A=0x7fffffffefa8  flags=(IsInteger|IsLoad)
1512750: global: Decode: Decoded and instruction: 0x7c0b4839
1512750: system.cpu: A0 T0 : 0x1001dc30 @strchr+96    : and.       r11, r0, r9     : IntAlu :  D=0x0000000028000284  flags=(IsInteger)
1513000: global: Decode: Decoded add instruction: 0x7c062a14
1513000: system.cpu: A0 T0 : 0x1001dc34 @strchr+100    : add        r0, r6, r5      : IntAlu :  D=0x686d74772e67646b  flags=(IsInteger)
1513250: global: Decode: Decoded nor instruction: 0x7ce928f8
1513250: system.cpu: A0 T0 : 0x1001dc38 @strchr+104    : nor        r9, r7, r5      : IntAlu :  D=0x8080808080808080  flags=(IsInteger)
1513500: global: Decode: Decoded bc instruction: 0x4082005c
1513500: system.cpu: A0 T0 : 0x1001dc3c @strchr+108    : bc         2, 4, 0x1001dc98 : IntAlu :  D=0x00000000100493d0  flags=(IsInteger|IsControl|IsDirectControl|IsCondControl)
1513750: global: Decode: Decoded and instruction: 0x7c0a4839
1513750: system.cpu: A0 T0 : 0x1001dc40 @strchr+112    : and.       r10, r0, r9     : IntAlu :  D=0x0000000028000284  flags=(IsInteger)
1514000: global: Decode: Decoded xor instruction: 0x7c8c2a78
1514000: system.cpu: A0 T0 : 0x1001dc44 @strchr+116    : xor        r12, r4, r5     : IntAlu :  D=0x46415a5700474a43  flags=(IsInteger)
1514250: global: Decode: Decoded add instruction: 0x7c066214
1514250: system.cpu: A0 T0 : 0x1001dc48 @strchr+120    : add        r0, r6, r12     : IntAlu :  D=0x45405955ff464942  flags=(IsInteger)
1514500: global: Decode: Decoded nor instruction: 0x7ce960f8
1514500: system.cpu: A0 T0 : 0x1001dc4c @strchr+124    : nor        r9, r7, r12     : IntAlu :  D=0x8080808080808080  flags=(IsInteger)
1514750: global: Decode: Decoded bc instruction: 0x4182ffdc
1514750: system.cpu: A0 T0 : 0x1001dc50 @strchr+128    : bc         2, 12, 0x1001dc2c : IntAlu :  D=0x00000000100493d0  flags=(IsInteger|IsControl|IsDirectControl|IsCondControl)
1515000: global: Decode: Decoded ldu instruction: 0xe8a80009
1515000: system.cpu: A0 T0 : 0x1001dc2c @strchr+92    : ldu        r5, 8(r8)       : MemRead :  D=0x6c6f363462650074 A=0x7fffffffefb0  flags=(IsInteger|IsLoad)
1515250: global: Decode: Decoded and instruction: 0x7c0b4839
1515250: system.cpu: A0 T0 : 0x1001dc30 @strchr+96    : and.       r11, r0, r9     : IntAlu :  D=0x0000000048000284  flags=(IsInteger)
1515500: global: Decode: Decoded add instruction: 0x7c062a14
1515500: system.cpu: A0 T0 : 0x1001dc34 @strchr+100    : add        r0, r6, r5      : IntAlu :  D=0x6b6e35336163ff73  flags=(IsInteger)
1515750: global: Decode: Decoded nor instruction: 0x7ce928f8
1515750: system.cpu: A0 T0 : 0x1001dc38 @strchr+104    : nor        r9, r7, r5      : IntAlu :  D=0x8080808080808080  flags=(IsInteger)
1516000: global: Decode: Decoded bc instruction: 0x4082005c
1516000: system.cpu: A0 T0 : 0x1001dc3c @strchr+108    : bc         2, 4, 0x1001dc98 : IntAlu :  D=0x00000000100493d0  flags=(IsInteger|IsControl|IsDirectControl|IsCondControl)
1516250: global: Decode: Decoded and instruction: 0x7ce06038
1516250: system.cpu: A0 T0 : 0x1001dc98 @strchr+200    : and        r0, r7, r12     : IntAlu :  D=0x46415a5700474a43  flags=(IsInteger)
1516500: global: Decode: Decoded or instruction: 0x7cea6378
1516500: system.cpu: A0 T0 : 0x1001dc9c @strchr+204    : or         r10, r7, r12    : IntAlu :  D=0x7f7f7f7f7f7f7f7f  flags=(IsInteger)
1516750: global: Decode: Decoded add instruction: 0x7c003a14
1516750: system.cpu: A0 T0 : 0x1001dca0 @strchr+208    : add        r0, r0, r7      : IntAlu :  D=0xc5c0d9d67fc6c9c2  flags=(IsInteger)
1517000: global: Decode: Decoded nor instruction: 0x7d4900f8
1517000: system.cpu: A0 T0 : 0x1001dca4 @strchr+212    : nor        r9, r10, r0     : IntAlu :  D=0x0000000080000000  flags=(IsInteger)
1517250: global: Decode: Decoded cntlzd instruction: 0x7d240074
1517250: system.cpu: A0 T0 : 0x1001dca8 @strchr+216    : cntlzd     r4, r9          : IntAlu :  D=0x0000000000000020  flags=(IsInteger)
1517500: global: Decode: Decoded addi instruction: 0x3908fff8
1517500: system.cpu: A0 T0 : 0x1001dcac @strchr+220    : subi       r8, r8, 8       : IntAlu :  D=0x00007fffffffefa8  flags=(IsInteger)
1517750: global: Decode: Decoded rldicl instruction: 0x7884e8c2
1517750: system.cpu: A0 T0 : 0x1001dcb0 @strchr+224    : rldicl     r4, r4, 61, 3   : IntAlu :  D=0x0000000000000004  flags=(IsInteger)
1518000: global: Decode: Decoded add instruction: 0x7c682214
1518000: system.cpu: A0 T0 : 0x1001dcb4 @strchr+228    : add        r3, r8, r4      : IntAlu :  D=0x00007fffffffefac  flags=(IsInteger)
1518250: global: Decode: Decoded bclr instruction: 0x4e800020
1518250: system.cpu: A0 T0 : 0x1001dcb8 @strchr+232    : bclr       0, 20           : IntAlu :  D=0x00000000100493d0  flags=(IsInteger|IsControl|IsIndirectControl|IsCondControl|IsReturn)
1518500: global: Decode: Decoded ori instruction: 0x60000000
1518500: system.cpu: A0 T0 : 0x10049410 @__strrchr_ppc+64    : nop                        : IntAlu :  D=0xc5c0d9d67fc6c9c2  flags=(IsInteger)
1518750: global: Decode: Decoded cmpi instruction: 0x2c230000
1518750: system.cpu: A0 T0 : 0x10049414 @__strrchr_ppc+68    : cmpdi      r3, 0           : IntAlu :  D=0x0000000048000284  flags=(IsInteger)
1519000: global: Decode: Decoded addi instruction: 0x3be30001
1519000: system.cpu: A0 T0 : 0x10049418 @__strrchr_ppc+72    : addi       r31, r3, 1      : IntAlu :  D=0x00007fffffffefad  flags=(IsInteger)
1519250: global: Decode: Decoded bc instruction: 0x4082ffe4
1519250: system.cpu: A0 T0 : 0x1004941c @__strrchr_ppc+76    : bc         2, 4, 0x10049400 : IntAlu :  D=0x00000000100493d0  flags=(IsInteger|IsControl|IsDirectControl|IsCondControl)
1519500: global: Decode: Decoded or instruction: 0x7c7e1b78
1519500: system.cpu: A0 T0 : 0x10049400 @__strrchr_ppc+48    : mr         r30, r3         : IntAlu :  D=0x00007fffffffefac  flags=(IsInteger)
1519750: global: Decode: Decoded or instruction: 0x7fe3fb78
1519750: system.cpu: A0 T0 : 0x10049404 @__strrchr_ppc+52    : mr         r3, r31         : IntAlu :  D=0x00007fffffffefad  flags=(IsInteger)
1520000: global: Decode: Decoded or instruction: 0x7fa4eb78
1520000: system.cpu: A0 T0 : 0x10049408 @__strrchr_ppc+56    : mr         r4, r29         : IntAlu :  D=0x000000000000002f  flags=(IsInteger)
1520250: global: Decode: Decoded b instruction: 0x4bfd47c5
1520250: system.cpu: A0 T0 : 0x1004940c @__strrchr_ppc+60    : bl         index           : IntAlu :  D=0x0000000010049410  flags=(IsInteger|IsControl|IsDirectControl|IsUncondControl)
1520500: global: Decode: Decoded dcbt instruction: 0x7c001a2c
1520500: system.cpu: A0 T0 : 0x1001dbd0 @strchr    : dcbt                       : IntAlu :   flags=()
1520750: global: Decode: Decoded rldimi instruction: 0x7884442c
1520750: system.cpu: A0 T0 : 0x1001dbd4 @strchr+4    : rldimi     r4, r4, 8, 48   : IntAlu :  D=0x0000000000002f2f  flags=(IsInteger)
1521000: global: Decode: Decoded addi instruction: 0x3960ffff
1521000: system.cpu: A0 T0 : 0x1001dbd8 @strchr+8    : li         r11, -1         : IntAlu :  D=0xffffffffffffffff  flags=(IsInteger)
1521250: global: Decode: Decoded rldimi instruction: 0x7884802c
1521250: system.cpu: A0 T0 : 0x1001dbdc @strchr+12    : rldimi     r4, r4, 16, 32  : IntAlu :  D=0x000000002f2f2f2f  flags=(IsInteger)
1521500: global: Decode: Decoded rlwinm instruction: 0x546a1eb8
1521500: system.cpu: A0 T0 : 0x1001dbe0 @strchr+16    : rlwinm     r10, r3, 3, 26, 28 : IntAlu :  D=0x0000000000000028  flags=(IsInteger)
1521750: global: Decode: Decoded rldimi instruction: 0x7884000e
1521750: system.cpu: A0 T0 : 0x1001dbe4 @strchr+20    : rldimi     r4, r4, 32, 0   : IntAlu :  D=0x2f2f2f2f2f2f2f2f  flags=(IsInteger)
1522000: global: Decode: Decoded addis instruction: 0x3cc0feff
1522000: system.cpu: A0 T0 : 0x1001dbe8 @strchr+24    : lis        r6, -257        : IntAlu :  D=0xfffffffffeff0000  flags=(IsInteger)
1522250: global: Decode: Decoded addis instruction: 0x3ce07f7f
1522250: system.cpu: A0 T0 : 0x1001dbec @strchr+28    : lis        r7, 32639       : IntAlu :  D=0x000000007f7f0000  flags=(IsInteger)
1522500: global: Decode: Decoded rldicr instruction: 0x78680724
1522500: system.cpu: A0 T0 : 0x1001dbf0 @strchr+32    : rldicr     r8, r3, 0, 60   : IntAlu :  D=0x00007fffffffefa8  flags=(IsInteger)
1522750: global: Decode: Decoded addi instruction: 0x38c6feff
1522750: system.cpu: A0 T0 : 0x1001dbf4 @strchr+36    : subi       r6, r6, 257     : IntAlu :  D=0xfffffffffefefeff  flags=(IsInteger)
1523000: global: Decode: Decoded addi instruction: 0x38e77f7f
1523000: system.cpu: A0 T0 : 0x1001dbf8 @strchr+40    : addi       r7, r7, 32639   : IntAlu :  D=0x000000007f7f7f7f  flags=(IsInteger)
1523250: global: Decode: Decoded rldicr instruction: 0x78c007c6
1523250: system.cpu: A0 T0 : 0x1001dbfc @strchr+44    : rldicr     r0, r6, 32, 31  : IntAlu :  D=0xfefefeff00000000  flags=(IsInteger)
1523500: global: Decode: Decoded rldimi instruction: 0x78e7000e
1523500: system.cpu: A0 T0 : 0x1001dc00 @strchr+48    : rldimi     r7, r7, 32, 0   : IntAlu :  D=0x7f7f7f7f7f7f7f7f  flags=(IsInteger)
1523750: global: Decode: Decoded add instruction: 0x7cc60214
1523750: system.cpu: A0 T0 : 0x1001dc04 @strchr+52    : add        r6, r6, r0      : IntAlu :  D=0xfefefefefefefeff  flags=(IsInteger)
1524000: global: Decode: Decoded ld instruction: 0xe8a80000
1524000: system.cpu: A0 T0 : 0x1001dc08 @strchr+56    : ld         r5, 0(r8)       : MemRead :  D=0x696e75782f68656c A=0x7fffffffefa8  flags=(IsInteger|IsLoad)
1524250: global: Decode: Decoded srd instruction: 0x7d6b5436
1524250: system.cpu: A0 T0 : 0x1001dc0c @strchr+60    : srd        r11, r11, r10   : IntAlu :  D=0x0000000000ffffff  flags=(IsInteger)
1524500: global: Decode: Decoded orc instruction: 0x7ca55b38
1524500: system.cpu: A0 T0 : 0x1001dc10 @strchr+64    : orc        r5, r5, r11     : IntAlu :  D=0xffffffffff68656c  flags=(IsInteger)
1524750: global: Decode: Decoded add instruction: 0x7c062a14
1524750: system.cpu: A0 T0 : 0x1001dc14 @strchr+68    : add        r0, r6, r5      : IntAlu :  D=0xfefefefefe67646b  flags=(IsInteger)
1525000: global: Decode: Decoded nor instruction: 0x7ce928f8
1525000: system.cpu: A0 T0 : 0x1001dc18 @strchr+72    : nor        r9, r7, r5      : IntAlu :  D=0x0000000000808080  flags=(IsInteger)
1525250: global: Decode: Decoded and instruction: 0x7c0a4839
1525250: system.cpu: A0 T0 : 0x1001dc1c @strchr+76    : and.       r10, r0, r9     : IntAlu :  D=0x0000000028000284  flags=(IsInteger)
1525500: global: Decode: Decoded xor instruction: 0x7c8c2a78
1525500: system.cpu: A0 T0 : 0x1001dc20 @strchr+80    : xor        r12, r4, r5     : IntAlu :  D=0xd0d0d0d0d0474a43  flags=(IsInteger)
1525750: global: Decode: Decoded orc instruction: 0x7d8c5b38
1525750: system.cpu: A0 T0 : 0x1001dc24 @strchr+84    : orc        r12, r12, r11   : IntAlu :  D=0xffffffffff474a43  flags=(IsInteger)
1526000: global: Decode: Decoded b instruction: 0x48000020
1526000: system.cpu: A0 T0 : 0x1001dc28 @strchr+88    : b          0x1001dc48      : IntAlu :   flags=(IsControl|IsDirectControl|IsUncondControl)
1526250: global: Decode: Decoded add instruction: 0x7c066214
1526250: system.cpu: A0 T0 : 0x1001dc48 @strchr+120    : add        r0, r6, r12     : IntAlu :  D=0xfefefefefe464942  flags=(IsInteger)
1526500: global: Decode: Decoded nor instruction: 0x7ce960f8
1526500: system.cpu: A0 T0 : 0x1001dc4c @strchr+124    : nor        r9, r7, r12     : IntAlu :  D=0x0000000000808080  flags=(IsInteger)
1526750: global: Decode: Decoded bc instruction: 0x4182ffdc
1526750: system.cpu: A0 T0 : 0x1001dc50 @strchr+128    : bc         2, 12, 0x1001dc2c : IntAlu :  D=0x00000000100493d0  flags=(IsInteger|IsControl|IsDirectControl|IsCondControl)
1527000: global: Decode: Decoded ldu instruction: 0xe8a80009
1527000: system.cpu: A0 T0 : 0x1001dc2c @strchr+92    : ldu        r5, 8(r8)       : MemRead :  D=0x6c6f363462650074 A=0x7fffffffefb0  flags=(IsInteger|IsLoad)
1527250: global: Decode: Decoded and instruction: 0x7c0b4839
1527250: system.cpu: A0 T0 : 0x1001dc30 @strchr+96    : and.       r11, r0, r9     : IntAlu :  D=0x0000000028000284  flags=(IsInteger)
1527500: global: Decode: Decoded add instruction: 0x7c062a14
1527500: system.cpu: A0 T0 : 0x1001dc34 @strchr+100    : add        r0, r6, r5      : IntAlu :  D=0x6b6e35336163ff73  flags=(IsInteger)
1527750: global: Decode: Decoded nor instruction: 0x7ce928f8
1527750: system.cpu: A0 T0 : 0x1001dc38 @strchr+104    : nor        r9, r7, r5      : IntAlu :  D=0x8080808080808080  flags=(IsInteger)
1528000: global: Decode: Decoded bc instruction: 0x4082005c
1528000: system.cpu: A0 T0 : 0x1001dc3c @strchr+108    : bc         2, 4, 0x1001dc98 : IntAlu :  D=0x00000000100493d0  flags=(IsInteger|IsControl|IsDirectControl|IsCondControl)
1528250: global: Decode: Decoded and instruction: 0x7c0a4839
1528250: system.cpu: A0 T0 : 0x1001dc40 @strchr+112    : and.       r10, r0, r9     : IntAlu :  D=0x0000000048000284  flags=(IsInteger)
1528500: global: Decode: Decoded xor instruction: 0x7c8c2a78
1528500: system.cpu: A0 T0 : 0x1001dc44 @strchr+116    : xor        r12, r4, r5     : IntAlu :  D=0x4340191b4d4a2f5b  flags=(IsInteger)
1528750: global: Decode: Decoded add instruction: 0x7c066214
1528750: system.cpu: A0 T0 : 0x1001dc48 @strchr+120    : add        r0, r6, r12     : IntAlu :  D=0x423f181a4c492e5a  flags=(IsInteger)
1529000: global: Decode: Decoded nor instruction: 0x7ce960f8
1529000: system.cpu: A0 T0 : 0x1001dc4c @strchr+124    : nor        r9, r7, r12     : IntAlu :  D=0x8080808080808080  flags=(IsInteger)
1529250: global: Decode: Decoded bc instruction: 0x4182ffdc
1529250: system.cpu: A0 T0 : 0x1001dc50 @strchr+128    : bc         2, 12, 0x1001dc2c : IntAlu :  D=0x00000000100493d0  flags=(IsInteger|IsControl|IsDirectControl|IsCondControl)
1529500: global: Decode: Decoded and instruction: 0x7c0b4839
1529500: system.cpu: A0 T0 : 0x1001dc54 @strchr+132    : and.       r11, r0, r9     : IntAlu :  D=0x0000000028000284  flags=(IsInteger)
1529750: global: Decode: Decoded addi instruction: 0x38600000
1529750: system.cpu: A0 T0 : 0x1001dc58 @strchr+136    : li         r3, 0           : IntAlu :  D=0x0000000000000000  flags=(IsInteger)
1530000: global: Decode: Decoded bclr instruction: 0x4d820020
1530000: system.cpu: A0 T0 : 0x1001dc5c @strchr+140    : bclr       2, 12           : IntAlu :  D=0x00000000100493d0  flags=(IsInteger|IsControl|IsIndirectControl|IsCondControl|IsReturn)
1530250: global: Decode: Decoded ori instruction: 0x60000000
1530250: system.cpu: A0 T0 : 0x10049410 @__strrchr_ppc+64    : nop                        : IntAlu :  D=0x423f181a4c492e5a  flags=(IsInteger)
1530500: global: Decode: Decoded cmpi instruction: 0x2c230000
1530500: system.cpu: A0 T0 : 0x10049414 @__strrchr_ppc+68    : cmpdi      r3, 0           : IntAlu :  D=0x0000000028000284  flags=(IsInteger)
1530750: global: Decode: Decoded addi instruction: 0x3be30001
1530750: system.cpu: A0 T0 : 0x10049418 @__strrchr_ppc+72    : addi       r31, r3, 1      : IntAlu :  D=0x0000000000000001  flags=(IsInteger)
1531000: global: Decode: Decoded bc instruction: 0x4082ffe4
1531000: system.cpu: A0 T0 : 0x1004941c @__strrchr_ppc+76    : bc         2, 4, 0x10049400 : IntAlu :  D=0x00000000100493d0  flags=(IsInteger|IsControl|IsDirectControl|IsCondControl)
1531250: global: Decode: Decoded addi instruction: 0x38210090
1531250: system.cpu: A0 T0 : 0x10049420 @__strrchr_ppc+80    : addi       r1, r1, 144     : IntAlu :  D=0x00007fffffffe8f0  flags=(IsInteger)
1531500: global: Decode: Decoded or instruction: 0x7fc3f378
1531500: system.cpu: A0 T0 : 0x10049424 @__strrchr_ppc+84    : mr         r3, r30         : IntAlu :  D=0x00007fffffffefac  flags=(IsInteger)
1531750: global: Decode: Decoded ld instruction: 0xe8010010
1531750: system.cpu: A0 T0 : 0x10049428 @__strrchr_ppc+88    : ld         r0, 16(r1)      : MemRead :  D=0x0000000010023b94 A=0x7fffffffe900  flags=(IsInteger|IsLoad)
1532000: global: Decode: Decoded ld instruction: 0xeba1ffe8
1532000: system.cpu: A0 T0 : 0x1004942c @__strrchr_ppc+92    : ld         r29, -24(r1)    : MemRead :  D=0x00007fffffffee48 A=0x7fffffffe8d8  flags=(IsInteger|IsLoad)
1532250: global: Decode: Decoded ld instruction: 0xebc1fff0
1532250: system.cpu: A0 T0 : 0x10049430 @__strrchr_ppc+96    : ld         r30, -16(r1)    : MemRead :  D=0x00007fffffffef86 A=0x7fffffffe8e0  flags=(IsInteger|IsLoad)
1532500: global: Decode: Decoded ld instruction: 0xebe1fff8
1532500: system.cpu: A0 T0 : 0x10049434 @__strrchr_ppc+100    : ld         r31, -8(r1)     : MemRead :  D=0x00007fffffffee38 A=0x7fffffffe8e8  flags=(IsInteger|IsLoad)
1532750: global: Decode: Decoded mtlr instruction: 0x7c0803a6
1532750: system.cpu: A0 T0 : 0x10049438 @__strrchr_ppc+104    : mtlr       r0              : IntAlu :  D=0x0000000010023b94  flags=(IsInteger)
1533000: global: Decode: Decoded bclr instruction: 0x4e800020
1533000: system.cpu: A0 T0 : 0x1004943c @__strrchr_ppc+108    : bclr       0, 20           : IntAlu :  D=0x00000000100493d0  flags=(IsInteger|IsControl|IsIndirectControl|IsCondControl|IsReturn)
1533250: global: Decode: Decoded ld instruction: 0xe8410028
1533250: system.cpu: A0 T0 : 0x10023b94 @__init_misc+52    : ld         r2, 40(r1)      : MemRead :  D=0x00000000100b7d00 A=0x7fffffffe918  flags=(IsInteger|IsLoad)
1533500: global: Decode: Decoded cmpi instruction: 0x2c230000
1533500: system.cpu: A0 T0 : 0x10023b98 @__init_misc+56    : cmpdi      r3, 0           : IntAlu :  D=0x0000000048000284  flags=(IsInteger)
1533750: global: Decode: Decoded bc instruction: 0x41820008
1533750: system.cpu: A0 T0 : 0x10023b9c @__init_misc+60    : bc         2, 12, 0x10023ba4 : IntAlu :  D=0x00000000100493d0  flags=(IsInteger|IsControl|IsDirectControl|IsCondControl)
1534000: global: Decode: Decoded addi instruction: 0x3bc30001
1534000: system.cpu: A0 T0 : 0x10023ba0 @__init_misc+64    : addi       r30, r3, 1      : IntAlu :  D=0x00007fffffffefad  flags=(IsInteger)
1534250: global: Decode: Decoded ori instruction: 0x60000000
1534250: system.cpu: A0 T0 : 0x10023ba4 @__init_misc+68    : nop                        : IntAlu :  D=0x0000000010023b94  flags=(IsInteger)
1534500: global: Decode: Decoded ld instruction: 0xe8010090
1534500: system.cpu: A0 T0 : 0x10023ba8 @__init_misc+72    : ld         r0, 144(r1)     : MemRead :  D=0x0000000010026088 A=0x7fffffffe980  flags=(IsInteger|IsLoad)
1534750: global: Decode: Decoded ori instruction: 0x60000000
1534750: system.cpu: A0 T0 : 0x10023bac @__init_misc+76    : nop                        : IntAlu :  D=0x0000000010026088  flags=(IsInteger)
1535000: global: Decode: Decoded std instruction: 0xfbc293d0
1535000: system.cpu: A0 T0 : 0x10023bb0 @__init_misc+80    : std        r30, -27696(r2) : MemWrite :  D=0x00007fffffffefad A=0x100b10d0  flags=(IsInteger|IsStore)
1535250: global: Decode: Decoded ld instruction: 0xebc10070
1535250: system.cpu: A0 T0 : 0x10023bb4 @__init_misc+84    : ld         r30, 112(r1)    : MemRead :  D=0x00007fffffffee38 A=0x7fffffffe960  flags=(IsInteger|IsLoad)
1535500: global: Decode: Decoded mtlr instruction: 0x7c0803a6
1535500: system.cpu: A0 T0 : 0x10023bb8 @__init_misc+88    : mtlr       r0              : IntAlu :  D=0x0000000010026088  flags=(IsInteger)
1535750: global: Decode: Decoded ld instruction: 0xe93f0000
1535750: system.cpu: A0 T0 : 0x10023bbc @__init_misc+92    : ld         r9, 0(r31)      : MemRead :  D=0x00007fffffffef86 A=0x7fffffffee38  flags=(IsInteger|IsLoad)
1536000: global: Decode: Decoded std instruction: 0xf92293d8
1536000: system.cpu: A0 T0 : 0x10023bc0 @__init_misc+96    : std        r9, -27688(r2)  : MemWrite :  D=0x00007fffffffef86 A=0x100b10d8  flags=(IsInteger|IsStore)
1536250: global: Decode: Decoded addi instruction: 0x38210080
1536250: system.cpu: A0 T0 : 0x10023bc4 @__init_misc+100    : addi       r1, r1, 128     : IntAlu :  D=0x00007fffffffe970  flags=(IsInteger)
1536500: global: Decode: Decoded ld instruction: 0xebe1fff8
1536500: system.cpu: A0 T0 : 0x10023bc8 @__init_misc+104    : ld         r31, -8(r1)     : MemRead :  D=0x0000000000000001 A=0x7fffffffe968  flags=(IsInteger|IsLoad)
1536750: global: Decode: Decoded bclr instruction: 0x4e800020
1536750: system.cpu: A0 T0 : 0x10023bcc @__init_misc+108    : bclr       0, 20           : IntAlu :  D=0x00000000100493d0  flags=(IsInteger|IsControl|IsIndirectControl|IsCondControl|IsReturn)
1537000: global: Decode: Decoded ori instruction: 0x60000000
1537000: system.cpu: A0 T0 : 0x10026088 @__libc_init_first+584    : nop                        : IntAlu :  D=0x0000000010026088  flags=(IsInteger)
1537250: global: Decode: Decoded b instruction: 0x4800d5f5
1537250: system.cpu: A0 T0 : 0x1002608c @__libc_init_first+588    : bl         __ctype_init    : IntAlu :  D=0x0000000010026090  flags=(IsInteger|IsControl|IsDirectControl|IsUncondControl)
1537500: global: Decode: Decoded ori instruction: 0x60000000
1537500: system.cpu: A0 T0 : 0x10033680 @__ctype_init    : nop                        : IntAlu :  D=0x0000000010026088  flags=(IsInteger)
1537750: global: Decode: Decoded ori instruction: 0x60000000
1537750: system.cpu: A0 T0 : 0x10033684 @__ctype_init+4    : nop                        : IntAlu :  D=0x0000000010026088  flags=(IsInteger)
1538000: global: Decode: Decoded ori instruction: 0x60000000
1538000: system.cpu: A0 T0 : 0x10033688 @__ctype_init+8    : nop                        : IntAlu :  D=0x0000000010026088  flags=(IsInteger)
1538250: global: Decode: Decoded ori instruction: 0x60000000
1538250: system.cpu: A0 T0 : 0x1003368c @__ctype_init+12    : nop                        : IntAlu :  D=0x0000000010026088  flags=(IsInteger)
1538500: global: Decode: Decoded addi instruction: 0x38ed9000
1538500: system.cpu: A0 T0 : 0x10033690 @__ctype_init+16    : subi       r7, r13, 28672  : IntAlu :  D=0x00000000100b4770  flags=(IsInteger)
1538750: global: Decode: Decoded ori instruction: 0x60000000
1538750: system.cpu: A0 T0 : 0x10033694 @__ctype_init+20    : nop                        : IntAlu :  D=0x0000000010026088  flags=(IsInteger)
1539000: global: Decode: Decoded ori instruction: 0x60000000
1539000: system.cpu: A0 T0 : 0x10033698 @__ctype_init+24    : nop                        : IntAlu :  D=0x0000000010026088  flags=(IsInteger)
1539250: global: Decode: Decoded ori instruction: 0x60000000
1539250: system.cpu: A0 T0 : 0x1003369c @__ctype_init+28    : nop                        : IntAlu :  D=0x0000000010026088  flags=(IsInteger)
1539500: global: Decode: Decoded ld instruction: 0xe8e70000
1539500: system.cpu: A0 T0 : 0x100336a0 @__ctype_init+32    : ld         r7, 0(r7)       : MemRead :  D=0x00000000100b1960 A=0x100b4770  flags=(IsInteger|IsLoad)
1539750: global: Decode: Decoded ori instruction: 0x60000000
1539750: system.cpu: A0 T0 : 0x100336a4 @__ctype_init+36    : nop                        : IntAlu :  D=0x0000000010026088  flags=(IsInteger)
1540000: global: Decode: Decoded addi instruction: 0x390d9050
1540000: system.cpu: A0 T0 : 0x100336a8 @__ctype_init+40    : subi       r8, r13, 28592  : IntAlu :  D=0x00000000100b47c0  flags=(IsInteger)
1540250: global: Decode: Decoded addi instruction: 0x394d9048
1540250: system.cpu: A0 T0 : 0x100336ac @__ctype_init+44    : subi       r10, r13, 28600 : IntAlu :  D=0x00000000100b47b8  flags=(IsInteger)
1540500: global: Decode: Decoded addi instruction: 0x392d9040
1540500: system.cpu: A0 T0 : 0x100336b0 @__ctype_init+48    : subi       r9, r13, 28608  : IntAlu :  D=0x00000000100b47b0  flags=(IsInteger)
1540750: global: Decode: Decoded ld instruction: 0xe8e70000
1540750: system.cpu: A0 T0 : 0x100336b4 @__ctype_init+52    : ld         r7, 0(r7)       : MemRead :  D=0x00000000100aa158 A=0x100b1960  flags=(IsInteger|IsLoad)
1541000: global: Decode: Decoded ld instruction: 0xe8a70040
1541000: system.cpu: A0 T0 : 0x100336b8 @__ctype_init+56    : ld         r5, 64(r7)      : MemRead :  D=0x0000000010072d40 A=0x100aa198  flags=(IsInteger|IsLoad)
1541250: global: Decode: Decoded ld instruction: 0xe8c70048
1541250: system.cpu: A0 T0 : 0x100336bc @__ctype_init+60    : ld         r6, 72(r7)      : MemRead :  D=0x000000001007233c A=0x100aa1a0  flags=(IsInteger|IsLoad)
1541500: global: Decode: Decoded ld instruction: 0xe8e70058
1541500: system.cpu: A0 T0 : 0x100336c0 @__ctype_init+64    : ld         r7, 88(r7)      : MemRead :  D=0x0000000010071d3c A=0x100aa1b0  flags=(IsInteger|IsLoad)
1541750: global: Decode: Decoded addi instruction: 0x38a50100
1541750: system.cpu: A0 T0 : 0x100336c4 @__ctype_init+68    : addi       r5, r5, 256     : IntAlu :  D=0x0000000010072e40  flags=(IsInteger)
1542000: global: Decode: Decoded addi instruction: 0x38c60200
1542000: system.cpu: A0 T0 : 0x100336c8 @__ctype_init+72    : addi       r6, r6, 512     : IntAlu :  D=0x000000001007253c  flags=(IsInteger)
1542250: global: Decode: Decoded addi instruction: 0x38e70200
1542250: system.cpu: A0 T0 : 0x100336cc @__ctype_init+76    : addi       r7, r7, 512     : IntAlu :  D=0x0000000010071f3c  flags=(IsInteger)
1542500: global: Decode: Decoded std instruction: 0xf8a80000
1542500: system.cpu: A0 T0 : 0x100336d0 @__ctype_init+80    : std        r5, 0(r8)       : MemWrite :  D=0x0000000010072e40 A=0x100b47c0  flags=(IsInteger|IsStore)
1542750: global: Decode: Decoded std instruction: 0xf8ca0000
1542750: system.cpu: A0 T0 : 0x100336d4 @__ctype_init+84    : std        r6, 0(r10)      : MemWrite :  D=0x000000001007253c A=0x100b47b8  flags=(IsInteger|IsStore)
1543000: global: Decode: Decoded std instruction: 0xf8e90000
1543000: system.cpu: A0 T0 : 0x100336d8 @__ctype_init+88    : std        r7, 0(r9)       : MemWrite :  D=0x0000000010071f3c A=0x100b47b0  flags=(IsInteger|IsStore)
1543250: global: Decode: Decoded bclr instruction: 0x4e800020
1543250: system.cpu: A0 T0 : 0x100336dc @__ctype_init+92    : bclr       0, 20           : IntAlu :  D=0x00000000100493d0  flags=(IsInteger|IsControl|IsIndirectControl|IsCondControl|IsReturn)
1543500: global: Decode: Decoded ori instruction: 0x60000000
1543500: system.cpu: A0 T0 : 0x10026090 @__libc_init_first+592    : nop                        : IntAlu :  D=0x0000000010026088  flags=(IsInteger)
1543750: global: Decode: Decoded addi instruction: 0x382100b0
1543750: system.cpu: A0 T0 : 0x10026094 @__libc_init_first+596    : addi       r1, r1, 176     : IntAlu :  D=0x00007fffffffea20  flags=(IsInteger)
1544000: global: Decode: Decoded ld instruction: 0xe8010010
1544000: system.cpu: A0 T0 : 0x10026098 @__libc_init_first+600    : ld         r0, 16(r1)      : MemRead :  D=0x0000000010000c18 A=0x7fffffffea30  flags=(IsInteger|IsLoad)
1544250: global: Decode: Decoded ld instruction: 0xeba1ffe8
1544250: system.cpu: A0 T0 : 0x1002609c @__libc_init_first+604    : ld         r29, -24(r1)    : MemRead :  D=0x0000000000000000 A=0x7fffffffea08  flags=(IsInteger|IsLoad)
1544500: global: Decode: Decoded ld instruction: 0xebc1fff0
1544500: system.cpu: A0 T0 : 0x100260a0 @__libc_init_first+608    : ld         r30, -16(r1)    : MemRead :  D=0x00000000100ab260 A=0x7fffffffea10  flags=(IsInteger|IsLoad)
1544750: global: Decode: Decoded ld instruction: 0xebe1fff8
1544750: system.cpu: A0 T0 : 0x100260a4 @__libc_init_first+612    : ld         r31, -8(r1)     : MemRead :  D=0x00000000100ab248 A=0x7fffffffea18  flags=(IsInteger|IsLoad)
1545000: global: Decode: Decoded mtlr instruction: 0x7c0803a6
1545000: system.cpu: A0 T0 : 0x100260a8 @__libc_init_first+616    : mtlr       r0              : IntAlu :  D=0x0000000010000c18  flags=(IsInteger)
1545250: global: Decode: Decoded bclr instruction: 0x4e800020
1545250: system.cpu: A0 T0 : 0x100260ac @__libc_init_first+620    : bclr       0, 20           : IntAlu :  D=0x00000000100493d0  flags=(IsInteger|IsControl|IsIndirectControl|IsCondControl|IsReturn)
1545500: global: Decode: Decoded ori instruction: 0x60000000
1545500: system.cpu: A0 T0 : 0x10000c18 @generic_start_main+632    : nop                        : IntAlu :  D=0x0000000010000c18  flags=(IsInteger)
1545750: global: Decode: Decoded cmpi instruction: 0x2fbe0000
1545750: system.cpu: A0 T0 : 0x10000c1c @generic_start_main+636    : cmpdi      cr7, r30, 0     : IntAlu :  D=0x0000000048000284  flags=(IsInteger)
1546000: global: Decode: Decoded bc instruction: 0x419e0018
1546000: system.cpu: A0 T0 : 0x10000c20 @generic_start_main+640    : bc         30, 12, 0x10000c38 : IntAlu :  D=0x00000000100493d0  flags=(IsInteger|IsControl|IsDirectControl|IsCondControl)
1546250: global: Decode: Decoded or instruction: 0x7fc3f378
1546250: system.cpu: A0 T0 : 0x10000c24 @generic_start_main+644    : mr         r3, r30         : IntAlu :  D=0x00000000100ab260  flags=(IsInteger)
1546500: global: Decode: Decoded addi instruction: 0x38a00000
1546500: system.cpu: A0 T0 : 0x10000c28 @generic_start_main+648    : li         r5, 0           : IntAlu :  D=0x0000000000000000  flags=(IsInteger)
1546750: global: Decode: Decoded addi instruction: 0x38800000
1546750: system.cpu: A0 T0 : 0x10000c2c @generic_start_main+652    : li         r4, 0           : IntAlu :  D=0x0000000000000000  flags=(IsInteger)
1547000: global: Decode: Decoded b instruction: 0x48007a41
1547000: system.cpu: A0 T0 : 0x10000c30 @generic_start_main+656    : bl         __cxa_atexit    : IntAlu :  D=0x0000000010000c34  flags=(IsInteger|IsControl|IsDirectControl|IsUncondControl)
1547250: global: Decode: Decoded ori instruction: 0x60000000
1547250: system.cpu: A0 T0 : 0x10008670 @__cxa_atexit    : nop                        : IntAlu :  D=0x0000000010000c18  flags=(IsInteger)
1547500: global: Decode: Decoded addi instruction: 0x38c28410
1547500: system.cpu: A0 T0 : 0x10008674 @__cxa_atexit+4    : subi       r6, r2, 31728   : IntAlu :  D=0x00000000100b0110  flags=(IsInteger)
1547750: global: Decode: Decoded b instruction: 0x4bfffe98
1547750: system.cpu: A0 T0 : 0x10008678 @__cxa_atexit+8    : b          __internal_atexit : IntAlu :   flags=(IsControl|IsDirectControl|IsUncondControl)
1548000: global: Decode: Decoded mflr instruction: 0x7c0802a6
1548000: system.cpu: A0 T0 : 0x10008510 @__internal_atexit    : mflr       r0              : IntAlu :  D=0x0000000010000c34  flags=(IsInteger)
1548250: global: Decode: Decoded std instruction: 0xfbc1fff0
1548250: system.cpu: A0 T0 : 0x10008514 @__internal_atexit+4    : std        r30, -16(r1)    : MemWrite :  D=0x00000000100ab260 A=0x7fffffffea10  flags=(IsInteger|IsStore)
1548500: global: Decode: Decoded stdu instruction: 0xf821ff71
1548500: system.cpu: A0 T0 : 0x10008518 @__internal_atexit+8    : stdu       r1, -144(r1)    : MemWrite :  D=0x00007fffffffe990 A=0x7fffffffe990  flags=(IsInteger|IsStore)
1548750: global: Decode: Decoded or instruction: 0x7c7e1b79
1548750: system.cpu: A0 T0 : 0x1000851c @__internal_atexit+12    : or.        r30, r3, r3     : IntAlu :  D=0x0000000048000284  flags=(IsInteger)
1549000: global: Decode: Decoded std instruction: 0xf80100a0
1549000: system.cpu: A0 T0 : 0x10008520 @__internal_atexit+16    : std        r0, 160(r1)     : MemWrite :  D=0x0000000010000c34 A=0x7fffffffea30  flags=(IsInteger|IsStore)
1549250: global: Decode: Decoded std instruction: 0xfb810070
1549250: system.cpu: A0 T0 : 0x10008524 @__internal_atexit+20    : std        r28, 112(r1)    : MemWrite :  D=0x0000000010000268 A=0x7fffffffea00  flags=(IsInteger|IsStore)
1549500: global: Decode: Decoded std instruction: 0xfba10078
1549500: system.cpu: A0 T0 : 0x10008528 @__internal_atexit+24    : std        r29, 120(r1)    : MemWrite :  D=0x0000000000000000 A=0x7fffffffea08  flags=(IsInteger|IsStore)
1549750: global: Decode: Decoded std instruction: 0xfbe10088
1549750: system.cpu: A0 T0 : 0x1000852c @__internal_atexit+28    : std        r31, 136(r1)    : MemWrite :  D=0x00000000100ab248 A=0x7fffffffea18  flags=(IsInteger|IsStore)
1550000: global: Decode: Decoded bc instruction: 0x41820110
1550000: system.cpu: A0 T0 : 0x10008530 @__internal_atexit+32    : bc         2, 12, 0x10008640 : IntAlu :  D=0x00000000100493d0  flags=(IsInteger|IsControl|IsDirectControl|IsCondControl)
1550250: global: Decode: Decoded or instruction: 0x7c9c2378
1550250: system.cpu: A0 T0 : 0x10008534 @__internal_atexit+36    : mr         r28, r4         : IntAlu :  D=0x0000000000000000  flags=(IsInteger)
1550500: global: Decode: Decoded or instruction: 0x7cbd2b78
1550500: system.cpu: A0 T0 : 0x10008538 @__internal_atexit+40    : mr         r29, r5         : IntAlu :  D=0x0000000000000000  flags=(IsInteger)
1550750: global: Decode: Decoded ori instruction: 0x60000000
1550750: system.cpu: A0 T0 : 0x1000853c @__internal_atexit+44    : nop                        : IntAlu :  D=0x0000000010000c34  flags=(IsInteger)
1551000: global: Decode: Decoded addi instruction: 0x3be2b808
1551000: system.cpu: A0 T0 : 0x10008540 @__internal_atexit+48    : subi       r31, r2, 18424  : IntAlu :  D=0x00000000100b3508  flags=(IsInteger)
1551250: global: Decode: Decoded addi instruction: 0x39200000
1551250: system.cpu: A0 T0 : 0x10008544 @__internal_atexit+52    : li         r9, 0           : IntAlu :  D=0x0000000000000000  flags=(IsInteger)
1551500: global: Decode: Decoded addi instruction: 0x39000001
1551500: system.cpu: A0 T0 : 0x10008548 @__internal_atexit+56    : li         r8, 1           : IntAlu :  D=0x0000000000000001  flags=(IsInteger)
1551750: global: Decode: Decoded rldicl instruction: 0x79290020
1551750: system.cpu: A0 T0 : 0x1000854c @__internal_atexit+60    : clrldi     r9, r9, 32      : IntAlu :  D=0x0000000000000000  flags=(IsInteger)
1552000: global: Decode: Decoded lwarx instruction: 0x7d40f828
1552000: system.cpu: A0 T0 : 0x10008550 @__internal_atexit+64    : lwarx      r41, 0, r31     : MemRead :  D=0x00000000100b3508 A=0x100b3508  flags=(IsInteger|IsLoad)
1552250: global: Decode: Decoded subf instruction: 0x7d495051
1552250: system.cpu: A0 T0 : 0x10008554 @__internal_atexit+68    : subf.      r10, r9, r10    : IntAlu :  D=0x0000000028000284  flags=(IsInteger)
1552500: global: Decode: Decoded bc instruction: 0x4082000c
1552500: system.cpu: A0 T0 : 0x10008558 @__internal_atexit+72    : bc         2, 4, 0x10008564 : IntAlu :  D=0x00000000100493d0  flags=(IsInteger|IsControl|IsDirectControl|IsCondControl)
1552750: global: Decode: Decoded stwcx instruction: 0x7d00f92d
1552750: system.cpu: A0 T0 : 0x1000855c @__internal_atexit+76    : stwcx      r8, r31, r39    : MemWrite :  D=0x0000000028000284 A=0x100b3508  flags=(IsInteger|IsStore)
1553000: global: Decode: Decoded bc instruction: 0x40c2fff0
1553000: system.cpu: A0 T0 : 0x10008560 @__internal_atexit+80    : bc         2, 6, 0x10008550 : IntAlu :  D=0x00000000100493d0  flags=(IsInteger|IsControl|IsDirectControl|IsCondControl)
1553250: global: Decode: Decoded isync instruction: 0x4c00012c
1553250: system.cpu: A0 T0 : 0x10008564 @__internal_atexit+84    : isync                      : IntAlu :   flags=(IsSerializeAfter)
1553500: global: Decode: Decoded cmpi instruction: 0x2f8a0000
1553500: system.cpu: A0 T0 : 0x10008568 @__internal_atexit+88    : cmpwi      cr7, r10, 0     : IntAlu :  D=0x0000000028000282  flags=(IsInteger)
1553750: global: Decode: Decoded bc instruction: 0x409e0074
1553750: system.cpu: A0 T0 : 0x1000856c @__internal_atexit+92    : bc         30, 4, 0x100085e0 : IntAlu :  D=0x00000000100493d0  flags=(IsInteger|IsControl|IsDirectControl|IsCondControl)
1554000: global: Decode: Decoded or instruction: 0x7cc33378
1554000: system.cpu: A0 T0 : 0x10008570 @__internal_atexit+96    : mr         r3, r6          : IntAlu :  D=0x00000000100b0110  flags=(IsInteger)
1554250: global: Decode: Decoded b instruction: 0x4bfffded
1554250: system.cpu: A0 T0 : 0x10008574 @__internal_atexit+100    : bl         __new_exitfn    : IntAlu :  D=0x0000000010008578  flags=(IsInteger|IsControl|IsDirectControl|IsUncondControl)
1554500: global: Decode: Decoded ori instruction: 0x60000000
1554500: system.cpu: A0 T0 : 0x10008360 @__new_exitfn    : nop                        : IntAlu :  D=0x0000000010000c34  flags=(IsInteger)
1554750: global: Decode: Decoded addi instruction: 0x3922a978
1554750: system.cpu: A0 T0 : 0x10008364 @__new_exitfn+4    : subi       r9, r2, 22152   : IntAlu :  D=0x00000000100b2678  flags=(IsInteger)
1555000: global: Decode: Decoded lbz instruction: 0x89290000
1555000: system.cpu: A0 T0 : 0x10008368 @__new_exitfn+8    : lbz        r9, 0(r9)       : MemRead :  D=0x0000000000000000 A=0x100b2678  flags=(IsInteger|IsLoad)
1555250: global: Decode: Decoded cmpi instruction: 0x2f890000
1555250: system.cpu: A0 T0 : 0x1000836c @__new_exitfn+12    : cmpwi      cr7, r9, 0      : IntAlu :  D=0x0000000028000282  flags=(IsInteger)
1555500: global: Decode: Decoded bc instruction: 0x409e018c
1555500: system.cpu: A0 T0 : 0x10008370 @__new_exitfn+16    : bc         30, 4, 0x100084fc : IntAlu :  D=0x00000000100493d0  flags=(IsInteger|IsControl|IsDirectControl|IsCondControl)
1555750: global: Decode: Decoded std instruction: 0xfbc1fff0
1555750: system.cpu: A0 T0 : 0x10008374 @__new_exitfn+20    : std        r30, -16(r1)    : MemWrite :  D=0x00000000100ab260 A=0x7fffffffe980  flags=(IsInteger|IsStore)
1556000: global: Decode: Decoded ld instruction: 0xebc30000
1556000: system.cpu: A0 T0 : 0x10008378 @__new_exitfn+24    : ld         r30, 0(r3)      : MemRead :  D=0x00000000100b2680 A=0x100b0110  flags=(IsInteger|IsLoad)
1556250: global: Decode: Decoded std instruction: 0xfbe1fff8
1556250: system.cpu: A0 T0 : 0x1000837c @__new_exitfn+28    : std        r31, -8(r1)     : MemWrite :  D=0x00000000100b3508 A=0x7fffffffe988  flags=(IsInteger|IsStore)
1556500: global: Decode: Decoded stdu instruction: 0xf821ff81
1556500: system.cpu: A0 T0 : 0x10008380 @__new_exitfn+32    : stdu       r1, -128(r1)    : MemWrite :  D=0x00007fffffffe910 A=0x7fffffffe910  flags=(IsInteger|IsStore)
1556750: global: Decode: Decoded or instruction: 0x7c7f1b78
1556750: system.cpu: A0 T0 : 0x10008384 @__new_exitfn+36    : mr         r31, r3         : IntAlu :  D=0x00000000100b0110  flags=(IsInteger)
1557000: global: Decode: Decoded cmpi instruction: 0x2fbe0000
1557000: system.cpu: A0 T0 : 0x10008388 @__new_exitfn+40    : cmpdi      cr7, r30, 0     : IntAlu :  D=0x0000000028000284  flags=(IsInteger)
1557250: global: Decode: Decoded bc instruction: 0x419e0144
1557250: system.cpu: A0 T0 : 0x1000838c @__new_exitfn+44    : bc         30, 12, 0x100084d0 : IntAlu :  D=0x00000000100493d0  flags=(IsInteger|IsControl|IsDirectControl|IsCondControl)
1557500: global: Decode: Decoded or instruction: 0x7fc6f378
1557500: system.cpu: A0 T0 : 0x10008390 @__new_exitfn+48    : mr         r6, r30         : IntAlu :  D=0x00000000100b2680  flags=(IsInteger)
1557750: global: Decode: Decoded addi instruction: 0x38a00000
1557750: system.cpu: A0 T0 : 0x10008394 @__new_exitfn+52    : li         r5, 0           : IntAlu :  D=0x0000000000000000  flags=(IsInteger)
1558000: global: Decode: Decoded addi instruction: 0x38800000
1558000: system.cpu: A0 T0 : 0x10008398 @__new_exitfn+56    : li         r4, 0           : IntAlu :  D=0x0000000000000000  flags=(IsInteger)
1558250: global: Decode: Decoded ori instruction: 0x60000000
1558250: system.cpu: A0 T0 : 0x1000839c @__new_exitfn+60    : nop                        : IntAlu :  D=0x0000000010000c34  flags=(IsInteger)
1558500: global: Decode: Decoded ld instruction: 0xe9260008
1558500: system.cpu: A0 T0 : 0x100083a0 @__new_exitfn+64    : ld         r9, 8(r6)       : MemRead :  D=0x0000000000000000 A=0x100b2688  flags=(IsInteger|IsLoad)
1558750: global: Decode: Decoded cmpi instruction: 0x2fa90000
1558750: system.cpu: A0 T0 : 0x100083a4 @__new_exitfn+68    : cmpdi      cr7, r9, 0      : IntAlu :  D=0x0000000028000282  flags=(IsInteger)
1559000: global: Decode: Decoded bc instruction: 0x419e0054
1559000: system.cpu: A0 T0 : 0x100083a8 @__new_exitfn+72    : bc         30, 12, 0x100083fc : IntAlu :  D=0x00000000100493d0  flags=(IsInteger|IsControl|IsDirectControl|IsCondControl)
1559250: global: Decode: Decoded ld instruction: 0xe9260000
1559250: system.cpu: A0 T0 : 0x100083fc @__new_exitfn+156    : ld         r9, 0(r6)       : MemRead :  D=0x0000000000000000 A=0x100b2680  flags=(IsInteger|IsLoad)
1559500: global: Decode: Decoded std instruction: 0xf8860008
1559500: system.cpu: A0 T0 : 0x10008400 @__new_exitfn+160    : std        r4, 8(r6)       : MemWrite :  D=0x0000000000000000 A=0x100b2688  flags=(IsInteger|IsStore)
1559750: global: Decode: Decoded or instruction: 0x7cc53378
1559750: system.cpu: A0 T0 : 0x10008404 @__new_exitfn+164    : mr         r5, r6          : IntAlu :  D=0x00000000100b2680  flags=(IsInteger)
1560000: global: Decode: Decoded cmpi instruction: 0x2fa90000
1560000: system.cpu: A0 T0 : 0x10008408 @__new_exitfn+168    : cmpdi      cr7, r9, 0      : IntAlu :  D=0x0000000028000282  flags=(IsInteger)
1560250: global: Decode: Decoded bc instruction: 0x419e0098
1560250: system.cpu: A0 T0 : 0x1000840c @__new_exitfn+172    : bc         30, 12, 0x100084a4 : IntAlu :  D=0x00000000100493d0  flags=(IsInteger|IsControl|IsDirectControl|IsCondControl)
1560500: global: Decode: Decoded addi instruction: 0x39200001
1560500: system.cpu: A0 T0 : 0x100084a4 @__new_exitfn+324    : li         r9, 1           : IntAlu :  D=0x0000000000000001  flags=(IsInteger)
1560750: global: Decode: Decoded addi instruction: 0x38660010
1560750: system.cpu: A0 T0 : 0x100084a8 @__new_exitfn+328    : addi       r3, r6, 16      : IntAlu :  D=0x00000000100b2690  flags=(IsInteger)
1561000: global: Decode: Decoded std instruction: 0xf9260008
1561000: system.cpu: A0 T0 : 0x100084ac @__new_exitfn+332    : std        r9, 8(r6)       : MemWrite :  D=0x0000000000000001 A=0x100b2688  flags=(IsInteger|IsStore)
1561250: global: Decode: Decoded b instruction: 0x4bffff8c
1561250: system.cpu: A0 T0 : 0x100084b0 @__new_exitfn+336    : b          0x1000843c      : IntAlu :   flags=(IsControl|IsDirectControl|IsUncondControl)
1561500: global: Decode: Decoded ori instruction: 0x60000000
1561500: system.cpu: A0 T0 : 0x1000843c @__new_exitfn+220    : nop                        : IntAlu :  D=0x0000000010000c34  flags=(IsInteger)
1561750: global: Decode: Decoded addi instruction: 0x3942b810
1561750: system.cpu: A0 T0 : 0x10008440 @__new_exitfn+224    : subi       r10, r2, 18416  : IntAlu :  D=0x00000000100b3510  flags=(IsInteger)
1562000: global: Decode: Decoded addi instruction: 0x39200001
1562000: system.cpu: A0 T0 : 0x10008444 @__new_exitfn+228    : li         r9, 1           : IntAlu :  D=0x0000000000000001  flags=(IsInteger)
1562250: global: Decode: Decoded addi instruction: 0x38210080
1562250: system.cpu: A0 T0 : 0x10008448 @__new_exitfn+232    : addi       r1, r1, 128     : IntAlu :  D=0x00007fffffffe990  flags=(IsInteger)
1562500: global: Decode: Decoded std instruction: 0xf9230000
1562500: system.cpu: A0 T0 : 0x1000844c @__new_exitfn+236    : std        r9, 0(r3)       : MemWrite :  D=0x0000000000000001 A=0x100b2690  flags=(IsInteger|IsStore)
1562750: global: Decode: Decoded ld instruction: 0xebc1fff0
1562750: system.cpu: A0 T0 : 0x10008450 @__new_exitfn+240    : ld         r30, -16(r1)    : MemRead :  D=0x00000000100ab260 A=0x7fffffffe980  flags=(IsInteger|IsLoad)
1563000: global: Decode: Decoded ld instruction: 0xebe1fff8
1563000: system.cpu: A0 T0 : 0x10008454 @__new_exitfn+244    : ld         r31, -8(r1)     : MemRead :  D=0x00000000100b3508 A=0x7fffffffe988  flags=(IsInteger|IsLoad)
1563250: global: Decode: Decoded ld instruction: 0xe92a0000
1563250: system.cpu: A0 T0 : 0x10008458 @__new_exitfn+248    : ld         r9, 0(r10)      : MemRead :  D=0x0000000000000000 A=0x100b3510  flags=(IsInteger|IsLoad)
1563500: global: Decode: Decoded addi instruction: 0x39290001
1563500: system.cpu: A0 T0 : 0x1000845c @__new_exitfn+252    : addi       r9, r9, 1       : IntAlu :  D=0x0000000000000001  flags=(IsInteger)
1563750: global: Decode: Decoded std instruction: 0xf92a0000
1563750: system.cpu: A0 T0 : 0x10008460 @__new_exitfn+256    : std        r9, 0(r10)      : MemWrite :  D=0x0000000000000001 A=0x100b3510  flags=(IsInteger|IsStore)
1564000: global: Decode: Decoded bclr instruction: 0x4e800020
1564000: system.cpu: A0 T0 : 0x10008464 @__new_exitfn+260    : bclr       0, 20           : IntAlu :  D=0x00000000100493d0  flags=(IsInteger|IsControl|IsIndirectControl|IsCondControl|IsReturn)
1564250: global: Decode: Decoded cmpi instruction: 0x2c230000
1564250: system.cpu: A0 T0 : 0x10008578 @__internal_atexit+104    : cmpdi      r3, 0           : IntAlu :  D=0x0000000048000282  flags=(IsInteger)
1564500: global: Decode: Decoded bc instruction: 0x4182007c
1564500: system.cpu: A0 T0 : 0x1000857c @__internal_atexit+108    : bc         2, 12, 0x100085f8 : IntAlu :  D=0x00000000100493d0  flags=(IsInteger|IsControl|IsDirectControl|IsCondControl)
1564750: global: Decode: Decoded ld instruction: 0xe90d8fe8
1564750: system.cpu: A0 T0 : 0x10008580 @__internal_atexit+112    : ld         r8, -28696(r13) : MemRead :  D=0x73742d70726f6773 A=0x100b4758  flags=(IsInteger|IsLoad)
1565000: global: Decode: Decoded addi instruction: 0x38e00004
1565000: system.cpu: A0 T0 : 0x10008584 @__internal_atexit+116    : li         r7, 4           : IntAlu :  D=0x0000000000000004  flags=(IsInteger)
1565250: global: Decode: Decoded std instruction: 0xfb830010
1565250: system.cpu: A0 T0 : 0x10008588 @__internal_atexit+120    : std        r28, 16(r3)     : MemWrite :  D=0x0000000000000000 A=0x100b26a0  flags=(IsInteger|IsStore)
1565500: global: Decode: Decoded addi instruction: 0x39400000
1565500: system.cpu: A0 T0 : 0x1000858c @__internal_atexit+124    : li         r10, 0          : IntAlu :  D=0x0000000000000000  flags=(IsInteger)
1565750: global: Decode: Decoded std instruction: 0xfba30018
1565750: system.cpu: A0 T0 : 0x10008590 @__internal_atexit+128    : std        r29, 24(r3)     : MemWrite :  D=0x0000000000000000 A=0x100b26a8  flags=(IsInteger|IsStore)
1566000: global: Decode: Decoded std instruction: 0xf8e30000
1566000: system.cpu: A0 T0 : 0x10008594 @__internal_atexit+132    : std        r7, 0(r3)       : MemWrite :  D=0x0000000000000004 A=0x100b2690  flags=(IsInteger|IsStore)
1566250: global: Decode: Decoded xor instruction: 0x7fde4278
1566250: system.cpu: A0 T0 : 0x10008598 @__internal_atexit+136    : xor        r30, r30, r8    : IntAlu :  D=0x73742d706265d513  flags=(IsInteger)
1566500: global: Decode: Decoded std instruction: 0xfbc30008
1566500: system.cpu: A0 T0 : 0x1000859c @__internal_atexit+140    : std        r30, 8(r3)      : MemWrite :  D=0x73742d706265d513 A=0x100b2698  flags=(IsInteger|IsStore)
1566750: global: Decode: Decoded sync instruction: 0x7c2004ac
1566750: system.cpu: A0 T0 : 0x100085a0 @__internal_atexit+144    : synco                      : IntAlu :   flags=(IsWriteBarrier|IsReadBarrier)
1567000: global: Decode: Decoded lwarx instruction: 0x7d20f828
1567000: system.cpu: A0 T0 : 0x100085a4 @__internal_atexit+148    : lwarx      r41, 0, r31     : MemRead :  D=0x00000000100b3508 A=0x100b3508  flags=(IsInteger|IsLoad)
1567250: global: Decode: Decoded stwcx instruction: 0x7d40f92d
1567250: system.cpu: A0 T0 : 0x100085a8 @__internal_atexit+152    : stwcx      r10, r31, r39   : MemWrite :  D=0x0000000028000282 A=0x100b3508  flags=(IsInteger|IsStore)
1567500: global: Decode: Decoded bc instruction: 0x40c2fff8
1567500: system.cpu: A0 T0 : 0x100085ac @__internal_atexit+156    : bc         2, 6, 0x100085a4 : IntAlu :  D=0x00000000100493d0  flags=(IsInteger|IsControl|IsDirectControl|IsCondControl)
1567750: global: Decode: Decoded cmpi instruction: 0x2f890001
1567750: system.cpu: A0 T0 : 0x100085b0 @__internal_atexit+160    : cmpwi      cr7, r9, 1      : IntAlu :  D=0x0000000028000282  flags=(IsInteger)
1568000: global: Decode: Decoded addi instruction: 0x3bc00000
1568000: system.cpu: A0 T0 : 0x100085b4 @__internal_atexit+164    : li         r30, 0          : IntAlu :  D=0x0000000000000000  flags=(IsInteger)
1568250: global: Decode: Decoded bc instruction: 0x419d0068
1568250: system.cpu: A0 T0 : 0x100085b8 @__internal_atexit+168    : bc         29, 12, 0x10008620 : IntAlu :  D=0x00000000100493d0  flags=(IsInteger|IsControl|IsDirectControl|IsCondControl)
1568500: global: Decode: Decoded ld instruction: 0xe80100a0
1568500: system.cpu: A0 T0 : 0x100085bc @__internal_atexit+172    : ld         r0, 160(r1)     : MemRead :  D=0x0000000010000c34 A=0x7fffffffea30  flags=(IsInteger|IsLoad)
1568750: global: Decode: Decoded ld instruction: 0xeb810070
1568750: system.cpu: A0 T0 : 0x100085c0 @__internal_atexit+176    : ld         r28, 112(r1)    : MemRead :  D=0x0000000010000268 A=0x7fffffffea00  flags=(IsInteger|IsLoad)
1569000: global: Decode: Decoded ld instruction: 0xeba10078
1569000: system.cpu: A0 T0 : 0x100085c4 @__internal_atexit+180    : ld         r29, 120(r1)    : MemRead :  D=0x0000000000000000 A=0x7fffffffea08  flags=(IsInteger|IsLoad)
1569250: global: Decode: Decoded ld instruction: 0xebe10088
1569250: system.cpu: A0 T0 : 0x100085c8 @__internal_atexit+184    : ld         r31, 136(r1)    : MemRead :  D=0x00000000100ab248 A=0x7fffffffea18  flags=(IsInteger|IsLoad)
1569500: global: Decode: Decoded addi instruction: 0x38210090
1569500: system.cpu: A0 T0 : 0x100085cc @__internal_atexit+188    : addi       r1, r1, 144     : IntAlu :  D=0x00007fffffffea20  flags=(IsInteger)
1569750: global: Decode: Decoded or instruction: 0x7fc3f378
1569750: system.cpu: A0 T0 : 0x100085d0 @__internal_atexit+192    : mr         r3, r30         : IntAlu :  D=0x0000000000000000  flags=(IsInteger)
1570000: global: Decode: Decoded ld instruction: 0xebc1fff0
1570000: system.cpu: A0 T0 : 0x100085d4 @__internal_atexit+196    : ld         r30, -16(r1)    : MemRead :  D=0x00000000100ab260 A=0x7fffffffea10  flags=(IsInteger|IsLoad)
1570250: global: Decode: Decoded mtlr instruction: 0x7c0803a6
1570250: system.cpu: A0 T0 : 0x100085d8 @__internal_atexit+200    : mtlr       r0              : IntAlu :  D=0x0000000010000c34  flags=(IsInteger)
1570500: global: Decode: Decoded bclr instruction: 0x4e800020
1570500: system.cpu: A0 T0 : 0x100085dc @__internal_atexit+204    : bclr       0, 20           : IntAlu :  D=0x00000000100493d0  flags=(IsInteger|IsControl|IsIndirectControl|IsCondControl|IsReturn)
1570750: global: Decode: Decoded ori instruction: 0x60000000
1570750: system.cpu: A0 T0 : 0x10000c34 @generic_start_main+660    : nop                        : IntAlu :  D=0x0000000010000c34  flags=(IsInteger)
1571000: global: Decode: Decoded addis instruction: 0x3d22ffff
1571000: system.cpu: A0 T0 : 0x10000c38 @generic_start_main+664    : subis      r9, r2, 1       : IntAlu :  D=0x00000000100a7d00  flags=(IsInteger)
1571250: global: Decode: Decoded addi instruction: 0x39292198
1571250: system.cpu: A0 T0 : 0x10000c3c @generic_start_main+668    : addi       r9, r9, 8600    : IntAlu :  D=0x00000000100a9e98  flags=(IsInteger)
1571500: global: Decode: Decoded lwz instruction: 0x81290000
1571500: system.cpu: A0 T0 : 0x10000c40 @generic_start_main+672    : lwz        r9, 0(r9)       : MemRead :  D=0x0000000000000000 A=0x100a9e98  flags=(IsInteger|IsLoad)
1571750: global: Decode: Decoded cmpi instruction: 0x2f890000
1571750: system.cpu: A0 T0 : 0x10000c44 @generic_start_main+676    : cmpwi      cr7, r9, 0      : IntAlu :  D=0x0000000028000282  flags=(IsInteger)
1572000: global: Decode: Decoded bc instruction: 0x409e0104
1572000: system.cpu: A0 T0 : 0x10000c48 @generic_start_main+680    : bc         30, 4, 0x10000d4c : IntAlu :  D=0x00000000100493d0  flags=(IsInteger|IsControl|IsDirectControl|IsCondControl)
1572250: global: Decode: Decoded cmpi instruction: 0x2fbf0000
1572250: system.cpu: A0 T0 : 0x10000c4c @generic_start_main+684    : cmpdi      cr7, r31, 0     : IntAlu :  D=0x0000000028000284  flags=(IsInteger)
1572500: global: Decode: Decoded bc instruction: 0x419e0034
1572500: system.cpu: A0 T0 : 0x10000c50 @generic_start_main+688    : bc         30, 12, 0x10000c84 : IntAlu :  D=0x00000000100493d0  flags=(IsInteger|IsControl|IsDirectControl|IsCondControl)
1572750: global: Decode: Decoded ori instruction: 0x60000000
1572750: system.cpu: A0 T0 : 0x10000c54 @generic_start_main+692    : nop                        : IntAlu :  D=0x0000000010000c34  flags=(IsInteger)
1573000: global: Decode: Decoded addi instruction: 0x3942ae50
1573000: system.cpu: A0 T0 : 0x10000c58 @generic_start_main+696    : subi       r10, r2, 20912  : IntAlu :  D=0x00000000100b2b50  flags=(IsInteger)
1573250: global: Decode: Decoded ld instruction: 0xe93f0000
1573250: system.cpu: A0 T0 : 0x10000c5c @generic_start_main+700    : ld         r9, 0(r31)      : MemRead :  D=0x0000000010001480 A=0x100ab248  flags=(IsInteger|IsLoad)
1573500: global: Decode: Decoded ld instruction: 0xe8c10318
1573500: system.cpu: A0 T0 : 0x10000c60 @generic_start_main+704    : ld         r6, 792(r1)     : MemRead :  D=0x00007fffffffee50 A=0x7fffffffed38  flags=(IsInteger|IsLoad)
1573750: global: Decode: Decoded ld instruction: 0xe8810310
1573750: system.cpu: A0 T0 : 0x10000c64 @generic_start_main+708    : ld         r4, 784(r1)     : MemRead :  D=0x00007fffffffee38 A=0x7fffffffed30  flags=(IsInteger|IsLoad)
1574000: global: Decode: Decoded ld instruction: 0xe97f0010
1574000: system.cpu: A0 T0 : 0x10000c68 @generic_start_main+712    : ld         r11, 16(r31)    : MemRead :  D=0x0000000000000000 A=0x100ab258  flags=(IsInteger|IsLoad)
1574250: global: Decode: Decoded ld instruction: 0xe8610308
1574250: system.cpu: A0 T0 : 0x10000c6c @generic_start_main+716    : ld         r3, 776(r1)     : MemRead :  D=0x0000000000000001 A=0x7fffffffed28  flags=(IsInteger|IsLoad)
1574500: global: Decode: Decoded mtctr instruction: 0x7d2903a6
1574500: system.cpu: A0 T0 : 0x10000c70 @generic_start_main+720    : mtctr      r9              : IntAlu :  D=0x0000000010001480  flags=(IsInteger)
1574750: global: Decode: Decoded ld instruction: 0xe8aa0000
1574750: system.cpu: A0 T0 : 0x10000c74 @generic_start_main+724    : ld         r5, 0(r10)      : MemRead :  D=0x00007fffffffee48 A=0x100b2b50  flags=(IsInteger|IsLoad)
1575000: global: Decode: Decoded ld instruction: 0xe85f0008
1575000: system.cpu: A0 T0 : 0x10000c78 @generic_start_main+728    : ld         r2, 8(r31)      : MemRead :  D=0x00000000100b7d00 A=0x100ab250  flags=(IsInteger|IsLoad)
1575250: global: Decode: Decoded bcctr instruction: 0x4e800421
1575250: system.cpu: A0 T0 : 0x10000c7c @generic_start_main+732    : bcctrl     0, 20           : IntAlu :  D=0x0000000010000c80  flags=(IsInteger|IsControl|IsIndirectControl|IsCondControl|IsCall)
1575500: global: Decode: Decoded mflr instruction: 0x7c0802a6
1575500: system.cpu: A0 T0 : 0x10001480 @__libc_csu_init    : mflr       r0              : IntAlu :  D=0x0000000010000c80  flags=(IsInteger)
1575750: global: Decode: Decoded std instruction: 0xfb41ffd0
1575750: system.cpu: A0 T0 : 0x10001484 @__libc_csu_init+4    : std        r26, -48(r1)    : MemWrite :  D=0x0000000000000000 A=0x7fffffffe9f0  flags=(IsInteger|IsStore)
1576000: global: Decode: Decoded std instruction: 0xfbc1fff0
1576000: system.cpu: A0 T0 : 0x10001488 @__libc_csu_init+8    : std        r30, -16(r1)    : MemWrite :  D=0x00000000100ab260 A=0x7fffffffea10  flags=(IsInteger|IsStore)
1576250: global: Decode: Decoded addis instruction: 0x3f42ffff
1576250: system.cpu: A0 T0 : 0x1000148c @__libc_csu_init+12    : subis      r26, r2, 1      : IntAlu :  D=0x00000000100a7d00  flags=(IsInteger)
1576500: global: Decode: Decoded addi instruction: 0x3b5a1ba8
1576500: system.cpu: A0 T0 : 0x10001490 @__libc_csu_init+16    : addi       r26, r26, 7080  : IntAlu :  D=0x00000000100a98a8  flags=(IsInteger)
1576750: global: Decode: Decoded addis instruction: 0x3fc2ffff
1576750: system.cpu: A0 T0 : 0x10001494 @__libc_csu_init+20    : subis      r30, r2, 1      : IntAlu :  D=0x00000000100a7d00  flags=(IsInteger)
1577000: global: Decode: Decoded addi instruction: 0x3bde1ba8
1577000: system.cpu: A0 T0 : 0x10001498 @__libc_csu_init+24    : addi       r30, r30, 7080  : IntAlu :  D=0x00000000100a98a8  flags=(IsInteger)
1577250: global: Decode: Decoded std instruction: 0xfb61ffd8
1577250: system.cpu: A0 T0 : 0x1000149c @__libc_csu_init+28    : std        r27, -40(r1)    : MemWrite :  D=0x00000000100b00d8 A=0x7fffffffe9f8  flags=(IsInteger|IsStore)
1577500: global: Decode: Decoded or instruction: 0x7cbb2b78
1577500: system.cpu: A0 T0 : 0x100014a0 @__libc_csu_init+32    : mr         r27, r5         : IntAlu :  D=0x00007fffffffee48  flags=(IsInteger)
1577750: global: Decode: Decoded std instruction: 0xfb81ffe0
1577750: system.cpu: A0 T0 : 0x100014a4 @__libc_csu_init+36    : std        r28, -32(r1)    : MemWrite :  D=0x0000000010000268 A=0x7fffffffea00  flags=(IsInteger|IsStore)
1578000: global: Decode: Decoded std instruction: 0xfba1ffe8
1578000: system.cpu: A0 T0 : 0x100014a8 @__libc_csu_init+40    : std        r29, -24(r1)    : MemWrite :  D=0x0000000000000000 A=0x7fffffffea08  flags=(IsInteger|IsStore)
1578250: global: Decode: Decoded or instruction: 0x7c9c2378
1578250: system.cpu: A0 T0 : 0x100014ac @__libc_csu_init+44    : mr         r28, r4         : IntAlu :  D=0x00007fffffffee38  flags=(IsInteger)
1578500: global: Decode: Decoded or instruction: 0x7c7d1b78
1578500: system.cpu: A0 T0 : 0x100014b0 @__libc_csu_init+48    : mr         r29, r3         : IntAlu :  D=0x0000000000000001  flags=(IsInteger)
1578750: global: Decode: Decoded std instruction: 0xfbe1fff8
1578750: system.cpu: A0 T0 : 0x100014b4 @__libc_csu_init+52    : std        r31, -8(r1)     : MemWrite :  D=0x00000000100ab248 A=0x7fffffffea18  flags=(IsInteger|IsStore)
1579000: global: Decode: Decoded subf instruction: 0x7f5ed050
1579000: system.cpu: A0 T0 : 0x100014b8 @__libc_csu_init+56    : subf       r26, r30, r26   : IntAlu :  D=0x0000000000000000  flags=(IsInteger)
1579250: global: Decode: Decoded sradi instruction: 0x7f5a1e75
1579250: system.cpu: A0 T0 : 0x100014bc @__libc_csu_init+60    : sradi.     r26, r26, 3     : IntAlu :  D=0x0000000028000284  flags=(IsInteger)
1579500: global: Decode: Decoded std instruction: 0xf8010010
1579500: system.cpu: A0 T0 : 0x100014c0 @__libc_csu_init+64    : std        r0, 16(r1)      : MemWrite :  D=0x0000000010000c80 A=0x7fffffffea30  flags=(IsInteger|IsStore)
1579750: global: Decode: Decoded stdu instruction: 0xf821ff61
1579750: system.cpu: A0 T0 : 0x100014c4 @__libc_csu_init+68    : stdu       r1, -160(r1)    : MemWrite :  D=0x00007fffffffe980 A=0x7fffffffe980  flags=(IsInteger|IsStore)
1580000: global: Decode: Decoded std instruction: 0xf8410028
1580000: system.cpu: A0 T0 : 0x100014c8 @__libc_csu_init+72    : std        r2, 40(r1)      : MemWrite :  D=0x00000000100b7d00 A=0x7fffffffe9a8  flags=(IsInteger|IsStore)
1580250: global: Decode: Decoded bc instruction: 0x41820048
1580250: system.cpu: A0 T0 : 0x100014cc @__libc_csu_init+76    : bc         2, 12, 0x10001514 : IntAlu :  D=0x0000000010001480  flags=(IsInteger|IsControl|IsDirectControl|IsCondControl)
1580500: global: Decode: Decoded b instruction: 0x4bffed55
1580500: system.cpu: A0 T0 : 0x10001514 @__libc_csu_init+148    : bl         _init           : IntAlu :  D=0x0000000010001518  flags=(IsInteger|IsControl|IsDirectControl|IsUncondControl)
1580750: global: Decode: Decoded mflr instruction: 0x7c0802a6
1580750: system.cpu: A0 T0 : 0x10000268 @_init    : mflr       r0              : IntAlu :  D=0x0000000010001518  flags=(IsInteger)
1581000: global: Decode: Decoded std instruction: 0xf8010010
1581000: system.cpu: A0 T0 : 0x1000026c @_init+4    : std        r0, 16(r1)      : MemWrite :  D=0x0000000010001518 A=0x7fffffffe990  flags=(IsInteger|IsStore)
1581250: global: Decode: Decoded stdu instruction: 0xf821ff91
1581250: system.cpu: A0 T0 : 0x10000270 @_init+8    : stdu       r1, -112(r1)    : MemWrite :  D=0x00007fffffffe910 A=0x7fffffffe910  flags=(IsInteger|IsStore)
1581500: global: Decode: Decoded ori instruction: 0x60000000
1581500: system.cpu: A0 T0 : 0x10000274 @_init+12    : nop                        : IntAlu :  D=0x0000000010001518  flags=(IsInteger)
1581750: global: Decode: Decoded ld instruction: 0xe8028008
1581750: system.cpu: A0 T0 : 0x10000278 @_init+16    : ld         r0, -32760(r2)  : MemRead :  D=0x0000000000000000 A=0x100afd08  flags=(IsInteger|IsLoad)
1582000: global: Decode: Decoded cmpi instruction: 0x2fa00000
1582000: system.cpu: A0 T0 : 0x1000027c @_init+20    : cmpdi      cr7, r0, 0      : IntAlu :  D=0x0000000028000282  flags=(IsInteger)
1582250: global: Decode: Decoded bc instruction: 0x41be000c
1582250: system.cpu: A0 T0 : 0x10000280 @_init+24    : bc         30, 13, 0x1000028c : IntAlu :  D=0x0000000010001480  flags=(IsInteger|IsControl|IsDirectControl|IsCondControl)
1582500: global: Decode: Decoded b instruction: 0x48000665
1582500: system.cpu: A0 T0 : 0x1000028c @_init+36    : bl         frame_dummy     : IntAlu :  D=0x0000000010000290  flags=(IsInteger|IsControl|IsDirectControl|IsUncondControl)
1582750: global: Decode: Decoded addis instruction: 0x3d22ffff
1582750: system.cpu: A0 T0 : 0x100008f0 @frame_dummy    : subis      r9, r2, 1       : IntAlu :  D=0x00000000100a7d00  flags=(IsInteger)
1583000: global: Decode: Decoded addi instruction: 0x39297eb0
1583000: system.cpu: A0 T0 : 0x100008f4 @frame_dummy+4    : addi       r9, r9, 32432   : IntAlu :  D=0x00000000100afbb0  flags=(IsInteger)
1583250: global: Decode: Decoded cmpi instruction: 0x2fa90000
1583250: system.cpu: A0 T0 : 0x100008f8 @frame_dummy+8    : cmpdi      cr7, r9, 0      : IntAlu :  D=0x0000000028000284  flags=(IsInteger)
1583500: global: Decode: Decoded bc instruction: 0x419e0044
1583500: system.cpu: A0 T0 : 0x100008fc @frame_dummy+12    : bc         30, 12, 0x10000940 : IntAlu :  D=0x0000000010001480  flags=(IsInteger|IsControl|IsDirectControl|IsCondControl)
1583750: global: Decode: Decoded mflr instruction: 0x7c0802a6
1583750: system.cpu: A0 T0 : 0x10000900 @frame_dummy+16    : mflr       r0              : IntAlu :  D=0x0000000010000290  flags=(IsInteger)
1584000: global: Decode: Decoded ori instruction: 0x60000000
1584000: system.cpu: A0 T0 : 0x10000904 @frame_dummy+20    : nop                        : IntAlu :  D=0x0000000010000290  flags=(IsInteger)
1584250: global: Decode: Decoded addis instruction: 0x3c62fffd
1584250: system.cpu: A0 T0 : 0x10000908 @frame_dummy+24    : subis      r3, r2, 3       : IntAlu :  D=0x0000000010087d00  flags=(IsInteger)
1584500: global: Decode: Decoded addi instruction: 0x3882a3e0
1584500: system.cpu: A0 T0 : 0x1000090c @frame_dummy+28    : subi       r4, r2, 23584   : IntAlu :  D=0x00000000100b20e0  flags=(IsInteger)
1584750: global: Decode: Decoded addi instruction: 0x3863ad48
1584750: system.cpu: A0 T0 : 0x10000910 @frame_dummy+32    : subi       r3, r3, 21176   : IntAlu :  D=0x0000000010082a48  flags=(IsInteger)
1585000: global: Decode: Decoded std instruction: 0xf8010010
1585000: system.cpu: A0 T0 : 0x10000914 @frame_dummy+36    : std        r0, 16(r1)      : MemWrite :  D=0x0000000010000290 A=0x7fffffffe920  flags=(IsInteger|IsStore)
1585250: global: Decode: Decoded stdu instruction: 0xf821ff91
1585250: system.cpu: A0 T0 : 0x10000918 @frame_dummy+40    : stdu       r1, -112(r1)    : MemWrite :  D=0x00007fffffffe8a0 A=0x7fffffffe8a0  flags=(IsInteger|IsStore)
1585500: global: Decode: Decoded b instruction: 0x4806b405
1585500: system.cpu: A0 T0 : 0x1000091c @frame_dummy+44    : bl         __register_frame_info : IntAlu :  D=0x0000000010000920  flags=(IsInteger|IsControl|IsDirectControl|IsUncondControl)
1585750: global: Decode: Decoded addi instruction: 0x38c00000
1585750: system.cpu: A0 T0 : 0x1006bd20 @__register_frame_info    : li         r6, 0           : IntAlu :  D=0x0000000000000000  flags=(IsInteger)
1586000: global: Decode: Decoded addi instruction: 0x38a00000
1586000: system.cpu: A0 T0 : 0x1006bd24 @__register_frame_info+4    : li         r5, 0           : IntAlu :  D=0x0000000000000000  flags=(IsInteger)
1586250: global: Decode: Decoded b instruction: 0x4bffff50
1586250: system.cpu: A0 T0 : 0x1006bd28 @__register_frame_info+8    : b          __register_frame_info_bases : IntAlu :   flags=(IsControl|IsDirectControl|IsUncondControl)
1586500: global: Decode: Decoded mflr instruction: 0x7c0802a6
1586500: system.cpu: A0 T0 : 0x1006bc78 @__register_frame_info_bases    : mflr       r0              : IntAlu :  D=0x0000000010000920  flags=(IsInteger)
1586750: global: Decode: Decoded or instruction: 0x7c691b79
1586750: system.cpu: A0 T0 : 0x1006bc7c @__register_frame_info_bases+4    : or.        r9, r3, r3      : IntAlu :  D=0x0000000048000284  flags=(IsInteger)
1587000: global: Decode: Decoded b instruction: 0x48000bd5
1587000: system.cpu: A0 T0 : 0x1006bc80 @__register_frame_info_bases+8    : bl         0x1006c854      : IntAlu :  D=0x000000001006bc84  flags=(IsInteger|IsControl|IsDirectControl|IsUncondControl)
1587250: global: Decode: Decoded std instruction: 0xfba1ffe8
1587250: system.cpu: A0 T0 : 0x1006c854 @__do_global_ctors_aux+180    : std        r29, -24(r1)    : MemWrite :  D=0x0000000000000001 A=0x7fffffffe888  flags=(IsInteger|IsStore)
1587500: global: Decode: Decoded std instruction: 0xfbc1fff0
1587500: system.cpu: A0 T0 : 0x1006c858 @__do_global_ctors_aux+184    : std        r30, -16(r1)    : MemWrite :  D=0x00000000100a98a8 A=0x7fffffffe890  flags=(IsInteger|IsStore)
1587750: global: Decode: Decoded std instruction: 0xfbe1fff8
1587750: system.cpu: A0 T0 : 0x1006c85c @__do_global_ctors_aux+188    : std        r31, -8(r1)     : MemWrite :  D=0x00000000100ab248 A=0x7fffffffe898  flags=(IsInteger|IsStore)
1588000: global: Decode: Decoded std instruction: 0xf8010010
1588000: system.cpu: A0 T0 : 0x1006c860 @__do_global_ctors_aux+192    : std        r0, 16(r1)      : MemWrite :  D=0x0000000010000920 A=0x7fffffffe8b0  flags=(IsInteger|IsStore)
1588250: global: Decode: Decoded bclr instruction: 0x4e800020
1588250: system.cpu: A0 T0 : 0x1006c864 @__do_global_ctors_aux+196    : bclr       0, 20           : IntAlu :  D=0x0000000010001480  flags=(IsInteger|IsControl|IsIndirectControl|IsCondControl|IsReturn)
1588500: global: Decode: Decoded stdu instruction: 0xf821ff71
1588500: system.cpu: A0 T0 : 0x1006bc84 @__register_frame_info_bases+12    : stdu       r1, -144(r1)    : MemWrite :  D=0x00007fffffffe810 A=0x7fffffffe810  flags=(IsInteger|IsStore)
1588750: global: Decode: Decoded bc instruction: 0x41820084
1588750: system.cpu: A0 T0 : 0x1006bc88 @__register_frame_info_bases+16    : bc         2, 12, 0x1006bd0c : IntAlu :  D=0x0000000010001480  flags=(IsInteger|IsControl|IsDirectControl|IsCondControl)
1589000: global: Decode: Decoded lwz instruction: 0x81490000
1589000: system.cpu: A0 T0 : 0x1006bc8c @__register_frame_info_bases+20    : lwz        r10, 0(r9)      : MemRead :  D=0x0000000000000010 A=0x10082a48  flags=(IsInteger|IsLoad)
1589250: global: Decode: Decoded cmpi instruction: 0x2f8a0000
1589250: system.cpu: A0 T0 : 0x1006bc90 @__register_frame_info_bases+24    : cmpwi      cr7, r10, 0     : IntAlu :  D=0x0000000048000284  flags=(IsInteger)
1589500: global: Decode: Decoded bc instruction: 0x419e0078
1589500: system.cpu: A0 T0 : 0x1006bc94 @__register_frame_info_bases+28    : bc         30, 12, 0x1006bd0c : IntAlu :  D=0x0000000010001480  flags=(IsInteger|IsControl|IsDirectControl|IsCondControl)
1589750: global: Decode: Decoded ld instruction: 0xeba280c0
1589750: system.cpu: A0 T0 : 0x1006bc98 @__register_frame_info_bases+32    : ld         r29, -32576(r2) : MemRead :  D=0x0000000000000000 A=0x100afdc0  flags=(IsInteger|IsLoad)
1590000: global: Decode: Decoded std instruction: 0xf9240018
1590000: system.cpu: A0 T0 : 0x1006bc9c @__register_frame_info_bases+36    : std        r9, 24(r4)      : MemWrite :  D=0x0000000010082a48 A=0x100b20f8  flags=(IsInteger|IsStore)
1590250: global: Decode: Decoded addis instruction: 0x3d201fe0
1590250: system.cpu: A0 T0 : 0x1006bca0 @__register_frame_info_bases+40    : lis        r9, 8160        : IntAlu :  D=0x000000001fe00000  flags=(IsInteger)
1590500: global: Decode: Decoded addi instruction: 0x3940ffff
1590500: system.cpu: A0 T0 : 0x1006bca4 @__register_frame_info_bases+44    : li         r10, -1         : IntAlu :  D=0xffffffffffffffff  flags=(IsInteger)
1590750: global: Decode: Decoded ld instruction: 0xebc28098
1590750: system.cpu: A0 T0 : 0x1006bca8 @__register_frame_info_bases+48    : ld         r30, -32616(r2) : MemRead :  D=0x00000000100b2ee0 A=0x100afd98  flags=(IsInteger|IsLoad)
1591000: global: Decode: Decoded rldicr instruction: 0x792907c6
1591000: system.cpu: A0 T0 : 0x1006bcac @__register_frame_info_bases+52    : rldicr     r9, r9, 32, 31  : IntAlu :  D=0x1fe0000000000000  flags=(IsInteger)
1591250: global: Decode: Decoded or instruction: 0x7c9f2378
1591250: system.cpu: A0 T0 : 0x1006bcb0 @__register_frame_info_bases+56    : mr         r31, r4         : IntAlu :  D=0x00000000100b20e0  flags=(IsInteger)
1591500: global: Decode: Decoded std instruction: 0xf8a40008
1591500: system.cpu: A0 T0 : 0x1006bcb4 @__register_frame_info_bases+60    : std        r5, 8(r4)       : MemWrite :  D=0x0000000000000000 A=0x100b20e8  flags=(IsInteger|IsStore)
1591750: global: Decode: Decoded std instruction: 0xf8c40010
1591750: system.cpu: A0 T0 : 0x1006bcb8 @__register_frame_info_bases+64    : std        r6, 16(r4)      : MemWrite :  D=0x0000000000000000 A=0x100b20f0  flags=(IsInteger|IsStore)
1592000: global: Decode: Decoded std instruction: 0xf9440000
1592000: system.cpu: A0 T0 : 0x1006bcbc @__register_frame_info_bases+68    : std        r10, 0(r4)      : MemWrite :  D=0xffffffffffffffff A=0x100b20e0  flags=(IsInteger|IsStore)
1592250: global: Decode: Decoded cmpi instruction: 0x2fbd0000
1592250: system.cpu: A0 T0 : 0x1006bcc0 @__register_frame_info_bases+72    : cmpdi      cr7, r29, 0     : IntAlu :  D=0x0000000048000282  flags=(IsInteger)
1592500: global: Decode: Decoded std instruction: 0xf9240020
1592500: system.cpu: A0 T0 : 0x1006bcc4 @__register_frame_info_bases+76    : std        r9, 32(r4)      : MemWrite :  D=0x1fe0000000000000 A=0x100b2100  flags=(IsInteger|IsStore)
1592750: global: Decode: Decoded bc instruction: 0x419e0010
1592750: system.cpu: A0 T0 : 0x1006bcc8 @__register_frame_info_bases+80    : bc         30, 12, 0x1006bcd8 : IntAlu :  D=0x0000000010001480  flags=(IsInteger|IsControl|IsDirectControl|IsCondControl)
1593000: global: Decode: Decoded ld instruction: 0xe93e01c0
1593000: system.cpu: A0 T0 : 0x1006bcd8 @__register_frame_info_bases+96    : ld         r9, 448(r30)    : MemRead :  D=0x0000000000000000 A=0x100b30a0  flags=(IsInteger|IsLoad)
1593250: global: Decode: Decoded std instruction: 0xfbfe01c0
1593250: system.cpu: A0 T0 : 0x1006bcdc @__register_frame_info_bases+100    : std        r31, 448(r30)   : MemWrite :  D=0x00000000100b20e0 A=0x100b30a0  flags=(IsInteger|IsStore)
1593500: global: Decode: Decoded std instruction: 0xf93f0028
1593500: system.cpu: A0 T0 : 0x1006bce0 @__register_frame_info_bases+104    : std        r9, 40(r31)     : MemWrite :  D=0x0000000000000000 A=0x100b2108  flags=(IsInteger|IsStore)
1593750: global: Decode: Decoded lwz instruction: 0x813e01c8
1593750: system.cpu: A0 T0 : 0x1006bce4 @__register_frame_info_bases+108    : lwz        r9, 456(r30)    : MemRead :  D=0x0000000000000000 A=0x100b30a8  flags=(IsInteger|IsLoad)
1594000: global: Decode: Decoded cmpi instruction: 0x2f890000
1594000: system.cpu: A0 T0 : 0x1006bce8 @__register_frame_info_bases+112    : cmpwi      cr7, r9, 0      : IntAlu :  D=0x0000000048000282  flags=(IsInteger)
1594250: global: Decode: Decoded bc instruction: 0x409e000c
1594250: system.cpu: A0 T0 : 0x1006bcec @__register_frame_info_bases+116    : bc         30, 4, 0x1006bcf8 : IntAlu :  D=0x0000000010001480  flags=(IsInteger|IsControl|IsDirectControl|IsCondControl)
1594500: global: Decode: Decoded addi instruction: 0x39200001
1594500: system.cpu: A0 T0 : 0x1006bcf0 @__register_frame_info_bases+120    : li         r9, 1           : IntAlu :  D=0x0000000000000001  flags=(IsInteger)
1594750: global: Decode: Decoded stw instruction: 0x913e01c8
1594750: system.cpu: A0 T0 : 0x1006bcf4 @__register_frame_info_bases+124    : stw        r9, 456(r30)    : MemWrite :  D=0x0000000000000001 A=0x100b30a8  flags=(IsInteger|IsStore)
1595000: global: Decode: Decoded cmpi instruction: 0x2fbd0000
1595000: system.cpu: A0 T0 : 0x1006bcf8 @__register_frame_info_bases+128    : cmpdi      cr7, r29, 0     : IntAlu :  D=0x0000000048000282  flags=(IsInteger)
1595250: global: Decode: Decoded bc instruction: 0x419e0010
1595250: system.cpu: A0 T0 : 0x1006bcfc @__register_frame_info_bases+132    : bc         30, 12, 0x1006bd0c : IntAlu :  D=0x0000000010001480  flags=(IsInteger|IsControl|IsDirectControl|IsCondControl)
1595500: global: Decode: Decoded addi instruction: 0x38210090
1595500: system.cpu: A0 T0 : 0x1006bd0c @__register_frame_info_bases+148    : addi       r1, r1, 144     : IntAlu :  D=0x00007fffffffe8a0  flags=(IsInteger)
1595750: global: Decode: Decoded b instruction: 0x48000b94
1595750: system.cpu: A0 T0 : 0x1006bd10 @__register_frame_info_bases+152    : b          0x1006c8a4      : IntAlu :   flags=(IsControl|IsDirectControl|IsUncondControl)
1596000: global: Decode: Decoded ld instruction: 0xe8010010
1596000: system.cpu: A0 T0 : 0x1006c8a4 @__do_global_ctors_aux+260    : ld         r0, 16(r1)      : MemRead :  D=0x0000000010000920 A=0x7fffffffe8b0  flags=(IsInteger|IsLoad)
1596250: global: Decode: Decoded ld instruction: 0xeba1ffe8
1596250: system.cpu: A0 T0 : 0x1006c8a8 @__do_global_ctors_aux+264    : ld         r29, -24(r1)    : MemRead :  D=0x0000000000000001 A=0x7fffffffe888  flags=(IsInteger|IsLoad)
1596500: global: Decode: Decoded mtlr instruction: 0x7c0803a6
1596500: system.cpu: A0 T0 : 0x1006c8ac @__do_global_ctors_aux+268    : mtlr       r0              : IntAlu :  D=0x0000000010000920  flags=(IsInteger)
1596750: global: Decode: Decoded ld instruction: 0xebc1fff0
1596750: system.cpu: A0 T0 : 0x1006c8b0 @__do_global_ctors_aux+272    : ld         r30, -16(r1)    : MemRead :  D=0x00000000100a98a8 A=0x7fffffffe890  flags=(IsInteger|IsLoad)
1597000: global: Decode: Decoded ld instruction: 0xebe1fff8
1597000: system.cpu: A0 T0 : 0x1006c8b4 @__do_global_ctors_aux+276    : ld         r31, -8(r1)     : MemRead :  D=0x00000000100ab248 A=0x7fffffffe898  flags=(IsInteger|IsLoad)
1597250: global: Decode: Decoded bclr instruction: 0x4e800020
1597250: system.cpu: A0 T0 : 0x1006c8b8 @__do_global_ctors_aux+280    : bclr       0, 20           : IntAlu :  D=0x0000000010001480  flags=(IsInteger|IsControl|IsIndirectControl|IsCondControl|IsReturn)
1597500: global: Decode: Decoded ori instruction: 0x60000000
1597500: system.cpu: A0 T0 : 0x10000920 @frame_dummy+48    : nop                        : IntAlu :  D=0x0000000010000920  flags=(IsInteger)
1597750: global: Decode: Decoded addi instruction: 0x38210070
1597750: system.cpu: A0 T0 : 0x10000924 @frame_dummy+52    : addi       r1, r1, 112     : IntAlu :  D=0x00007fffffffe910  flags=(IsInteger)
1598000: global: Decode: Decoded ld instruction: 0xe8010010
1598000: system.cpu: A0 T0 : 0x10000928 @frame_dummy+56    : ld         r0, 16(r1)      : MemRead :  D=0x0000000010000290 A=0x7fffffffe920  flags=(IsInteger|IsLoad)
1598250: global: Decode: Decoded mtlr instruction: 0x7c0803a6
1598250: system.cpu: A0 T0 : 0x1000092c @frame_dummy+60    : mtlr       r0              : IntAlu :  D=0x0000000010000290  flags=(IsInteger)
1598500: global: Decode: Decoded b instruction: 0x4bfffe60
1598500: system.cpu: A0 T0 : 0x10000930 @frame_dummy+64    : b          register_tm_clones : IntAlu :   flags=(IsControl|IsDirectControl|IsUncondControl)
1598750: global: Decode: Decoded ori instruction: 0x60000000
1598750: system.cpu: A0 T0 : 0x10000790 @register_tm_clones    : nop                        : IntAlu :  D=0x0000000010000290  flags=(IsInteger)
1599000: global: Decode: Decoded ori instruction: 0x60000000
1599000: system.cpu: A0 T0 : 0x10000794 @register_tm_clones+4    : nop                        : IntAlu :  D=0x0000000010000290  flags=(IsInteger)
1599250: global: Decode: Decoded addi instruction: 0x38629de8
1599250: system.cpu: A0 T0 : 0x10000798 @register_tm_clones+8    : subi       r3, r2, 25112   : IntAlu :  D=0x00000000100b1ae8  flags=(IsInteger)
1599500: global: Decode: Decoded addi instruction: 0x38829de8
1599500: system.cpu: A0 T0 : 0x1000079c @register_tm_clones+12    : subi       r4, r2, 25112   : IntAlu :  D=0x00000000100b1ae8  flags=(IsInteger)
1599750: global: Decode: Decoded subf instruction: 0x7c832050
1599750: system.cpu: A0 T0 : 0x100007a0 @register_tm_clones+16    : subf       r4, r3, r4      : IntAlu :  D=0x0000000000000000  flags=(IsInteger)
1600000: global: Decode: Decoded sradi instruction: 0x7c841e74
1600000: system.cpu: A0 T0 : 0x100007a4 @register_tm_clones+20    : sradi      r4, r4, 3       : IntAlu :  D=0x0000000000000000  flags=(IsInteger)
1600250: global: Decode: Decoded sradi instruction: 0x7c840e74
1600250: system.cpu: A0 T0 : 0x100007a8 @register_tm_clones+24    : sradi      r4, r4, 1       : IntAlu :  D=0x0000000000000000  flags=(IsInteger)
1600500: global: Decode: Decoded addze instruction: 0x7c840195
1600500: system.cpu: A0 T0 : 0x100007ac @register_tm_clones+28    : addze.     r4, r4          : IntAlu :  D=0x0000000028000282  flags=(IsInteger)
1600750: global: Decode: Decoded bclr instruction: 0x4d820020
1600750: system.cpu: A0 T0 : 0x100007b0 @register_tm_clones+32    : bclr       2, 12           : IntAlu :  D=0x0000000010001480  flags=(IsInteger|IsControl|IsIndirectControl|IsCondControl|IsReturn)
1601000: global: Decode: Decoded ori instruction: 0x60000000
1601000: system.cpu: A0 T0 : 0x10000290 @_init+40    : nop                        : IntAlu :  D=0x0000000010000290  flags=(IsInteger)
1601250: global: Decode: Decoded b instruction: 0x4806c50d
1601250: system.cpu: A0 T0 : 0x10000294 @_init+44    : bl         __do_global_ctors_aux : IntAlu :  D=0x0000000010000298  flags=(IsInteger|IsControl|IsDirectControl|IsUncondControl)
1601500: global: Decode: Decoded addis instruction: 0x3d22ffff
1601500: system.cpu: A0 T0 : 0x1006c7a0 @__do_global_ctors_aux    : subis      r9, r2, 1       : IntAlu :  D=0x00000000100a7d00  flags=(IsInteger)
1601750: global: Decode: Decoded ld instruction: 0xe9291bb0
1601750: system.cpu: A0 T0 : 0x1006c7a4 @__do_global_ctors_aux+4    : ld         r9, 7088(r9)    : MemRead :  D=0xffffffffffffffff A=0x100a98b0  flags=(IsInteger|IsLoad)
1602000: global: Decode: Decoded std instruction: 0xfbe1fff8
1602000: system.cpu: A0 T0 : 0x1006c7a8 @__do_global_ctors_aux+8    : std        r31, -8(r1)     : MemWrite :  D=0x00000000100ab248 A=0x7fffffffe908  flags=(IsInteger|IsStore)
1602250: global: Decode: Decoded addis instruction: 0x3fe2ffff
1602250: system.cpu: A0 T0 : 0x1006c7ac @__do_global_ctors_aux+12    : subis      r31, r2, 1      : IntAlu :  D=0x00000000100a7d00  flags=(IsInteger)
1602500: global: Decode: Decoded stdu instruction: 0xf821ff81
1602500: system.cpu: A0 T0 : 0x1006c7b0 @__do_global_ctors_aux+16    : stdu       r1, -128(r1)    : MemWrite :  D=0x00007fffffffe890 A=0x7fffffffe890  flags=(IsInteger|IsStore)
1602750: global: Decode: Decoded addi instruction: 0x3bff1bb8
1602750: system.cpu: A0 T0 : 0x1006c7b4 @__do_global_ctors_aux+20    : addi       r31, r31, 7096  : IntAlu :  D=0x00000000100a98b8  flags=(IsInteger)
1603000: global: Decode: Decoded cmpi instruction: 0x2fa9ffff
1603000: system.cpu: A0 T0 : 0x1006c7b8 @__do_global_ctors_aux+24    : cmpdi      cr7, r9, -1     : IntAlu :  D=0x0000000028000282  flags=(IsInteger)
1603250: global: Decode: Decoded bc instruction: 0x419e0050
1603250: system.cpu: A0 T0 : 0x1006c7bc @__do_global_ctors_aux+28    : bc         30, 12, 0x1006c80c : IntAlu :  D=0x0000000010001480  flags=(IsInteger|IsControl|IsDirectControl|IsCondControl)
1603500: global: Decode: Decoded addi instruction: 0x38210080
1603500: system.cpu: A0 T0 : 0x1006c80c @__do_global_ctors_aux+108    : addi       r1, r1, 128     : IntAlu :  D=0x00007fffffffe910  flags=(IsInteger)
1603750: global: Decode: Decoded ld instruction: 0xebe1fff8
1603750: system.cpu: A0 T0 : 0x1006c810 @__do_global_ctors_aux+112    : ld         r31, -8(r1)     : MemRead :  D=0x00000000100ab248 A=0x7fffffffe908  flags=(IsInteger|IsLoad)
1604000: global: Decode: Decoded bclr instruction: 0x4e800020
1604000: system.cpu: A0 T0 : 0x1006c814 @__do_global_ctors_aux+116    : bclr       0, 20           : IntAlu :  D=0x0000000010001480  flags=(IsInteger|IsControl|IsIndirectControl|IsCondControl|IsReturn)
1604250: global: Decode: Decoded ori instruction: 0x60000000
1604250: system.cpu: A0 T0 : 0x10000298 @_init+48    : nop                        : IntAlu :  D=0x0000000010000290  flags=(IsInteger)
1604500: global: Decode: Decoded addi instruction: 0x38210070
1604500: system.cpu: A0 T0 : 0x1000029c @_init+52    : addi       r1, r1, 112     : IntAlu :  D=0x00007fffffffe980  flags=(IsInteger)
1604750: global: Decode: Decoded ld instruction: 0xe8010010
1604750: system.cpu: A0 T0 : 0x100002a0 @_init+56    : ld         r0, 16(r1)      : MemRead :  D=0x0000000010001518 A=0x7fffffffe990  flags=(IsInteger|IsLoad)
1605000: global: Decode: Decoded mtlr instruction: 0x7c0803a6
1605000: system.cpu: A0 T0 : 0x100002a4 @_init+60    : mtlr       r0              : IntAlu :  D=0x0000000010001518  flags=(IsInteger)
1605250: global: Decode: Decoded bclr instruction: 0x4e800020
1605250: system.cpu: A0 T0 : 0x100002a8 @_init+64    : bclr       0, 20           : IntAlu :  D=0x0000000010001480  flags=(IsInteger|IsControl|IsIndirectControl|IsCondControl|IsReturn)
1605500: global: Decode: Decoded ori instruction: 0x60000000
1605500: system.cpu: A0 T0 : 0x10001518 @__libc_csu_init+152    : nop                        : IntAlu :  D=0x0000000010001518  flags=(IsInteger)
1605750: global: Decode: Decoded addis instruction: 0x3f42ffff
1605750: system.cpu: A0 T0 : 0x1000151c @__libc_csu_init+156    : subis      r26, r2, 1      : IntAlu :  D=0x00000000100a7d00  flags=(IsInteger)
1606000: global: Decode: Decoded addi instruction: 0x3b5a1ba8
1606000: system.cpu: A0 T0 : 0x10001520 @__libc_csu_init+160    : addi       r26, r26, 7080  : IntAlu :  D=0x00000000100a98a8  flags=(IsInteger)
1606250: global: Decode: Decoded addis instruction: 0x3fc2ffff
1606250: system.cpu: A0 T0 : 0x10001524 @__libc_csu_init+164    : subis      r30, r2, 1      : IntAlu :  D=0x00000000100a7d00  flags=(IsInteger)
1606500: global: Decode: Decoded addi instruction: 0x3bde1ba8
1606500: system.cpu: A0 T0 : 0x10001528 @__libc_csu_init+168    : addi       r30, r30, 7080  : IntAlu :  D=0x00000000100a98a8  flags=(IsInteger)
1606750: global: Decode: Decoded subf instruction: 0x7f5ed050
1606750: system.cpu: A0 T0 : 0x1000152c @__libc_csu_init+172    : subf       r26, r30, r26   : IntAlu :  D=0x0000000000000000  flags=(IsInteger)
1607000: global: Decode: Decoded sradi instruction: 0x7f5a1e75
1607000: system.cpu: A0 T0 : 0x10001530 @__libc_csu_init+176    : sradi.     r26, r26, 3     : IntAlu :  D=0x0000000028000282  flags=(IsInteger)
1607250: global: Decode: Decoded bc instruction: 0x41820040
1607250: system.cpu: A0 T0 : 0x10001534 @__libc_csu_init+180    : bc         2, 12, 0x10001574 : IntAlu :  D=0x0000000010001480  flags=(IsInteger|IsControl|IsDirectControl|IsCondControl)
1607500: global: Decode: Decoded addi instruction: 0x382100a0
1607500: system.cpu: A0 T0 : 0x10001574 @__libc_csu_init+244    : addi       r1, r1, 160     : IntAlu :  D=0x00007fffffffea20  flags=(IsInteger)
1607750: global: Decode: Decoded ld instruction: 0xe8010010
1607750: system.cpu: A0 T0 : 0x10001578 @__libc_csu_init+248    : ld         r0, 16(r1)      : MemRead :  D=0x0000000010000c80 A=0x7fffffffea30  flags=(IsInteger|IsLoad)
1608000: global: Decode: Decoded ld instruction: 0xeb41ffd0
1608000: system.cpu: A0 T0 : 0x1000157c @__libc_csu_init+252    : ld         r26, -48(r1)    : MemRead :  D=0x0000000000000000 A=0x7fffffffe9f0  flags=(IsInteger|IsLoad)
1608250: global: Decode: Decoded ld instruction: 0xeb61ffd8
1608250: system.cpu: A0 T0 : 0x10001580 @__libc_csu_init+256    : ld         r27, -40(r1)    : MemRead :  D=0x00000000100b00d8 A=0x7fffffffe9f8  flags=(IsInteger|IsLoad)
1608500: global: Decode: Decoded ld instruction: 0xeb81ffe0
1608500: system.cpu: A0 T0 : 0x10001584 @__libc_csu_init+260    : ld         r28, -32(r1)    : MemRead :  D=0x0000000010000268 A=0x7fffffffea00  flags=(IsInteger|IsLoad)
1608750: global: Decode: Decoded ld instruction: 0xeba1ffe8
1608750: system.cpu: A0 T0 : 0x10001588 @__libc_csu_init+264    : ld         r29, -24(r1)    : MemRead :  D=0x0000000000000000 A=0x7fffffffea08  flags=(IsInteger|IsLoad)
1609000: global: Decode: Decoded ld instruction: 0xebc1fff0
1609000: system.cpu: A0 T0 : 0x1000158c @__libc_csu_init+268    : ld         r30, -16(r1)    : MemRead :  D=0x00000000100ab260 A=0x7fffffffea10  flags=(IsInteger|IsLoad)
1609250: global: Decode: Decoded ld instruction: 0xebe1fff8
1609250: system.cpu: A0 T0 : 0x10001590 @__libc_csu_init+272    : ld         r31, -8(r1)     : MemRead :  D=0x00000000100ab248 A=0x7fffffffea18  flags=(IsInteger|IsLoad)
1609500: global: Decode: Decoded mtlr instruction: 0x7c0803a6
1609500: system.cpu: A0 T0 : 0x10001594 @__libc_csu_init+276    : mtlr       r0              : IntAlu :  D=0x0000000010000c80  flags=(IsInteger)
1609750: global: Decode: Decoded bclr instruction: 0x4e800020
1609750: system.cpu: A0 T0 : 0x10001598 @__libc_csu_init+280    : bclr       0, 20           : IntAlu :  D=0x0000000010001480  flags=(IsInteger|IsControl|IsIndirectControl|IsCondControl|IsReturn)
1610000: global: Decode: Decoded ld instruction: 0xe8410028
1610000: system.cpu: A0 T0 : 0x10000c80 @generic_start_main+736    : ld         r2, 40(r1)      : MemRead :  D=0x00000000100b7d00 A=0x7fffffffea48  flags=(IsInteger|IsLoad)
1610250: global: Decode: Decoded addi instruction: 0x38800000
1610250: system.cpu: A0 T0 : 0x10000c84 @generic_start_main+740    : li         r4, 0           : IntAlu :  D=0x0000000000000000  flags=(IsInteger)
1610500: global: Decode: Decoded addi instruction: 0x38600000
1610500: system.cpu: A0 T0 : 0x10000c88 @generic_start_main+744    : li         r3, 0           : IntAlu :  D=0x0000000000000000  flags=(IsInteger)
1610750: global: Decode: Decoded b instruction: 0x480232e5
1610750: system.cpu: A0 T0 : 0x10000c8c @generic_start_main+748    : bl         _dl_debug_initialize : IntAlu :  D=0x0000000010000c90  flags=(IsInteger|IsControl|IsDirectControl|IsUncondControl)
1611000: global: Decode: Decoded cmpi instruction: 0x2c240000
1611000: system.cpu: A0 T0 : 0x10023f70 @_dl_debug_initialize    : cmpdi      r4, 0           : IntAlu :  D=0x0000000028000282  flags=(IsInteger)
1611250: global: Decode: Decoded bc instruction: 0x4182006c
1611250: system.cpu: A0 T0 : 0x10023f74 @_dl_debug_initialize+4    : bc         2, 12, 0x10023fe0 : IntAlu :  D=0x0000000010001480  flags=(IsInteger|IsControl|IsDirectControl|IsCondControl)
1611500: global: Decode: Decoded ori instruction: 0x60000000
1611500: system.cpu: A0 T0 : 0x10023fe0 @_dl_debug_initialize+112    : nop                        : IntAlu :  D=0x0000000010000c80  flags=(IsInteger)
1611750: global: Decode: Decoded addi instruction: 0x3922b818
1611750: system.cpu: A0 T0 : 0x10023fe4 @_dl_debug_initialize+116    : subi       r9, r2, 18408   : IntAlu :  D=0x00000000100b3518  flags=(IsInteger)
1612000: global: Decode: Decoded ld instruction: 0xe9490008
1612000: system.cpu: A0 T0 : 0x10023fe8 @_dl_debug_initialize+120    : ld         r10, 8(r9)      : MemRead :  D=0x0000000000000000 A=0x100b3520  flags=(IsInteger|IsLoad)
1612250: global: Decode: Decoded cmpi instruction: 0x2faa0000
1612250: system.cpu: A0 T0 : 0x10023fec @_dl_debug_initialize+124    : cmpdi      cr7, r10, 0     : IntAlu :  D=0x0000000028000282  flags=(IsInteger)
1612500: global: Decode: Decoded bc instruction: 0x409effa8
1612500: system.cpu: A0 T0 : 0x10023ff0 @_dl_debug_initialize+128    : bc         30, 4, 0x10023f98 : IntAlu :  D=0x0000000010001480  flags=(IsInteger|IsControl|IsDirectControl|IsCondControl)
1612750: global: Decode: Decoded cmpi instruction: 0x2fa30000
1612750: system.cpu: A0 T0 : 0x10023ff4 @_dl_debug_initialize+132    : cmpdi      cr7, r3, 0      : IntAlu :  D=0x0000000028000282  flags=(IsInteger)
1613000: global: Decode: Decoded addi instruction: 0x39400001
1613000: system.cpu: A0 T0 : 0x10023ff8 @_dl_debug_initialize+136    : li         r10, 1          : IntAlu :  D=0x0000000000000001  flags=(IsInteger)
1613250: global: Decode: Decoded stw instruction: 0x91490000
1613250: system.cpu: A0 T0 : 0x10023ffc @_dl_debug_initialize+140    : stw        r10, 0(r9)      : MemWrite :  D=0x0000000000000001 A=0x100b3518  flags=(IsInteger|IsStore)
1613500: global: Decode: Decoded bc instruction: 0x409effa8
1613500: system.cpu: A0 T0 : 0x10024000 @_dl_debug_initialize+144    : bc         30, 4, 0x10023fa8 : IntAlu :  D=0x0000000010001480  flags=(IsInteger|IsControl|IsDirectControl|IsCondControl)
1613750: global: Decode: Decoded ori instruction: 0x60000000
1613750: system.cpu: A0 T0 : 0x10024004 @_dl_debug_initialize+148    : nop                        : IntAlu :  D=0x0000000010000c80  flags=(IsInteger)
1614000: global: Decode: Decoded addi instruction: 0x3942b818
1614000: system.cpu: A0 T0 : 0x10024008 @_dl_debug_initialize+152    : subi       r10, r2, 18408  : IntAlu :  D=0x00000000100b3518  flags=(IsInteger)
1614250: global: Decode: Decoded ld instruction: 0xe86a0020
1614250: system.cpu: A0 T0 : 0x1002400c @_dl_debug_initialize+156    : ld         r3, 32(r10)     : MemRead :  D=0x0000000000000000 A=0x100b3538  flags=(IsInteger|IsLoad)
1614500: global: Decode: Decoded b instruction: 0x4bffff98
1614500: system.cpu: A0 T0 : 0x10024010 @_dl_debug_initialize+160    : b          0x10023fa8      : IntAlu :   flags=(IsControl|IsDirectControl|IsUncondControl)
1614750: global: Decode: Decoded mulli instruction: 0x1d040090
1614750: system.cpu: A0 T0 : 0x10023fa8 @_dl_debug_initialize+56    : mulli      r8, r4, 144     : IntAlu :  D=0x0000000000000000  flags=(IsInteger)
1615000: global: Decode: Decoded ori instruction: 0x60000000
1615000: system.cpu: A0 T0 : 0x10023fac @_dl_debug_initialize+60    : nop                        : IntAlu :  D=0x0000000010000c80  flags=(IsInteger)
1615250: global: Decode: Decoded addi instruction: 0x394298f0
1615250: system.cpu: A0 T0 : 0x10023fb0 @_dl_debug_initialize+64    : subi       r10, r2, 26384  : IntAlu :  D=0x00000000100b15f0  flags=(IsInteger)
1615500: global: Decode: Decoded addis instruction: 0x3ce2ffff
1615500: system.cpu: A0 T0 : 0x10023fb4 @_dl_debug_initialize+68    : subis      r7, r2, 1       : IntAlu :  D=0x00000000100a7d00  flags=(IsInteger)
1615750: global: Decode: Decoded std instruction: 0xf8690020
1615750: system.cpu: A0 T0 : 0x10023fb8 @_dl_debug_initialize+72    : std        r3, 32(r9)      : MemWrite :  D=0x0000000000000000 A=0x100b3538  flags=(IsInteger|IsStore)
1616000: global: Decode: Decoded addi instruction: 0x38e75468
1616000: system.cpu: A0 T0 : 0x10023fbc @_dl_debug_initialize+76    : addi       r7, r7, 21608   : IntAlu :  D=0x00000000100ad168  flags=(IsInteger)
1616250: global: Decode: Decoded ldx instruction: 0x7d4a402a
1616250: system.cpu: A0 T0 : 0x10023fc0 @_dl_debug_initialize+80    : ldx        r10, r10, r8    : MemRead :  D=0x00000000100b10e8 A=0x100b15f0  flags=(IsInteger|IsLoad)
1616500: global: Decode: Decoded std instruction: 0xf8e90010
1616500: system.cpu: A0 T0 : 0x10023fc4 @_dl_debug_initialize+84    : std        r7, 16(r9)      : MemWrite :  D=0x00000000100ad168 A=0x100b3528  flags=(IsInteger|IsStore)
1616750: global: Decode: Decoded std instruction: 0xf9490008
1616750: system.cpu: A0 T0 : 0x10023fc8 @_dl_debug_initialize+88    : std        r10, 8(r9)      : MemWrite :  D=0x00000000100b10e8 A=0x100b3520  flags=(IsInteger|IsStore)
1617000: global: Decode: Decoded or instruction: 0x7d234b78
1617000: system.cpu: A0 T0 : 0x10023fcc @_dl_debug_initialize+92    : mr         r3, r9          : IntAlu :  D=0x00000000100b3518  flags=(IsInteger)
1617250: global: Decode: Decoded bclr instruction: 0x4e800020
1617250: system.cpu: A0 T0 : 0x10023fd0 @_dl_debug_initialize+96    : bclr       0, 20           : IntAlu :  D=0x0000000010001480  flags=(IsInteger|IsControl|IsIndirectControl|IsCondControl|IsReturn)
1617500: global: Decode: Decoded ori instruction: 0x60000000
1617500: system.cpu: A0 T0 : 0x10000c90 @generic_start_main+752    : nop                        : IntAlu :  D=0x0000000010000c80  flags=(IsInteger)
1617750: global: Decode: Decoded addi instruction: 0x38610070
1617750: system.cpu: A0 T0 : 0x10000c94 @generic_start_main+756    : addi       r3, r1, 112     : IntAlu :  D=0x00007fffffffea90  flags=(IsInteger)
1618000: global: Decode: Decoded b instruction: 0x4800635d
1618000: system.cpu: A0 T0 : 0x10000c98 @generic_start_main+760    : bl         __vmx_setjmp    : IntAlu :  D=0x0000000010000c9c  flags=(IsInteger|IsControl|IsDirectControl|IsUncondControl)
1618250: global: Decode: Decoded addi instruction: 0x38800000
1618250: system.cpu: A0 T0 : 0x10006ff4 @_setjmp    : li         r4, 0           : IntAlu :  D=0x0000000000000000  flags=(IsInteger)
1618500: global: Decode: Decoded b instruction: 0x48000024
1618500: system.cpu: A0 T0 : 0x10006ff8 @_setjmp+4    : b          __setjmp        : IntAlu :   flags=(IsControl|IsDirectControl|IsUncondControl)
1618750: global: Decode: Decoded or instruction: 0x7c250b78
1618750: system.cpu: A0 T0 : 0x1000701c @__vmx__sigsetjmp    : mr         r5, r1          : IntAlu :  D=0x00007fffffffea20  flags=(IsInteger)
1619000: global: Decode: Decoded ld instruction: 0xe8cd8fe8
1619000: system.cpu: A0 T0 : 0x10007020 @__vmx__sigsetjmp+4    : ld         r6, -28696(r13) : MemRead :  D=0x73742d70726f6773 A=0x100b4758  flags=(IsInteger|IsLoad)
1619250: global: Decode: Decoded xor instruction: 0x7cc52a78
1619250: system.cpu: A0 T0 : 0x10007024 @__vmx__sigsetjmp+8    : xor        r5, r6, r5      : IntAlu :  D=0x7374528f8d908d53  flags=(IsInteger)
1619500: global: Decode: Decoded std instruction: 0xf8a30000
1619500: system.cpu: A0 T0 : 0x10007028 @__vmx__sigsetjmp+12    : std        r5, 0(r3)       : MemWrite :  D=0x7374528f8d908d53 A=0x7fffffffea90  flags=(IsInteger|IsStore)
1619750: global: Decode: Decoded mflr instruction: 0x7c0802a6
1619750: system.cpu: A0 T0 : 0x1000702c @__vmx__sigsetjmp+16    : mflr       r0              : IntAlu :  D=0x0000000010000c9c  flags=(IsInteger)
1620000: global: Decode: Decoded std instruction: 0xf8430008
1620000: system.cpu: A0 T0 : 0x10007030 @__vmx__sigsetjmp+20    : std        r2, 8(r3)       : MemWrite :  D=0x00000000100b7d00 A=0x7fffffffea98  flags=(IsInteger|IsStore)
1620250: global: Decode: Decoded std instruction: 0xf9c30018
1620250: system.cpu: A0 T0 : 0x10007034 @__vmx__sigsetjmp+24    : std        r14, 24(r3)     : MemWrite :  D=0x0000000000000000 A=0x7fffffffeaa8  flags=(IsInteger|IsStore)
1620500: global: Decode: Decoded stfd instruction: 0xd9c300b0
1620500: system.cpu: A0 T0 : 0x10007038 @__vmx__sigsetjmp+28    : stfd       r3, 176(v14)    : MemWrite :  D=0x0000000000000000 A=0x7fffffffeb40  flags=(IsInteger|IsVector|IsStore)
1620750: global: Decode: Decoded xor instruction: 0x7cc00278
1620750: system.cpu: A0 T0 : 0x1000703c @__vmx__sigsetjmp+32    : xor        r0, r6, r0      : IntAlu :  D=0x73742d70626f6bef  flags=(IsInteger)
1621000: global: Decode: Decoded std instruction: 0xf8030010
1621000: system.cpu: A0 T0 : 0x10007040 @__vmx__sigsetjmp+36    : std        r0, 16(r3)      : MemWrite :  D=0x73742d70626f6bef A=0x7fffffffeaa0  flags=(IsInteger|IsStore)
1621250: global: Decode: Decoded std instruction: 0xf9e30020
1621250: system.cpu: A0 T0 : 0x10007044 @__vmx__sigsetjmp+40    : std        r15, 32(r3)     : MemWrite :  D=0x0000000000000000 A=0x7fffffffeab0  flags=(IsInteger|IsStore)
1621500: global: Decode: Decoded stfd instruction: 0xd9e300b8
1621500: system.cpu: A0 T0 : 0x10007048 @__vmx__sigsetjmp+44    : stfd       r3, 184(v15)    : MemWrite :  D=0x0000000000000000 A=0x7fffffffeb48  flags=(IsInteger|IsVector|IsStore)
1621750: global: Decode: Decoded mfcr instruction: 0x7c000026
1621750: system.cpu: A0 T0 : 0x1000704c @__vmx__sigsetjmp+48    : mfcr       r0              : IntAlu :  D=0x0000000028000282  flags=(IsInteger)
1622000: global: Decode: Decoded std instruction: 0xfa030028
1622000: system.cpu: A0 T0 : 0x10007050 @__vmx__sigsetjmp+52    : std        r16, 40(r3)     : MemWrite :  D=0x0000000000000000 A=0x7fffffffeab8  flags=(IsInteger|IsStore)
1622250: global: Decode: Decoded stfd instruction: 0xda0300c0
1622250: system.cpu: A0 T0 : 0x10007054 @__vmx__sigsetjmp+56    : stfd       r3, 192(v16)    : MemWrite :  D=0x0000000000000000 A=0x7fffffffeb50  flags=(IsInteger|IsVector|IsStore)
1622500: global: Decode: Decoded stw instruction: 0x900300ac
1622500: system.cpu: A0 T0 : 0x10007058 @__vmx__sigsetjmp+60    : stw        r0, 172(r3)     : MemWrite :  D=0x0000000028000282 A=0x7fffffffeb3c  flags=(IsInteger|IsStore)
1622750: global: Decode: Decoded std instruction: 0xfa230030
1622750: system.cpu: A0 T0 : 0x1000705c @__vmx__sigsetjmp+64    : std        r17, 48(r3)     : MemWrite :  D=0x0000000000000000 A=0x7fffffffeac0  flags=(IsInteger|IsStore)
1623000: global: Decode: Decoded stfd instruction: 0xda2300c8
1623000: system.cpu: A0 T0 : 0x10007060 @__vmx__sigsetjmp+68    : stfd       r3, 200(v17)    : MemWrite :  D=0x0000000000000000 A=0x7fffffffeb58  flags=(IsInteger|IsVector|IsStore)
1623250: global: Decode: Decoded std instruction: 0xfa430038
1623250: system.cpu: A0 T0 : 0x10007064 @__vmx__sigsetjmp+72    : std        r18, 56(r3)     : MemWrite :  D=0x0000000000000000 A=0x7fffffffeac8  flags=(IsInteger|IsStore)
1623500: global: Decode: Decoded stfd instruction: 0xda4300d0
1623500: system.cpu: A0 T0 : 0x10007068 @__vmx__sigsetjmp+76    : stfd       r3, 208(v18)    : MemWrite :  D=0x0000000000000000 A=0x7fffffffeb60  flags=(IsInteger|IsVector|IsStore)
1623750: global: Decode: Decoded std instruction: 0xfa630040
1623750: system.cpu: A0 T0 : 0x1000706c @__vmx__sigsetjmp+80    : std        r19, 64(r3)     : MemWrite :  D=0x0000000000000000 A=0x7fffffffead0  flags=(IsInteger|IsStore)
1624000: global: Decode: Decoded stfd instruction: 0xda6300d8
1624000: system.cpu: A0 T0 : 0x10007070 @__vmx__sigsetjmp+84    : stfd       r3, 216(v19)    : MemWrite :  D=0x0000000000000000 A=0x7fffffffeb68  flags=(IsInteger|IsVector|IsStore)
1624250: global: Decode: Decoded std instruction: 0xfa830048
1624250: system.cpu: A0 T0 : 0x10007074 @__vmx__sigsetjmp+88    : std        r20, 72(r3)     : MemWrite :  D=0x0000000000000000 A=0x7fffffffead8  flags=(IsInteger|IsStore)
1624500: global: Decode: Decoded stfd instruction: 0xda8300e0
1624500: system.cpu: A0 T0 : 0x10007078 @__vmx__sigsetjmp+92    : stfd       r3, 224(v20)    : MemWrite :  D=0x0000000000000000 A=0x7fffffffeb70  flags=(IsInteger|IsVector|IsStore)
1624750: global: Decode: Decoded std instruction: 0xfaa30050
1624750: system.cpu: A0 T0 : 0x1000707c @__vmx__sigsetjmp+96    : std        r21, 80(r3)     : MemWrite :  D=0x0000000000000000 A=0x7fffffffeae0  flags=(IsInteger|IsStore)
1625000: global: Decode: Decoded stfd instruction: 0xdaa300e8
1625000: system.cpu: A0 T0 : 0x10007080 @__vmx__sigsetjmp+100    : stfd       r3, 232(v21)    : MemWrite :  D=0x0000000000000000 A=0x7fffffffeb78  flags=(IsInteger|IsVector|IsStore)
1625250: global: Decode: Decoded std instruction: 0xfac30058
1625250: system.cpu: A0 T0 : 0x10007084 @__vmx__sigsetjmp+104    : std        r22, 88(r3)     : MemWrite :  D=0x0000000000000000 A=0x7fffffffeae8  flags=(IsInteger|IsStore)
1625500: global: Decode: Decoded stfd instruction: 0xdac300f0
1625500: system.cpu: A0 T0 : 0x10007088 @__vmx__sigsetjmp+108    : stfd       r3, 240(v22)    : MemWrite :  D=0x0000000000000000 A=0x7fffffffeb80  flags=(IsInteger|IsVector|IsStore)
1625750: global: Decode: Decoded std instruction: 0xfae30060
1625750: system.cpu: A0 T0 : 0x1000708c @__vmx__sigsetjmp+112    : std        r23, 96(r3)     : MemWrite :  D=0x00000000100b3590 A=0x7fffffffeaf0  flags=(IsInteger|IsStore)
1626000: global: Decode: Decoded stfd instruction: 0xdae300f8
1626000: system.cpu: A0 T0 : 0x10007090 @__vmx__sigsetjmp+116    : stfd       r3, 248(v23)    : MemWrite :  D=0x0000000000000000 A=0x7fffffffeb88  flags=(IsInteger|IsVector|IsStore)
1626250: global: Decode: Decoded std instruction: 0xfb030068
1626250: system.cpu: A0 T0 : 0x10007094 @__vmx__sigsetjmp+120    : std        r24, 104(r3)    : MemWrite :  D=0x00000000100b2b60 A=0x7fffffffeaf8  flags=(IsInteger|IsStore)
1626500: global: Decode: Decoded stfd instruction: 0xdb030100
1626500: system.cpu: A0 T0 : 0x10007098 @__vmx__sigsetjmp+124    : stfd       r3, 256(v24)    : MemWrite :  D=0x0000000000000000 A=0x7fffffffeb90  flags=(IsInteger|IsVector|IsStore)
1626750: global: Decode: Decoded std instruction: 0xfb230070
1626750: system.cpu: A0 T0 : 0x1000709c @__vmx__sigsetjmp+128    : std        r25, 112(r3)    : MemWrite :  D=0x00000000100b2b70 A=0x7fffffffeb00  flags=(IsInteger|IsStore)
1627000: global: Decode: Decoded stfd instruction: 0xdb230108
1627000: system.cpu: A0 T0 : 0x100070a0 @__vmx__sigsetjmp+132    : stfd       r3, 264(v25)    : MemWrite :  D=0x0000000000000000 A=0x7fffffffeb98  flags=(IsInteger|IsVector|IsStore)
1627250: global: Decode: Decoded std instruction: 0xfb430078
1627250: system.cpu: A0 T0 : 0x100070a4 @__vmx__sigsetjmp+136    : std        r26, 120(r3)    : MemWrite :  D=0x0000000000000000 A=0x7fffffffeb08  flags=(IsInteger|IsStore)
1627500: global: Decode: Decoded stfd instruction: 0xdb430110
1627500: system.cpu: A0 T0 : 0x100070a8 @__vmx__sigsetjmp+140    : stfd       r3, 272(v26)    : MemWrite :  D=0x0000000000000000 A=0x7fffffffeba0  flags=(IsInteger|IsVector|IsStore)
1627750: global: Decode: Decoded std instruction: 0xfb630080
1627750: system.cpu: A0 T0 : 0x100070ac @__vmx__sigsetjmp+144    : std        r27, 128(r3)    : MemWrite :  D=0x00000000100b00d8 A=0x7fffffffeb10  flags=(IsInteger|IsStore)
1628000: global: Decode: Decoded stfd instruction: 0xdb630118
1628000: system.cpu: A0 T0 : 0x100070b0 @__vmx__sigsetjmp+148    : stfd       r3, 280(v27)    : MemWrite :  D=0x0000000000000000 A=0x7fffffffeba8  flags=(IsInteger|IsVector|IsStore)
1628250: global: Decode: Decoded std instruction: 0xfb830088
1628250: system.cpu: A0 T0 : 0x100070b4 @__vmx__sigsetjmp+152    : std        r28, 136(r3)    : MemWrite :  D=0x0000000010000268 A=0x7fffffffeb18  flags=(IsInteger|IsStore)
1628500: global: Decode: Decoded stfd instruction: 0xdb830120
1628500: system.cpu: A0 T0 : 0x100070b8 @__vmx__sigsetjmp+156    : stfd       r3, 288(v28)    : MemWrite :  D=0x0000000000000000 A=0x7fffffffebb0  flags=(IsInteger|IsVector|IsStore)
1628750: global: Decode: Decoded std instruction: 0xfba30090
1628750: system.cpu: A0 T0 : 0x100070bc @__vmx__sigsetjmp+160    : std        r29, 144(r3)    : MemWrite :  D=0x0000000000000000 A=0x7fffffffeb20  flags=(IsInteger|IsStore)
1629000: global: Decode: Decoded stfd instruction: 0xdba30128
1629000: system.cpu: A0 T0 : 0x100070c0 @__vmx__sigsetjmp+164    : stfd       r3, 296(v29)    : MemWrite :  D=0x0000000000000000 A=0x7fffffffebb8  flags=(IsInteger|IsVector|IsStore)
1629250: global: Decode: Decoded std instruction: 0xfbc30098
1629250: system.cpu: A0 T0 : 0x100070c4 @__vmx__sigsetjmp+168    : std        r30, 152(r3)    : MemWrite :  D=0x00000000100ab260 A=0x7fffffffeb28  flags=(IsInteger|IsStore)
1629500: global: Decode: Decoded stfd instruction: 0xdbc30130
1629500: system.cpu: A0 T0 : 0x100070c8 @__vmx__sigsetjmp+172    : stfd       r3, 304(v30)    : MemWrite :  D=0x0000000000000000 A=0x7fffffffebc0  flags=(IsInteger|IsVector|IsStore)
1629750: global: Decode: Decoded std instruction: 0xfbe300a0
1629750: system.cpu: A0 T0 : 0x100070cc @__vmx__sigsetjmp+176    : std        r31, 160(r3)    : MemWrite :  D=0x00000000100ab248 A=0x7fffffffeb30  flags=(IsInteger|IsStore)
1630000: global: Decode: Decoded stfd instruction: 0xdbe30138
1630000: system.cpu: A0 T0 : 0x100070d0 @__vmx__sigsetjmp+180    : stfd       r3, 312(v31)    : MemWrite :  D=0x0000000000000000 A=0x7fffffffebc8  flags=(IsInteger|IsVector|IsStore)
1630250: global: Decode: Decoded ld instruction: 0xe8c28028
1630250: system.cpu: A0 T0 : 0x100070d4 @__vmx__sigsetjmp+184    : ld         r6, -32728(r2)  : MemRead :  D=0x00000000100b2b70 A=0x100afd28  flags=(IsInteger|IsLoad)
1630500: global: Decode: Decoded ld instruction: 0xe8c60000
1630500: system.cpu: A0 T0 : 0x100070d8 @__vmx__sigsetjmp+188    : ld         r6, 0(r6)       : MemRead :  D=0x00000000c0000000 A=0x100b2b70  flags=(IsInteger|IsLoad)
1630750: global: Decode: Decoded andis_ instruction: 0x74c61000
1630750: system.cpu: A0 T0 : 0x100070dc @__vmx__sigsetjmp+192    : andis.     r6, r6, 4096    : IntAlu :  D=0x0000000028000282  flags=(IsInteger)
1631000: global: Decode: Decoded bc instruction: 0x41820130
1631000: system.cpu: A0 T0 : 0x100070e0 @__vmx__sigsetjmp+196    : bc         2, 12, 0x10007210 : IntAlu :  D=0x0000000010001480  flags=(IsInteger|IsControl|IsDirectControl|IsCondControl)
1631250: global: Decode: Decoded mflr instruction: 0x7c0802a6
1631250: system.cpu: A0 T0 : 0x10007210 @__vmx__sigsetjmp+500    : mflr       r0              : IntAlu :  D=0x0000000010000c9c  flags=(IsInteger)
1631500: global: Decode: Decoded std instruction: 0xf8010010
1631500: system.cpu: A0 T0 : 0x10007214 @__vmx__sigsetjmp+504    : std        r0, 16(r1)      : MemWrite :  D=0x0000000010000c9c A=0x7fffffffea30  flags=(IsInteger|IsStore)
1631750: global: Decode: Decoded stdu instruction: 0xf821ff91
1631750: system.cpu: A0 T0 : 0x10007218 @__vmx__sigsetjmp+508    : stdu       r1, -112(r1)    : MemWrite :  D=0x00007fffffffe9b0 A=0x7fffffffe9b0  flags=(IsInteger|IsStore)
1632000: global: Decode: Decoded b instruction: 0x48000045
1632000: system.cpu: A0 T0 : 0x1000721c @__vmx__sigsetjmp+512    : bl         __sigjmp_save   : IntAlu :  D=0x0000000010007220  flags=(IsInteger|IsControl|IsDirectControl|IsUncondControl)
1632250: global: Decode: Decoded cmpi instruction: 0x2c240000
1632250: system.cpu: A0 T0 : 0x10007260 @__vmx__sigjmp_save    : cmpdi      r4, 0           : IntAlu :  D=0x0000000028000282  flags=(IsInteger)
1632500: global: Decode: Decoded std instruction: 0xfbe1fff8
1632500: system.cpu: A0 T0 : 0x10007264 @__vmx__sigjmp_save+4    : std        r31, -8(r1)     : MemWrite :  D=0x00000000100ab248 A=0x7fffffffe9a8  flags=(IsInteger|IsStore)
1632750: global: Decode: Decoded stdu instruction: 0xf821ff81
1632750: system.cpu: A0 T0 : 0x10007268 @__vmx__sigjmp_save+8    : stdu       r1, -128(r1)    : MemWrite :  D=0x00007fffffffe930 A=0x7fffffffe930  flags=(IsInteger|IsStore)
1633000: global: Decode: Decoded or instruction: 0x7c7f1b78
1633000: system.cpu: A0 T0 : 0x1000726c @__vmx__sigjmp_save+12    : mr         r31, r3         : IntAlu :  D=0x00007fffffffea90  flags=(IsInteger)
1633250: global: Decode: Decoded bc instruction: 0x40820020
1633250: system.cpu: A0 T0 : 0x10007270 @__vmx__sigjmp_save+16    : bc         2, 4, 0x10007290 : IntAlu :  D=0x0000000010001480  flags=(IsInteger|IsControl|IsDirectControl|IsCondControl)
1633500: global: Decode: Decoded addi instruction: 0x38210080
1633500: system.cpu: A0 T0 : 0x10007274 @__vmx__sigjmp_save+20    : addi       r1, r1, 128     : IntAlu :  D=0x00007fffffffe9b0  flags=(IsInteger)
1633750: global: Decode: Decoded stw instruction: 0x909f0200
1633750: system.cpu: A0 T0 : 0x10007278 @__vmx__sigjmp_save+24    : stw        r4, 512(r31)    : MemWrite :  D=0x0000000000000000 A=0x7fffffffec90  flags=(IsInteger|IsStore)
1634000: global: Decode: Decoded addi instruction: 0x38600000
1634000: system.cpu: A0 T0 : 0x1000727c @__vmx__sigjmp_save+28    : li         r3, 0           : IntAlu :  D=0x0000000000000000  flags=(IsInteger)
1634250: global: Decode: Decoded ld instruction: 0xebe1fff8
1634250: system.cpu: A0 T0 : 0x10007280 @__vmx__sigjmp_save+32    : ld         r31, -8(r1)     : MemRead :  D=0x00000000100ab248 A=0x7fffffffe9a8  flags=(IsInteger|IsLoad)
1634500: global: Decode: Decoded bclr instruction: 0x4e800020
1634500: system.cpu: A0 T0 : 0x10007284 @__vmx__sigjmp_save+36    : bclr       0, 20           : IntAlu :  D=0x0000000010001480  flags=(IsInteger|IsControl|IsIndirectControl|IsCondControl|IsReturn)
1634750: global: Decode: Decoded ori instruction: 0x60000000
1634750: system.cpu: A0 T0 : 0x10007220 @__vmx__sigsetjmp+516    : nop                        : IntAlu :  D=0x0000000010000c9c  flags=(IsInteger)
1635000: global: Decode: Decoded ld instruction: 0xe8010080
1635000: system.cpu: A0 T0 : 0x10007224 @__vmx__sigsetjmp+520    : ld         r0, 128(r1)     : MemRead :  D=0x0000000010000c9c A=0x7fffffffea30  flags=(IsInteger|IsLoad)
1635250: global: Decode: Decoded addi instruction: 0x38210070
1635250: system.cpu: A0 T0 : 0x10007228 @__vmx__sigsetjmp+524    : addi       r1, r1, 112     : IntAlu :  D=0x00007fffffffea20  flags=(IsInteger)
1635500: global: Decode: Decoded mtlr instruction: 0x7c0803a6
1635500: system.cpu: A0 T0 : 0x1000722c @__vmx__sigsetjmp+528    : mtlr       r0              : IntAlu :  D=0x0000000010000c9c  flags=(IsInteger)
1635750: global: Decode: Decoded bclr instruction: 0x4e800020
1635750: system.cpu: A0 T0 : 0x10007230 @__vmx__sigsetjmp+532    : bclr       0, 20           : IntAlu :  D=0x0000000010001480  flags=(IsInteger|IsControl|IsIndirectControl|IsCondControl|IsReturn)
1636000: global: Decode: Decoded ori instruction: 0x60000000
1636000: system.cpu: A0 T0 : 0x10000c9c @generic_start_main+764    : nop                        : IntAlu :  D=0x0000000010000c9c  flags=(IsInteger)
1636250: global: Decode: Decoded cmpi instruction: 0x2fa30000
1636250: system.cpu: A0 T0 : 0x10000ca0 @generic_start_main+768    : cmpdi      cr7, r3, 0      : IntAlu :  D=0x0000000028000282  flags=(IsInteger)
1636500: global: Decode: Decoded bc instruction: 0x409e005c
1636500: system.cpu: A0 T0 : 0x10000ca4 @generic_start_main+772    : bc         30, 4, 0x10000d00 : IntAlu :  D=0x0000000010001480  flags=(IsInteger|IsControl|IsDirectControl|IsCondControl)
1636750: global: Decode: Decoded ld instruction: 0xe8ed8990
1636750: system.cpu: A0 T0 : 0x10000ca8 @generic_start_main+776    : ld         r7, -30320(r13) : MemRead :  D=0x0000000000000000 A=0x100b4100  flags=(IsInteger|IsLoad)
1637000: global: Decode: Decoded ld instruction: 0xe90d8988
1637000: system.cpu: A0 T0 : 0x10000cac @generic_start_main+780    : ld         r8, -30328(r13) : MemRead :  D=0x0000000000000000 A=0x100b40f8  flags=(IsInteger|IsLoad)
1637250: global: Decode: Decoded ori instruction: 0x60000000
1637250: system.cpu: A0 T0 : 0x10000cb0 @generic_start_main+784    : nop                        : IntAlu :  D=0x0000000010000c9c  flags=(IsInteger)
1637500: global: Decode: Decoded addi instruction: 0x38a2ae50
1637500: system.cpu: A0 T0 : 0x10000cb4 @generic_start_main+788    : subi       r5, r2, 20912   : IntAlu :  D=0x00000000100b2b50  flags=(IsInteger)
1637750: global: Decode: Decoded addi instruction: 0x39410070
1637750: system.cpu: A0 T0 : 0x10000cb8 @generic_start_main+792    : addi       r10, r1, 112    : IntAlu :  D=0x00007fffffffea90  flags=(IsInteger)
1638000: global: Decode: Decoded ld instruction: 0xe8610308
1638000: system.cpu: A0 T0 : 0x10000cbc @generic_start_main+796    : ld         r3, 776(r1)     : MemRead :  D=0x0000000000000001 A=0x7fffffffed28  flags=(IsInteger|IsLoad)
1638250: global: Decode: Decoded ld instruction: 0xe9210300
1638250: system.cpu: A0 T0 : 0x10000cc0 @generic_start_main+800    : ld         r9, 768(r1)     : MemRead :  D=0x00000000100ab1a0 A=0x7fffffffed20  flags=(IsInteger|IsLoad)
1638500: global: Decode: Decoded ld instruction: 0xe8c10318
1638500: system.cpu: A0 T0 : 0x10000cc4 @generic_start_main+804    : ld         r6, 792(r1)     : MemRead :  D=0x00007fffffffee50 A=0x7fffffffed38  flags=(IsInteger|IsLoad)
1638750: global: Decode: Decoded ld instruction: 0xe8810310
1638750: system.cpu: A0 T0 : 0x10000cc8 @generic_start_main+808    : ld         r4, 784(r1)     : MemRead :  D=0x00007fffffffee38 A=0x7fffffffed30  flags=(IsInteger|IsLoad)
1639000: global: Decode: Decoded std instruction: 0xf8e10280
1639000: system.cpu: A0 T0 : 0x10000ccc @generic_start_main+812    : std        r7, 640(r1)     : MemWrite :  D=0x0000000000000000 A=0x7fffffffeca0  flags=(IsInteger|IsStore)
1639250: global: Decode: Decoded std instruction: 0xf9010288
1639250: system.cpu: A0 T0 : 0x10000cd0 @generic_start_main+816    : std        r8, 648(r1)     : MemWrite :  D=0x0000000000000000 A=0x7fffffffeca8  flags=(IsInteger|IsStore)
1639500: global: Decode: Decoded ld instruction: 0xe8a50000
1639500: system.cpu: A0 T0 : 0x10000cd4 @generic_start_main+820    : ld         r5, 0(r5)       : MemRead :  D=0x00007fffffffee48 A=0x100b2b50  flags=(IsInteger|IsLoad)
1639750: global: Decode: Decoded std instruction: 0xf94d8990
1639750: system.cpu: A0 T0 : 0x10000cd8 @generic_start_main+824    : std        r10, -30320(r13) : MemWrite :  D=0x00007fffffffea90 A=0x100b4100  flags=(IsInteger|IsStore)
1640000: global: Decode: Decoded ld instruction: 0xe9410300
1640000: system.cpu: A0 T0 : 0x10000cdc @generic_start_main+828    : ld         r10, 768(r1)    : MemRead :  D=0x00000000100ab1a0 A=0x7fffffffed20  flags=(IsInteger|IsLoad)
1640250: global: Decode: Decoded ld instruction: 0xe9290000
1640250: system.cpu: A0 T0 : 0x10000ce0 @generic_start_main+832    : ld         r9, 0(r9)       : MemRead :  D=0x0000000010000944 A=0x100ab1a0  flags=(IsInteger|IsLoad)
1640500: global: Decode: Decoded ld instruction: 0xe96a0010
1640500: system.cpu: A0 T0 : 0x10000ce4 @generic_start_main+836    : ld         r11, 16(r10)    : MemRead :  D=0x0000000000000000 A=0x100ab1b0  flags=(IsInteger|IsLoad)
1640750: global: Decode: Decoded mtctr instruction: 0x7d2903a6
1640750: system.cpu: A0 T0 : 0x10000ce8 @generic_start_main+840    : mtctr      r9              : IntAlu :  D=0x0000000010000944  flags=(IsInteger)
1641000: global: Decode: Decoded ld instruction: 0xe84a0008
1641000: system.cpu: A0 T0 : 0x10000cec @generic_start_main+844    : ld         r2, 8(r10)      : MemRead :  D=0x00000000100b7d00 A=0x100ab1a8  flags=(IsInteger|IsLoad)
1641250: global: Decode: Decoded bcctr instruction: 0x4e800421
1641250: system.cpu: A0 T0 : 0x10000cf0 @generic_start_main+848    : bcctrl     0, 20           : IntAlu :  D=0x0000000010000cf4  flags=(IsInteger|IsControl|IsIndirectControl|IsCondControl|IsCall)
1641500: global: Decode: Decoded mflr instruction: 0x7c0802a6
1641500: system.cpu: A0 T0 : 0x10000944 @main    : mflr       r0              : IntAlu :  D=0x0000000010000cf4  flags=(IsInteger)
1641750: global: Decode: Decoded std instruction: 0xf8010010
1641750: system.cpu: A0 T0 : 0x10000948 @main+4    : std        r0, 16(r1)      : MemWrite :  D=0x0000000010000cf4 A=0x7fffffffea30  flags=(IsInteger|IsStore)
1642000: global: Decode: Decoded std instruction: 0xfbe1fff8
1642000: system.cpu: A0 T0 : 0x1000094c @main+8    : std        r31, -8(r1)     : MemWrite :  D=0x00000000100ab248 A=0x7fffffffea18  flags=(IsInteger|IsStore)
1642250: global: Decode: Decoded stdu instruction: 0xf821ff81
1642250: system.cpu: A0 T0 : 0x10000950 @main+12    : stdu       r1, -128(r1)    : MemWrite :  D=0x00007fffffffe9a0 A=0x7fffffffe9a0  flags=(IsInteger|IsStore)
1642500: global: Decode: Decoded or instruction: 0x7c3f0b78
1642500: system.cpu: A0 T0 : 0x10000954 @main+16    : mr         r31, r1         : IntAlu :  D=0x00007fffffffe9a0  flags=(IsInteger)
1642750: global: Decode: Decoded or instruction: 0x7c691b78
1642750: system.cpu: A0 T0 : 0x10000958 @main+20    : mr         r9, r3          : IntAlu :  D=0x0000000000000001  flags=(IsInteger)
1643000: global: Decode: Decoded std instruction: 0xf89f00b8
1643000: system.cpu: A0 T0 : 0x1000095c @main+24    : std        r4, 184(r31)    : MemWrite :  D=0x00007fffffffee38 A=0x7fffffffea58  flags=(IsInteger|IsStore)
1643250: global: Decode: Decoded stw instruction: 0x913f00b0
1643250: system.cpu: A0 T0 : 0x10000960 @main+28    : stw        r9, 176(r31)    : MemWrite :  D=0x0000000000000001 A=0x7fffffffea50  flags=(IsInteger|IsStore)
1643500: global: Decode: Decoded addis instruction: 0x3c62fffb
1643500: system.cpu: A0 T0 : 0x10000964 @main+32    : subis      r3, r2, 5       : IntAlu :  D=0x0000000010067d00  flags=(IsInteger)
1643750: global: Decode: Decoded addi instruction: 0x38635da8
1643750: system.cpu: A0 T0 : 0x10000968 @main+36    : addi       r3, r3, 23976   : IntAlu :  D=0x000000001006daa8  flags=(IsInteger)
1644000: global: Decode: Decoded b instruction: 0x48009415
1644000: system.cpu: A0 T0 : 0x1000096c @main+40    : bl         puts            : IntAlu :  D=0x0000000010000970  flags=(IsInteger|IsControl|IsDirectControl|IsUncondControl)
1644250: global: Decode: Decoded mflr instruction: 0x7c0802a6
1644250: system.cpu: A0 T0 : 0x10009d80 @_IO_puts    : mflr       r0              : IntAlu :  D=0x0000000010000970  flags=(IsInteger)
1644500: global: Decode: Decoded std instruction: 0xfb61ffd8
1644500: system.cpu: A0 T0 : 0x10009d84 @_IO_puts+4    : std        r27, -40(r1)    : MemWrite :  D=0x00000000100b00d8 A=0x7fffffffe978  flags=(IsInteger|IsStore)
1644750: global: Decode: Decoded std instruction: 0xfba1ffe8
1644750: system.cpu: A0 T0 : 0x10009d88 @_IO_puts+8    : std        r29, -24(r1)    : MemWrite :  D=0x0000000000000000 A=0x7fffffffe988  flags=(IsInteger|IsStore)
1645000: global: Decode: Decoded or instruction: 0x7c7b1b78
1645000: system.cpu: A0 T0 : 0x10009d8c @_IO_puts+12    : mr         r27, r3         : IntAlu :  D=0x000000001006daa8  flags=(IsInteger)
1645250: global: Decode: Decoded std instruction: 0xfbc1fff0
1645250: system.cpu: A0 T0 : 0x10009d90 @_IO_puts+16    : std        r30, -16(r1)    : MemWrite :  D=0x00000000100ab260 A=0x7fffffffe990  flags=(IsInteger|IsStore)
1645500: global: Decode: Decoded std instruction: 0xfbe1fff8
1645500: system.cpu: A0 T0 : 0x10009d94 @_IO_puts+20    : std        r31, -8(r1)     : MemWrite :  D=0x00007fffffffe9a0 A=0x7fffffffe998  flags=(IsInteger|IsStore)
1645750: global: Decode: Decoded std instruction: 0xfb81ffe0
1645750: system.cpu: A0 T0 : 0x10009d98 @_IO_puts+24    : std        r28, -32(r1)    : MemWrite :  D=0x0000000010000268 A=0x7fffffffe980  flags=(IsInteger|IsStore)
1646000: global: Decode: Decoded std instruction: 0xf8010010
1646000: system.cpu: A0 T0 : 0x10009d9c @_IO_puts+28    : std        r0, 16(r1)      : MemWrite :  D=0x0000000010000970 A=0x7fffffffe9b0  flags=(IsInteger|IsStore)
1646250: global: Decode: Decoded stdu instruction: 0xf821ff61
1646250: system.cpu: A0 T0 : 0x10009da0 @_IO_puts+32    : stdu       r1, -160(r1)    : MemWrite :  D=0x00007fffffffe900 A=0x7fffffffe900  flags=(IsInteger|IsStore)
1646500: global: Decode: Decoded std instruction: 0xf8410028
1646500: system.cpu: A0 T0 : 0x10009da4 @_IO_puts+36    : std        r2, 40(r1)      : MemWrite :  D=0x00000000100b7d00 A=0x7fffffffe928  flags=(IsInteger|IsStore)
1646750: global: Decode: Decoded b instruction: 0x48013ab1
1646750: system.cpu: A0 T0 : 0x10009da8 @_IO_puts+40    : bl         strlen          : IntAlu :  D=0x0000000010009dac  flags=(IsInteger|IsControl|IsDirectControl|IsUncondControl)
1647000: global: Decode: Decoded dcbt instruction: 0x7c001a2c
1647000: system.cpu: A0 T0 : 0x1001d858 @strlen    : dcbt                       : IntAlu :   flags=()
1647250: global: Decode: Decoded rldicr instruction: 0x78640724
1647250: system.cpu: A0 T0 : 0x1001d85c @strlen+4    : rldicr     r4, r3, 0, 60   : IntAlu :  D=0x000000001006daa8  flags=(IsInteger)
1647500: global: Decode: Decoded addis instruction: 0x3ce07f7f
1647500: system.cpu: A0 T0 : 0x1001d860 @strlen+8    : lis        r7, 32639       : IntAlu :  D=0x000000007f7f0000  flags=(IsInteger)
1647750: global: Decode: Decoded rlwinm instruction: 0x54651eb8
1647750: system.cpu: A0 T0 : 0x1001d864 @strlen+12    : rlwinm     r5, r3, 3, 26, 28 : IntAlu :  D=0x0000000000000000  flags=(IsInteger)
1648000: global: Decode: Decoded ld instruction: 0xe9040000
1648000: system.cpu: A0 T0 : 0x1001d868 @strlen+16    : ld         r8, 0(r4)       : MemRead :  D=0x48656c6c6f20776f A=0x1006daa8  flags=(IsInteger|IsLoad)
1648250: global: Decode: Decoded addi instruction: 0x38e77f7f
1648250: system.cpu: A0 T0 : 0x1001d86c @strlen+20    : addi       r7, r7, 32639   : IntAlu :  D=0x000000007f7f7f7f  flags=(IsInteger)
1648500: global: Decode: Decoded addi instruction: 0x3920ffff
1648500: system.cpu: A0 T0 : 0x1001d870 @strlen+24    : li         r9, -1          : IntAlu :  D=0xffffffffffffffff  flags=(IsInteger)
1648750: global: Decode: Decoded rldimi instruction: 0x78e7000e
1648750: system.cpu: A0 T0 : 0x1001d874 @strlen+28    : rldimi     r7, r7, 32, 0   : IntAlu :  D=0x7f7f7f7f7f7f7f7f  flags=(IsInteger)
1649000: global: Decode: Decoded srd instruction: 0x7d292c36
1649000: system.cpu: A0 T0 : 0x1001d878 @strlen+32    : srd        r9, r9, r5      : IntAlu :  D=0xffffffffffffffff  flags=(IsInteger)
1649250: global: Decode: Decoded and instruction: 0x7cea4038
1649250: system.cpu: A0 T0 : 0x1001d87c @strlen+36    : and        r10, r7, r8     : IntAlu :  D=0x48656c6c6f20776f  flags=(IsInteger)
1649500: global: Decode: Decoded or instruction: 0x7ceb4378
1649500: system.cpu: A0 T0 : 0x1001d880 @strlen+40    : or         r11, r7, r8     : IntAlu :  D=0x7f7f7f7f7f7f7f7f  flags=(IsInteger)
1649750: global: Decode: Decoded addis instruction: 0x3cc0feff
1649750: system.cpu: A0 T0 : 0x1001d884 @strlen+44    : lis        r6, -257        : IntAlu :  D=0xfffffffffeff0000  flags=(IsInteger)
1650000: global: Decode: Decoded add instruction: 0x7d4a3a14
1650000: system.cpu: A0 T0 : 0x1001d888 @strlen+48    : add        r10, r10, r7    : IntAlu :  D=0xc7e4ebebee9ff6ee  flags=(IsInteger)
1650250: global: Decode: Decoded addi instruction: 0x38c6feff
1650250: system.cpu: A0 T0 : 0x1001d88c @strlen+52    : subi       r6, r6, 257     : IntAlu :  D=0xfffffffffefefeff  flags=(IsInteger)
1650500: global: Decode: Decoded nor instruction: 0x7d6c50f8
1650500: system.cpu: A0 T0 : 0x1001d890 @strlen+56    : nor        r12, r11, r10   : IntAlu :  D=0x0000000000000000  flags=(IsInteger)
1650750: global: Decode: Decoded and instruction: 0x7d8c4839
1650750: system.cpu: A0 T0 : 0x1001d894 @strlen+60    : and.       r12, r12, r9    : IntAlu :  D=0x0000000028000282  flags=(IsInteger)
1651000: global: Decode: Decoded mtcrf instruction: 0x7c601120
1651000: system.cpu: A0 T0 : 0x1001d898 @strlen+64    : mtcrf      r3, r32         : IntAlu :  D=0x0000000028000288  flags=(IsInteger)
1651250: global: Decode: Decoded bc instruction: 0x40820070
1651250: system.cpu: A0 T0 : 0x1001d89c @strlen+68    : bc         2, 4, 0x1001d90c : IntAlu :  D=0x0000000010000944  flags=(IsInteger|IsControl|IsDirectControl|IsCondControl)
1651500: global: Decode: Decoded rldicr instruction: 0x78ca07c6
1651500: system.cpu: A0 T0 : 0x1001d8a0 @strlen+72    : rldicr     r10, r6, 32, 31 : IntAlu :  D=0xfefefeff00000000  flags=(IsInteger)
1651750: global: Decode: Decoded add instruction: 0x7cc65214
1651750: system.cpu: A0 T0 : 0x1001d8a4 @strlen+76    : add        r6, r6, r10     : IntAlu :  D=0xfefefefefefefeff  flags=(IsInteger)
1652000: global: Decode: Decoded bc instruction: 0x419c001c
1652000: system.cpu: A0 T0 : 0x1001d8a8 @strlen+80    : bc         28, 12, 0x1001d8c4 : IntAlu :  D=0x0000000010000944  flags=(IsInteger|IsControl|IsDirectControl|IsCondControl)
1652250: global: Decode: Decoded ld instruction: 0xe9040008
1652250: system.cpu: A0 T0 : 0x1001d8c4 @strlen+108    : ld         r8, 8(r4)       : MemRead :  D=0x726c642100000000 A=0x1006dab0  flags=(IsInteger|IsLoad)
1652500: global: Decode: Decoded ldu instruction: 0xe9240011
1652500: system.cpu: A0 T0 : 0x1001d8c8 @strlen+112    : ldu        r9, 16(r4)      : MemRead :  D=0x2e2e2f6373752f6c A=0x1006dab8  flags=(IsInteger|IsLoad)
1652750: global: Decode: Decoded add instruction: 0x7d464214
1652750: system.cpu: A0 T0 : 0x1001d8cc @strlen+116    : add        r10, r6, r8     : IntAlu :  D=0x716b631ffefefeff  flags=(IsInteger)
1653000: global: Decode: Decoded nor instruction: 0x7ceb40f8
1653000: system.cpu: A0 T0 : 0x1001d8d0 @strlen+120    : nor        r11, r7, r8     : IntAlu :  D=0x8080808080808080  flags=(IsInteger)
1653250: global: Decode: Decoded and instruction: 0x7d4a5839
1653250: system.cpu: A0 T0 : 0x1001d8d4 @strlen+124    : and.       r10, r10, r11   : IntAlu :  D=0x0000000048000288  flags=(IsInteger)
1653500: global: Decode: Decoded add instruction: 0x7d864a14
1653500: system.cpu: A0 T0 : 0x1001d8d8 @strlen+128    : add        r12, r6, r9     : IntAlu :  D=0x2d2d2e6272742e6b  flags=(IsInteger)
1653750: global: Decode: Decoded nor instruction: 0x7ce048f8
1653750: system.cpu: A0 T0 : 0x1001d8dc @strlen+132    : nor        r0, r7, r9      : IntAlu :  D=0x8080808080808080  flags=(IsInteger)
1654000: global: Decode: Decoded bc instruction: 0x4082001c
1654000: system.cpu: A0 T0 : 0x1001d8e0 @strlen+136    : bc         2, 4, 0x1001d8fc : IntAlu :  D=0x0000000010000944  flags=(IsInteger|IsControl|IsDirectControl|IsCondControl)
1654250: global: Decode: Decoded and instruction: 0x7cea4038
1654250: system.cpu: A0 T0 : 0x1001d8fc @strlen+164    : and        r10, r7, r8     : IntAlu :  D=0x726c642100000000  flags=(IsInteger)
1654500: global: Decode: Decoded addi instruction: 0x3884fff8
1654500: system.cpu: A0 T0 : 0x1001d900 @strlen+168    : subi       r4, r4, 8       : IntAlu :  D=0x000000001006dab0  flags=(IsInteger)
1654750: global: Decode: Decoded add instruction: 0x7d4a3a14
1654750: system.cpu: A0 T0 : 0x1001d904 @strlen+172    : add        r10, r10, r7    : IntAlu :  D=0xf1ebe3a07f7f7f7f  flags=(IsInteger)
1655000: global: Decode: Decoded andc instruction: 0x7d6c5078
1655000: system.cpu: A0 T0 : 0x1001d908 @strlen+176    : andc       r12, r11, r10   : IntAlu :  D=0x0000000080808080  flags=(IsInteger)
1655250: global: Decode: Decoded cntlzd instruction: 0x7d8c0074
1655250: system.cpu: A0 T0 : 0x1001d90c @strlen+180    : cntlzd     r12, r12        : IntAlu :  D=0x0000000000000020  flags=(IsInteger)
1655500: global: Decode: Decoded subf instruction: 0x7d432050
1655500: system.cpu: A0 T0 : 0x1001d910 @strlen+184    : subf       r10, r3, r4     : IntAlu :  D=0x0000000000000008  flags=(IsInteger)
1655750: global: Decode: Decoded rldicl instruction: 0x798ce8c2
1655750: system.cpu: A0 T0 : 0x1001d914 @strlen+188    : rldicl     r12, r12, 61, 3 : IntAlu :  D=0x0000000000000004  flags=(IsInteger)
1656000: global: Decode: Decoded add instruction: 0x7c6a6214
1656000: system.cpu: A0 T0 : 0x1001d918 @strlen+192    : add        r3, r10, r12    : IntAlu :  D=0x000000000000000c  flags=(IsInteger)
1656250: global: Decode: Decoded bclr instruction: 0x4e800020
1656250: system.cpu: A0 T0 : 0x1001d91c @strlen+196    : bclr       0, 20           : IntAlu :  D=0x0000000010000944  flags=(IsInteger|IsControl|IsIndirectControl|IsCondControl|IsReturn)
1656500: global: Decode: Decoded ori instruction: 0x60000000
1656500: system.cpu: A0 T0 : 0x10009dac @_IO_puts+44    : nop                        : IntAlu :  D=0x8080808080808080  flags=(IsInteger)
1656750: global: Decode: Decoded ori instruction: 0x60000000
1656750: system.cpu: A0 T0 : 0x10009db0 @_IO_puts+48    : nop                        : IntAlu :  D=0x8080808080808080  flags=(IsInteger)
1657000: global: Decode: Decoded addi instruction: 0x3ba28a78
1657000: system.cpu: A0 T0 : 0x10009db4 @_IO_puts+52    : subi       r29, r2, 30088  : IntAlu :  D=0x00000000100b0778  flags=(IsInteger)
1657250: global: Decode: Decoded or instruction: 0x7c7f1b78
1657250: system.cpu: A0 T0 : 0x10009db8 @_IO_puts+56    : mr         r31, r3         : IntAlu :  D=0x000000000000000c  flags=(IsInteger)
1657500: global: Decode: Decoded ld instruction: 0xebdd0000
1657500: system.cpu: A0 T0 : 0x10009dbc @_IO_puts+60    : ld         r30, 0(r29)     : MemRead :  D=0x00000000100b0340 A=0x100b0778  flags=(IsInteger|IsLoad)
1657750: global: Decode: Decoded lwz instruction: 0x813e0000
1657750: system.cpu: A0 T0 : 0x10009dc0 @_IO_puts+64    : lwz        r9, 0(r30)      : MemRead :  D=0x00000000fbad2084 A=0x100b0340  flags=(IsInteger|IsLoad)
1658000: global: Decode: Decoded andi_ instruction: 0x71298000
1658000: system.cpu: A0 T0 : 0x10009dc4 @_IO_puts+68    : andi.      r9, r9, 32768   : IntAlu :  D=0x0000000028000288  flags=(IsInteger)
1658250: global: Decode: Decoded bc instruction: 0x40820168
1658250: system.cpu: A0 T0 : 0x10009dc8 @_IO_puts+72    : bc         2, 4, 0x10009f30 : IntAlu :  D=0x0000000010000944  flags=(IsInteger|IsControl|IsDirectControl|IsCondControl)
1658500: global: Decode: Decoded ld instruction: 0xe95e0088
1658500: system.cpu: A0 T0 : 0x10009dcc @_IO_puts+76    : ld         r10, 136(r30)   : MemRead :  D=0x00000000100b2ad0 A=0x100b03c8  flags=(IsInteger|IsLoad)
1658750: global: Decode: Decoded addi instruction: 0x3b8d8890
1658750: system.cpu: A0 T0 : 0x10009dd0 @_IO_puts+80    : subi       r28, r13, 30576 : IntAlu :  D=0x00000000100b4000  flags=(IsInteger)
1659000: global: Decode: Decoded ld instruction: 0xe90a0008
1659000: system.cpu: A0 T0 : 0x10009dd4 @_IO_puts+84    : ld         r8, 8(r10)      : MemRead :  D=0x0000000000000000 A=0x100b2ad8  flags=(IsInteger|IsLoad)
1659250: global: Decode: Decoded cmp instruction: 0x7fa8e000
1659250: system.cpu: A0 T0 : 0x10009dd8 @_IO_puts+88    : cmpd       cr7, r8, r28    : IntAlu :  D=0x0000000028000288  flags=(IsInteger)
1659500: global: Decode: Decoded bc instruction: 0x419e0174
1659500: system.cpu: A0 T0 : 0x10009ddc @_IO_puts+92    : bc         30, 12, 0x10009f50 : IntAlu :  D=0x0000000010000944  flags=(IsInteger|IsControl|IsDirectControl|IsCondControl)
1659750: global: Decode: Decoded addi instruction: 0x38e00001
1659750: system.cpu: A0 T0 : 0x10009de0 @_IO_puts+96    : li         r7, 1           : IntAlu :  D=0x0000000000000001  flags=(IsInteger)
1660000: global: Decode: Decoded rldicl instruction: 0x79290020
1660000: system.cpu: A0 T0 : 0x10009de4 @_IO_puts+100    : clrldi     r9, r9, 32      : IntAlu :  D=0x0000000000000000  flags=(IsInteger)
1660250: global: Decode: Decoded lwarx instruction: 0x7d005028
1660250: system.cpu: A0 T0 : 0x10009de8 @_IO_puts+104    : lwarx      r41, 0, r10     : MemRead :  D=0x00000000100b2ad0 A=0x100b2ad0  flags=(IsInteger|IsLoad)
1660500: global: Decode: Decoded subf instruction: 0x7d094051
1660500: system.cpu: A0 T0 : 0x10009dec @_IO_puts+108    : subf.      r8, r9, r8      : IntAlu :  D=0x0000000028000288  flags=(IsInteger)
1660750: global: Decode: Decoded bc instruction: 0x4082000c
1660750: system.cpu: A0 T0 : 0x10009df0 @_IO_puts+112    : bc         2, 4, 0x10009dfc : IntAlu :  D=0x0000000010000944  flags=(IsInteger|IsControl|IsDirectControl|IsCondControl)
1661000: global: Decode: Decoded stwcx instruction: 0x7ce0512d
1661000: system.cpu: A0 T0 : 0x10009df4 @_IO_puts+116    : stwcx      r7, r10, r39    : MemWrite :  D=0x0000000028000288 A=0x100b2ad0  flags=(IsInteger|IsStore)
1661250: global: Decode: Decoded bc instruction: 0x40c2fff0
1661250: system.cpu: A0 T0 : 0x10009df8 @_IO_puts+120    : bc         2, 6, 0x10009de8 : IntAlu :  D=0x0000000010000944  flags=(IsInteger|IsControl|IsDirectControl|IsCondControl)
1661500: global: Decode: Decoded isync instruction: 0x4c00012c
1661500: system.cpu: A0 T0 : 0x10009dfc @_IO_puts+124    : isync                      : IntAlu :   flags=(IsSerializeAfter)
1661750: global: Decode: Decoded cmpi instruction: 0x2f880000
1661750: system.cpu: A0 T0 : 0x10009e00 @_IO_puts+128    : cmpwi      cr7, r8, 0      : IntAlu :  D=0x0000000028000282  flags=(IsInteger)
1662000: global: Decode: Decoded bc instruction: 0x409e019c
1662000: system.cpu: A0 T0 : 0x10009e04 @_IO_puts+132    : bc         30, 4, 0x10009fa0 : IntAlu :  D=0x0000000010000944  flags=(IsInteger|IsControl|IsDirectControl|IsCondControl)
1662250: global: Decode: Decoded ld instruction: 0xe95e0088
1662250: system.cpu: A0 T0 : 0x10009e08 @_IO_puts+136    : ld         r10, 136(r30)   : MemRead :  D=0x00000000100b2ad0 A=0x100b03c8  flags=(IsInteger|IsLoad)
1662500: global: Decode: Decoded ld instruction: 0xe87d0000
1662500: system.cpu: A0 T0 : 0x10009e0c @_IO_puts+140    : ld         r3, 0(r29)      : MemRead :  D=0x00000000100b0340 A=0x100b0778  flags=(IsInteger|IsLoad)
1662750: global: Decode: Decoded std instruction: 0xfb8a0008
1662750: system.cpu: A0 T0 : 0x10009e10 @_IO_puts+144    : std        r28, 8(r10)     : MemWrite :  D=0x00000000100b4000 A=0x100b2ad8  flags=(IsInteger|IsStore)
1663000: global: Decode: Decoded lwz instruction: 0x812a0004
1663000: system.cpu: A0 T0 : 0x10009e14 @_IO_puts+148    : lwz        r9, 4(r10)      : MemRead :  D=0x0000000000000000 A=0x100b2ad4  flags=(IsInteger|IsLoad)
1663250: global: Decode: Decoded addi instruction: 0x39290001
1663250: system.cpu: A0 T0 : 0x10009e18 @_IO_puts+152    : addi       r9, r9, 1       : IntAlu :  D=0x0000000000000001  flags=(IsInteger)
1663500: global: Decode: Decoded stw instruction: 0x912a0004
1663500: system.cpu: A0 T0 : 0x10009e1c @_IO_puts+156    : stw        r9, 4(r10)      : MemWrite :  D=0x0000000000000001 A=0x100b2ad4  flags=(IsInteger|IsStore)
1663750: global: Decode: Decoded lwa instruction: 0xe92300c2
1663750: system.cpu: A0 T0 : 0x10009e20 @_IO_puts+160    : lwa        r9, 192(r3)     : MemRead :  D=0x0000000000000000 A=0x100b0400  flags=(IsInteger|IsLoad)
1664000: global: Decode: Decoded cmpi instruction: 0x2fa90000
1664000: system.cpu: A0 T0 : 0x10009e24 @_IO_puts+164    : cmpdi      cr7, r9, 0      : IntAlu :  D=0x0000000028000282  flags=(IsInteger)
1664250: global: Decode: Decoded bc instruction: 0x419e0118
1664250: system.cpu: A0 T0 : 0x10009e28 @_IO_puts+168    : bc         30, 12, 0x10009f40 : IntAlu :  D=0x0000000010000944  flags=(IsInteger|IsControl|IsDirectControl|IsCondControl)
1664500: global: Decode: Decoded addi instruction: 0x3920ffff
1664500: system.cpu: A0 T0 : 0x10009f40 @_IO_puts+448    : li         r9, -1          : IntAlu :  D=0xffffffffffffffff  flags=(IsInteger)
1664750: global: Decode: Decoded stw instruction: 0x912300c0
1664750: system.cpu: A0 T0 : 0x10009f44 @_IO_puts+452    : stw        r9, 192(r3)     : MemWrite :  D=0x00000000ffffffff A=0x100b0400  flags=(IsInteger|IsStore)
1665000: global: Decode: Decoded b instruction: 0x4bfffeec
1665000: system.cpu: A0 T0 : 0x10009f48 @_IO_puts+456    : b          0x10009e34      : IntAlu :   flags=(IsControl|IsDirectControl|IsUncondControl)
1665250: global: Decode: Decoded ori instruction: 0x60000000
1665250: system.cpu: A0 T0 : 0x10009e34 @_IO_puts+180    : nop                        : IntAlu :  D=0x8080808080808080  flags=(IsInteger)
1665500: global: Decode: Decoded addi instruction: 0x39229de8
1665500: system.cpu: A0 T0 : 0x10009e38 @_IO_puts+184    : subi       r9, r2, 25112   : IntAlu :  D=0x00000000100b1ae8  flags=(IsInteger)
1665750: global: Decode: Decoded ld instruction: 0xeb8300d8
1665750: system.cpu: A0 T0 : 0x10009e3c @_IO_puts+188    : ld         r28, 216(r3)    : MemRead :  D=0x00000000100b1ce0 A=0x100b0418  flags=(IsInteger|IsLoad)
1666000: global: Decode: Decoded ori instruction: 0x60000000
1666000: system.cpu: A0 T0 : 0x10009e40 @_IO_puts+192    : nop                        : IntAlu :  D=0x8080808080808080  flags=(IsInteger)
1666250: global: Decode: Decoded addi instruction: 0x3902a3d0
1666250: system.cpu: A0 T0 : 0x10009e44 @_IO_puts+196    : subi       r8, r2, 23600   : IntAlu :  D=0x00000000100b20d0  flags=(IsInteger)
1666500: global: Decode: Decoded subf instruction: 0x7d49e050
1666500: system.cpu: A0 T0 : 0x10009e48 @_IO_puts+200    : subf       r10, r9, r28    : IntAlu :  D=0x00000000000001f8  flags=(IsInteger)
1666750: global: Decode: Decoded subf instruction: 0x7d294050
1666750: system.cpu: A0 T0 : 0x10009e4c @_IO_puts+204    : subf       r9, r9, r8      : IntAlu :  D=0x00000000000005e8  flags=(IsInteger)
1667000: global: Decode: Decoded cmpl instruction: 0x7fa95040
1667000: system.cpu: A0 T0 : 0x10009e50 @_IO_puts+208    : cmpld      cr7, r9, r10    : IntAlu :  D=0x0000000028000284  flags=(IsInteger)
1667250: global: Decode: Decoded bc instruction: 0x409d010c
1667250: system.cpu: A0 T0 : 0x10009e54 @_IO_puts+212    : bc         29, 4, 0x10009f60 : IntAlu :  D=0x0000000010000944  flags=(IsInteger|IsControl|IsDirectControl|IsCondControl)
1667500: global: Decode: Decoded ld instruction: 0xe93c0038
1667500: system.cpu: A0 T0 : 0x10009e58 @_IO_puts+216    : ld         r9, 56(r28)     : MemRead :  D=0x00000000100abb30 A=0x100b1d18  flags=(IsInteger|IsLoad)
1667750: global: Decode: Decoded or instruction: 0x7f64db78
1667750: system.cpu: A0 T0 : 0x10009e5c @_IO_puts+220    : mr         r4, r27         : IntAlu :  D=0x000000001006daa8  flags=(IsInteger)
1668000: global: Decode: Decoded or instruction: 0x7fe5fb78
1668000: system.cpu: A0 T0 : 0x10009e60 @_IO_puts+224    : mr         r5, r31         : IntAlu :  D=0x000000000000000c  flags=(IsInteger)
1668250: global: Decode: Decoded ld instruction: 0xe9490000
1668250: system.cpu: A0 T0 : 0x10009e64 @_IO_puts+228    : ld         r10, 0(r9)      : MemRead :  D=0x000000001000eb30 A=0x100abb30  flags=(IsInteger|IsLoad)
1668500: global: Decode: Decoded ld instruction: 0xe9690010
1668500: system.cpu: A0 T0 : 0x10009e68 @_IO_puts+232    : ld         r11, 16(r9)     : MemRead :  D=0x0000000000000000 A=0x100abb40  flags=(IsInteger|IsLoad)
1668750: global: Decode: Decoded mtctr instruction: 0x7d4903a6
1668750: system.cpu: A0 T0 : 0x10009e6c @_IO_puts+236    : mtctr      r10             : IntAlu :  D=0x000000001000eb30  flags=(IsInteger)
1669000: global: Decode: Decoded ld instruction: 0xe8490008
1669000: system.cpu: A0 T0 : 0x10009e70 @_IO_puts+240    : ld         r2, 8(r9)       : MemRead :  D=0x00000000100b7d00 A=0x100abb38  flags=(IsInteger|IsLoad)
1669250: global: Decode: Decoded bcctr instruction: 0x4e800421
1669250: system.cpu: A0 T0 : 0x10009e74 @_IO_puts+244    : bcctrl     0, 20           : IntAlu :  D=0x0000000010009e78  flags=(IsInteger|IsControl|IsIndirectControl|IsCondControl|IsCall)
1669500: global: Decode: Decoded std instruction: 0xfbc1fff0
1669500: system.cpu: A0 T0 : 0x1000eb30 @_IO_file_xsputn    : std        r30, -16(r1)    : MemWrite :  D=0x00000000100b0340 A=0x7fffffffe8f0  flags=(IsInteger|IsStore)
1669750: global: Decode: Decoded or instruction: 0x7cbe2b79
1669750: system.cpu: A0 T0 : 0x1000eb34 @_IO_file_xsputn+4    : or.        r30, r5, r5     : IntAlu :  D=0x0000000048000284  flags=(IsInteger)
1670000: global: Decode: Decoded std instruction: 0xfb81ffe0
1670000: system.cpu: A0 T0 : 0x1000eb38 @_IO_file_xsputn+8    : std        r28, -32(r1)    : MemWrite :  D=0x00000000100b1ce0 A=0x7fffffffe8e0  flags=(IsInteger|IsStore)
1670250: global: Decode: Decoded addi instruction: 0x3b800000
1670250: system.cpu: A0 T0 : 0x1000eb3c @_IO_file_xsputn+12    : li         r28, 0          : IntAlu :  D=0x0000000000000000  flags=(IsInteger)
1670500: global: Decode: Decoded stdu instruction: 0xf821ff61
1670500: system.cpu: A0 T0 : 0x1000eb40 @_IO_file_xsputn+16    : stdu       r1, -160(r1)    : MemWrite :  D=0x00007fffffffe860 A=0x7fffffffe860  flags=(IsInteger|IsStore)
1670750: global: Decode: Decoded bc instruction: 0x418200a8
1670750: system.cpu: A0 T0 : 0x1000eb44 @_IO_file_xsputn+20    : bc         2, 12, 0x1000ebec : IntAlu :  D=0x000000001000eb30  flags=(IsInteger|IsControl|IsDirectControl|IsCondControl)
1671000: global: Decode: Decoded ld instruction: 0xe9430000
1671000: system.cpu: A0 T0 : 0x1000eb48 @_IO_file_xsputn+24    : ld         r10, 0(r3)      : MemRead :  D=0xfbad208400000000 A=0x100b0340  flags=(IsInteger|IsLoad)
1671250: global: Decode: Decoded addis instruction: 0x3d200a00
1671250: system.cpu: A0 T0 : 0x1000eb4c @_IO_file_xsputn+28    : lis        r9, 2560        : IntAlu :  D=0x000000000a000000  flags=(IsInteger)
1671500: global: Decode: Decoded std instruction: 0xfb610078
1671500: system.cpu: A0 T0 : 0x1000eb50 @_IO_file_xsputn+32    : std        r27, 120(r1)    : MemWrite :  D=0x000000001006daa8 A=0x7fffffffe8d8  flags=(IsInteger|IsStore)
1671750: global: Decode: Decoded or instruction: 0x7c9b2378
1671750: system.cpu: A0 T0 : 0x1000eb54 @_IO_file_xsputn+36    : mr         r27, r4         : IntAlu :  D=0x000000001006daa8  flags=(IsInteger)
1672000: global: Decode: Decoded rldicr instruction: 0x792983e4
1672000: system.cpu: A0 T0 : 0x1000eb58 @_IO_file_xsputn+40    : rldicr     r9, r9, 16, 47  : IntAlu :  D=0x00000a0000000000  flags=(IsInteger)
1672250: global: Decode: Decoded std instruction: 0xfbe10098
1672250: system.cpu: A0 T0 : 0x1000eb5c @_IO_file_xsputn+44    : std        r31, 152(r1)    : MemWrite :  D=0x000000000000000c A=0x7fffffffe8f8  flags=(IsInteger|IsStore)
1672500: global: Decode: Decoded std instruction: 0xfba10088
1672500: system.cpu: A0 T0 : 0x1000eb60 @_IO_file_xsputn+48    : std        r29, 136(r1)    : MemWrite :  D=0x00000000100b0778 A=0x7fffffffe8e8  flags=(IsInteger|IsStore)
1672750: global: Decode: Decoded or instruction: 0x7c7f1b78
1672750: system.cpu: A0 T0 : 0x1000eb64 @_IO_file_xsputn+52    : mr         r31, r3         : IntAlu :  D=0x00000000100b0340  flags=(IsInteger)
1673000: global: Decode: Decoded ld instruction: 0xe8630028
1673000: system.cpu: A0 T0 : 0x1000eb68 @_IO_file_xsputn+56    : ld         r3, 40(r3)      : MemRead :  D=0x0000000000000000 A=0x100b0368  flags=(IsInteger|IsLoad)
1673250: global: Decode: Decoded andc instruction: 0x7d295079
1673250: system.cpu: A0 T0 : 0x1000eb6c @_IO_file_xsputn+60    : andc.      r9, r9, r10     : IntAlu :  D=0x0000000048000284  flags=(IsInteger)
1673500: global: Decode: Decoded bc instruction: 0x41820090
1673500: system.cpu: A0 T0 : 0x1000eb70 @_IO_file_xsputn+64    : bc         2, 12, 0x1000ec00 : IntAlu :  D=0x000000001000eb30  flags=(IsInteger|IsControl|IsDirectControl|IsCondControl)
1673750: global: Decode: Decoded mflr instruction: 0x7c0802a6
1673750: system.cpu: A0 T0 : 0x1000eb74 @_IO_file_xsputn+68    : mflr       r0              : IntAlu :  D=0x0000000010009e78  flags=(IsInteger)
1674000: global: Decode: Decoded ld instruction: 0xe95f0030
1674000: system.cpu: A0 T0 : 0x1000eb78 @_IO_file_xsputn+72    : ld         r10, 48(r31)    : MemRead :  D=0x0000000000000000 A=0x100b0370  flags=(IsInteger|IsLoad)
1674250: global: Decode: Decoded cmpl instruction: 0x7faa1840
1674250: system.cpu: A0 T0 : 0x1000eb7c @_IO_file_xsputn+76    : cmpld      cr7, r10, r3    : IntAlu :  D=0x0000000048000282  flags=(IsInteger)
1674500: global: Decode: Decoded std instruction: 0xf80100b0
1674500: system.cpu: A0 T0 : 0x1000eb80 @_IO_file_xsputn+80    : std        r0, 176(r1)     : MemWrite :  D=0x0000000010009e78 A=0x7fffffffe910  flags=(IsInteger|IsStore)
1674750: global: Decode: Decoded bc instruction: 0x409d00ec
1674750: system.cpu: A0 T0 : 0x1000eb84 @_IO_file_xsputn+84    : bc         29, 4, 0x1000ec70 : IntAlu :  D=0x000000001000eb30  flags=(IsInteger|IsControl|IsDirectControl|IsCondControl)
1675000: global: Decode: Decoded std instruction: 0xf8410028
1675000: system.cpu: A0 T0 : 0x1000ec70 @_IO_file_xsputn+320    : std        r2, 40(r1)      : MemWrite :  D=0x00000000100b7d00 A=0x7fffffffe888  flags=(IsInteger|IsStore)
1675250: global: Decode: Decoded or instruction: 0x7fddf378
1675250: system.cpu: A0 T0 : 0x1000ec74 @_IO_file_xsputn+324    : mr         r29, r30        : IntAlu :  D=0x000000000000000c  flags=(IsInteger)
1675500: global: Decode: Decoded ori instruction: 0x60000000
1675500: system.cpu: A0 T0 : 0x1000ec78 @_IO_file_xsputn+328    : nop                        : IntAlu :  D=0x0000000010009e78  flags=(IsInteger)
1675750: global: Decode: Decoded addi instruction: 0x39229de8
1675750: system.cpu: A0 T0 : 0x1000ec7c @_IO_file_xsputn+332    : subi       r9, r2, 25112   : IntAlu :  D=0x00000000100b1ae8  flags=(IsInteger)
1676000: global: Decode: Decoded ld instruction: 0xeb9f00d8
1676000: system.cpu: A0 T0 : 0x1000ec80 @_IO_file_xsputn+336    : ld         r28, 216(r31)   : MemRead :  D=0x00000000100b1ce0 A=0x100b0418  flags=(IsInteger|IsLoad)
1676250: global: Decode: Decoded ori instruction: 0x60000000
1676250: system.cpu: A0 T0 : 0x1000ec84 @_IO_file_xsputn+340    : nop                        : IntAlu :  D=0x0000000010009e78  flags=(IsInteger)
1676500: global: Decode: Decoded addi instruction: 0x3902a3d0
1676500: system.cpu: A0 T0 : 0x1000ec88 @_IO_file_xsputn+344    : subi       r8, r2, 23600   : IntAlu :  D=0x00000000100b20d0  flags=(IsInteger)
1676750: global: Decode: Decoded subf instruction: 0x7d49e050
1676750: system.cpu: A0 T0 : 0x1000ec8c @_IO_file_xsputn+348    : subf       r10, r9, r28    : IntAlu :  D=0x00000000000001f8  flags=(IsInteger)
1677000: global: Decode: Decoded subf instruction: 0x7d294050
1677000: system.cpu: A0 T0 : 0x1000ec90 @_IO_file_xsputn+352    : subf       r9, r9, r8      : IntAlu :  D=0x00000000000005e8  flags=(IsInteger)
1677250: global: Decode: Decoded cmpl instruction: 0x7fa95040
1677250: system.cpu: A0 T0 : 0x1000ec94 @_IO_file_xsputn+356    : cmpld      cr7, r9, r10    : IntAlu :  D=0x0000000048000284  flags=(IsInteger)
1677500: global: Decode: Decoded bc instruction: 0x409d0138
1677500: system.cpu: A0 T0 : 0x1000ec98 @_IO_file_xsputn+360    : bc         29, 4, 0x1000edd0 : IntAlu :  D=0x000000001000eb30  flags=(IsInteger|IsControl|IsDirectControl|IsCondControl)
1677750: global: Decode: Decoded ld instruction: 0xe93c0018
1677750: system.cpu: A0 T0 : 0x1000ec9c @_IO_file_xsputn+364    : ld         r9, 24(r28)     : MemRead :  D=0x00000000100abc08 A=0x100b1cf8  flags=(IsInteger|IsLoad)
1678000: global: Decode: Decoded addi instruction: 0x3880ffff
1678000: system.cpu: A0 T0 : 0x1000eca0 @_IO_file_xsputn+368    : li         r4, -1          : IntAlu :  D=0xffffffffffffffff  flags=(IsInteger)
1678250: global: Decode: Decoded or instruction: 0x7fe3fb78
1678250: system.cpu: A0 T0 : 0x1000eca4 @_IO_file_xsputn+372    : mr         r3, r31         : IntAlu :  D=0x00000000100b0340  flags=(IsInteger)
1678500: global: Decode: Decoded ld instruction: 0xe9490000
1678500: system.cpu: A0 T0 : 0x1000eca8 @_IO_file_xsputn+376    : ld         r10, 0(r9)      : MemRead :  D=0x000000001000fb10 A=0x100abc08  flags=(IsInteger|IsLoad)
1678750: global: Decode: Decoded ld instruction: 0xe9690010
1678750: system.cpu: A0 T0 : 0x1000ecac @_IO_file_xsputn+380    : ld         r11, 16(r9)     : MemRead :  D=0x0000000000000000 A=0x100abc18  flags=(IsInteger|IsLoad)
1679000: global: Decode: Decoded mtctr instruction: 0x7d4903a6
1679000: system.cpu: A0 T0 : 0x1000ecb0 @_IO_file_xsputn+384    : mtctr      r10             : IntAlu :  D=0x000000001000fb10  flags=(IsInteger)
1679250: global: Decode: Decoded ld instruction: 0xe8490008
1679250: system.cpu: A0 T0 : 0x1000ecb4 @_IO_file_xsputn+388    : ld         r2, 8(r9)       : MemRead :  D=0x00000000100b7d00 A=0x100abc10  flags=(IsInteger|IsLoad)
1679500: global: Decode: Decoded bcctr instruction: 0x4e800421
1679500: system.cpu: A0 T0 : 0x1000ecb8 @_IO_file_xsputn+392    : bcctrl     0, 20           : IntAlu :  D=0x000000001000ecbc  flags=(IsInteger|IsControl|IsIndirectControl|IsCondControl|IsCall)
1679750: global: Decode: Decoded lwa instruction: 0xe9230002
1679750: system.cpu: A0 T0 : 0x1000fb10 @_IO_new_file_overflow    : lwa        r9, 0(r3)       : MemRead :  D=0xfffffffffbad2084 A=0x100b0340  flags=(IsInteger|IsLoad)
1680000: global: Decode: Decoded andi_ instruction: 0x712a0008
1680000: system.cpu: A0 T0 : 0x1000fb14 @_IO_new_file_overflow+4    : andi.      r10, r9, 8      : IntAlu :  D=0x0000000028000284  flags=(IsInteger)
1680250: global: Decode: Decoded bc instruction: 0x40820298
1680250: system.cpu: A0 T0 : 0x1000fb18 @_IO_new_file_overflow+8    : bc         2, 4, 0x1000fdb0 : IntAlu :  D=0x000000001000fb10  flags=(IsInteger|IsControl|IsDirectControl|IsCondControl)
1680500: global: Decode: Decoded andi_ instruction: 0x712a0800
1680500: system.cpu: A0 T0 : 0x1000fb1c @_IO_new_file_overflow+12    : andi.      r10, r9, 2048   : IntAlu :  D=0x0000000028000284  flags=(IsInteger)
1680750: global: Decode: Decoded ld instruction: 0xe9430020
1680750: system.cpu: A0 T0 : 0x1000fb20 @_IO_new_file_overflow+16    : ld         r10, 32(r3)     : MemRead :  D=0x0000000000000000 A=0x100b0360  flags=(IsInteger|IsLoad)
1681000: global: Decode: Decoded std instruction: 0xfbc1fff0
1681000: system.cpu: A0 T0 : 0x1000fb24 @_IO_new_file_overflow+20    : std        r30, -16(r1)    : MemWrite :  D=0x000000000000000c A=0x7fffffffe850  flags=(IsInteger|IsStore)
1681250: global: Decode: Decoded or instruction: 0x7c9e2378
1681250: system.cpu: A0 T0 : 0x1000fb28 @_IO_new_file_overflow+24    : mr         r30, r4         : IntAlu :  D=0xffffffffffffffff  flags=(IsInteger)
1681500: global: Decode: Decoded std instruction: 0xfbe1fff8
1681500: system.cpu: A0 T0 : 0x1000fb2c @_IO_new_file_overflow+28    : std        r31, -8(r1)     : MemWrite :  D=0x00000000100b0340 A=0x7fffffffe858  flags=(IsInteger|IsStore)
1681750: global: Decode: Decoded stdu instruction: 0xf821ff71
1681750: system.cpu: A0 T0 : 0x1000fb30 @_IO_new_file_overflow+32    : stdu       r1, -144(r1)    : MemWrite :  D=0x00007fffffffe7d0 A=0x7fffffffe7d0  flags=(IsInteger|IsStore)
1682000: global: Decode: Decoded or instruction: 0x7c7f1b78
1682000: system.cpu: A0 T0 : 0x1000fb34 @_IO_new_file_overflow+36    : mr         r31, r3         : IntAlu :  D=0x00000000100b0340  flags=(IsInteger)
1682250: global: Decode: Decoded cmpi instruction: 0x2faa0000
1682250: system.cpu: A0 T0 : 0x1000fb38 @_IO_new_file_overflow+40    : cmpdi      cr7, r10, 0     : IntAlu :  D=0x0000000028000282  flags=(IsInteger)
1682500: global: Decode: Decoded bc instruction: 0x41820064
1682500: system.cpu: A0 T0 : 0x1000fb3c @_IO_new_file_overflow+44    : bc         2, 12, 0x1000fba0 : IntAlu :  D=0x000000001000fb10  flags=(IsInteger|IsControl|IsDirectControl|IsCondControl)
1682750: global: Decode: Decoded bc instruction: 0x419e0170
1682750: system.cpu: A0 T0 : 0x1000fba0 @_IO_new_file_overflow+144    : bc         30, 12, 0x1000fd10 : IntAlu :  D=0x000000001000fb10  flags=(IsInteger|IsControl|IsDirectControl|IsCondControl)
1683000: global: Decode: Decoded mflr instruction: 0x7c0802a6
1683000: system.cpu: A0 T0 : 0x1000fd10 @_IO_new_file_overflow+512    : mflr       r0              : IntAlu :  D=0x000000001000ecbc  flags=(IsInteger)
1683250: global: Decode: Decoded or instruction: 0x7fe3fb78
1683250: system.cpu: A0 T0 : 0x1000fd14 @_IO_new_file_overflow+516    : mr         r3, r31         : IntAlu :  D=0x00000000100b0340  flags=(IsInteger)
1683500: global: Decode: Decoded std instruction: 0xf80100a0
1683500: system.cpu: A0 T0 : 0x1000fd18 @_IO_new_file_overflow+520    : std        r0, 160(r1)     : MemWrite :  D=0x000000001000ecbc A=0x7fffffffe870  flags=(IsInteger|IsStore)
1683750: global: Decode: Decoded b instruction: 0x480013a5
1683750: system.cpu: A0 T0 : 0x1000fd1c @_IO_new_file_overflow+524    : bl         _IO_doallocbuf  : IntAlu :  D=0x000000001000fd20  flags=(IsInteger|IsControl|IsDirectControl|IsUncondControl)
1684000: global: Decode: Decoded ld instruction: 0xe9230038
1684000: system.cpu: A0 T0 : 0x100110c0 @_IO_doallocbuf    : ld         r9, 56(r3)      : MemRead :  D=0x0000000000000000 A=0x100b0378  flags=(IsInteger|IsLoad)
1684250: global: Decode: Decoded cmpi instruction: 0x2fa90000
1684250: system.cpu: A0 T0 : 0x100110c4 @_IO_doallocbuf+4    : cmpdi      cr7, r9, 0      : IntAlu :  D=0x0000000028000282  flags=(IsInteger)
1684500: global: Decode: Decoded bclr instruction: 0x4c9e0020
1684500: system.cpu: A0 T0 : 0x100110c8 @_IO_doallocbuf+8    : bclr       30, 4           : IntAlu :  D=0x000000001000fb10  flags=(IsInteger|IsControl|IsIndirectControl|IsCondControl|IsReturn)
1684750: global: Decode: Decoded lwa instruction: 0xe9230002
1684750: system.cpu: A0 T0 : 0x100110cc @_IO_doallocbuf+12    : lwa        r9, 0(r3)       : MemRead :  D=0xfffffffffbad2084 A=0x100b0340  flags=(IsInteger|IsLoad)
1685000: global: Decode: Decoded std instruction: 0xfbe1fff8
1685000: system.cpu: A0 T0 : 0x100110d0 @_IO_doallocbuf+16    : std        r31, -8(r1)     : MemWrite :  D=0x00000000100b0340 A=0x7fffffffe7c8  flags=(IsInteger|IsStore)
1685250: global: Decode: Decoded or instruction: 0x7c7f1b78
1685250: system.cpu: A0 T0 : 0x100110d4 @_IO_doallocbuf+20    : mr         r31, r3         : IntAlu :  D=0x00000000100b0340  flags=(IsInteger)
1685500: global: Decode: Decoded std instruction: 0xfba1ffe8
1685500: system.cpu: A0 T0 : 0x100110d8 @_IO_doallocbuf+24    : std        r29, -24(r1)    : MemWrite :  D=0x000000000000000c A=0x7fffffffe7b8  flags=(IsInteger|IsStore)
1685750: global: Decode: Decoded std instruction: 0xfbc1fff0
1685750: system.cpu: A0 T0 : 0x100110dc @_IO_doallocbuf+28    : std        r30, -16(r1)    : MemWrite :  D=0xffffffffffffffff A=0x7fffffffe7c0  flags=(IsInteger|IsStore)
1686000: global: Decode: Decoded stdu instruction: 0xf821ff71
1686000: system.cpu: A0 T0 : 0x100110e0 @_IO_doallocbuf+32    : stdu       r1, -144(r1)    : MemWrite :  D=0x00007fffffffe740 A=0x7fffffffe740  flags=(IsInteger|IsStore)
1686250: global: Decode: Decoded andi_ instruction: 0x712a0002
1686250: system.cpu: A0 T0 : 0x100110e4 @_IO_doallocbuf+36    : andi.      r10, r9, 2      : IntAlu :  D=0x0000000028000282  flags=(IsInteger)
1686500: global: Decode: Decoded bc instruction: 0x41820010
1686500: system.cpu: A0 T0 : 0x100110e8 @_IO_doallocbuf+40    : bc         2, 12, 0x100110f8 : IntAlu :  D=0x000000001000fb10  flags=(IsInteger|IsControl|IsDirectControl|IsCondControl)
1686750: global: Decode: Decoded mflr instruction: 0x7c0802a6
1686750: system.cpu: A0 T0 : 0x100110f8 @_IO_doallocbuf+56    : mflr       r0              : IntAlu :  D=0x000000001000fd20  flags=(IsInteger)
1687000: global: Decode: Decoded ori instruction: 0x60000000
1687000: system.cpu: A0 T0 : 0x100110fc @_IO_doallocbuf+60    : nop                        : IntAlu :  D=0x000000001000fd20  flags=(IsInteger)
1687250: global: Decode: Decoded addi instruction: 0x39229de8
1687250: system.cpu: A0 T0 : 0x10011100 @_IO_doallocbuf+64    : subi       r9, r2, 25112   : IntAlu :  D=0x00000000100b1ae8  flags=(IsInteger)
1687500: global: Decode: Decoded ld instruction: 0xebdf00d8
1687500: system.cpu: A0 T0 : 0x10011104 @_IO_doallocbuf+68    : ld         r30, 216(r31)   : MemRead :  D=0x00000000100b1ce0 A=0x100b0418  flags=(IsInteger|IsLoad)
1687750: global: Decode: Decoded ori instruction: 0x60000000
1687750: system.cpu: A0 T0 : 0x10011108 @_IO_doallocbuf+72    : nop                        : IntAlu :  D=0x000000001000fd20  flags=(IsInteger)
1688000: global: Decode: Decoded addi instruction: 0x3902a3d0
1688000: system.cpu: A0 T0 : 0x1001110c @_IO_doallocbuf+76    : subi       r8, r2, 23600   : IntAlu :  D=0x00000000100b20d0  flags=(IsInteger)
1688250: global: Decode: Decoded std instruction: 0xf8410028
1688250: system.cpu: A0 T0 : 0x10011110 @_IO_doallocbuf+80    : std        r2, 40(r1)      : MemWrite :  D=0x00000000100b7d00 A=0x7fffffffe768  flags=(IsInteger|IsStore)
1688500: global: Decode: Decoded subf instruction: 0x7d49f050
1688500: system.cpu: A0 T0 : 0x10011114 @_IO_doallocbuf+84    : subf       r10, r9, r30    : IntAlu :  D=0x00000000000001f8  flags=(IsInteger)
1688750: global: Decode: Decoded subf instruction: 0x7d294050
1688750: system.cpu: A0 T0 : 0x10011118 @_IO_doallocbuf+88    : subf       r9, r9, r8      : IntAlu :  D=0x00000000000005e8  flags=(IsInteger)
1689000: global: Decode: Decoded cmpl instruction: 0x7fa95040
1689000: system.cpu: A0 T0 : 0x1001111c @_IO_doallocbuf+92    : cmpld      cr7, r9, r10    : IntAlu :  D=0x0000000028000284  flags=(IsInteger)
1689250: global: Decode: Decoded std instruction: 0xf80100a0
1689250: system.cpu: A0 T0 : 0x10011120 @_IO_doallocbuf+96    : std        r0, 160(r1)     : MemWrite :  D=0x000000001000fd20 A=0x7fffffffe7e0  flags=(IsInteger|IsStore)
1689500: global: Decode: Decoded bc instruction: 0x409d00cc
1689500: system.cpu: A0 T0 : 0x10011124 @_IO_doallocbuf+100    : bc         29, 4, 0x100111f0 : IntAlu :  D=0x000000001000fb10  flags=(IsInteger|IsControl|IsDirectControl|IsCondControl)
1689750: global: Decode: Decoded ld instruction: 0xe93e0068
1689750: system.cpu: A0 T0 : 0x10011128 @_IO_doallocbuf+104    : ld         r9, 104(r30)    : MemRead :  D=0x00000000100adca8 A=0x100b1d48  flags=(IsInteger|IsLoad)
1690000: global: Decode: Decoded or instruction: 0x7fe3fb78
1690000: system.cpu: A0 T0 : 0x1001112c @_IO_doallocbuf+108    : mr         r3, r31         : IntAlu :  D=0x00000000100b0340  flags=(IsInteger)
1690250: global: Decode: Decoded ld instruction: 0xe9490000
1690250: system.cpu: A0 T0 : 0x10011130 @_IO_doallocbuf+112    : ld         r10, 0(r9)      : MemRead :  D=0x0000000010040d10 A=0x100adca8  flags=(IsInteger|IsLoad)
1690500: global: Decode: Decoded ld instruction: 0xe9690010
1690500: system.cpu: A0 T0 : 0x10011134 @_IO_doallocbuf+116    : ld         r11, 16(r9)     : MemRead :  D=0x0000000000000000 A=0x100adcb8  flags=(IsInteger|IsLoad)
1690750: global: Decode: Decoded mtctr instruction: 0x7d4903a6
1690750: system.cpu: A0 T0 : 0x10011138 @_IO_doallocbuf+120    : mtctr      r10             : IntAlu :  D=0x0000000010040d10  flags=(IsInteger)
1691000: global: Decode: Decoded ld instruction: 0xe8490008
1691000: system.cpu: A0 T0 : 0x1001113c @_IO_doallocbuf+124    : ld         r2, 8(r9)       : MemRead :  D=0x00000000100b7d00 A=0x100adcb0  flags=(IsInteger|IsLoad)
1691250: global: Decode: Decoded bcctr instruction: 0x4e800421
1691250: system.cpu: A0 T0 : 0x10011140 @_IO_doallocbuf+128    : bcctrl     0, 20           : IntAlu :  D=0x0000000010011144  flags=(IsInteger|IsControl|IsIndirectControl|IsCondControl|IsCall)
1691500: global: Decode: Decoded mflr instruction: 0x7c0802a6
1691500: system.cpu: A0 T0 : 0x10040d10 @_IO_file_doallocate    : mflr       r0              : IntAlu :  D=0x0000000010011144  flags=(IsInteger)
1691750: global: Decode: Decoded std instruction: 0xfbe1fff8
1691750: system.cpu: A0 T0 : 0x10040d14 @_IO_file_doallocate+4    : std        r31, -8(r1)     : MemWrite :  D=0x00000000100b0340 A=0x7fffffffe738  flags=(IsInteger|IsStore)
1692000: global: Decode: Decoded std instruction: 0xfbc1fff0
1692000: system.cpu: A0 T0 : 0x10040d18 @_IO_file_doallocate+8    : std        r30, -16(r1)    : MemWrite :  D=0x00000000100b1ce0 A=0x7fffffffe730  flags=(IsInteger|IsStore)
1692250: global: Decode: Decoded or instruction: 0x7c7f1b78
1692250: system.cpu: A0 T0 : 0x10040d1c @_IO_file_doallocate+12    : mr         r31, r3         : IntAlu :  D=0x00000000100b0340  flags=(IsInteger)
1692500: global: Decode: Decoded std instruction: 0xf8010010
1692500: system.cpu: A0 T0 : 0x10040d20 @_IO_file_doallocate+16    : std        r0, 16(r1)      : MemWrite :  D=0x0000000010011144 A=0x7fffffffe750  flags=(IsInteger|IsStore)
1692750: global: Decode: Decoded stdu instruction: 0xf821fee1
1692750: system.cpu: A0 T0 : 0x10040d24 @_IO_file_doallocate+20    : stdu       r1, -288(r1)    : MemWrite :  D=0x00007fffffffe620 A=0x7fffffffe620  flags=(IsInteger|IsStore)
1693000: global: Decode: Decoded lwz instruction: 0x81230070
1693000: system.cpu: A0 T0 : 0x10040d28 @_IO_file_doallocate+24    : lwz        r9, 112(r3)     : MemRead :  D=0x0000000000000001 A=0x100b03b0  flags=(IsInteger|IsLoad)
1693250: global: Decode: Decoded std instruction: 0xf8410028
1693250: system.cpu: A0 T0 : 0x10040d2c @_IO_file_doallocate+28    : std        r2, 40(r1)      : MemWrite :  D=0x00000000100b7d00 A=0x7fffffffe648  flags=(IsInteger|IsStore)
1693500: global: Decode: Decoded cmpi instruction: 0x2f890000
1693500: system.cpu: A0 T0 : 0x10040d30 @_IO_file_doallocate+32    : cmpwi      cr7, r9, 0      : IntAlu :  D=0x0000000028000284  flags=(IsInteger)
1693750: global: Decode: Decoded bc instruction: 0x419c00bc
1693750: system.cpu: A0 T0 : 0x10040d34 @_IO_file_doallocate+36    : bc         28, 12, 0x10040df0 : IntAlu :  D=0x0000000010040d10  flags=(IsInteger|IsControl|IsDirectControl|IsCondControl)
1694000: global: Decode: Decoded ori instruction: 0x60000000
1694000: system.cpu: A0 T0 : 0x10040d38 @_IO_file_doallocate+40    : nop                        : IntAlu :  D=0x0000000010011144  flags=(IsInteger)
1694250: global: Decode: Decoded addi instruction: 0x39229de8
1694250: system.cpu: A0 T0 : 0x10040d3c @_IO_file_doallocate+44    : subi       r9, r2, 25112   : IntAlu :  D=0x00000000100b1ae8  flags=(IsInteger)
1694500: global: Decode: Decoded ld instruction: 0xebc300d8
1694500: system.cpu: A0 T0 : 0x10040d40 @_IO_file_doallocate+48    : ld         r30, 216(r3)    : MemRead :  D=0x00000000100b1ce0 A=0x100b0418  flags=(IsInteger|IsLoad)
1694750: global: Decode: Decoded ori instruction: 0x60000000
1694750: system.cpu: A0 T0 : 0x10040d44 @_IO_file_doallocate+52    : nop                        : IntAlu :  D=0x0000000010011144  flags=(IsInteger)
1695000: global: Decode: Decoded addi instruction: 0x3902a3d0
1695000: system.cpu: A0 T0 : 0x10040d48 @_IO_file_doallocate+56    : subi       r8, r2, 23600   : IntAlu :  D=0x00000000100b20d0  flags=(IsInteger)
1695250: global: Decode: Decoded subf instruction: 0x7d49f050
1695250: system.cpu: A0 T0 : 0x10040d4c @_IO_file_doallocate+60    : subf       r10, r9, r30    : IntAlu :  D=0x00000000000001f8  flags=(IsInteger)
1695500: global: Decode: Decoded subf instruction: 0x7d294050
1695500: system.cpu: A0 T0 : 0x10040d50 @_IO_file_doallocate+64    : subf       r9, r9, r8      : IntAlu :  D=0x00000000000005e8  flags=(IsInteger)
1695750: global: Decode: Decoded cmpl instruction: 0x7fa95040
1695750: system.cpu: A0 T0 : 0x10040d54 @_IO_file_doallocate+68    : cmpld      cr7, r9, r10    : IntAlu :  D=0x0000000028000284  flags=(IsInteger)
1696000: global: Decode: Decoded bc instruction: 0x409d0158
1696000: system.cpu: A0 T0 : 0x10040d58 @_IO_file_doallocate+72    : bc         29, 4, 0x10040eb0 : IntAlu :  D=0x0000000010040d10  flags=(IsInteger|IsControl|IsDirectControl|IsCondControl)
1696250: global: Decode: Decoded ld instruction: 0xe93e0090
1696250: system.cpu: A0 T0 : 0x10040d5c @_IO_file_doallocate+76    : ld         r9, 144(r30)    : MemRead :  D=0x00000000100aba88 A=0x100b1d70  flags=(IsInteger|IsLoad)
1696500: global: Decode: Decoded addi instruction: 0x38810070
1696500: system.cpu: A0 T0 : 0x10040d60 @_IO_file_doallocate+80    : addi       r4, r1, 112     : IntAlu :  D=0x00007fffffffe690  flags=(IsInteger)
1696750: global: Decode: Decoded or instruction: 0x7fe3fb78
1696750: system.cpu: A0 T0 : 0x10040d64 @_IO_file_doallocate+84    : mr         r3, r31         : IntAlu :  D=0x00000000100b0340  flags=(IsInteger)
1697000: global: Decode: Decoded ld instruction: 0xe9490000
1697000: system.cpu: A0 T0 : 0x10040d68 @_IO_file_doallocate+88    : ld         r10, 0(r9)      : MemRead :  D=0x000000001000e160 A=0x100aba88  flags=(IsInteger|IsLoad)
1697250: global: Decode: Decoded ld instruction: 0xe9690010
1697250: system.cpu: A0 T0 : 0x10040d6c @_IO_file_doallocate+92    : ld         r11, 16(r9)     : MemRead :  D=0x0000000000000000 A=0x100aba98  flags=(IsInteger|IsLoad)
1697500: global: Decode: Decoded mtctr instruction: 0x7d4903a6
1697500: system.cpu: A0 T0 : 0x10040d70 @_IO_file_doallocate+96    : mtctr      r10             : IntAlu :  D=0x000000001000e160  flags=(IsInteger)
1697750: global: Decode: Decoded ld instruction: 0xe8490008
1697750: system.cpu: A0 T0 : 0x10040d74 @_IO_file_doallocate+100    : ld         r2, 8(r9)       : MemRead :  D=0x00000000100b7d00 A=0x100aba90  flags=(IsInteger|IsLoad)
1698000: global: Decode: Decoded bcctr instruction: 0x4e800421
1698000: system.cpu: A0 T0 : 0x10040d78 @_IO_file_doallocate+104    : bcctrl     0, 20           : IntAlu :  D=0x0000000010040d7c  flags=(IsInteger|IsControl|IsIndirectControl|IsCondControl|IsCall)
1698250: global: Decode: Decoded mflr instruction: 0x7c0802a6
1698250: system.cpu: A0 T0 : 0x1000e160 @_IO_file_stat    : mflr       r0              : IntAlu :  D=0x0000000010040d7c  flags=(IsInteger)
1698500: global: Decode: Decoded or instruction: 0x7c852378
1698500: system.cpu: A0 T0 : 0x1000e164 @_IO_file_stat+4    : mr         r5, r4          : IntAlu :  D=0x00007fffffffe690  flags=(IsInteger)
1698750: global: Decode: Decoded std instruction: 0xf8010010
1698750: system.cpu: A0 T0 : 0x1000e168 @_IO_file_stat+8    : std        r0, 16(r1)      : MemWrite :  D=0x0000000010040d7c A=0x7fffffffe630  flags=(IsInteger|IsStore)
1699000: global: Decode: Decoded stdu instruction: 0xf821ff91
1699000: system.cpu: A0 T0 : 0x1000e16c @_IO_file_stat+12    : stdu       r1, -112(r1)    : MemWrite :  D=0x00007fffffffe5b0 A=0x7fffffffe5b0  flags=(IsInteger|IsStore)
1699250: global: Decode: Decoded lwa instruction: 0xe8830072
1699250: system.cpu: A0 T0 : 0x1000e170 @_IO_file_stat+16    : lwa        r4, 112(r3)     : MemRead :  D=0x0000000000000001 A=0x100b03b0  flags=(IsInteger|IsLoad)
1699500: global: Decode: Decoded addi instruction: 0x38600001
1699500: system.cpu: A0 T0 : 0x1000e174 @_IO_file_stat+20    : li         r3, 1           : IntAlu :  D=0x0000000000000001  flags=(IsInteger)
1699750: global: Decode: Decoded b instruction: 0x48012e29
1699750: system.cpu: A0 T0 : 0x1000e178 @_IO_file_stat+24    : bl         __fxstat64      : IntAlu :  D=0x000000001000e17c  flags=(IsInteger|IsControl|IsDirectControl|IsUncondControl)
1700000: global: Decode: Decoded rlwinm instruction: 0x546307fa
1700000: system.cpu: A0 T0 : 0x10020fa0 @__fxstat    : rlwinm     r3, r3, 0, 31, 29 : IntAlu :  D=0x0000000100000001  flags=(IsInteger)
1700250: global: Decode: Decoded cmpi instruction: 0x2f830001
1700250: system.cpu: A0 T0 : 0x10020fa4 @__fxstat+4    : cmpwi      cr7, r3, 1      : IntAlu :  D=0x0000000028000282  flags=(IsInteger)
1700500: global: Decode: Decoded bc instruction: 0x419e0028
1700500: system.cpu: A0 T0 : 0x10020fa8 @__fxstat+8    : bc         30, 12, 0x10020fd0 : IntAlu :  D=0x000000001000e160  flags=(IsInteger|IsControl|IsDirectControl|IsCondControl)
1700750: global: Decode: Decoded or instruction: 0x7c832378
1700750: system.cpu: A0 T0 : 0x10020fd0 @__fxstat+48    : mr         r3, r4          : IntAlu :  D=0x0000000000000001  flags=(IsInteger)
1701000: global: Decode: Decoded addi instruction: 0x3800006c
1701000: system.cpu: A0 T0 : 0x10020fd4 @__fxstat+52    : li         r0, 108         : IntAlu :  D=0x000000000000006c  flags=(IsInteger)
1701250: global: Decode: Decoded or instruction: 0x7ca42b78
1701250: system.cpu: A0 T0 : 0x10020fd8 @__fxstat+56    : mr         r4, r5          : IntAlu :  D=0x00007fffffffe690  flags=(IsInteger)
1701500: global: Decode: Decoded sc instruction: 0x44000002
1701500: system.cpu: A0 T0 : 0x10020fdc @__fxstat+60    : sc                         : IntAlu :   flags=()
1701750: global: Decode: Decoded mfcr instruction: 0x7c000026
1701750: system.cpu: A0 T0 : 0x10020fe0 @__fxstat+64    : mfcr       r0              : IntAlu :  D=0x0000000028000282  flags=(IsInteger)
1702000: global: Decode: Decoded andis_ instruction: 0x74091000
1702000: system.cpu: A0 T0 : 0x10020fe4 @__fxstat+68    : andis.     r9, r0, 4096    : IntAlu :  D=0x0000000028000282  flags=(IsInteger)
1702250: global: Decode: Decoded or instruction: 0x7c691b78
1702250: system.cpu: A0 T0 : 0x10020fe8 @__fxstat+72    : mr         r9, r3          : IntAlu :  D=0x0000000000000000  flags=(IsInteger)
1702500: global: Decode: Decoded bc instruction: 0x40820014
1702500: system.cpu: A0 T0 : 0x10020fec @__fxstat+76    : bc         2, 4, 0x10021000 : IntAlu :  D=0x000000001000e160  flags=(IsInteger|IsControl|IsDirectControl|IsCondControl)
1702750: global: Decode: Decoded extsw instruction: 0x7c6307b4
1702750: system.cpu: A0 T0 : 0x10020ff0 @__fxstat+80    : extsw      r3, r3          : IntAlu :  D=0x0000000000000000  flags=(IsInteger)
1703000: global: Decode: Decoded bclr instruction: 0x4e800020
1703000: system.cpu: A0 T0 : 0x10020ff4 @__fxstat+84    : bclr       0, 20           : IntAlu :  D=0x000000001000e160  flags=(IsInteger|IsControl|IsIndirectControl|IsCondControl|IsReturn)
1703250: global: Decode: Decoded ori instruction: 0x60000000
1703250: system.cpu: A0 T0 : 0x1000e17c @_IO_file_stat+28    : nop                        : IntAlu :  D=0x0000000028000282  flags=(IsInteger)
1703500: global: Decode: Decoded addi instruction: 0x38210070
1703500: system.cpu: A0 T0 : 0x1000e180 @_IO_file_stat+32    : addi       r1, r1, 112     : IntAlu :  D=0x00007fffffffe620  flags=(IsInteger)
1703750: global: Decode: Decoded ld instruction: 0xe8010010
1703750: system.cpu: A0 T0 : 0x1000e184 @_IO_file_stat+36    : ld         r0, 16(r1)      : MemRead :  D=0x0000000010040d7c A=0x7fffffffe630  flags=(IsInteger|IsLoad)
1704000: global: Decode: Decoded mtlr instruction: 0x7c0803a6
1704000: system.cpu: A0 T0 : 0x1000e188 @_IO_file_stat+40    : mtlr       r0              : IntAlu :  D=0x0000000010040d7c  flags=(IsInteger)
1704250: global: Decode: Decoded bclr instruction: 0x4e800020
1704250: system.cpu: A0 T0 : 0x1000e18c @_IO_file_stat+44    : bclr       0, 20           : IntAlu :  D=0x000000001000e160  flags=(IsInteger|IsControl|IsIndirectControl|IsCondControl|IsReturn)
1704500: global: Decode: Decoded ld instruction: 0xe8410028
1704500: system.cpu: A0 T0 : 0x10040d7c @_IO_file_doallocate+108    : ld         r2, 40(r1)      : MemRead :  D=0x00000000100b7d00 A=0x7fffffffe648  flags=(IsInteger|IsLoad)
1704750: global: Decode: Decoded cmpi instruction: 0x2f830000
1704750: system.cpu: A0 T0 : 0x10040d80 @_IO_file_doallocate+112    : cmpwi      cr7, r3, 0      : IntAlu :  D=0x0000000028000282  flags=(IsInteger)
1705000: global: Decode: Decoded bc instruction: 0x419c006c
1705000: system.cpu: A0 T0 : 0x10040d84 @_IO_file_doallocate+116    : bc         28, 12, 0x10040df0 : IntAlu :  D=0x000000001000e160  flags=(IsInteger|IsControl|IsDirectControl|IsCondControl)
1705250: global: Decode: Decoded lwz instruction: 0x81210088
1705250: system.cpu: A0 T0 : 0x10040d88 @_IO_file_doallocate+120    : lwz        r9, 136(r1)     : MemRead :  D=0x0000000090210000 A=0x7fffffffe6a8  flags=(IsInteger|IsLoad)
1705500: global: Decode: Decoded rlwinm instruction: 0x55290426
1705500: system.cpu: A0 T0 : 0x10040d8c @_IO_file_doallocate+124    : rlwinm     r9, r9, 0, 16, 19 : IntAlu :  D=0x0000000000000000  flags=(IsInteger)
1705750: global: Decode: Decoded cmpi instruction: 0x2f892000
1705750: system.cpu: A0 T0 : 0x10040d90 @_IO_file_doallocate+128    : cmpwi      cr7, r9, 8192   : IntAlu :  D=0x0000000028000288  flags=(IsInteger)
1706000: global: Decode: Decoded bc instruction: 0x419e009c
1706000: system.cpu: A0 T0 : 0x10040d94 @_IO_file_doallocate+132    : bc         30, 12, 0x10040e30 : IntAlu :  D=0x000000001000e160  flags=(IsInteger|IsControl|IsDirectControl|IsCondControl)
1706250: global: Decode: Decoded ld instruction: 0xebc100a8
1706250: system.cpu: A0 T0 : 0x10040d98 @_IO_file_doallocate+136    : ld         r30, 168(r1)    : MemRead :  D=0x0020000000000000 A=0x7fffffffe6c8  flags=(IsInteger|IsLoad)
1706500: global: Decode: Decoded addi instruction: 0x393effff
1706500: system.cpu: A0 T0 : 0x10040d9c @_IO_file_doallocate+140    : subi       r9, r30, 1      : IntAlu :  D=0x001fffffffffffff  flags=(IsInteger)
1706750: global: Decode: Decoded cmpli instruction: 0x2ba91ffe
1706750: system.cpu: A0 T0 : 0x10040da0 @_IO_file_doallocate+144    : cmpldi     cr7, r9, 8190   : IntAlu :  D=0x0000000028000284  flags=(IsInteger)
1707000: global: Decode: Decoded bc instruction: 0x419d004c
1707000: system.cpu: A0 T0 : 0x10040da4 @_IO_file_doallocate+148    : bc         29, 12, 0x10040df0 : IntAlu :  D=0x000000001000e160  flags=(IsInteger|IsControl|IsDirectControl|IsCondControl)
1707250: global: Decode: Decoded addi instruction: 0x3bc02000
1707250: system.cpu: A0 T0 : 0x10040df0 @_IO_file_doallocate+224    : li         r30, 8192       : IntAlu :  D=0x0000000000002000  flags=(IsInteger)
1707500: global: Decode: Decoded or instruction: 0x7fc3f378
1707500: system.cpu: A0 T0 : 0x10040df4 @_IO_file_doallocate+228    : mr         r3, r30         : IntAlu :  D=0x0000000000002000  flags=(IsInteger)
1707750: global: Decode: Decoded b instruction: 0x4bfd8dd9
1707750: system.cpu: A0 T0 : 0x10040df8 @_IO_file_doallocate+232    : bl         malloc          : IntAlu :  D=0x0000000010040dfc  flags=(IsInteger|IsControl|IsDirectControl|IsUncondControl)
1708000: global: Decode: Decoded ori instruction: 0x60000000
1708000: system.cpu: A0 T0 : 0x10019bd0 @__libc_malloc    : nop                        : IntAlu :  D=0x0000000010040d7c  flags=(IsInteger)
1708250: global: Decode: Decoded ld instruction: 0xe92293c0
1708250: system.cpu: A0 T0 : 0x10019bd4 @__libc_malloc+4    : ld         r9, -27712(r2)  : MemRead :  D=0x0000000000000000 A=0x100b10c0  flags=(IsInteger|IsLoad)
1708500: global: Decode: Decoded std instruction: 0xfba1ffe8
1708500: system.cpu: A0 T0 : 0x10019bd8 @__libc_malloc+8    : std        r29, -24(r1)    : MemWrite :  D=0x000000000000000c A=0x7fffffffe608  flags=(IsInteger|IsStore)
1708750: global: Decode: Decoded cmpi instruction: 0x2fa90000
1708750: system.cpu: A0 T0 : 0x10019bdc @__libc_malloc+12    : cmpdi      cr7, r9, 0      : IntAlu :  D=0x0000000028000282  flags=(IsInteger)
1709000: global: Decode: Decoded stdu instruction: 0xf821ff71
1709000: system.cpu: A0 T0 : 0x10019be0 @__libc_malloc+16    : stdu       r1, -144(r1)    : MemWrite :  D=0x00007fffffffe590 A=0x7fffffffe590  flags=(IsInteger|IsStore)
1709250: global: Decode: Decoded bc instruction: 0x409e022c
1709250: system.cpu: A0 T0 : 0x10019be4 @__libc_malloc+20    : bc         30, 4, 0x10019e10 : IntAlu :  D=0x000000001000e160  flags=(IsInteger|IsControl|IsDirectControl|IsCondControl)
1709500: global: Decode: Decoded addi instruction: 0x39230017
1709500: system.cpu: A0 T0 : 0x10019be8 @__libc_malloc+24    : addi       r9, r3, 23      : IntAlu :  D=0x0000000000002017  flags=(IsInteger)
1709750: global: Decode: Decoded std instruction: 0xfbc10080
1709750: system.cpu: A0 T0 : 0x10019bec @__libc_malloc+28    : std        r30, 128(r1)    : MemWrite :  D=0x0000000000002000 A=0x7fffffffe610  flags=(IsInteger|IsStore)
1710000: global: Decode: Decoded std instruction: 0xfb810070
1710000: system.cpu: A0 T0 : 0x10019bf0 @__libc_malloc+32    : std        r28, 112(r1)    : MemWrite :  D=0x00000000100b1ce0 A=0x7fffffffe600  flags=(IsInteger|IsStore)
1710250: global: Decode: Decoded or instruction: 0x7c7e1b78
1710250: system.cpu: A0 T0 : 0x10019bf4 @__libc_malloc+36    : mr         r30, r3         : IntAlu :  D=0x0000000000002000  flags=(IsInteger)
1710500: global: Decode: Decoded cmpli instruction: 0x2ba9001f
1710500: system.cpu: A0 T0 : 0x10019bf8 @__libc_malloc+40    : cmpldi     cr7, r9, 31     : IntAlu :  D=0x0000000028000284  flags=(IsInteger)
1710750: global: Decode: Decoded std instruction: 0xfbe10088
1710750: system.cpu: A0 T0 : 0x10019bfc @__libc_malloc+44    : std        r31, 136(r1)    : MemWrite :  D=0x00000000100b0340 A=0x7fffffffe618  flags=(IsInteger|IsStore)
1711000: global: Decode: Decoded bc instruction: 0x419d00a0
1711000: system.cpu: A0 T0 : 0x10019c00 @__libc_malloc+48    : bc         29, 12, 0x10019ca0 : IntAlu :  D=0x000000001000e160  flags=(IsInteger|IsControl|IsDirectControl|IsCondControl)
1711250: global: Decode: Decoded rldicr instruction: 0x792906e4
1711250: system.cpu: A0 T0 : 0x10019ca0 @__libc_malloc+208    : rldicr     r9, r9, 0, 59   : IntAlu :  D=0x0000000000002010  flags=(IsInteger)
1711500: global: Decode: Decoded cmpl instruction: 0x7fa34840
1711500: system.cpu: A0 T0 : 0x10019ca4 @__libc_malloc+212    : cmpld      cr7, r3, r9     : IntAlu :  D=0x0000000028000288  flags=(IsInteger)
1711750: global: Decode: Decoded bc instruction: 0x419d0028
1711750: system.cpu: A0 T0 : 0x10019ca8 @__libc_malloc+216    : bc         29, 12, 0x10019cd0 : IntAlu :  D=0x000000001000e160  flags=(IsInteger|IsControl|IsDirectControl|IsCondControl)
1712000: global: Decode: Decoded addi instruction: 0x3940ffbf
1712000: system.cpu: A0 T0 : 0x10019cac @__libc_malloc+220    : li         r10, -65        : IntAlu :  D=0xffffffffffffffbf  flags=(IsInteger)
1712250: global: Decode: Decoded cmpl instruction: 0x7fa95040
1712250: system.cpu: A0 T0 : 0x10019cb0 @__libc_malloc+224    : cmpld      cr7, r9, r10    : IntAlu :  D=0x0000000028000288  flags=(IsInteger)
1712500: global: Decode: Decoded bc instruction: 0x419d001c
1712500: system.cpu: A0 T0 : 0x10019cb4 @__libc_malloc+228    : bc         29, 12, 0x10019cd0 : IntAlu :  D=0x000000001000e160  flags=(IsInteger|IsControl|IsDirectControl|IsCondControl)
1712750: global: Decode: Decoded addi instruction: 0x3be9ffef
1712750: system.cpu: A0 T0 : 0x10019cb8 @__libc_malloc+232    : subi       r31, r9, 17     : IntAlu :  D=0x0000000000001fff  flags=(IsInteger)
1713000: global: Decode: Decoded rldicl instruction: 0x7bfce102
1713000: system.cpu: A0 T0 : 0x10019cbc @__libc_malloc+236    : rldicl     r28, r31, 60, 4 : IntAlu :  D=0x00000000000001ff  flags=(IsInteger)
1713250: global: Decode: Decoded b instruction: 0x4bffff54
1713250: system.cpu: A0 T0 : 0x10019cc0 @__libc_malloc+240    : b          0x10019c14      : IntAlu :   flags=(IsControl|IsDirectControl|IsUncondControl)
1713500: global: Decode: Decoded ori instruction: 0x60000000
1713500: system.cpu: A0 T0 : 0x10019c14 @__libc_malloc+68    : nop                        : IntAlu :  D=0x0000000010040d7c  flags=(IsInteger)
1713750: global: Decode: Decoded addi instruction: 0x392d9028
1713750: system.cpu: A0 T0 : 0x10019c18 @__libc_malloc+72    : subi       r9, r13, 28632  : IntAlu :  D=0x00000000100b4798  flags=(IsInteger)
1714000: global: Decode: Decoded ld instruction: 0xe9490000
1714000: system.cpu: A0 T0 : 0x10019c1c @__libc_malloc+76    : ld         r10, 0(r9)      : MemRead :  D=0x00000000100b4ff0 A=0x100b4798  flags=(IsInteger|IsLoad)
1714250: global: Decode: Decoded cmpi instruction: 0x2faa0000
1714250: system.cpu: A0 T0 : 0x10019c20 @__libc_malloc+80    : cmpdi      cr7, r10, 0     : IntAlu :  D=0x0000000028000284  flags=(IsInteger)
1714500: global: Decode: Decoded bc instruction: 0x419e00ec
1714500: system.cpu: A0 T0 : 0x10019c24 @__libc_malloc+84    : bc         30, 12, 0x10019d10 : IntAlu :  D=0x000000001000e160  flags=(IsInteger|IsControl|IsDirectControl|IsCondControl)
1714750: global: Decode: Decoded ori instruction: 0x60000000
1714750: system.cpu: A0 T0 : 0x10019c28 @__libc_malloc+88    : nop                        : IntAlu :  D=0x0000000010040d7c  flags=(IsInteger)
1715000: global: Decode: Decoded ld instruction: 0xe9228ad8
1715000: system.cpu: A0 T0 : 0x10019c2c @__libc_malloc+92    : ld         r9, -29992(r2)  : MemRead :  D=0x0000000000000040 A=0x100b07d8  flags=(IsInteger|IsLoad)
1715250: global: Decode: Decoded cmpl instruction: 0x7fa9e040
1715250: system.cpu: A0 T0 : 0x10019c30 @__libc_malloc+96    : cmpld      cr7, r9, r28    : IntAlu :  D=0x0000000028000288  flags=(IsInteger)
1715500: global: Decode: Decoded bc instruction: 0x419d012c
1715500: system.cpu: A0 T0 : 0x10019c34 @__libc_malloc+100    : bc         29, 12, 0x10019d60 : IntAlu :  D=0x000000001000e160  flags=(IsInteger|IsControl|IsDirectControl|IsCondControl)
1715750: global: Decode: Decoded mflr instruction: 0x7c0802a6
1715750: system.cpu: A0 T0 : 0x10019c38 @__libc_malloc+104    : mflr       r0              : IntAlu :  D=0x0000000010040dfc  flags=(IsInteger)
1716000: global: Decode: Decoded std instruction: 0xf80100a0
1716000: system.cpu: A0 T0 : 0x10019c3c @__libc_malloc+108    : std        r0, 160(r1)     : MemWrite :  D=0x0000000010040dfc A=0x7fffffffe630  flags=(IsInteger|IsStore)
1716250: global: Decode: Decoded lwz instruction: 0x812d8890
1716250: system.cpu: A0 T0 : 0x10019c40 @__libc_malloc+112    : lwz        r9, -30576(r13) : MemRead :  D=0x0000000000000000 A=0x100b4000  flags=(IsInteger|IsLoad)
1716500: global: Decode: Decoded cmpi instruction: 0x2f890000
1716500: system.cpu: A0 T0 : 0x10019c44 @__libc_malloc+116    : cmpwi      cr7, r9, 0      : IntAlu :  D=0x0000000028000282  flags=(IsInteger)
1716750: global: Decode: Decoded bc instruction: 0x409e0208
1716750: system.cpu: A0 T0 : 0x10019c48 @__libc_malloc+120    : bc         30, 4, 0x10019e50 : IntAlu :  D=0x000000001000e160  flags=(IsInteger|IsControl|IsDirectControl|IsCondControl)
1717000: global: Decode: Decoded ori instruction: 0x60000000
1717000: system.cpu: A0 T0 : 0x10019c4c @__libc_malloc+124    : nop                        : IntAlu :  D=0x0000000010040dfc  flags=(IsInteger)
1717250: global: Decode: Decoded or instruction: 0x7fc4f378
1717250: system.cpu: A0 T0 : 0x10019c50 @__libc_malloc+128    : mr         r4, r30         : IntAlu :  D=0x0000000000002000  flags=(IsInteger)
1717500: global: Decode: Decoded addi instruction: 0x3be28af8
1717500: system.cpu: A0 T0 : 0x10019c54 @__libc_malloc+132    : subi       r31, r2, 29960  : IntAlu :  D=0x00000000100b07f8  flags=(IsInteger)
1717750: global: Decode: Decoded or instruction: 0x7fe3fb78
1717750: system.cpu: A0 T0 : 0x10019c58 @__libc_malloc+136    : mr         r3, r31         : IntAlu :  D=0x00000000100b07f8  flags=(IsInteger)
1718000: global: Decode: Decoded b instruction: 0x4bffdbd5
1718000: system.cpu: A0 T0 : 0x10019c5c @__libc_malloc+140    : bl         _int_malloc     : IntAlu :  D=0x0000000010019c60  flags=(IsInteger|IsControl|IsDirectControl|IsUncondControl)
1718250: global: Decode: Decoded mfcr instruction: 0x7d800026
1718250: system.cpu: A0 T0 : 0x10017830 @_int_malloc    : mfcr       r12             : IntAlu :  D=0x0000000028000282  flags=(IsInteger)
1718500: global: Decode: Decoded std instruction: 0xfbe1fff8
1718500: system.cpu: A0 T0 : 0x10017834 @_int_malloc+4    : std        r31, -8(r1)     : MemWrite :  D=0x00000000100b07f8 A=0x7fffffffe588  flags=(IsInteger|IsStore)
1718750: global: Decode: Decoded addi instruction: 0x3be40017
1718750: system.cpu: A0 T0 : 0x10017838 @_int_malloc+8    : addi       r31, r4, 23     : IntAlu :  D=0x0000000000002017  flags=(IsInteger)
1719000: global: Decode: Decoded std instruction: 0xfba1ffe8
1719000: system.cpu: A0 T0 : 0x1001783c @_int_malloc+12    : std        r29, -24(r1)    : MemWrite :  D=0x000000000000000c A=0x7fffffffe578  flags=(IsInteger|IsStore)
1719250: global: Decode: Decoded or instruction: 0x7c9d2378
1719250: system.cpu: A0 T0 : 0x10017840 @_int_malloc+16    : mr         r29, r4         : IntAlu :  D=0x0000000000002000  flags=(IsInteger)
1719500: global: Decode: Decoded cmpli instruction: 0x2bbf001f
1719500: system.cpu: A0 T0 : 0x10017844 @_int_malloc+20    : cmpldi     cr7, r31, 31    : IntAlu :  D=0x0000000028000284  flags=(IsInteger)
1719750: global: Decode: Decoded std instruction: 0xfbc1fff0
1719750: system.cpu: A0 T0 : 0x10017848 @_int_malloc+24    : std        r30, -16(r1)    : MemWrite :  D=0x0000000000002000 A=0x7fffffffe580  flags=(IsInteger|IsStore)
1720000: global: Decode: Decoded std instruction: 0xfae1ffb8
1720000: system.cpu: A0 T0 : 0x1001784c @_int_malloc+28    : std        r23, -72(r1)    : MemWrite :  D=0x00000000100b3590 A=0x7fffffffe548  flags=(IsInteger|IsStore)
1720250: global: Decode: Decoded or instruction: 0x7c7e1b78
1720250: system.cpu: A0 T0 : 0x10017850 @_int_malloc+32    : mr         r30, r3         : IntAlu :  D=0x00000000100b07f8  flags=(IsInteger)
1720500: global: Decode: Decoded stw instruction: 0x91810008
1720500: system.cpu: A0 T0 : 0x10017854 @_int_malloc+36    : stw        r12, 8(r1)      : MemWrite :  D=0x0000000028000282 A=0x7fffffffe598  flags=(IsInteger|IsStore)
1720750: global: Decode: Decoded stdu instruction: 0xf821fec1
1720750: system.cpu: A0 T0 : 0x10017858 @_int_malloc+40    : stdu       r1, -320(r1)    : MemWrite :  D=0x00007fffffffe450 A=0x7fffffffe450  flags=(IsInteger|IsStore)
1721000: global: Decode: Decoded bc instruction: 0x419d0174
1721000: system.cpu: A0 T0 : 0x1001785c @_int_malloc+44    : bc         29, 12, 0x100179d0 : IntAlu :  D=0x000000001000e160  flags=(IsInteger|IsControl|IsDirectControl|IsCondControl)
1721250: global: Decode: Decoded rldicr instruction: 0x7bff06e4
1721250: system.cpu: A0 T0 : 0x100179d0 @_int_malloc+416    : rldicr     r31, r31, 0, 59 : IntAlu :  D=0x0000000000002010  flags=(IsInteger)
1721500: global: Decode: Decoded cmpl instruction: 0x7fa4f840
1721500: system.cpu: A0 T0 : 0x100179d4 @_int_malloc+420    : cmpld      cr7, r4, r31    : IntAlu :  D=0x0000000028000288  flags=(IsInteger)
1721750: global: Decode: Decoded bc instruction: 0x419dffb8
1721750: system.cpu: A0 T0 : 0x100179d8 @_int_malloc+424    : bc         29, 12, 0x10017990 : IntAlu :  D=0x000000001000e160  flags=(IsInteger|IsControl|IsDirectControl|IsCondControl)
1722000: global: Decode: Decoded addi instruction: 0x3920ffbf
1722000: system.cpu: A0 T0 : 0x100179dc @_int_malloc+428    : li         r9, -65         : IntAlu :  D=0xffffffffffffffbf  flags=(IsInteger)
1722250: global: Decode: Decoded cmpl instruction: 0x7fbf4840
1722250: system.cpu: A0 T0 : 0x100179e0 @_int_malloc+432    : cmpld      cr7, r31, r9    : IntAlu :  D=0x0000000028000288  flags=(IsInteger)
1722500: global: Decode: Decoded bc instruction: 0x419dffac
1722500: system.cpu: A0 T0 : 0x100179e4 @_int_malloc+436    : bc         29, 12, 0x10017990 : IntAlu :  D=0x000000001000e160  flags=(IsInteger|IsControl|IsDirectControl|IsCondControl)
1722750: global: Decode: Decoded cmpi instruction: 0x2fa30000
1722750: system.cpu: A0 T0 : 0x100179e8 @_int_malloc+440    : cmpdi      cr7, r3, 0      : IntAlu :  D=0x0000000028000284  flags=(IsInteger)
1723000: global: Decode: Decoded bc instruction: 0x419e0944
1723000: system.cpu: A0 T0 : 0x100179ec @_int_malloc+444    : bc         30, 12, 0x10018330 : IntAlu :  D=0x000000001000e160  flags=(IsInteger|IsControl|IsDirectControl|IsCondControl)
1723250: global: Decode: Decoded ori instruction: 0x60000000
1723250: system.cpu: A0 T0 : 0x100179f0 @_int_malloc+448    : nop                        : IntAlu :  D=0x0000000010040dfc  flags=(IsInteger)
1723500: global: Decode: Decoded ld instruction: 0xe922ae10
1723500: system.cpu: A0 T0 : 0x100179f4 @_int_malloc+452    : ld         r9, -20976(r2)  : MemRead :  D=0x0000000000000080 A=0x100b2b10  flags=(IsInteger|IsLoad)
1723750: global: Decode: Decoded rlwinm instruction: 0x57eae13e
1723750: system.cpu: A0 T0 : 0x100179f8 @_int_malloc+456    : rlwinm     r10, r31, 28, 4, 31 : IntAlu :  D=0x0000000000000201  flags=(IsInteger)
1724000: global: Decode: Decoded rldicl instruction: 0x79570020
1724000: system.cpu: A0 T0 : 0x100179fc @_int_malloc+460    : clrldi     r23, r10, 32    : IntAlu :  D=0x0000000000000201  flags=(IsInteger)
1724250: global: Decode: Decoded cmpl instruction: 0x7fbf4840
1724250: system.cpu: A0 T0 : 0x10017a00 @_int_malloc+464    : cmpld      cr7, r31, r9    : IntAlu :  D=0x0000000028000284  flags=(IsInteger)
1724500: global: Decode: Decoded bc instruction: 0x409d048c
1724500: system.cpu: A0 T0 : 0x10017a04 @_int_malloc+468    : bc         29, 4, 0x10017e90 : IntAlu :  D=0x000000001000e160  flags=(IsInteger|IsControl|IsDirectControl|IsCondControl)
1724750: global: Decode: Decoded cmpli instruction: 0x2bbf03ff
1724750: system.cpu: A0 T0 : 0x10017a08 @_int_malloc+472    : cmpldi     cr7, r31, 1023  : IntAlu :  D=0x0000000028000284  flags=(IsInteger)
1725000: global: Decode: Decoded std instruction: 0xf9c100b0
1725000: system.cpu: A0 T0 : 0x10017a0c @_int_malloc+476    : std        r14, 176(r1)    : MemWrite :  D=0x0000000000000000 A=0x7fffffffe500  flags=(IsInteger|IsStore)
1725250: global: Decode: Decoded std instruction: 0xfa0100c0
1725250: system.cpu: A0 T0 : 0x10017a10 @_int_malloc+480    : std        r16, 192(r1)    : MemWrite :  D=0x0000000000000000 A=0x7fffffffe510  flags=(IsInteger|IsStore)
1725500: global: Decode: Decoded std instruction: 0xfa2100c8
1725500: system.cpu: A0 T0 : 0x10017a14 @_int_malloc+484    : std        r17, 200(r1)    : MemWrite :  D=0x0000000000000000 A=0x7fffffffe518  flags=(IsInteger|IsStore)
1725750: global: Decode: Decoded std instruction: 0xfaa100e8
1725750: system.cpu: A0 T0 : 0x10017a18 @_int_malloc+488    : std        r21, 232(r1)    : MemWrite :  D=0x0000000000000000 A=0x7fffffffe538  flags=(IsInteger|IsStore)
1726000: global: Decode: Decoded std instruction: 0xfac100f0
1726000: system.cpu: A0 T0 : 0x10017a1c @_int_malloc+492    : std        r22, 240(r1)    : MemWrite :  D=0x0000000000000000 A=0x7fffffffe540  flags=(IsInteger|IsStore)
1726250: global: Decode: Decoded std instruction: 0xfb210108
1726250: system.cpu: A0 T0 : 0x10017a20 @_int_malloc+496    : std        r25, 264(r1)    : MemWrite :  D=0x00000000100b2b70 A=0x7fffffffe558  flags=(IsInteger|IsStore)
1726500: global: Decode: Decoded std instruction: 0xfb810120
1726500: system.cpu: A0 T0 : 0x10017a24 @_int_malloc+500    : std        r28, 288(r1)    : MemWrite :  D=0x00000000000001ff A=0x7fffffffe570  flags=(IsInteger|IsStore)
1726750: global: Decode: Decoded bc instruction: 0x409d0b98
1726750: system.cpu: A0 T0 : 0x10017a28 @_int_malloc+504    : bc         29, 4, 0x100185c0 : IntAlu :  D=0x000000001000e160  flags=(IsInteger|IsControl|IsDirectControl|IsCondControl)
1727000: global: Decode: Decoded mflr instruction: 0x7c0802a6
1727000: system.cpu: A0 T0 : 0x10017a2c @_int_malloc+508    : mflr       r0              : IntAlu :  D=0x0000000010019c60  flags=(IsInteger)
1727250: global: Decode: Decoded rldicl instruction: 0x7be97482
1727250: system.cpu: A0 T0 : 0x10017a30 @_int_malloc+512    : rldicl     r9, r31, 46, 18 : IntAlu :  D=0x0000000000000000  flags=(IsInteger)
1727500: global: Decode: Decoded std instruction: 0xf9e100b8
1727500: system.cpu: A0 T0 : 0x10017a34 @_int_malloc+516    : std        r15, 184(r1)    : MemWrite :  D=0x0000000000000000 A=0x7fffffffe508  flags=(IsInteger|IsStore)
1727750: global: Decode: Decoded std instruction: 0xfa4100d0
1727750: system.cpu: A0 T0 : 0x10017a38 @_int_malloc+520    : std        r18, 208(r1)    : MemWrite :  D=0x0000000000000000 A=0x7fffffffe520  flags=(IsInteger|IsStore)
1728000: global: Decode: Decoded rldicl instruction: 0x7bf1a302
1728000: system.cpu: A0 T0 : 0x10017a3c @_int_malloc+524    : rldicl     r17, r31, 52, 12 : IntAlu :  D=0x0000000000000002  flags=(IsInteger)
1728250: global: Decode: Decoded rldicl instruction: 0x7bf08bc2
1728250: system.cpu: A0 T0 : 0x10017a40 @_int_malloc+528    : rldicl     r16, r31, 49, 15 : IntAlu :  D=0x0000000000000000  flags=(IsInteger)
1728500: global: Decode: Decoded std instruction: 0xfa6100d8
1728500: system.cpu: A0 T0 : 0x10017a44 @_int_malloc+532    : std        r19, 216(r1)    : MemWrite :  D=0x0000000000000000 A=0x7fffffffe528  flags=(IsInteger|IsStore)
1728750: global: Decode: Decoded std instruction: 0xfa8100e0
1728750: system.cpu: A0 T0 : 0x10017a48 @_int_malloc+536    : std        r20, 224(r1)    : MemWrite :  D=0x0000000000000000 A=0x7fffffffe530  flags=(IsInteger|IsStore)
1729000: global: Decode: Decoded cmpli instruction: 0x2ba90002
1729000: system.cpu: A0 T0 : 0x10017a4c @_int_malloc+540    : cmpldi     cr7, r9, 2      : IntAlu :  D=0x0000000028000288  flags=(IsInteger)
1729250: global: Decode: Decoded addi instruction: 0x3911006e
1729250: system.cpu: A0 T0 : 0x10017a50 @_int_malloc+544    : addi       r8, r17, 110    : IntAlu :  D=0x0000000000000070  flags=(IsInteger)
1729500: global: Decode: Decoded std instruction: 0xfb010100
1729500: system.cpu: A0 T0 : 0x10017a54 @_int_malloc+548    : std        r24, 256(r1)    : MemWrite :  D=0x00000000100b2b60 A=0x7fffffffe550  flags=(IsInteger|IsStore)
1729750: global: Decode: Decoded std instruction: 0xfb410110
1729750: system.cpu: A0 T0 : 0x10017a58 @_int_malloc+552    : std        r26, 272(r1)    : MemWrite :  D=0x0000000000000000 A=0x7fffffffe560  flags=(IsInteger|IsStore)
1730000: global: Decode: Decoded addi instruction: 0x39500077
1730000: system.cpu: A0 T0 : 0x10017a5c @_int_malloc+556    : addi       r10, r16, 119   : IntAlu :  D=0x0000000000000077  flags=(IsInteger)
1730250: global: Decode: Decoded rldicl instruction: 0x7bf6d182
1730250: system.cpu: A0 T0 : 0x10017a60 @_int_malloc+560    : rldicl     r22, r31, 58, 6 : IntAlu :  D=0x0000000000000080  flags=(IsInteger)
1730500: global: Decode: Decoded std instruction: 0xfb610118
1730500: system.cpu: A0 T0 : 0x10017a64 @_int_malloc+564    : std        r27, 280(r1)    : MemWrite :  D=0x000000001006daa8 A=0x7fffffffe568  flags=(IsInteger|IsStore)
1730750: global: Decode: Decoded rldicl instruction: 0x7bf5ba42
1730750: system.cpu: A0 T0 : 0x10017a68 @_int_malloc+568    : rldicl     r21, r31, 55, 9 : IntAlu :  D=0x0000000000000010  flags=(IsInteger)
1731000: global: Decode: Decoded rldicl instruction: 0x79080020
1731000: system.cpu: A0 T0 : 0x10017a6c @_int_malloc+572    : clrldi     r8, r8, 32      : IntAlu :  D=0x0000000000000070  flags=(IsInteger)
1731250: global: Decode: Decoded rldicl instruction: 0x794a0020
1731250: system.cpu: A0 T0 : 0x10017a70 @_int_malloc+576    : clrldi     r10, r10, 32    : IntAlu :  D=0x0000000000000077  flags=(IsInteger)
1731500: global: Decode: Decoded addi instruction: 0x3b360030
1731500: system.cpu: A0 T0 : 0x10017a74 @_int_malloc+580    : addi       r25, r22, 48    : IntAlu :  D=0x00000000000000b0  flags=(IsInteger)
1731750: global: Decode: Decoded std instruction: 0xf8010150
1731750: system.cpu: A0 T0 : 0x10017a78 @_int_malloc+584    : std        r0, 336(r1)     : MemWrite :  D=0x0000000010019c60 A=0x7fffffffe5a0  flags=(IsInteger|IsStore)
1732000: global: Decode: Decoded addi instruction: 0x38f5005b
1732000: system.cpu: A0 T0 : 0x10017a7c @_int_malloc+588    : addi       r7, r21, 91     : IntAlu :  D=0x000000000000006b  flags=(IsInteger)
1732250: global: Decode: Decoded rldicl instruction: 0x7b390020
1732250: system.cpu: A0 T0 : 0x10017a80 @_int_malloc+592    : clrldi     r25, r25, 32    : IntAlu :  D=0x00000000000000b0  flags=(IsInteger)
1732500: global: Decode: Decoded std instruction: 0xf9010070
1732500: system.cpu: A0 T0 : 0x10017a84 @_int_malloc+596    : std        r8, 112(r1)     : MemWrite :  D=0x0000000000000070 A=0x7fffffffe4c0  flags=(IsInteger|IsStore)
1732750: global: Decode: Decoded rldicl instruction: 0x78ee0020
1732750: system.cpu: A0 T0 : 0x10017a88 @_int_malloc+600    : clrldi     r14, r7, 32     : IntAlu :  D=0x000000000000006b  flags=(IsInteger)
1733000: global: Decode: Decoded std instruction: 0xf9410078
1733000: system.cpu: A0 T0 : 0x10017a8c @_int_malloc+604    : std        r10, 120(r1)    : MemWrite :  D=0x0000000000000077 A=0x7fffffffe4c8  flags=(IsInteger|IsStore)
1733250: global: Decode: Decoded bc instruction: 0x409d0008
1733250: system.cpu: A0 T0 : 0x10017a90 @_int_malloc+608    : bc         29, 4, 0x10017a98 : IntAlu :  D=0x000000001000e160  flags=(IsInteger|IsControl|IsDirectControl|IsCondControl)
1733500: global: Decode: Decoded cmpli instruction: 0x2bb60030
1733500: system.cpu: A0 T0 : 0x10017a98 @_int_malloc+616    : cmpldi     cr7, r22, 48    : IntAlu :  D=0x0000000028000284  flags=(IsInteger)
1733750: global: Decode: Decoded addi instruction: 0x3929007c
1733750: system.cpu: A0 T0 : 0x10017a9c @_int_malloc+620    : addi       r9, r9, 124     : IntAlu :  D=0x000000000000007c  flags=(IsInteger)
1734000: global: Decode: Decoded rldicl instruction: 0x79290020
1734000: system.cpu: A0 T0 : 0x10017aa0 @_int_malloc+624    : clrldi     r9, r9, 32      : IntAlu :  D=0x000000000000007c  flags=(IsInteger)
1734250: global: Decode: Decoded or instruction: 0x7f3ccb78
1734250: system.cpu: A0 T0 : 0x10017aa4 @_int_malloc+628    : mr         r28, r25        : IntAlu :  D=0x00000000000000b0  flags=(IsInteger)
1734500: global: Decode: Decoded std instruction: 0xf9210088
1734500: system.cpu: A0 T0 : 0x10017aa8 @_int_malloc+632    : std        r9, 136(r1)     : MemWrite :  D=0x000000000000007c A=0x7fffffffe4d8  flags=(IsInteger|IsStore)
1734750: global: Decode: Decoded bc instruction: 0x409d0024
1734750: system.cpu: A0 T0 : 0x10017aac @_int_malloc+636    : bc         29, 4, 0x10017ad0 : IntAlu :  D=0x000000001000e160  flags=(IsInteger|IsControl|IsDirectControl|IsCondControl)
1735000: global: Decode: Decoded cmpli instruction: 0x2bb50014
1735000: system.cpu: A0 T0 : 0x10017ab0 @_int_malloc+640    : cmpldi     cr7, r21, 20    : IntAlu :  D=0x0000000028000288  flags=(IsInteger)
1735250: global: Decode: Decoded or instruction: 0x7ddc7378
1735250: system.cpu: A0 T0 : 0x10017ab4 @_int_malloc+644    : mr         r28, r14        : IntAlu :  D=0x000000000000006b  flags=(IsInteger)
1735500: global: Decode: Decoded bc instruction: 0x409d0018
1735500: system.cpu: A0 T0 : 0x10017ab8 @_int_malloc+648    : bc         29, 4, 0x10017ad0 : IntAlu :  D=0x000000001000e160  flags=(IsInteger|IsControl|IsDirectControl|IsCondControl)
1735750: global: Decode: Decoded lwz instruction: 0x813e0008
1735750: system.cpu: A0 T0 : 0x10017ad0 @_int_malloc+672    : lwz        r9, 8(r30)      : MemRead :  D=0x0000000000000000 A=0x100b0800  flags=(IsInteger|IsLoad)
1736000: global: Decode: Decoded cmpi instruction: 0x2f890000
1736000: system.cpu: A0 T0 : 0x10017ad4 @_int_malloc+676    : cmpwi      cr7, r9, 0      : IntAlu :  D=0x0000000028000282  flags=(IsInteger)
1736250: global: Decode: Decoded bc instruction: 0x409e0408
1736250: system.cpu: A0 T0 : 0x10017ad8 @_int_malloc+680    : bc         30, 4, 0x10017ee0 : IntAlu :  D=0x000000001000e160  flags=(IsInteger|IsControl|IsDirectControl|IsCondControl)
1736500: global: Decode: Decoded ori instruction: 0x60000000
1736500: system.cpu: A0 T0 : 0x10017adc @_int_malloc+684    : nop                        : IntAlu :  D=0x0000000010019c60  flags=(IsInteger)
1736750: global: Decode: Decoded addi instruction: 0x3a9fffef
1736750: system.cpu: A0 T0 : 0x10017ae0 @_int_malloc+688    : subi       r20, r31, 17    : IntAlu :  D=0x0000000000001fff  flags=(IsInteger)
1737000: global: Decode: Decoded addi instruction: 0x394d9028
1737000: system.cpu: A0 T0 : 0x10017ae4 @_int_malloc+692    : subi       r10, r13, 28632 : IntAlu :  D=0x00000000100b4798  flags=(IsInteger)
1737250: global: Decode: Decoded rldicl instruction: 0x7a98e102
1737250: system.cpu: A0 T0 : 0x10017ae8 @_int_malloc+696    : rldicl     r24, r20, 60, 4 : IntAlu :  D=0x00000000000001ff  flags=(IsInteger)
1737500: global: Decode: Decoded addi instruction: 0x39200000
1737500: system.cpu: A0 T0 : 0x10017aec @_int_malloc+700    : li         r9, 0           : IntAlu :  D=0x0000000000000000  flags=(IsInteger)
1737750: global: Decode: Decoded ld instruction: 0xe8ea0000
1737750: system.cpu: A0 T0 : 0x10017af0 @_int_malloc+704    : ld         r7, 0(r10)      : MemRead :  D=0x00000000100b4ff0 A=0x100b4798  flags=(IsInteger|IsLoad)
1738000: global: Decode: Decoded cmpi instruction: 0x2fa70000
1738000: system.cpu: A0 T0 : 0x10017af4 @_int_malloc+708    : cmpdi      cr7, r7, 0      : IntAlu :  D=0x0000000028000284  flags=(IsInteger)
1738250: global: Decode: Decoded bc instruction: 0x419e0018
1738250: system.cpu: A0 T0 : 0x10017af8 @_int_malloc+712    : bc         30, 12, 0x10017b10 : IntAlu :  D=0x000000001000e160  flags=(IsInteger|IsControl|IsDirectControl|IsCondControl)
1738500: global: Decode: Decoded ori instruction: 0x60000000
1738500: system.cpu: A0 T0 : 0x10017afc @_int_malloc+716    : nop                        : IntAlu :  D=0x0000000010019c60  flags=(IsInteger)
1738750: global: Decode: Decoded ld instruction: 0xe9228ad8
1738750: system.cpu: A0 T0 : 0x10017b00 @_int_malloc+720    : ld         r9, -29992(r2)  : MemRead :  D=0x0000000000000040 A=0x100b07d8  flags=(IsInteger|IsLoad)
1739000: global: Decode: Decoded subfc instruction: 0x7d29c010
1739000: system.cpu: A0 T0 : 0x10017b04 @_int_malloc+724    : subfc      r9, r9, r24     : IntAlu :  D=0x0000000020040000  flags=(IsInteger)
1739250: global: Decode: Decoded subfe instruction: 0x7d294910
1739250: system.cpu: A0 T0 : 0x10017b08 @_int_malloc+728    : subfe      r9, r9, r9      : IntAlu :  D=0x0000000020040000  flags=(IsInteger)
1739500: global: Decode: Decoded and instruction: 0x7fe94838
1739500: system.cpu: A0 T0 : 0x10017b0c @_int_malloc+732    : and        r9, r31, r9     : IntAlu :  D=0x0000000000000000  flags=(IsInteger)
1739750: global: Decode: Decoded ori instruction: 0x60000000
1739750: system.cpu: A0 T0 : 0x10017b10 @_int_malloc+736    : nop                        : IntAlu :  D=0x0000000010019c60  flags=(IsInteger)
1740000: global: Decode: Decoded cmpi instruction: 0x2e290000
1740000: system.cpu: A0 T0 : 0x10017b14 @_int_malloc+740    : cmpdi      cr4, r9, 0      : IntAlu :  D=0x0000000028002284  flags=(IsInteger)
1740250: global: Decode: Decoded std instruction: 0xfa210090
1740250: system.cpu: A0 T0 : 0x10017b18 @_int_malloc+744    : std        r17, 144(r1)    : MemWrite :  D=0x0000000000000002 A=0x7fffffffe4e0  flags=(IsInteger|IsStore)
1740500: global: Decode: Decoded std instruction: 0xfaa10098
1740500: system.cpu: A0 T0 : 0x10017b1c @_int_malloc+748    : std        r21, 152(r1)    : MemWrite :  D=0x0000000000000010 A=0x7fffffffe4e8  flags=(IsInteger|IsStore)
1740750: global: Decode: Decoded addi instruction: 0x3b428a88
1740750: system.cpu: A0 T0 : 0x10017b20 @_int_malloc+752    : subi       r26, r2, 30072  : IntAlu :  D=0x00000000100b0788  flags=(IsInteger)
1741000: global: Decode: Decoded addi instruction: 0x3b7e0060
1741000: system.cpu: A0 T0 : 0x10017b24 @_int_malloc+756    : addi       r27, r30, 96    : IntAlu :  D=0x00000000100b0858  flags=(IsInteger)
1741250: global: Decode: Decoded addi instruction: 0x393a0070
1741250: system.cpu: A0 T0 : 0x10017b28 @_int_malloc+760    : addi       r9, r26, 112    : IntAlu :  D=0x00000000100b07f8  flags=(IsInteger)
1741500: global: Decode: Decoded addi instruction: 0x3a400000
1741500: system.cpu: A0 T0 : 0x10017b2c @_int_malloc+764    : li         r18, 0          : IntAlu :  D=0x0000000000000000  flags=(IsInteger)
1741750: global: Decode: Decoded cmp instruction: 0x7dbe4800
1741750: system.cpu: A0 T0 : 0x10017b30 @_int_malloc+768    : cmpd       cr3, r30, r9    : IntAlu :  D=0x0000000028022284  flags=(IsInteger)
1742000: global: Decode: Decoded addi instruction: 0x393f0020
1742000: system.cpu: A0 T0 : 0x10017b34 @_int_malloc+772    : addi       r9, r31, 32     : IntAlu :  D=0x0000000000002030  flags=(IsInteger)
1742250: global: Decode: Decoded addi instruction: 0x39e00001
1742250: system.cpu: A0 T0 : 0x10017b38 @_int_malloc+776    : li         r15, 1          : IntAlu :  D=0x0000000000000001  flags=(IsInteger)
1742500: global: Decode: Decoded rldicr instruction: 0x7b131f24
1742500: system.cpu: A0 T0 : 0x10017b3c @_int_malloc+780    : rldicr     r19, r24, 3, 60 : IntAlu :  D=0x0000000000000ff8  flags=(IsInteger)
1742750: global: Decode: Decoded std instruction: 0xf9210080
1742750: system.cpu: A0 T0 : 0x10017b40 @_int_malloc+784    : std        r9, 128(r1)     : MemWrite :  D=0x0000000000002030 A=0x7fffffffe4d0  flags=(IsInteger|IsStore)
1743000: global: Decode: Decoded ld instruction: 0xe89a0068
1743000: system.cpu: A0 T0 : 0x10017b44 @_int_malloc+788    : ld         r4, 104(r26)    : MemRead :  D=0x0000000000000000 A=0x100b07f0  flags=(IsInteger|IsLoad)
1743250: global: Decode: Decoded ld instruction: 0xea3a0060
1743250: system.cpu: A0 T0 : 0x10017b48 @_int_malloc+792    : ld         r17, 96(r26)    : MemRead :  D=0x0000000000000007 A=0x100b07e8  flags=(IsInteger|IsLoad)
1743500: global: Decode: Decoded ld instruction: 0xe95e0078
1743500: system.cpu: A0 T0 : 0x10017b4c @_int_malloc+796    : ld         r10, 120(r30)   : MemRead :  D=0x00000000100b0858 A=0x100b0870  flags=(IsInteger|IsLoad)
1743750: global: Decode: Decoded addi instruction: 0x38c00000
1743750: system.cpu: A0 T0 : 0x10017b50 @_int_malloc+800    : li         r6, 0           : IntAlu :  D=0x0000000000000000  flags=(IsInteger)
1744000: global: Decode: Decoded addi instruction: 0x38000000
1744000: system.cpu: A0 T0 : 0x10017b54 @_int_malloc+804    : li         r0, 0           : IntAlu :  D=0x0000000000000000  flags=(IsInteger)
1744250: global: Decode: Decoded add instruction: 0x7ea79a14
1744250: system.cpu: A0 T0 : 0x10017b58 @_int_malloc+808    : add        r21, r7, r19    : IntAlu :  D=0x00000000100b5fe8  flags=(IsInteger)
1744500: global: Decode: Decoded cmpi instruction: 0x2ea40000
1744500: system.cpu: A0 T0 : 0x10017b5c @_int_malloc+812    : cmpdi      cr5, r4, 0      : IntAlu :  D=0x0000000028022284  flags=(IsInteger)
1744750: global: Decode: Decoded cmpl instruction: 0x7fbb5040
1744750: system.cpu: A0 T0 : 0x10017b60 @_int_malloc+816    : cmpld      cr7, r27, r10   : IntAlu :  D=0x0000000028022282  flags=(IsInteger)
1745000: global: Decode: Decoded bc instruction: 0x419e0b6c
1745000: system.cpu: A0 T0 : 0x10017b64 @_int_malloc+820    : bc         30, 12, 0x100186d0 : IntAlu :  D=0x000000001000e160  flags=(IsInteger|IsControl|IsDirectControl|IsCondControl)
1745250: global: Decode: Decoded cmpi instruction: 0x2fa00000
1745250: system.cpu: A0 T0 : 0x100186d0 @_int_malloc+3744    : cmpdi      cr7, r0, 0      : IntAlu :  D=0x0000000028022282  flags=(IsInteger)
1745500: global: Decode: Decoded bc instruction: 0x419ef93c
1745500: system.cpu: A0 T0 : 0x100186d4 @_int_malloc+3748    : bc         30, 12, 0x10018010 : IntAlu :  D=0x000000001000e160  flags=(IsInteger|IsControl|IsDirectControl|IsCondControl)
1745750: global: Decode: Decoded cmpli instruction: 0x2bbf03ff
1745750: system.cpu: A0 T0 : 0x10018010 @_int_malloc+2016    : cmpldi     cr7, r31, 1023  : IntAlu :  D=0x0000000028022284  flags=(IsInteger)
1746000: global: Decode: Decoded bc instruction: 0x409d0038
1746000: system.cpu: A0 T0 : 0x10018014 @_int_malloc+2020    : bc         29, 4, 0x1001804c : IntAlu :  D=0x000000001000e160  flags=(IsInteger|IsControl|IsDirectControl|IsCondControl)
1746250: global: Decode: Decoded rlwinm instruction: 0x5789083c
1746250: system.cpu: A0 T0 : 0x10018018 @_int_malloc+2024    : rlwinm     r9, r28, 1, 0, 30 : IntAlu :  D=0x00000000000000d6  flags=(IsInteger)
1746500: global: Decode: Decoded addi instruction: 0x3929fffe
1746500: system.cpu: A0 T0 : 0x1001801c @_int_malloc+2028    : subi       r9, r9, 2       : IntAlu :  D=0x00000000000000d4  flags=(IsInteger)
1746750: global: Decode: Decoded rldicl instruction: 0x79290020
1746750: system.cpu: A0 T0 : 0x10018020 @_int_malloc+2032    : clrldi     r9, r9, 32      : IntAlu :  D=0x00000000000000d4  flags=(IsInteger)
1747000: global: Decode: Decoded addi instruction: 0x3929000e
1747000: system.cpu: A0 T0 : 0x10018024 @_int_malloc+2036    : addi       r9, r9, 14      : IntAlu :  D=0x00000000000000e2  flags=(IsInteger)
1747250: global: Decode: Decoded rldicr instruction: 0x79291f24
1747250: system.cpu: A0 T0 : 0x10018028 @_int_malloc+2040    : rldicr     r9, r9, 3, 60   : IntAlu :  D=0x0000000000000710  flags=(IsInteger)
1747500: global: Decode: Decoded add instruction: 0x7d5e4a14
1747500: system.cpu: A0 T0 : 0x1001802c @_int_malloc+2044    : add        r10, r30, r9    : IntAlu :  D=0x00000000100b0f08  flags=(IsInteger)
1747750: global: Decode: Decoded ldx instruction: 0x7d1e482a
1747750: system.cpu: A0 T0 : 0x10018030 @_int_malloc+2048    : ldx        r8, r30, r9     : MemRead :  D=0x00000000100b0ef8 A=0x100b0f08  flags=(IsInteger|IsLoad)
1748000: global: Decode: Decoded addi instruction: 0x392afff0
1748000: system.cpu: A0 T0 : 0x10018034 @_int_malloc+2052    : subi       r9, r10, 16     : IntAlu :  D=0x00000000100b0ef8  flags=(IsInteger)
1748250: global: Decode: Decoded cmpl instruction: 0x7fa84840
1748250: system.cpu: A0 T0 : 0x10018038 @_int_malloc+2056    : cmpld      cr7, r8, r9     : IntAlu :  D=0x0000000028022282  flags=(IsInteger)
1748500: global: Decode: Decoded bc instruction: 0x419e0010
1748500: system.cpu: A0 T0 : 0x1001803c @_int_malloc+2060    : bc         30, 12, 0x1001804c : IntAlu :  D=0x000000001000e160  flags=(IsInteger|IsControl|IsDirectControl|IsCondControl)
1748750: global: Decode: Decoded addi instruction: 0x393c0001
1748750: system.cpu: A0 T0 : 0x1001804c @_int_malloc+2076    : addi       r9, r28, 1      : IntAlu :  D=0x000000000000006c  flags=(IsInteger)
1749000: global: Decode: Decoded rldic instruction: 0x7b862748
1749000: system.cpu: A0 T0 : 0x10018050 @_int_malloc+2080    : rldic      r6, r28, 4, 29  : IntAlu :  D=0x00000000000006b0  flags=(IsInteger)
1749250: global: Decode: Decoded rldicl instruction: 0x7928d962
1749250: system.cpu: A0 T0 : 0x10018054 @_int_malloc+2084    : rldicl     r8, r9, 59, 37  : IntAlu :  D=0x0000000000000003  flags=(IsInteger)
1749500: global: Decode: Decoded addi instruction: 0x38c60060
1749500: system.cpu: A0 T0 : 0x10018058 @_int_malloc+2088    : addi       r6, r6, 96      : IntAlu :  D=0x0000000000000710  flags=(IsInteger)
1749750: global: Decode: Decoded addi instruction: 0x38a80218
1749750: system.cpu: A0 T0 : 0x1001805c @_int_malloc+2092    : addi       r5, r8, 536     : IntAlu :  D=0x000000000000021b  flags=(IsInteger)
1750000: global: Decode: Decoded rlwinm instruction: 0x552906fe
1750000: system.cpu: A0 T0 : 0x10018060 @_int_malloc+2096    : clrlwi     r9, r9, 27      : IntAlu :  D=0x000000000000000c  flags=(IsInteger)
1750250: global: Decode: Decoded rldicr instruction: 0x78aa1764
1750250: system.cpu: A0 T0 : 0x10018064 @_int_malloc+2100    : rldicr     r10, r5, 2, 61  : IntAlu :  D=0x000000000000086c  flags=(IsInteger)
1750500: global: Decode: Decoded add instruction: 0x7cde3214
1750500: system.cpu: A0 T0 : 0x10018068 @_int_malloc+2104    : add        r6, r30, r6     : IntAlu :  D=0x00000000100b0f08  flags=(IsInteger)
1750750: global: Decode: Decoded slw instruction: 0x7de94830
1750750: system.cpu: A0 T0 : 0x1001806c @_int_malloc+2108    : slw        r9, r15, r9     : IntAlu :  D=0x0000000000001000  flags=(IsInteger)
1751000: global: Decode: Decoded lwzx instruction: 0x7cfe502e
1751000: system.cpu: A0 T0 : 0x10018070 @_int_malloc+2112    : lwzx       r7, r30, r10    : MemRead :  D=0x0000000000000000 A=0x100b1064  flags=(IsInteger|IsLoad)
1751250: global: Decode: Decoded cmpl instruction: 0x7f893840
1751250: system.cpu: A0 T0 : 0x10018074 @_int_malloc+2116    : cmplw      cr7, r9, r7     : IntAlu :  D=0x0000000028022284  flags=(IsInteger)
1751500: global: Decode: Decoded bc instruction: 0x419d03e8
1751500: system.cpu: A0 T0 : 0x10018078 @_int_malloc+2120    : bc         29, 12, 0x10018460 : IntAlu :  D=0x000000001000e160  flags=(IsInteger|IsControl|IsDirectControl|IsCondControl)
1751750: global: Decode: Decoded subfic instruction: 0x21280003
1751750: system.cpu: A0 T0 : 0x10018460 @_int_malloc+3120    : subfic     r9, r8, 3       : IntAlu :  D=0x0000000020040000  flags=(IsInteger)
1752000: global: Decode: Decoded rldicl instruction: 0x79290020
1752000: system.cpu: A0 T0 : 0x10018464 @_int_malloc+3124    : clrldi     r9, r9, 32      : IntAlu :  D=0x0000000000000000  flags=(IsInteger)
1752250: global: Decode: Decoded addi instruction: 0x39290001
1752250: system.cpu: A0 T0 : 0x10018468 @_int_malloc+3128    : addi       r9, r9, 1       : IntAlu :  D=0x0000000000000001  flags=(IsInteger)
1752500: global: Decode: Decoded mtctr instruction: 0x7d2903a6
1752500: system.cpu: A0 T0 : 0x1001846c @_int_malloc+3132    : mtctr      r9              : IntAlu :  D=0x0000000000000001  flags=(IsInteger)
1752750: global: Decode: Decoded b instruction: 0x48000024
1752750: system.cpu: A0 T0 : 0x10018470 @_int_malloc+3136    : b          0x10018494      : IntAlu :   flags=(IsControl|IsDirectControl|IsUncondControl)
1753000: global: Decode: Decoded addi instruction: 0x39080001
1753000: system.cpu: A0 T0 : 0x10018494 @_int_malloc+3172    : addi       r8, r8, 1       : IntAlu :  D=0x0000000000000004  flags=(IsInteger)
1753250: global: Decode: Decoded rldicl instruction: 0x79080020
1753250: system.cpu: A0 T0 : 0x10018498 @_int_malloc+3176    : clrldi     r8, r8, 32      : IntAlu :  D=0x0000000000000004  flags=(IsInteger)
1753500: global: Decode: Decoded bc instruction: 0x4200ffe4
1753500: system.cpu: A0 T0 : 0x1001849c @_int_malloc+3180    : bc         0, 16, 0x10018480 : IntAlu :  D=0x0000000000000000  flags=(IsInteger|IsControl|IsDirectControl|IsCondControl)
1753750: global: Decode: Decoded ld instruction: 0xe91e0060
1753750: system.cpu: A0 T0 : 0x100184a0 @_int_malloc+3184    : ld         r8, 96(r30)     : MemRead :  D=0x00000000100b5350 A=0x100b0858  flags=(IsInteger|IsLoad)
1754000: global: Decode: Decoded ld instruction: 0xe95e0888
1754000: system.cpu: A0 T0 : 0x100184a4 @_int_malloc+3188    : ld         r10, 2184(r30)  : MemRead :  D=0x0000000000021020 A=0x100b1080  flags=(IsInteger|IsLoad)
1754250: global: Decode: Decoded ld instruction: 0xe9280008
1754250: system.cpu: A0 T0 : 0x100184a8 @_int_malloc+3192    : ld         r9, 8(r8)       : MemRead :  D=0x0000000000020cb1 A=0x100b5358  flags=(IsInteger|IsLoad)
1754500: global: Decode: Decoded rldicr instruction: 0x79290724
1754500: system.cpu: A0 T0 : 0x100184ac @_int_malloc+3196    : rldicr     r9, r9, 0, 60   : IntAlu :  D=0x0000000000020cb0  flags=(IsInteger)
1754750: global: Decode: Decoded cmpl instruction: 0x7faa4840
1754750: system.cpu: A0 T0 : 0x100184b0 @_int_malloc+3200    : cmpld      cr7, r10, r9    : IntAlu :  D=0x0000000028022284  flags=(IsInteger)
1755000: global: Decode: Decoded bc instruction: 0x419c033c
1755000: system.cpu: A0 T0 : 0x100184b4 @_int_malloc+3204    : bc         28, 12, 0x100187f0 : IntAlu :  D=0x0000000000000000  flags=(IsInteger|IsControl|IsDirectControl|IsCondControl)
1755250: global: Decode: Decoded ld instruction: 0xe9410080
1755250: system.cpu: A0 T0 : 0x100184b8 @_int_malloc+3208    : ld         r10, 128(r1)    : MemRead :  D=0x0000000000002030 A=0x7fffffffe4d0  flags=(IsInteger|IsLoad)
1755500: global: Decode: Decoded cmpl instruction: 0x7faa4840
1755500: system.cpu: A0 T0 : 0x100184bc @_int_malloc+3212    : cmpld      cr7, r10, r9    : IntAlu :  D=0x0000000028022288  flags=(IsInteger)
1755750: global: Decode: Decoded bc instruction: 0x409d03a0
1755750: system.cpu: A0 T0 : 0x100184c0 @_int_malloc+3216    : bc         29, 4, 0x10018860 : IntAlu :  D=0x0000000000000000  flags=(IsInteger|IsControl|IsDirectControl|IsCondControl)
1756000: global: Decode: Decoded addi instruction: 0x3b5a0070
1756000: system.cpu: A0 T0 : 0x10018860 @_int_malloc+4144    : addi       r26, r26, 112   : IntAlu :  D=0x00000000100b07f8  flags=(IsInteger)
1756250: global: Decode: Decoded add instruction: 0x7ca8fa14
1756250: system.cpu: A0 T0 : 0x10018864 @_int_malloc+4148    : add        r5, r8, r31     : IntAlu :  D=0x00000000100b7360  flags=(IsInteger)
1756500: global: Decode: Decoded cmp instruction: 0x7fbed000
1756500: system.cpu: A0 T0 : 0x10018868 @_int_malloc+4152    : cmpd       cr7, r30, r26   : IntAlu :  D=0x0000000028022282  flags=(IsInteger)
1756750: global: Decode: Decoded subf instruction: 0x7d3f4850
1756750: system.cpu: A0 T0 : 0x1001886c @_int_malloc+4156    : subf       r9, r31, r9     : IntAlu :  D=0x000000000001eca0  flags=(IsInteger)
1757000: global: Decode: Decoded std instruction: 0xf8be0060
1757000: system.cpu: A0 T0 : 0x10018870 @_int_malloc+4160    : std        r5, 96(r30)     : MemWrite :  D=0x00000000100b7360 A=0x100b0858  flags=(IsInteger|IsStore)
1757250: global: Decode: Decoded addi instruction: 0x39400004
1757250: system.cpu: A0 T0 : 0x10018874 @_int_malloc+4164    : li         r10, 4          : IntAlu :  D=0x0000000000000004  flags=(IsInteger)
1757500: global: Decode: Decoded bc instruction: 0x419e013c
1757500: system.cpu: A0 T0 : 0x10018878 @_int_malloc+4168    : bc         30, 12, 0x100189b4 : IntAlu :  D=0x0000000000000000  flags=(IsInteger|IsControl|IsDirectControl|IsCondControl)
1757750: global: Decode: Decoded addi instruction: 0x39400000
1757750: system.cpu: A0 T0 : 0x100189b4 @_int_malloc+4484    : li         r10, 0          : IntAlu :  D=0x0000000000000000  flags=(IsInteger)
1758000: global: Decode: Decoded b instruction: 0x4bfffec4
1758000: system.cpu: A0 T0 : 0x100189b8 @_int_malloc+4488    : b          0x1001887c      : IntAlu :   flags=(IsControl|IsDirectControl|IsUncondControl)
1758250: global: Decode: Decoded ori instruction: 0x60000000
1758250: system.cpu: A0 T0 : 0x1001887c @_int_malloc+4172    : nop                        : IntAlu :  D=0x0000000000000000  flags=(IsInteger)
1758500: global: Decode: Decoded lwa instruction: 0xe8c2adf2
1758500: system.cpu: A0 T0 : 0x10018880 @_int_malloc+4176    : lwa        r6, -21008(r2)  : MemRead :  D=0x0000000000000000 A=0x100b2af0  flags=(IsInteger|IsLoad)
1758750: global: Decode: Decoded or instruction: 0x7fe75378
1758750: system.cpu: A0 T0 : 0x10018884 @_int_malloc+4180    : or         r7, r31, r10    : IntAlu :  D=0x0000000000002010  flags=(IsInteger)
1759000: global: Decode: Decoded ori instruction: 0x612a0001
1759000: system.cpu: A0 T0 : 0x10018888 @_int_malloc+4184    : ori        r10, r9, 1      : IntAlu :  D=0x000000000001eca1  flags=(IsInteger)
1759250: global: Decode: Decoded ori instruction: 0x60e70001
1759250: system.cpu: A0 T0 : 0x1001888c @_int_malloc+4188    : ori        r7, r7, 1       : IntAlu :  D=0x0000000000002011  flags=(IsInteger)
1759500: global: Decode: Decoded addi instruction: 0x39280010
1759500: system.cpu: A0 T0 : 0x10018890 @_int_malloc+4192    : addi       r9, r8, 16      : IntAlu :  D=0x00000000100b5360  flags=(IsInteger)
1759750: global: Decode: Decoded cmpi instruction: 0x2fa60000
1759750: system.cpu: A0 T0 : 0x10018894 @_int_malloc+4196    : cmpdi      cr7, r6, 0      : IntAlu :  D=0x0000000028022282  flags=(IsInteger)
1760000: global: Decode: Decoded std instruction: 0xf8e80008
1760000: system.cpu: A0 T0 : 0x10018898 @_int_malloc+4200    : std        r7, 8(r8)       : MemWrite :  D=0x0000000000002011 A=0x100b5358  flags=(IsInteger|IsStore)
1760250: global: Decode: Decoded std instruction: 0xf9450008
1760250: system.cpu: A0 T0 : 0x1001889c @_int_malloc+4204    : std        r10, 8(r5)      : MemWrite :  D=0x000000000001eca1 A=0x100b7368  flags=(IsInteger|IsStore)
1760500: global: Decode: Decoded std instruction: 0xf9450008
1760500: system.cpu: A0 T0 : 0x1001889c @_int_malloc+4204    : std        r10, 8(r5)      : MemWrite :  D=0x000000000001eca1 A=0x100b7368  flags=(IsInteger|IsStore)
1760750: global: Decode: Decoded bc instruction: 0x419ef71c
1760750: system.cpu: A0 T0 : 0x100188a0 @_int_malloc+4208    : bc         30, 12, 0x10017fbc : IntAlu :  D=0x0000000000000000  flags=(IsInteger|IsControl|IsDirectControl|IsCondControl)
1761000: global: Decode: Decoded ld instruction: 0xe9c100b0
1761000: system.cpu: A0 T0 : 0x10017fbc @_int_malloc+1932    : ld         r14, 176(r1)    : MemRead :  D=0x0000000000000000 A=0x7fffffffe500  flags=(IsInteger|IsLoad)
1761250: global: Decode: Decoded ld instruction: 0xe9e100b8
1761250: system.cpu: A0 T0 : 0x10017fc0 @_int_malloc+1936    : ld         r15, 184(r1)    : MemRead :  D=0x0000000000000000 A=0x7fffffffe508  flags=(IsInteger|IsLoad)
1761500: global: Decode: Decoded ld instruction: 0xea0100c0
1761500: system.cpu: A0 T0 : 0x10017fc4 @_int_malloc+1940    : ld         r16, 192(r1)    : MemRead :  D=0x0000000000000000 A=0x7fffffffe510  flags=(IsInteger|IsLoad)
1761750: global: Decode: Decoded ld instruction: 0xea2100c8
1761750: system.cpu: A0 T0 : 0x10017fc8 @_int_malloc+1944    : ld         r17, 200(r1)    : MemRead :  D=0x0000000000000000 A=0x7fffffffe518  flags=(IsInteger|IsLoad)
1762000: global: Decode: Decoded ld instruction: 0xea4100d0
1762000: system.cpu: A0 T0 : 0x10017fcc @_int_malloc+1948    : ld         r18, 208(r1)    : MemRead :  D=0x0000000000000000 A=0x7fffffffe520  flags=(IsInteger|IsLoad)
1762250: global: Decode: Decoded ld instruction: 0xea6100d8
1762250: system.cpu: A0 T0 : 0x10017fd0 @_int_malloc+1952    : ld         r19, 216(r1)    : MemRead :  D=0x0000000000000000 A=0x7fffffffe528  flags=(IsInteger|IsLoad)
1762500: global: Decode: Decoded ld instruction: 0xea8100e0
1762500: system.cpu: A0 T0 : 0x10017fd4 @_int_malloc+1956    : ld         r20, 224(r1)    : MemRead :  D=0x0000000000000000 A=0x7fffffffe530  flags=(IsInteger|IsLoad)
1762750: global: Decode: Decoded ld instruction: 0xeaa100e8
1762750: system.cpu: A0 T0 : 0x10017fd8 @_int_malloc+1960    : ld         r21, 232(r1)    : MemRead :  D=0x0000000000000000 A=0x7fffffffe538  flags=(IsInteger|IsLoad)
1763000: global: Decode: Decoded ld instruction: 0xeac100f0
1763000: system.cpu: A0 T0 : 0x10017fdc @_int_malloc+1964    : ld         r22, 240(r1)    : MemRead :  D=0x0000000000000000 A=0x7fffffffe540  flags=(IsInteger|IsLoad)
1763250: global: Decode: Decoded ld instruction: 0xeb010100
1763250: system.cpu: A0 T0 : 0x10017fe0 @_int_malloc+1968    : ld         r24, 256(r1)    : MemRead :  D=0x00000000100b2b60 A=0x7fffffffe550  flags=(IsInteger|IsLoad)
1763500: global: Decode: Decoded ld instruction: 0xeb210108
1763500: system.cpu: A0 T0 : 0x10017fe4 @_int_malloc+1972    : ld         r25, 264(r1)    : MemRead :  D=0x00000000100b2b70 A=0x7fffffffe558  flags=(IsInteger|IsLoad)
1763750: global: Decode: Decoded ld instruction: 0xeb410110
1763750: system.cpu: A0 T0 : 0x10017fe8 @_int_malloc+1976    : ld         r26, 272(r1)    : MemRead :  D=0x0000000000000000 A=0x7fffffffe560  flags=(IsInteger|IsLoad)
1764000: global: Decode: Decoded ld instruction: 0xeb610118
1764000: system.cpu: A0 T0 : 0x10017fec @_int_malloc+1980    : ld         r27, 280(r1)    : MemRead :  D=0x000000001006daa8 A=0x7fffffffe568  flags=(IsInteger|IsLoad)
1764250: global: Decode: Decoded ld instruction: 0xeb810120
1764250: system.cpu: A0 T0 : 0x10017ff0 @_int_malloc+1984    : ld         r28, 288(r1)    : MemRead :  D=0x00000000000001ff A=0x7fffffffe570  flags=(IsInteger|IsLoad)
1764500: global: Decode: Decoded ld instruction: 0xe8010150
1764500: system.cpu: A0 T0 : 0x10017ff4 @_int_malloc+1988    : ld         r0, 336(r1)     : MemRead :  D=0x0000000010019c60 A=0x7fffffffe5a0  flags=(IsInteger|IsLoad)
1764750: global: Decode: Decoded mtlr instruction: 0x7c0803a6
1764750: system.cpu: A0 T0 : 0x10017ff8 @_int_malloc+1992    : mtlr       r0              : IntAlu :  D=0x0000000010019c60  flags=(IsInteger)
1765000: global: Decode: Decoded b instruction: 0x4bfff9ac
1765000: system.cpu: A0 T0 : 0x10017ffc @_int_malloc+1996    : b          0x100179a8      : IntAlu :   flags=(IsControl|IsDirectControl|IsUncondControl)
1765250: global: Decode: Decoded addi instruction: 0x38210140
1765250: system.cpu: A0 T0 : 0x100179a8 @_int_malloc+376    : addi       r1, r1, 320     : IntAlu :  D=0x00007fffffffe590  flags=(IsInteger)
1765500: global: Decode: Decoded or instruction: 0x7d234b78
1765500: system.cpu: A0 T0 : 0x100179ac @_int_malloc+380    : mr         r3, r9          : IntAlu :  D=0x00000000100b5360  flags=(IsInteger)
1765750: global: Decode: Decoded lwz instruction: 0x81810008
1765750: system.cpu: A0 T0 : 0x100179b0 @_int_malloc+384    : lwz        r12, 8(r1)      : MemRead :  D=0x0000000028000282 A=0x7fffffffe598  flags=(IsInteger|IsLoad)
1766000: global: Decode: Decoded ld instruction: 0xeae1ffb8
1766000: system.cpu: A0 T0 : 0x100179b4 @_int_malloc+388    : ld         r23, -72(r1)    : MemRead :  D=0x00000000100b3590 A=0x7fffffffe548  flags=(IsInteger|IsLoad)
1766250: global: Decode: Decoded ld instruction: 0xeba1ffe8
1766250: system.cpu: A0 T0 : 0x100179b8 @_int_malloc+392    : ld         r29, -24(r1)    : MemRead :  D=0x000000000000000c A=0x7fffffffe578  flags=(IsInteger|IsLoad)
1766500: global: Decode: Decoded ld instruction: 0xebc1fff0
1766500: system.cpu: A0 T0 : 0x100179bc @_int_malloc+396    : ld         r30, -16(r1)    : MemRead :  D=0x0000000000002000 A=0x7fffffffe580  flags=(IsInteger|IsLoad)
1766750: global: Decode: Decoded ld instruction: 0xebe1fff8
1766750: system.cpu: A0 T0 : 0x100179c0 @_int_malloc+400    : ld         r31, -8(r1)     : MemRead :  D=0x00000000100b07f8 A=0x7fffffffe588  flags=(IsInteger|IsLoad)
1767000: global: Decode: Decoded mtocrf instruction: 0x7d910120
1767000: system.cpu: A0 T0 : 0x100179c4 @_int_malloc+404    : mtocrf     r32, r12, r32   : IntAlu :  D=0x0000000028002282  flags=(IsInteger)
1767250: global: Decode: Decoded mtocrf instruction: 0x7d908120
1767250: system.cpu: A0 T0 : 0x100179c8 @_int_malloc+408    : mtocrf     r32, r12, r32   : IntAlu :  D=0x0000000028000282  flags=(IsInteger)
1767500: global: Decode: Decoded bclr instruction: 0x4e800020
1767500: system.cpu: A0 T0 : 0x100179cc @_int_malloc+412    : bclr       0, 20           : IntAlu :  D=0x0000000000000000  flags=(IsInteger|IsControl|IsIndirectControl|IsCondControl|IsReturn)
1767750: global: Decode: Decoded or instruction: 0x7c7d1b79
1767750: system.cpu: A0 T0 : 0x10019c60 @__libc_malloc+144    : or.        r29, r3, r3     : IntAlu :  D=0x0000000048000282  flags=(IsInteger)
1768000: global: Decode: Decoded bc instruction: 0x4182019c
1768000: system.cpu: A0 T0 : 0x10019c64 @__libc_malloc+148    : bc         2, 12, 0x10019e00 : IntAlu :  D=0x0000000000000000  flags=(IsInteger|IsControl|IsDirectControl|IsCondControl)
1768250: global: Decode: Decoded ld instruction: 0xe93dfff8
1768250: system.cpu: A0 T0 : 0x10019c68 @__libc_malloc+152    : ld         r9, -8(r29)     : MemRead :  D=0x0000000000002011 A=0x100b5358  flags=(IsInteger|IsLoad)
1768500: global: Decode: Decoded andi_ instruction: 0x712a0002
1768500: system.cpu: A0 T0 : 0x10019c6c @__libc_malloc+156    : andi.      r10, r9, 2      : IntAlu :  D=0x0000000028000282  flags=(IsInteger)
1768750: global: Decode: Decoded bc instruction: 0x41820150
1768750: system.cpu: A0 T0 : 0x10019c70 @__libc_malloc+160    : bc         2, 12, 0x10019dc0 : IntAlu :  D=0x0000000000000000  flags=(IsInteger|IsControl|IsDirectControl|IsCondControl)
1769000: global: Decode: Decoded andi_ instruction: 0x71290004
1769000: system.cpu: A0 T0 : 0x10019dc0 @__libc_malloc+496    : andi.      r9, r9, 4       : IntAlu :  D=0x0000000028000282  flags=(IsInteger)
1769250: global: Decode: Decoded bc instruction: 0x4182feb0
1769250: system.cpu: A0 T0 : 0x10019dc4 @__libc_malloc+500    : bc         2, 12, 0x10019c74 : IntAlu :  D=0x0000000000000000  flags=(IsInteger|IsControl|IsDirectControl|IsCondControl)
1769500: global: Decode: Decoded ld instruction: 0xe80100a0
1769500: system.cpu: A0 T0 : 0x10019c74 @__libc_malloc+164    : ld         r0, 160(r1)     : MemRead :  D=0x0000000010040dfc A=0x7fffffffe630  flags=(IsInteger|IsLoad)
1769750: global: Decode: Decoded ld instruction: 0xeb810070
1769750: system.cpu: A0 T0 : 0x10019c78 @__libc_malloc+168    : ld         r28, 112(r1)    : MemRead :  D=0x00000000100b1ce0 A=0x7fffffffe600  flags=(IsInteger|IsLoad)
1770000: global: Decode: Decoded ld instruction: 0xebc10080
1770000: system.cpu: A0 T0 : 0x10019c7c @__libc_malloc+172    : ld         r30, 128(r1)    : MemRead :  D=0x0000000000002000 A=0x7fffffffe610  flags=(IsInteger|IsLoad)
1770250: global: Decode: Decoded ld instruction: 0xebe10088
1770250: system.cpu: A0 T0 : 0x10019c80 @__libc_malloc+176    : ld         r31, 136(r1)    : MemRead :  D=0x00000000100b0340 A=0x7fffffffe618  flags=(IsInteger|IsLoad)
1770500: global: Decode: Decoded mtlr instruction: 0x7c0803a6
1770500: system.cpu: A0 T0 : 0x10019c84 @__libc_malloc+180    : mtlr       r0              : IntAlu :  D=0x0000000010040dfc  flags=(IsInteger)
1770750: global: Decode: Decoded addi instruction: 0x38210090
1770750: system.cpu: A0 T0 : 0x10019c88 @__libc_malloc+184    : addi       r1, r1, 144     : IntAlu :  D=0x00007fffffffe620  flags=(IsInteger)
1771000: global: Decode: Decoded or instruction: 0x7fa3eb78
1771000: system.cpu: A0 T0 : 0x10019c8c @__libc_malloc+188    : mr         r3, r29         : IntAlu :  D=0x00000000100b5360  flags=(IsInteger)
1771250: global: Decode: Decoded ld instruction: 0xeba1ffe8
1771250: system.cpu: A0 T0 : 0x10019c90 @__libc_malloc+192    : ld         r29, -24(r1)    : MemRead :  D=0x000000000000000c A=0x7fffffffe608  flags=(IsInteger|IsLoad)
1771500: global: Decode: Decoded bclr instruction: 0x4e800020
1771500: system.cpu: A0 T0 : 0x10019c94 @__libc_malloc+196    : bclr       0, 20           : IntAlu :  D=0x0000000000000000  flags=(IsInteger|IsControl|IsIndirectControl|IsCondControl|IsReturn)
1771750: global: Decode: Decoded ori instruction: 0x60000000
1771750: system.cpu: A0 T0 : 0x10040dfc @_IO_file_doallocate+236    : nop                        : IntAlu :  D=0x0000000010040dfc  flags=(IsInteger)
1772000: global: Decode: Decoded or instruction: 0x7c641b79
1772000: system.cpu: A0 T0 : 0x10040e00 @_IO_file_doallocate+240    : or.        r4, r3, r3      : IntAlu :  D=0x0000000048000282  flags=(IsInteger)
1772250: global: Decode: Decoded bc instruction: 0x4082ffb8
1772250: system.cpu: A0 T0 : 0x10040e04 @_IO_file_doallocate+244    : bc         2, 4, 0x10040dbc : IntAlu :  D=0x0000000000000000  flags=(IsInteger|IsControl|IsDirectControl|IsCondControl)
1772500: global: Decode: Decoded add instruction: 0x7ca4f214
1772500: system.cpu: A0 T0 : 0x10040dbc @_IO_file_doallocate+172    : add        r5, r4, r30     : IntAlu :  D=0x00000000100b7360  flags=(IsInteger)
1772750: global: Decode: Decoded or instruction: 0x7fe3fb78
1772750: system.cpu: A0 T0 : 0x10040dc0 @_IO_file_doallocate+176    : mr         r3, r31         : IntAlu :  D=0x00000000100b0340  flags=(IsInteger)
1773000: global: Decode: Decoded addi instruction: 0x38c00001
1773000: system.cpu: A0 T0 : 0x10040dc4 @_IO_file_doallocate+180    : li         r6, 1           : IntAlu :  D=0x0000000000000001  flags=(IsInteger)
1773250: global: Decode: Decoded b instruction: 0x4bfd0239
1773250: system.cpu: A0 T0 : 0x10040dc8 @_IO_file_doallocate+184    : bl         _IO_setb        : IntAlu :  D=0x0000000010040dcc  flags=(IsInteger|IsControl|IsDirectControl|IsUncondControl)
1773500: global: Decode: Decoded std instruction: 0xfbe1fff8
1773500: system.cpu: A0 T0 : 0x10011000 @_IO_setb    : std        r31, -8(r1)     : MemWrite :  D=0x00000000100b0340 A=0x7fffffffe618  flags=(IsInteger|IsStore)
1773750: global: Decode: Decoded or instruction: 0x7c7f1b78
1773750: system.cpu: A0 T0 : 0x10011004 @_IO_setb+4    : mr         r31, r3         : IntAlu :  D=0x00000000100b0340  flags=(IsInteger)
1774000: global: Decode: Decoded ld instruction: 0xe8630038
1774000: system.cpu: A0 T0 : 0x10011008 @_IO_setb+8    : ld         r3, 56(r3)      : MemRead :  D=0x0000000000000000 A=0x100b0378  flags=(IsInteger|IsLoad)
1774250: global: Decode: Decoded stdu instruction: 0xf821ff81
1774250: system.cpu: A0 T0 : 0x1001100c @_IO_setb+12    : stdu       r1, -128(r1)    : MemWrite :  D=0x00007fffffffe5a0 A=0x7fffffffe5a0  flags=(IsInteger|IsStore)
1774500: global: Decode: Decoded lwa instruction: 0xe93f0002
1774500: system.cpu: A0 T0 : 0x10011010 @_IO_setb+16    : lwa        r9, 0(r31)      : MemRead :  D=0xfffffffffbad2084 A=0x100b0340  flags=(IsInteger|IsLoad)
1774750: global: Decode: Decoded cmpi instruction: 0x2fa30000
1774750: system.cpu: A0 T0 : 0x10011014 @_IO_setb+20    : cmpdi      cr7, r3, 0      : IntAlu :  D=0x0000000048000282  flags=(IsInteger)
1775000: global: Decode: Decoded bc instruction: 0x419e000c
1775000: system.cpu: A0 T0 : 0x10011018 @_IO_setb+24    : bc         30, 12, 0x10011024 : IntAlu :  D=0x0000000000000000  flags=(IsInteger|IsControl|IsDirectControl|IsCondControl)
1775250: global: Decode: Decoded cmpi instruction: 0x2fa60000
1775250: system.cpu: A0 T0 : 0x10011024 @_IO_setb+36    : cmpdi      cr7, r6, 0      : IntAlu :  D=0x0000000048000284  flags=(IsInteger)
1775500: global: Decode: Decoded std instruction: 0xf89f0038
1775500: system.cpu: A0 T0 : 0x10011028 @_IO_setb+40    : std        r4, 56(r31)     : MemWrite :  D=0x00000000100b5360 A=0x100b0378  flags=(IsInteger|IsStore)
1775750: global: Decode: Decoded std instruction: 0xf8bf0040
1775750: system.cpu: A0 T0 : 0x1001102c @_IO_setb+44    : std        r5, 64(r31)     : MemWrite :  D=0x00000000100b7360 A=0x100b0380  flags=(IsInteger|IsStore)
1776000: global: Decode: Decoded bc instruction: 0x419e0064
1776000: system.cpu: A0 T0 : 0x10011030 @_IO_setb+48    : bc         30, 12, 0x10011094 : IntAlu :  D=0x0000000000000000  flags=(IsInteger|IsControl|IsDirectControl|IsCondControl)
1776250: global: Decode: Decoded rlwinm instruction: 0x5529003c
1776250: system.cpu: A0 T0 : 0x10011034 @_IO_setb+52    : rlwinm     r9, r9, 0, 0, 30 : IntAlu :  D=0x00000000fbad2084  flags=(IsInteger)
1776500: global: Decode: Decoded addi instruction: 0x38210080
1776500: system.cpu: A0 T0 : 0x10011038 @_IO_setb+56    : addi       r1, r1, 128     : IntAlu :  D=0x00007fffffffe620  flags=(IsInteger)
1776750: global: Decode: Decoded extsw instruction: 0x7d2907b4
1776750: system.cpu: A0 T0 : 0x1001103c @_IO_setb+60    : extsw      r9, r9          : IntAlu :  D=0xfffffffffbad2084  flags=(IsInteger)
1777000: global: Decode: Decoded stw instruction: 0x913f0000
1777000: system.cpu: A0 T0 : 0x10011040 @_IO_setb+64    : stw        r9, 0(r31)      : MemWrite :  D=0x00000000fbad2084 A=0x100b0340  flags=(IsInteger|IsStore)
1777250: global: Decode: Decoded ld instruction: 0xebe1fff8
1777250: system.cpu: A0 T0 : 0x10011044 @_IO_setb+68    : ld         r31, -8(r1)     : MemRead :  D=0x00000000100b0340 A=0x7fffffffe618  flags=(IsInteger|IsLoad)
1777500: global: Decode: Decoded bclr instruction: 0x4e800020
1777500: system.cpu: A0 T0 : 0x10011048 @_IO_setb+72    : bclr       0, 20           : IntAlu :  D=0x0000000000000000  flags=(IsInteger|IsControl|IsIndirectControl|IsCondControl|IsReturn)
1777750: global: Decode: Decoded ori instruction: 0x60000000
1777750: system.cpu: A0 T0 : 0x10040dcc @_IO_file_doallocate+188    : nop                        : IntAlu :  D=0x0000000010040dfc  flags=(IsInteger)
1778000: global: Decode: Decoded addi instruction: 0x38210120
1778000: system.cpu: A0 T0 : 0x10040dd0 @_IO_file_doallocate+192    : addi       r1, r1, 288     : IntAlu :  D=0x00007fffffffe740  flags=(IsInteger)
1778250: global: Decode: Decoded addi instruction: 0x38600001
1778250: system.cpu: A0 T0 : 0x10040dd4 @_IO_file_doallocate+196    : li         r3, 1           : IntAlu :  D=0x0000000000000001  flags=(IsInteger)
1778500: global: Decode: Decoded ld instruction: 0xe8010010
1778500: system.cpu: A0 T0 : 0x10040dd8 @_IO_file_doallocate+200    : ld         r0, 16(r1)      : MemRead :  D=0x0000000010011144 A=0x7fffffffe750  flags=(IsInteger|IsLoad)
1778750: global: Decode: Decoded ld instruction: 0xebc1fff0
1778750: system.cpu: A0 T0 : 0x10040ddc @_IO_file_doallocate+204    : ld         r30, -16(r1)    : MemRead :  D=0x00000000100b1ce0 A=0x7fffffffe730  flags=(IsInteger|IsLoad)
1779000: global: Decode: Decoded ld instruction: 0xebe1fff8
1779000: system.cpu: A0 T0 : 0x10040de0 @_IO_file_doallocate+208    : ld         r31, -8(r1)     : MemRead :  D=0x00000000100b0340 A=0x7fffffffe738  flags=(IsInteger|IsLoad)
1779250: global: Decode: Decoded mtlr instruction: 0x7c0803a6
1779250: system.cpu: A0 T0 : 0x10040de4 @_IO_file_doallocate+212    : mtlr       r0              : IntAlu :  D=0x0000000010011144  flags=(IsInteger)
1779500: global: Decode: Decoded bclr instruction: 0x4e800020
1779500: system.cpu: A0 T0 : 0x10040de8 @_IO_file_doallocate+216    : bclr       0, 20           : IntAlu :  D=0x0000000000000000  flags=(IsInteger|IsControl|IsIndirectControl|IsCondControl|IsReturn)
1779750: global: Decode: Decoded ld instruction: 0xe8410028
1779750: system.cpu: A0 T0 : 0x10011144 @_IO_doallocbuf+132    : ld         r2, 40(r1)      : MemRead :  D=0x00000000100b7d00 A=0x7fffffffe768  flags=(IsInteger|IsLoad)
1780000: global: Decode: Decoded cmpi instruction: 0x2f83ffff
1780000: system.cpu: A0 T0 : 0x10011148 @_IO_doallocbuf+136    : cmpwi      cr7, r3, -1     : IntAlu :  D=0x0000000048000284  flags=(IsInteger)
1780250: global: Decode: Decoded bc instruction: 0x409e0054
1780250: system.cpu: A0 T0 : 0x1001114c @_IO_doallocbuf+140    : bc         30, 4, 0x100111a0 : IntAlu :  D=0x0000000000000000  flags=(IsInteger|IsControl|IsDirectControl|IsCondControl)
1780500: global: Decode: Decoded ld instruction: 0xe80100a0
1780500: system.cpu: A0 T0 : 0x100111a0 @_IO_doallocbuf+224    : ld         r0, 160(r1)     : MemRead :  D=0x000000001000fd20 A=0x7fffffffe7e0  flags=(IsInteger|IsLoad)
1780750: global: Decode: Decoded addi instruction: 0x38210090
1780750: system.cpu: A0 T0 : 0x100111a4 @_IO_doallocbuf+228    : addi       r1, r1, 144     : IntAlu :  D=0x00007fffffffe7d0  flags=(IsInteger)
1781000: global: Decode: Decoded ld instruction: 0xeba1ffe8
1781000: system.cpu: A0 T0 : 0x100111a8 @_IO_doallocbuf+232    : ld         r29, -24(r1)    : MemRead :  D=0x000000000000000c A=0x7fffffffe7b8  flags=(IsInteger|IsLoad)
1781250: global: Decode: Decoded ld instruction: 0xebc1fff0
1781250: system.cpu: A0 T0 : 0x100111ac @_IO_doallocbuf+236    : ld         r30, -16(r1)    : MemRead :  D=0xffffffffffffffff A=0x7fffffffe7c0  flags=(IsInteger|IsLoad)
1781500: global: Decode: Decoded ld instruction: 0xebe1fff8
1781500: system.cpu: A0 T0 : 0x100111b0 @_IO_doallocbuf+240    : ld         r31, -8(r1)     : MemRead :  D=0x00000000100b0340 A=0x7fffffffe7c8  flags=(IsInteger|IsLoad)
1781750: global: Decode: Decoded mtlr instruction: 0x7c0803a6
1781750: system.cpu: A0 T0 : 0x100111b4 @_IO_doallocbuf+244    : mtlr       r0              : IntAlu :  D=0x000000001000fd20  flags=(IsInteger)
1782000: global: Decode: Decoded bclr instruction: 0x4e800020
1782000: system.cpu: A0 T0 : 0x100111b8 @_IO_doallocbuf+248    : bclr       0, 20           : IntAlu :  D=0x0000000000000000  flags=(IsInteger|IsControl|IsIndirectControl|IsCondControl|IsReturn)
1782250: global: Decode: Decoded ori instruction: 0x60000000
1782250: system.cpu: A0 T0 : 0x1000fd20 @_IO_new_file_overflow+528    : nop                        : IntAlu :  D=0x000000001000fd20  flags=(IsInteger)
1782500: global: Decode: Decoded lwa instruction: 0xe93f0002
1782500: system.cpu: A0 T0 : 0x1000fd24 @_IO_new_file_overflow+532    : lwa        r9, 0(r31)      : MemRead :  D=0xfffffffffbad2084 A=0x100b0340  flags=(IsInteger|IsLoad)
1782750: global: Decode: Decoded ld instruction: 0xe8bf0038
1782750: system.cpu: A0 T0 : 0x1000fd28 @_IO_new_file_overflow+536    : ld         r5, 56(r31)     : MemRead :  D=0x00000000100b5360 A=0x100b0378  flags=(IsInteger|IsLoad)
1783000: global: Decode: Decoded ld instruction: 0xe80100a0
1783000: system.cpu: A0 T0 : 0x1000fd2c @_IO_new_file_overflow+540    : ld         r0, 160(r1)     : MemRead :  D=0x000000001000ecbc A=0x7fffffffe870  flags=(IsInteger|IsLoad)
1783250: global: Decode: Decoded mtlr instruction: 0x7c0803a6
1783250: system.cpu: A0 T0 : 0x1000fd30 @_IO_new_file_overflow+544    : mtlr       r0              : IntAlu :  D=0x000000001000ecbc  flags=(IsInteger)
1783500: global: Decode: Decoded std instruction: 0xf8bf0018
1783500: system.cpu: A0 T0 : 0x1000fd34 @_IO_new_file_overflow+548    : std        r5, 24(r31)     : MemWrite :  D=0x00000000100b5360 A=0x100b0358  flags=(IsInteger|IsStore)
1783750: global: Decode: Decoded std instruction: 0xf8bf0008
1783750: system.cpu: A0 T0 : 0x1000fd38 @_IO_new_file_overflow+552    : std        r5, 8(r31)      : MemWrite :  D=0x00000000100b5360 A=0x100b0348  flags=(IsInteger|IsStore)
1784000: global: Decode: Decoded std instruction: 0xf8bf0010
1784000: system.cpu: A0 T0 : 0x1000fd3c @_IO_new_file_overflow+556    : std        r5, 16(r31)     : MemWrite :  D=0x00000000100b5360 A=0x100b0350  flags=(IsInteger|IsStore)
1784250: global: Decode: Decoded b instruction: 0x4bfffe68
1784250: system.cpu: A0 T0 : 0x1000fd40 @_IO_new_file_overflow+560    : b          0x1000fba8      : IntAlu :   flags=(IsControl|IsDirectControl|IsUncondControl)
1784500: global: Decode: Decoded andi_ instruction: 0x712a0100
1784500: system.cpu: A0 T0 : 0x1000fba8 @_IO_new_file_overflow+152    : andi.      r10, r9, 256    : IntAlu :  D=0x0000000028000284  flags=(IsInteger)
1784750: global: Decode: Decoded bc instruction: 0x408201a4
1784750: system.cpu: A0 T0 : 0x1000fbac @_IO_new_file_overflow+156    : bc         2, 4, 0x1000fd50 : IntAlu :  D=0x0000000000000000  flags=(IsInteger|IsControl|IsDirectControl|IsCondControl)
1785000: global: Decode: Decoded ld instruction: 0xe8ff0040
1785000: system.cpu: A0 T0 : 0x1000fbb0 @_IO_new_file_overflow+160    : ld         r7, 64(r31)     : MemRead :  D=0x00000000100b7360 A=0x100b0380  flags=(IsInteger|IsLoad)
1785250: global: Decode: Decoded cmpl instruction: 0x7fa72840
1785250: system.cpu: A0 T0 : 0x1000fbb4 @_IO_new_file_overflow+164    : cmpld      cr7, r7, r5     : IntAlu :  D=0x0000000028000284  flags=(IsInteger)
1785500: global: Decode: Decoded bc instruction: 0x419e0118
1785500: system.cpu: A0 T0 : 0x1000fbb8 @_IO_new_file_overflow+168    : bc         30, 12, 0x1000fcd0 : IntAlu :  D=0x0000000000000000  flags=(IsInteger|IsControl|IsDirectControl|IsCondControl)
1785750: global: Decode: Decoded ld instruction: 0xe91f0010
1785750: system.cpu: A0 T0 : 0x1000fbbc @_IO_new_file_overflow+172    : ld         r8, 16(r31)     : MemRead :  D=0x00000000100b5360 A=0x100b0350  flags=(IsInteger|IsLoad)
1786000: global: Decode: Decoded lwz instruction: 0x815f00c0
1786000: system.cpu: A0 T0 : 0x1000fbc0 @_IO_new_file_overflow+176    : lwz        r10, 192(r31)   : MemRead :  D=0x00000000ffffffff A=0x100b0400  flags=(IsInteger|IsLoad)
1786250: global: Decode: Decoded ori instruction: 0x61260800
1786250: system.cpu: A0 T0 : 0x1000fbc4 @_IO_new_file_overflow+180    : ori        r6, r9, 2048    : IntAlu :  D=0xfffffffffbad2884  flags=(IsInteger)
1786500: global: Decode: Decoded std instruction: 0xf8bf0028
1786500: system.cpu: A0 T0 : 0x1000fbc8 @_IO_new_file_overflow+184    : std        r5, 40(r31)     : MemWrite :  D=0x00000000100b5360 A=0x100b0368  flags=(IsInteger|IsStore)
1786750: global: Decode: Decoded std instruction: 0xf8bf0020
1786750: system.cpu: A0 T0 : 0x1000fbcc @_IO_new_file_overflow+188    : std        r5, 32(r31)     : MemWrite :  D=0x00000000100b5360 A=0x100b0360  flags=(IsInteger|IsStore)
1787000: global: Decode: Decoded std instruction: 0xf8ff0030
1787000: system.cpu: A0 T0 : 0x1000fbd0 @_IO_new_file_overflow+192    : std        r7, 48(r31)     : MemWrite :  D=0x00000000100b7360 A=0x100b0370  flags=(IsInteger|IsStore)
1787250: global: Decode: Decoded std instruction: 0xf91f0008
1787250: system.cpu: A0 T0 : 0x1000fbd4 @_IO_new_file_overflow+196    : std        r8, 8(r31)      : MemWrite :  D=0x00000000100b5360 A=0x100b0348  flags=(IsInteger|IsStore)
1787500: global: Decode: Decoded std instruction: 0xf91f0018
1787500: system.cpu: A0 T0 : 0x1000fbd8 @_IO_new_file_overflow+200    : std        r8, 24(r31)     : MemWrite :  D=0x00000000100b5360 A=0x100b0358  flags=(IsInteger|IsStore)
1787750: global: Decode: Decoded cmpi instruction: 0x2f8a0000
1787750: system.cpu: A0 T0 : 0x1000fbdc @_IO_new_file_overflow+204    : cmpwi      cr7, r10, 0     : IntAlu :  D=0x0000000028000288  flags=(IsInteger)
1788000: global: Decode: Decoded stw instruction: 0x90df0000
1788000: system.cpu: A0 T0 : 0x1000fbe0 @_IO_new_file_overflow+208    : stw        r6, 0(r31)      : MemWrite :  D=0x00000000fbad2884 A=0x100b0340  flags=(IsInteger|IsStore)
1788250: global: Decode: Decoded bc instruction: 0x419dff64
1788250: system.cpu: A0 T0 : 0x1000fbe4 @_IO_new_file_overflow+212    : bc         29, 12, 0x1000fb48 : IntAlu :  D=0x0000000000000000  flags=(IsInteger|IsControl|IsDirectControl|IsCondControl)
1788500: global: Decode: Decoded andi_ instruction: 0x71290202
1788500: system.cpu: A0 T0 : 0x1000fbe8 @_IO_new_file_overflow+216    : andi.      r9, r9, 514     : IntAlu :  D=0x0000000028000288  flags=(IsInteger)
1788750: global: Decode: Decoded bc instruction: 0x4182ff5c
1788750: system.cpu: A0 T0 : 0x1000fbec @_IO_new_file_overflow+220    : bc         2, 12, 0x1000fb48 : IntAlu :  D=0x0000000000000000  flags=(IsInteger|IsControl|IsDirectControl|IsCondControl)
1789000: global: Decode: Decoded cmpi instruction: 0x2f9effff
1789000: system.cpu: A0 T0 : 0x1000fb48 @_IO_new_file_overflow+56    : cmpwi      cr7, r30, -1    : IntAlu :  D=0x0000000028000282  flags=(IsInteger)
1789250: global: Decode: Decoded bc instruction: 0x419e00b0
1789250: system.cpu: A0 T0 : 0x1000fb4c @_IO_new_file_overflow+60    : bc         30, 12, 0x1000fbfc : IntAlu :  D=0x0000000000000000  flags=(IsInteger|IsControl|IsDirectControl|IsCondControl)
1789500: global: Decode: Decoded mflr instruction: 0x7c0802a6
1789500: system.cpu: A0 T0 : 0x1000fbfc @_IO_new_file_overflow+236    : mflr       r0              : IntAlu :  D=0x000000001000ecbc  flags=(IsInteger)
1789750: global: Decode: Decoded ld instruction: 0xe89f0020
1789750: system.cpu: A0 T0 : 0x1000fc00 @_IO_new_file_overflow+240    : ld         r4, 32(r31)     : MemRead :  D=0x00000000100b5360 A=0x100b0360  flags=(IsInteger|IsLoad)
1790000: global: Decode: Decoded or instruction: 0x7fe3fb78
1790000: system.cpu: A0 T0 : 0x1000fc04 @_IO_new_file_overflow+244    : mr         r3, r31         : IntAlu :  D=0x00000000100b0340  flags=(IsInteger)
1790250: global: Decode: Decoded subf instruction: 0x7ca42850
1790250: system.cpu: A0 T0 : 0x1000fc08 @_IO_new_file_overflow+248    : subf       r5, r4, r5      : IntAlu :  D=0x0000000000000000  flags=(IsInteger)
1790500: global: Decode: Decoded std instruction: 0xf80100a0
1790500: system.cpu: A0 T0 : 0x1000fc0c @_IO_new_file_overflow+252    : std        r0, 160(r1)     : MemWrite :  D=0x000000001000ecbc A=0x7fffffffe870  flags=(IsInteger|IsStore)
1790750: global: Decode: Decoded b instruction: 0x4bfff581
1790750: system.cpu: A0 T0 : 0x1000fc10 @_IO_new_file_overflow+256    : bl         _IO_new_do_write : IntAlu :  D=0x000000001000fc14  flags=(IsInteger|IsControl|IsDirectControl|IsUncondControl)
1791000: global: Decode: Decoded or instruction: 0x7ca92b79
1791000: system.cpu: A0 T0 : 0x1000f190 @_IO_do_write    : or.        r9, r5, r5      : IntAlu :  D=0x0000000028000282  flags=(IsInteger)
1791250: global: Decode: Decoded bc instruction: 0x4082000c
1791250: system.cpu: A0 T0 : 0x1000f194 @_IO_do_write+4    : bc         2, 4, 0x1000f1a0 : IntAlu :  D=0x0000000000000000  flags=(IsInteger|IsControl|IsDirectControl|IsCondControl)
1791500: global: Decode: Decoded addi instruction: 0x38600000
1791500: system.cpu: A0 T0 : 0x1000f198 @_IO_do_write+8    : li         r3, 0           : IntAlu :  D=0x0000000000000000  flags=(IsInteger)
1791750: global: Decode: Decoded bclr instruction: 0x4e800020
1791750: system.cpu: A0 T0 : 0x1000f19c @_IO_do_write+12    : bclr       0, 20           : IntAlu :  D=0x0000000000000000  flags=(IsInteger|IsControl|IsIndirectControl|IsCondControl|IsReturn)
1792000: global: Decode: Decoded ori instruction: 0x60000000
1792000: system.cpu: A0 T0 : 0x1000fc14 @_IO_new_file_overflow+260    : nop                        : IntAlu :  D=0x000000001000ecbc  flags=(IsInteger)
1792250: global: Decode: Decoded ld instruction: 0xe80100a0
1792250: system.cpu: A0 T0 : 0x1000fc18 @_IO_new_file_overflow+264    : ld         r0, 160(r1)     : MemRead :  D=0x000000001000ecbc A=0x7fffffffe870  flags=(IsInteger|IsLoad)
1792500: global: Decode: Decoded addi instruction: 0x38210090
1792500: system.cpu: A0 T0 : 0x1000fc1c @_IO_new_file_overflow+268    : addi       r1, r1, 144     : IntAlu :  D=0x00007fffffffe860  flags=(IsInteger)
1792750: global: Decode: Decoded ld instruction: 0xebc1fff0
1792750: system.cpu: A0 T0 : 0x1000fc20 @_IO_new_file_overflow+272    : ld         r30, -16(r1)    : MemRead :  D=0x000000000000000c A=0x7fffffffe850  flags=(IsInteger|IsLoad)
1793000: global: Decode: Decoded ld instruction: 0xebe1fff8
1793000: system.cpu: A0 T0 : 0x1000fc24 @_IO_new_file_overflow+276    : ld         r31, -8(r1)     : MemRead :  D=0x00000000100b0340 A=0x7fffffffe858  flags=(IsInteger|IsLoad)
1793250: global: Decode: Decoded mtlr instruction: 0x7c0803a6
1793250: system.cpu: A0 T0 : 0x1000fc28 @_IO_new_file_overflow+280    : mtlr       r0              : IntAlu :  D=0x000000001000ecbc  flags=(IsInteger)
1793500: global: Decode: Decoded bclr instruction: 0x4e800020
1793500: system.cpu: A0 T0 : 0x1000fc2c @_IO_new_file_overflow+284    : bclr       0, 20           : IntAlu :  D=0x0000000000000000  flags=(IsInteger|IsControl|IsIndirectControl|IsCondControl|IsReturn)
1793750: global: Decode: Decoded ld instruction: 0xe8410028
1793750: system.cpu: A0 T0 : 0x1000ecbc @_IO_file_xsputn+396    : ld         r2, 40(r1)      : MemRead :  D=0x00000000100b7d00 A=0x7fffffffe888  flags=(IsInteger|IsLoad)
1794000: global: Decode: Decoded cmpi instruction: 0x2f83ffff
1794000: system.cpu: A0 T0 : 0x1000ecc0 @_IO_file_xsputn+400    : cmpwi      cr7, r3, -1     : IntAlu :  D=0x0000000028000284  flags=(IsInteger)
1794250: global: Decode: Decoded bc instruction: 0x419e00cc
1794250: system.cpu: A0 T0 : 0x1000ecc4 @_IO_file_xsputn+404    : bc         30, 12, 0x1000ed90 : IntAlu :  D=0x0000000000000000  flags=(IsInteger|IsControl|IsDirectControl|IsCondControl)
1794500: global: Decode: Decoded ld instruction: 0xe95f0040
1794500: system.cpu: A0 T0 : 0x1000ecc8 @_IO_file_xsputn+408    : ld         r10, 64(r31)    : MemRead :  D=0x00000000100b7360 A=0x100b0380  flags=(IsInteger|IsLoad)
1794750: global: Decode: Decoded ld instruction: 0xe93f0038
1794750: system.cpu: A0 T0 : 0x1000eccc @_IO_file_xsputn+412    : ld         r9, 56(r31)     : MemRead :  D=0x00000000100b5360 A=0x100b0378  flags=(IsInteger|IsLoad)
1795000: global: Decode: Decoded std instruction: 0xfb410070
1795000: system.cpu: A0 T0 : 0x1000ecd0 @_IO_file_xsputn+416    : std        r26, 112(r1)    : MemWrite :  D=0x0000000000000000 A=0x7fffffffe8d0  flags=(IsInteger|IsStore)
1795250: global: Decode: Decoded or instruction: 0x7fbaeb78
1795250: system.cpu: A0 T0 : 0x1000ecd4 @_IO_file_xsputn+420    : mr         r26, r29        : IntAlu :  D=0x000000000000000c  flags=(IsInteger)
1795500: global: Decode: Decoded subf instruction: 0x7d295050
1795500: system.cpu: A0 T0 : 0x1000ecd8 @_IO_file_xsputn+424    : subf       r9, r9, r10     : IntAlu :  D=0x0000000000002000  flags=(IsInteger)
1795750: global: Decode: Decoded cmpli instruction: 0x2ba9007f
1795750: system.cpu: A0 T0 : 0x1000ecdc @_IO_file_xsputn+428    : cmpldi     cr7, r9, 127    : IntAlu :  D=0x0000000028000284  flags=(IsInteger)
1796000: global: Decode: Decoded bc instruction: 0x409d000c
1796000: system.cpu: A0 T0 : 0x1000ece0 @_IO_file_xsputn+432    : bc         29, 4, 0x1000ecec : IntAlu :  D=0x0000000000000000  flags=(IsInteger|IsControl|IsDirectControl|IsCondControl)
1796250: global: Decode: Decoded divdu instruction: 0x7f5d4b92
1796250: system.cpu: A0 T0 : 0x1000ece4 @_IO_file_xsputn+436    : divdu      r26, r29, r9    : IntAlu :  D=0x0000000000000000  flags=(IsInteger)
1796500: global: Decode: Decoded mulld instruction: 0x7f5a49d2
1796500: system.cpu: A0 T0 : 0x1000ece8 @_IO_file_xsputn+440    : mulld      r26, r26, r9    : IntAlu :  D=0x0000000000000000  flags=(IsInteger)
1796750: global: Decode: Decoded cmpi instruction: 0x2fba0000
1796750: system.cpu: A0 T0 : 0x1000ecec @_IO_file_xsputn+444    : cmpdi      cr7, r26, 0     : IntAlu :  D=0x0000000028000282  flags=(IsInteger)
1797000: global: Decode: Decoded bc instruction: 0x409e0060
1797000: system.cpu: A0 T0 : 0x1000ecf0 @_IO_file_xsputn+448    : bc         30, 4, 0x1000ed50 : IntAlu :  D=0x0000000000000000  flags=(IsInteger|IsControl|IsDirectControl|IsCondControl)
1797250: global: Decode: Decoded cmpi instruction: 0x2fbd0000
1797250: system.cpu: A0 T0 : 0x1000ecf4 @_IO_file_xsputn+452    : cmpdi      cr7, r29, 0     : IntAlu :  D=0x0000000028000284  flags=(IsInteger)
1797500: global: Decode: Decoded or instruction: 0x7fdcf378
1797500: system.cpu: A0 T0 : 0x1000ecf8 @_IO_file_xsputn+456    : mr         r28, r30        : IntAlu :  D=0x000000000000000c  flags=(IsInteger)
1797750: global: Decode: Decoded bc instruction: 0x409e0074
1797750: system.cpu: A0 T0 : 0x1000ecfc @_IO_file_xsputn+460    : bc         30, 4, 0x1000ed70 : IntAlu :  D=0x0000000000000000  flags=(IsInteger|IsControl|IsDirectControl|IsCondControl)
1798000: global: Decode: Decoded add instruction: 0x7c9bd214
1798000: system.cpu: A0 T0 : 0x1000ed70 @_IO_file_xsputn+576    : add        r4, r27, r26    : IntAlu :  D=0x000000001006daa8  flags=(IsInteger)
1798250: global: Decode: Decoded or instruction: 0x7fe3fb78
1798250: system.cpu: A0 T0 : 0x1000ed74 @_IO_file_xsputn+580    : mr         r3, r31         : IntAlu :  D=0x00000000100b0340  flags=(IsInteger)
1798500: global: Decode: Decoded or instruction: 0x7fa5eb78
1798500: system.cpu: A0 T0 : 0x1000ed78 @_IO_file_xsputn+584    : mr         r5, r29         : IntAlu :  D=0x000000000000000c  flags=(IsInteger)
1798750: global: Decode: Decoded b instruction: 0x48002565
1798750: system.cpu: A0 T0 : 0x1000ed7c @_IO_file_xsputn+588    : bl         _IO_default_xsputn : IntAlu :  D=0x000000001000ed80  flags=(IsInteger|IsControl|IsDirectControl|IsUncondControl)
1799000: global: Decode: Decoded std instruction: 0xfb61ffd8
1799000: system.cpu: A0 T0 : 0x100112e0 @_IO_default_xsputn    : std        r27, -40(r1)    : MemWrite :  D=0x000000001006daa8 A=0x7fffffffe838  flags=(IsInteger|IsStore)
1799250: global: Decode: Decoded or instruction: 0x7cbb2b79
1799250: system.cpu: A0 T0 : 0x100112e4 @_IO_default_xsputn+4    : or.        r27, r5, r5     : IntAlu :  D=0x0000000048000284  flags=(IsInteger)
1799500: global: Decode: Decoded stdu instruction: 0xf821ff61
1799500: system.cpu: A0 T0 : 0x100112e8 @_IO_default_xsputn+8    : stdu       r1, -160(r1)    : MemWrite :  D=0x00007fffffffe7c0 A=0x7fffffffe7c0  flags=(IsInteger|IsStore)
1799750: global: Decode: Decoded bc instruction: 0x41820174
1799750: system.cpu: A0 T0 : 0x100112ec @_IO_default_xsputn+12    : bc         2, 12, 0x10011460 : IntAlu :  D=0x0000000000000000  flags=(IsInteger|IsControl|IsDirectControl|IsCondControl)
1800000: global: Decode: Decoded mflr instruction: 0x7c0802a6
1800000: system.cpu: A0 T0 : 0x100112f0 @_IO_default_xsputn+16    : mflr       r0              : IntAlu :  D=0x000000001000ed80  flags=(IsInteger)
1800250: global: Decode: Decoded std instruction: 0xf8410028
1800250: system.cpu: A0 T0 : 0x100112f4 @_IO_default_xsputn+20    : std        r2, 40(r1)      : MemWrite :  D=0x00000000100b7d00 A=0x7fffffffe7e8  flags=(IsInteger|IsStore)
1800500: global: Decode: Decoded std instruction: 0xfb810080
1800500: system.cpu: A0 T0 : 0x100112f8 @_IO_default_xsputn+24    : std        r28, 128(r1)    : MemWrite :  D=0x000000000000000c A=0x7fffffffe840  flags=(IsInteger|IsStore)
1800750: global: Decode: Decoded std instruction: 0xfba10088
1800750: system.cpu: A0 T0 : 0x100112fc @_IO_default_xsputn+28    : std        r29, 136(r1)    : MemWrite :  D=0x000000000000000c A=0x7fffffffe848  flags=(IsInteger|IsStore)
1801000: global: Decode: Decoded std instruction: 0xfbc10090
1801000: system.cpu: A0 T0 : 0x10011300 @_IO_default_xsputn+32    : std        r30, 144(r1)    : MemWrite :  D=0x000000000000000c A=0x7fffffffe850  flags=(IsInteger|IsStore)
1801250: global: Decode: Decoded or instruction: 0x7c7d1b78
1801250: system.cpu: A0 T0 : 0x10011304 @_IO_default_xsputn+36    : mr         r29, r3         : IntAlu :  D=0x00000000100b0340  flags=(IsInteger)
1801500: global: Decode: Decoded or instruction: 0x7f7edb78
1801500: system.cpu: A0 T0 : 0x10011308 @_IO_default_xsputn+40    : mr         r30, r27        : IntAlu :  D=0x000000000000000c  flags=(IsInteger)
1801750: global: Decode: Decoded std instruction: 0xfbe10098
1801750: system.cpu: A0 T0 : 0x1001130c @_IO_default_xsputn+44    : std        r31, 152(r1)    : MemWrite :  D=0x00000000100b0340 A=0x7fffffffe858  flags=(IsInteger|IsStore)
1802000: global: Decode: Decoded or instruction: 0x7c9f2378
1802000: system.cpu: A0 T0 : 0x10011310 @_IO_default_xsputn+48    : mr         r31, r4         : IntAlu :  D=0x000000001006daa8  flags=(IsInteger)
1802250: global: Decode: Decoded std instruction: 0xf80100b0
1802250: system.cpu: A0 T0 : 0x10011314 @_IO_default_xsputn+52    : std        r0, 176(r1)     : MemWrite :  D=0x000000001000ed80 A=0x7fffffffe870  flags=(IsInteger|IsStore)
1802500: global: Decode: Decoded ori instruction: 0x60000000
1802500: system.cpu: A0 T0 : 0x10011318 @_IO_default_xsputn+56    : nop                        : IntAlu :  D=0x000000001000ed80  flags=(IsInteger)
1802750: global: Decode: Decoded ori instruction: 0x60000000
1802750: system.cpu: A0 T0 : 0x1001131c @_IO_default_xsputn+60    : nop                        : IntAlu :  D=0x000000001000ed80  flags=(IsInteger)
1803000: global: Decode: Decoded ld instruction: 0xe87d0028
1803000: system.cpu: A0 T0 : 0x10011320 @_IO_default_xsputn+64    : ld         r3, 40(r29)     : MemRead :  D=0x00000000100b5360 A=0x100b0368  flags=(IsInteger|IsLoad)
1803250: global: Decode: Decoded ld instruction: 0xe93d0030
1803250: system.cpu: A0 T0 : 0x10011324 @_IO_default_xsputn+68    : ld         r9, 48(r29)     : MemRead :  D=0x00000000100b7360 A=0x100b0370  flags=(IsInteger|IsLoad)
1803500: global: Decode: Decoded cmpl instruction: 0x7fa34840
1803500: system.cpu: A0 T0 : 0x10011328 @_IO_default_xsputn+72    : cmpld      cr7, r3, r9     : IntAlu :  D=0x0000000048000288  flags=(IsInteger)
1803750: global: Decode: Decoded bc instruction: 0x409c002c
1803750: system.cpu: A0 T0 : 0x1001132c @_IO_default_xsputn+76    : bc         28, 4, 0x10011358 : IntAlu :  D=0x0000000000000000  flags=(IsInteger|IsControl|IsDirectControl|IsCondControl)
1804000: global: Decode: Decoded subf instruction: 0x7d234850
1804000: system.cpu: A0 T0 : 0x10011330 @_IO_default_xsputn+80    : subf       r9, r3, r9      : IntAlu :  D=0x0000000000002000  flags=(IsInteger)
1804250: global: Decode: Decoded or instruction: 0x7fdcf378
1804250: system.cpu: A0 T0 : 0x10011334 @_IO_default_xsputn+84    : mr         r28, r30        : IntAlu :  D=0x000000000000000c  flags=(IsInteger)
1804500: global: Decode: Decoded cmpl instruction: 0x7fbe4840
1804500: system.cpu: A0 T0 : 0x10011338 @_IO_default_xsputn+88    : cmpld      cr7, r30, r9    : IntAlu :  D=0x0000000048000288  flags=(IsInteger)
1804750: global: Decode: Decoded bc instruction: 0x409d0008
1804750: system.cpu: A0 T0 : 0x1001133c @_IO_default_xsputn+92    : bc         29, 4, 0x10011344 : IntAlu :  D=0x0000000000000000  flags=(IsInteger|IsControl|IsDirectControl|IsCondControl)
1805000: global: Decode: Decoded cmpli instruction: 0x2bbc0014
1805000: system.cpu: A0 T0 : 0x10011344 @_IO_default_xsputn+100    : cmpldi     cr7, r28, 20    : IntAlu :  D=0x0000000048000288  flags=(IsInteger)
1805250: global: Decode: Decoded bc instruction: 0x419d00b8
1805250: system.cpu: A0 T0 : 0x10011348 @_IO_default_xsputn+104    : bc         29, 12, 0x10011400 : IntAlu :  D=0x0000000000000000  flags=(IsInteger|IsControl|IsDirectControl|IsCondControl)
1805500: global: Decode: Decoded cmpi instruction: 0x2fbc0000
1805500: system.cpu: A0 T0 : 0x1001134c @_IO_default_xsputn+108    : cmpdi      cr7, r28, 0     : IntAlu :  D=0x0000000048000284  flags=(IsInteger)
1805750: global: Decode: Decoded bc instruction: 0x409e0070
1805750: system.cpu: A0 T0 : 0x10011350 @_IO_default_xsputn+112    : bc         30, 4, 0x100113c0 : IntAlu :  D=0x0000000000000000  flags=(IsInteger|IsControl|IsDirectControl|IsCondControl)
1806000: global: Decode: Decoded add instruction: 0x7cffe214
1806000: system.cpu: A0 T0 : 0x100113c0 @_IO_default_xsputn+224    : add        r7, r31, r28    : IntAlu :  D=0x000000001006dab4  flags=(IsInteger)
1806250: global: Decode: Decoded addi instruction: 0x395fffff
1806250: system.cpu: A0 T0 : 0x100113c4 @_IO_default_xsputn+228    : subi       r10, r31, 1     : IntAlu :  D=0x000000001006daa7  flags=(IsInteger)
1806500: global: Decode: Decoded subf instruction: 0x7d3f3850
1806500: system.cpu: A0 T0 : 0x100113c8 @_IO_default_xsputn+232    : subf       r9, r31, r7     : IntAlu :  D=0x000000000000000c  flags=(IsInteger)
1806750: global: Decode: Decoded mtctr instruction: 0x7d2903a6
1806750: system.cpu: A0 T0 : 0x100113cc @_IO_default_xsputn+236    : mtctr      r9              : IntAlu :  D=0x000000000000000c  flags=(IsInteger)
1807000: global: Decode: Decoded addi instruction: 0x3923ffff
1807000: system.cpu: A0 T0 : 0x100113d0 @_IO_default_xsputn+240    : subi       r9, r3, 1       : IntAlu :  D=0x00000000100b535f  flags=(IsInteger)
1807250: global: Decode: Decoded ori instruction: 0x60000000
1807250: system.cpu: A0 T0 : 0x100113d4 @_IO_default_xsputn+244    : nop                        : IntAlu :  D=0x000000001000ed80  flags=(IsInteger)
1807500: global: Decode: Decoded ori instruction: 0x60000000
1807500: system.cpu: A0 T0 : 0x100113d8 @_IO_default_xsputn+248    : nop                        : IntAlu :  D=0x000000001000ed80  flags=(IsInteger)
1807750: global: Decode: Decoded ori instruction: 0x60000000
1807750: system.cpu: A0 T0 : 0x100113dc @_IO_default_xsputn+252    : nop                        : IntAlu :  D=0x000000001000ed80  flags=(IsInteger)
1808000: global: Decode: Decoded lbzu instruction: 0x8d0a0001
1808000: system.cpu: A0 T0 : 0x100113e0 @_IO_default_xsputn+256    : lbzu       r8, 1(r10)      : MemRead :  D=0x0000000000000048 A=0x1006daa8  flags=(IsInteger|IsLoad)
1808250: global: Decode: Decoded stbu instruction: 0x9d090001
1808250: system.cpu: A0 T0 : 0x100113e4 @_IO_default_xsputn+260    : stbu       r8, 1(r9)       : MemWrite :  D=0x00000000100b5360 A=0x100b5360  flags=(IsInteger|IsStore)
1808500: global: Decode: Decoded bc instruction: 0x4200fff8
1808500: system.cpu: A0 T0 : 0x100113e8 @_IO_default_xsputn+264    : bc         0, 16, 0x100113e0 : IntAlu :  D=0x000000000000000b  flags=(IsInteger|IsControl|IsDirectControl|IsCondControl)
1808750: global: Decode: Decoded lbzu instruction: 0x8d0a0001
1808750: system.cpu: A0 T0 : 0x100113e0 @_IO_default_xsputn+256    : lbzu       r8, 1(r10)      : MemRead :  D=0x0000000000000065 A=0x1006daa9  flags=(IsInteger|IsLoad)
1809000: global: Decode: Decoded stbu instruction: 0x9d090001
1809000: system.cpu: A0 T0 : 0x100113e4 @_IO_default_xsputn+260    : stbu       r8, 1(r9)       : MemWrite :  D=0x00000000100b5361 A=0x100b5361  flags=(IsInteger|IsStore)
1809250: global: Decode: Decoded bc instruction: 0x4200fff8
1809250: system.cpu: A0 T0 : 0x100113e8 @_IO_default_xsputn+264    : bc         0, 16, 0x100113e0 : IntAlu :  D=0x000000000000000a  flags=(IsInteger|IsControl|IsDirectControl|IsCondControl)
1809500: global: Decode: Decoded lbzu instruction: 0x8d0a0001
1809500: system.cpu: A0 T0 : 0x100113e0 @_IO_default_xsputn+256    : lbzu       r8, 1(r10)      : MemRead :  D=0x000000000000006c A=0x1006daaa  flags=(IsInteger|IsLoad)
1809750: global: Decode: Decoded stbu instruction: 0x9d090001
1809750: system.cpu: A0 T0 : 0x100113e4 @_IO_default_xsputn+260    : stbu       r8, 1(r9)       : MemWrite :  D=0x00000000100b5362 A=0x100b5362  flags=(IsInteger|IsStore)
1810000: global: Decode: Decoded bc instruction: 0x4200fff8
1810000: system.cpu: A0 T0 : 0x100113e8 @_IO_default_xsputn+264    : bc         0, 16, 0x100113e0 : IntAlu :  D=0x0000000000000009  flags=(IsInteger|IsControl|IsDirectControl|IsCondControl)
1810250: global: Decode: Decoded lbzu instruction: 0x8d0a0001
1810250: system.cpu: A0 T0 : 0x100113e0 @_IO_default_xsputn+256    : lbzu       r8, 1(r10)      : MemRead :  D=0x000000000000006c A=0x1006daab  flags=(IsInteger|IsLoad)
1810500: global: Decode: Decoded stbu instruction: 0x9d090001
1810500: system.cpu: A0 T0 : 0x100113e4 @_IO_default_xsputn+260    : stbu       r8, 1(r9)       : MemWrite :  D=0x00000000100b5363 A=0x100b5363  flags=(IsInteger|IsStore)
1810750: global: Decode: Decoded bc instruction: 0x4200fff8
1810750: system.cpu: A0 T0 : 0x100113e8 @_IO_default_xsputn+264    : bc         0, 16, 0x100113e0 : IntAlu :  D=0x0000000000000008  flags=(IsInteger|IsControl|IsDirectControl|IsCondControl)
1811000: global: Decode: Decoded lbzu instruction: 0x8d0a0001
1811000: system.cpu: A0 T0 : 0x100113e0 @_IO_default_xsputn+256    : lbzu       r8, 1(r10)      : MemRead :  D=0x000000000000006f A=0x1006daac  flags=(IsInteger|IsLoad)
1811250: global: Decode: Decoded stbu instruction: 0x9d090001
1811250: system.cpu: A0 T0 : 0x100113e4 @_IO_default_xsputn+260    : stbu       r8, 1(r9)       : MemWrite :  D=0x00000000100b5364 A=0x100b5364  flags=(IsInteger|IsStore)
1811500: global: Decode: Decoded bc instruction: 0x4200fff8
1811500: system.cpu: A0 T0 : 0x100113e8 @_IO_default_xsputn+264    : bc         0, 16, 0x100113e0 : IntAlu :  D=0x0000000000000007  flags=(IsInteger|IsControl|IsDirectControl|IsCondControl)
1811750: global: Decode: Decoded lbzu instruction: 0x8d0a0001
1811750: system.cpu: A0 T0 : 0x100113e0 @_IO_default_xsputn+256    : lbzu       r8, 1(r10)      : MemRead :  D=0x0000000000000020 A=0x1006daad  flags=(IsInteger|IsLoad)
1812000: global: Decode: Decoded stbu instruction: 0x9d090001
1812000: system.cpu: A0 T0 : 0x100113e4 @_IO_default_xsputn+260    : stbu       r8, 1(r9)       : MemWrite :  D=0x00000000100b5365 A=0x100b5365  flags=(IsInteger|IsStore)
1812250: global: Decode: Decoded bc instruction: 0x4200fff8
1812250: system.cpu: A0 T0 : 0x100113e8 @_IO_default_xsputn+264    : bc         0, 16, 0x100113e0 : IntAlu :  D=0x0000000000000006  flags=(IsInteger|IsControl|IsDirectControl|IsCondControl)
1812500: global: Decode: Decoded lbzu instruction: 0x8d0a0001
1812500: system.cpu: A0 T0 : 0x100113e0 @_IO_default_xsputn+256    : lbzu       r8, 1(r10)      : MemRead :  D=0x0000000000000077 A=0x1006daae  flags=(IsInteger|IsLoad)
1812750: global: Decode: Decoded stbu instruction: 0x9d090001
1812750: system.cpu: A0 T0 : 0x100113e4 @_IO_default_xsputn+260    : stbu       r8, 1(r9)       : MemWrite :  D=0x00000000100b5366 A=0x100b5366  flags=(IsInteger|IsStore)
1813000: global: Decode: Decoded bc instruction: 0x4200fff8
1813000: system.cpu: A0 T0 : 0x100113e8 @_IO_default_xsputn+264    : bc         0, 16, 0x100113e0 : IntAlu :  D=0x0000000000000005  flags=(IsInteger|IsControl|IsDirectControl|IsCondControl)
1813250: global: Decode: Decoded lbzu instruction: 0x8d0a0001
1813250: system.cpu: A0 T0 : 0x100113e0 @_IO_default_xsputn+256    : lbzu       r8, 1(r10)      : MemRead :  D=0x000000000000006f A=0x1006daaf  flags=(IsInteger|IsLoad)
1813500: global: Decode: Decoded stbu instruction: 0x9d090001
1813500: system.cpu: A0 T0 : 0x100113e4 @_IO_default_xsputn+260    : stbu       r8, 1(r9)       : MemWrite :  D=0x00000000100b5367 A=0x100b5367  flags=(IsInteger|IsStore)
1813750: global: Decode: Decoded bc instruction: 0x4200fff8
1813750: system.cpu: A0 T0 : 0x100113e8 @_IO_default_xsputn+264    : bc         0, 16, 0x100113e0 : IntAlu :  D=0x0000000000000004  flags=(IsInteger|IsControl|IsDirectControl|IsCondControl)
1814000: global: Decode: Decoded lbzu instruction: 0x8d0a0001
1814000: system.cpu: A0 T0 : 0x100113e0 @_IO_default_xsputn+256    : lbzu       r8, 1(r10)      : MemRead :  D=0x0000000000000072 A=0x1006dab0  flags=(IsInteger|IsLoad)
1814250: global: Decode: Decoded stbu instruction: 0x9d090001
1814250: system.cpu: A0 T0 : 0x100113e4 @_IO_default_xsputn+260    : stbu       r8, 1(r9)       : MemWrite :  D=0x00000000100b5368 A=0x100b5368  flags=(IsInteger|IsStore)
1814500: global: Decode: Decoded bc instruction: 0x4200fff8
1814500: system.cpu: A0 T0 : 0x100113e8 @_IO_default_xsputn+264    : bc         0, 16, 0x100113e0 : IntAlu :  D=0x0000000000000003  flags=(IsInteger|IsControl|IsDirectControl|IsCondControl)
1814750: global: Decode: Decoded lbzu instruction: 0x8d0a0001
1814750: system.cpu: A0 T0 : 0x100113e0 @_IO_default_xsputn+256    : lbzu       r8, 1(r10)      : MemRead :  D=0x000000000000006c A=0x1006dab1  flags=(IsInteger|IsLoad)
1815000: global: Decode: Decoded stbu instruction: 0x9d090001
1815000: system.cpu: A0 T0 : 0x100113e4 @_IO_default_xsputn+260    : stbu       r8, 1(r9)       : MemWrite :  D=0x00000000100b5369 A=0x100b5369  flags=(IsInteger|IsStore)
1815250: global: Decode: Decoded bc instruction: 0x4200fff8
1815250: system.cpu: A0 T0 : 0x100113e8 @_IO_default_xsputn+264    : bc         0, 16, 0x100113e0 : IntAlu :  D=0x0000000000000002  flags=(IsInteger|IsControl|IsDirectControl|IsCondControl)
1815500: global: Decode: Decoded lbzu instruction: 0x8d0a0001
1815500: system.cpu: A0 T0 : 0x100113e0 @_IO_default_xsputn+256    : lbzu       r8, 1(r10)      : MemRead :  D=0x0000000000000064 A=0x1006dab2  flags=(IsInteger|IsLoad)
1815750: global: Decode: Decoded stbu instruction: 0x9d090001
1815750: system.cpu: A0 T0 : 0x100113e4 @_IO_default_xsputn+260    : stbu       r8, 1(r9)       : MemWrite :  D=0x00000000100b536a A=0x100b536a  flags=(IsInteger|IsStore)
1816000: global: Decode: Decoded bc instruction: 0x4200fff8
1816000: system.cpu: A0 T0 : 0x100113e8 @_IO_default_xsputn+264    : bc         0, 16, 0x100113e0 : IntAlu :  D=0x0000000000000001  flags=(IsInteger|IsControl|IsDirectControl|IsCondControl)
1816250: global: Decode: Decoded lbzu instruction: 0x8d0a0001
1816250: system.cpu: A0 T0 : 0x100113e0 @_IO_default_xsputn+256    : lbzu       r8, 1(r10)      : MemRead :  D=0x0000000000000021 A=0x1006dab3  flags=(IsInteger|IsLoad)
1816500: global: Decode: Decoded stbu instruction: 0x9d090001
1816500: system.cpu: A0 T0 : 0x100113e4 @_IO_default_xsputn+260    : stbu       r8, 1(r9)       : MemWrite :  D=0x00000000100b536b A=0x100b536b  flags=(IsInteger|IsStore)
1816750: global: Decode: Decoded bc instruction: 0x4200fff8
1816750: system.cpu: A0 T0 : 0x100113e8 @_IO_default_xsputn+264    : bc         0, 16, 0x100113e0 : IntAlu :  D=0x0000000000000000  flags=(IsInteger|IsControl|IsDirectControl|IsCondControl)
1817000: global: Decode: Decoded add instruction: 0x7d23e214
1817000: system.cpu: A0 T0 : 0x100113ec @_IO_default_xsputn+268    : add        r9, r3, r28     : IntAlu :  D=0x00000000100b536c  flags=(IsInteger)
1817250: global: Decode: Decoded or instruction: 0x7cff3b78
1817250: system.cpu: A0 T0 : 0x100113f0 @_IO_default_xsputn+272    : mr         r31, r7         : IntAlu :  D=0x000000001006dab4  flags=(IsInteger)
1817500: global: Decode: Decoded std instruction: 0xf93d0028
1817500: system.cpu: A0 T0 : 0x100113f4 @_IO_default_xsputn+276    : std        r9, 40(r29)     : MemWrite :  D=0x00000000100b536c A=0x100b0368  flags=(IsInteger|IsStore)
1817750: global: Decode: Decoded b instruction: 0x4bffff5c
1817750: system.cpu: A0 T0 : 0x100113f8 @_IO_default_xsputn+280    : b          0x10011354      : IntAlu :   flags=(IsControl|IsDirectControl|IsUncondControl)
1818000: global: Decode: Decoded subf instruction: 0x7fdcf050
1818000: system.cpu: A0 T0 : 0x10011354 @_IO_default_xsputn+116    : subf       r30, r28, r30   : IntAlu :  D=0x0000000000000000  flags=(IsInteger)
1818250: global: Decode: Decoded cmpi instruction: 0x2fbe0000
1818250: system.cpu: A0 T0 : 0x10011358 @_IO_default_xsputn+120    : cmpdi      cr7, r30, 0     : IntAlu :  D=0x0000000048000282  flags=(IsInteger)
1818500: global: Decode: Decoded bc instruction: 0x419e00c8
1818500: system.cpu: A0 T0 : 0x1001135c @_IO_default_xsputn+124    : bc         30, 12, 0x10011424 : IntAlu :  D=0x0000000000000000  flags=(IsInteger|IsControl|IsDirectControl|IsCondControl)
1818750: global: Decode: Decoded ld instruction: 0xe80100b0
1818750: system.cpu: A0 T0 : 0x10011424 @_IO_default_xsputn+324    : ld         r0, 176(r1)     : MemRead :  D=0x000000001000ed80 A=0x7fffffffe870  flags=(IsInteger|IsLoad)
1819000: global: Decode: Decoded ld instruction: 0xeb810080
1819000: system.cpu: A0 T0 : 0x10011428 @_IO_default_xsputn+328    : ld         r28, 128(r1)    : MemRead :  D=0x000000000000000c A=0x7fffffffe840  flags=(IsInteger|IsLoad)
1819250: global: Decode: Decoded ld instruction: 0xeba10088
1819250: system.cpu: A0 T0 : 0x1001142c @_IO_default_xsputn+332    : ld         r29, 136(r1)    : MemRead :  D=0x000000000000000c A=0x7fffffffe848  flags=(IsInteger|IsLoad)
1819500: global: Decode: Decoded ld instruction: 0xebc10090
1819500: system.cpu: A0 T0 : 0x10011430 @_IO_default_xsputn+336    : ld         r30, 144(r1)    : MemRead :  D=0x000000000000000c A=0x7fffffffe850  flags=(IsInteger|IsLoad)
1819750: global: Decode: Decoded or instruction: 0x7f63db78
1819750: system.cpu: A0 T0 : 0x10011434 @_IO_default_xsputn+340    : mr         r3, r27         : IntAlu :  D=0x000000000000000c  flags=(IsInteger)
1820000: global: Decode: Decoded ld instruction: 0xebe10098
1820000: system.cpu: A0 T0 : 0x10011438 @_IO_default_xsputn+344    : ld         r31, 152(r1)    : MemRead :  D=0x00000000100b0340 A=0x7fffffffe858  flags=(IsInteger|IsLoad)
1820250: global: Decode: Decoded addi instruction: 0x382100a0
1820250: system.cpu: A0 T0 : 0x1001143c @_IO_default_xsputn+348    : addi       r1, r1, 160     : IntAlu :  D=0x00007fffffffe860  flags=(IsInteger)
1820500: global: Decode: Decoded mtlr instruction: 0x7c0803a6
1820500: system.cpu: A0 T0 : 0x10011440 @_IO_default_xsputn+352    : mtlr       r0              : IntAlu :  D=0x000000001000ed80  flags=(IsInteger)
1820750: global: Decode: Decoded ld instruction: 0xeb61ffd8
1820750: system.cpu: A0 T0 : 0x10011444 @_IO_default_xsputn+356    : ld         r27, -40(r1)    : MemRead :  D=0x000000001006daa8 A=0x7fffffffe838  flags=(IsInteger|IsLoad)
1821000: global: Decode: Decoded bclr instruction: 0x4e800020
1821000: system.cpu: A0 T0 : 0x10011448 @_IO_default_xsputn+360    : bclr       0, 20           : IntAlu :  D=0x0000000000000000  flags=(IsInteger|IsControl|IsIndirectControl|IsCondControl|IsReturn)
1821250: global: Decode: Decoded ori instruction: 0x60000000
1821250: system.cpu: A0 T0 : 0x1000ed80 @_IO_file_xsputn+592    : nop                        : IntAlu :  D=0x000000001000ed80  flags=(IsInteger)
1821500: global: Decode: Decoded subf instruction: 0x7c7d1850
1821500: system.cpu: A0 T0 : 0x1000ed84 @_IO_file_xsputn+596    : subf       r3, r29, r3     : IntAlu :  D=0x0000000000000000  flags=(IsInteger)
1821750: global: Decode: Decoded add instruction: 0x7f83f214
1821750: system.cpu: A0 T0 : 0x1000ed88 @_IO_file_xsputn+600    : add        r28, r3, r30    : IntAlu :  D=0x000000000000000c  flags=(IsInteger)
1822000: global: Decode: Decoded b instruction: 0x4bffff74
1822000: system.cpu: A0 T0 : 0x1000ed8c @_IO_file_xsputn+604    : b          0x1000ed00      : IntAlu :   flags=(IsControl|IsDirectControl|IsUncondControl)
1822250: global: Decode: Decoded ld instruction: 0xeb410070
1822250: system.cpu: A0 T0 : 0x1000ed00 @_IO_file_xsputn+464    : ld         r26, 112(r1)    : MemRead :  D=0x0000000000000000 A=0x7fffffffe8d0  flags=(IsInteger|IsLoad)
1822500: global: Decode: Decoded ld instruction: 0xe80100b0
1822500: system.cpu: A0 T0 : 0x1000ed04 @_IO_file_xsputn+468    : ld         r0, 176(r1)     : MemRead :  D=0x0000000010009e78 A=0x7fffffffe910  flags=(IsInteger|IsLoad)
1822750: global: Decode: Decoded ld instruction: 0xeb610078
1822750: system.cpu: A0 T0 : 0x1000ed08 @_IO_file_xsputn+472    : ld         r27, 120(r1)    : MemRead :  D=0x000000001006daa8 A=0x7fffffffe8d8  flags=(IsInteger|IsLoad)
1823000: global: Decode: Decoded ld instruction: 0xeba10088
1823000: system.cpu: A0 T0 : 0x1000ed0c @_IO_file_xsputn+476    : ld         r29, 136(r1)    : MemRead :  D=0x00000000100b0778 A=0x7fffffffe8e8  flags=(IsInteger|IsLoad)
1823250: global: Decode: Decoded ld instruction: 0xebe10098
1823250: system.cpu: A0 T0 : 0x1000ed10 @_IO_file_xsputn+480    : ld         r31, 152(r1)    : MemRead :  D=0x000000000000000c A=0x7fffffffe8f8  flags=(IsInteger|IsLoad)
1823500: global: Decode: Decoded addi instruction: 0x382100a0
1823500: system.cpu: A0 T0 : 0x1000ed14 @_IO_file_xsputn+484    : addi       r1, r1, 160     : IntAlu :  D=0x00007fffffffe900  flags=(IsInteger)
1823750: global: Decode: Decoded or instruction: 0x7f83e378
1823750: system.cpu: A0 T0 : 0x1000ed18 @_IO_file_xsputn+488    : mr         r3, r28         : IntAlu :  D=0x000000000000000c  flags=(IsInteger)
1824000: global: Decode: Decoded ld instruction: 0xeb81ffe0
1824000: system.cpu: A0 T0 : 0x1000ed1c @_IO_file_xsputn+492    : ld         r28, -32(r1)    : MemRead :  D=0x00000000100b1ce0 A=0x7fffffffe8e0  flags=(IsInteger|IsLoad)
1824250: global: Decode: Decoded ld instruction: 0xebc1fff0
1824250: system.cpu: A0 T0 : 0x1000ed20 @_IO_file_xsputn+496    : ld         r30, -16(r1)    : MemRead :  D=0x00000000100b0340 A=0x7fffffffe8f0  flags=(IsInteger|IsLoad)
1824500: global: Decode: Decoded mtlr instruction: 0x7c0803a6
1824500: system.cpu: A0 T0 : 0x1000ed24 @_IO_file_xsputn+500    : mtlr       r0              : IntAlu :  D=0x0000000010009e78  flags=(IsInteger)
1824750: global: Decode: Decoded bclr instruction: 0x4e800020
1824750: system.cpu: A0 T0 : 0x1000ed28 @_IO_file_xsputn+504    : bclr       0, 20           : IntAlu :  D=0x0000000000000000  flags=(IsInteger|IsControl|IsIndirectControl|IsCondControl|IsReturn)
1825000: global: Decode: Decoded ld instruction: 0xe8410028
1825000: system.cpu: A0 T0 : 0x10009e78 @_IO_puts+248    : ld         r2, 40(r1)      : MemRead :  D=0x00000000100b7d00 A=0x7fffffffe928  flags=(IsInteger|IsLoad)
1825250: global: Decode: Decoded cmp instruction: 0x7fbf1800
1825250: system.cpu: A0 T0 : 0x10009e7c @_IO_puts+252    : cmpd       cr7, r31, r3    : IntAlu :  D=0x0000000048000282  flags=(IsInteger)
1825500: global: Decode: Decoded bc instruction: 0x409e0110
1825500: system.cpu: A0 T0 : 0x10009e80 @_IO_puts+256    : bc         30, 4, 0x10009f90 : IntAlu :  D=0x0000000000000000  flags=(IsInteger|IsControl|IsDirectControl|IsCondControl)
1825750: global: Decode: Decoded ld instruction: 0xe87d0000
1825750: system.cpu: A0 T0 : 0x10009e84 @_IO_puts+260    : ld         r3, 0(r29)      : MemRead :  D=0x00000000100b0340 A=0x100b0778  flags=(IsInteger|IsLoad)
1826000: global: Decode: Decoded ld instruction: 0xe9430028
1826000: system.cpu: A0 T0 : 0x10009e88 @_IO_puts+264    : ld         r10, 40(r3)     : MemRead :  D=0x00000000100b536c A=0x100b0368  flags=(IsInteger|IsLoad)
1826250: global: Decode: Decoded ld instruction: 0xe9230030
1826250: system.cpu: A0 T0 : 0x10009e8c @_IO_puts+268    : ld         r9, 48(r3)      : MemRead :  D=0x00000000100b7360 A=0x100b0370  flags=(IsInteger|IsLoad)
1826500: global: Decode: Decoded cmpl instruction: 0x7faa4840
1826500: system.cpu: A0 T0 : 0x10009e90 @_IO_puts+272    : cmpld      cr7, r10, r9    : IntAlu :  D=0x0000000048000288  flags=(IsInteger)
1826750: global: Decode: Decoded bc instruction: 0x409c00dc
1826750: system.cpu: A0 T0 : 0x10009e94 @_IO_puts+276    : bc         28, 4, 0x10009f70 : IntAlu :  D=0x0000000000000000  flags=(IsInteger|IsControl|IsDirectControl|IsCondControl)
1827000: global: Decode: Decoded addi instruction: 0x390a0001
1827000: system.cpu: A0 T0 : 0x10009e98 @_IO_puts+280    : addi       r8, r10, 1      : IntAlu :  D=0x00000000100b536d  flags=(IsInteger)
1827250: global: Decode: Decoded addi instruction: 0x3920000a
1827250: system.cpu: A0 T0 : 0x10009e9c @_IO_puts+284    : li         r9, 10          : IntAlu :  D=0x000000000000000a  flags=(IsInteger)
1827500: global: Decode: Decoded std instruction: 0xf9030028
1827500: system.cpu: A0 T0 : 0x10009ea0 @_IO_puts+288    : std        r8, 40(r3)      : MemWrite :  D=0x00000000100b536d A=0x100b0368  flags=(IsInteger|IsStore)
1827750: global: Decode: Decoded stb instruction: 0x992a0000
1827750: system.cpu: A0 T0 : 0x10009ea4 @_IO_puts+292    : stb        r9, 0(r10)      : MemWrite :  D=0x000000000000000a A=0x100b536c  flags=(IsInteger|IsStore)
1828000: global: Decode: Decoded addi instruction: 0x3920ffff
1828000: system.cpu: A0 T0 : 0x10009ea8 @_IO_puts+296    : li         r9, -1          : IntAlu :  D=0xffffffffffffffff  flags=(IsInteger)
1828250: global: Decode: Decoded addi instruction: 0x3bff0001
1828250: system.cpu: A0 T0 : 0x10009eac @_IO_puts+300    : addi       r31, r31, 1     : IntAlu :  D=0x000000000000000d  flags=(IsInteger)
1828500: global: Decode: Decoded rldicl instruction: 0x79290060
1828500: system.cpu: A0 T0 : 0x10009eb0 @_IO_puts+304    : clrldi     r9, r9, 33      : IntAlu :  D=0x000000007fffffff  flags=(IsInteger)
1828750: global: Decode: Decoded cmpl instruction: 0x7fbf4840
1828750: system.cpu: A0 T0 : 0x10009eb4 @_IO_puts+308    : cmpld      cr7, r31, r9    : IntAlu :  D=0x0000000048000288  flags=(IsInteger)
1829000: global: Decode: Decoded bc instruction: 0x409d0008
1829000: system.cpu: A0 T0 : 0x10009eb8 @_IO_puts+312    : bc         29, 4, 0x10009ec0 : IntAlu :  D=0x0000000000000000  flags=(IsInteger|IsControl|IsDirectControl|IsCondControl)
1829250: global: Decode: Decoded extsw instruction: 0x7fff07b4
1829250: system.cpu: A0 T0 : 0x10009ec0 @_IO_puts+320    : extsw      r31, r31        : IntAlu :  D=0x000000000000000d  flags=(IsInteger)
1829500: global: Decode: Decoded lwz instruction: 0x813e0000
1829500: system.cpu: A0 T0 : 0x10009ec4 @_IO_puts+324    : lwz        r9, 0(r30)      : MemRead :  D=0x00000000fbad2884 A=0x100b0340  flags=(IsInteger|IsLoad)
1829750: global: Decode: Decoded andi_ instruction: 0x712a8000
1829750: system.cpu: A0 T0 : 0x10009ec8 @_IO_puts+328    : andi.      r10, r9, 32768  : IntAlu :  D=0x0000000028000288  flags=(IsInteger)
1830000: global: Decode: Decoded bc instruction: 0x40820038
1830000: system.cpu: A0 T0 : 0x10009ecc @_IO_puts+332    : bc         2, 4, 0x10009f04 : IntAlu :  D=0x0000000000000000  flags=(IsInteger|IsControl|IsDirectControl|IsCondControl)
1830250: global: Decode: Decoded ld instruction: 0xe87e0088
1830250: system.cpu: A0 T0 : 0x10009ed0 @_IO_puts+336    : ld         r3, 136(r30)    : MemRead :  D=0x00000000100b2ad0 A=0x100b03c8  flags=(IsInteger|IsLoad)
1830500: global: Decode: Decoded lwz instruction: 0x81230004
1830500: system.cpu: A0 T0 : 0x10009ed4 @_IO_puts+340    : lwz        r9, 4(r3)       : MemRead :  D=0x0000000000000001 A=0x100b2ad4  flags=(IsInteger|IsLoad)
1830750: global: Decode: Decoded addi instruction: 0x3929ffff
1830750: system.cpu: A0 T0 : 0x10009ed8 @_IO_puts+344    : subi       r9, r9, 1       : IntAlu :  D=0x0000000000000000  flags=(IsInteger)
1831000: global: Decode: Decoded extsw instruction: 0x7d2807b5
1831000: system.cpu: A0 T0 : 0x10009edc @_IO_puts+348    : extsw.     r8, r9          : IntAlu :  D=0x0000000028000288  flags=(IsInteger)
1831250: global: Decode: Decoded stw instruction: 0x91230004
1831250: system.cpu: A0 T0 : 0x10009ee0 @_IO_puts+352    : stw        r9, 4(r3)       : MemWrite :  D=0x0000000000000000 A=0x100b2ad4  flags=(IsInteger|IsStore)
1831500: global: Decode: Decoded bc instruction: 0x40820020
1831500: system.cpu: A0 T0 : 0x10009ee4 @_IO_puts+356    : bc         2, 4, 0x10009f04 : IntAlu :  D=0x0000000000000000  flags=(IsInteger|IsControl|IsDirectControl|IsCondControl)
1831750: global: Decode: Decoded std instruction: 0xf9030008
1831750: system.cpu: A0 T0 : 0x10009ee8 @_IO_puts+360    : std        r8, 8(r3)       : MemWrite :  D=0x0000000000000000 A=0x100b2ad8  flags=(IsInteger|IsStore)
1832000: global: Decode: Decoded sync instruction: 0x7c2004ac
1832000: system.cpu: A0 T0 : 0x10009eec @_IO_puts+364    : synco                      : IntAlu :   flags=(IsWriteBarrier|IsReadBarrier)
1832250: global: Decode: Decoded lwarx instruction: 0x7d201828
1832250: system.cpu: A0 T0 : 0x10009ef0 @_IO_puts+368    : lwarx      r41, 0, r3      : MemRead :  D=0x00000000100b2ad0 A=0x100b2ad0  flags=(IsInteger|IsLoad)
1832500: global: Decode: Decoded stwcx instruction: 0x7d40192d
1832500: system.cpu: A0 T0 : 0x10009ef4 @_IO_puts+372    : stwcx      r10, r3, r39    : MemWrite :  D=0x0000000028000288 A=0x100b2ad0  flags=(IsInteger|IsStore)
1832750: global: Decode: Decoded bc instruction: 0x40c2fff8
1832750: system.cpu: A0 T0 : 0x10009ef8 @_IO_puts+376    : bc         2, 6, 0x10009ef0 : IntAlu :  D=0x0000000000000000  flags=(IsInteger|IsControl|IsDirectControl|IsCondControl)
1833000: global: Decode: Decoded cmpi instruction: 0x2f890001
1833000: system.cpu: A0 T0 : 0x10009efc @_IO_puts+380    : cmpwi      cr7, r9, 1      : IntAlu :  D=0x0000000028000282  flags=(IsInteger)
1833250: global: Decode: Decoded bc instruction: 0x419d00b0
1833250: system.cpu: A0 T0 : 0x10009f00 @_IO_puts+384    : bc         29, 12, 0x10009fb0 : IntAlu :  D=0x0000000000000000  flags=(IsInteger|IsControl|IsDirectControl|IsCondControl)
1833500: global: Decode: Decoded addi instruction: 0x382100a0
1833500: system.cpu: A0 T0 : 0x10009f04 @_IO_puts+388    : addi       r1, r1, 160     : IntAlu :  D=0x00007fffffffe9a0  flags=(IsInteger)
1833750: global: Decode: Decoded or instruction: 0x7fe3fb78
1833750: system.cpu: A0 T0 : 0x10009f08 @_IO_puts+392    : mr         r3, r31         : IntAlu :  D=0x000000000000000d  flags=(IsInteger)
1834000: global: Decode: Decoded ld instruction: 0xe8010010
1834000: system.cpu: A0 T0 : 0x10009f0c @_IO_puts+396    : ld         r0, 16(r1)      : MemRead :  D=0x0000000010000970 A=0x7fffffffe9b0  flags=(IsInteger|IsLoad)
1834250: global: Decode: Decoded ld instruction: 0xeb61ffd8
1834250: system.cpu: A0 T0 : 0x10009f10 @_IO_puts+400    : ld         r27, -40(r1)    : MemRead :  D=0x00000000100b00d8 A=0x7fffffffe978  flags=(IsInteger|IsLoad)
1834500: global: Decode: Decoded ld instruction: 0xeb81ffe0
1834500: system.cpu: A0 T0 : 0x10009f14 @_IO_puts+404    : ld         r28, -32(r1)    : MemRead :  D=0x0000000010000268 A=0x7fffffffe980  flags=(IsInteger|IsLoad)
1834750: global: Decode: Decoded ld instruction: 0xeba1ffe8
1834750: system.cpu: A0 T0 : 0x10009f18 @_IO_puts+408    : ld         r29, -24(r1)    : MemRead :  D=0x0000000000000000 A=0x7fffffffe988  flags=(IsInteger|IsLoad)
1835000: global: Decode: Decoded ld instruction: 0xebc1fff0
1835000: system.cpu: A0 T0 : 0x10009f1c @_IO_puts+412    : ld         r30, -16(r1)    : MemRead :  D=0x00000000100ab260 A=0x7fffffffe990  flags=(IsInteger|IsLoad)
1835250: global: Decode: Decoded ld instruction: 0xebe1fff8
1835250: system.cpu: A0 T0 : 0x10009f20 @_IO_puts+416    : ld         r31, -8(r1)     : MemRead :  D=0x00007fffffffe9a0 A=0x7fffffffe998  flags=(IsInteger|IsLoad)
1835500: global: Decode: Decoded mtlr instruction: 0x7c0803a6
1835500: system.cpu: A0 T0 : 0x10009f24 @_IO_puts+420    : mtlr       r0              : IntAlu :  D=0x0000000010000970  flags=(IsInteger)
1835750: global: Decode: Decoded bclr instruction: 0x4e800020
1835750: system.cpu: A0 T0 : 0x10009f28 @_IO_puts+424    : bclr       0, 20           : IntAlu :  D=0x0000000000000000  flags=(IsInteger|IsControl|IsIndirectControl|IsCondControl|IsReturn)
1836000: global: Decode: Decoded ori instruction: 0x60000000
1836000: system.cpu: A0 T0 : 0x10000970 @main+44    : nop                        : IntAlu :  D=0x0000000010000970  flags=(IsInteger)
1836250: global: Decode: Decoded addi instruction: 0x39200000
1836250: system.cpu: A0 T0 : 0x10000974 @main+48    : li         r9, 0           : IntAlu :  D=0x0000000000000000  flags=(IsInteger)
1836500: global: Decode: Decoded or instruction: 0x7d234b78
1836500: system.cpu: A0 T0 : 0x10000978 @main+52    : mr         r3, r9          : IntAlu :  D=0x0000000000000000  flags=(IsInteger)
1836750: global: Decode: Decoded addi instruction: 0x383f0080
1836750: system.cpu: A0 T0 : 0x1000097c @main+56    : addi       r1, r31, 128    : IntAlu :  D=0x00007fffffffea20  flags=(IsInteger)
1837000: global: Decode: Decoded ld instruction: 0xe8010010
1837000: system.cpu: A0 T0 : 0x10000980 @main+60    : ld         r0, 16(r1)      : MemRead :  D=0x0000000010000cf4 A=0x7fffffffea30  flags=(IsInteger|IsLoad)
1837250: global: Decode: Decoded mtlr instruction: 0x7c0803a6
1837250: system.cpu: A0 T0 : 0x10000984 @main+64    : mtlr       r0              : IntAlu :  D=0x0000000010000cf4  flags=(IsInteger)
1837500: global: Decode: Decoded ld instruction: 0xebe1fff8
1837500: system.cpu: A0 T0 : 0x10000988 @main+68    : ld         r31, -8(r1)     : MemRead :  D=0x00000000100ab248 A=0x7fffffffea18  flags=(IsInteger|IsLoad)
1837750: global: Decode: Decoded bclr instruction: 0x4e800020
1837750: system.cpu: A0 T0 : 0x1000098c @main+72    : bclr       0, 20           : IntAlu :  D=0x0000000000000000  flags=(IsInteger|IsControl|IsIndirectControl|IsCondControl|IsReturn)
1838000: global: Decode: Decoded ld instruction: 0xe8410028
1838000: system.cpu: A0 T0 : 0x10000cf4 @generic_start_main+852    : ld         r2, 40(r1)      : MemRead :  D=0x00000000100b7d00 A=0x7fffffffea48  flags=(IsInteger|IsLoad)
1838250: global: Decode: Decoded b instruction: 0x48007629
1838250: system.cpu: A0 T0 : 0x10000cf8 @generic_start_main+856    : bl         exit            : IntAlu :  D=0x0000000010000cfc  flags=(IsInteger|IsControl|IsDirectControl|IsUncondControl)
1838500: global: Decode: Decoded mflr instruction: 0x7c0802a6
1838500: system.cpu: A0 T0 : 0x10008320 @exit    : mflr       r0              : IntAlu :  D=0x0000000010000cfc  flags=(IsInteger)
1838750: global: Decode: Decoded ori instruction: 0x60000000
1838750: system.cpu: A0 T0 : 0x10008324 @exit+4    : nop                        : IntAlu :  D=0x0000000010000cfc  flags=(IsInteger)
1839000: global: Decode: Decoded addi instruction: 0x38828410
1839000: system.cpu: A0 T0 : 0x10008328 @exit+8    : subi       r4, r2, 31728   : IntAlu :  D=0x00000000100b0110  flags=(IsInteger)
1839250: global: Decode: Decoded addi instruction: 0x38c00001
1839250: system.cpu: A0 T0 : 0x1000832c @exit+12    : li         r6, 1           : IntAlu :  D=0x0000000000000001  flags=(IsInteger)
1839500: global: Decode: Decoded addi instruction: 0x38a00001
1839500: system.cpu: A0 T0 : 0x10008330 @exit+16    : li         r5, 1           : IntAlu :  D=0x0000000000000001  flags=(IsInteger)
1839750: global: Decode: Decoded std instruction: 0xf8010010
1839750: system.cpu: A0 T0 : 0x10008334 @exit+20    : std        r0, 16(r1)      : MemWrite :  D=0x0000000010000cfc A=0x7fffffffea30  flags=(IsInteger|IsStore)
1840000: global: Decode: Decoded stdu instruction: 0xf821ff91
1840000: system.cpu: A0 T0 : 0x10008338 @exit+24    : stdu       r1, -112(r1)    : MemWrite :  D=0x00007fffffffe9b0 A=0x7fffffffe9b0  flags=(IsInteger|IsStore)
1840250: global: Decode: Decoded b instruction: 0x4bfffc65
1840250: system.cpu: A0 T0 : 0x1000833c @exit+28    : bl         __run_exit_handlers : IntAlu :  D=0x0000000010008340  flags=(IsInteger|IsControl|IsDirectControl|IsUncondControl)
1840500: global: Decode: Decoded mflr instruction: 0x7c0802a6
1840500: system.cpu: A0 T0 : 0x10007fa0 @__run_exit_handlers    : mflr       r0              : IntAlu :  D=0x0000000010008340  flags=(IsInteger)
1840750: global: Decode: Decoded ori instruction: 0x60000000
1840750: system.cpu: A0 T0 : 0x10007fa4 @__run_exit_handlers+4    : nop                        : IntAlu :  D=0x0000000010008340  flags=(IsInteger)
1841000: global: Decode: Decoded ld instruction: 0xe9228148
1841000: system.cpu: A0 T0 : 0x10007fa8 @__run_exit_handlers+8    : ld         r9, -32440(r2)  : MemRead :  D=0x0000000000000000 A=0x100afe48  flags=(IsInteger|IsLoad)
1841250: global: Decode: Decoded std instruction: 0xfae1ffb8
1841250: system.cpu: A0 T0 : 0x10007fac @__run_exit_handlers+12    : std        r23, -72(r1)    : MemWrite :  D=0x00000000100b3590 A=0x7fffffffe968  flags=(IsInteger|IsStore)
1841500: global: Decode: Decoded or instruction: 0x7cb72b78
1841500: system.cpu: A0 T0 : 0x10007fb0 @__run_exit_handlers+16    : mr         r23, r5         : IntAlu :  D=0x0000000000000001  flags=(IsInteger)
1841750: global: Decode: Decoded std instruction: 0xfb01ffc0
1841750: system.cpu: A0 T0 : 0x10007fb4 @__run_exit_handlers+20    : std        r24, -64(r1)    : MemWrite :  D=0x00000000100b2b60 A=0x7fffffffe970  flags=(IsInteger|IsStore)
1842000: global: Decode: Decoded std instruction: 0xfb41ffd0
1842000: system.cpu: A0 T0 : 0x10007fb8 @__run_exit_handlers+24    : std        r26, -48(r1)    : MemWrite :  D=0x0000000000000000 A=0x7fffffffe980  flags=(IsInteger|IsStore)
1842250: global: Decode: Decoded or instruction: 0x7c982378
1842250: system.cpu: A0 T0 : 0x10007fbc @__run_exit_handlers+28    : mr         r24, r4         : IntAlu :  D=0x00000000100b0110  flags=(IsInteger)
1842500: global: Decode: Decoded or instruction: 0x7c7a1b78
1842500: system.cpu: A0 T0 : 0x10007fc0 @__run_exit_handlers+32    : mr         r26, r3         : IntAlu :  D=0x0000000000000000  flags=(IsInteger)
1842750: global: Decode: Decoded std instruction: 0xfaa1ffa8
1842750: system.cpu: A0 T0 : 0x10007fc4 @__run_exit_handlers+36    : std        r21, -88(r1)    : MemWrite :  D=0x0000000000000000 A=0x7fffffffe958  flags=(IsInteger|IsStore)
1843000: global: Decode: Decoded std instruction: 0xfac1ffb0
1843000: system.cpu: A0 T0 : 0x10007fc8 @__run_exit_handlers+40    : std        r22, -80(r1)    : MemWrite :  D=0x0000000000000000 A=0x7fffffffe960  flags=(IsInteger|IsStore)
1843250: global: Decode: Decoded std instruction: 0xfb21ffc8
1843250: system.cpu: A0 T0 : 0x10007fcc @__run_exit_handlers+44    : std        r25, -56(r1)    : MemWrite :  D=0x00000000100b2b70 A=0x7fffffffe978  flags=(IsInteger|IsStore)
1843500: global: Decode: Decoded std instruction: 0xfb61ffd8
1843500: system.cpu: A0 T0 : 0x10007fd0 @__run_exit_handlers+48    : std        r27, -40(r1)    : MemWrite :  D=0x00000000100b00d8 A=0x7fffffffe988  flags=(IsInteger|IsStore)
1843750: global: Decode: Decoded cmpi instruction: 0x2fa90000
1843750: system.cpu: A0 T0 : 0x10007fd4 @__run_exit_handlers+52    : cmpdi      cr7, r9, 0      : IntAlu :  D=0x0000000028000282  flags=(IsInteger)
1844000: global: Decode: Decoded std instruction: 0xfb81ffe0
1844000: system.cpu: A0 T0 : 0x10007fd8 @__run_exit_handlers+56    : std        r28, -32(r1)    : MemWrite :  D=0x0000000010000268 A=0x7fffffffe990  flags=(IsInteger|IsStore)
1844250: global: Decode: Decoded std instruction: 0xfba1ffe8
1844250: system.cpu: A0 T0 : 0x10007fdc @__run_exit_handlers+60    : std        r29, -24(r1)    : MemWrite :  D=0x0000000000000000 A=0x7fffffffe998  flags=(IsInteger|IsStore)
1844500: global: Decode: Decoded std instruction: 0xf8010010
1844500: system.cpu: A0 T0 : 0x10007fe0 @__run_exit_handlers+64    : std        r0, 16(r1)      : MemWrite :  D=0x0000000010008340 A=0x7fffffffe9c0  flags=(IsInteger|IsStore)
1844750: global: Decode: Decoded std instruction: 0xfbc1fff0
1844750: system.cpu: A0 T0 : 0x10007fe4 @__run_exit_handlers+68    : std        r30, -16(r1)    : MemWrite :  D=0x00000000100ab260 A=0x7fffffffe9a0  flags=(IsInteger|IsStore)
1845000: global: Decode: Decoded std instruction: 0xfbe1fff8
1845000: system.cpu: A0 T0 : 0x10007fe8 @__run_exit_handlers+72    : std        r31, -8(r1)     : MemWrite :  D=0x00000000100ab248 A=0x7fffffffe9a8  flags=(IsInteger|IsStore)
1845250: global: Decode: Decoded stdu instruction: 0xf821ff31
1845250: system.cpu: A0 T0 : 0x10007fec @__run_exit_handlers+76    : stdu       r1, -208(r1)    : MemWrite :  D=0x00007fffffffe8e0 A=0x7fffffffe8e0  flags=(IsInteger|IsStore)
1845500: global: Decode: Decoded std instruction: 0xf8410028
1845500: system.cpu: A0 T0 : 0x10007ff0 @__run_exit_handlers+80    : std        r2, 40(r1)      : MemWrite :  D=0x00000000100b7d00 A=0x7fffffffe908  flags=(IsInteger|IsStore)
1845750: global: Decode: Decoded bc instruction: 0x419e000c
1845750: system.cpu: A0 T0 : 0x10007ff4 @__run_exit_handlers+84    : bc         30, 12, 0x10008000 : IntAlu :  D=0x0000000000000000  flags=(IsInteger|IsControl|IsDirectControl|IsCondControl)
1846000: global: Decode: Decoded ori instruction: 0x60000000
1846000: system.cpu: A0 T0 : 0x10008000 @__run_exit_handlers+96    : nop                        : IntAlu :  D=0x0000000010008340  flags=(IsInteger)
1846250: global: Decode: Decoded addi instruction: 0x3bc2b808
1846250: system.cpu: A0 T0 : 0x10008004 @__run_exit_handlers+100    : subi       r30, r2, 18424  : IntAlu :  D=0x00000000100b3508  flags=(IsInteger)
1846500: global: Decode: Decoded addi instruction: 0x3b800000
1846500: system.cpu: A0 T0 : 0x10008008 @__run_exit_handlers+104    : li         r28, 0          : IntAlu :  D=0x0000000000000000  flags=(IsInteger)
1846750: global: Decode: Decoded addi instruction: 0x3b600001
1846750: system.cpu: A0 T0 : 0x1000800c @__run_exit_handlers+108    : li         r27, 1          : IntAlu :  D=0x0000000000000001  flags=(IsInteger)
1847000: global: Decode: Decoded addi instruction: 0x3b200000
1847000: system.cpu: A0 T0 : 0x10008010 @__run_exit_handlers+112    : li         r25, 0          : IntAlu :  D=0x0000000000000000  flags=(IsInteger)
1847250: global: Decode: Decoded ori instruction: 0x60000000
1847250: system.cpu: A0 T0 : 0x10008014 @__run_exit_handlers+116    : nop                        : IntAlu :  D=0x0000000010008340  flags=(IsInteger)
1847500: global: Decode: Decoded ori instruction: 0x60000000
1847500: system.cpu: A0 T0 : 0x10008018 @__run_exit_handlers+120    : nop                        : IntAlu :  D=0x0000000010008340  flags=(IsInteger)
1847750: global: Decode: Decoded ori instruction: 0x60000000
1847750: system.cpu: A0 T0 : 0x1000801c @__run_exit_handlers+124    : nop                        : IntAlu :  D=0x0000000010008340  flags=(IsInteger)
1848000: global: Decode: Decoded or instruction: 0x7f8ae378
1848000: system.cpu: A0 T0 : 0x10008020 @__run_exit_handlers+128    : mr         r10, r28        : IntAlu :  D=0x0000000000000000  flags=(IsInteger)
1848250: global: Decode: Decoded rldicl instruction: 0x794a0020
1848250: system.cpu: A0 T0 : 0x10008024 @__run_exit_handlers+132    : clrldi     r10, r10, 32    : IntAlu :  D=0x0000000000000000  flags=(IsInteger)
1848500: global: Decode: Decoded lwarx instruction: 0x7d20f028
1848500: system.cpu: A0 T0 : 0x10008028 @__run_exit_handlers+136    : lwarx      r41, 0, r30     : MemRead :  D=0x00000000100b3508 A=0x100b3508  flags=(IsInteger|IsLoad)
1848750: global: Decode: Decoded subf instruction: 0x7d2a4851
1848750: system.cpu: A0 T0 : 0x1000802c @__run_exit_handlers+140    : subf.      r9, r10, r9     : IntAlu :  D=0x0000000028000282  flags=(IsInteger)
1849000: global: Decode: Decoded bc instruction: 0x4082000c
1849000: system.cpu: A0 T0 : 0x10008030 @__run_exit_handlers+144    : bc         2, 4, 0x1000803c : IntAlu :  D=0x0000000000000000  flags=(IsInteger|IsControl|IsDirectControl|IsCondControl)
1849250: global: Decode: Decoded stwcx instruction: 0x7f60f12d
1849250: system.cpu: A0 T0 : 0x10008034 @__run_exit_handlers+148    : stwcx      r27, r30, r39   : MemWrite :  D=0x0000000028000282 A=0x100b3508  flags=(IsInteger|IsStore)
1849500: global: Decode: Decoded bc instruction: 0x40c2fff0
1849500: system.cpu: A0 T0 : 0x10008038 @__run_exit_handlers+152    : bc         2, 6, 0x10008028 : IntAlu :  D=0x0000000000000000  flags=(IsInteger|IsControl|IsDirectControl|IsCondControl)
1849750: global: Decode: Decoded isync instruction: 0x4c00012c
1849750: system.cpu: A0 T0 : 0x1000803c @__run_exit_handlers+156    : isync                      : IntAlu :   flags=(IsSerializeAfter)
1850000: global: Decode: Decoded cmpi instruction: 0x2f890000
1850000: system.cpu: A0 T0 : 0x10008040 @__run_exit_handlers+160    : cmpwi      cr7, r9, 0      : IntAlu :  D=0x0000000028000282  flags=(IsInteger)
1850250: global: Decode: Decoded bc instruction: 0x409e028c
1850250: system.cpu: A0 T0 : 0x10008044 @__run_exit_handlers+164    : bc         30, 4, 0x100082d0 : IntAlu :  D=0x0000000000000000  flags=(IsInteger|IsControl|IsDirectControl|IsCondControl)
1850500: global: Decode: Decoded ld instruction: 0xebb80000
1850500: system.cpu: A0 T0 : 0x10008048 @__run_exit_handlers+168    : ld         r29, 0(r24)     : MemRead :  D=0x00000000100b2680 A=0x100b0110  flags=(IsInteger|IsLoad)
1850750: global: Decode: Decoded cmpi instruction: 0x2fbd0000
1850750: system.cpu: A0 T0 : 0x1000804c @__run_exit_handlers+172    : cmpdi      cr7, r29, 0     : IntAlu :  D=0x0000000028000284  flags=(IsInteger)
1851000: global: Decode: Decoded bc instruction: 0x409e004c
1851000: system.cpu: A0 T0 : 0x10008050 @__run_exit_handlers+176    : bc         30, 4, 0x1000809c : IntAlu :  D=0x0000000000000000  flags=(IsInteger|IsControl|IsDirectControl|IsCondControl)
1851250: global: Decode: Decoded ld instruction: 0xebfd0008
1851250: system.cpu: A0 T0 : 0x1000809c @__run_exit_handlers+252    : ld         r31, 8(r29)     : MemRead :  D=0x0000000000000001 A=0x100b2688  flags=(IsInteger|IsLoad)
1851500: global: Decode: Decoded cmpi instruction: 0x2fbf0000
1851500: system.cpu: A0 T0 : 0x100080a0 @__run_exit_handlers+256    : cmpdi      cr7, r31, 0     : IntAlu :  D=0x0000000028000284  flags=(IsInteger)
1851750: global: Decode: Decoded bc instruction: 0x419e013c
1851750: system.cpu: A0 T0 : 0x100080a4 @__run_exit_handlers+260    : bc         30, 12, 0x100081e0 : IntAlu :  D=0x0000000000000000  flags=(IsInteger|IsControl|IsDirectControl|IsCondControl)
1852000: global: Decode: Decoded ori instruction: 0x60000000
1852000: system.cpu: A0 T0 : 0x100080a8 @__run_exit_handlers+264    : nop                        : IntAlu :  D=0x0000000010008340  flags=(IsInteger)
1852250: global: Decode: Decoded addi instruction: 0x3ac2b810
1852250: system.cpu: A0 T0 : 0x100080ac @__run_exit_handlers+268    : subi       r22, r2, 18416  : IntAlu :  D=0x00000000100b3510  flags=(IsInteger)
1852500: global: Decode: Decoded addi instruction: 0x3bffffff
1852500: system.cpu: A0 T0 : 0x100080b0 @__run_exit_handlers+272    : subi       r31, r31, 1     : IntAlu :  D=0x0000000000000000  flags=(IsInteger)
1852750: global: Decode: Decoded std instruction: 0xfbfd0008
1852750: system.cpu: A0 T0 : 0x100080b4 @__run_exit_handlers+276    : std        r31, 8(r29)     : MemWrite :  D=0x0000000000000000 A=0x100b2688  flags=(IsInteger|IsStore)
1853000: global: Decode: Decoded ld instruction: 0xeab60000
1853000: system.cpu: A0 T0 : 0x100080b8 @__run_exit_handlers+280    : ld         r21, 0(r22)     : MemRead :  D=0x0000000000000001 A=0x100b3510  flags=(IsInteger|IsLoad)
1853250: global: Decode: Decoded sync instruction: 0x7c2004ac
1853250: system.cpu: A0 T0 : 0x100080bc @__run_exit_handlers+284    : synco                      : IntAlu :   flags=(IsWriteBarrier|IsReadBarrier)
1853500: global: Decode: Decoded lwarx instruction: 0x7d20f028
1853500: system.cpu: A0 T0 : 0x100080c0 @__run_exit_handlers+288    : lwarx      r41, 0, r30     : MemRead :  D=0x00000000100b3508 A=0x100b3508  flags=(IsInteger|IsLoad)
1853750: global: Decode: Decoded stwcx instruction: 0x7f80f12d
1853750: system.cpu: A0 T0 : 0x100080c4 @__run_exit_handlers+292    : stwcx      r28, r30, r39   : MemWrite :  D=0x0000000028000284 A=0x100b3508  flags=(IsInteger|IsStore)
1854000: global: Decode: Decoded bc instruction: 0x40c2fff8
1854000: system.cpu: A0 T0 : 0x100080c8 @__run_exit_handlers+296    : bc         2, 6, 0x100080c0 : IntAlu :  D=0x0000000000000000  flags=(IsInteger|IsControl|IsDirectControl|IsCondControl)
1854250: global: Decode: Decoded cmpi instruction: 0x2f890001
1854250: system.cpu: A0 T0 : 0x100080cc @__run_exit_handlers+300    : cmpwi      cr7, r9, 1      : IntAlu :  D=0x0000000028000282  flags=(IsInteger)
1854500: global: Decode: Decoded bc instruction: 0x419d00f0
1854500: system.cpu: A0 T0 : 0x100080d0 @__run_exit_handlers+304    : bc         29, 12, 0x100081c0 : IntAlu :  D=0x0000000000000000  flags=(IsInteger|IsControl|IsDirectControl|IsCondControl)
1854750: global: Decode: Decoded rldicr instruction: 0x7be92ea4
1854750: system.cpu: A0 T0 : 0x100080d4 @__run_exit_handlers+308    : rldicr     r9, r31, 5, 58  : IntAlu :  D=0x0000000000000000  flags=(IsInteger)
1855000: global: Decode: Decoded add instruction: 0x7d3d4a14
1855000: system.cpu: A0 T0 : 0x100080d8 @__run_exit_handlers+312    : add        r9, r29, r9     : IntAlu :  D=0x00000000100b2680  flags=(IsInteger)
1855250: global: Decode: Decoded ld instruction: 0xe9490010
1855250: system.cpu: A0 T0 : 0x100080dc @__run_exit_handlers+316    : ld         r10, 16(r9)     : MemRead :  D=0x0000000000000004 A=0x100b2690  flags=(IsInteger|IsLoad)
1855500: global: Decode: Decoded cmpi instruction: 0x2faa0003
1855500: system.cpu: A0 T0 : 0x100080e0 @__run_exit_handlers+320    : cmpdi      cr7, r10, 3     : IntAlu :  D=0x0000000028000284  flags=(IsInteger)
1855750: global: Decode: Decoded bc instruction: 0x419e007c
1855750: system.cpu: A0 T0 : 0x100080e4 @__run_exit_handlers+324    : bc         30, 12, 0x10008160 : IntAlu :  D=0x0000000000000000  flags=(IsInteger|IsControl|IsDirectControl|IsCondControl)
1856000: global: Decode: Decoded cmpi instruction: 0x2faa0004
1856000: system.cpu: A0 T0 : 0x100080e8 @__run_exit_handlers+328    : cmpdi      cr7, r10, 4     : IntAlu :  D=0x0000000028000282  flags=(IsInteger)
1856250: global: Decode: Decoded bc instruction: 0x409eff74
1856250: system.cpu: A0 T0 : 0x100080ec @__run_exit_handlers+332    : bc         30, 4, 0x10008060 : IntAlu :  D=0x0000000000000000  flags=(IsInteger|IsControl|IsDirectControl|IsCondControl)
1856500: global: Decode: Decoded std instruction: 0xfb290010
1856500: system.cpu: A0 T0 : 0x100080f0 @__run_exit_handlers+336    : std        r25, 16(r9)     : MemWrite :  D=0x0000000000000000 A=0x100b2690  flags=(IsInteger|IsStore)
1856750: global: Decode: Decoded ld instruction: 0xe9490018
1856750: system.cpu: A0 T0 : 0x100080f4 @__run_exit_handlers+340    : ld         r10, 24(r9)     : MemRead :  D=0x73742d706265d513 A=0x100b2698  flags=(IsInteger|IsLoad)
1857000: global: Decode: Decoded ld instruction: 0xe90d8fe8
1857000: system.cpu: A0 T0 : 0x100080f8 @__run_exit_handlers+344    : ld         r8, -28696(r13) : MemRead :  D=0x73742d70726f6773 A=0x100b4758  flags=(IsInteger|IsLoad)
1857250: global: Decode: Decoded or instruction: 0x7f44d378
1857250: system.cpu: A0 T0 : 0x100080fc @__run_exit_handlers+348    : mr         r4, r26         : IntAlu :  D=0x0000000000000000  flags=(IsInteger)
1857500: global: Decode: Decoded ld instruction: 0xe8690020
1857500: system.cpu: A0 T0 : 0x10008100 @__run_exit_handlers+352    : ld         r3, 32(r9)      : MemRead :  D=0x0000000000000000 A=0x100b26a0  flags=(IsInteger|IsLoad)
1857750: global: Decode: Decoded xor instruction: 0x7d4a4278
1857750: system.cpu: A0 T0 : 0x10008104 @__run_exit_handlers+356    : xor        r10, r10, r8    : IntAlu :  D=0x00000000100ab260  flags=(IsInteger)
1858000: global: Decode: Decoded ld instruction: 0xe92a0000
1858000: system.cpu: A0 T0 : 0x10008108 @__run_exit_handlers+360    : ld         r9, 0(r10)      : MemRead :  D=0x00000000100015b0 A=0x100ab260  flags=(IsInteger|IsLoad)
1858250: global: Decode: Decoded ld instruction: 0xe96a0010
1858250: system.cpu: A0 T0 : 0x1000810c @__run_exit_handlers+364    : ld         r11, 16(r10)    : MemRead :  D=0x0000000000000000 A=0x100ab270  flags=(IsInteger|IsLoad)
1858500: global: Decode: Decoded mtctr instruction: 0x7d2903a6
1858500: system.cpu: A0 T0 : 0x10008110 @__run_exit_handlers+368    : mtctr      r9              : IntAlu :  D=0x00000000100015b0  flags=(IsInteger)
1858750: global: Decode: Decoded ld instruction: 0xe84a0008
1858750: system.cpu: A0 T0 : 0x10008114 @__run_exit_handlers+372    : ld         r2, 8(r10)      : MemRead :  D=0x00000000100b7d00 A=0x100ab268  flags=(IsInteger|IsLoad)
1859000: global: Decode: Decoded bcctr instruction: 0x4e800421
1859000: system.cpu: A0 T0 : 0x10008118 @__run_exit_handlers+376    : bcctrl     0, 20           : IntAlu :  D=0x000000001000811c  flags=(IsInteger|IsControl|IsIndirectControl|IsCondControl|IsCall)
1859250: global: Decode: Decoded mflr instruction: 0x7c0802a6
1859250: system.cpu: A0 T0 : 0x100015b0 @__libc_csu_fini    : mflr       r0              : IntAlu :  D=0x000000001000811c  flags=(IsInteger)
1859500: global: Decode: Decoded std instruction: 0xfbc1fff0
1859500: system.cpu: A0 T0 : 0x100015b4 @__libc_csu_fini+4    : std        r30, -16(r1)    : MemWrite :  D=0x00000000100b3508 A=0x7fffffffe8d0  flags=(IsInteger|IsStore)
1859750: global: Decode: Decoded std instruction: 0xfbe1fff8
1859750: system.cpu: A0 T0 : 0x100015b8 @__libc_csu_fini+8    : std        r31, -8(r1)     : MemWrite :  D=0x0000000000000000 A=0x7fffffffe8d8  flags=(IsInteger|IsStore)
1860000: global: Decode: Decoded addis instruction: 0x3fc2ffff
1860000: system.cpu: A0 T0 : 0x100015bc @__libc_csu_fini+12    : subis      r30, r2, 1      : IntAlu :  D=0x00000000100a7d00  flags=(IsInteger)
1860250: global: Decode: Decoded addi instruction: 0x3bde1bb0
1860250: system.cpu: A0 T0 : 0x100015c0 @__libc_csu_fini+16    : addi       r30, r30, 7088  : IntAlu :  D=0x00000000100a98b0  flags=(IsInteger)
1860500: global: Decode: Decoded addis instruction: 0x3fe2ffff
1860500: system.cpu: A0 T0 : 0x100015c4 @__libc_csu_fini+20    : subis      r31, r2, 1      : IntAlu :  D=0x00000000100a7d00  flags=(IsInteger)
1860750: global: Decode: Decoded addi instruction: 0x3bff1ba8
1860750: system.cpu: A0 T0 : 0x100015c8 @__libc_csu_fini+24    : addi       r31, r31, 7080  : IntAlu :  D=0x00000000100a98a8  flags=(IsInteger)
1861000: global: Decode: Decoded subf instruction: 0x7ffff050
1861000: system.cpu: A0 T0 : 0x100015cc @__libc_csu_fini+28    : subf       r31, r31, r30   : IntAlu :  D=0x0000000000000008  flags=(IsInteger)
1861250: global: Decode: Decoded std instruction: 0xf8010010
1861250: system.cpu: A0 T0 : 0x100015d0 @__libc_csu_fini+32    : std        r0, 16(r1)      : MemWrite :  D=0x000000001000811c A=0x7fffffffe8f0  flags=(IsInteger|IsStore)
1861500: global: Decode: Decoded sradi instruction: 0x7fff1e74
1861500: system.cpu: A0 T0 : 0x100015d4 @__libc_csu_fini+36    : sradi      r31, r31, 3     : IntAlu :  D=0x0000000000000000  flags=(IsInteger)
1861750: global: Decode: Decoded stdu instruction: 0xf821ff81
1861750: system.cpu: A0 T0 : 0x100015d8 @__libc_csu_fini+40    : stdu       r1, -128(r1)    : MemWrite :  D=0x00007fffffffe860 A=0x7fffffffe860  flags=(IsInteger|IsStore)
1862000: global: Decode: Decoded cmpi instruction: 0x2fbf0000
1862000: system.cpu: A0 T0 : 0x100015dc @__libc_csu_fini+44    : cmpdi      cr7, r31, 0     : IntAlu :  D=0x0000000028000284  flags=(IsInteger)
1862250: global: Decode: Decoded std instruction: 0xf8410028
1862250: system.cpu: A0 T0 : 0x100015e0 @__libc_csu_fini+48    : std        r2, 40(r1)      : MemWrite :  D=0x00000000100b7d00 A=0x7fffffffe888  flags=(IsInteger|IsStore)
1862500: global: Decode: Decoded bc instruction: 0x419e0044
1862500: system.cpu: A0 T0 : 0x100015e4 @__libc_csu_fini+52    : bc         30, 12, 0x10001628 : IntAlu :  D=0x00000000100015b0  flags=(IsInteger|IsControl|IsDirectControl|IsCondControl)
1862750: global: Decode: Decoded addi instruction: 0x3bffffff
1862750: system.cpu: A0 T0 : 0x100015e8 @__libc_csu_fini+56    : subi       r31, r31, 1     : IntAlu :  D=0x0000000000000000  flags=(IsInteger)
1863000: global: Decode: Decoded b instruction: 0x48000014
1863000: system.cpu: A0 T0 : 0x100015ec @__libc_csu_fini+60    : b          0x10001600      : IntAlu :   flags=(IsControl|IsDirectControl|IsUncondControl)
1863250: global: Decode: Decoded ldu instruction: 0xe93efff9
1863250: system.cpu: A0 T0 : 0x10001600 @__libc_csu_fini+80    : ldu        r9, -8(r30)     : MemRead :  D=0x00000000100af010 A=0x100a98a8  flags=(IsInteger|IsLoad)
1863500: global: Decode: Decoded addi instruction: 0x3bffffff
1863500: system.cpu: A0 T0 : 0x10001604 @__libc_csu_fini+84    : subi       r31, r31, 1     : IntAlu :  D=0xffffffffffffffff  flags=(IsInteger)
1863750: global: Decode: Decoded ld instruction: 0xe9490000
1863750: system.cpu: A0 T0 : 0x10001608 @__libc_csu_fini+88    : ld         r10, 0(r9)      : MemRead :  D=0x00000000100006d0 A=0x100af010  flags=(IsInteger|IsLoad)
1864000: global: Decode: Decoded ld instruction: 0xe9690010
1864000: system.cpu: A0 T0 : 0x1000160c @__libc_csu_fini+92    : ld         r11, 16(r9)     : MemRead :  D=0x0000000000000000 A=0x100af020  flags=(IsInteger|IsLoad)
1864250: global: Decode: Decoded mtctr instruction: 0x7d4903a6
1864250: system.cpu: A0 T0 : 0x10001610 @__libc_csu_fini+96    : mtctr      r10             : IntAlu :  D=0x00000000100006d0  flags=(IsInteger)
1864500: global: Decode: Decoded ld instruction: 0xe8490008
1864500: system.cpu: A0 T0 : 0x10001614 @__libc_csu_fini+100    : ld         r2, 8(r9)       : MemRead :  D=0x00000000100b7d00 A=0x100af018  flags=(IsInteger|IsLoad)
1864750: global: Decode: Decoded bcctr instruction: 0x4e800421
1864750: system.cpu: A0 T0 : 0x10001618 @__libc_csu_fini+104    : bcctrl     0, 20           : IntAlu :  D=0x000000001000161c  flags=(IsInteger|IsControl|IsIndirectControl|IsCondControl|IsCall)
1865000: global: Decode: Decoded ori instruction: 0x60000000
1865000: system.cpu: A0 T0 : 0x100006d0 @fini    : nop                        : IntAlu :  D=0x000000001000811c  flags=(IsInteger)
1865250: global: Decode: Decoded addi instruction: 0x3862b078
1865250: system.cpu: A0 T0 : 0x100006d4 @fini+4    : subi       r3, r2, 20360   : IntAlu :  D=0x00000000100b2d78  flags=(IsInteger)
1865500: global: Decode: Decoded b instruction: 0x4805e0c8
1865500: system.cpu: A0 T0 : 0x100006d8 @fini+8    : b          check_free.isra.0 : IntAlu :   flags=(IsControl|IsDirectControl|IsUncondControl)
1865750: global: Decode: Decoded std instruction: 0xfbc1fff0
1865750: system.cpu: A0 T0 : 0x1005e7a0 @check_free.isra.0    : std        r30, -16(r1)    : MemWrite :  D=0x00000000100a98a8 A=0x7fffffffe850  flags=(IsInteger|IsStore)
1866000: global: Decode: Decoded ld instruction: 0xebc30000
1866000: system.cpu: A0 T0 : 0x1005e7a4 @check_free.isra.0+4    : ld         r30, 0(r3)      : MemRead :  D=0x0000000000000000 A=0x100b2d78  flags=(IsInteger|IsLoad)
1866250: global: Decode: Decoded stdu instruction: 0xf821ff81
1866250: system.cpu: A0 T0 : 0x1005e7a8 @check_free.isra.0+8    : stdu       r1, -128(r1)    : MemWrite :  D=0x00007fffffffe7e0 A=0x7fffffffe7e0  flags=(IsInteger|IsStore)
1866500: global: Decode: Decoded cmpi instruction: 0x2fbe0000
1866500: system.cpu: A0 T0 : 0x1005e7ac @check_free.isra.0+12    : cmpdi      cr7, r30, 0     : IntAlu :  D=0x0000000028000282  flags=(IsInteger)
1866750: global: Decode: Decoded bc instruction: 0x419e003c
1866750: system.cpu: A0 T0 : 0x1005e7b0 @check_free.isra.0+16    : bc         30, 12, 0x1005e7ec : IntAlu :  D=0x00000000100006d0  flags=(IsInteger|IsControl|IsDirectControl|IsCondControl)
1867000: global: Decode: Decoded addi instruction: 0x38210080
1867000: system.cpu: A0 T0 : 0x1005e7ec @check_free.isra.0+76    : addi       r1, r1, 128     : IntAlu :  D=0x00007fffffffe860  flags=(IsInteger)
1867250: global: Decode: Decoded ld instruction: 0xebc1fff0
1867250: system.cpu: A0 T0 : 0x1005e7f0 @check_free.isra.0+80    : ld         r30, -16(r1)    : MemRead :  D=0x00000000100a98a8 A=0x7fffffffe850  flags=(IsInteger|IsLoad)
1867500: global: Decode: Decoded bclr instruction: 0x4e800020
1867500: system.cpu: A0 T0 : 0x1005e7f4 @check_free.isra.0+84    : bclr       0, 20           : IntAlu :  D=0x00000000100006d0  flags=(IsInteger|IsControl|IsIndirectControl|IsCondControl|IsReturn)
1867750: global: Decode: Decoded ld instruction: 0xe8410028
1867750: system.cpu: A0 T0 : 0x1000161c @__libc_csu_fini+108    : ld         r2, 40(r1)      : MemRead :  D=0x00000000100b7d00 A=0x7fffffffe888  flags=(IsInteger|IsLoad)
1868000: global: Decode: Decoded cmpi instruction: 0x2fbfffff
1868000: system.cpu: A0 T0 : 0x10001620 @__libc_csu_fini+112    : cmpdi      cr7, r31, -1    : IntAlu :  D=0x0000000028000282  flags=(IsInteger)
1868250: global: Decode: Decoded bc instruction: 0x409effdc
1868250: system.cpu: A0 T0 : 0x10001624 @__libc_csu_fini+116    : bc         30, 4, 0x10001600 : IntAlu :  D=0x00000000100006d0  flags=(IsInteger|IsControl|IsDirectControl|IsCondControl)
1868500: global: Decode: Decoded b instruction: 0x4806c435
1868500: system.cpu: A0 T0 : 0x10001628 @__libc_csu_fini+120    : bl         _fini           : IntAlu :  D=0x000000001000162c  flags=(IsInteger|IsControl|IsDirectControl|IsUncondControl)
1868750: global: Decode: Decoded mflr instruction: 0x7c0802a6
1868750: system.cpu: A0 T0 : 0x1006da5c @_fini    : mflr       r0              : IntAlu :  D=0x000000001000162c  flags=(IsInteger)
1869000: global: Decode: Decoded std instruction: 0xf8010010
1869000: system.cpu: A0 T0 : 0x1006da60 @_fini+4    : std        r0, 16(r1)      : MemWrite :  D=0x000000001000162c A=0x7fffffffe870  flags=(IsInteger|IsStore)
1869250: global: Decode: Decoded stdu instruction: 0xf821ff91
1869250: system.cpu: A0 T0 : 0x1006da64 @_fini+8    : stdu       r1, -112(r1)    : MemWrite :  D=0x00007fffffffe7f0 A=0x7fffffffe7f0  flags=(IsInteger|IsStore)
1869500: global: Decode: Decoded b instruction: 0x4bf92d99
1869500: system.cpu: A0 T0 : 0x1006da68 @_fini+12    : bl         __do_global_dtors_aux : IntAlu :  D=0x000000001006da6c  flags=(IsInteger|IsControl|IsDirectControl|IsUncondControl)
1869750: global: Decode: Decoded ori instruction: 0x60000000
1869750: system.cpu: A0 T0 : 0x10000800 @__do_global_dtors_aux    : nop                        : IntAlu :  D=0x000000001000162c  flags=(IsInteger)
1870000: global: Decode: Decoded lbz instruction: 0x8922a3d0
1870000: system.cpu: A0 T0 : 0x10000804 @__do_global_dtors_aux+4    : lbz        r9, -23600(r2)  : MemRead :  D=0x0000000000000000 A=0x100b20d0  flags=(IsInteger|IsLoad)
1870250: global: Decode: Decoded cmpi instruction: 0x2f890000
1870250: system.cpu: A0 T0 : 0x10000808 @__do_global_dtors_aux+8    : cmpwi      cr7, r9, 0      : IntAlu :  D=0x0000000028000282  flags=(IsInteger)
1870500: global: Decode: Decoded bclr instruction: 0x4c9e0020
1870500: system.cpu: A0 T0 : 0x1000080c @__do_global_dtors_aux+12    : bclr       30, 4           : IntAlu :  D=0x00000000100006d0  flags=(IsInteger|IsControl|IsIndirectControl|IsCondControl|IsReturn)
1870750: global: Decode: Decoded mflr instruction: 0x7c0802a6
1870750: system.cpu: A0 T0 : 0x10000810 @__do_global_dtors_aux+16    : mflr       r0              : IntAlu :  D=0x000000001006da6c  flags=(IsInteger)
1871000: global: Decode: Decoded std instruction: 0xfbc1fff0
1871000: system.cpu: A0 T0 : 0x10000814 @__do_global_dtors_aux+20    : std        r30, -16(r1)    : MemWrite :  D=0x00000000100a98a8 A=0x7fffffffe7e0  flags=(IsInteger|IsStore)
1871250: global: Decode: Decoded addis instruction: 0x3d42ffff
1871250: system.cpu: A0 T0 : 0x10000818 @__do_global_dtors_aux+24    : subis      r10, r2, 1      : IntAlu :  D=0x00000000100a7d00  flags=(IsInteger)
1871500: global: Decode: Decoded ori instruction: 0x60000000
1871500: system.cpu: A0 T0 : 0x1000081c @__do_global_dtors_aux+28    : nop                        : IntAlu :  D=0x000000001006da6c  flags=(IsInteger)
1871750: global: Decode: Decoded ld instruction: 0xe922a3d8
1871750: system.cpu: A0 T0 : 0x10000820 @__do_global_dtors_aux+32    : ld         r9, -23592(r2)  : MemRead :  D=0x0000000000000000 A=0x100b20d8  flags=(IsInteger|IsLoad)
1872000: global: Decode: Decoded addis instruction: 0x3fc2ffff
1872000: system.cpu: A0 T0 : 0x10000824 @__do_global_dtors_aux+36    : subis      r30, r2, 1      : IntAlu :  D=0x00000000100a7d00  flags=(IsInteger)
1872250: global: Decode: Decoded addi instruction: 0x394a1bc8
1872250: system.cpu: A0 T0 : 0x10000828 @__do_global_dtors_aux+40    : addi       r10, r10, 7112  : IntAlu :  D=0x00000000100a98c8  flags=(IsInteger)
1872500: global: Decode: Decoded std instruction: 0xfba1ffe8
1872500: system.cpu: A0 T0 : 0x1000082c @__do_global_dtors_aux+44    : std        r29, -24(r1)    : MemWrite :  D=0x00000000100b2680 A=0x7fffffffe7d8  flags=(IsInteger|IsStore)
1872750: global: Decode: Decoded addi instruction: 0x3bde1bc0
1872750: system.cpu: A0 T0 : 0x10000830 @__do_global_dtors_aux+48    : addi       r30, r30, 7104  : IntAlu :  D=0x00000000100a98c0  flags=(IsInteger)
1873000: global: Decode: Decoded addis instruction: 0x3fa2ffff
1873000: system.cpu: A0 T0 : 0x10000834 @__do_global_dtors_aux+52    : subis      r29, r2, 1      : IntAlu :  D=0x00000000100a7d00  flags=(IsInteger)
1873250: global: Decode: Decoded subf instruction: 0x7fde5050
1873250: system.cpu: A0 T0 : 0x10000838 @__do_global_dtors_aux+56    : subf       r30, r30, r10   : IntAlu :  D=0x0000000000000008  flags=(IsInteger)
1873500: global: Decode: Decoded addi instruction: 0x3bbd1bc0
1873500: system.cpu: A0 T0 : 0x1000083c @__do_global_dtors_aux+60    : addi       r29, r29, 7104  : IntAlu :  D=0x00000000100a98c0  flags=(IsInteger)
1873750: global: Decode: Decoded sradi instruction: 0x7fde1e74
1873750: system.cpu: A0 T0 : 0x10000840 @__do_global_dtors_aux+64    : sradi      r30, r30, 3     : IntAlu :  D=0x0000000000000000  flags=(IsInteger)
1874000: global: Decode: Decoded std instruction: 0xf8010010
1874000: system.cpu: A0 T0 : 0x10000844 @__do_global_dtors_aux+68    : std        r0, 16(r1)      : MemWrite :  D=0x000000001006da6c A=0x7fffffffe800  flags=(IsInteger|IsStore)
1874250: global: Decode: Decoded addi instruction: 0x3bdeffff
1874250: system.cpu: A0 T0 : 0x10000848 @__do_global_dtors_aux+72    : subi       r30, r30, 1     : IntAlu :  D=0x0000000000000000  flags=(IsInteger)
1874500: global: Decode: Decoded stdu instruction: 0xf821ff71
1874500: system.cpu: A0 T0 : 0x1000084c @__do_global_dtors_aux+76    : stdu       r1, -144(r1)    : MemWrite :  D=0x00007fffffffe760 A=0x7fffffffe760  flags=(IsInteger|IsStore)
1874750: global: Decode: Decoded cmpl instruction: 0x7fa9f040
1874750: system.cpu: A0 T0 : 0x10000850 @__do_global_dtors_aux+80    : cmpld      cr7, r9, r30    : IntAlu :  D=0x0000000028000282  flags=(IsInteger)
1875000: global: Decode: Decoded std instruction: 0xf8410028
1875000: system.cpu: A0 T0 : 0x10000854 @__do_global_dtors_aux+84    : std        r2, 40(r1)      : MemWrite :  D=0x00000000100b7d00 A=0x7fffffffe788  flags=(IsInteger|IsStore)
1875250: global: Decode: Decoded bc instruction: 0x409c0050
1875250: system.cpu: A0 T0 : 0x10000858 @__do_global_dtors_aux+88    : bc         28, 4, 0x100008a8 : IntAlu :  D=0x00000000100006d0  flags=(IsInteger|IsControl|IsDirectControl|IsCondControl)
1875500: global: Decode: Decoded b instruction: 0x4bfffe89
1875500: system.cpu: A0 T0 : 0x100008a8 @__do_global_dtors_aux+168    : bl         deregister_tm_clones : IntAlu :  D=0x00000000100008ac  flags=(IsInteger|IsControl|IsDirectControl|IsUncondControl)
1875750: global: Decode: Decoded ori instruction: 0x60000000
1875750: system.cpu: A0 T0 : 0x10000730 @deregister_tm_clones    : nop                        : IntAlu :  D=0x000000001006da6c  flags=(IsInteger)
1876000: global: Decode: Decoded ori instruction: 0x60000000
1876000: system.cpu: A0 T0 : 0x10000734 @deregister_tm_clones+4    : nop                        : IntAlu :  D=0x000000001006da6c  flags=(IsInteger)
1876250: global: Decode: Decoded addi instruction: 0x38629de8
1876250: system.cpu: A0 T0 : 0x10000738 @deregister_tm_clones+8    : subi       r3, r2, 25112   : IntAlu :  D=0x00000000100b1ae8  flags=(IsInteger)
1876500: global: Decode: Decoded addi instruction: 0x39229de8
1876500: system.cpu: A0 T0 : 0x1000073c @deregister_tm_clones+12    : subi       r9, r2, 25112   : IntAlu :  D=0x00000000100b1ae8  flags=(IsInteger)
1876750: global: Decode: Decoded cmp instruction: 0x7fa91800
1876750: system.cpu: A0 T0 : 0x10000740 @deregister_tm_clones+16    : cmpd       cr7, r9, r3     : IntAlu :  D=0x0000000028000282  flags=(IsInteger)
1877000: global: Decode: Decoded bclr instruction: 0x4d9e0020
1877000: system.cpu: A0 T0 : 0x10000744 @deregister_tm_clones+20    : bclr       30, 12          : IntAlu :  D=0x00000000100006d0  flags=(IsInteger|IsControl|IsIndirectControl|IsCondControl|IsReturn)
1877250: global: Decode: Decoded addis instruction: 0x3d22ffff
1877250: system.cpu: A0 T0 : 0x100008ac @__do_global_dtors_aux+172    : subis      r9, r2, 1       : IntAlu :  D=0x00000000100a7d00  flags=(IsInteger)
1877500: global: Decode: Decoded addi instruction: 0x39297f40
1877500: system.cpu: A0 T0 : 0x100008b0 @__do_global_dtors_aux+176    : addi       r9, r9, 32576   : IntAlu :  D=0x00000000100afc40  flags=(IsInteger)
1877750: global: Decode: Decoded cmpi instruction: 0x2fa90000
1877750: system.cpu: A0 T0 : 0x100008b4 @__do_global_dtors_aux+180    : cmpdi      cr7, r9, 0      : IntAlu :  D=0x0000000028000284  flags=(IsInteger)
1878000: global: Decode: Decoded bc instruction: 0x419e0014
1878000: system.cpu: A0 T0 : 0x100008b8 @__do_global_dtors_aux+184    : bc         30, 12, 0x100008cc : IntAlu :  D=0x00000000100006d0  flags=(IsInteger|IsControl|IsDirectControl|IsCondControl)
1878250: global: Decode: Decoded addis instruction: 0x3c62fffd
1878250: system.cpu: A0 T0 : 0x100008bc @__do_global_dtors_aux+188    : subis      r3, r2, 3       : IntAlu :  D=0x0000000010087d00  flags=(IsInteger)
1878500: global: Decode: Decoded addi instruction: 0x3863ad48
1878500: system.cpu: A0 T0 : 0x100008c0 @__do_global_dtors_aux+192    : subi       r3, r3, 21176   : IntAlu :  D=0x0000000010082a48  flags=(IsInteger)
1878750: global: Decode: Decoded b instruction: 0x4806b6d5
1878750: system.cpu: A0 T0 : 0x100008c4 @__do_global_dtors_aux+196    : bl         __deregister_frame_info : IntAlu :  D=0x00000000100008c8  flags=(IsInteger|IsControl|IsDirectControl|IsUncondControl)
1879000: global: Decode: Decoded b instruction: 0x4bfffee8
1879000: system.cpu: A0 T0 : 0x1006bf98 @__deregister_frame_info    : b          __deregister_frame_info_bases : IntAlu :   flags=(IsControl|IsDirectControl|IsUncondControl)
1879250: global: Decode: Decoded mflr instruction: 0x7c0802a6
1879250: system.cpu: A0 T0 : 0x1006be80 @__deregister_frame_info_bases    : mflr       r0              : IntAlu :  D=0x00000000100008c8  flags=(IsInteger)
1879500: global: Decode: Decoded b instruction: 0x480009cd
1879500: system.cpu: A0 T0 : 0x1006be84 @__deregister_frame_info_bases+4    : bl         0x1006c850      : IntAlu :  D=0x000000001006be88  flags=(IsInteger|IsControl|IsDirectControl|IsUncondControl)
1879750: global: Decode: Decoded std instruction: 0xfb81ffe0
1879750: system.cpu: A0 T0 : 0x1006c850 @__do_global_ctors_aux+176    : std        r28, -32(r1)    : MemWrite :  D=0x0000000000000000 A=0x7fffffffe740  flags=(IsInteger|IsStore)
1880000: global: Decode: Decoded std instruction: 0xfba1ffe8
1880000: system.cpu: A0 T0 : 0x1006c854 @__do_global_ctors_aux+180    : std        r29, -24(r1)    : MemWrite :  D=0x00000000100a98c0 A=0x7fffffffe748  flags=(IsInteger|IsStore)
1880250: global: Decode: Decoded std instruction: 0xfbc1fff0
1880250: system.cpu: A0 T0 : 0x1006c858 @__do_global_ctors_aux+184    : std        r30, -16(r1)    : MemWrite :  D=0x0000000000000000 A=0x7fffffffe750  flags=(IsInteger|IsStore)
1880500: global: Decode: Decoded std instruction: 0xfbe1fff8
1880500: system.cpu: A0 T0 : 0x1006c85c @__do_global_ctors_aux+188    : std        r31, -8(r1)     : MemWrite :  D=0xffffffffffffffff A=0x7fffffffe758  flags=(IsInteger|IsStore)
1880750: global: Decode: Decoded std instruction: 0xf8010010
1880750: system.cpu: A0 T0 : 0x1006c860 @__do_global_ctors_aux+192    : std        r0, 16(r1)      : MemWrite :  D=0x00000000100008c8 A=0x7fffffffe770  flags=(IsInteger|IsStore)
1881000: global: Decode: Decoded bclr instruction: 0x4e800020
1881000: system.cpu: A0 T0 : 0x1006c864 @__do_global_ctors_aux+196    : bclr       0, 20           : IntAlu :  D=0x00000000100006d0  flags=(IsInteger|IsControl|IsIndirectControl|IsCondControl|IsReturn)
1881250: global: Decode: Decoded or instruction: 0x7c7d1b79
1881250: system.cpu: A0 T0 : 0x1006be88 @__deregister_frame_info_bases+8    : or.        r29, r3, r3     : IntAlu :  D=0x0000000048000284  flags=(IsInteger)
1881500: global: Decode: Decoded stdu instruction: 0xf821ff71
1881500: system.cpu: A0 T0 : 0x1006be8c @__deregister_frame_info_bases+12    : stdu       r1, -144(r1)    : MemWrite :  D=0x00007fffffffe6d0 A=0x7fffffffe6d0  flags=(IsInteger|IsStore)
1881750: global: Decode: Decoded bc instruction: 0x418200ec
1881750: system.cpu: A0 T0 : 0x1006be90 @__deregister_frame_info_bases+16    : bc         2, 12, 0x1006bf7c : IntAlu :  D=0x00000000100006d0  flags=(IsInteger|IsControl|IsDirectControl|IsCondControl)
1882000: global: Decode: Decoded lwz instruction: 0x813d0000
1882000: system.cpu: A0 T0 : 0x1006be94 @__deregister_frame_info_bases+20    : lwz        r9, 0(r29)      : MemRead :  D=0x0000000000000010 A=0x10082a48  flags=(IsInteger|IsLoad)
1882250: global: Decode: Decoded cmpi instruction: 0x2f890000
1882250: system.cpu: A0 T0 : 0x1006be98 @__deregister_frame_info_bases+24    : cmpwi      cr7, r9, 0      : IntAlu :  D=0x0000000048000284  flags=(IsInteger)
1882500: global: Decode: Decoded bc instruction: 0x419e00e0
1882500: system.cpu: A0 T0 : 0x1006be9c @__deregister_frame_info_bases+28    : bc         30, 12, 0x1006bf7c : IntAlu :  D=0x00000000100006d0  flags=(IsInteger|IsControl|IsDirectControl|IsCondControl)
1882750: global: Decode: Decoded ld instruction: 0xebc280c0
1882750: system.cpu: A0 T0 : 0x1006bea0 @__deregister_frame_info_bases+32    : ld         r30, -32576(r2) : MemRead :  D=0x0000000000000000 A=0x100afdc0  flags=(IsInteger|IsLoad)
1883000: global: Decode: Decoded ld instruction: 0xeb828098
1883000: system.cpu: A0 T0 : 0x1006bea4 @__deregister_frame_info_bases+36    : ld         r28, -32616(r2) : MemRead :  D=0x00000000100b2ee0 A=0x100afd98  flags=(IsInteger|IsLoad)
1883250: global: Decode: Decoded cmpi instruction: 0x2fbe0000
1883250: system.cpu: A0 T0 : 0x1006bea8 @__deregister_frame_info_bases+40    : cmpdi      cr7, r30, 0     : IntAlu :  D=0x0000000048000282  flags=(IsInteger)
1883500: global: Decode: Decoded bc instruction: 0x419e0010
1883500: system.cpu: A0 T0 : 0x1006beac @__deregister_frame_info_bases+44    : bc         30, 12, 0x1006bebc : IntAlu :  D=0x00000000100006d0  flags=(IsInteger|IsControl|IsDirectControl|IsCondControl)
1883750: global: Decode: Decoded addi instruction: 0x393c01c0
1883750: system.cpu: A0 T0 : 0x1006bebc @__deregister_frame_info_bases+60    : addi       r9, r28, 448    : IntAlu :  D=0x00000000100b30a0  flags=(IsInteger)
1884000: global: Decode: Decoded ld instruction: 0xebe90000
1884000: system.cpu: A0 T0 : 0x1006bec0 @__deregister_frame_info_bases+64    : ld         r31, 0(r9)      : MemRead :  D=0x00000000100b20e0 A=0x100b30a0  flags=(IsInteger|IsLoad)
1884250: global: Decode: Decoded cmpi instruction: 0x2fbf0000
1884250: system.cpu: A0 T0 : 0x1006bec4 @__deregister_frame_info_bases+68    : cmpdi      cr7, r31, 0     : IntAlu :  D=0x0000000048000284  flags=(IsInteger)
1884500: global: Decode: Decoded bc instruction: 0x409e0038
1884500: system.cpu: A0 T0 : 0x1006bec8 @__deregister_frame_info_bases+72    : bc         30, 4, 0x1006bf00 : IntAlu :  D=0x00000000100006d0  flags=(IsInteger|IsControl|IsDirectControl|IsCondControl)
1884750: global: Decode: Decoded ld instruction: 0xe95f0018
1884750: system.cpu: A0 T0 : 0x1006bf00 @__deregister_frame_info_bases+128    : ld         r10, 24(r31)    : MemRead :  D=0x0000000010082a48 A=0x100b20f8  flags=(IsInteger|IsLoad)
1885000: global: Decode: Decoded ld instruction: 0xe91f0028
1885000: system.cpu: A0 T0 : 0x1006bf04 @__deregister_frame_info_bases+132    : ld         r8, 40(r31)     : MemRead :  D=0x0000000000000000 A=0x100b2108  flags=(IsInteger|IsLoad)
1885250: global: Decode: Decoded cmp instruction: 0x7fbd5000
1885250: system.cpu: A0 T0 : 0x1006bf08 @__deregister_frame_info_bases+136    : cmpd       cr7, r29, r10   : IntAlu :  D=0x0000000048000282  flags=(IsInteger)
1885500: global: Decode: Decoded bc instruction: 0x409e0014
1885500: system.cpu: A0 T0 : 0x1006bf0c @__deregister_frame_info_bases+140    : bc         30, 4, 0x1006bf20 : IntAlu :  D=0x00000000100006d0  flags=(IsInteger|IsControl|IsDirectControl|IsCondControl)
1885750: global: Decode: Decoded std instruction: 0xf9090000
1885750: system.cpu: A0 T0 : 0x1006bf10 @__deregister_frame_info_bases+144    : std        r8, 0(r9)       : MemWrite :  D=0x0000000000000000 A=0x100b30a0  flags=(IsInteger|IsStore)
1886000: global: Decode: Decoded cmpi instruction: 0x2fbe0000
1886000: system.cpu: A0 T0 : 0x1006bf14 @__deregister_frame_info_bases+148    : cmpdi      cr7, r30, 0     : IntAlu :  D=0x0000000048000282  flags=(IsInteger)
1886250: global: Decode: Decoded bc instruction: 0x419e0068
1886250: system.cpu: A0 T0 : 0x1006bf18 @__deregister_frame_info_bases+152    : bc         30, 12, 0x1006bf80 : IntAlu :  D=0x00000000100006d0  flags=(IsInteger|IsControl|IsDirectControl|IsCondControl)
1886500: global: Decode: Decoded addi instruction: 0x38210090
1886500: system.cpu: A0 T0 : 0x1006bf80 @__deregister_frame_info_bases+256    : addi       r1, r1, 144     : IntAlu :  D=0x00007fffffffe760  flags=(IsInteger)
1886750: global: Decode: Decoded or instruction: 0x7fe3fb78
1886750: system.cpu: A0 T0 : 0x1006bf84 @__deregister_frame_info_bases+260    : mr         r3, r31         : IntAlu :  D=0x00000000100b20e0  flags=(IsInteger)
1887000: global: Decode: Decoded b instruction: 0x48000918
1887000: system.cpu: A0 T0 : 0x1006bf88 @__deregister_frame_info_bases+264    : b          0x1006c8a0      : IntAlu :   flags=(IsControl|IsDirectControl|IsUncondControl)
1887250: global: Decode: Decoded ld instruction: 0xeb81ffe0
1887250: system.cpu: A0 T0 : 0x1006c8a0 @__do_global_ctors_aux+256    : ld         r28, -32(r1)    : MemRead :  D=0x0000000000000000 A=0x7fffffffe740  flags=(IsInteger|IsLoad)
1887500: global: Decode: Decoded ld instruction: 0xe8010010
1887500: system.cpu: A0 T0 : 0x1006c8a4 @__do_global_ctors_aux+260    : ld         r0, 16(r1)      : MemRead :  D=0x00000000100008c8 A=0x7fffffffe770  flags=(IsInteger|IsLoad)
1887750: global: Decode: Decoded ld instruction: 0xeba1ffe8
1887750: system.cpu: A0 T0 : 0x1006c8a8 @__do_global_ctors_aux+264    : ld         r29, -24(r1)    : MemRead :  D=0x00000000100a98c0 A=0x7fffffffe748  flags=(IsInteger|IsLoad)
1888000: global: Decode: Decoded mtlr instruction: 0x7c0803a6
1888000: system.cpu: A0 T0 : 0x1006c8ac @__do_global_ctors_aux+268    : mtlr       r0              : IntAlu :  D=0x00000000100008c8  flags=(IsInteger)
1888250: global: Decode: Decoded ld instruction: 0xebc1fff0
1888250: system.cpu: A0 T0 : 0x1006c8b0 @__do_global_ctors_aux+272    : ld         r30, -16(r1)    : MemRead :  D=0x0000000000000000 A=0x7fffffffe750  flags=(IsInteger|IsLoad)
1888500: global: Decode: Decoded ld instruction: 0xebe1fff8
1888500: system.cpu: A0 T0 : 0x1006c8b4 @__do_global_ctors_aux+276    : ld         r31, -8(r1)     : MemRead :  D=0xffffffffffffffff A=0x7fffffffe758  flags=(IsInteger|IsLoad)
1888750: global: Decode: Decoded bclr instruction: 0x4e800020
1888750: system.cpu: A0 T0 : 0x1006c8b8 @__do_global_ctors_aux+280    : bclr       0, 20           : IntAlu :  D=0x00000000100006d0  flags=(IsInteger|IsControl|IsIndirectControl|IsCondControl|IsReturn)
1889000: global: Decode: Decoded ori instruction: 0x60000000
1889000: system.cpu: A0 T0 : 0x100008c8 @__do_global_dtors_aux+200    : nop                        : IntAlu :  D=0x00000000100008c8  flags=(IsInteger)
1889250: global: Decode: Decoded addi instruction: 0x38210090
1889250: system.cpu: A0 T0 : 0x100008cc @__do_global_dtors_aux+204    : addi       r1, r1, 144     : IntAlu :  D=0x00007fffffffe7f0  flags=(IsInteger)
1889500: global: Decode: Decoded addi instruction: 0x39200001
1889500: system.cpu: A0 T0 : 0x100008d0 @__do_global_dtors_aux+208    : li         r9, 1           : IntAlu :  D=0x0000000000000001  flags=(IsInteger)
1889750: global: Decode: Decoded ori instruction: 0x60000000
1889750: system.cpu: A0 T0 : 0x100008d4 @__do_global_dtors_aux+212    : nop                        : IntAlu :  D=0x00000000100008c8  flags=(IsInteger)
1890000: global: Decode: Decoded ld instruction: 0xe8010010
1890000: system.cpu: A0 T0 : 0x100008d8 @__do_global_dtors_aux+216    : ld         r0, 16(r1)      : MemRead :  D=0x000000001006da6c A=0x7fffffffe800  flags=(IsInteger|IsLoad)
1890250: global: Decode: Decoded ld instruction: 0xeba1ffe8
1890250: system.cpu: A0 T0 : 0x100008dc @__do_global_dtors_aux+220    : ld         r29, -24(r1)    : MemRead :  D=0x00000000100b2680 A=0x7fffffffe7d8  flags=(IsInteger|IsLoad)
1890500: global: Decode: Decoded ld instruction: 0xebc1fff0
1890500: system.cpu: A0 T0 : 0x100008e0 @__do_global_dtors_aux+224    : ld         r30, -16(r1)    : MemRead :  D=0x00000000100a98a8 A=0x7fffffffe7e0  flags=(IsInteger|IsLoad)
1890750: global: Decode: Decoded stb instruction: 0x9922a3d0
1890750: system.cpu: A0 T0 : 0x100008e4 @__do_global_dtors_aux+228    : stb        r9, -23600(r2)  : MemWrite :  D=0x0000000000000001 A=0x100b20d0  flags=(IsInteger|IsStore)
1891000: global: Decode: Decoded mtlr instruction: 0x7c0803a6
1891000: system.cpu: A0 T0 : 0x100008e8 @__do_global_dtors_aux+232    : mtlr       r0              : IntAlu :  D=0x000000001006da6c  flags=(IsInteger)
1891250: global: Decode: Decoded bclr instruction: 0x4e800020
1891250: system.cpu: A0 T0 : 0x100008ec @__do_global_dtors_aux+236    : bclr       0, 20           : IntAlu :  D=0x00000000100006d0  flags=(IsInteger|IsControl|IsIndirectControl|IsCondControl|IsReturn)
1891500: global: Decode: Decoded ori instruction: 0x60000000
1891500: system.cpu: A0 T0 : 0x1006da6c @_fini+16    : nop                        : IntAlu :  D=0x000000001006da6c  flags=(IsInteger)
1891750: global: Decode: Decoded addi instruction: 0x38210070
1891750: system.cpu: A0 T0 : 0x1006da70 @_fini+20    : addi       r1, r1, 112     : IntAlu :  D=0x00007fffffffe860  flags=(IsInteger)
1892000: global: Decode: Decoded ld instruction: 0xe8010010
1892000: system.cpu: A0 T0 : 0x1006da74 @_fini+24    : ld         r0, 16(r1)      : MemRead :  D=0x000000001000162c A=0x7fffffffe870  flags=(IsInteger|IsLoad)
1892250: global: Decode: Decoded mtlr instruction: 0x7c0803a6
1892250: system.cpu: A0 T0 : 0x1006da78 @_fini+28    : mtlr       r0              : IntAlu :  D=0x000000001000162c  flags=(IsInteger)
1892500: global: Decode: Decoded bclr instruction: 0x4e800020
1892500: system.cpu: A0 T0 : 0x1006da7c @_fini+32    : bclr       0, 20           : IntAlu :  D=0x00000000100006d0  flags=(IsInteger|IsControl|IsIndirectControl|IsCondControl|IsReturn)
1892750: global: Decode: Decoded ori instruction: 0x60000000
1892750: system.cpu: A0 T0 : 0x1000162c @__libc_csu_fini+124    : nop                        : IntAlu :  D=0x000000001000162c  flags=(IsInteger)
1893000: global: Decode: Decoded addi instruction: 0x38210080
1893000: system.cpu: A0 T0 : 0x10001630 @__libc_csu_fini+128    : addi       r1, r1, 128     : IntAlu :  D=0x00007fffffffe8e0  flags=(IsInteger)
1893250: global: Decode: Decoded ld instruction: 0xe8010010
1893250: system.cpu: A0 T0 : 0x10001634 @__libc_csu_fini+132    : ld         r0, 16(r1)      : MemRead :  D=0x000000001000811c A=0x7fffffffe8f0  flags=(IsInteger|IsLoad)
1893500: global: Decode: Decoded ld instruction: 0xebc1fff0
1893500: system.cpu: A0 T0 : 0x10001638 @__libc_csu_fini+136    : ld         r30, -16(r1)    : MemRead :  D=0x00000000100b3508 A=0x7fffffffe8d0  flags=(IsInteger|IsLoad)
1893750: global: Decode: Decoded ld instruction: 0xebe1fff8
1893750: system.cpu: A0 T0 : 0x1000163c @__libc_csu_fini+140    : ld         r31, -8(r1)     : MemRead :  D=0x0000000000000000 A=0x7fffffffe8d8  flags=(IsInteger|IsLoad)
1894000: global: Decode: Decoded mtlr instruction: 0x7c0803a6
1894000: system.cpu: A0 T0 : 0x10001640 @__libc_csu_fini+144    : mtlr       r0              : IntAlu :  D=0x000000001000811c  flags=(IsInteger)
1894250: global: Decode: Decoded bclr instruction: 0x4e800020
1894250: system.cpu: A0 T0 : 0x10001644 @__libc_csu_fini+148    : bclr       0, 20           : IntAlu :  D=0x00000000100006d0  flags=(IsInteger|IsControl|IsIndirectControl|IsCondControl|IsReturn)
1894500: global: Decode: Decoded ld instruction: 0xe8410028
1894500: system.cpu: A0 T0 : 0x1000811c @__run_exit_handlers+380    : ld         r2, 40(r1)      : MemRead :  D=0x00000000100b7d00 A=0x7fffffffe908  flags=(IsInteger|IsLoad)
1894750: global: Decode: Decoded or instruction: 0x7f8ae378
1894750: system.cpu: A0 T0 : 0x10008120 @__run_exit_handlers+384    : mr         r10, r28        : IntAlu :  D=0x0000000000000000  flags=(IsInteger)
1895000: global: Decode: Decoded rldicl instruction: 0x794a0020
1895000: system.cpu: A0 T0 : 0x10008124 @__run_exit_handlers+388    : clrldi     r10, r10, 32    : IntAlu :  D=0x0000000000000000  flags=(IsInteger)
1895250: global: Decode: Decoded lwarx instruction: 0x7d20f028
1895250: system.cpu: A0 T0 : 0x10008128 @__run_exit_handlers+392    : lwarx      r41, 0, r30     : MemRead :  D=0x00000000100b3508 A=0x100b3508  flags=(IsInteger|IsLoad)
1895500: global: Decode: Decoded subf instruction: 0x7d2a4851
1895500: system.cpu: A0 T0 : 0x1000812c @__run_exit_handlers+396    : subf.      r9, r10, r9     : IntAlu :  D=0x0000000028000282  flags=(IsInteger)
1895750: global: Decode: Decoded bc instruction: 0x4082000c
1895750: system.cpu: A0 T0 : 0x10008130 @__run_exit_handlers+400    : bc         2, 4, 0x1000813c : IntAlu :  D=0x00000000100006d0  flags=(IsInteger|IsControl|IsDirectControl|IsCondControl)
1896000: global: Decode: Decoded stwcx instruction: 0x7f60f12d
1896000: system.cpu: A0 T0 : 0x10008134 @__run_exit_handlers+404    : stwcx      r27, r30, r39   : MemWrite :  D=0x0000000028000282 A=0x100b3508  flags=(IsInteger|IsStore)
1896250: global: Decode: Decoded bc instruction: 0x40c2fff0
1896250: system.cpu: A0 T0 : 0x10008138 @__run_exit_handlers+408    : bc         2, 6, 0x10008128 : IntAlu :  D=0x00000000100006d0  flags=(IsInteger|IsControl|IsDirectControl|IsCondControl)
1896500: global: Decode: Decoded isync instruction: 0x4c00012c
1896500: system.cpu: A0 T0 : 0x1000813c @__run_exit_handlers+412    : isync                      : IntAlu :   flags=(IsSerializeAfter)
1896750: global: Decode: Decoded cmpi instruction: 0x2f890000
1896750: system.cpu: A0 T0 : 0x10008140 @__run_exit_handlers+416    : cmpwi      cr7, r9, 0      : IntAlu :  D=0x0000000028000282  flags=(IsInteger)
1897000: global: Decode: Decoded bc instruction: 0x419eff4c
1897000: system.cpu: A0 T0 : 0x10008144 @__run_exit_handlers+420    : bc         30, 12, 0x10008090 : IntAlu :  D=0x00000000100006d0  flags=(IsInteger|IsControl|IsDirectControl|IsCondControl)
1897250: global: Decode: Decoded ld instruction: 0xe9360000
1897250: system.cpu: A0 T0 : 0x10008090 @__run_exit_handlers+240    : ld         r9, 0(r22)      : MemRead :  D=0x0000000000000001 A=0x100b3510  flags=(IsInteger|IsLoad)
1897500: global: Decode: Decoded cmp instruction: 0x7fa9a800
1897500: system.cpu: A0 T0 : 0x10008094 @__run_exit_handlers+244    : cmpd       cr7, r9, r21    : IntAlu :  D=0x0000000028000282  flags=(IsInteger)
1897750: global: Decode: Decoded bc instruction: 0x409effb0
1897750: system.cpu: A0 T0 : 0x10008098 @__run_exit_handlers+248    : bc         30, 4, 0x10008048 : IntAlu :  D=0x00000000100006d0  flags=(IsInteger|IsControl|IsDirectControl|IsCondControl)
1898000: global: Decode: Decoded ld instruction: 0xebfd0008
1898000: system.cpu: A0 T0 : 0x1000809c @__run_exit_handlers+252    : ld         r31, 8(r29)     : MemRead :  D=0x0000000000000000 A=0x100b2688  flags=(IsInteger|IsLoad)
1898250: global: Decode: Decoded cmpi instruction: 0x2fbf0000
1898250: system.cpu: A0 T0 : 0x100080a0 @__run_exit_handlers+256    : cmpdi      cr7, r31, 0     : IntAlu :  D=0x0000000028000282  flags=(IsInteger)
1898500: global: Decode: Decoded bc instruction: 0x419e013c
1898500: system.cpu: A0 T0 : 0x100080a4 @__run_exit_handlers+260    : bc         30, 12, 0x100081e0 : IntAlu :  D=0x00000000100006d0  flags=(IsInteger|IsControl|IsDirectControl|IsCondControl)
1898750: global: Decode: Decoded ld instruction: 0xe93d0000
1898750: system.cpu: A0 T0 : 0x100081e0 @__run_exit_handlers+576    : ld         r9, 0(r29)      : MemRead :  D=0x0000000000000000 A=0x100b2680  flags=(IsInteger|IsLoad)
1899000: global: Decode: Decoded cmpi instruction: 0x2fa90000
1899000: system.cpu: A0 T0 : 0x100081e4 @__run_exit_handlers+580    : cmpdi      cr7, r9, 0      : IntAlu :  D=0x0000000028000282  flags=(IsInteger)
1899250: global: Decode: Decoded std instruction: 0xf9380000
1899250: system.cpu: A0 T0 : 0x100081e8 @__run_exit_handlers+584    : std        r9, 0(r24)      : MemWrite :  D=0x0000000000000000 A=0x100b0110  flags=(IsInteger|IsStore)
1899500: global: Decode: Decoded bc instruction: 0x419e0010
1899500: system.cpu: A0 T0 : 0x100081ec @__run_exit_handlers+588    : bc         30, 12, 0x100081fc : IntAlu :  D=0x00000000100006d0  flags=(IsInteger|IsControl|IsDirectControl|IsCondControl)
1899750: global: Decode: Decoded sync instruction: 0x7c2004ac
1899750: system.cpu: A0 T0 : 0x100081fc @__run_exit_handlers+604    : synco                      : IntAlu :   flags=(IsWriteBarrier|IsReadBarrier)
1900000: global: Decode: Decoded lwarx instruction: 0x7d20f028
1900000: system.cpu: A0 T0 : 0x10008200 @__run_exit_handlers+608    : lwarx      r41, 0, r30     : MemRead :  D=0x00000000100b3508 A=0x100b3508  flags=(IsInteger|IsLoad)
1900250: global: Decode: Decoded stwcx instruction: 0x7f80f12d
1900250: system.cpu: A0 T0 : 0x10008204 @__run_exit_handlers+612    : stwcx      r28, r30, r39   : MemWrite :  D=0x0000000028000282 A=0x100b3508  flags=(IsInteger|IsStore)
1900500: global: Decode: Decoded bc instruction: 0x40c2fff8
1900500: system.cpu: A0 T0 : 0x10008208 @__run_exit_handlers+616    : bc         2, 6, 0x10008200 : IntAlu :  D=0x00000000100006d0  flags=(IsInteger|IsControl|IsDirectControl|IsCondControl)
1900750: global: Decode: Decoded cmpi instruction: 0x2f890001
1900750: system.cpu: A0 T0 : 0x1000820c @__run_exit_handlers+620    : cmpwi      cr7, r9, 1      : IntAlu :  D=0x0000000028000282  flags=(IsInteger)
1901000: global: Decode: Decoded bc instruction: 0x409dfe10
1901000: system.cpu: A0 T0 : 0x10008210 @__run_exit_handlers+624    : bc         29, 4, 0x10008020 : IntAlu :  D=0x00000000100006d0  flags=(IsInteger|IsControl|IsDirectControl|IsCondControl)
1901250: global: Decode: Decoded or instruction: 0x7f8ae378
1901250: system.cpu: A0 T0 : 0x10008020 @__run_exit_handlers+128    : mr         r10, r28        : IntAlu :  D=0x0000000000000000  flags=(IsInteger)
1901500: global: Decode: Decoded rldicl instruction: 0x794a0020
1901500: system.cpu: A0 T0 : 0x10008024 @__run_exit_handlers+132    : clrldi     r10, r10, 32    : IntAlu :  D=0x0000000000000000  flags=(IsInteger)
1901750: global: Decode: Decoded lwarx instruction: 0x7d20f028
1901750: system.cpu: A0 T0 : 0x10008028 @__run_exit_handlers+136    : lwarx      r41, 0, r30     : MemRead :  D=0x00000000100b3508 A=0x100b3508  flags=(IsInteger|IsLoad)
1902000: global: Decode: Decoded subf instruction: 0x7d2a4851
1902000: system.cpu: A0 T0 : 0x1000802c @__run_exit_handlers+140    : subf.      r9, r10, r9     : IntAlu :  D=0x0000000028000282  flags=(IsInteger)
1902250: global: Decode: Decoded bc instruction: 0x4082000c
1902250: system.cpu: A0 T0 : 0x10008030 @__run_exit_handlers+144    : bc         2, 4, 0x1000803c : IntAlu :  D=0x00000000100006d0  flags=(IsInteger|IsControl|IsDirectControl|IsCondControl)
1902500: global: Decode: Decoded stwcx instruction: 0x7f60f12d
1902500: system.cpu: A0 T0 : 0x10008034 @__run_exit_handlers+148    : stwcx      r27, r30, r39   : MemWrite :  D=0x0000000028000282 A=0x100b3508  flags=(IsInteger|IsStore)
1902750: global: Decode: Decoded bc instruction: 0x40c2fff0
1902750: system.cpu: A0 T0 : 0x10008038 @__run_exit_handlers+152    : bc         2, 6, 0x10008028 : IntAlu :  D=0x00000000100006d0  flags=(IsInteger|IsControl|IsDirectControl|IsCondControl)
1903000: global: Decode: Decoded isync instruction: 0x4c00012c
1903000: system.cpu: A0 T0 : 0x1000803c @__run_exit_handlers+156    : isync                      : IntAlu :   flags=(IsSerializeAfter)
1903250: global: Decode: Decoded cmpi instruction: 0x2f890000
1903250: system.cpu: A0 T0 : 0x10008040 @__run_exit_handlers+160    : cmpwi      cr7, r9, 0      : IntAlu :  D=0x0000000028000282  flags=(IsInteger)
1903500: global: Decode: Decoded bc instruction: 0x409e028c
1903500: system.cpu: A0 T0 : 0x10008044 @__run_exit_handlers+164    : bc         30, 4, 0x100082d0 : IntAlu :  D=0x00000000100006d0  flags=(IsInteger|IsControl|IsDirectControl|IsCondControl)
1903750: global: Decode: Decoded ld instruction: 0xebb80000
1903750: system.cpu: A0 T0 : 0x10008048 @__run_exit_handlers+168    : ld         r29, 0(r24)     : MemRead :  D=0x0000000000000000 A=0x100b0110  flags=(IsInteger|IsLoad)
1904000: global: Decode: Decoded cmpi instruction: 0x2fbd0000
1904000: system.cpu: A0 T0 : 0x1000804c @__run_exit_handlers+172    : cmpdi      cr7, r29, 0     : IntAlu :  D=0x0000000028000282  flags=(IsInteger)
1904250: global: Decode: Decoded bc instruction: 0x409e004c
1904250: system.cpu: A0 T0 : 0x10008050 @__run_exit_handlers+176    : bc         30, 4, 0x1000809c : IntAlu :  D=0x00000000100006d0  flags=(IsInteger|IsControl|IsDirectControl|IsCondControl)
1904500: global: Decode: Decoded b instruction: 0x480001e0
1904500: system.cpu: A0 T0 : 0x10008054 @__run_exit_handlers+180    : b          0x10008234      : IntAlu :   flags=(IsControl|IsDirectControl|IsUncondControl)
1904750: global: Decode: Decoded addi instruction: 0x39200001
1904750: system.cpu: A0 T0 : 0x10008234 @__run_exit_handlers+660    : li         r9, 1           : IntAlu :  D=0x0000000000000001  flags=(IsInteger)
1905000: global: Decode: Decoded ori instruction: 0x60000000
1905000: system.cpu: A0 T0 : 0x10008238 @__run_exit_handlers+664    : nop                        : IntAlu :  D=0x000000001000811c  flags=(IsInteger)
1905250: global: Decode: Decoded addi instruction: 0x39400000
1905250: system.cpu: A0 T0 : 0x1000823c @__run_exit_handlers+668    : li         r10, 0          : IntAlu :  D=0x0000000000000000  flags=(IsInteger)
1905500: global: Decode: Decoded stb instruction: 0x9922a978
1905500: system.cpu: A0 T0 : 0x10008240 @__run_exit_handlers+672    : stb        r9, -22152(r2)  : MemWrite :  D=0x0000000000000001 A=0x100b2678  flags=(IsInteger|IsStore)
1905750: global: Decode: Decoded sync instruction: 0x7c2004ac
1905750: system.cpu: A0 T0 : 0x10008244 @__run_exit_handlers+676    : synco                      : IntAlu :   flags=(IsWriteBarrier|IsReadBarrier)
1906000: global: Decode: Decoded lwarx instruction: 0x7d20f028
1906000: system.cpu: A0 T0 : 0x10008248 @__run_exit_handlers+680    : lwarx      r41, 0, r30     : MemRead :  D=0x00000000100b3508 A=0x100b3508  flags=(IsInteger|IsLoad)
1906250: global: Decode: Decoded stwcx instruction: 0x7d40f12d
1906250: system.cpu: A0 T0 : 0x1000824c @__run_exit_handlers+684    : stwcx      r10, r30, r39   : MemWrite :  D=0x0000000028000282 A=0x100b3508  flags=(IsInteger|IsStore)
1906500: global: Decode: Decoded bc instruction: 0x40c2fff8
1906500: system.cpu: A0 T0 : 0x10008250 @__run_exit_handlers+688    : bc         2, 6, 0x10008248 : IntAlu :  D=0x00000000100006d0  flags=(IsInteger|IsControl|IsDirectControl|IsCondControl)
1906750: global: Decode: Decoded cmpi instruction: 0x2f890001
1906750: system.cpu: A0 T0 : 0x10008254 @__run_exit_handlers+692    : cmpwi      cr7, r9, 1      : IntAlu :  D=0x0000000028000282  flags=(IsInteger)
1907000: global: Decode: Decoded bc instruction: 0x419d0094
1907000: system.cpu: A0 T0 : 0x10008258 @__run_exit_handlers+696    : bc         29, 12, 0x100082ec : IntAlu :  D=0x00000000100006d0  flags=(IsInteger|IsControl|IsDirectControl|IsCondControl)
1907250: global: Decode: Decoded cmpi instruction: 0x2fb70000
1907250: system.cpu: A0 T0 : 0x1000825c @__run_exit_handlers+700    : cmpdi      cr7, r23, 0     : IntAlu :  D=0x0000000028000284  flags=(IsInteger)
1907500: global: Decode: Decoded bc instruction: 0x419e0064
1907500: system.cpu: A0 T0 : 0x10008260 @__run_exit_handlers+704    : bc         30, 12, 0x100082c4 : IntAlu :  D=0x00000000100006d0  flags=(IsInteger|IsControl|IsDirectControl|IsCondControl)
1907750: global: Decode: Decoded addis instruction: 0x3d42fffd
1907750: system.cpu: A0 T0 : 0x10008264 @__run_exit_handlers+708    : subis      r10, r2, 3      : IntAlu :  D=0x0000000010087d00  flags=(IsInteger)
1908000: global: Decode: Decoded addi instruction: 0x394aad40
1908000: system.cpu: A0 T0 : 0x10008268 @__run_exit_handlers+712    : subi       r10, r10, 21184 : IntAlu :  D=0x0000000010082a40  flags=(IsInteger)
1908250: global: Decode: Decoded addis instruction: 0x3fc2fffd
1908250: system.cpu: A0 T0 : 0x1000826c @__run_exit_handlers+716    : subis      r30, r2, 3      : IntAlu :  D=0x0000000010087d00  flags=(IsInteger)
1908500: global: Decode: Decoded addi instruction: 0x3bdead48
1908500: system.cpu: A0 T0 : 0x10008270 @__run_exit_handlers+720    : subi       r30, r30, 21176 : IntAlu :  D=0x0000000010082a48  flags=(IsInteger)
1908750: global: Decode: Decoded cmpl instruction: 0x7faaf040
1908750: system.cpu: A0 T0 : 0x10008274 @__run_exit_handlers+724    : cmpld      cr7, r10, r30   : IntAlu :  D=0x0000000028000288  flags=(IsInteger)
1909000: global: Decode: Decoded bc instruction: 0x409c004c
1909000: system.cpu: A0 T0 : 0x10008278 @__run_exit_handlers+728    : bc         28, 4, 0x100082c4 : IntAlu :  D=0x00000000100006d0  flags=(IsInteger|IsControl|IsDirectControl|IsCondControl)
1909250: global: Decode: Decoded addi instruction: 0x3bdeffff
1909250: system.cpu: A0 T0 : 0x1000827c @__run_exit_handlers+732    : subi       r30, r30, 1     : IntAlu :  D=0x0000000010082a47  flags=(IsInteger)
1909500: global: Decode: Decoded addi instruction: 0x3beafff8
1909500: system.cpu: A0 T0 : 0x10008280 @__run_exit_handlers+736    : subi       r31, r10, 8     : IntAlu :  D=0x0000000010082a38  flags=(IsInteger)
1909750: global: Decode: Decoded subf instruction: 0x7fcaf050
1909750: system.cpu: A0 T0 : 0x10008284 @__run_exit_handlers+740    : subf       r30, r10, r30   : IntAlu :  D=0x0000000000000007  flags=(IsInteger)
1910000: global: Decode: Decoded rldicr instruction: 0x7bde0724
1910000: system.cpu: A0 T0 : 0x10008288 @__run_exit_handlers+744    : rldicr     r30, r30, 0, 60 : IntAlu :  D=0x0000000000000000  flags=(IsInteger)
1910250: global: Decode: Decoded add instruction: 0x7fde5214
1910250: system.cpu: A0 T0 : 0x1000828c @__run_exit_handlers+748    : add        r30, r30, r10   : IntAlu :  D=0x0000000010082a40  flags=(IsInteger)
1910500: global: Decode: Decoded ori instruction: 0x60000000
1910500: system.cpu: A0 T0 : 0x10008290 @__run_exit_handlers+752    : nop                        : IntAlu :  D=0x000000001000811c  flags=(IsInteger)
1910750: global: Decode: Decoded ori instruction: 0x60000000
1910750: system.cpu: A0 T0 : 0x10008294 @__run_exit_handlers+756    : nop                        : IntAlu :  D=0x000000001000811c  flags=(IsInteger)
1911000: global: Decode: Decoded ori instruction: 0x60000000
1911000: system.cpu: A0 T0 : 0x10008298 @__run_exit_handlers+760    : nop                        : IntAlu :  D=0x000000001000811c  flags=(IsInteger)
1911250: global: Decode: Decoded ori instruction: 0x60000000
1911250: system.cpu: A0 T0 : 0x1000829c @__run_exit_handlers+764    : nop                        : IntAlu :  D=0x000000001000811c  flags=(IsInteger)
1911500: global: Decode: Decoded ldu instruction: 0xe93f0009
1911500: system.cpu: A0 T0 : 0x100082a0 @__run_exit_handlers+768    : ldu        r9, 8(r31)      : MemRead :  D=0x00000000100abf98 A=0x10082a40  flags=(IsInteger|IsLoad)
1911750: global: Decode: Decoded ld instruction: 0xe9490000
1911750: system.cpu: A0 T0 : 0x100082a4 @__run_exit_handlers+772    : ld         r10, 0(r9)      : MemRead :  D=0x0000000010012270 A=0x100abf98  flags=(IsInteger|IsLoad)
1912000: global: Decode: Decoded ld instruction: 0xe9690010
1912000: system.cpu: A0 T0 : 0x100082a8 @__run_exit_handlers+776    : ld         r11, 16(r9)     : MemRead :  D=0x0000000000000000 A=0x100abfa8  flags=(IsInteger|IsLoad)
1912250: global: Decode: Decoded mtctr instruction: 0x7d4903a6
1912250: system.cpu: A0 T0 : 0x100082ac @__run_exit_handlers+780    : mtctr      r10             : IntAlu :  D=0x0000000010012270  flags=(IsInteger)
1912500: global: Decode: Decoded ld instruction: 0xe8490008
1912500: system.cpu: A0 T0 : 0x100082b0 @__run_exit_handlers+784    : ld         r2, 8(r9)       : MemRead :  D=0x00000000100b7d00 A=0x100abfa0  flags=(IsInteger|IsLoad)
1912750: global: Decode: Decoded bcctr instruction: 0x4e800421
1912750: system.cpu: A0 T0 : 0x100082b4 @__run_exit_handlers+788    : bcctrl     0, 20           : IntAlu :  D=0x00000000100082b8  flags=(IsInteger|IsControl|IsIndirectControl|IsCondControl|IsCall)
1913000: global: Decode: Decoded mflr instruction: 0x7c0802a6
1913000: system.cpu: A0 T0 : 0x10012270 @_IO_cleanup    : mflr       r0              : IntAlu :  D=0x00000000100082b8  flags=(IsInteger)
1913250: global: Decode: Decoded std instruction: 0xfb61ffd8
1913250: system.cpu: A0 T0 : 0x10012274 @_IO_cleanup+4    : std        r27, -40(r1)    : MemWrite :  D=0x0000000000000001 A=0x7fffffffe8b8  flags=(IsInteger|IsStore)
1913500: global: Decode: Decoded std instruction: 0xfba1ffe8
1913500: system.cpu: A0 T0 : 0x10012278 @_IO_cleanup+8    : std        r29, -24(r1)    : MemWrite :  D=0x0000000000000000 A=0x7fffffffe8c8  flags=(IsInteger|IsStore)
1913750: global: Decode: Decoded addi instruction: 0x38600000
1913750: system.cpu: A0 T0 : 0x1001227c @_IO_cleanup+12    : li         r3, 0           : IntAlu :  D=0x0000000000000000  flags=(IsInteger)
1914000: global: Decode: Decoded std instruction: 0xfb81ffe0
1914000: system.cpu: A0 T0 : 0x10012280 @_IO_cleanup+16    : std        r28, -32(r1)    : MemWrite :  D=0x0000000000000000 A=0x7fffffffe8c0  flags=(IsInteger|IsStore)
1914250: global: Decode: Decoded std instruction: 0xfbe1fff8
1914250: system.cpu: A0 T0 : 0x10012284 @_IO_cleanup+20    : std        r31, -8(r1)     : MemWrite :  D=0x0000000010082a40 A=0x7fffffffe8d8  flags=(IsInteger|IsStore)
1914500: global: Decode: Decoded std instruction: 0xf8010010
1914500: system.cpu: A0 T0 : 0x10012288 @_IO_cleanup+24    : std        r0, 16(r1)      : MemWrite :  D=0x00000000100082b8 A=0x7fffffffe8f0  flags=(IsInteger|IsStore)
1914750: global: Decode: Decoded stdu instruction: 0xf821ff21
1914750: system.cpu: A0 T0 : 0x1001228c @_IO_cleanup+28    : stdu       r1, -224(r1)    : MemWrite :  D=0x00007fffffffe800 A=0x7fffffffe800  flags=(IsInteger|IsStore)
1915000: global: Decode: Decoded std instruction: 0xf8410028
1915000: system.cpu: A0 T0 : 0x10012290 @_IO_cleanup+32    : std        r2, 40(r1)      : MemWrite :  D=0x00000000100b7d00 A=0x7fffffffe828  flags=(IsInteger|IsStore)
1915250: global: Decode: Decoded b instruction: 0x4bfffc4d
1915250: system.cpu: A0 T0 : 0x10012294 @_IO_cleanup+36    : bl         _IO_flush_all_lockp : IntAlu :  D=0x0000000010012298  flags=(IsInteger|IsControl|IsDirectControl|IsUncondControl)
1915500: global: Decode: Decoded mflr instruction: 0x7c0802a6
1915500: system.cpu: A0 T0 : 0x10011ee0 @_IO_flush_all_lockp    : mflr       r0              : IntAlu :  D=0x0000000010012298  flags=(IsInteger)
1915750: global: Decode: Decoded std instruction: 0xfba1ffe8
1915750: system.cpu: A0 T0 : 0x10011ee4 @_IO_flush_all_lockp+4    : std        r29, -24(r1)    : MemWrite :  D=0x0000000000000000 A=0x7fffffffe7e8  flags=(IsInteger|IsStore)
1916000: global: Decode: Decoded ori instruction: 0x60000000
1916000: system.cpu: A0 T0 : 0x10011ee8 @_IO_flush_all_lockp+8    : nop                        : IntAlu :  D=0x0000000010012298  flags=(IsInteger)
1916250: global: Decode: Decoded ld instruction: 0xeba28150
1916250: system.cpu: A0 T0 : 0x10011eec @_IO_flush_all_lockp+12    : ld         r29, -32432(r2) : MemRead :  D=0x0000000000000000 A=0x100afe50  flags=(IsInteger|IsLoad)
1916500: global: Decode: Decoded mfcr instruction: 0x7d800026
1916500: system.cpu: A0 T0 : 0x10011ef0 @_IO_flush_all_lockp+16    : mfcr       r12             : IntAlu :  D=0x0000000028000288  flags=(IsInteger)
1916750: global: Decode: Decoded std instruction: 0xfb81ffe0
1916750: system.cpu: A0 T0 : 0x10011ef4 @_IO_flush_all_lockp+20    : std        r28, -32(r1)    : MemWrite :  D=0x0000000000000000 A=0x7fffffffe7e0  flags=(IsInteger|IsStore)
1917000: global: Decode: Decoded std instruction: 0xfbc1fff0
1917000: system.cpu: A0 T0 : 0x10011ef8 @_IO_flush_all_lockp+24    : std        r30, -16(r1)    : MemWrite :  D=0x0000000010082a40 A=0x7fffffffe7f0  flags=(IsInteger|IsStore)
1917250: global: Decode: Decoded or instruction: 0x7c7c1b78
1917250: system.cpu: A0 T0 : 0x10011efc @_IO_flush_all_lockp+28    : mr         r28, r3         : IntAlu :  D=0x0000000000000000  flags=(IsInteger)
1917500: global: Decode: Decoded std instruction: 0xfbe1fff8
1917500: system.cpu: A0 T0 : 0x10011f00 @_IO_flush_all_lockp+32    : std        r31, -8(r1)     : MemWrite :  D=0x0000000010082a40 A=0x7fffffffe7f8  flags=(IsInteger|IsStore)
1917750: global: Decode: Decoded cmpi instruction: 0x2fbd0000
1917750: system.cpu: A0 T0 : 0x10011f04 @_IO_flush_all_lockp+36    : cmpdi      cr7, r29, 0     : IntAlu :  D=0x0000000028000282  flags=(IsInteger)
1918000: global: Decode: Decoded std instruction: 0xf8010010
1918000: system.cpu: A0 T0 : 0x10011f08 @_IO_flush_all_lockp+40    : std        r0, 16(r1)      : MemWrite :  D=0x0000000010012298 A=0x7fffffffe810  flags=(IsInteger|IsStore)
1918250: global: Decode: Decoded stw instruction: 0x91810008
1918250: system.cpu: A0 T0 : 0x10011f0c @_IO_flush_all_lockp+44    : stw        r12, 8(r1)      : MemWrite :  D=0x0000000028000288 A=0x7fffffffe808  flags=(IsInteger|IsStore)
1918500: global: Decode: Decoded stdu instruction: 0xf821ff41
1918500: system.cpu: A0 T0 : 0x10011f10 @_IO_flush_all_lockp+48    : stdu       r1, -192(r1)    : MemWrite :  D=0x00007fffffffe740 A=0x7fffffffe740  flags=(IsInteger|IsStore)
1918750: global: Decode: Decoded std instruction: 0xf8410028
1918750: system.cpu: A0 T0 : 0x10011f14 @_IO_flush_all_lockp+52    : std        r2, 40(r1)      : MemWrite :  D=0x00000000100b7d00 A=0x7fffffffe768  flags=(IsInteger|IsStore)
1919000: global: Decode: Decoded bc instruction: 0x419e02c8
1919000: system.cpu: A0 T0 : 0x10011f18 @_IO_flush_all_lockp+56    : bc         30, 12, 0x100121e0 : IntAlu :  D=0x0000000010012270  flags=(IsInteger|IsControl|IsDirectControl|IsCondControl)
1919250: global: Decode: Decoded addis instruction: 0x3d22ffff
1919250: system.cpu: A0 T0 : 0x100121e0 @_IO_flush_all_lockp+768    : subis      r9, r2, 1       : IntAlu :  D=0x00000000100a7d00  flags=(IsInteger)
1919500: global: Decode: Decoded std instruction: 0xfba10078
1919500: system.cpu: A0 T0 : 0x100121e4 @_IO_flush_all_lockp+772    : std        r29, 120(r1)    : MemWrite :  D=0x0000000000000000 A=0x7fffffffe7b8  flags=(IsInteger|IsStore)
1919750: global: Decode: Decoded addi instruction: 0x39293f68
1919750: system.cpu: A0 T0 : 0x100121e8 @_IO_flush_all_lockp+776    : addi       r9, r9, 16232   : IntAlu :  D=0x00000000100abc68  flags=(IsInteger)
1920000: global: Decode: Decoded std instruction: 0xf9210070
1920000: system.cpu: A0 T0 : 0x100121ec @_IO_flush_all_lockp+780    : std        r9, 112(r1)     : MemWrite :  D=0x00000000100abc68 A=0x7fffffffe7b0  flags=(IsInteger|IsStore)
1920250: global: Decode: Decoded b instruction: 0x4bfffd44
1920250: system.cpu: A0 T0 : 0x100121f0 @_IO_flush_all_lockp+784    : b          0x10011f34      : IntAlu :   flags=(IsControl|IsDirectControl|IsUncondControl)
1920500: global: Decode: Decoded ori instruction: 0x60000000
1920500: system.cpu: A0 T0 : 0x10011f34 @_IO_flush_all_lockp+84    : nop                        : IntAlu :  D=0x0000000010012298  flags=(IsInteger)
1920750: global: Decode: Decoded ld instruction: 0xe922adb0
1920750: system.cpu: A0 T0 : 0x10011f38 @_IO_flush_all_lockp+88    : ld         r9, -21072(r2)  : MemRead :  D=0x0000000000000000 A=0x100b2ab0  flags=(IsInteger|IsLoad)
1921000: global: Decode: Decoded addi instruction: 0x3bed8890
1921000: system.cpu: A0 T0 : 0x10011f3c @_IO_flush_all_lockp+92    : subi       r31, r13, 30576 : IntAlu :  D=0x00000000100b4000  flags=(IsInteger)
1921250: global: Decode: Decoded ori instruction: 0x60000000
1921250: system.cpu: A0 T0 : 0x10011f40 @_IO_flush_all_lockp+96    : nop                        : IntAlu :  D=0x0000000010012298  flags=(IsInteger)
1921500: global: Decode: Decoded addi instruction: 0x3bc2ad90
1921500: system.cpu: A0 T0 : 0x10011f44 @_IO_flush_all_lockp+100    : subi       r30, r2, 21104  : IntAlu :  D=0x00000000100b2a90  flags=(IsInteger)
1921750: global: Decode: Decoded cmp instruction: 0x7fa9f800
1921750: system.cpu: A0 T0 : 0x10011f48 @_IO_flush_all_lockp+104    : cmpd       cr7, r9, r31    : IntAlu :  D=0x0000000028000288  flags=(IsInteger)
1922000: global: Decode: Decoded bc instruction: 0x419e003c
1922000: system.cpu: A0 T0 : 0x10011f4c @_IO_flush_all_lockp+108    : bc         30, 12, 0x10011f88 : IntAlu :  D=0x0000000010012270  flags=(IsInteger|IsControl|IsDirectControl|IsCondControl)
1922250: global: Decode: Decoded addi instruction: 0x39200000
1922250: system.cpu: A0 T0 : 0x10011f50 @_IO_flush_all_lockp+112    : li         r9, 0           : IntAlu :  D=0x0000000000000000  flags=(IsInteger)
1922500: global: Decode: Decoded addi instruction: 0x387e0018
1922500: system.cpu: A0 T0 : 0x10011f54 @_IO_flush_all_lockp+116    : addi       r3, r30, 24     : IntAlu :  D=0x00000000100b2aa8  flags=(IsInteger)
1922750: global: Decode: Decoded addi instruction: 0x39000001
1922750: system.cpu: A0 T0 : 0x10011f58 @_IO_flush_all_lockp+120    : li         r8, 1           : IntAlu :  D=0x0000000000000001  flags=(IsInteger)
1923000: global: Decode: Decoded rldicl instruction: 0x79290020
1923000: system.cpu: A0 T0 : 0x10011f5c @_IO_flush_all_lockp+124    : clrldi     r9, r9, 32      : IntAlu :  D=0x0000000000000000  flags=(IsInteger)
1923250: global: Decode: Decoded lwarx instruction: 0x7d401828
1923250: system.cpu: A0 T0 : 0x10011f60 @_IO_flush_all_lockp+128    : lwarx      r41, 0, r3      : MemRead :  D=0x00000000100b2aa8 A=0x100b2aa8  flags=(IsInteger|IsLoad)
1923500: global: Decode: Decoded subf instruction: 0x7d495051
1923500: system.cpu: A0 T0 : 0x10011f64 @_IO_flush_all_lockp+132    : subf.      r10, r9, r10    : IntAlu :  D=0x0000000028000288  flags=(IsInteger)
1923750: global: Decode: Decoded bc instruction: 0x4082000c
1923750: system.cpu: A0 T0 : 0x10011f68 @_IO_flush_all_lockp+136    : bc         2, 4, 0x10011f74 : IntAlu :  D=0x0000000010012270  flags=(IsInteger|IsControl|IsDirectControl|IsCondControl)
1924000: global: Decode: Decoded stwcx instruction: 0x7d00192d
1924000: system.cpu: A0 T0 : 0x10011f6c @_IO_flush_all_lockp+140    : stwcx      r8, r3, r39     : MemWrite :  D=0x0000000028000288 A=0x100b2aa8  flags=(IsInteger|IsStore)
1924250: global: Decode: Decoded bc instruction: 0x40c2fff0
1924250: system.cpu: A0 T0 : 0x10011f70 @_IO_flush_all_lockp+144    : bc         2, 6, 0x10011f60 : IntAlu :  D=0x0000000010012270  flags=(IsInteger|IsControl|IsDirectControl|IsCondControl)
1924500: global: Decode: Decoded isync instruction: 0x4c00012c
1924500: system.cpu: A0 T0 : 0x10011f74 @_IO_flush_all_lockp+148    : isync                      : IntAlu :   flags=(IsSerializeAfter)
1924750: global: Decode: Decoded cmpi instruction: 0x2f8a0000
1924750: system.cpu: A0 T0 : 0x10011f78 @_IO_flush_all_lockp+152    : cmpwi      cr7, r10, 0     : IntAlu :  D=0x0000000028000282  flags=(IsInteger)
1925000: global: Decode: Decoded bc instruction: 0x409e02d0
1925000: system.cpu: A0 T0 : 0x10011f7c @_IO_flush_all_lockp+156    : bc         30, 4, 0x1001224c : IntAlu :  D=0x0000000010012270  flags=(IsInteger|IsControl|IsDirectControl|IsCondControl)
1925250: global: Decode: Decoded ori instruction: 0x60000000
1925250: system.cpu: A0 T0 : 0x10011f80 @_IO_flush_all_lockp+160    : nop                        : IntAlu :  D=0x0000000010012298  flags=(IsInteger)
1925500: global: Decode: Decoded std instruction: 0xfbe2adb0
1925500: system.cpu: A0 T0 : 0x10011f84 @_IO_flush_all_lockp+164    : std        r31, -21072(r2) : MemWrite :  D=0x00000000100b4000 A=0x100b2ab0  flags=(IsInteger|IsStore)
1925750: global: Decode: Decoded ori instruction: 0x60000000
1925750: system.cpu: A0 T0 : 0x10011f88 @_IO_flush_all_lockp+168    : nop                        : IntAlu :  D=0x0000000010012298  flags=(IsInteger)
1926000: global: Decode: Decoded ori instruction: 0x60000000
1926000: system.cpu: A0 T0 : 0x10011f8c @_IO_flush_all_lockp+172    : nop                        : IntAlu :  D=0x0000000010012298  flags=(IsInteger)
1926250: global: Decode: Decoded ld instruction: 0xebe28420
1926250: system.cpu: A0 T0 : 0x10011f90 @_IO_flush_all_lockp+176    : ld         r31, -31712(r2) : MemRead :  D=0x00000000100b0128 A=0x100b0120  flags=(IsInteger|IsLoad)
1926500: global: Decode: Decoded lwa instruction: 0xe922adae
1926500: system.cpu: A0 T0 : 0x10011f94 @_IO_flush_all_lockp+180    : lwa        r9, -21076(r2)  : MemRead :  D=0x0000000000000000 A=0x100b2aac  flags=(IsInteger|IsLoad)
1926750: global: Decode: Decoded cmpi instruction: 0x2fbf0000
1926750: system.cpu: A0 T0 : 0x10011f98 @_IO_flush_all_lockp+184    : cmpdi      cr7, r31, 0     : IntAlu :  D=0x0000000028000284  flags=(IsInteger)
1927000: global: Decode: Decoded addi instruction: 0x39490001
1927000: system.cpu: A0 T0 : 0x10011f9c @_IO_flush_all_lockp+188    : addi       r10, r9, 1      : IntAlu :  D=0x0000000000000001  flags=(IsInteger)
1927250: global: Decode: Decoded stw instruction: 0x9142adac
1927250: system.cpu: A0 T0 : 0x10011fa0 @_IO_flush_all_lockp+192    : stw        r10, -21076(r2) : MemWrite :  D=0x0000000000000001 A=0x100b2aac  flags=(IsInteger|IsStore)
1927500: global: Decode: Decoded bc instruction: 0x419e027c
1927500: system.cpu: A0 T0 : 0x10011fa4 @_IO_flush_all_lockp+196    : bc         30, 12, 0x10012220 : IntAlu :  D=0x0000000010012270  flags=(IsInteger|IsControl|IsDirectControl|IsCondControl)
1927750: global: Decode: Decoded std instruction: 0xfb410090
1927750: system.cpu: A0 T0 : 0x10011fa8 @_IO_flush_all_lockp+200    : std        r26, 144(r1)    : MemWrite :  D=0x0000000000000000 A=0x7fffffffe7d0  flags=(IsInteger|IsStore)
1928000: global: Decode: Decoded std instruction: 0xfb610098
1928000: system.cpu: A0 T0 : 0x10011fac @_IO_flush_all_lockp+204    : std        r27, 152(r1)    : MemWrite :  D=0x0000000000000001 A=0x7fffffffe7d8  flags=(IsInteger|IsStore)
1928250: global: Decode: Decoded cmpi instruction: 0x2e3c0000
1928250: system.cpu: A0 T0 : 0x10011fb0 @_IO_flush_all_lockp+208    : cmpdi      cr4, r28, 0     : IntAlu :  D=0x0000000028002284  flags=(IsInteger)
1928500: global: Decode: Decoded addi instruction: 0x3b600001
1928500: system.cpu: A0 T0 : 0x10011fb4 @_IO_flush_all_lockp+212    : li         r27, 1          : IntAlu :  D=0x0000000000000001  flags=(IsInteger)
1928750: global: Decode: Decoded addi instruction: 0x3b800000
1928750: system.cpu: A0 T0 : 0x10011fb8 @_IO_flush_all_lockp+216    : li         r28, 0          : IntAlu :  D=0x0000000000000000  flags=(IsInteger)
1929000: global: Decode: Decoded ori instruction: 0x60000000
1929000: system.cpu: A0 T0 : 0x10011fbc @_IO_flush_all_lockp+220    : nop                        : IntAlu :  D=0x0000000010012298  flags=(IsInteger)
1929250: global: Decode: Decoded std instruction: 0xfbfe0010
1929250: system.cpu: A0 T0 : 0x10011fc0 @_IO_flush_all_lockp+224    : std        r31, 16(r30)    : MemWrite :  D=0x00000000100b0128 A=0x100b2aa0  flags=(IsInteger|IsStore)
1929500: global: Decode: Decoded bc instruction: 0x4192005c
1929500: system.cpu: A0 T0 : 0x10011fc4 @_IO_flush_all_lockp+228    : bc         18, 12, 0x10012020 : IntAlu :  D=0x0000000010012270  flags=(IsInteger|IsControl|IsDirectControl|IsCondControl)
1929750: global: Decode: Decoded lwz instruction: 0x813f00c0
1929750: system.cpu: A0 T0 : 0x10012020 @_IO_flush_all_lockp+320    : lwz        r9, 192(r31)    : MemRead :  D=0x0000000000000000 A=0x100b01e8  flags=(IsInteger|IsLoad)
1930000: global: Decode: Decoded cmpi instruction: 0x2f890000
1930000: system.cpu: A0 T0 : 0x10012024 @_IO_flush_all_lockp+324    : cmpwi      cr7, r9, 0      : IntAlu :  D=0x0000000028002282  flags=(IsInteger)
1930250: global: Decode: Decoded bc instruction: 0x409d0178
1930250: system.cpu: A0 T0 : 0x10012028 @_IO_flush_all_lockp+328    : bc         29, 4, 0x100121a0 : IntAlu :  D=0x0000000010012270  flags=(IsInteger|IsControl|IsDirectControl|IsCondControl)
1930500: global: Decode: Decoded ld instruction: 0xe93f0028
1930500: system.cpu: A0 T0 : 0x100121a0 @_IO_flush_all_lockp+704    : ld         r9, 40(r31)     : MemRead :  D=0x0000000000000000 A=0x100b0150  flags=(IsInteger|IsLoad)
1930750: global: Decode: Decoded ld instruction: 0xe95f0020
1930750: system.cpu: A0 T0 : 0x100121a4 @_IO_flush_all_lockp+708    : ld         r10, 32(r31)    : MemRead :  D=0x0000000000000000 A=0x100b0148  flags=(IsInteger|IsLoad)
1931000: global: Decode: Decoded cmpl instruction: 0x7fa95040
1931000: system.cpu: A0 T0 : 0x100121a8 @_IO_flush_all_lockp+712    : cmpld      cr7, r9, r10    : IntAlu :  D=0x0000000028002282  flags=(IsInteger)
1931250: global: Decode: Decoded bc instruction: 0x409dfee4
1931250: system.cpu: A0 T0 : 0x100121ac @_IO_flush_all_lockp+716    : bc         29, 4, 0x10012090 : IntAlu :  D=0x0000000010012270  flags=(IsInteger|IsControl|IsDirectControl|IsCondControl)
1931500: global: Decode: Decoded bc instruction: 0x41920050
1931500: system.cpu: A0 T0 : 0x10012090 @_IO_flush_all_lockp+432    : bc         18, 12, 0x100120e0 : IntAlu :  D=0x0000000010012270  flags=(IsInteger|IsControl|IsDirectControl|IsCondControl)
1931750: global: Decode: Decoded ld instruction: 0xebff0068
1931750: system.cpu: A0 T0 : 0x100120e0 @_IO_flush_all_lockp+512    : ld         r31, 104(r31)   : MemRead :  D=0x00000000100b0340 A=0x100b0190  flags=(IsInteger|IsLoad)
1932000: global: Decode: Decoded addi instruction: 0x39200000
1932000: system.cpu: A0 T0 : 0x100120e4 @_IO_flush_all_lockp+516    : li         r9, 0           : IntAlu :  D=0x0000000000000000  flags=(IsInteger)
1932250: global: Decode: Decoded std instruction: 0xf93e0010
1932250: system.cpu: A0 T0 : 0x100120e8 @_IO_flush_all_lockp+520    : std        r9, 16(r30)     : MemWrite :  D=0x0000000000000000 A=0x100b2aa0  flags=(IsInteger|IsStore)
1932500: global: Decode: Decoded cmpi instruction: 0x2fbf0000
1932500: system.cpu: A0 T0 : 0x100120ec @_IO_flush_all_lockp+524    : cmpdi      cr7, r31, 0     : IntAlu :  D=0x0000000028002284  flags=(IsInteger)
1932750: global: Decode: Decoded bc instruction: 0x409efed0
1932750: system.cpu: A0 T0 : 0x100120f0 @_IO_flush_all_lockp+528    : bc         30, 4, 0x10011fc0 : IntAlu :  D=0x0000000010012270  flags=(IsInteger|IsControl|IsDirectControl|IsCondControl)
1933000: global: Decode: Decoded std instruction: 0xfbfe0010
1933000: system.cpu: A0 T0 : 0x10011fc0 @_IO_flush_all_lockp+224    : std        r31, 16(r30)    : MemWrite :  D=0x00000000100b0340 A=0x100b2aa0  flags=(IsInteger|IsStore)
1933250: global: Decode: Decoded bc instruction: 0x4192005c
1933250: system.cpu: A0 T0 : 0x10011fc4 @_IO_flush_all_lockp+228    : bc         18, 12, 0x10012020 : IntAlu :  D=0x0000000010012270  flags=(IsInteger|IsControl|IsDirectControl|IsCondControl)
1933500: global: Decode: Decoded lwz instruction: 0x813f00c0
1933500: system.cpu: A0 T0 : 0x10012020 @_IO_flush_all_lockp+320    : lwz        r9, 192(r31)    : MemRead :  D=0x00000000ffffffff A=0x100b0400  flags=(IsInteger|IsLoad)
1933750: global: Decode: Decoded cmpi instruction: 0x2f890000
1933750: system.cpu: A0 T0 : 0x10012024 @_IO_flush_all_lockp+324    : cmpwi      cr7, r9, 0      : IntAlu :  D=0x0000000028002288  flags=(IsInteger)
1934000: global: Decode: Decoded bc instruction: 0x409d0178
1934000: system.cpu: A0 T0 : 0x10012028 @_IO_flush_all_lockp+328    : bc         29, 4, 0x100121a0 : IntAlu :  D=0x0000000010012270  flags=(IsInteger|IsControl|IsDirectControl|IsCondControl)
1934250: global: Decode: Decoded ld instruction: 0xe93f0028
1934250: system.cpu: A0 T0 : 0x100121a0 @_IO_flush_all_lockp+704    : ld         r9, 40(r31)     : MemRead :  D=0x00000000100b536d A=0x100b0368  flags=(IsInteger|IsLoad)
1934500: global: Decode: Decoded ld instruction: 0xe95f0020
1934500: system.cpu: A0 T0 : 0x100121a4 @_IO_flush_all_lockp+708    : ld         r10, 32(r31)    : MemRead :  D=0x00000000100b5360 A=0x100b0360  flags=(IsInteger|IsLoad)
1934750: global: Decode: Decoded cmpl instruction: 0x7fa95040
1934750: system.cpu: A0 T0 : 0x100121a8 @_IO_flush_all_lockp+712    : cmpld      cr7, r9, r10    : IntAlu :  D=0x0000000028002284  flags=(IsInteger)
1935000: global: Decode: Decoded bc instruction: 0x409dfee4
1935000: system.cpu: A0 T0 : 0x100121ac @_IO_flush_all_lockp+716    : bc         29, 4, 0x10012090 : IntAlu :  D=0x0000000010012270  flags=(IsInteger|IsControl|IsDirectControl|IsCondControl)
1935250: global: Decode: Decoded ori instruction: 0x60000000
1935250: system.cpu: A0 T0 : 0x100121b0 @_IO_flush_all_lockp+720    : nop                        : IntAlu :  D=0x0000000010012298  flags=(IsInteger)
1935500: global: Decode: Decoded addi instruction: 0x39229de8
1935500: system.cpu: A0 T0 : 0x100121b4 @_IO_flush_all_lockp+724    : subi       r9, r2, 25112   : IntAlu :  D=0x00000000100b1ae8  flags=(IsInteger)
1935750: global: Decode: Decoded ld instruction: 0xeb5f00d8
1935750: system.cpu: A0 T0 : 0x100121b8 @_IO_flush_all_lockp+728    : ld         r26, 216(r31)   : MemRead :  D=0x00000000100b1ce0 A=0x100b0418  flags=(IsInteger|IsLoad)
1936000: global: Decode: Decoded ori instruction: 0x60000000
1936000: system.cpu: A0 T0 : 0x100121bc @_IO_flush_all_lockp+732    : nop                        : IntAlu :  D=0x0000000010012298  flags=(IsInteger)
1936250: global: Decode: Decoded addi instruction: 0x3902a3d0
1936250: system.cpu: A0 T0 : 0x100121c0 @_IO_flush_all_lockp+736    : subi       r8, r2, 23600   : IntAlu :  D=0x00000000100b20d0  flags=(IsInteger)
1936500: global: Decode: Decoded subf instruction: 0x7d49d050
1936500: system.cpu: A0 T0 : 0x100121c4 @_IO_flush_all_lockp+740    : subf       r10, r9, r26    : IntAlu :  D=0x00000000000001f8  flags=(IsInteger)
1936750: global: Decode: Decoded subf instruction: 0x7d294050
1936750: system.cpu: A0 T0 : 0x100121c8 @_IO_flush_all_lockp+744    : subf       r9, r9, r8      : IntAlu :  D=0x00000000000005e8  flags=(IsInteger)
1937000: global: Decode: Decoded cmpl instruction: 0x7fa95040
1937000: system.cpu: A0 T0 : 0x100121cc @_IO_flush_all_lockp+748    : cmpld      cr7, r9, r10    : IntAlu :  D=0x0000000028002284  flags=(IsInteger)
1937250: global: Decode: Decoded bc instruction: 0x419dfe94
1937250: system.cpu: A0 T0 : 0x100121d0 @_IO_flush_all_lockp+752    : bc         29, 12, 0x10012064 : IntAlu :  D=0x0000000010012270  flags=(IsInteger|IsControl|IsDirectControl|IsCondControl)
1937500: global: Decode: Decoded ld instruction: 0xe93a0018
1937500: system.cpu: A0 T0 : 0x10012064 @_IO_flush_all_lockp+388    : ld         r9, 24(r26)     : MemRead :  D=0x00000000100abc08 A=0x100b1cf8  flags=(IsInteger|IsLoad)
1937750: global: Decode: Decoded addi instruction: 0x3880ffff
1937750: system.cpu: A0 T0 : 0x10012068 @_IO_flush_all_lockp+392    : li         r4, -1          : IntAlu :  D=0xffffffffffffffff  flags=(IsInteger)
1938000: global: Decode: Decoded or instruction: 0x7fe3fb78
1938000: system.cpu: A0 T0 : 0x1001206c @_IO_flush_all_lockp+396    : mr         r3, r31         : IntAlu :  D=0x00000000100b0340  flags=(IsInteger)
1938250: global: Decode: Decoded ld instruction: 0xe9490000
1938250: system.cpu: A0 T0 : 0x10012070 @_IO_flush_all_lockp+400    : ld         r10, 0(r9)      : MemRead :  D=0x000000001000fb10 A=0x100abc08  flags=(IsInteger|IsLoad)
1938500: global: Decode: Decoded ld instruction: 0xe9690010
1938500: system.cpu: A0 T0 : 0x10012074 @_IO_flush_all_lockp+404    : ld         r11, 16(r9)     : MemRead :  D=0x0000000000000000 A=0x100abc18  flags=(IsInteger|IsLoad)
1938750: global: Decode: Decoded mtctr instruction: 0x7d4903a6
1938750: system.cpu: A0 T0 : 0x10012078 @_IO_flush_all_lockp+408    : mtctr      r10             : IntAlu :  D=0x000000001000fb10  flags=(IsInteger)
1939000: global: Decode: Decoded ld instruction: 0xe8490008
1939000: system.cpu: A0 T0 : 0x1001207c @_IO_flush_all_lockp+412    : ld         r2, 8(r9)       : MemRead :  D=0x00000000100b7d00 A=0x100abc10  flags=(IsInteger|IsLoad)
1939250: global: Decode: Decoded bcctr instruction: 0x4e800421
1939250: system.cpu: A0 T0 : 0x10012080 @_IO_flush_all_lockp+416    : bcctrl     0, 20           : IntAlu :  D=0x0000000010012084  flags=(IsInteger|IsControl|IsIndirectControl|IsCondControl|IsCall)
1939500: global: Decode: Decoded lwa instruction: 0xe9230002
1939500: system.cpu: A0 T0 : 0x1000fb10 @_IO_new_file_overflow    : lwa        r9, 0(r3)       : MemRead :  D=0xfffffffffbad2884 A=0x100b0340  flags=(IsInteger|IsLoad)
1939750: global: Decode: Decoded andi_ instruction: 0x712a0008
1939750: system.cpu: A0 T0 : 0x1000fb14 @_IO_new_file_overflow+4    : andi.      r10, r9, 8      : IntAlu :  D=0x0000000028002284  flags=(IsInteger)
1940000: global: Decode: Decoded bc instruction: 0x40820298
1940000: system.cpu: A0 T0 : 0x1000fb18 @_IO_new_file_overflow+8    : bc         2, 4, 0x1000fdb0 : IntAlu :  D=0x000000001000fb10  flags=(IsInteger|IsControl|IsDirectControl|IsCondControl)
1940250: global: Decode: Decoded andi_ instruction: 0x712a0800
1940250: system.cpu: A0 T0 : 0x1000fb1c @_IO_new_file_overflow+12    : andi.      r10, r9, 2048   : IntAlu :  D=0x0000000048002284  flags=(IsInteger)
1940500: global: Decode: Decoded ld instruction: 0xe9430020
1940500: system.cpu: A0 T0 : 0x1000fb20 @_IO_new_file_overflow+16    : ld         r10, 32(r3)     : MemRead :  D=0x00000000100b5360 A=0x100b0360  flags=(IsInteger|IsLoad)
1940750: global: Decode: Decoded std instruction: 0xfbc1fff0
1940750: system.cpu: A0 T0 : 0x1000fb24 @_IO_new_file_overflow+20    : std        r30, -16(r1)    : MemWrite :  D=0x00000000100b2a90 A=0x7fffffffe730  flags=(IsInteger|IsStore)
1941000: global: Decode: Decoded or instruction: 0x7c9e2378
1941000: system.cpu: A0 T0 : 0x1000fb28 @_IO_new_file_overflow+24    : mr         r30, r4         : IntAlu :  D=0xffffffffffffffff  flags=(IsInteger)
1941250: global: Decode: Decoded std instruction: 0xfbe1fff8
1941250: system.cpu: A0 T0 : 0x1000fb2c @_IO_new_file_overflow+28    : std        r31, -8(r1)     : MemWrite :  D=0x00000000100b0340 A=0x7fffffffe738  flags=(IsInteger|IsStore)
1941500: global: Decode: Decoded stdu instruction: 0xf821ff71
1941500: system.cpu: A0 T0 : 0x1000fb30 @_IO_new_file_overflow+32    : stdu       r1, -144(r1)    : MemWrite :  D=0x00007fffffffe6b0 A=0x7fffffffe6b0  flags=(IsInteger|IsStore)
1941750: global: Decode: Decoded or instruction: 0x7c7f1b78
1941750: system.cpu: A0 T0 : 0x1000fb34 @_IO_new_file_overflow+36    : mr         r31, r3         : IntAlu :  D=0x00000000100b0340  flags=(IsInteger)
1942000: global: Decode: Decoded cmpi instruction: 0x2faa0000
1942000: system.cpu: A0 T0 : 0x1000fb38 @_IO_new_file_overflow+40    : cmpdi      cr7, r10, 0     : IntAlu :  D=0x0000000048002284  flags=(IsInteger)
1942250: global: Decode: Decoded bc instruction: 0x41820064
1942250: system.cpu: A0 T0 : 0x1000fb3c @_IO_new_file_overflow+44    : bc         2, 12, 0x1000fba0 : IntAlu :  D=0x000000001000fb10  flags=(IsInteger|IsControl|IsDirectControl|IsCondControl)
1942500: global: Decode: Decoded bc instruction: 0x419e01d0
1942500: system.cpu: A0 T0 : 0x1000fb40 @_IO_new_file_overflow+48    : bc         30, 12, 0x1000fd10 : IntAlu :  D=0x000000001000fb10  flags=(IsInteger|IsControl|IsDirectControl|IsCondControl)
1942750: global: Decode: Decoded ld instruction: 0xe8a30028
1942750: system.cpu: A0 T0 : 0x1000fb44 @_IO_new_file_overflow+52    : ld         r5, 40(r3)      : MemRead :  D=0x00000000100b536d A=0x100b0368  flags=(IsInteger|IsLoad)
1943000: global: Decode: Decoded cmpi instruction: 0x2f9effff
1943000: system.cpu: A0 T0 : 0x1000fb48 @_IO_new_file_overflow+56    : cmpwi      cr7, r30, -1    : IntAlu :  D=0x0000000048002282  flags=(IsInteger)
1943250: global: Decode: Decoded bc instruction: 0x419e00b0
1943250: system.cpu: A0 T0 : 0x1000fb4c @_IO_new_file_overflow+60    : bc         30, 12, 0x1000fbfc : IntAlu :  D=0x000000001000fb10  flags=(IsInteger|IsControl|IsDirectControl|IsCondControl)
1943500: global: Decode: Decoded mflr instruction: 0x7c0802a6
1943500: system.cpu: A0 T0 : 0x1000fbfc @_IO_new_file_overflow+236    : mflr       r0              : IntAlu :  D=0x0000000010012084  flags=(IsInteger)
1943750: global: Decode: Decoded ld instruction: 0xe89f0020
1943750: system.cpu: A0 T0 : 0x1000fc00 @_IO_new_file_overflow+240    : ld         r4, 32(r31)     : MemRead :  D=0x00000000100b5360 A=0x100b0360  flags=(IsInteger|IsLoad)
1944000: global: Decode: Decoded or instruction: 0x7fe3fb78
1944000: system.cpu: A0 T0 : 0x1000fc04 @_IO_new_file_overflow+244    : mr         r3, r31         : IntAlu :  D=0x00000000100b0340  flags=(IsInteger)
1944250: global: Decode: Decoded subf instruction: 0x7ca42850
1944250: system.cpu: A0 T0 : 0x1000fc08 @_IO_new_file_overflow+248    : subf       r5, r4, r5      : IntAlu :  D=0x000000000000000d  flags=(IsInteger)
1944500: global: Decode: Decoded std instruction: 0xf80100a0
1944500: system.cpu: A0 T0 : 0x1000fc0c @_IO_new_file_overflow+252    : std        r0, 160(r1)     : MemWrite :  D=0x0000000010012084 A=0x7fffffffe750  flags=(IsInteger|IsStore)
1944750: global: Decode: Decoded b instruction: 0x4bfff581
1944750: system.cpu: A0 T0 : 0x1000fc10 @_IO_new_file_overflow+256    : bl         _IO_new_do_write : IntAlu :  D=0x000000001000fc14  flags=(IsInteger|IsControl|IsDirectControl|IsUncondControl)
1945000: global: Decode: Decoded or instruction: 0x7ca92b79
1945000: system.cpu: A0 T0 : 0x1000f190 @_IO_do_write    : or.        r9, r5, r5      : IntAlu :  D=0x0000000048002282  flags=(IsInteger)
1945250: global: Decode: Decoded bc instruction: 0x4082000c
1945250: system.cpu: A0 T0 : 0x1000f194 @_IO_do_write+4    : bc         2, 4, 0x1000f1a0 : IntAlu :  D=0x000000001000fb10  flags=(IsInteger|IsControl|IsDirectControl|IsCondControl)
1945500: global: Decode: Decoded mflr instruction: 0x7c0802a6
1945500: system.cpu: A0 T0 : 0x1000f1a0 @_IO_do_write+16    : mflr       r0              : IntAlu :  D=0x000000001000fc14  flags=(IsInteger)
1945750: global: Decode: Decoded std instruction: 0xfbe1fff8
1945750: system.cpu: A0 T0 : 0x1000f1a4 @_IO_do_write+20    : std        r31, -8(r1)     : MemWrite :  D=0x00000000100b0340 A=0x7fffffffe6a8  flags=(IsInteger|IsStore)
1946000: global: Decode: Decoded or instruction: 0x7d3f4b78
1946000: system.cpu: A0 T0 : 0x1000f1a8 @_IO_do_write+24    : mr         r31, r9         : IntAlu :  D=0x000000000000000d  flags=(IsInteger)
1946250: global: Decode: Decoded std instruction: 0xf8010010
1946250: system.cpu: A0 T0 : 0x1000f1ac @_IO_do_write+28    : std        r0, 16(r1)      : MemWrite :  D=0x000000001000fc14 A=0x7fffffffe6c0  flags=(IsInteger|IsStore)
1946500: global: Decode: Decoded stdu instruction: 0xf821ff81
1946500: system.cpu: A0 T0 : 0x1000f1b0 @_IO_do_write+32    : stdu       r1, -128(r1)    : MemWrite :  D=0x00007fffffffe630 A=0x7fffffffe630  flags=(IsInteger|IsStore)
1946750: global: Decode: Decoded b instruction: 0x4bffda6d
1946750: system.cpu: A0 T0 : 0x1000f1b4 @_IO_do_write+36    : bl         new_do_write    : IntAlu :  D=0x000000001000f1b8  flags=(IsInteger|IsControl|IsDirectControl|IsUncondControl)
1947000: global: Decode: Decoded mflr instruction: 0x7c0802a6
1947000: system.cpu: A0 T0 : 0x1000cc20 @new_do_write    : mflr       r0              : IntAlu :  D=0x000000001000f1b8  flags=(IsInteger)
1947250: global: Decode: Decoded std instruction: 0xfb41ffd0
1947250: system.cpu: A0 T0 : 0x1000cc24 @new_do_write+4    : std        r26, -48(r1)    : MemWrite :  D=0x00000000100b1ce0 A=0x7fffffffe600  flags=(IsInteger|IsStore)
1947500: global: Decode: Decoded std instruction: 0xfb61ffd8
1947500: system.cpu: A0 T0 : 0x1000cc28 @new_do_write+8    : std        r27, -40(r1)    : MemWrite :  D=0x0000000000000001 A=0x7fffffffe608  flags=(IsInteger|IsStore)
1947750: global: Decode: Decoded or instruction: 0x7cba2b78
1947750: system.cpu: A0 T0 : 0x1000cc2c @new_do_write+12    : mr         r26, r5         : IntAlu :  D=0x000000000000000d  flags=(IsInteger)
1948000: global: Decode: Decoded std instruction: 0xfb81ffe0
1948000: system.cpu: A0 T0 : 0x1000cc30 @new_do_write+16    : std        r28, -32(r1)    : MemWrite :  D=0x0000000000000000 A=0x7fffffffe610  flags=(IsInteger|IsStore)
1948250: global: Decode: Decoded std instruction: 0xfba1ffe8
1948250: system.cpu: A0 T0 : 0x1000cc34 @new_do_write+20    : std        r29, -24(r1)    : MemWrite :  D=0x0000000000000000 A=0x7fffffffe618  flags=(IsInteger|IsStore)
1948500: global: Decode: Decoded or instruction: 0x7c9b2378
1948500: system.cpu: A0 T0 : 0x1000cc38 @new_do_write+24    : mr         r27, r4         : IntAlu :  D=0x00000000100b5360  flags=(IsInteger)
1948750: global: Decode: Decoded std instruction: 0xfbc1fff0
1948750: system.cpu: A0 T0 : 0x1000cc3c @new_do_write+28    : std        r30, -16(r1)    : MemWrite :  D=0xffffffffffffffff A=0x7fffffffe620  flags=(IsInteger|IsStore)
1949000: global: Decode: Decoded std instruction: 0xfbe1fff8
1949000: system.cpu: A0 T0 : 0x1000cc40 @new_do_write+32    : std        r31, -8(r1)     : MemWrite :  D=0x000000000000000d A=0x7fffffffe628  flags=(IsInteger|IsStore)
1949250: global: Decode: Decoded or instruction: 0x7c7f1b78
1949250: system.cpu: A0 T0 : 0x1000cc44 @new_do_write+36    : mr         r31, r3         : IntAlu :  D=0x00000000100b0340  flags=(IsInteger)
1949500: global: Decode: Decoded ori instruction: 0x60000000
1949500: system.cpu: A0 T0 : 0x1000cc48 @new_do_write+40    : nop                        : IntAlu :  D=0x000000001000f1b8  flags=(IsInteger)
1949750: global: Decode: Decoded addi instruction: 0x3b829de8
1949750: system.cpu: A0 T0 : 0x1000cc4c @new_do_write+44    : subi       r28, r2, 25112  : IntAlu :  D=0x00000000100b1ae8  flags=(IsInteger)
1950000: global: Decode: Decoded ori instruction: 0x60000000
1950000: system.cpu: A0 T0 : 0x1000cc50 @new_do_write+48    : nop                        : IntAlu :  D=0x000000001000f1b8  flags=(IsInteger)
1950250: global: Decode: Decoded addi instruction: 0x3bc2a3d0
1950250: system.cpu: A0 T0 : 0x1000cc54 @new_do_write+52    : subi       r30, r2, 23600  : IntAlu :  D=0x00000000100b20d0  flags=(IsInteger)
1950500: global: Decode: Decoded std instruction: 0xf8010010
1950500: system.cpu: A0 T0 : 0x1000cc58 @new_do_write+56    : std        r0, 16(r1)      : MemWrite :  D=0x000000001000f1b8 A=0x7fffffffe640  flags=(IsInteger|IsStore)
1950750: global: Decode: Decoded stdu instruction: 0xf821ff61
1950750: system.cpu: A0 T0 : 0x1000cc5c @new_do_write+60    : stdu       r1, -160(r1)    : MemWrite :  D=0x00007fffffffe590 A=0x7fffffffe590  flags=(IsInteger|IsStore)
1951000: global: Decode: Decoded subf instruction: 0x7fdcf050
1951000: system.cpu: A0 T0 : 0x1000cc60 @new_do_write+64    : subf       r30, r28, r30   : IntAlu :  D=0x00000000000005e8  flags=(IsInteger)
1951250: global: Decode: Decoded lwz instruction: 0x81230000
1951250: system.cpu: A0 T0 : 0x1000cc64 @new_do_write+68    : lwz        r9, 0(r3)       : MemRead :  D=0x00000000fbad2884 A=0x100b0340  flags=(IsInteger|IsLoad)
1951500: global: Decode: Decoded ld instruction: 0xeba300d8
1951500: system.cpu: A0 T0 : 0x1000cc68 @new_do_write+72    : ld         r29, 216(r3)    : MemRead :  D=0x00000000100b1ce0 A=0x100b0418  flags=(IsInteger|IsLoad)
1951750: global: Decode: Decoded std instruction: 0xf8410028
1951750: system.cpu: A0 T0 : 0x1000cc6c @new_do_write+76    : std        r2, 40(r1)      : MemWrite :  D=0x00000000100b7d00 A=0x7fffffffe5b8  flags=(IsInteger|IsStore)
1952000: global: Decode: Decoded andi_ instruction: 0x71291000
1952000: system.cpu: A0 T0 : 0x1000cc70 @new_do_write+80    : andi.      r9, r9, 4096    : IntAlu :  D=0x0000000028002282  flags=(IsInteger)
1952250: global: Decode: Decoded subf instruction: 0x7d3ce850
1952250: system.cpu: A0 T0 : 0x1000cc74 @new_do_write+84    : subf       r9, r28, r29    : IntAlu :  D=0x00000000000001f8  flags=(IsInteger)
1952500: global: Decode: Decoded bc instruction: 0x418200d8
1952500: system.cpu: A0 T0 : 0x1000cc78 @new_do_write+88    : bc         2, 12, 0x1000cd50 : IntAlu :  D=0x000000001000fb10  flags=(IsInteger|IsControl|IsDirectControl|IsCondControl)
1952750: global: Decode: Decoded ld instruction: 0xe9430010
1952750: system.cpu: A0 T0 : 0x1000cd50 @new_do_write+304    : ld         r10, 16(r3)     : MemRead :  D=0x00000000100b5360 A=0x100b0350  flags=(IsInteger|IsLoad)
1953000: global: Decode: Decoded ld instruction: 0xe8830020
1953000: system.cpu: A0 T0 : 0x1000cd54 @new_do_write+308    : ld         r4, 32(r3)      : MemRead :  D=0x00000000100b5360 A=0x100b0360  flags=(IsInteger|IsLoad)
1953250: global: Decode: Decoded cmpl instruction: 0x7faa2040
1953250: system.cpu: A0 T0 : 0x1000cd58 @new_do_write+312    : cmpld      cr7, r10, r4    : IntAlu :  D=0x0000000028002282  flags=(IsInteger)
1953500: global: Decode: Decoded bc instruction: 0x419eff28
1953500: system.cpu: A0 T0 : 0x1000cd5c @new_do_write+316    : bc         30, 12, 0x1000cc84 : IntAlu :  D=0x000000001000fb10  flags=(IsInteger|IsControl|IsDirectControl|IsCondControl)
1953750: global: Decode: Decoded cmpl instruction: 0x7fbe4840
1953750: system.cpu: A0 T0 : 0x1000cc84 @new_do_write+100    : cmpld      cr7, r30, r9    : IntAlu :  D=0x0000000028002284  flags=(IsInteger)
1954000: global: Decode: Decoded bc instruction: 0x409d0178
1954000: system.cpu: A0 T0 : 0x1000cc88 @new_do_write+104    : bc         29, 4, 0x1000ce00 : IntAlu :  D=0x000000001000fb10  flags=(IsInteger|IsControl|IsDirectControl|IsCondControl)
1954250: global: Decode: Decoded ld instruction: 0xe93d0078
1954250: system.cpu: A0 T0 : 0x1000cc8c @new_do_write+108    : ld         r9, 120(r29)    : MemRead :  D=0x00000000100abaa0 A=0x100b1d58  flags=(IsInteger|IsLoad)
1954500: global: Decode: Decoded or instruction: 0x7f45d378
1954500: system.cpu: A0 T0 : 0x1000cc90 @new_do_write+112    : mr         r5, r26         : IntAlu :  D=0x000000000000000d  flags=(IsInteger)
1954750: global: Decode: Decoded or instruction: 0x7f64db78
1954750: system.cpu: A0 T0 : 0x1000cc94 @new_do_write+116    : mr         r4, r27         : IntAlu :  D=0x00000000100b5360  flags=(IsInteger)
1955000: global: Decode: Decoded or instruction: 0x7fe3fb78
1955000: system.cpu: A0 T0 : 0x1000cc98 @new_do_write+120    : mr         r3, r31         : IntAlu :  D=0x00000000100b0340  flags=(IsInteger)
1955250: global: Decode: Decoded ld instruction: 0xe9490000
1955250: system.cpu: A0 T0 : 0x1000cc9c @new_do_write+124    : ld         r10, 0(r9)      : MemRead :  D=0x000000001000e1a0 A=0x100abaa0  flags=(IsInteger|IsLoad)
1955500: global: Decode: Decoded ld instruction: 0xe9690010
1955500: system.cpu: A0 T0 : 0x1000cca0 @new_do_write+128    : ld         r11, 16(r9)     : MemRead :  D=0x0000000000000000 A=0x100abab0  flags=(IsInteger|IsLoad)
1955750: global: Decode: Decoded mtctr instruction: 0x7d4903a6
1955750: system.cpu: A0 T0 : 0x1000cca4 @new_do_write+132    : mtctr      r10             : IntAlu :  D=0x000000001000e1a0  flags=(IsInteger)
1956000: global: Decode: Decoded ld instruction: 0xe8490008
1956000: system.cpu: A0 T0 : 0x1000cca8 @new_do_write+136    : ld         r2, 8(r9)       : MemRead :  D=0x00000000100b7d00 A=0x100abaa8  flags=(IsInteger|IsLoad)
1956250: global: Decode: Decoded bcctr instruction: 0x4e800421
1956250: system.cpu: A0 T0 : 0x1000ccac @new_do_write+140    : bcctrl     0, 20           : IntAlu :  D=0x000000001000ccb0  flags=(IsInteger|IsControl|IsIndirectControl|IsCondControl|IsCall)
1956500: global: Decode: Decoded std instruction: 0xfb81ffe0
1956500: system.cpu: A0 T0 : 0x1000e1a0 @_IO_new_file_write    : std        r28, -32(r1)    : MemWrite :  D=0x00000000100b1ae8 A=0x7fffffffe570  flags=(IsInteger|IsStore)
1956750: global: Decode: Decoded or instruction: 0x7cbc2b79
1956750: system.cpu: A0 T0 : 0x1000e1a4 @_IO_new_file_write+4    : or.        r28, r5, r5     : IntAlu :  D=0x0000000048002284  flags=(IsInteger)
1957000: global: Decode: Decoded std instruction: 0xfba1ffe8
1957000: system.cpu: A0 T0 : 0x1000e1a8 @_IO_new_file_write+8    : std        r29, -24(r1)    : MemWrite :  D=0x00000000100b1ce0 A=0x7fffffffe578  flags=(IsInteger|IsStore)
1957250: global: Decode: Decoded or instruction: 0x7c7d1b78
1957250: system.cpu: A0 T0 : 0x1000e1ac @_IO_new_file_write+12    : mr         r29, r3         : IntAlu :  D=0x00000000100b0340  flags=(IsInteger)
1957500: global: Decode: Decoded stdu instruction: 0xf821ff71
1957500: system.cpu: A0 T0 : 0x1000e1b0 @_IO_new_file_write+16    : stdu       r1, -144(r1)    : MemWrite :  D=0x00007fffffffe500 A=0x7fffffffe500  flags=(IsInteger|IsStore)
1957750: global: Decode: Decoded bc instruction: 0x408100e4
1957750: system.cpu: A0 T0 : 0x1000e1b4 @_IO_new_file_write+20    : bc         1, 4, 0x1000e298 : IntAlu :  D=0x000000001000e1a0  flags=(IsInteger|IsControl|IsDirectControl|IsCondControl)
1958000: global: Decode: Decoded mflr instruction: 0x7c0802a6
1958000: system.cpu: A0 T0 : 0x1000e1b8 @_IO_new_file_write+24    : mflr       r0              : IntAlu :  D=0x000000001000ccb0  flags=(IsInteger)
1958250: global: Decode: Decoded std instruction: 0xfbc10080
1958250: system.cpu: A0 T0 : 0x1000e1bc @_IO_new_file_write+28    : std        r30, 128(r1)    : MemWrite :  D=0x00000000000005e8 A=0x7fffffffe580  flags=(IsInteger|IsStore)
1958500: global: Decode: Decoded std instruction: 0xfbe10088
1958500: system.cpu: A0 T0 : 0x1000e1c0 @_IO_new_file_write+32    : std        r31, 136(r1)    : MemWrite :  D=0x00000000100b0340 A=0x7fffffffe588  flags=(IsInteger|IsStore)
1958750: global: Decode: Decoded or instruction: 0x7c9e2378
1958750: system.cpu: A0 T0 : 0x1000e1c4 @_IO_new_file_write+36    : mr         r30, r4         : IntAlu :  D=0x00000000100b5360  flags=(IsInteger)
1959000: global: Decode: Decoded or instruction: 0x7f9fe378
1959000: system.cpu: A0 T0 : 0x1000e1c8 @_IO_new_file_write+40    : mr         r31, r28        : IntAlu :  D=0x000000000000000d  flags=(IsInteger)
1959250: global: Decode: Decoded std instruction: 0xf80100a0
1959250: system.cpu: A0 T0 : 0x1000e1cc @_IO_new_file_write+44    : std        r0, 160(r1)     : MemWrite :  D=0x000000001000ccb0 A=0x7fffffffe5a0  flags=(IsInteger|IsStore)
1959500: global: Decode: Decoded b instruction: 0x4800002c
1959500: system.cpu: A0 T0 : 0x1000e1d0 @_IO_new_file_write+48    : b          0x1000e1fc      : IntAlu :   flags=(IsControl|IsDirectControl|IsUncondControl)
1959750: global: Decode: Decoded lwa instruction: 0xe95d0072
1959750: system.cpu: A0 T0 : 0x1000e1fc @_IO_new_file_write+92    : lwa        r10, 112(r29)   : MemRead :  D=0x0000000000000001 A=0x100b03b0  flags=(IsInteger|IsLoad)
1960000: global: Decode: Decoded lwz instruction: 0x813d0074
1960000: system.cpu: A0 T0 : 0x1000e200 @_IO_new_file_write+96    : lwz        r9, 116(r29)    : MemRead :  D=0x0000000000000000 A=0x100b03b4  flags=(IsInteger|IsLoad)
1960250: global: Decode: Decoded or instruction: 0x7fe5fb78
1960250: system.cpu: A0 T0 : 0x1000e204 @_IO_new_file_write+100    : mr         r5, r31         : IntAlu :  D=0x000000000000000d  flags=(IsInteger)
1960500: global: Decode: Decoded or instruction: 0x7fc4f378
1960500: system.cpu: A0 T0 : 0x1000e208 @_IO_new_file_write+104    : mr         r4, r30         : IntAlu :  D=0x00000000100b5360  flags=(IsInteger)
1960750: global: Decode: Decoded andi_ instruction: 0x71290002
1960750: system.cpu: A0 T0 : 0x1000e20c @_IO_new_file_write+108    : andi.      r9, r9, 2       : IntAlu :  D=0x0000000028002284  flags=(IsInteger)
1961000: global: Decode: Decoded or instruction: 0x7d435378
1961000: system.cpu: A0 T0 : 0x1000e210 @_IO_new_file_write+112    : mr         r3, r10         : IntAlu :  D=0x0000000000000001  flags=(IsInteger)
1961250: global: Decode: Decoded bc instruction: 0x4182ffcc
1961250: system.cpu: A0 T0 : 0x1000e214 @_IO_new_file_write+116    : bc         2, 12, 0x1000e1e0 : IntAlu :  D=0x000000001000e1a0  flags=(IsInteger|IsControl|IsDirectControl|IsCondControl)
1961500: global: Decode: Decoded b instruction: 0x48013081
1961500: system.cpu: A0 T0 : 0x1000e1e0 @_IO_new_file_write+64    : bl         __write         : IntAlu :  D=0x000000001000e1e4  flags=(IsInteger|IsControl|IsDirectControl|IsUncondControl)
1961750: global: Decode: Decoded lwz instruction: 0x812d8890
1961750: system.cpu: A0 T0 : 0x10021260 @__libc_write    : lwz        r9, -30576(r13) : MemRead :  D=0x0000000000000000 A=0x100b4000  flags=(IsInteger|IsLoad)
1962000: global: Decode: Decoded std instruction: 0xfbe1fff8
1962000: system.cpu: A0 T0 : 0x10021264 @__libc_write+4    : std        r31, -8(r1)     : MemWrite :  D=0x000000000000000d A=0x7fffffffe4f8  flags=(IsInteger|IsStore)
1962250: global: Decode: Decoded stdu instruction: 0xf821ff71
1962250: system.cpu: A0 T0 : 0x10021268 @__libc_write+8    : stdu       r1, -144(r1)    : MemWrite :  D=0x00007fffffffe470 A=0x7fffffffe470  flags=(IsInteger|IsStore)
1962500: global: Decode: Decoded cmpi instruction: 0x2f890000
1962500: system.cpu: A0 T0 : 0x1002126c @__libc_write+12    : cmpwi      cr7, r9, 0      : IntAlu :  D=0x0000000028002282  flags=(IsInteger)
1962750: global: Decode: Decoded bc instruction: 0x409e0030
1962750: system.cpu: A0 T0 : 0x10021270 @__libc_write+16    : bc         30, 4, 0x100212a0 : IntAlu :  D=0x000000001000e1a0  flags=(IsInteger|IsControl|IsDirectControl|IsCondControl)
1963000: global: Decode: Decoded addi instruction: 0x38000004
1963000: system.cpu: A0 T0 : 0x10021274 @__libc_write+20    : li         r0, 4           : IntAlu :  D=0x0000000000000004  flags=(IsInteger)
1963250: global: Decode: Decoded sc instruction: 0x44000002
1963250: system.cpu: A0 T0 : 0x10021278 @__libc_write+24    : sc                         : IntAlu :   flags=()
1963500: global: Decode: Decoded mfcr instruction: 0x7c000026
1963500: system.cpu: A0 T0 : 0x1002127c @__libc_write+28    : mfcr       r0              : IntAlu :  D=0x0000000028002282  flags=(IsInteger)
1963750: global: Decode: Decoded andis_ instruction: 0x74091000
1963750: system.cpu: A0 T0 : 0x10021280 @__libc_write+32    : andis.     r9, r0, 4096    : IntAlu :  D=0x0000000028002282  flags=(IsInteger)
1964000: global: Decode: Decoded or instruction: 0x7c7f1b78
1964000: system.cpu: A0 T0 : 0x10021284 @__libc_write+36    : mr         r31, r3         : IntAlu :  D=0x000000000000000d  flags=(IsInteger)
1964250: global: Decode: Decoded bc instruction: 0x40820098
1964250: system.cpu: A0 T0 : 0x10021288 @__libc_write+40    : bc         2, 4, 0x10021320 : IntAlu :  D=0x000000001000e1a0  flags=(IsInteger|IsControl|IsDirectControl|IsCondControl)
1964500: global: Decode: Decoded addi instruction: 0x38210090
1964500: system.cpu: A0 T0 : 0x1002128c @__libc_write+44    : addi       r1, r1, 144     : IntAlu :  D=0x00007fffffffe500  flags=(IsInteger)
1964750: global: Decode: Decoded or instruction: 0x7fe3fb78
1964750: system.cpu: A0 T0 : 0x10021290 @__libc_write+48    : mr         r3, r31         : IntAlu :  D=0x000000000000000d  flags=(IsInteger)
1965000: global: Decode: Decoded ld instruction: 0xebe1fff8
1965000: system.cpu: A0 T0 : 0x10021294 @__libc_write+52    : ld         r31, -8(r1)     : MemRead :  D=0x000000000000000d A=0x7fffffffe4f8  flags=(IsInteger|IsLoad)
1965250: global: Decode: Decoded bclr instruction: 0x4e800020
1965250: system.cpu: A0 T0 : 0x10021298 @__libc_write+56    : bclr       0, 20           : IntAlu :  D=0x000000001000e1a0  flags=(IsInteger|IsControl|IsIndirectControl|IsCondControl|IsReturn)
1965500: global: Decode: Decoded ori instruction: 0x60000000
1965500: system.cpu: A0 T0 : 0x1000e1e4 @_IO_new_file_write+68    : nop                        : IntAlu :  D=0x0000000028002282  flags=(IsInteger)
1965750: global: Decode: Decoded cmpi instruction: 0x2fa30000
1965750: system.cpu: A0 T0 : 0x1000e1e8 @_IO_new_file_write+72    : cmpdi      cr7, r3, 0      : IntAlu :  D=0x0000000028002284  flags=(IsInteger)
1966000: global: Decode: Decoded add instruction: 0x7fde1a14
1966000: system.cpu: A0 T0 : 0x1000e1ec @_IO_new_file_write+76    : add        r30, r30, r3    : IntAlu :  D=0x00000000100b536d  flags=(IsInteger)
1966250: global: Decode: Decoded bc instruction: 0x419c0040
1966250: system.cpu: A0 T0 : 0x1000e1f0 @_IO_new_file_write+80    : bc         28, 12, 0x1000e230 : IntAlu :  D=0x000000001000e1a0  flags=(IsInteger|IsControl|IsDirectControl|IsCondControl)
1966500: global: Decode: Decoded subf instruction: 0x7fe3f851
1966500: system.cpu: A0 T0 : 0x1000e1f4 @_IO_new_file_write+84    : subf.      r31, r3, r31    : IntAlu :  D=0x0000000028002284  flags=(IsInteger)
1966750: global: Decode: Decoded bc instruction: 0x40810088
1966750: system.cpu: A0 T0 : 0x1000e1f8 @_IO_new_file_write+88    : bc         1, 4, 0x1000e280 : IntAlu :  D=0x000000001000e1a0  flags=(IsInteger|IsControl|IsDirectControl|IsCondControl)
1967000: global: Decode: Decoded ld instruction: 0xe80100a0
1967000: system.cpu: A0 T0 : 0x1000e280 @_IO_new_file_write+224    : ld         r0, 160(r1)     : MemRead :  D=0x000000001000ccb0 A=0x7fffffffe5a0  flags=(IsInteger|IsLoad)
1967250: global: Decode: Decoded subf instruction: 0x7c7fe050
1967250: system.cpu: A0 T0 : 0x1000e284 @_IO_new_file_write+228    : subf       r3, r31, r28    : IntAlu :  D=0x000000000000000d  flags=(IsInteger)
1967500: global: Decode: Decoded ld instruction: 0xebc10080
1967500: system.cpu: A0 T0 : 0x1000e288 @_IO_new_file_write+232    : ld         r30, 128(r1)    : MemRead :  D=0x00000000000005e8 A=0x7fffffffe580  flags=(IsInteger|IsLoad)
1967750: global: Decode: Decoded ld instruction: 0xebe10088
1967750: system.cpu: A0 T0 : 0x1000e28c @_IO_new_file_write+236    : ld         r31, 136(r1)    : MemRead :  D=0x00000000100b0340 A=0x7fffffffe588  flags=(IsInteger|IsLoad)
1968000: global: Decode: Decoded mtlr instruction: 0x7c0803a6
1968000: system.cpu: A0 T0 : 0x1000e290 @_IO_new_file_write+240    : mtlr       r0              : IntAlu :  D=0x000000001000ccb0  flags=(IsInteger)
1968250: global: Decode: Decoded b instruction: 0x4bffffbc
1968250: system.cpu: A0 T0 : 0x1000e294 @_IO_new_file_write+244    : b          0x1000e250      : IntAlu :   flags=(IsControl|IsDirectControl|IsUncondControl)
1968500: global: Decode: Decoded ld instruction: 0xe93d0090
1968500: system.cpu: A0 T0 : 0x1000e250 @_IO_new_file_write+176    : ld         r9, 144(r29)    : MemRead :  D=0xffffffffffffffff A=0x100b03d0  flags=(IsInteger|IsLoad)
1968750: global: Decode: Decoded cmpi instruction: 0x2fa90000
1968750: system.cpu: A0 T0 : 0x1000e254 @_IO_new_file_write+180    : cmpdi      cr7, r9, 0      : IntAlu :  D=0x0000000028002288  flags=(IsInteger)
1969000: global: Decode: Decoded bc instruction: 0x419c000c
1969000: system.cpu: A0 T0 : 0x1000e258 @_IO_new_file_write+184    : bc         28, 12, 0x1000e264 : IntAlu :  D=0x000000001000e1a0  flags=(IsInteger|IsControl|IsDirectControl|IsCondControl)
1969250: global: Decode: Decoded addi instruction: 0x38210090
1969250: system.cpu: A0 T0 : 0x1000e264 @_IO_new_file_write+196    : addi       r1, r1, 144     : IntAlu :  D=0x00007fffffffe590  flags=(IsInteger)
1969500: global: Decode: Decoded ld instruction: 0xeb81ffe0
1969500: system.cpu: A0 T0 : 0x1000e268 @_IO_new_file_write+200    : ld         r28, -32(r1)    : MemRead :  D=0x00000000100b1ae8 A=0x7fffffffe570  flags=(IsInteger|IsLoad)
1969750: global: Decode: Decoded ld instruction: 0xeba1ffe8
1969750: system.cpu: A0 T0 : 0x1000e26c @_IO_new_file_write+204    : ld         r29, -24(r1)    : MemRead :  D=0x00000000100b1ce0 A=0x7fffffffe578  flags=(IsInteger|IsLoad)
1970000: global: Decode: Decoded bclr instruction: 0x4e800020
1970000: system.cpu: A0 T0 : 0x1000e270 @_IO_new_file_write+208    : bclr       0, 20           : IntAlu :  D=0x000000001000e1a0  flags=(IsInteger|IsControl|IsIndirectControl|IsCondControl|IsReturn)
1970250: global: Decode: Decoded ld instruction: 0xe8410028
1970250: system.cpu: A0 T0 : 0x1000ccb0 @new_do_write+144    : ld         r2, 40(r1)      : MemRead :  D=0x00000000100b7d00 A=0x7fffffffe5b8  flags=(IsInteger|IsLoad)
1970500: global: Decode: Decoded or instruction: 0x7c7d1b78
1970500: system.cpu: A0 T0 : 0x1000ccb4 @new_do_write+148    : mr         r29, r3         : IntAlu :  D=0x000000000000000d  flags=(IsInteger)
1970750: global: Decode: Decoded lhz instruction: 0xa07f0080
1970750: system.cpu: A0 T0 : 0x1000ccb8 @new_do_write+152    : lhz        r3, 128(r31)    : MemRead :  D=0x0000000000000000 A=0x100b03c0  flags=(IsInteger|IsLoad)
1971000: global: Decode: Decoded cmpi instruction: 0x2fa30000
1971000: system.cpu: A0 T0 : 0x1000ccbc @new_do_write+156    : cmpdi      cr7, r3, 0      : IntAlu :  D=0x0000000028002282  flags=(IsInteger)
1971250: global: Decode: Decoded bc instruction: 0x419e000c
1971250: system.cpu: A0 T0 : 0x1000ccc0 @new_do_write+160    : bc         30, 12, 0x1000cccc : IntAlu :  D=0x000000001000e1a0  flags=(IsInteger|IsControl|IsDirectControl|IsCondControl)
1971500: global: Decode: Decoded lwz instruction: 0x815f00c0
1971500: system.cpu: A0 T0 : 0x1000cccc @new_do_write+172    : lwz        r10, 192(r31)   : MemRead :  D=0x00000000ffffffff A=0x100b0400  flags=(IsInteger|IsLoad)
1971750: global: Decode: Decoded ld instruction: 0xe93f0038
1971750: system.cpu: A0 T0 : 0x1000ccd0 @new_do_write+176    : ld         r9, 56(r31)     : MemRead :  D=0x00000000100b5360 A=0x100b0378  flags=(IsInteger|IsLoad)
1972000: global: Decode: Decoded cmpi instruction: 0x2f8a0000
1972000: system.cpu: A0 T0 : 0x1000ccd4 @new_do_write+180    : cmpwi      cr7, r10, 0     : IntAlu :  D=0x0000000028002288  flags=(IsInteger)
1972250: global: Decode: Decoded std instruction: 0xf93f0018
1972250: system.cpu: A0 T0 : 0x1000ccd8 @new_do_write+184    : std        r9, 24(r31)     : MemWrite :  D=0x00000000100b5360 A=0x100b0358  flags=(IsInteger|IsStore)
1972500: global: Decode: Decoded std instruction: 0xf93f0008
1972500: system.cpu: A0 T0 : 0x1000ccdc @new_do_write+188    : std        r9, 8(r31)      : MemWrite :  D=0x00000000100b5360 A=0x100b0348  flags=(IsInteger|IsStore)
1972750: global: Decode: Decoded std instruction: 0xf93f0010
1972750: system.cpu: A0 T0 : 0x1000cce0 @new_do_write+192    : std        r9, 16(r31)     : MemWrite :  D=0x00000000100b5360 A=0x100b0350  flags=(IsInteger|IsStore)
1973000: global: Decode: Decoded std instruction: 0xf93f0028
1973000: system.cpu: A0 T0 : 0x1000cce4 @new_do_write+196    : std        r9, 40(r31)     : MemWrite :  D=0x00000000100b5360 A=0x100b0368  flags=(IsInteger|IsStore)
1973250: global: Decode: Decoded std instruction: 0xf93f0020
1973250: system.cpu: A0 T0 : 0x1000cce8 @new_do_write+200    : std        r9, 32(r31)     : MemWrite :  D=0x00000000100b5360 A=0x100b0360  flags=(IsInteger|IsStore)
1973500: global: Decode: Decoded bc instruction: 0x409d0044
1973500: system.cpu: A0 T0 : 0x1000ccec @new_do_write+204    : bc         29, 4, 0x1000cd30 : IntAlu :  D=0x000000001000e1a0  flags=(IsInteger|IsControl|IsDirectControl|IsCondControl)
1973750: global: Decode: Decoded lwz instruction: 0x815f0000
1973750: system.cpu: A0 T0 : 0x1000cd30 @new_do_write+272    : lwz        r10, 0(r31)     : MemRead :  D=0x00000000fbad2884 A=0x100b0340  flags=(IsInteger|IsLoad)
1974000: global: Decode: Decoded andi_ instruction: 0x714a0202
1974000: system.cpu: A0 T0 : 0x1000cd34 @new_do_write+276    : andi.      r10, r10, 514   : IntAlu :  D=0x0000000028002288  flags=(IsInteger)
1974250: global: Decode: Decoded bc instruction: 0x4082ffbc
1974250: system.cpu: A0 T0 : 0x1000cd38 @new_do_write+280    : bc         2, 4, 0x1000ccf4 : IntAlu :  D=0x000000001000e1a0  flags=(IsInteger|IsControl|IsDirectControl|IsCondControl)
1974500: global: Decode: Decoded ld instruction: 0xe93f0040
1974500: system.cpu: A0 T0 : 0x1000cd3c @new_do_write+284    : ld         r9, 64(r31)     : MemRead :  D=0x00000000100b7360 A=0x100b0380  flags=(IsInteger|IsLoad)
1974750: global: Decode: Decoded b instruction: 0x4bffffb4
1974750: system.cpu: A0 T0 : 0x1000cd40 @new_do_write+288    : b          0x1000ccf4      : IntAlu :   flags=(IsControl|IsDirectControl|IsUncondControl)
1975000: global: Decode: Decoded std instruction: 0xf93f0030
1975000: system.cpu: A0 T0 : 0x1000ccf4 @new_do_write+212    : std        r9, 48(r31)     : MemWrite :  D=0x00000000100b7360 A=0x100b0370  flags=(IsInteger|IsStore)
1975250: global: Decode: Decoded addi instruction: 0x382100a0
1975250: system.cpu: A0 T0 : 0x1000ccf8 @new_do_write+216    : addi       r1, r1, 160     : IntAlu :  D=0x00007fffffffe630  flags=(IsInteger)
1975500: global: Decode: Decoded or instruction: 0x7fa3eb78
1975500: system.cpu: A0 T0 : 0x1000ccfc @new_do_write+220    : mr         r3, r29         : IntAlu :  D=0x000000000000000d  flags=(IsInteger)
1975750: global: Decode: Decoded ld instruction: 0xe8010010
1975750: system.cpu: A0 T0 : 0x1000cd00 @new_do_write+224    : ld         r0, 16(r1)      : MemRead :  D=0x000000001000f1b8 A=0x7fffffffe640  flags=(IsInteger|IsLoad)
1976000: global: Decode: Decoded ld instruction: 0xeb41ffd0
1976000: system.cpu: A0 T0 : 0x1000cd04 @new_do_write+228    : ld         r26, -48(r1)    : MemRead :  D=0x00000000100b1ce0 A=0x7fffffffe600  flags=(IsInteger|IsLoad)
1976250: global: Decode: Decoded ld instruction: 0xeb61ffd8
1976250: system.cpu: A0 T0 : 0x1000cd08 @new_do_write+232    : ld         r27, -40(r1)    : MemRead :  D=0x0000000000000001 A=0x7fffffffe608  flags=(IsInteger|IsLoad)
1976500: global: Decode: Decoded ld instruction: 0xeb81ffe0
1976500: system.cpu: A0 T0 : 0x1000cd0c @new_do_write+236    : ld         r28, -32(r1)    : MemRead :  D=0x0000000000000000 A=0x7fffffffe610  flags=(IsInteger|IsLoad)
1976750: global: Decode: Decoded ld instruction: 0xeba1ffe8
1976750: system.cpu: A0 T0 : 0x1000cd10 @new_do_write+240    : ld         r29, -24(r1)    : MemRead :  D=0x0000000000000000 A=0x7fffffffe618  flags=(IsInteger|IsLoad)
1977000: global: Decode: Decoded ld instruction: 0xebc1fff0
1977000: system.cpu: A0 T0 : 0x1000cd14 @new_do_write+244    : ld         r30, -16(r1)    : MemRead :  D=0xffffffffffffffff A=0x7fffffffe620  flags=(IsInteger|IsLoad)
1977250: global: Decode: Decoded ld instruction: 0xebe1fff8
1977250: system.cpu: A0 T0 : 0x1000cd18 @new_do_write+248    : ld         r31, -8(r1)     : MemRead :  D=0x000000000000000d A=0x7fffffffe628  flags=(IsInteger|IsLoad)
1977500: global: Decode: Decoded mtlr instruction: 0x7c0803a6
1977500: system.cpu: A0 T0 : 0x1000cd1c @new_do_write+252    : mtlr       r0              : IntAlu :  D=0x000000001000f1b8  flags=(IsInteger)
1977750: global: Decode: Decoded bclr instruction: 0x4e800020
1977750: system.cpu: A0 T0 : 0x1000cd20 @new_do_write+256    : bclr       0, 20           : IntAlu :  D=0x000000001000e1a0  flags=(IsInteger|IsControl|IsIndirectControl|IsCondControl|IsReturn)
1978000: global: Decode: Decoded addi instruction: 0x38210080
1978000: system.cpu: A0 T0 : 0x1000f1b8 @_IO_do_write+40    : addi       r1, r1, 128     : IntAlu :  D=0x00007fffffffe6b0  flags=(IsInteger)
1978250: global: Decode: Decoded ld instruction: 0xe8010010
1978250: system.cpu: A0 T0 : 0x1000f1bc @_IO_do_write+44    : ld         r0, 16(r1)      : MemRead :  D=0x000000001000fc14 A=0x7fffffffe6c0  flags=(IsInteger|IsLoad)
1978500: global: Decode: Decoded xor instruction: 0x7fe31a78
1978500: system.cpu: A0 T0 : 0x1000f1c0 @_IO_do_write+48    : xor        r3, r31, r3     : IntAlu :  D=0x0000000000000000  flags=(IsInteger)
1978750: global: Decode: Decoded ld instruction: 0xebe1fff8
1978750: system.cpu: A0 T0 : 0x1000f1c4 @_IO_do_write+52    : ld         r31, -8(r1)     : MemRead :  D=0x00000000100b0340 A=0x7fffffffe6a8  flags=(IsInteger|IsLoad)
1979000: global: Decode: Decoded subfic instruction: 0x20630000
1979000: system.cpu: A0 T0 : 0x1000f1c8 @_IO_do_write+56    : subfic     r3, r3, 0       : IntAlu :  D=0x0000000020040000  flags=(IsInteger)
1979250: global: Decode: Decoded subfe instruction: 0x7c631910
1979250: system.cpu: A0 T0 : 0x1000f1cc @_IO_do_write+60    : subfe      r3, r3, r3      : IntAlu :  D=0x0000000020040000  flags=(IsInteger)
1979500: global: Decode: Decoded mtlr instruction: 0x7c0803a6
1979500: system.cpu: A0 T0 : 0x1000f1d0 @_IO_do_write+64    : mtlr       r0              : IntAlu :  D=0x000000001000fc14  flags=(IsInteger)
1979750: global: Decode: Decoded bclr instruction: 0x4e800020
1979750: system.cpu: A0 T0 : 0x1000f1d4 @_IO_do_write+68    : bclr       0, 20           : IntAlu :  D=0x000000001000e1a0  flags=(IsInteger|IsControl|IsIndirectControl|IsCondControl|IsReturn)
1980000: global: Decode: Decoded ori instruction: 0x60000000
1980000: system.cpu: A0 T0 : 0x1000fc14 @_IO_new_file_overflow+260    : nop                        : IntAlu :  D=0x000000001000fc14  flags=(IsInteger)
1980250: global: Decode: Decoded ld instruction: 0xe80100a0
1980250: system.cpu: A0 T0 : 0x1000fc18 @_IO_new_file_overflow+264    : ld         r0, 160(r1)     : MemRead :  D=0x0000000010012084 A=0x7fffffffe750  flags=(IsInteger|IsLoad)
1980500: global: Decode: Decoded addi instruction: 0x38210090
1980500: system.cpu: A0 T0 : 0x1000fc1c @_IO_new_file_overflow+268    : addi       r1, r1, 144     : IntAlu :  D=0x00007fffffffe740  flags=(IsInteger)
1980750: global: Decode: Decoded ld instruction: 0xebc1fff0
1980750: system.cpu: A0 T0 : 0x1000fc20 @_IO_new_file_overflow+272    : ld         r30, -16(r1)    : MemRead :  D=0x00000000100b2a90 A=0x7fffffffe730  flags=(IsInteger|IsLoad)
1981000: global: Decode: Decoded ld instruction: 0xebe1fff8
1981000: system.cpu: A0 T0 : 0x1000fc24 @_IO_new_file_overflow+276    : ld         r31, -8(r1)     : MemRead :  D=0x00000000100b0340 A=0x7fffffffe738  flags=(IsInteger|IsLoad)
1981250: global: Decode: Decoded mtlr instruction: 0x7c0803a6
1981250: system.cpu: A0 T0 : 0x1000fc28 @_IO_new_file_overflow+280    : mtlr       r0              : IntAlu :  D=0x0000000010012084  flags=(IsInteger)
1981500: global: Decode: Decoded bclr instruction: 0x4e800020
1981500: system.cpu: A0 T0 : 0x1000fc2c @_IO_new_file_overflow+284    : bclr       0, 20           : IntAlu :  D=0x000000001000e1a0  flags=(IsInteger|IsControl|IsIndirectControl|IsCondControl|IsReturn)
1981750: global: Decode: Decoded ld instruction: 0xe8410028
1981750: system.cpu: A0 T0 : 0x10012084 @_IO_flush_all_lockp+420    : ld         r2, 40(r1)      : MemRead :  D=0x00000000100b7d00 A=0x7fffffffe768  flags=(IsInteger|IsLoad)
1982000: global: Decode: Decoded cmpi instruction: 0x2f83ffff
1982000: system.cpu: A0 T0 : 0x10012088 @_IO_flush_all_lockp+424    : cmpwi      cr7, r3, -1     : IntAlu :  D=0x0000000028002284  flags=(IsInteger)
1982250: global: Decode: Decoded bc instruction: 0x419e0104
1982250: system.cpu: A0 T0 : 0x1001208c @_IO_flush_all_lockp+428    : bc         30, 12, 0x10012190 : IntAlu :  D=0x000000001000e1a0  flags=(IsInteger|IsControl|IsDirectControl|IsCondControl)
1982500: global: Decode: Decoded bc instruction: 0x41920050
1982500: system.cpu: A0 T0 : 0x10012090 @_IO_flush_all_lockp+432    : bc         18, 12, 0x100120e0 : IntAlu :  D=0x000000001000e1a0  flags=(IsInteger|IsControl|IsDirectControl|IsCondControl)
1982750: global: Decode: Decoded ld instruction: 0xebff0068
1982750: system.cpu: A0 T0 : 0x100120e0 @_IO_flush_all_lockp+512    : ld         r31, 104(r31)   : MemRead :  D=0x00000000100b0558 A=0x100b03a8  flags=(IsInteger|IsLoad)
1983000: global: Decode: Decoded addi instruction: 0x39200000
1983000: system.cpu: A0 T0 : 0x100120e4 @_IO_flush_all_lockp+516    : li         r9, 0           : IntAlu :  D=0x0000000000000000  flags=(IsInteger)
1983250: global: Decode: Decoded std instruction: 0xf93e0010
1983250: system.cpu: A0 T0 : 0x100120e8 @_IO_flush_all_lockp+520    : std        r9, 16(r30)     : MemWrite :  D=0x0000000000000000 A=0x100b2aa0  flags=(IsInteger|IsStore)
1983500: global: Decode: Decoded cmpi instruction: 0x2fbf0000
1983500: system.cpu: A0 T0 : 0x100120ec @_IO_flush_all_lockp+524    : cmpdi      cr7, r31, 0     : IntAlu :  D=0x0000000028002284  flags=(IsInteger)
1983750: global: Decode: Decoded bc instruction: 0x409efed0
1983750: system.cpu: A0 T0 : 0x100120f0 @_IO_flush_all_lockp+528    : bc         30, 4, 0x10011fc0 : IntAlu :  D=0x000000001000e1a0  flags=(IsInteger|IsControl|IsDirectControl|IsCondControl)
1984000: global: Decode: Decoded std instruction: 0xfbfe0010
1984000: system.cpu: A0 T0 : 0x10011fc0 @_IO_flush_all_lockp+224    : std        r31, 16(r30)    : MemWrite :  D=0x00000000100b0558 A=0x100b2aa0  flags=(IsInteger|IsStore)
1984250: global: Decode: Decoded bc instruction: 0x4192005c
1984250: system.cpu: A0 T0 : 0x10011fc4 @_IO_flush_all_lockp+228    : bc         18, 12, 0x10012020 : IntAlu :  D=0x000000001000e1a0  flags=(IsInteger|IsControl|IsDirectControl|IsCondControl)
1984500: global: Decode: Decoded lwz instruction: 0x813f00c0
1984500: system.cpu: A0 T0 : 0x10012020 @_IO_flush_all_lockp+320    : lwz        r9, 192(r31)    : MemRead :  D=0x0000000000000000 A=0x100b0618  flags=(IsInteger|IsLoad)
1984750: global: Decode: Decoded cmpi instruction: 0x2f890000
1984750: system.cpu: A0 T0 : 0x10012024 @_IO_flush_all_lockp+324    : cmpwi      cr7, r9, 0      : IntAlu :  D=0x0000000028002282  flags=(IsInteger)
1985000: global: Decode: Decoded bc instruction: 0x409d0178
1985000: system.cpu: A0 T0 : 0x10012028 @_IO_flush_all_lockp+328    : bc         29, 4, 0x100121a0 : IntAlu :  D=0x000000001000e1a0  flags=(IsInteger|IsControl|IsDirectControl|IsCondControl)
1985250: global: Decode: Decoded ld instruction: 0xe93f0028
1985250: system.cpu: A0 T0 : 0x100121a0 @_IO_flush_all_lockp+704    : ld         r9, 40(r31)     : MemRead :  D=0x0000000000000000 A=0x100b0580  flags=(IsInteger|IsLoad)
1985500: global: Decode: Decoded ld instruction: 0xe95f0020
1985500: system.cpu: A0 T0 : 0x100121a4 @_IO_flush_all_lockp+708    : ld         r10, 32(r31)    : MemRead :  D=0x0000000000000000 A=0x100b0578  flags=(IsInteger|IsLoad)
1985750: global: Decode: Decoded cmpl instruction: 0x7fa95040
1985750: system.cpu: A0 T0 : 0x100121a8 @_IO_flush_all_lockp+712    : cmpld      cr7, r9, r10    : IntAlu :  D=0x0000000028002282  flags=(IsInteger)
1986000: global: Decode: Decoded bc instruction: 0x409dfee4
1986000: system.cpu: A0 T0 : 0x100121ac @_IO_flush_all_lockp+716    : bc         29, 4, 0x10012090 : IntAlu :  D=0x000000001000e1a0  flags=(IsInteger|IsControl|IsDirectControl|IsCondControl)
1986250: global: Decode: Decoded bc instruction: 0x41920050
1986250: system.cpu: A0 T0 : 0x10012090 @_IO_flush_all_lockp+432    : bc         18, 12, 0x100120e0 : IntAlu :  D=0x000000001000e1a0  flags=(IsInteger|IsControl|IsDirectControl|IsCondControl)
1986500: global: Decode: Decoded ld instruction: 0xebff0068
1986500: system.cpu: A0 T0 : 0x100120e0 @_IO_flush_all_lockp+512    : ld         r31, 104(r31)   : MemRead :  D=0x0000000000000000 A=0x100b05c0  flags=(IsInteger|IsLoad)
1986750: global: Decode: Decoded addi instruction: 0x39200000
1986750: system.cpu: A0 T0 : 0x100120e4 @_IO_flush_all_lockp+516    : li         r9, 0           : IntAlu :  D=0x0000000000000000  flags=(IsInteger)
1987000: global: Decode: Decoded std instruction: 0xf93e0010
1987000: system.cpu: A0 T0 : 0x100120e8 @_IO_flush_all_lockp+520    : std        r9, 16(r30)     : MemWrite :  D=0x0000000000000000 A=0x100b2aa0  flags=(IsInteger|IsStore)
1987250: global: Decode: Decoded cmpi instruction: 0x2fbf0000
1987250: system.cpu: A0 T0 : 0x100120ec @_IO_flush_all_lockp+524    : cmpdi      cr7, r31, 0     : IntAlu :  D=0x0000000028002282  flags=(IsInteger)
1987500: global: Decode: Decoded bc instruction: 0x409efed0
1987500: system.cpu: A0 T0 : 0x100120f0 @_IO_flush_all_lockp+528    : bc         30, 4, 0x10011fc0 : IntAlu :  D=0x000000001000e1a0  flags=(IsInteger|IsControl|IsDirectControl|IsCondControl)
1987750: global: Decode: Decoded lwz instruction: 0x813e001c
1987750: system.cpu: A0 T0 : 0x100120f4 @_IO_flush_all_lockp+532    : lwz        r9, 28(r30)     : MemRead :  D=0x0000000000000001 A=0x100b2aac  flags=(IsInteger|IsLoad)
1988000: global: Decode: Decoded ld instruction: 0xeb410090
1988000: system.cpu: A0 T0 : 0x100120f8 @_IO_flush_all_lockp+536    : ld         r26, 144(r1)    : MemRead :  D=0x0000000000000000 A=0x7fffffffe7d0  flags=(IsInteger|IsLoad)
1988250: global: Decode: Decoded ld instruction: 0xeb610098
1988250: system.cpu: A0 T0 : 0x100120fc @_IO_flush_all_lockp+540    : ld         r27, 152(r1)    : MemRead :  D=0x0000000000000001 A=0x7fffffffe7d8  flags=(IsInteger|IsLoad)
1988500: global: Decode: Decoded addi instruction: 0x3929ffff
1988500: system.cpu: A0 T0 : 0x10012100 @_IO_flush_all_lockp+544    : subi       r9, r9, 1       : IntAlu :  D=0x0000000000000000  flags=(IsInteger)
1988750: global: Decode: Decoded extsw instruction: 0x7d2907b4
1988750: system.cpu: A0 T0 : 0x10012104 @_IO_flush_all_lockp+548    : extsw      r9, r9          : IntAlu :  D=0x0000000000000000  flags=(IsInteger)
1989000: global: Decode: Decoded cmpi instruction: 0x2fa90000
1989000: system.cpu: A0 T0 : 0x10012108 @_IO_flush_all_lockp+552    : cmpdi      cr7, r9, 0      : IntAlu :  D=0x0000000028002282  flags=(IsInteger)
1989250: global: Decode: Decoded ori instruction: 0x60000000
1989250: system.cpu: A0 T0 : 0x1001210c @_IO_flush_all_lockp+556    : nop                        : IntAlu :  D=0x0000000010012084  flags=(IsInteger)
1989500: global: Decode: Decoded stw instruction: 0x9122adac
1989500: system.cpu: A0 T0 : 0x10012110 @_IO_flush_all_lockp+560    : stw        r9, -21076(r2)  : MemWrite :  D=0x0000000000000000 A=0x100b2aac  flags=(IsInteger|IsStore)
1989750: global: Decode: Decoded bc instruction: 0x409e0030
1989750: system.cpu: A0 T0 : 0x10012114 @_IO_flush_all_lockp+564    : bc         30, 4, 0x10012144 : IntAlu :  D=0x000000001000e1a0  flags=(IsInteger|IsControl|IsDirectControl|IsCondControl)
1990000: global: Decode: Decoded ori instruction: 0x60000000
1990000: system.cpu: A0 T0 : 0x10012118 @_IO_flush_all_lockp+568    : nop                        : IntAlu :  D=0x0000000010012084  flags=(IsInteger)
1990250: global: Decode: Decoded addi instruction: 0x387e0018
1990250: system.cpu: A0 T0 : 0x1001211c @_IO_flush_all_lockp+572    : addi       r3, r30, 24     : IntAlu :  D=0x00000000100b2aa8  flags=(IsInteger)
1990500: global: Decode: Decoded ori instruction: 0x60000000
1990500: system.cpu: A0 T0 : 0x10012120 @_IO_flush_all_lockp+576    : nop                        : IntAlu :  D=0x0000000010012084  flags=(IsInteger)
1990750: global: Decode: Decoded std instruction: 0xf922adb0
1990750: system.cpu: A0 T0 : 0x10012124 @_IO_flush_all_lockp+580    : std        r9, -21072(r2)  : MemWrite :  D=0x0000000000000000 A=0x100b2ab0  flags=(IsInteger|IsStore)
1991000: global: Decode: Decoded addi instruction: 0x39400000
1991000: system.cpu: A0 T0 : 0x10012128 @_IO_flush_all_lockp+584    : li         r10, 0          : IntAlu :  D=0x0000000000000000  flags=(IsInteger)
1991250: global: Decode: Decoded sync instruction: 0x7c2004ac
1991250: system.cpu: A0 T0 : 0x1001212c @_IO_flush_all_lockp+588    : synco                      : IntAlu :   flags=(IsWriteBarrier|IsReadBarrier)
1991500: global: Decode: Decoded lwarx instruction: 0x7d201828
1991500: system.cpu: A0 T0 : 0x10012130 @_IO_flush_all_lockp+592    : lwarx      r41, 0, r3      : MemRead :  D=0x00000000100b2aa8 A=0x100b2aa8  flags=(IsInteger|IsLoad)
1991750: global: Decode: Decoded stwcx instruction: 0x7d40192d
1991750: system.cpu: A0 T0 : 0x10012134 @_IO_flush_all_lockp+596    : stwcx      r10, r3, r39    : MemWrite :  D=0x0000000028002282 A=0x100b2aa8  flags=(IsInteger|IsStore)
1992000: global: Decode: Decoded bc instruction: 0x40c2fff8
1992000: system.cpu: A0 T0 : 0x10012138 @_IO_flush_all_lockp+600    : bc         2, 6, 0x10012130 : IntAlu :  D=0x000000001000e1a0  flags=(IsInteger|IsControl|IsDirectControl|IsCondControl)
1992250: global: Decode: Decoded cmpi instruction: 0x2f890001
1992250: system.cpu: A0 T0 : 0x1001213c @_IO_flush_all_lockp+604    : cmpwi      cr7, r9, 1      : IntAlu :  D=0x0000000028002282  flags=(IsInteger)
1992500: global: Decode: Decoded bc instruction: 0x419d00b4
1992500: system.cpu: A0 T0 : 0x10012140 @_IO_flush_all_lockp+608    : bc         29, 12, 0x100121f4 : IntAlu :  D=0x000000001000e1a0  flags=(IsInteger|IsControl|IsDirectControl|IsCondControl)
1992750: global: Decode: Decoded cmpi instruction: 0x2fbd0000
1992750: system.cpu: A0 T0 : 0x10012144 @_IO_flush_all_lockp+612    : cmpdi      cr7, r29, 0     : IntAlu :  D=0x0000000028002282  flags=(IsInteger)
1993000: global: Decode: Decoded bc instruction: 0x419e0014
1993000: system.cpu: A0 T0 : 0x10012148 @_IO_flush_all_lockp+616    : bc         30, 12, 0x1001215c : IntAlu :  D=0x000000001000e1a0  flags=(IsInteger|IsControl|IsDirectControl|IsCondControl)
1993250: global: Decode: Decoded addi instruction: 0x382100c0
1993250: system.cpu: A0 T0 : 0x1001215c @_IO_flush_all_lockp+636    : addi       r1, r1, 192     : IntAlu :  D=0x00007fffffffe800  flags=(IsInteger)
1993500: global: Decode: Decoded or instruction: 0x7f83e378
1993500: system.cpu: A0 T0 : 0x10012160 @_IO_flush_all_lockp+640    : mr         r3, r28         : IntAlu :  D=0x0000000000000000  flags=(IsInteger)
1993750: global: Decode: Decoded ld instruction: 0xe8010010
1993750: system.cpu: A0 T0 : 0x10012164 @_IO_flush_all_lockp+644    : ld         r0, 16(r1)      : MemRead :  D=0x0000000010012298 A=0x7fffffffe810  flags=(IsInteger|IsLoad)
1994000: global: Decode: Decoded lwz instruction: 0x81810008
1994000: system.cpu: A0 T0 : 0x10012168 @_IO_flush_all_lockp+648    : lwz        r12, 8(r1)      : MemRead :  D=0x0000000028000288 A=0x7fffffffe808  flags=(IsInteger|IsLoad)
1994250: global: Decode: Decoded ld instruction: 0xeb81ffe0
1994250: system.cpu: A0 T0 : 0x1001216c @_IO_flush_all_lockp+652    : ld         r28, -32(r1)    : MemRead :  D=0x0000000000000000 A=0x7fffffffe7e0  flags=(IsInteger|IsLoad)
1994500: global: Decode: Decoded ld instruction: 0xeba1ffe8
1994500: system.cpu: A0 T0 : 0x10012170 @_IO_flush_all_lockp+656    : ld         r29, -24(r1)    : MemRead :  D=0x0000000000000000 A=0x7fffffffe7e8  flags=(IsInteger|IsLoad)
1994750: global: Decode: Decoded ld instruction: 0xebc1fff0
1994750: system.cpu: A0 T0 : 0x10012174 @_IO_flush_all_lockp+660    : ld         r30, -16(r1)    : MemRead :  D=0x0000000010082a40 A=0x7fffffffe7f0  flags=(IsInteger|IsLoad)
1995000: global: Decode: Decoded ld instruction: 0xebe1fff8
1995000: system.cpu: A0 T0 : 0x10012178 @_IO_flush_all_lockp+664    : ld         r31, -8(r1)     : MemRead :  D=0x0000000010082a40 A=0x7fffffffe7f8  flags=(IsInteger|IsLoad)
1995250: global: Decode: Decoded mtlr instruction: 0x7c0803a6
1995250: system.cpu: A0 T0 : 0x1001217c @_IO_flush_all_lockp+668    : mtlr       r0              : IntAlu :  D=0x0000000010012298  flags=(IsInteger)
1995500: global: Decode: Decoded mtocrf instruction: 0x7d908120
1995500: system.cpu: A0 T0 : 0x10012180 @_IO_flush_all_lockp+672    : mtocrf     r32, r12, r32   : IntAlu :  D=0x0000000028000282  flags=(IsInteger)
1995750: global: Decode: Decoded bclr instruction: 0x4e800020
1995750: system.cpu: A0 T0 : 0x10012184 @_IO_flush_all_lockp+676    : bclr       0, 20           : IntAlu :  D=0x000000001000e1a0  flags=(IsInteger|IsControl|IsIndirectControl|IsCondControl|IsReturn)
1996000: global: Decode: Decoded ori instruction: 0x60000000
1996000: system.cpu: A0 T0 : 0x10012298 @_IO_cleanup+40    : nop                        : IntAlu :  D=0x0000000010012298  flags=(IsInteger)
1996250: global: Decode: Decoded ld instruction: 0xeba28150
1996250: system.cpu: A0 T0 : 0x1001229c @_IO_cleanup+44    : ld         r29, -32432(r2) : MemRead :  D=0x0000000000000000 A=0x100afe50  flags=(IsInteger|IsLoad)
1996500: global: Decode: Decoded or instruction: 0x7c7b1b78
1996500: system.cpu: A0 T0 : 0x100122a0 @_IO_cleanup+48    : mr         r27, r3         : IntAlu :  D=0x0000000000000000  flags=(IsInteger)
1996750: global: Decode: Decoded cmpi instruction: 0x2fbd0000
1996750: system.cpu: A0 T0 : 0x100122a4 @_IO_cleanup+52    : cmpdi      cr7, r29, 0     : IntAlu :  D=0x0000000028000282  flags=(IsInteger)
1997000: global: Decode: Decoded bc instruction: 0x419e0328
1997000: system.cpu: A0 T0 : 0x100122a8 @_IO_cleanup+56    : bc         30, 12, 0x100125d0 : IntAlu :  D=0x000000001000e1a0  flags=(IsInteger|IsControl|IsDirectControl|IsCondControl)
1997250: global: Decode: Decoded addis instruction: 0x3d22ffff
1997250: system.cpu: A0 T0 : 0x100125d0 @_IO_cleanup+864    : subis      r9, r2, 1       : IntAlu :  D=0x00000000100a7d00  flags=(IsInteger)
1997500: global: Decode: Decoded std instruction: 0xfba10078
1997500: system.cpu: A0 T0 : 0x100125d4 @_IO_cleanup+868    : std        r29, 120(r1)    : MemWrite :  D=0x0000000000000000 A=0x7fffffffe878  flags=(IsInteger|IsStore)
1997750: global: Decode: Decoded addi instruction: 0x39293f68
1997750: system.cpu: A0 T0 : 0x100125d8 @_IO_cleanup+872    : addi       r9, r9, 16232   : IntAlu :  D=0x00000000100abc68  flags=(IsInteger)
1998000: global: Decode: Decoded std instruction: 0xf9210070
1998000: system.cpu: A0 T0 : 0x100125dc @_IO_cleanup+876    : std        r9, 112(r1)     : MemWrite :  D=0x00000000100abc68 A=0x7fffffffe870  flags=(IsInteger|IsStore)
1998250: global: Decode: Decoded b instruction: 0x4bfffce4
1998250: system.cpu: A0 T0 : 0x100125e0 @_IO_cleanup+880    : b          0x100122c4      : IntAlu :   flags=(IsControl|IsDirectControl|IsUncondControl)
1998500: global: Decode: Decoded ori instruction: 0x60000000
1998500: system.cpu: A0 T0 : 0x100122c4 @_IO_cleanup+84    : nop                        : IntAlu :  D=0x0000000010012298  flags=(IsInteger)
1998750: global: Decode: Decoded ld instruction: 0xe922adb0
1998750: system.cpu: A0 T0 : 0x100122c8 @_IO_cleanup+88    : ld         r9, -21072(r2)  : MemRead :  D=0x0000000000000000 A=0x100b2ab0  flags=(IsInteger|IsLoad)
1999000: global: Decode: Decoded addi instruction: 0x3bed8890
1999000: system.cpu: A0 T0 : 0x100122cc @_IO_cleanup+92    : subi       r31, r13, 30576 : IntAlu :  D=0x00000000100b4000  flags=(IsInteger)
1999250: global: Decode: Decoded ori instruction: 0x60000000
1999250: system.cpu: A0 T0 : 0x100122d0 @_IO_cleanup+96    : nop                        : IntAlu :  D=0x0000000010012298  flags=(IsInteger)
1999500: global: Decode: Decoded addi instruction: 0x3b82ad90
1999500: system.cpu: A0 T0 : 0x100122d4 @_IO_cleanup+100    : subi       r28, r2, 21104  : IntAlu :  D=0x00000000100b2a90  flags=(IsInteger)
1999750: global: Decode: Decoded cmp instruction: 0x7fbf4800
1999750: system.cpu: A0 T0 : 0x100122d8 @_IO_cleanup+104    : cmpd       cr7, r31, r9    : IntAlu :  D=0x0000000028000284  flags=(IsInteger)
2000000: global: Decode: Decoded bc instruction: 0x419e003c
2000000: system.cpu: A0 T0 : 0x100122dc @_IO_cleanup+108    : bc         30, 12, 0x10012318 : IntAlu :  D=0x000000001000e1a0  flags=(IsInteger|IsControl|IsDirectControl|IsCondControl)
2000250: global: Decode: Decoded addi instruction: 0x39200000
2000250: system.cpu: A0 T0 : 0x100122e0 @_IO_cleanup+112    : li         r9, 0           : IntAlu :  D=0x0000000000000000  flags=(IsInteger)
2000500: global: Decode: Decoded addi instruction: 0x387c0018
2000500: system.cpu: A0 T0 : 0x100122e4 @_IO_cleanup+116    : addi       r3, r28, 24     : IntAlu :  D=0x00000000100b2aa8  flags=(IsInteger)
2000750: global: Decode: Decoded addi instruction: 0x39000001
2000750: system.cpu: A0 T0 : 0x100122e8 @_IO_cleanup+120    : li         r8, 1           : IntAlu :  D=0x0000000000000001  flags=(IsInteger)
2001000: global: Decode: Decoded rldicl instruction: 0x79290020
2001000: system.cpu: A0 T0 : 0x100122ec @_IO_cleanup+124    : clrldi     r9, r9, 32      : IntAlu :  D=0x0000000000000000  flags=(IsInteger)
2001250: global: Decode: Decoded lwarx instruction: 0x7d401828
2001250: system.cpu: A0 T0 : 0x100122f0 @_IO_cleanup+128    : lwarx      r41, 0, r3      : MemRead :  D=0x00000000100b2aa8 A=0x100b2aa8  flags=(IsInteger|IsLoad)
2001500: global: Decode: Decoded subf instruction: 0x7d495051
2001500: system.cpu: A0 T0 : 0x100122f4 @_IO_cleanup+132    : subf.      r10, r9, r10    : IntAlu :  D=0x0000000028000284  flags=(IsInteger)
2001750: global: Decode: Decoded bc instruction: 0x4082000c
2001750: system.cpu: A0 T0 : 0x100122f8 @_IO_cleanup+136    : bc         2, 4, 0x10012304 : IntAlu :  D=0x000000001000e1a0  flags=(IsInteger|IsControl|IsDirectControl|IsCondControl)
2002000: global: Decode: Decoded stwcx instruction: 0x7d00192d
2002000: system.cpu: A0 T0 : 0x100122fc @_IO_cleanup+140    : stwcx      r8, r3, r39     : MemWrite :  D=0x0000000028000284 A=0x100b2aa8  flags=(IsInteger|IsStore)
2002250: global: Decode: Decoded bc instruction: 0x40c2fff0
2002250: system.cpu: A0 T0 : 0x10012300 @_IO_cleanup+144    : bc         2, 6, 0x100122f0 : IntAlu :  D=0x000000001000e1a0  flags=(IsInteger|IsControl|IsDirectControl|IsCondControl)
2002500: global: Decode: Decoded isync instruction: 0x4c00012c
2002500: system.cpu: A0 T0 : 0x10012304 @_IO_cleanup+148    : isync                      : IntAlu :   flags=(IsSerializeAfter)
2002750: global: Decode: Decoded cmpi instruction: 0x2f8a0000
2002750: system.cpu: A0 T0 : 0x10012308 @_IO_cleanup+152    : cmpwi      cr7, r10, 0     : IntAlu :  D=0x0000000028000282  flags=(IsInteger)
2003000: global: Decode: Decoded bc instruction: 0x409e0324
2003000: system.cpu: A0 T0 : 0x1001230c @_IO_cleanup+156    : bc         30, 4, 0x10012630 : IntAlu :  D=0x000000001000e1a0  flags=(IsInteger|IsControl|IsDirectControl|IsCondControl)
2003250: global: Decode: Decoded ori instruction: 0x60000000
2003250: system.cpu: A0 T0 : 0x10012310 @_IO_cleanup+160    : nop                        : IntAlu :  D=0x0000000010012298  flags=(IsInteger)
2003500: global: Decode: Decoded std instruction: 0xfbe2adb0
2003500: system.cpu: A0 T0 : 0x10012314 @_IO_cleanup+164    : std        r31, -21072(r2) : MemWrite :  D=0x00000000100b4000 A=0x100b2ab0  flags=(IsInteger|IsStore)
2003750: global: Decode: Decoded ori instruction: 0x60000000
2003750: system.cpu: A0 T0 : 0x10012318 @_IO_cleanup+168    : nop                        : IntAlu :  D=0x0000000010012298  flags=(IsInteger)
2004000: global: Decode: Decoded ori instruction: 0x60000000
2004000: system.cpu: A0 T0 : 0x1001231c @_IO_cleanup+172    : nop                        : IntAlu :  D=0x0000000010012298  flags=(IsInteger)
2004250: global: Decode: Decoded ld instruction: 0xebe28420
2004250: system.cpu: A0 T0 : 0x10012320 @_IO_cleanup+176    : ld         r31, -31712(r2) : MemRead :  D=0x00000000100b0128 A=0x100b0120  flags=(IsInteger|IsLoad)
2004500: global: Decode: Decoded lwa instruction: 0xe922adae
2004500: system.cpu: A0 T0 : 0x10012324 @_IO_cleanup+180    : lwa        r9, -21076(r2)  : MemRead :  D=0x0000000000000000 A=0x100b2aac  flags=(IsInteger|IsLoad)
2004750: global: Decode: Decoded cmpi instruction: 0x2fbf0000
2004750: system.cpu: A0 T0 : 0x10012328 @_IO_cleanup+184    : cmpdi      cr7, r31, 0     : IntAlu :  D=0x0000000028000284  flags=(IsInteger)
2005000: global: Decode: Decoded addi instruction: 0x39490001
2005000: system.cpu: A0 T0 : 0x1001232c @_IO_cleanup+188    : addi       r10, r9, 1      : IntAlu :  D=0x0000000000000001  flags=(IsInteger)
2005250: global: Decode: Decoded stw instruction: 0x9142adac
2005250: system.cpu: A0 T0 : 0x10012330 @_IO_cleanup+192    : stw        r10, -21076(r2) : MemWrite :  D=0x0000000000000001 A=0x100b2aac  flags=(IsInteger|IsStore)
2005500: global: Decode: Decoded bc instruction: 0x419e01d4
2005500: system.cpu: A0 T0 : 0x10012334 @_IO_cleanup+196    : bc         30, 12, 0x10012508 : IntAlu :  D=0x000000001000e1a0  flags=(IsInteger|IsControl|IsDirectControl|IsCondControl)
2005750: global: Decode: Decoded std instruction: 0xfae10098
2005750: system.cpu: A0 T0 : 0x10012338 @_IO_cleanup+200    : std        r23, 152(r1)    : MemWrite :  D=0x0000000000000001 A=0x7fffffffe898  flags=(IsInteger|IsStore)
2006000: global: Decode: Decoded std instruction: 0xfb0100a0
2006000: system.cpu: A0 T0 : 0x1001233c @_IO_cleanup+204    : std        r24, 160(r1)    : MemWrite :  D=0x00000000100b0110 A=0x7fffffffe8a0  flags=(IsInteger|IsStore)
2006250: global: Decode: Decoded addi instruction: 0x3ae00001
2006250: system.cpu: A0 T0 : 0x10012340 @_IO_cleanup+208    : li         r23, 1          : IntAlu :  D=0x0000000000000001  flags=(IsInteger)
2006500: global: Decode: Decoded addi instruction: 0x3b00ffff
2006500: system.cpu: A0 T0 : 0x10012344 @_IO_cleanup+212    : li         r24, -1         : IntAlu :  D=0xffffffffffffffff  flags=(IsInteger)
2006750: global: Decode: Decoded std instruction: 0xfb2100a8
2006750: system.cpu: A0 T0 : 0x10012348 @_IO_cleanup+216    : std        r25, 168(r1)    : MemWrite :  D=0x0000000000000000 A=0x7fffffffe8a8  flags=(IsInteger|IsStore)
2007000: global: Decode: Decoded std instruction: 0xfb4100b0
2007000: system.cpu: A0 T0 : 0x1001234c @_IO_cleanup+220    : std        r26, 176(r1)    : MemWrite :  D=0x0000000000000000 A=0x7fffffffe8b0  flags=(IsInteger|IsStore)
2007250: global: Decode: Decoded addi instruction: 0x3b200000
2007250: system.cpu: A0 T0 : 0x10012350 @_IO_cleanup+224    : li         r25, 0          : IntAlu :  D=0x0000000000000000  flags=(IsInteger)
2007500: global: Decode: Decoded addi instruction: 0x3b400001
2007500: system.cpu: A0 T0 : 0x10012354 @_IO_cleanup+228    : li         r26, 1          : IntAlu :  D=0x0000000000000001  flags=(IsInteger)
2007750: global: Decode: Decoded std instruction: 0xfac10090
2007750: system.cpu: A0 T0 : 0x10012358 @_IO_cleanup+232    : std        r22, 144(r1)    : MemWrite :  D=0x00000000100b3510 A=0x7fffffffe890  flags=(IsInteger|IsStore)
2008000: global: Decode: Decoded std instruction: 0xfbc100d0
2008000: system.cpu: A0 T0 : 0x1001235c @_IO_cleanup+236    : std        r30, 208(r1)    : MemWrite :  D=0x0000000010082a40 A=0x7fffffffe8d0  flags=(IsInteger|IsStore)
2008250: global: Decode: Decoded b instruction: 0x48000020
2008250: system.cpu: A0 T0 : 0x10012360 @_IO_cleanup+240    : b          0x10012380      : IntAlu :   flags=(IsControl|IsDirectControl|IsUncondControl)
2008500: global: Decode: Decoded lwz instruction: 0x813f0000
2008500: system.cpu: A0 T0 : 0x10012380 @_IO_cleanup+272    : lwz        r9, 0(r31)      : MemRead :  D=0x00000000fbad2086 A=0x100b0128  flags=(IsInteger|IsLoad)
2008750: global: Decode: Decoded rlwinm instruction: 0x552907bc
2008750: system.cpu: A0 T0 : 0x10012384 @_IO_cleanup+276    : rlwinm     r9, r9, 0, 30, 30 : IntAlu :  D=0x0000000000000002  flags=(IsInteger)
2009000: global: Decode: Decoded extsw instruction: 0x7d3e07b5
2009000: system.cpu: A0 T0 : 0x10012388 @_IO_cleanup+280    : extsw.     r30, r9         : IntAlu :  D=0x0000000048000284  flags=(IsInteger)
2009250: global: Decode: Decoded bc instruction: 0x4082ffe4
2009250: system.cpu: A0 T0 : 0x1001238c @_IO_cleanup+284    : bc         2, 4, 0x10012370 : IntAlu :  D=0x000000001000e1a0  flags=(IsInteger|IsControl|IsDirectControl|IsCondControl)
2009500: global: Decode: Decoded stw instruction: 0x931f00c0
2009500: system.cpu: A0 T0 : 0x10012370 @_IO_cleanup+256    : stw        r24, 192(r31)   : MemWrite :  D=0x00000000ffffffff A=0x100b01e8  flags=(IsInteger|IsStore)
2009750: global: Decode: Decoded ld instruction: 0xebff0068
2009750: system.cpu: A0 T0 : 0x10012374 @_IO_cleanup+260    : ld         r31, 104(r31)   : MemRead :  D=0x00000000100b0340 A=0x100b0190  flags=(IsInteger|IsLoad)
2010000: global: Decode: Decoded cmpi instruction: 0x2fbf0000
2010000: system.cpu: A0 T0 : 0x10012378 @_IO_cleanup+264    : cmpdi      cr7, r31, 0     : IntAlu :  D=0x0000000048000284  flags=(IsInteger)
2010250: global: Decode: Decoded bc instruction: 0x419e0164
2010250: system.cpu: A0 T0 : 0x1001237c @_IO_cleanup+268    : bc         30, 12, 0x100124e0 : IntAlu :  D=0x000000001000e1a0  flags=(IsInteger|IsControl|IsDirectControl|IsCondControl)
2010500: global: Decode: Decoded lwz instruction: 0x813f0000
2010500: system.cpu: A0 T0 : 0x10012380 @_IO_cleanup+272    : lwz        r9, 0(r31)      : MemRead :  D=0x00000000fbad2884 A=0x100b0340  flags=(IsInteger|IsLoad)
2010750: global: Decode: Decoded rlwinm instruction: 0x552907bc
2010750: system.cpu: A0 T0 : 0x10012384 @_IO_cleanup+276    : rlwinm     r9, r9, 0, 30, 30 : IntAlu :  D=0x0000000000000000  flags=(IsInteger)
2011000: global: Decode: Decoded extsw instruction: 0x7d3e07b5
2011000: system.cpu: A0 T0 : 0x10012388 @_IO_cleanup+280    : extsw.     r30, r9         : IntAlu :  D=0x0000000028000284  flags=(IsInteger)
2011250: global: Decode: Decoded bc instruction: 0x4082ffe4
2011250: system.cpu: A0 T0 : 0x1001238c @_IO_cleanup+284    : bc         2, 4, 0x10012370 : IntAlu :  D=0x000000001000e1a0  flags=(IsInteger|IsControl|IsDirectControl|IsCondControl)
2011500: global: Decode: Decoded lwz instruction: 0x813f00c0
2011500: system.cpu: A0 T0 : 0x10012390 @_IO_cleanup+288    : lwz        r9, 192(r31)    : MemRead :  D=0x00000000ffffffff A=0x100b0400  flags=(IsInteger|IsLoad)
2011750: global: Decode: Decoded cmpi instruction: 0x2f890000
2011750: system.cpu: A0 T0 : 0x10012394 @_IO_cleanup+292    : cmpwi      cr7, r9, 0      : IntAlu :  D=0x0000000028000288  flags=(IsInteger)
2012000: global: Decode: Decoded bc instruction: 0x419effd8
2012000: system.cpu: A0 T0 : 0x10012398 @_IO_cleanup+296    : bc         30, 12, 0x10012370 : IntAlu :  D=0x000000001000e1a0  flags=(IsInteger|IsControl|IsDirectControl|IsCondControl)
2012250: global: Decode: Decoded ld instruction: 0xe93f0088
2012250: system.cpu: A0 T0 : 0x1001239c @_IO_cleanup+300    : ld         r9, 136(r31)    : MemRead :  D=0x00000000100b2ad0 A=0x100b03c8  flags=(IsInteger|IsLoad)
2012500: global: Decode: Decoded addi instruction: 0x38ed8890
2012500: system.cpu: A0 T0 : 0x100123a0 @_IO_cleanup+304    : subi       r7, r13, 30576  : IntAlu :  D=0x00000000100b4000  flags=(IsInteger)
2012750: global: Decode: Decoded or instruction: 0x7f28cb78
2012750: system.cpu: A0 T0 : 0x100123a4 @_IO_cleanup+308    : mr         r8, r25         : IntAlu :  D=0x0000000000000000  flags=(IsInteger)
2013000: global: Decode: Decoded cmpi instruction: 0x2fa90000
2013000: system.cpu: A0 T0 : 0x100123a8 @_IO_cleanup+312    : cmpdi      cr7, r9, 0      : IntAlu :  D=0x0000000028000284  flags=(IsInteger)
2013250: global: Decode: Decoded bc instruction: 0x419e0040
2013250: system.cpu: A0 T0 : 0x100123ac @_IO_cleanup+316    : bc         30, 12, 0x100123ec : IntAlu :  D=0x000000001000e1a0  flags=(IsInteger|IsControl|IsDirectControl|IsCondControl)
2013500: global: Decode: Decoded ld instruction: 0xe9490008
2013500: system.cpu: A0 T0 : 0x100123b0 @_IO_cleanup+320    : ld         r10, 8(r9)      : MemRead :  D=0x0000000000000000 A=0x100b2ad8  flags=(IsInteger|IsLoad)
2013750: global: Decode: Decoded cmp instruction: 0x7fa75000
2013750: system.cpu: A0 T0 : 0x100123b4 @_IO_cleanup+324    : cmpd       cr7, r7, r10    : IntAlu :  D=0x0000000028000284  flags=(IsInteger)
2014000: global: Decode: Decoded bc instruction: 0x419e0288
2014000: system.cpu: A0 T0 : 0x100123b8 @_IO_cleanup+328    : bc         30, 12, 0x10012640 : IntAlu :  D=0x000000001000e1a0  flags=(IsInteger|IsControl|IsDirectControl|IsCondControl)
2014250: global: Decode: Decoded rldicl instruction: 0x79080020
2014250: system.cpu: A0 T0 : 0x100123bc @_IO_cleanup+332    : clrldi     r8, r8, 32      : IntAlu :  D=0x0000000000000000  flags=(IsInteger)
2014500: global: Decode: Decoded lwarx instruction: 0x7d404828
2014500: system.cpu: A0 T0 : 0x100123c0 @_IO_cleanup+336    : lwarx      r41, 0, r9      : MemRead :  D=0x00000000100b2ad0 A=0x100b2ad0  flags=(IsInteger|IsLoad)
2014750: global: Decode: Decoded subf instruction: 0x7d485051
2014750: system.cpu: A0 T0 : 0x100123c4 @_IO_cleanup+340    : subf.      r10, r8, r10    : IntAlu :  D=0x0000000028000284  flags=(IsInteger)
2015000: global: Decode: Decoded bc instruction: 0x4082000c
2015000: system.cpu: A0 T0 : 0x100123c8 @_IO_cleanup+344    : bc         2, 4, 0x100123d4 : IntAlu :  D=0x000000001000e1a0  flags=(IsInteger|IsControl|IsDirectControl|IsCondControl)
2015250: global: Decode: Decoded stwcx instruction: 0x7f40492d
2015250: system.cpu: A0 T0 : 0x100123cc @_IO_cleanup+348    : stwcx      r26, r9, r39    : MemWrite :  D=0x0000000028000284 A=0x100b2ad0  flags=(IsInteger|IsStore)
2015500: global: Decode: Decoded bc instruction: 0x40c2fff0
2015500: system.cpu: A0 T0 : 0x100123d0 @_IO_cleanup+352    : bc         2, 6, 0x100123c0 : IntAlu :  D=0x000000001000e1a0  flags=(IsInteger|IsControl|IsDirectControl|IsCondControl)
2015750: global: Decode: Decoded isync instruction: 0x4c00012c
2015750: system.cpu: A0 T0 : 0x100123d4 @_IO_cleanup+356    : isync                      : IntAlu :   flags=(IsSerializeAfter)
2016000: global: Decode: Decoded cmpi instruction: 0x2f8a0000
2016000: system.cpu: A0 T0 : 0x100123d8 @_IO_cleanup+360    : cmpwi      cr7, r10, 0     : IntAlu :  D=0x0000000028000282  flags=(IsInteger)
2016250: global: Decode: Decoded bc instruction: 0x409e0214
2016250: system.cpu: A0 T0 : 0x100123dc @_IO_cleanup+364    : bc         30, 4, 0x100125f0 : IntAlu :  D=0x000000001000e1a0  flags=(IsInteger|IsControl|IsDirectControl|IsCondControl)
2016500: global: Decode: Decoded ld instruction: 0xe93f0088
2016500: system.cpu: A0 T0 : 0x100123e0 @_IO_cleanup+368    : ld         r9, 136(r31)    : MemRead :  D=0x00000000100b2ad0 A=0x100b03c8  flags=(IsInteger|IsLoad)
2016750: global: Decode: Decoded std instruction: 0xf8e90008
2016750: system.cpu: A0 T0 : 0x100123e4 @_IO_cleanup+372    : std        r7, 8(r9)       : MemWrite :  D=0x00000000100b4000 A=0x100b2ad8  flags=(IsInteger|IsStore)
2017000: global: Decode: Decoded stw instruction: 0x92e90004
2017000: system.cpu: A0 T0 : 0x100123e8 @_IO_cleanup+376    : stw        r23, 4(r9)      : MemWrite :  D=0x0000000000000001 A=0x100b2ad4  flags=(IsInteger|IsStore)
2017250: global: Decode: Decoded lbz instruction: 0x893c0000
2017250: system.cpu: A0 T0 : 0x100123ec @_IO_cleanup+380    : lbz        r9, 0(r28)      : MemRead :  D=0x0000000000000000 A=0x100b2a90  flags=(IsInteger|IsLoad)
2017500: global: Decode: Decoded cmpi instruction: 0x2f890000
2017500: system.cpu: A0 T0 : 0x100123f0 @_IO_cleanup+384    : cmpwi      cr7, r9, 0      : IntAlu :  D=0x0000000028000282  flags=(IsInteger)
2017750: global: Decode: Decoded bc instruction: 0x409e0010
2017750: system.cpu: A0 T0 : 0x100123f4 @_IO_cleanup+388    : bc         30, 4, 0x10012404 : IntAlu :  D=0x000000001000e1a0  flags=(IsInteger|IsControl|IsDirectControl|IsCondControl)
2018000: global: Decode: Decoded lwa instruction: 0xe93f0002
2018000: system.cpu: A0 T0 : 0x100123f8 @_IO_cleanup+392    : lwa        r9, 0(r31)      : MemRead :  D=0xfffffffffbad2884 A=0x100b0340  flags=(IsInteger|IsLoad)
2018250: global: Decode: Decoded andi_ instruction: 0x712a0001
2018250: system.cpu: A0 T0 : 0x100123fc @_IO_cleanup+396    : andi.      r10, r9, 1      : IntAlu :  D=0x0000000028000282  flags=(IsInteger)
2018500: global: Decode: Decoded bc instruction: 0x41820180
2018500: system.cpu: A0 T0 : 0x10012400 @_IO_cleanup+400    : bc         2, 12, 0x10012580 : IntAlu :  D=0x000000001000e1a0  flags=(IsInteger|IsControl|IsDirectControl|IsCondControl)
2018750: global: Decode: Decoded ld instruction: 0xe91c0008
2018750: system.cpu: A0 T0 : 0x10012580 @_IO_cleanup+784    : ld         r8, 8(r28)      : MemRead :  D=0x0000000000000000 A=0x100b2a98  flags=(IsInteger|IsLoad)
2019000: global: Decode: Decoded ori instruction: 0x61290001
2019000: system.cpu: A0 T0 : 0x10012584 @_IO_cleanup+788    : ori        r9, r9, 1       : IntAlu :  D=0xfffffffffbad2885  flags=(IsInteger)
2019250: global: Decode: Decoded ld instruction: 0xe95f0038
2019250: system.cpu: A0 T0 : 0x10012588 @_IO_cleanup+792    : ld         r10, 56(r31)    : MemRead :  D=0x00000000100b5360 A=0x100b0378  flags=(IsInteger|IsLoad)
2019500: global: Decode: Decoded ld instruction: 0xeadf00d8
2019500: system.cpu: A0 T0 : 0x1001258c @_IO_cleanup+796    : ld         r22, 216(r31)   : MemRead :  D=0x00000000100b1ce0 A=0x100b0418  flags=(IsInteger|IsLoad)
2019750: global: Decode: Decoded std instruction: 0xfbfc0008
2019750: system.cpu: A0 T0 : 0x10012590 @_IO_cleanup+800    : std        r31, 8(r28)     : MemWrite :  D=0x00000000100b0340 A=0x100b2a98  flags=(IsInteger|IsStore)
2020000: global: Decode: Decoded stw instruction: 0x913f0000
2020000: system.cpu: A0 T0 : 0x10012594 @_IO_cleanup+804    : stw        r9, 0(r31)      : MemWrite :  D=0x00000000fbad2885 A=0x100b0340  flags=(IsInteger|IsStore)
2020250: global: Decode: Decoded ori instruction: 0x60000000
2020250: system.cpu: A0 T0 : 0x10012598 @_IO_cleanup+808    : nop                        : IntAlu :  D=0x0000000010012298  flags=(IsInteger)
2020500: global: Decode: Decoded addi instruction: 0x39229de8
2020500: system.cpu: A0 T0 : 0x1001259c @_IO_cleanup+812    : subi       r9, r2, 25112   : IntAlu :  D=0x00000000100b1ae8  flags=(IsInteger)
2020750: global: Decode: Decoded std instruction: 0xf91f00a8
2020750: system.cpu: A0 T0 : 0x100125a0 @_IO_cleanup+816    : std        r8, 168(r31)    : MemWrite :  D=0x0000000000000000 A=0x100b03e8  flags=(IsInteger|IsStore)
2021000: global: Decode: Decoded ori instruction: 0x60000000
2021000: system.cpu: A0 T0 : 0x100125a4 @_IO_cleanup+820    : nop                        : IntAlu :  D=0x0000000010012298  flags=(IsInteger)
2021250: global: Decode: Decoded addi instruction: 0x3902a3d0
2021250: system.cpu: A0 T0 : 0x100125a8 @_IO_cleanup+824    : subi       r8, r2, 23600   : IntAlu :  D=0x00000000100b20d0  flags=(IsInteger)
2021500: global: Decode: Decoded std instruction: 0xf95f00b0
2021500: system.cpu: A0 T0 : 0x100125ac @_IO_cleanup+828    : std        r10, 176(r31)   : MemWrite :  D=0x00000000100b5360 A=0x100b03f0  flags=(IsInteger|IsStore)
2021750: global: Decode: Decoded subf instruction: 0x7d49b050
2021750: system.cpu: A0 T0 : 0x100125b0 @_IO_cleanup+832    : subf       r10, r9, r22    : IntAlu :  D=0x00000000000001f8  flags=(IsInteger)
2022000: global: Decode: Decoded subf instruction: 0x7d294050
2022000: system.cpu: A0 T0 : 0x100125b4 @_IO_cleanup+836    : subf       r9, r9, r8      : IntAlu :  D=0x00000000000005e8  flags=(IsInteger)
2022250: global: Decode: Decoded cmpl instruction: 0x7fa95040
2022250: system.cpu: A0 T0 : 0x100125b8 @_IO_cleanup+840    : cmpld      cr7, r9, r10    : IntAlu :  D=0x0000000028000284  flags=(IsInteger)
2022500: global: Decode: Decoded bc instruction: 0x419dfe6c
2022500: system.cpu: A0 T0 : 0x100125bc @_IO_cleanup+844    : bc         29, 12, 0x10012428 : IntAlu :  D=0x000000001000e1a0  flags=(IsInteger|IsControl|IsDirectControl|IsCondControl)
2022750: global: Decode: Decoded ld instruction: 0xe9360058
2022750: system.cpu: A0 T0 : 0x10012428 @_IO_cleanup+440    : ld         r9, 88(r22)     : MemRead :  D=0x00000000100ab968 A=0x100b1d38  flags=(IsInteger|IsLoad)
2023000: global: Decode: Decoded addi instruction: 0x38a00000
2023000: system.cpu: A0 T0 : 0x1001242c @_IO_cleanup+444    : li         r5, 0           : IntAlu :  D=0x0000000000000000  flags=(IsInteger)
2023250: global: Decode: Decoded addi instruction: 0x38800000
2023250: system.cpu: A0 T0 : 0x10012430 @_IO_cleanup+448    : li         r4, 0           : IntAlu :  D=0x0000000000000000  flags=(IsInteger)
2023500: global: Decode: Decoded or instruction: 0x7fe3fb78
2023500: system.cpu: A0 T0 : 0x10012434 @_IO_cleanup+452    : mr         r3, r31         : IntAlu :  D=0x00000000100b0340  flags=(IsInteger)
2023750: global: Decode: Decoded ld instruction: 0xe9490000
2023750: system.cpu: A0 T0 : 0x10012438 @_IO_cleanup+456    : ld         r10, 0(r9)      : MemRead :  D=0x000000001000cb00 A=0x100ab968  flags=(IsInteger|IsLoad)
2024000: global: Decode: Decoded ld instruction: 0xe9690010
2024000: system.cpu: A0 T0 : 0x1001243c @_IO_cleanup+460    : ld         r11, 16(r9)     : MemRead :  D=0x0000000000000000 A=0x100ab978  flags=(IsInteger|IsLoad)
2024250: global: Decode: Decoded mtctr instruction: 0x7d4903a6
2024250: system.cpu: A0 T0 : 0x10012440 @_IO_cleanup+464    : mtctr      r10             : IntAlu :  D=0x000000001000cb00  flags=(IsInteger)
2024500: global: Decode: Decoded ld instruction: 0xe8490008
2024500: system.cpu: A0 T0 : 0x10012444 @_IO_cleanup+468    : ld         r2, 8(r9)       : MemRead :  D=0x00000000100b7d00 A=0x100ab970  flags=(IsInteger|IsLoad)
2024750: global: Decode: Decoded bcctr instruction: 0x4e800421
2024750: system.cpu: A0 T0 : 0x10012448 @_IO_cleanup+472    : bcctrl     0, 20           : IntAlu :  D=0x000000001001244c  flags=(IsInteger|IsControl|IsIndirectControl|IsCondControl|IsCall)
2025000: global: Decode: Decoded mflr instruction: 0x7c0802a6
2025000: system.cpu: A0 T0 : 0x1000cb00 @_IO_new_file_setbuf    : mflr       r0              : IntAlu :  D=0x000000001001244c  flags=(IsInteger)
2025250: global: Decode: Decoded std instruction: 0xfbe1fff8
2025250: system.cpu: A0 T0 : 0x1000cb04 @_IO_new_file_setbuf+4    : std        r31, -8(r1)     : MemWrite :  D=0x00000000100b0340 A=0x7fffffffe7f8  flags=(IsInteger|IsStore)
2025500: global: Decode: Decoded or instruction: 0x7c7f1b78
2025500: system.cpu: A0 T0 : 0x1000cb08 @_IO_new_file_setbuf+8    : mr         r31, r3         : IntAlu :  D=0x00000000100b0340  flags=(IsInteger)
2025750: global: Decode: Decoded std instruction: 0xf8010010
2025750: system.cpu: A0 T0 : 0x1000cb0c @_IO_new_file_setbuf+12    : std        r0, 16(r1)      : MemWrite :  D=0x000000001001244c A=0x7fffffffe810  flags=(IsInteger|IsStore)
2026000: global: Decode: Decoded stdu instruction: 0xf821ff81
2026000: system.cpu: A0 T0 : 0x1000cb10 @_IO_new_file_setbuf+16    : stdu       r1, -128(r1)    : MemWrite :  D=0x00007fffffffe780 A=0x7fffffffe780  flags=(IsInteger|IsStore)
2026250: global: Decode: Decoded b instruction: 0x48004b2d
2026250: system.cpu: A0 T0 : 0x1000cb14 @_IO_new_file_setbuf+20    : bl         _IO_default_setbuf : IntAlu :  D=0x000000001000cb18  flags=(IsInteger|IsControl|IsDirectControl|IsUncondControl)
2026500: global: Decode: Decoded mflr instruction: 0x7c0802a6
2026500: system.cpu: A0 T0 : 0x10011640 @_IO_default_setbuf    : mflr       r0              : IntAlu :  D=0x000000001000cb18  flags=(IsInteger)
2026750: global: Decode: Decoded std instruction: 0xfbc1fff0
2026750: system.cpu: A0 T0 : 0x10011644 @_IO_default_setbuf+4    : std        r30, -16(r1)    : MemWrite :  D=0x0000000000000000 A=0x7fffffffe770  flags=(IsInteger|IsStore)
2027000: global: Decode: Decoded ori instruction: 0x60000000
2027000: system.cpu: A0 T0 : 0x10011648 @_IO_default_setbuf+8    : nop                        : IntAlu :  D=0x000000001000cb18  flags=(IsInteger)
2027250: global: Decode: Decoded addi instruction: 0x39429de8
2027250: system.cpu: A0 T0 : 0x1001164c @_IO_default_setbuf+12    : subi       r10, r2, 25112  : IntAlu :  D=0x00000000100b1ae8  flags=(IsInteger)
2027500: global: Decode: Decoded ori instruction: 0x60000000
2027500: system.cpu: A0 T0 : 0x10011650 @_IO_default_setbuf+16    : nop                        : IntAlu :  D=0x000000001000cb18  flags=(IsInteger)
2027750: global: Decode: Decoded addi instruction: 0x3922a3d0
2027750: system.cpu: A0 T0 : 0x10011654 @_IO_default_setbuf+20    : subi       r9, r2, 23600   : IntAlu :  D=0x00000000100b20d0  flags=(IsInteger)
2028000: global: Decode: Decoded std instruction: 0xfb81ffe0
2028000: system.cpu: A0 T0 : 0x10011658 @_IO_default_setbuf+24    : std        r28, -32(r1)    : MemWrite :  D=0x00000000100b2a90 A=0x7fffffffe760  flags=(IsInteger|IsStore)
2028250: global: Decode: Decoded std instruction: 0xfba1ffe8
2028250: system.cpu: A0 T0 : 0x1001165c @_IO_default_setbuf+28    : std        r29, -24(r1)    : MemWrite :  D=0x0000000000000000 A=0x7fffffffe768  flags=(IsInteger|IsStore)
2028500: global: Decode: Decoded or instruction: 0x7c9c2378
2028500: system.cpu: A0 T0 : 0x10011660 @_IO_default_setbuf+32    : mr         r28, r4         : IntAlu :  D=0x0000000000000000  flags=(IsInteger)
2028750: global: Decode: Decoded or instruction: 0x7cbd2b78
2028750: system.cpu: A0 T0 : 0x10011664 @_IO_default_setbuf+36    : mr         r29, r5         : IntAlu :  D=0x0000000000000000  flags=(IsInteger)
2029000: global: Decode: Decoded std instruction: 0xfbe1fff8
2029000: system.cpu: A0 T0 : 0x10011668 @_IO_default_setbuf+40    : std        r31, -8(r1)     : MemWrite :  D=0x00000000100b0340 A=0x7fffffffe778  flags=(IsInteger|IsStore)
2029250: global: Decode: Decoded or instruction: 0x7c7f1b78
2029250: system.cpu: A0 T0 : 0x1001166c @_IO_default_setbuf+44    : mr         r31, r3         : IntAlu :  D=0x00000000100b0340  flags=(IsInteger)
2029500: global: Decode: Decoded subf instruction: 0x7d2a4850
2029500: system.cpu: A0 T0 : 0x10011670 @_IO_default_setbuf+48    : subf       r9, r10, r9     : IntAlu :  D=0x00000000000005e8  flags=(IsInteger)
2029750: global: Decode: Decoded std instruction: 0xf8010010
2029750: system.cpu: A0 T0 : 0x10011674 @_IO_default_setbuf+52    : std        r0, 16(r1)      : MemWrite :  D=0x000000001000cb18 A=0x7fffffffe790  flags=(IsInteger|IsStore)
2030000: global: Decode: Decoded stdu instruction: 0xf821ff71
2030000: system.cpu: A0 T0 : 0x10011678 @_IO_default_setbuf+56    : stdu       r1, -144(r1)    : MemWrite :  D=0x00007fffffffe6f0 A=0x7fffffffe6f0  flags=(IsInteger|IsStore)
2030250: global: Decode: Decoded ld instruction: 0xebc300d8
2030250: system.cpu: A0 T0 : 0x1001167c @_IO_default_setbuf+60    : ld         r30, 216(r3)    : MemRead :  D=0x00000000100b1ce0 A=0x100b0418  flags=(IsInteger|IsLoad)
2030500: global: Decode: Decoded std instruction: 0xf8410028
2030500: system.cpu: A0 T0 : 0x10011680 @_IO_default_setbuf+64    : std        r2, 40(r1)      : MemWrite :  D=0x00000000100b7d00 A=0x7fffffffe718  flags=(IsInteger|IsStore)
2030750: global: Decode: Decoded subf instruction: 0x7d4af050
2030750: system.cpu: A0 T0 : 0x10011684 @_IO_default_setbuf+68    : subf       r10, r10, r30   : IntAlu :  D=0x00000000000001f8  flags=(IsInteger)
2031000: global: Decode: Decoded cmpl instruction: 0x7fa95040
2031000: system.cpu: A0 T0 : 0x10011688 @_IO_default_setbuf+72    : cmpld      cr7, r9, r10    : IntAlu :  D=0x0000000028000284  flags=(IsInteger)
2031250: global: Decode: Decoded bc instruction: 0x409d0124
2031250: system.cpu: A0 T0 : 0x1001168c @_IO_default_setbuf+76    : bc         29, 4, 0x100117b0 : IntAlu :  D=0x000000001000cb00  flags=(IsInteger|IsControl|IsDirectControl|IsCondControl)
2031500: global: Decode: Decoded ld instruction: 0xe93e0060
2031500: system.cpu: A0 T0 : 0x10011690 @_IO_default_setbuf+80    : ld         r9, 96(r30)     : MemRead :  D=0x00000000100abc20 A=0x100b1d40  flags=(IsInteger|IsLoad)
2031750: global: Decode: Decoded or instruction: 0x7fe3fb78
2031750: system.cpu: A0 T0 : 0x10011694 @_IO_default_setbuf+84    : mr         r3, r31         : IntAlu :  D=0x00000000100b0340  flags=(IsInteger)
2032000: global: Decode: Decoded ld instruction: 0xe9490000
2032000: system.cpu: A0 T0 : 0x10011698 @_IO_default_setbuf+88    : ld         r10, 0(r9)      : MemRead :  D=0x000000001000fdf0 A=0x100abc20  flags=(IsInteger|IsLoad)
2032250: global: Decode: Decoded ld instruction: 0xe9690010
2032250: system.cpu: A0 T0 : 0x1001169c @_IO_default_setbuf+92    : ld         r11, 16(r9)     : MemRead :  D=0x0000000000000000 A=0x100abc30  flags=(IsInteger|IsLoad)
2032500: global: Decode: Decoded mtctr instruction: 0x7d4903a6
2032500: system.cpu: A0 T0 : 0x100116a0 @_IO_default_setbuf+96    : mtctr      r10             : IntAlu :  D=0x000000001000fdf0  flags=(IsInteger)
2032750: global: Decode: Decoded ld instruction: 0xe8490008
2032750: system.cpu: A0 T0 : 0x100116a4 @_IO_default_setbuf+100    : ld         r2, 8(r9)       : MemRead :  D=0x00000000100b7d00 A=0x100abc28  flags=(IsInteger|IsLoad)
2033000: global: Decode: Decoded bcctr instruction: 0x4e800421
2033000: system.cpu: A0 T0 : 0x100116a8 @_IO_default_setbuf+104    : bcctrl     0, 20           : IntAlu :  D=0x00000000100116ac  flags=(IsInteger|IsControl|IsIndirectControl|IsCondControl|IsCall)
2033250: global: Decode: Decoded ld instruction: 0xe8a30028
2033250: system.cpu: A0 T0 : 0x1000fdf0 @_IO_new_file_sync    : ld         r5, 40(r3)      : MemRead :  D=0x00000000100b5360 A=0x100b0368  flags=(IsInteger|IsLoad)
2033500: global: Decode: Decoded ld instruction: 0xe8830020
2033500: system.cpu: A0 T0 : 0x1000fdf4 @_IO_new_file_sync+4    : ld         r4, 32(r3)      : MemRead :  D=0x00000000100b5360 A=0x100b0360  flags=(IsInteger|IsLoad)
2033750: global: Decode: Decoded std instruction: 0xfbe1fff8
2033750: system.cpu: A0 T0 : 0x1000fdf8 @_IO_new_file_sync+8    : std        r31, -8(r1)     : MemWrite :  D=0x00000000100b0340 A=0x7fffffffe6e8  flags=(IsInteger|IsStore)
2034000: global: Decode: Decoded or instruction: 0x7c7f1b78
2034000: system.cpu: A0 T0 : 0x1000fdfc @_IO_new_file_sync+12    : mr         r31, r3         : IntAlu :  D=0x00000000100b0340  flags=(IsInteger)
2034250: global: Decode: Decoded stdu instruction: 0xf821ff71
2034250: system.cpu: A0 T0 : 0x1000fe00 @_IO_new_file_sync+16    : stdu       r1, -144(r1)    : MemWrite :  D=0x00007fffffffe660 A=0x7fffffffe660  flags=(IsInteger|IsStore)
2034500: global: Decode: Decoded cmpl instruction: 0x7fa52040
2034500: system.cpu: A0 T0 : 0x1000fe04 @_IO_new_file_sync+20    : cmpld      cr7, r5, r4     : IntAlu :  D=0x0000000028000282  flags=(IsInteger)
2034750: global: Decode: Decoded bc instruction: 0x409d0050
2034750: system.cpu: A0 T0 : 0x1000fe08 @_IO_new_file_sync+24    : bc         29, 4, 0x1000fe58 : IntAlu :  D=0x000000001000fdf0  flags=(IsInteger|IsControl|IsDirectControl|IsCondControl)
2035000: global: Decode: Decoded ld instruction: 0xe89f0008
2035000: system.cpu: A0 T0 : 0x1000fe58 @_IO_new_file_sync+104    : ld         r4, 8(r31)      : MemRead :  D=0x00000000100b5360 A=0x100b0348  flags=(IsInteger|IsLoad)
2035250: global: Decode: Decoded ld instruction: 0xe93f0010
2035250: system.cpu: A0 T0 : 0x1000fe5c @_IO_new_file_sync+108    : ld         r9, 16(r31)     : MemRead :  D=0x00000000100b5360 A=0x100b0350  flags=(IsInteger|IsLoad)
2035500: global: Decode: Decoded subf instruction: 0x7c892051
2035500: system.cpu: A0 T0 : 0x1000fe60 @_IO_new_file_sync+112    : subf.      r4, r9, r4      : IntAlu :  D=0x0000000028000282  flags=(IsInteger)
2035750: global: Decode: Decoded bc instruction: 0x41820078
2035750: system.cpu: A0 T0 : 0x1000fe64 @_IO_new_file_sync+116    : bc         2, 12, 0x1000fedc : IntAlu :  D=0x000000001000fdf0  flags=(IsInteger|IsControl|IsDirectControl|IsCondControl)
2036000: global: Decode: Decoded addi instruction: 0x3920ffff
2036000: system.cpu: A0 T0 : 0x1000fedc @_IO_new_file_sync+236    : li         r9, -1          : IntAlu :  D=0xffffffffffffffff  flags=(IsInteger)
2036250: global: Decode: Decoded addi instruction: 0x38600000
2036250: system.cpu: A0 T0 : 0x1000fee0 @_IO_new_file_sync+240    : li         r3, 0           : IntAlu :  D=0x0000000000000000  flags=(IsInteger)
2036500: global: Decode: Decoded std instruction: 0xf93f0090
2036500: system.cpu: A0 T0 : 0x1000fee4 @_IO_new_file_sync+244    : std        r9, 144(r31)    : MemWrite :  D=0xffffffffffffffff A=0x100b03d0  flags=(IsInteger|IsStore)
2036750: global: Decode: Decoded addi instruction: 0x38210090
2036750: system.cpu: A0 T0 : 0x1000fee8 @_IO_new_file_sync+248    : addi       r1, r1, 144     : IntAlu :  D=0x00007fffffffe6f0  flags=(IsInteger)
2037000: global: Decode: Decoded ld instruction: 0xebe1fff8
2037000: system.cpu: A0 T0 : 0x1000feec @_IO_new_file_sync+252    : ld         r31, -8(r1)     : MemRead :  D=0x00000000100b0340 A=0x7fffffffe6e8  flags=(IsInteger|IsLoad)
2037250: global: Decode: Decoded bclr instruction: 0x4e800020
2037250: system.cpu: A0 T0 : 0x1000fef0 @_IO_new_file_sync+256    : bclr       0, 20           : IntAlu :  D=0x000000001000fdf0  flags=(IsInteger|IsControl|IsIndirectControl|IsCondControl|IsReturn)
2037500: global: Decode: Decoded ld instruction: 0xe8410028
2037500: system.cpu: A0 T0 : 0x100116ac @_IO_default_setbuf+108    : ld         r2, 40(r1)      : MemRead :  D=0x00000000100b7d00 A=0x7fffffffe718  flags=(IsInteger|IsLoad)
2037750: global: Decode: Decoded cmpi instruction: 0x2f83ffff
2037750: system.cpu: A0 T0 : 0x100116b0 @_IO_default_setbuf+112    : cmpwi      cr7, r3, -1     : IntAlu :  D=0x0000000028000284  flags=(IsInteger)
2038000: global: Decode: Decoded bc instruction: 0x419e010c
2038000: system.cpu: A0 T0 : 0x100116b4 @_IO_default_setbuf+116    : bc         30, 12, 0x100117c0 : IntAlu :  D=0x000000001000fdf0  flags=(IsInteger|IsControl|IsDirectControl|IsCondControl)
2038250: global: Decode: Decoded lwa instruction: 0xe93f0002
2038250: system.cpu: A0 T0 : 0x100116b8 @_IO_default_setbuf+120    : lwa        r9, 0(r31)      : MemRead :  D=0xfffffffffbad2885 A=0x100b0340  flags=(IsInteger|IsLoad)
2038500: global: Decode: Decoded cmpi instruction: 0x2fbc0000
2038500: system.cpu: A0 T0 : 0x100116bc @_IO_default_setbuf+124    : cmpdi      cr7, r28, 0     : IntAlu :  D=0x0000000028000282  flags=(IsInteger)
2038750: global: Decode: Decoded ld instruction: 0xe87f0038
2038750: system.cpu: A0 T0 : 0x100116c0 @_IO_default_setbuf+128    : ld         r3, 56(r31)     : MemRead :  D=0x00000000100b5360 A=0x100b0378  flags=(IsInteger|IsLoad)
2039000: global: Decode: Decoded bc instruction: 0x419e004c
2039000: system.cpu: A0 T0 : 0x100116c4 @_IO_default_setbuf+132    : bc         30, 12, 0x10011710 : IntAlu :  D=0x000000001000fdf0  flags=(IsInteger|IsControl|IsDirectControl|IsCondControl)
2039250: global: Decode: Decoded cmpi instruction: 0x2fa30000
2039250: system.cpu: A0 T0 : 0x10011710 @_IO_default_setbuf+208    : cmpdi      cr7, r3, 0      : IntAlu :  D=0x0000000028000284  flags=(IsInteger)
2039500: global: Decode: Decoded ori instruction: 0x61280002
2039500: system.cpu: A0 T0 : 0x10011714 @_IO_default_setbuf+212    : ori        r8, r9, 2       : IntAlu :  D=0xfffffffffbad2887  flags=(IsInteger)
2039750: global: Decode: Decoded extsw instruction: 0x7d0a07b4
2039750: system.cpu: A0 T0 : 0x10011718 @_IO_default_setbuf+216    : extsw      r10, r8         : IntAlu :  D=0xfffffffffbad2887  flags=(IsInteger)
2040000: global: Decode: Decoded addi instruction: 0x3bbf0083
2040000: system.cpu: A0 T0 : 0x1001171c @_IO_default_setbuf+220    : addi       r29, r31, 131   : IntAlu :  D=0x00000000100b03c3  flags=(IsInteger)
2040250: global: Decode: Decoded stw instruction: 0x911f0000
2040250: system.cpu: A0 T0 : 0x10011720 @_IO_default_setbuf+224    : stw        r8, 0(r31)      : MemWrite :  D=0x00000000fbad2887 A=0x100b0340  flags=(IsInteger|IsStore)
2040500: global: Decode: Decoded addi instruction: 0x3bdf0084
2040500: system.cpu: A0 T0 : 0x10011724 @_IO_default_setbuf+228    : addi       r30, r31, 132   : IntAlu :  D=0x00000000100b03c4  flags=(IsInteger)
2040750: global: Decode: Decoded bc instruction: 0x419e000c
2040750: system.cpu: A0 T0 : 0x10011728 @_IO_default_setbuf+232    : bc         30, 12, 0x10011734 : IntAlu :  D=0x000000001000fdf0  flags=(IsInteger|IsControl|IsDirectControl|IsCondControl)
2041000: global: Decode: Decoded andi_ instruction: 0x71290001
2041000: system.cpu: A0 T0 : 0x1001172c @_IO_default_setbuf+236    : andi.      r9, r9, 1       : IntAlu :  D=0x0000000048000284  flags=(IsInteger)
2041250: global: Decode: Decoded bc instruction: 0x41820060
2041250: system.cpu: A0 T0 : 0x10011730 @_IO_default_setbuf+240    : bc         2, 12, 0x10011790 : IntAlu :  D=0x000000001000fdf0  flags=(IsInteger|IsControl|IsDirectControl|IsCondControl)
2041500: global: Decode: Decoded ori instruction: 0x614a0001
2041500: system.cpu: A0 T0 : 0x10011734 @_IO_default_setbuf+244    : ori        r10, r10, 1     : IntAlu :  D=0xfffffffffbad2887  flags=(IsInteger)
2041750: global: Decode: Decoded std instruction: 0xfbbf0038
2041750: system.cpu: A0 T0 : 0x10011738 @_IO_default_setbuf+248    : std        r29, 56(r31)    : MemWrite :  D=0x00000000100b03c3 A=0x100b0378  flags=(IsInteger|IsStore)
2042000: global: Decode: Decoded std instruction: 0xfbdf0040
2042000: system.cpu: A0 T0 : 0x1001173c @_IO_default_setbuf+252    : std        r30, 64(r31)    : MemWrite :  D=0x00000000100b03c4 A=0x100b0380  flags=(IsInteger|IsStore)
2042250: global: Decode: Decoded stw instruction: 0x915f0000
2042250: system.cpu: A0 T0 : 0x10011740 @_IO_default_setbuf+256    : stw        r10, 0(r31)     : MemWrite :  D=0x00000000fbad2887 A=0x100b0340  flags=(IsInteger|IsStore)
2042500: global: Decode: Decoded addi instruction: 0x39200000
2042500: system.cpu: A0 T0 : 0x10011744 @_IO_default_setbuf+260    : li         r9, 0           : IntAlu :  D=0x0000000000000000  flags=(IsInteger)
2042750: global: Decode: Decoded or instruction: 0x7fe3fb78
2042750: system.cpu: A0 T0 : 0x10011748 @_IO_default_setbuf+264    : mr         r3, r31         : IntAlu :  D=0x00000000100b0340  flags=(IsInteger)
2043000: global: Decode: Decoded std instruction: 0xf93f0030
2043000: system.cpu: A0 T0 : 0x1001174c @_IO_default_setbuf+268    : std        r9, 48(r31)     : MemWrite :  D=0x0000000000000000 A=0x100b0370  flags=(IsInteger|IsStore)
2043250: global: Decode: Decoded std instruction: 0xf93f0028
2043250: system.cpu: A0 T0 : 0x10011750 @_IO_default_setbuf+272    : std        r9, 40(r31)     : MemWrite :  D=0x0000000000000000 A=0x100b0368  flags=(IsInteger|IsStore)
2043500: global: Decode: Decoded std instruction: 0xf93f0020
2043500: system.cpu: A0 T0 : 0x10011754 @_IO_default_setbuf+276    : std        r9, 32(r31)     : MemWrite :  D=0x0000000000000000 A=0x100b0360  flags=(IsInteger|IsStore)
2043750: global: Decode: Decoded std instruction: 0xf93f0010
2043750: system.cpu: A0 T0 : 0x10011758 @_IO_default_setbuf+280    : std        r9, 16(r31)     : MemWrite :  D=0x0000000000000000 A=0x100b0350  flags=(IsInteger|IsStore)
2044000: global: Decode: Decoded std instruction: 0xf93f0008
2044000: system.cpu: A0 T0 : 0x1001175c @_IO_default_setbuf+284    : std        r9, 8(r31)      : MemWrite :  D=0x0000000000000000 A=0x100b0348  flags=(IsInteger|IsStore)
2044250: global: Decode: Decoded std instruction: 0xf93f0018
2044250: system.cpu: A0 T0 : 0x10011760 @_IO_default_setbuf+288    : std        r9, 24(r31)     : MemWrite :  D=0x0000000000000000 A=0x100b0358  flags=(IsInteger|IsStore)
2044500: global: Decode: Decoded addi instruction: 0x38210090
2044500: system.cpu: A0 T0 : 0x10011764 @_IO_default_setbuf+292    : addi       r1, r1, 144     : IntAlu :  D=0x00007fffffffe780  flags=(IsInteger)
2044750: global: Decode: Decoded ld instruction: 0xe8010010
2044750: system.cpu: A0 T0 : 0x10011768 @_IO_default_setbuf+296    : ld         r0, 16(r1)      : MemRead :  D=0x000000001000cb18 A=0x7fffffffe790  flags=(IsInteger|IsLoad)
2045000: global: Decode: Decoded ld instruction: 0xeb81ffe0
2045000: system.cpu: A0 T0 : 0x1001176c @_IO_default_setbuf+300    : ld         r28, -32(r1)    : MemRead :  D=0x00000000100b2a90 A=0x7fffffffe760  flags=(IsInteger|IsLoad)
2045250: global: Decode: Decoded ld instruction: 0xeba1ffe8
2045250: system.cpu: A0 T0 : 0x10011770 @_IO_default_setbuf+304    : ld         r29, -24(r1)    : MemRead :  D=0x0000000000000000 A=0x7fffffffe768  flags=(IsInteger|IsLoad)
2045500: global: Decode: Decoded ld instruction: 0xebc1fff0
2045500: system.cpu: A0 T0 : 0x10011774 @_IO_default_setbuf+308    : ld         r30, -16(r1)    : MemRead :  D=0x0000000000000000 A=0x7fffffffe770  flags=(IsInteger|IsLoad)
2045750: global: Decode: Decoded ld instruction: 0xebe1fff8
2045750: system.cpu: A0 T0 : 0x10011778 @_IO_default_setbuf+312    : ld         r31, -8(r1)     : MemRead :  D=0x00000000100b0340 A=0x7fffffffe778  flags=(IsInteger|IsLoad)
2046000: global: Decode: Decoded mtlr instruction: 0x7c0803a6
2046000: system.cpu: A0 T0 : 0x1001177c @_IO_default_setbuf+316    : mtlr       r0              : IntAlu :  D=0x000000001000cb18  flags=(IsInteger)
2046250: global: Decode: Decoded bclr instruction: 0x4e800020
2046250: system.cpu: A0 T0 : 0x10011780 @_IO_default_setbuf+320    : bclr       0, 20           : IntAlu :  D=0x000000001000fdf0  flags=(IsInteger|IsControl|IsIndirectControl|IsCondControl|IsReturn)
2046500: global: Decode: Decoded ori instruction: 0x60000000
2046500: system.cpu: A0 T0 : 0x1000cb18 @_IO_new_file_setbuf+24    : nop                        : IntAlu :  D=0x000000001000cb18  flags=(IsInteger)
2046750: global: Decode: Decoded cmpi instruction: 0x2c230000
2046750: system.cpu: A0 T0 : 0x1000cb1c @_IO_new_file_setbuf+28    : cmpdi      r3, 0           : IntAlu :  D=0x0000000048000284  flags=(IsInteger)
2047000: global: Decode: Decoded bc instruction: 0x41820024
2047000: system.cpu: A0 T0 : 0x1000cb20 @_IO_new_file_setbuf+32    : bc         2, 12, 0x1000cb44 : IntAlu :  D=0x000000001000fdf0  flags=(IsInteger|IsControl|IsDirectControl|IsCondControl)
2047250: global: Decode: Decoded ld instruction: 0xe93f0038
2047250: system.cpu: A0 T0 : 0x1000cb24 @_IO_new_file_setbuf+36    : ld         r9, 56(r31)     : MemRead :  D=0x00000000100b03c3 A=0x100b0378  flags=(IsInteger|IsLoad)
2047500: global: Decode: Decoded or instruction: 0x7fe3fb78
2047500: system.cpu: A0 T0 : 0x1000cb28 @_IO_new_file_setbuf+40    : mr         r3, r31         : IntAlu :  D=0x00000000100b0340  flags=(IsInteger)
2047750: global: Decode: Decoded std instruction: 0xf93f0030
2047750: system.cpu: A0 T0 : 0x1000cb2c @_IO_new_file_setbuf+44    : std        r9, 48(r31)     : MemWrite :  D=0x00000000100b03c3 A=0x100b0370  flags=(IsInteger|IsStore)
2048000: global: Decode: Decoded std instruction: 0xf93f0028
2048000: system.cpu: A0 T0 : 0x1000cb30 @_IO_new_file_setbuf+48    : std        r9, 40(r31)     : MemWrite :  D=0x00000000100b03c3 A=0x100b0368  flags=(IsInteger|IsStore)
2048250: global: Decode: Decoded std instruction: 0xf93f0020
2048250: system.cpu: A0 T0 : 0x1000cb34 @_IO_new_file_setbuf+52    : std        r9, 32(r31)     : MemWrite :  D=0x00000000100b03c3 A=0x100b0360  flags=(IsInteger|IsStore)
2048500: global: Decode: Decoded std instruction: 0xf93f0018
2048500: system.cpu: A0 T0 : 0x1000cb38 @_IO_new_file_setbuf+56    : std        r9, 24(r31)     : MemWrite :  D=0x00000000100b03c3 A=0x100b0358  flags=(IsInteger|IsStore)
2048750: global: Decode: Decoded std instruction: 0xf93f0008
2048750: system.cpu: A0 T0 : 0x1000cb3c @_IO_new_file_setbuf+60    : std        r9, 8(r31)      : MemWrite :  D=0x00000000100b03c3 A=0x100b0348  flags=(IsInteger|IsStore)
2049000: global: Decode: Decoded std instruction: 0xf93f0010
2049000: system.cpu: A0 T0 : 0x1000cb40 @_IO_new_file_setbuf+64    : std        r9, 16(r31)     : MemWrite :  D=0x00000000100b03c3 A=0x100b0350  flags=(IsInteger|IsStore)
2049250: global: Decode: Decoded addi instruction: 0x38210080
2049250: system.cpu: A0 T0 : 0x1000cb44 @_IO_new_file_setbuf+68    : addi       r1, r1, 128     : IntAlu :  D=0x00007fffffffe800  flags=(IsInteger)
2049500: global: Decode: Decoded ld instruction: 0xe8010010
2049500: system.cpu: A0 T0 : 0x1000cb48 @_IO_new_file_setbuf+72    : ld         r0, 16(r1)      : MemRead :  D=0x000000001001244c A=0x7fffffffe810  flags=(IsInteger|IsLoad)
2049750: global: Decode: Decoded ld instruction: 0xebe1fff8
2049750: system.cpu: A0 T0 : 0x1000cb4c @_IO_new_file_setbuf+76    : ld         r31, -8(r1)     : MemRead :  D=0x00000000100b0340 A=0x7fffffffe7f8  flags=(IsInteger|IsLoad)
2050000: global: Decode: Decoded mtlr instruction: 0x7c0803a6
2050000: system.cpu: A0 T0 : 0x1000cb50 @_IO_new_file_setbuf+80    : mtlr       r0              : IntAlu :  D=0x000000001001244c  flags=(IsInteger)
2050250: global: Decode: Decoded bclr instruction: 0x4e800020
2050250: system.cpu: A0 T0 : 0x1000cb54 @_IO_new_file_setbuf+84    : bclr       0, 20           : IntAlu :  D=0x000000001000fdf0  flags=(IsInteger|IsControl|IsIndirectControl|IsCondControl|IsReturn)
2050500: global: Decode: Decoded ld instruction: 0xe8410028
2050500: system.cpu: A0 T0 : 0x1001244c @_IO_cleanup+476    : ld         r2, 40(r1)      : MemRead :  D=0x00000000100b7d00 A=0x7fffffffe828  flags=(IsInteger|IsLoad)
2050750: global: Decode: Decoded lwz instruction: 0x813f00c0
2050750: system.cpu: A0 T0 : 0x10012450 @_IO_cleanup+480    : lwz        r9, 192(r31)    : MemRead :  D=0x00000000ffffffff A=0x100b0400  flags=(IsInteger|IsLoad)
2051000: global: Decode: Decoded cmpi instruction: 0x2f890000
2051000: system.cpu: A0 T0 : 0x10012454 @_IO_cleanup+484    : cmpwi      cr7, r9, 0      : IntAlu :  D=0x0000000048000288  flags=(IsInteger)
2051250: global: Decode: Decoded bc instruction: 0x409d001c
2051250: system.cpu: A0 T0 : 0x10012458 @_IO_cleanup+488    : bc         29, 4, 0x10012474 : IntAlu :  D=0x000000001000fdf0  flags=(IsInteger|IsControl|IsDirectControl|IsCondControl)
2051500: global: Decode: Decoded cmpi instruction: 0x2f9e0002
2051500: system.cpu: A0 T0 : 0x10012474 @_IO_cleanup+516    : cmpwi      cr7, r30, 2     : IntAlu :  D=0x0000000048000288  flags=(IsInteger)
2051750: global: Decode: Decoded bc instruction: 0x419efef8
2051750: system.cpu: A0 T0 : 0x10012478 @_IO_cleanup+520    : bc         30, 12, 0x10012370 : IntAlu :  D=0x000000001000fdf0  flags=(IsInteger|IsControl|IsDirectControl|IsCondControl)
2052000: global: Decode: Decoded ld instruction: 0xe87f0088
2052000: system.cpu: A0 T0 : 0x1001247c @_IO_cleanup+524    : ld         r3, 136(r31)    : MemRead :  D=0x00000000100b2ad0 A=0x100b03c8  flags=(IsInteger|IsLoad)
2052250: global: Decode: Decoded cmpi instruction: 0x2fa30000
2052250: system.cpu: A0 T0 : 0x10012480 @_IO_cleanup+528    : cmpdi      cr7, r3, 0      : IntAlu :  D=0x0000000048000284  flags=(IsInteger)
2052500: global: Decode: Decoded bc instruction: 0x419efeec
2052500: system.cpu: A0 T0 : 0x10012484 @_IO_cleanup+532    : bc         30, 12, 0x10012370 : IntAlu :  D=0x000000001000fdf0  flags=(IsInteger|IsControl|IsDirectControl|IsCondControl)
2052750: global: Decode: Decoded lwz instruction: 0x81230004
2052750: system.cpu: A0 T0 : 0x10012488 @_IO_cleanup+536    : lwz        r9, 4(r3)       : MemRead :  D=0x0000000000000001 A=0x100b2ad4  flags=(IsInteger|IsLoad)
2053000: global: Decode: Decoded addi instruction: 0x3929ffff
2053000: system.cpu: A0 T0 : 0x1001248c @_IO_cleanup+540    : subi       r9, r9, 1       : IntAlu :  D=0x0000000000000000  flags=(IsInteger)
2053250: global: Decode: Decoded extsw instruction: 0x7d2a07b5
2053250: system.cpu: A0 T0 : 0x10012490 @_IO_cleanup+544    : extsw.     r10, r9         : IntAlu :  D=0x0000000028000284  flags=(IsInteger)
2053500: global: Decode: Decoded stw instruction: 0x91230004
2053500: system.cpu: A0 T0 : 0x10012494 @_IO_cleanup+548    : stw        r9, 4(r3)       : MemWrite :  D=0x0000000000000000 A=0x100b2ad4  flags=(IsInteger|IsStore)
2053750: global: Decode: Decoded bc instruction: 0x4082fed8
2053750: system.cpu: A0 T0 : 0x10012498 @_IO_cleanup+552    : bc         2, 4, 0x10012370 : IntAlu :  D=0x000000001000fdf0  flags=(IsInteger|IsControl|IsDirectControl|IsCondControl)
2054000: global: Decode: Decoded std instruction: 0xf9430008
2054000: system.cpu: A0 T0 : 0x1001249c @_IO_cleanup+556    : std        r10, 8(r3)      : MemWrite :  D=0x0000000000000000 A=0x100b2ad8  flags=(IsInteger|IsStore)
2054250: global: Decode: Decoded sync instruction: 0x7c2004ac
2054250: system.cpu: A0 T0 : 0x100124a0 @_IO_cleanup+560    : synco                      : IntAlu :   flags=(IsWriteBarrier|IsReadBarrier)
2054500: global: Decode: Decoded lwarx instruction: 0x7d201828
2054500: system.cpu: A0 T0 : 0x100124a4 @_IO_cleanup+564    : lwarx      r41, 0, r3      : MemRead :  D=0x00000000100b2ad0 A=0x100b2ad0  flags=(IsInteger|IsLoad)
2054750: global: Decode: Decoded stwcx instruction: 0x7f20192d
2054750: system.cpu: A0 T0 : 0x100124a8 @_IO_cleanup+568    : stwcx      r25, r3, r39    : MemWrite :  D=0x0000000028000284 A=0x100b2ad0  flags=(IsInteger|IsStore)
2055000: global: Decode: Decoded bc instruction: 0x40c2fff8
2055000: system.cpu: A0 T0 : 0x100124ac @_IO_cleanup+572    : bc         2, 6, 0x100124a4 : IntAlu :  D=0x000000001000fdf0  flags=(IsInteger|IsControl|IsDirectControl|IsCondControl)
2055250: global: Decode: Decoded cmpi instruction: 0x2f890001
2055250: system.cpu: A0 T0 : 0x100124b0 @_IO_cleanup+576    : cmpwi      cr7, r9, 1      : IntAlu :  D=0x0000000028000282  flags=(IsInteger)
2055500: global: Decode: Decoded bc instruction: 0x409dfebc
2055500: system.cpu: A0 T0 : 0x100124b4 @_IO_cleanup+580    : bc         29, 4, 0x10012370 : IntAlu :  D=0x000000001000fdf0  flags=(IsInteger|IsControl|IsDirectControl|IsCondControl)
2055750: global: Decode: Decoded stw instruction: 0x931f00c0
2055750: system.cpu: A0 T0 : 0x10012370 @_IO_cleanup+256    : stw        r24, 192(r31)   : MemWrite :  D=0x00000000ffffffff A=0x100b0400  flags=(IsInteger|IsStore)
2056000: global: Decode: Decoded ld instruction: 0xebff0068
2056000: system.cpu: A0 T0 : 0x10012374 @_IO_cleanup+260    : ld         r31, 104(r31)   : MemRead :  D=0x00000000100b0558 A=0x100b03a8  flags=(IsInteger|IsLoad)
2056250: global: Decode: Decoded cmpi instruction: 0x2fbf0000
2056250: system.cpu: A0 T0 : 0x10012378 @_IO_cleanup+264    : cmpdi      cr7, r31, 0     : IntAlu :  D=0x0000000028000284  flags=(IsInteger)
2056500: global: Decode: Decoded bc instruction: 0x419e0164
2056500: system.cpu: A0 T0 : 0x1001237c @_IO_cleanup+268    : bc         30, 12, 0x100124e0 : IntAlu :  D=0x000000001000fdf0  flags=(IsInteger|IsControl|IsDirectControl|IsCondControl)
2056750: global: Decode: Decoded lwz instruction: 0x813f0000
2056750: system.cpu: A0 T0 : 0x10012380 @_IO_cleanup+272    : lwz        r9, 0(r31)      : MemRead :  D=0x00000000fbad2088 A=0x100b0558  flags=(IsInteger|IsLoad)
2057000: global: Decode: Decoded rlwinm instruction: 0x552907bc
2057000: system.cpu: A0 T0 : 0x10012384 @_IO_cleanup+276    : rlwinm     r9, r9, 0, 30, 30 : IntAlu :  D=0x0000000000000000  flags=(IsInteger)
2057250: global: Decode: Decoded extsw instruction: 0x7d3e07b5
2057250: system.cpu: A0 T0 : 0x10012388 @_IO_cleanup+280    : extsw.     r30, r9         : IntAlu :  D=0x0000000028000284  flags=(IsInteger)
2057500: global: Decode: Decoded bc instruction: 0x4082ffe4
2057500: system.cpu: A0 T0 : 0x1001238c @_IO_cleanup+284    : bc         2, 4, 0x10012370 : IntAlu :  D=0x000000001000fdf0  flags=(IsInteger|IsControl|IsDirectControl|IsCondControl)
2057750: global: Decode: Decoded lwz instruction: 0x813f00c0
2057750: system.cpu: A0 T0 : 0x10012390 @_IO_cleanup+288    : lwz        r9, 192(r31)    : MemRead :  D=0x0000000000000000 A=0x100b0618  flags=(IsInteger|IsLoad)
2058000: global: Decode: Decoded cmpi instruction: 0x2f890000
2058000: system.cpu: A0 T0 : 0x10012394 @_IO_cleanup+292    : cmpwi      cr7, r9, 0      : IntAlu :  D=0x0000000028000282  flags=(IsInteger)
2058250: global: Decode: Decoded bc instruction: 0x419effd8
2058250: system.cpu: A0 T0 : 0x10012398 @_IO_cleanup+296    : bc         30, 12, 0x10012370 : IntAlu :  D=0x000000001000fdf0  flags=(IsInteger|IsControl|IsDirectControl|IsCondControl)
2058500: global: Decode: Decoded stw instruction: 0x931f00c0
2058500: system.cpu: A0 T0 : 0x10012370 @_IO_cleanup+256    : stw        r24, 192(r31)   : MemWrite :  D=0x00000000ffffffff A=0x100b0618  flags=(IsInteger|IsStore)
2058750: global: Decode: Decoded ld instruction: 0xebff0068
2058750: system.cpu: A0 T0 : 0x10012374 @_IO_cleanup+260    : ld         r31, 104(r31)   : MemRead :  D=0x0000000000000000 A=0x100b05c0  flags=(IsInteger|IsLoad)
2059000: global: Decode: Decoded cmpi instruction: 0x2fbf0000
2059000: system.cpu: A0 T0 : 0x10012378 @_IO_cleanup+264    : cmpdi      cr7, r31, 0     : IntAlu :  D=0x0000000028000282  flags=(IsInteger)
2059250: global: Decode: Decoded bc instruction: 0x419e0164
2059250: system.cpu: A0 T0 : 0x1001237c @_IO_cleanup+268    : bc         30, 12, 0x100124e0 : IntAlu :  D=0x000000001000fdf0  flags=(IsInteger|IsControl|IsDirectControl|IsCondControl)
2059500: global: Decode: Decoded ori instruction: 0x60000000
2059500: system.cpu: A0 T0 : 0x100124e0 @_IO_cleanup+624    : nop                        : IntAlu :  D=0x000000001001244c  flags=(IsInteger)
2059750: global: Decode: Decoded lwz instruction: 0x8122adac
2059750: system.cpu: A0 T0 : 0x100124e4 @_IO_cleanup+628    : lwz        r9, -21076(r2)  : MemRead :  D=0x0000000000000001 A=0x100b2aac  flags=(IsInteger|IsLoad)
2060000: global: Decode: Decoded ld instruction: 0xeac10090
2060000: system.cpu: A0 T0 : 0x100124e8 @_IO_cleanup+632    : ld         r22, 144(r1)    : MemRead :  D=0x00000000100b3510 A=0x7fffffffe890  flags=(IsInteger|IsLoad)
2060250: global: Decode: Decoded ld instruction: 0xeae10098
2060250: system.cpu: A0 T0 : 0x100124ec @_IO_cleanup+636    : ld         r23, 152(r1)    : MemRead :  D=0x0000000000000001 A=0x7fffffffe898  flags=(IsInteger|IsLoad)
2060500: global: Decode: Decoded ld instruction: 0xeb0100a0
2060500: system.cpu: A0 T0 : 0x100124f0 @_IO_cleanup+640    : ld         r24, 160(r1)    : MemRead :  D=0x00000000100b0110 A=0x7fffffffe8a0  flags=(IsInteger|IsLoad)
2060750: global: Decode: Decoded ld instruction: 0xeb2100a8
2060750: system.cpu: A0 T0 : 0x100124f4 @_IO_cleanup+644    : ld         r25, 168(r1)    : MemRead :  D=0x0000000000000000 A=0x7fffffffe8a8  flags=(IsInteger|IsLoad)
2061000: global: Decode: Decoded ld instruction: 0xeb4100b0
2061000: system.cpu: A0 T0 : 0x100124f8 @_IO_cleanup+648    : ld         r26, 176(r1)    : MemRead :  D=0x0000000000000000 A=0x7fffffffe8b0  flags=(IsInteger|IsLoad)
2061250: global: Decode: Decoded ld instruction: 0xebc100d0
2061250: system.cpu: A0 T0 : 0x100124fc @_IO_cleanup+652    : ld         r30, 208(r1)    : MemRead :  D=0x0000000010082a40 A=0x7fffffffe8d0  flags=(IsInteger|IsLoad)
2061500: global: Decode: Decoded addi instruction: 0x3929ffff
2061500: system.cpu: A0 T0 : 0x10012500 @_IO_cleanup+656    : subi       r9, r9, 1       : IntAlu :  D=0x0000000000000000  flags=(IsInteger)
2061750: global: Decode: Decoded extsw instruction: 0x7d2907b4
2061750: system.cpu: A0 T0 : 0x10012504 @_IO_cleanup+660    : extsw      r9, r9          : IntAlu :  D=0x0000000000000000  flags=(IsInteger)
2062000: global: Decode: Decoded cmpi instruction: 0x2fa90000
2062000: system.cpu: A0 T0 : 0x10012508 @_IO_cleanup+664    : cmpdi      cr7, r9, 0      : IntAlu :  D=0x0000000028000282  flags=(IsInteger)
2062250: global: Decode: Decoded ori instruction: 0x60000000
2062250: system.cpu: A0 T0 : 0x1001250c @_IO_cleanup+668    : nop                        : IntAlu :  D=0x000000001001244c  flags=(IsInteger)
2062500: global: Decode: Decoded stw instruction: 0x9122adac
2062500: system.cpu: A0 T0 : 0x10012510 @_IO_cleanup+672    : stw        r9, -21076(r2)  : MemWrite :  D=0x0000000000000000 A=0x100b2aac  flags=(IsInteger|IsStore)
2062750: global: Decode: Decoded bc instruction: 0x409e0030
2062750: system.cpu: A0 T0 : 0x10012514 @_IO_cleanup+676    : bc         30, 4, 0x10012544 : IntAlu :  D=0x000000001000fdf0  flags=(IsInteger|IsControl|IsDirectControl|IsCondControl)
2063000: global: Decode: Decoded ori instruction: 0x60000000
2063000: system.cpu: A0 T0 : 0x10012518 @_IO_cleanup+680    : nop                        : IntAlu :  D=0x000000001001244c  flags=(IsInteger)
2063250: global: Decode: Decoded addi instruction: 0x387c0018
2063250: system.cpu: A0 T0 : 0x1001251c @_IO_cleanup+684    : addi       r3, r28, 24     : IntAlu :  D=0x00000000100b2aa8  flags=(IsInteger)
2063500: global: Decode: Decoded ori instruction: 0x60000000
2063500: system.cpu: A0 T0 : 0x10012520 @_IO_cleanup+688    : nop                        : IntAlu :  D=0x000000001001244c  flags=(IsInteger)
2063750: global: Decode: Decoded std instruction: 0xf922adb0
2063750: system.cpu: A0 T0 : 0x10012524 @_IO_cleanup+692    : std        r9, -21072(r2)  : MemWrite :  D=0x0000000000000000 A=0x100b2ab0  flags=(IsInteger|IsStore)
2064000: global: Decode: Decoded addi instruction: 0x39400000
2064000: system.cpu: A0 T0 : 0x10012528 @_IO_cleanup+696    : li         r10, 0          : IntAlu :  D=0x0000000000000000  flags=(IsInteger)
2064250: global: Decode: Decoded sync instruction: 0x7c2004ac
2064250: system.cpu: A0 T0 : 0x1001252c @_IO_cleanup+700    : synco                      : IntAlu :   flags=(IsWriteBarrier|IsReadBarrier)
2064500: global: Decode: Decoded lwarx instruction: 0x7d201828
2064500: system.cpu: A0 T0 : 0x10012530 @_IO_cleanup+704    : lwarx      r41, 0, r3      : MemRead :  D=0x00000000100b2aa8 A=0x100b2aa8  flags=(IsInteger|IsLoad)
2064750: global: Decode: Decoded stwcx instruction: 0x7d40192d
2064750: system.cpu: A0 T0 : 0x10012534 @_IO_cleanup+708    : stwcx      r10, r3, r39    : MemWrite :  D=0x0000000028000282 A=0x100b2aa8  flags=(IsInteger|IsStore)
2065000: global: Decode: Decoded bc instruction: 0x40c2fff8
2065000: system.cpu: A0 T0 : 0x10012538 @_IO_cleanup+712    : bc         2, 6, 0x10012530 : IntAlu :  D=0x000000001000fdf0  flags=(IsInteger|IsControl|IsDirectControl|IsCondControl)
2065250: global: Decode: Decoded cmpi instruction: 0x2f890001
2065250: system.cpu: A0 T0 : 0x1001253c @_IO_cleanup+716    : cmpwi      cr7, r9, 1      : IntAlu :  D=0x0000000028000282  flags=(IsInteger)
2065500: global: Decode: Decoded bc instruction: 0x419d00d0
2065500: system.cpu: A0 T0 : 0x10012540 @_IO_cleanup+720    : bc         29, 12, 0x10012610 : IntAlu :  D=0x000000001000fdf0  flags=(IsInteger|IsControl|IsDirectControl|IsCondControl)
2065750: global: Decode: Decoded cmpi instruction: 0x2fbd0000
2065750: system.cpu: A0 T0 : 0x10012544 @_IO_cleanup+724    : cmpdi      cr7, r29, 0     : IntAlu :  D=0x0000000028000282  flags=(IsInteger)
2066000: global: Decode: Decoded bc instruction: 0x419e0014
2066000: system.cpu: A0 T0 : 0x10012548 @_IO_cleanup+728    : bc         30, 12, 0x1001255c : IntAlu :  D=0x000000001000fdf0  flags=(IsInteger|IsControl|IsDirectControl|IsCondControl)
2066250: global: Decode: Decoded addi instruction: 0x382100e0
2066250: system.cpu: A0 T0 : 0x1001255c @_IO_cleanup+748    : addi       r1, r1, 224     : IntAlu :  D=0x00007fffffffe8e0  flags=(IsInteger)
2066500: global: Decode: Decoded or instruction: 0x7f63db78
2066500: system.cpu: A0 T0 : 0x10012560 @_IO_cleanup+752    : mr         r3, r27         : IntAlu :  D=0x0000000000000000  flags=(IsInteger)
2066750: global: Decode: Decoded ld instruction: 0xe8010010
2066750: system.cpu: A0 T0 : 0x10012564 @_IO_cleanup+756    : ld         r0, 16(r1)      : MemRead :  D=0x00000000100082b8 A=0x7fffffffe8f0  flags=(IsInteger|IsLoad)
2067000: global: Decode: Decoded ld instruction: 0xeb61ffd8
2067000: system.cpu: A0 T0 : 0x10012568 @_IO_cleanup+760    : ld         r27, -40(r1)    : MemRead :  D=0x0000000000000001 A=0x7fffffffe8b8  flags=(IsInteger|IsLoad)
2067250: global: Decode: Decoded ld instruction: 0xeb81ffe0
2067250: system.cpu: A0 T0 : 0x1001256c @_IO_cleanup+764    : ld         r28, -32(r1)    : MemRead :  D=0x0000000000000000 A=0x7fffffffe8c0  flags=(IsInteger|IsLoad)
2067500: global: Decode: Decoded ld instruction: 0xeba1ffe8
2067500: system.cpu: A0 T0 : 0x10012570 @_IO_cleanup+768    : ld         r29, -24(r1)    : MemRead :  D=0x0000000000000000 A=0x7fffffffe8c8  flags=(IsInteger|IsLoad)
2067750: global: Decode: Decoded ld instruction: 0xebe1fff8
2067750: system.cpu: A0 T0 : 0x10012574 @_IO_cleanup+772    : ld         r31, -8(r1)     : MemRead :  D=0x0000000010082a40 A=0x7fffffffe8d8  flags=(IsInteger|IsLoad)
2068000: global: Decode: Decoded mtlr instruction: 0x7c0803a6
2068000: system.cpu: A0 T0 : 0x10012578 @_IO_cleanup+776    : mtlr       r0              : IntAlu :  D=0x00000000100082b8  flags=(IsInteger)
2068250: global: Decode: Decoded bclr instruction: 0x4e800020
2068250: system.cpu: A0 T0 : 0x1001257c @_IO_cleanup+780    : bclr       0, 20           : IntAlu :  D=0x000000001000fdf0  flags=(IsInteger|IsControl|IsIndirectControl|IsCondControl|IsReturn)
2068500: global: Decode: Decoded ld instruction: 0xe8410028
2068500: system.cpu: A0 T0 : 0x100082b8 @__run_exit_handlers+792    : ld         r2, 40(r1)      : MemRead :  D=0x00000000100b7d00 A=0x7fffffffe908  flags=(IsInteger|IsLoad)
2068750: global: Decode: Decoded cmpl instruction: 0x7fbff040
2068750: system.cpu: A0 T0 : 0x100082bc @__run_exit_handlers+796    : cmpld      cr7, r31, r30   : IntAlu :  D=0x0000000028000282  flags=(IsInteger)
2069000: global: Decode: Decoded bc instruction: 0x409effe0
2069000: system.cpu: A0 T0 : 0x100082c0 @__run_exit_handlers+800    : bc         30, 4, 0x100082a0 : IntAlu :  D=0x000000001000fdf0  flags=(IsInteger|IsControl|IsDirectControl|IsCondControl)
2069250: global: Decode: Decoded or instruction: 0x7f43d378
2069250: system.cpu: A0 T0 : 0x100082c4 @__run_exit_handlers+804    : mr         r3, r26         : IntAlu :  D=0x0000000000000000  flags=(IsInteger)
2069500: global: Decode: Decoded b instruction: 0x48017df9
2069500: system.cpu: A0 T0 : 0x100082c8 @__run_exit_handlers+808    : bl         _Exit           : IntAlu :  D=0x00000000100082cc  flags=(IsInteger|IsControl|IsDirectControl|IsUncondControl)
2069750: global: Decode: Decoded ori instruction: 0x60000000
2069750: system.cpu: A0 T0 : 0x100200c0 @_exit    : nop                        : IntAlu :  D=0x00000000100082b8  flags=(IsInteger)
2070000: global: Decode: Decoded std instruction: 0xfbe1fff8
2070000: system.cpu: A0 T0 : 0x100200c4 @_exit+4    : std        r31, -8(r1)     : MemWrite :  D=0x0000000010082a40 A=0x7fffffffe8d8  flags=(IsInteger|IsStore)
2070250: global: Decode: Decoded or instruction: 0x7c7f1b78
2070250: system.cpu: A0 T0 : 0x100200c8 @_exit+8    : mr         r31, r3         : IntAlu :  D=0x0000000000000000  flags=(IsInteger)
2070500: global: Decode: Decoded std instruction: 0xfbc1fff0
2070500: system.cpu: A0 T0 : 0x100200cc @_exit+12    : std        r30, -16(r1)    : MemWrite :  D=0x0000000010082a40 A=0x7fffffffe8d0  flags=(IsInteger|IsStore)
2070750: global: Decode: Decoded ori instruction: 0x60000000
2070750: system.cpu: A0 T0 : 0x100200d0 @_exit+16    : nop                        : IntAlu :  D=0x00000000100082b8  flags=(IsInteger)
2071000: global: Decode: Decoded addi instruction: 0x380000ea
2071000: system.cpu: A0 T0 : 0x100200d4 @_exit+20    : li         r0, 234         : IntAlu :  D=0x00000000000000ea  flags=(IsInteger)
2071250: global: Decode: Decoded addi instruction: 0x3bcd9020
2071250: system.cpu: A0 T0 : 0x100200d8 @_exit+24    : subi       r30, r13, 28640 : IntAlu :  D=0x00000000100b4790  flags=(IsInteger)
2071500: global: Decode: Decoded or instruction: 0x7fe3fb78
2071500: system.cpu: A0 T0 : 0x100200dc @_exit+28    : mr         r3, r31         : IntAlu :  D=0x0000000000000000  flags=(IsInteger)
2071750: global: Decode: Decoded sc instruction: 0x44000002
2071750: system.cpu: A0 T0 : 0x100200e0 @_exit+32    : sc                         : IntAlu :   flags=()
